Log file open, 11/11/19 14:32:39
LogWindows: Failed to load 'aqProf.dll' (GetLastError=126)
LogWindows: File 'aqProf.dll' does not exist
LogWindows: Failed to load 'VSPerf140.dll' (GetLastError=126)
LogWindows: File 'VSPerf140.dll' does not exist
LogWindows: Failed to load 'VtuneApi.dll' (GetLastError=126)
LogWindows: File 'VtuneApi.dll' does not exist
LogWindows: Failed to load 'VtuneApi32e.dll' (GetLastError=126)
LogWindows: File 'VtuneApi32e.dll' does not exist
LogInit: Display: Running engine for game: DejaBrew
LogPlatformFile: Not using cached read wrapper
LogTaskGraph: Started task graph with 5 named threads and 23 total threads with 3 sets of task threads.
LogStats: Stats thread started at 0.456470
LogD3D11RHI: Loaded GFSDK_Aftermath_Lib.x64.dll
LogICUInternationalization: Display: ICU TimeZone Detection - Raw Offset: +10:00, Platform Override: ''
LogPluginManager: Mounting plugin Paper2D
LogPluginManager: Mounting plugin AISupport
LogPluginManager: Mounting plugin LightPropagationVolume
LogPluginManager: Mounting plugin CLionSourceCodeAccess
LogPluginManager: Mounting plugin CodeLiteSourceCodeAccess
LogPluginManager: Mounting plugin GitSourceControl
LogPluginManager: Mounting plugin KDevelopSourceCodeAccess
LogPluginManager: Mounting plugin NullSourceCodeAccess
LogPluginManager: Mounting plugin PerforceSourceControl
LogPluginManager: Mounting plugin SubversionSourceControl
LogPluginManager: Mounting plugin UObjectPlugin
LogPluginManager: Mounting plugin VisualStudioCodeSourceCodeAccess
LogPluginManager: Mounting plugin VisualStudioSourceCodeAccess
LogPluginManager: Mounting plugin XCodeSourceCodeAccess
LogPluginManager: Mounting plugin AssetManagerEditor
LogPluginManager: Mounting plugin CryptoKeys
LogPluginManager: Mounting plugin DataValidation
LogPluginManager: Mounting plugin FacialAnimation
LogPluginManager: Mounting plugin GameplayTagsEditor
LogPluginManager: Mounting plugin MacGraphicsSwitching
LogPluginManager: Mounting plugin MeshEditor
LogPluginManager: Mounting plugin MobileLauncherProfileWizard
LogPluginManager: Mounting plugin PluginBrowser
LogPluginManager: Mounting plugin SpeedTreeImporter
LogPluginManager: Mounting plugin DatasmithContent
LogPluginManager: Mounting plugin AlembicImporter
LogPluginManager: Mounting plugin AppleImageUtils
LogPluginManager: Mounting plugin AppleVision
LogPluginManager: Mounting plugin BackChannel
LogPluginManager: Mounting plugin CharacterAI
LogPluginManager: Mounting plugin GeometryCache
LogPluginManager: Mounting plugin HTML5Networking
LogPluginManager: Mounting plugin ProxyLODPlugin
LogPluginManager: Mounting plugin MagicLeap
LogPluginManager: Mounting plugin MagicLeapEmulator
LogPluginManager: Mounting plugin MagicLeapMedia
LogPluginManager: Mounting plugin AndroidMedia
LogPluginManager: Mounting plugin AvfMedia
LogPluginManager: Mounting plugin ImgMedia
LogPluginManager: Mounting plugin LinearTimecode
LogPluginManager: Mounting plugin MediaCompositing
LogPluginManager: Mounting plugin MediaPlayerEditor
LogPluginManager: Mounting plugin WmfMedia
LogPluginManager: Mounting plugin TcpMessaging
LogPluginManager: Mounting plugin UdpMessaging
LogPluginManager: Mounting plugin ActorSequence
LogPluginManager: Mounting plugin LevelSequenceEditor
LogPluginManager: Mounting plugin MatineeToLevelSequence
LogPluginManager: Mounting plugin NetcodeUnitTest
LogPluginManager: Mounting plugin NUTUnrealEngine4
LogPluginManager: Mounting plugin OnlineSubsystemGooglePlay
LogPluginManager: Mounting plugin OnlineSubsystemIOS
LogPluginManager: Mounting plugin OnlineSubsystem
LogPluginManager: Mounting plugin OnlineSubsystemNull
LogPluginManager: Mounting plugin OnlineSubsystemUtils
LogPluginManager: Mounting plugin LauncherChunkInstaller
LogPluginManager: Mounting plugin AndroidDeviceProfileSelector
LogPluginManager: Mounting plugin AndroidMoviePlayer
LogPluginManager: Mounting plugin AndroidPermission
LogPluginManager: Mounting plugin AppleMoviePlayer
LogPluginManager: Mounting plugin ArchVisCharacter
LogPluginManager: Mounting plugin AudioCapture
LogPluginManager: Mounting plugin CableComponent
LogPluginManager: Mounting plugin CustomMeshComponent
LogPluginManager: Mounting plugin EditableMesh
LogPluginManager: Mounting plugin ExampleDeviceProfileSelector
LogPluginManager: Mounting plugin GoogleCloudMessaging
LogPluginManager: Mounting plugin ImmediatePhysics
LogPluginManager: Mounting plugin IOSDeviceProfileSelector
LogPluginManager: Mounting plugin LinuxDeviceProfileSelector
LogPluginManager: Mounting plugin LocationServicesBPLibrary
LogPluginManager: Mounting plugin MobilePatchingUtils
LogPluginManager: Mounting plugin OculusVR
LogPluginManager: Plugin shader directory ../../../Engine/Plugins/Runtime/Oculus/OculusVR/Shaders found
LogPluginManager: Mapping shader source directory ../../../Engine/Plugins/Runtime/Oculus/OculusVR/Shaders to virtual directory /Plugin/OculusVR
LogPluginManager: Mounting plugin PhysXVehicles
LogPluginManager: Mounting plugin ProceduralMeshComponent
LogPluginManager: Mounting plugin RuntimePhysXCooking
LogPluginManager: Mounting plugin SteamVR
LogPluginManager: Mounting plugin WindowsMoviePlayer
LogStreaming: Display: Took  0.112s to configure plugins.
LogInit: Using libcurl 7.55.1-DEV
LogInit:  - built for x86_64-pc-win32
LogInit:  - supports SSL with OpenSSL/1.0.2h
LogInit:  - supports HTTP deflate (compression) using libz 1.2.8
LogInit:  - other features:
LogInit:      CURL_VERSION_SSL
LogInit:      CURL_VERSION_LIBZ
LogInit:      CURL_VERSION_IPV6
LogInit:      CURL_VERSION_ASYNCHDNS
LogInit:      CURL_VERSION_LARGEFILE
LogInit:      CURL_VERSION_IDN
LogInit:  CurlRequestOptions (configurable via config and command line):
LogInit:  - bVerifyPeer = false  - Libcurl will NOT verify peer certificate
LogInit:  - bUseHttpProxy = false  - Libcurl will NOT use HTTP proxy
LogInit:  - bDontReuseConnections = false  - Libcurl will reuse connections
LogInit:  - CertBundlePath = nullptr  - Libcurl will use whatever was configured at build time.
LogInit:  - MaxHostConnections = 16  - Libcurl will limit the number of connections to a host
LogInit:  - LocalHostAddr = Default
LogInit:  - BufferSize = 65536
LogInit: WinSock: version 1.1 (2.2), MaxSocks=32767, MaxUdp=65467
LogInit: Build: ++UE4+Release-4.20-CL-4369336
LogInit: Engine Version: 4.20.3-4369336+++UE4+Release-4.20
LogInit: Compatible Engine Version: 4.20.0-4212847+++UE4+Release-4.20
LogInit: Net CL: 4212847
LogInit: OS: Windows 10 (), CPU: Intel(R) Core(TM) i7-6700 CPU @ 3.40GHz, GPU: NVIDIA GeForce GTX 960
LogInit: Compiled (64-bit): Sep 17 2018 12:26:19
LogInit: Compiled with Visual C++: 19.13.26129.00
LogInit: Build Configuration: Development
LogInit: Branch Name: ++UE4+Release-4.20
LogInit: Command Line:  -skipcompile
LogInit: Base Directory: C:/Program Files/Epic Games/UE_4.20/Engine/Binaries/Win64/
LogInit: Installed Engine Build: 1
LogDevObjectVersion: Number of dev versions registered: 20
LogDevObjectVersion:   Dev-Blueprints (B0D832E4-1F89-4F0D-ACCF-7EB736FD4AA2): 10
LogDevObjectVersion:   Dev-Build (E1C64328-A22C-4D53-A36C-8E866417BD8C): 0
LogDevObjectVersion:   Dev-Core (375EC13C-06E4-48FB-B500-84F0262A717E): 2
LogDevObjectVersion:   Dev-Editor (E4B068ED-F494-42E9-A231-DA0B2E46BB41): 24
LogDevObjectVersion:   Dev-Framework (CFFC743F-43B0-4480-9391-14DF171D2073): 34
LogDevObjectVersion:   Dev-Mobile (B02B49B5-BB20-44E9-A304-32B752E40360): 2
LogDevObjectVersion:   Dev-Networking (A4E4105C-59A1-49B5-A7C5-40C4547EDFEE): 0
LogDevObjectVersion:   Dev-Online (39C831C9-5AE6-47DC-9A44-9C173E1C8E7C): 0
LogDevObjectVersion:   Dev-Physics (78F01B33-EBEA-4F98-B9B4-84EACCB95AA2): 0
LogDevObjectVersion:   Dev-Platform (6631380F-2D4D-43E0-8009-CF276956A95A): 0
LogDevObjectVersion:   Dev-Rendering (12F88B9F-8875-4AFC-A67C-D90C383ABD29): 26
LogDevObjectVersion:   Dev-Sequencer (7B5AE74C-D270-4C10-A958-57980B212A5A): 9
LogDevObjectVersion:   Dev-VR (D7296918-1DD6-4BDD-9DE2-64A83CC13884): 2
LogDevObjectVersion:   Dev-LoadTimes (C2A15278-BFE7-4AFE-6C17-90FF531DF755): 1
LogDevObjectVersion:   Private-Geometry (6EACA3D4-40EC-4CC1-B786-8BED09428FC5): 3
LogDevObjectVersion:   Dev-AnimPhys (29E575DD-E0A3-4627-9D10-D276232CDCEA): 17
LogDevObjectVersion:   Dev-ReflectionCapture (6B266CEC-1EC7-4B8F-A30B-E4D90942FC07): 1
LogDevObjectVersion:   Dev-Automation (0DF73D61-A23F-47EA-B727-89E90C41499A): 1
LogDevObjectVersion:   FortniteMain (601D1886-AC64-4F84-AA16-D3DE0DEAC7D6): 12
LogDevObjectVersion:   Dev-Enterprise (9DFFBCD6-494F-0158-E221-12823C92A888): 1
LogStreaming: Display: Took  0.003s to delete old logs.
LogInit: Presizing for max 8388607 objects, including 0 objects not considered by GC, pre-allocating 0 bytes for permanent pool.
LogInit: Object subsystem initialized
[2019.11.11-03.32.39:756][  0]LogInit: Selected Device Profile: [Windows]
[2019.11.11-03.32.39:756][  0]LogInit: Applying CVar settings loaded from the selected device profile: [Windows]
[2019.11.11-03.32.39:772][  0]LogHAL: Display: Platform has ~ 32 GB [34293071872 / 34359738368 / 32], which maps to Largest [LargestMinGB=32, LargerMinGB=12, DefaultMinGB=8, SmallerMinGB=6, SmallestMinGB=0)
[2019.11.11-03.32.39:773][  0]LogInit: Setting Device Profile CVar: [[r.Vulkan.UseRealUBs:1]]
[2019.11.11-03.32.39:773][  0]LogInit: Going up to parent DeviceProfile []
[2019.11.11-03.32.39:773][  0]LogInit: Computer: SYD-4DE60A
[2019.11.11-03.32.39:773][  0]LogInit: User: s181813
[2019.11.11-03.32.39:773][  0]LogInit: CPU Page size=4096, Cores=4
[2019.11.11-03.32.39:773][  0]LogInit: High frequency timer resolution =3.328119 MHz
[2019.11.11-03.32.39:774][  0]LogMemory: Memory total: Physical=31.9GB (32GB approx)
[2019.11.11-03.32.39:774][  0]LogMemory: Platform Memory Stats for Windows
[2019.11.11-03.32.39:774][  0]LogMemory: Process Physical Memory: 101.85 MB used, 101.85 MB peak
[2019.11.11-03.32.39:774][  0]LogMemory: Process Virtual Memory: 89.58 MB used, 89.58 MB peak
[2019.11.11-03.32.39:774][  0]LogMemory: Physical Memory: 10118.42 MB used,  22586.00 MB free, 32704.42 MB total
[2019.11.11-03.32.39:774][  0]LogMemory: Virtual Memory: 4639.47 MB used,  22586.00 MB free, 134217728.00 MB total
[2019.11.11-03.32.39:878][  0]LogInit: Using OS detected language (en-US).
[2019.11.11-03.32.39:878][  0]LogInit: Using OS detected locale (en-US).
[2019.11.11-03.32.39:879][  0]LogTextLocalizationManager: No specific localization for 'en-US' exists, so the 'en' localization will be used.
[2019.11.11-03.32.40:315][  0]LogStreaming: Display: Took  0.437s to InitEngineTextLocalization.
[2019.11.11-03.32.40:316][  0]LogInit: Setting process to per monitor DPI aware
[2019.11.11-03.32.40:372][  0]LogSlate: New Slate User Created.  User Index 0, Is Virtual User: 0
[2019.11.11-03.32.40:373][  0]LogSlate: Slate User Registered.  User Index 0, Is Virtual User: 0
[2019.11.11-03.32.40:637][  0]LogHMD: Failed to initialize OpenVR with code 110
[2019.11.11-03.32.40:637][  0]LogD3D11RHI: D3D11 adapters:
[2019.11.11-03.32.40:700][  0]LogD3D11RHI:    0. 'NVIDIA GeForce GTX 960' (Feature Level 11_0)
[2019.11.11-03.32.40:700][  0]LogD3D11RHI:       4053/0/16352 MB DedicatedVideo/DedicatedSystem/SharedSystem, Outputs:2, VendorId:0x10de
[2019.11.11-03.32.40:704][  0]LogD3D11RHI:    1. 'Microsoft Basic Render Driver' (Feature Level 11_0)
[2019.11.11-03.32.40:704][  0]LogD3D11RHI:       0/0/16352 MB DedicatedVideo/DedicatedSystem/SharedSystem, Outputs:0, VendorId:0x1414
[2019.11.11-03.32.40:704][  0]LogD3D11RHI: Chosen D3D11 Adapter: 0
[2019.11.11-03.32.40:710][  0]LogD3D11RHI: Creating new Direct3DDevice
[2019.11.11-03.32.40:710][  0]LogD3D11RHI:     GPU DeviceId: 0x1401 (for the marketing name, search the web for "GPU Device Id")
[2019.11.11-03.32.40:710][  0]LogWindows: EnumDisplayDevices:
[2019.11.11-03.32.40:710][  0]LogWindows:    0. 'NVIDIA GeForce GTX 960' (P:1 D:1)
[2019.11.11-03.32.40:711][  0]LogWindows:    1. 'NVIDIA GeForce GTX 960' (P:0 D:1)
[2019.11.11-03.32.40:711][  0]LogWindows:    2. 'NVIDIA GeForce GTX 960' (P:0 D:0)
[2019.11.11-03.32.40:711][  0]LogWindows:    3. 'NVIDIA GeForce GTX 960' (P:0 D:0)
[2019.11.11-03.32.40:711][  0]LogWindows: DebugString: FoundDriverCount:4 
[2019.11.11-03.32.40:712][  0]LogD3D11RHI:     Adapter Name: NVIDIA GeForce GTX 960
[2019.11.11-03.32.40:712][  0]LogD3D11RHI:   Driver Version: 417.35 (internal:25.21.14.1735, unified:417.35)
[2019.11.11-03.32.40:712][  0]LogD3D11RHI:      Driver Date: 12-11-2018
[2019.11.11-03.32.40:712][  0]LogRHI: Texture pool is 2837 MB (70% of 4053 MB)
[2019.11.11-03.32.40:748][  0]LogD3D11RHI: Async texture creation enabled
[2019.11.11-03.32.40:764][  0]LogD3D11RHI: GPU Timing Frequency: 1000.000000 (Debug: 2 2)
[2019.11.11-03.32.40:766][  0]LogShaderCompilers: Guid format shader working directory is -36 characters bigger than the processId version (../../../../../../Users/s181813/Documents/GitHub/Chicken-Crimpy-Repository/DejaBrew/Intermediate/Shaders/WorkingDirectory/12016/).
[2019.11.11-03.32.40:767][  0]LogShaderCompilers: Cleaned the shader compiler working directory 'C:/Users/s181813/AppData/Local/Temp/UnrealShaderWorkingDir/5A14E76A48E48E83BE6F7595FD379594/'.
[2019.11.11-03.32.40:962][  0]LogTemp: Display: Loaded TP AllDesktopTargetPlatform
[2019.11.11-03.32.40:974][  0]LogTemp: Display: Loaded TP MacClientTargetPlatform
[2019.11.11-03.32.40:987][  0]LogTemp: Display: Loaded TP MacNoEditorTargetPlatform
[2019.11.11-03.32.41:002][  0]LogTemp: Display: Loaded TP MacServerTargetPlatform
[2019.11.11-03.32.41:017][  0]LogTemp: Display: Loaded TP MacTargetPlatform
[2019.11.11-03.32.41:031][  0]LogTemp: Display: Loaded TP WindowsClientTargetPlatform
[2019.11.11-03.32.41:045][  0]LogTemp: Display: Loaded TP WindowsNoEditorTargetPlatform
[2019.11.11-03.32.41:060][  0]LogTemp: Display: Loaded TP WindowsServerTargetPlatform
[2019.11.11-03.32.41:067][  0]LogTemp: Display: Loaded TP WindowsTargetPlatform
[2019.11.11-03.32.41:137][  0]LogTemp: Display: Loaded TP AndroidTargetPlatform
[2019.11.11-03.32.41:137][  0]LogTemp: Display: Loaded TP AndroidTargetPlatform
[2019.11.11-03.32.41:137][  0]LogTemp: Display: Loaded TP AndroidTargetPlatform
[2019.11.11-03.32.41:138][  0]LogTemp: Display: Loaded TP AndroidTargetPlatform
[2019.11.11-03.32.41:138][  0]LogTemp: Display: Loaded TP AndroidTargetPlatform
[2019.11.11-03.32.41:138][  0]LogTemp: Display: Loaded TP AndroidTargetPlatform
[2019.11.11-03.32.41:138][  0]LogTemp: Display: Loaded TP AndroidTargetPlatform
[2019.11.11-03.32.41:138][  0]LogTemp: Display: Loaded TP AndroidTargetPlatform
[2019.11.11-03.32.41:138][  0]LogTemp: Display: Loaded TP AndroidTargetPlatform
[2019.11.11-03.32.41:138][  0]LogTemp: Display: Loaded TP AndroidTargetPlatform
[2019.11.11-03.32.41:138][  0]LogTemp: Display: Loaded TP AndroidTargetPlatform
[2019.11.11-03.32.41:138][  0]LogTemp: Display: Loaded TP AndroidTargetPlatform
[2019.11.11-03.32.41:138][  0]LogTemp: Display: Loaded TP AndroidTargetPlatform
[2019.11.11-03.32.41:139][  0]LogTemp: Display: Loaded TP AndroidTargetPlatform
[2019.11.11-03.32.41:139][  0]LogTemp: Display: Loaded TP AndroidTargetPlatform
[2019.11.11-03.32.41:139][  0]LogTemp: Display: Loaded TP AndroidTargetPlatform
[2019.11.11-03.32.41:139][  0]LogTemp: Display: Loaded TP AndroidTargetPlatform
[2019.11.11-03.32.41:139][  0]LogTemp: Display: Loaded TP AndroidTargetPlatform
[2019.11.11-03.32.41:142][  0]LogTemp: Display: Loaded TP HTML5TargetPlatform
[2019.11.11-03.32.41:207][  0]LogTemp: Display: Loaded TP IOSTargetPlatform
[2019.11.11-03.32.41:208][  0]LogTemp: Display: Loaded TP IOSTargetPlatform
[2019.11.11-03.32.41:233][  0]LogTemp: Display: Loaded TP TVOSTargetPlatform
[2019.11.11-03.32.41:233][  0]LogTemp: Display: Loaded TP TVOSTargetPlatform
[2019.11.11-03.32.41:248][  0]LogTemp: Display: Loaded TP LinuxClientTargetPlatform
[2019.11.11-03.32.41:261][  0]LogTemp: Display: Loaded TP LinuxNoEditorTargetPlatform
[2019.11.11-03.32.41:275][  0]LogTemp: Display: Loaded TP LinuxServerTargetPlatform
[2019.11.11-03.32.41:289][  0]LogTemp: Display: Loaded TP LinuxTargetPlatform
[2019.11.11-03.32.41:299][  0]LogTemp: Display: Loaded TP LuminTargetPlatform
[2019.11.11-03.32.41:300][  0]LogTargetPlatformManager: Display: Building Assets For Windows
[2019.11.11-03.32.41:388][  0]LogXGEController: Cannot use XGE Controller as Incredibuild is not installed on this machine.
[2019.11.11-03.32.41:388][  0]LogShaderCompilers: Cannot use XGE Shader Compiler as Incredibuild is not installed on this machine.
[2019.11.11-03.32.41:388][  0]LogShaderCompilers: Display: Using Local Shader Compiler.
[2019.11.11-03.32.42:010][  0]LogDerivedDataCache: Display: Max Cache Size: 512 MB
[2019.11.11-03.32.42:061][  0]LogDerivedDataCache: Loaded boot cache 0.05s 80MB C:/Users/s181813/AppData/Local/UnrealEngine/4.20/DerivedDataCache/Boot.ddc.
[2019.11.11-03.32.42:062][  0]LogDerivedDataCache: Display: Loaded Boot cache: C:/Users/s181813/AppData/Local/UnrealEngine/4.20/DerivedDataCache/Boot.ddc
[2019.11.11-03.32.42:062][  0]LogDerivedDataCache: FDerivedDataBackendGraph:  Pak pak cache file ../../../../../../Users/s181813/Documents/GitHub/Chicken-Crimpy-Repository/DejaBrew/DerivedDataCache/DDC.ddp not found, will not use a pak cache.
[2019.11.11-03.32.42:062][  0]LogDerivedDataCache: Unable to find inner node Pak for hierarchical cache Hierarchy.
[2019.11.11-03.32.42:062][  0]LogDerivedDataCache: FDerivedDataBackendGraph:  CompressedPak pak cache file ../../../../../../Users/s181813/Documents/GitHub/Chicken-Crimpy-Repository/DejaBrew/DerivedDataCache/Compressed.ddp not found, will not use a pak cache.
[2019.11.11-03.32.42:062][  0]LogDerivedDataCache: Unable to find inner node CompressedPak for hierarchical cache Hierarchy.
[2019.11.11-03.32.42:074][  0]LogDerivedDataCache: Display: Pak cache opened for reading ../../../Engine/DerivedDataCache/Compressed.ddp.
[2019.11.11-03.32.42:087][  0]LogDerivedDataCache: Using Local data cache path C:/Users/s181813/AppData/Local/UnrealEngine/Common/DerivedDataCache: Writable
[2019.11.11-03.32.42:087][  0]LogDerivedDataCache: Shared data cache path not found in *engine.ini, will not use an Shared cache.
[2019.11.11-03.32.42:087][  0]LogDerivedDataCache: Unable to find inner node Shared for hierarchical cache Hierarchy.
[2019.11.11-03.32.42:103][  0]LogMaterial: Verifying Global Shaders for PCD3D_SM5
[2019.11.11-03.32.42:105][  0]LogSlate: Using FreeType 2.6.0
[2019.11.11-03.32.42:106][  0]LogSlate: SlateFontServices - WITH_FREETYPE: 1, WITH_HARFBUZZ: 1
[2019.11.11-03.32.42:175][  0]LogAssetRegistry: FAssetRegistry took 0.0281 seconds to start up
[2019.11.11-03.32.42:457][  0]LogInit: Selected Device Profile: [Windows]
[2019.11.11-03.32.42:605][  0]LogSimplygon: Simplygon DLL not present - disabling.
[2019.11.11-03.32.42:612][  0]LogMeshReduction: Using SimplygonSwarm for distributed automatic mesh merging
[2019.11.11-03.32.42:612][  0]LogMeshReduction: Using ProxyLODMeshReduction for automatic mesh merging
[2019.11.11-03.32.42:612][  0]LogMeshReduction: Using QuadricMeshReduction for automatic static mesh reduction
[2019.11.11-03.32.42:612][  0]LogMeshReduction: No automatic skeletal mesh reduction module available
[2019.11.11-03.32.42:628][  0]LogNetVersion: DejaBrew 1.0.0, NetCL: 4212847, EngineNetVer: 5, GameNetVer: 0 (Checksum: 719251921)
[2019.11.11-03.32.43:132][  0]LogPackageLocalizationCache: Processed 11 localized package path(s) for 2 prioritized culture(s) in 0.123304 seconds
[2019.11.11-03.32.43:139][  0]LogUObjectArray: 38425 objects as part of root set at end of initial load.
[2019.11.11-03.32.43:139][  0]LogUObjectAllocator: 6690872 out of 0 bytes used by permanent object pool.
[2019.11.11-03.32.43:139][  0]LogUObjectArray: CloseDisregardForGC: 0/0 objects in disregard for GC pool
[2019.11.11-03.32.43:980][  0]LogTcpMessaging: Initializing TcpMessaging bridge
[2019.11.11-03.32.43:996][  0]LogUdpMessaging: Initializing bridge on interface 0.0.0.0:0 to multicast group 230.0.0.1:6666.
[2019.11.11-03.32.44:406][  0]SourceControl: Source control is disabled
[2019.11.11-03.32.44:406][  0]SourceControl: Source control is disabled
[2019.11.11-03.32.44:409][  0]SourceControl: Source control is disabled
[2019.11.11-03.32.44:412][  0]SourceControl: Source control is disabled
[2019.11.11-03.32.44:654][  0]LogAndroidPermission: UAndroidPermissionCallbackProxy::GetInstance
[2019.11.11-03.32.44:739][  0]LogOcInput: OculusInput pre-init called
[2019.11.11-03.32.44:802][  0]LogEngine: Initializing Engine...
[2019.11.11-03.32.44:803][  0]LogHMD: Failed to initialize OpenVR with code 110
[2019.11.11-03.32.44:805][  0]LogStats: UGameplayTagsManager::ConstructGameplayTagTree: ImportINI prefixes -  0.000 s
[2019.11.11-03.32.44:805][  0]LogStats: UGameplayTagsManager::ConstructGameplayTagTree: Construct from data asset -  0.000 s
[2019.11.11-03.32.44:805][  0]LogStats: UGameplayTagsManager::ConstructGameplayTagTree: ImportINI -  0.000 s
[2019.11.11-03.32.44:805][  0]LogStats: UGameplayTagsManager::ConstructGameplayTagTree: GameplayTagTreeChangedEvent.Broadcast -  0.000 s
[2019.11.11-03.32.44:988][  0]LogInit: Initializing FReadOnlyCVARCache
[2019.11.11-03.32.45:000][  0]LogAIModule: Creating AISystem for world Untitled
[2019.11.11-03.32.45:017][  0]LogInit: XAudio2 using 'Speakers (Realtek High Definition Audio)' : 2 channels at 48 kHz using 32 bits per sample (channel mask 0x3)
[2019.11.11-03.32.45:050][  0]LogInit: FAudioDevice initialized.
[2019.11.11-03.32.45:050][  0]LogNetVersion: Set ProjectVersion to 1.0.0.0. Version Checksum will be recalculated on next use.
[2019.11.11-03.32.45:129][  0]LogDerivedDataCache: Saved boot cache 0.08s 80MB C:/Users/s181813/AppData/Local/UnrealEngine/4.20/DerivedDataCache/Boot.ddc.
[2019.11.11-03.32.45:135][  0]LogInit: Texture streaming: Enabled
[2019.11.11-03.32.45:158][  0]LogEngineSessionManager: EngineSessionManager initialized
[2019.11.11-03.32.45:158][  0]LogEngineSessionManager: EngineSessionManager sent abnormal shutdown report. Type=Debugger, SessionId={250F4F39-45B0-785A-D1B6-9083D48F1A14}
[2019.11.11-03.32.45:166][  0]LogInit: Transaction tracking system initialized
[2019.11.11-03.32.45:195][  0]BlueprintLog: New page: Editor Load
[2019.11.11-03.32.45:375][  0]LocalizationService: Localization service is disabled
[2019.11.11-03.32.45:636][  0]LogCook: Display: Max memory allowance for cook 16384mb min free memory 0mb
[2019.11.11-03.32.45:636][  0]LogCook: Display: Mobile HDR setting 1
[2019.11.11-03.32.45:637][  0]LogGameplayTags: Display: UGameplayTagsManager::DoneAddingNativeTags. DelegateIsBound: 0
[2019.11.11-03.32.45:637][  0]LogStats: UGameplayTagsManager::ConstructGameplayTagTree: ImportINI prefixes -  0.000 s
[2019.11.11-03.32.45:637][  0]LogStats: UGameplayTagsManager::ConstructGameplayTagTree: Construct from data asset -  0.000 s
[2019.11.11-03.32.45:637][  0]LogStats: UGameplayTagsManager::ConstructGameplayTagTree: ImportINI -  0.000 s
[2019.11.11-03.32.45:637][  0]LogStats: UGameplayTagsManager::ConstructGameplayTagTree: GameplayTagTreeChangedEvent.Broadcast -  0.000 s
[2019.11.11-03.32.45:789][  0]LogFileCache: Scanning file cache for directory 'C:/Users/s181813/Documents/GitHub/Chicken-Crimpy-Repository/DejaBrew/Content/' took 0.01s
[2019.11.11-03.32.45:789][  0]SourceControl: Source control is disabled
[2019.11.11-03.32.45:789][  0]Cmd: MAP LOAD FILE="../../../../../../Users/s181813/Documents/GitHub/Chicken-Crimpy-Repository/DejaBrew/Content/SideScrollerCPP/Maps/SideScrollerExampleMap.umap" TEMPLATE=0 SHOWPROGRESS=1 FEATURELEVEL=3
[2019.11.11-03.32.45:790][  0]LightingResults: New page: Lighting Build
[2019.11.11-03.32.45:792][  0]MapCheck: New page: Map Check
[2019.11.11-03.32.45:792][  0]LightingResults: New page: Lighting Build
[2019.11.11-03.32.45:969][  0]LogAIModule: Creating AISystem for world SideScrollerExampleMap
[2019.11.11-03.32.45:985][  0]LogEditorServer: Finished looking for orphan Actors (0.000 secs)
[2019.11.11-03.32.46:007][  0]Cmd: MAP CHECKDEP NOCLEARLOG
[2019.11.11-03.32.46:059][  0]MapCheck: Map check complete: 0 Error(s), 0 Warning(s), took 51.752ms to complete.
[2019.11.11-03.32.46:060][  0]LogFileHelpers: Loading map 'SideScrollerExampleMap' took 0.271
[2019.11.11-03.32.46:161][  0]LogSlate: Updating window title bar state: overlay mode, drag disabled, window buttons hidden, title bar hidden
[2019.11.11-03.32.46:170][  0]LogSlate: Updating window title bar state: overlay mode, drag disabled, window buttons hidden, title bar hidden
[2019.11.11-03.32.46:177][  0]LogSlate: Updating window title bar state: overlay mode, drag disabled, window buttons hidden, title bar hidden
[2019.11.11-03.32.46:183][  0]LogSlate: Updating window title bar state: overlay mode, drag disabled, window buttons hidden, title bar hidden
[2019.11.11-03.32.46:190][  0]LogCollectionManager: Loaded 0 collections in 0.001343 seconds
[2019.11.11-03.32.46:237][  0]LogFileCache: Scanning file cache for directory 'C:/Users/s181813/Documents/GitHub/Chicken-Crimpy-Repository/DejaBrew/Saved/Collections/' took 0.01s
[2019.11.11-03.32.46:238][  0]LogFileCache: Scanning file cache for directory 'C:/Users/s181813/Documents/GitHub/Chicken-Crimpy-Repository/DejaBrew/Content/Developers/s181813/Collections/' took 0.01s
[2019.11.11-03.32.46:238][  0]LogFileCache: Scanning file cache for directory 'C:/Users/s181813/Documents/GitHub/Chicken-Crimpy-Repository/DejaBrew/Content/Collections/' took 0.01s
[2019.11.11-03.32.46:238][  0]LogCollectionManager: Rebuilt the GUID cache for 0 collections in 0.000000 seconds
[2019.11.11-03.32.46:247][  0]LogContentBrowser: Native class hierarchy populated in 0.0083 seconds. Added 2577 classes and 605 folders.
[2019.11.11-03.32.46:251][  0]LogContentBrowser: Native class hierarchy updated for 'WidgetCarousel' in 0.0002 seconds. Added 0 classes and 0 folders.
[2019.11.11-03.32.46:282][  0]LogContentBrowser: Native class hierarchy updated for 'AddContentDialog' in 0.0003 seconds. Added 0 classes and 0 folders.
[2019.11.11-03.32.46:287][  0]LogContentBrowser: Native class hierarchy updated for 'SceneOutliner' in 0.0003 seconds. Added 1 classes and 2 folders.
[2019.11.11-03.32.47:169][  0]LogSlate: Only BGRA pngs, bmps or icos are supported in by External Image Picker
[2019.11.11-03.32.47:195][  0]LogTemp: Executing iPhonePackager certificates Engine -bundlename com.YourCompany.DejaBrew
[2019.11.11-03.32.47:195][  0]LogTemp: CWD: C:\Program Files\Epic Games\UE_4.20\Engine\Binaries\DotNET\IOS
[2019.11.11-03.32.47:195][  0]LogTemp: Initial Dir: C:\Program Files\Epic Games\UE_4.20
[2019.11.11-03.32.47:195][  0]LogTemp: Env CWD: C:\Program Files\Epic Games\UE_4.20\Engine\Binaries\DotNET\IOS
[2019.11.11-03.32.47:195][  0]LogSlate: Took 0.000211 seconds to synchronously load lazily loaded font '../../../Engine/Content/Slate/Fonts/Roboto-Regular.ttf' (155K)
[2019.11.11-03.32.47:197][  0]LogSlate: Took 0.000201 seconds to synchronously load lazily loaded font '../../../Engine/Content/Slate/Fonts/Roboto-Bold.ttf' (160K)
[2019.11.11-03.32.47:203][  0]LogTemp: BranchPath = SYD-4DE60A/C/Program Files/Epic Games/UE_4.20/Engine/Binaries --- GameBranchPath = SYD-4DE60A/C/Program Files/Epic Games/UE_4.20/Engine/Binaries
[2019.11.11-03.32.47:203][  0]LogSlate: Took 0.000181 seconds to synchronously load lazily loaded font '../../../Engine/Content/Editor/Slate/Fonts/FontAwesome.ttf' (139K)
[2019.11.11-03.32.47:293][  0]LogTemp: IPP ERROR: Could not find provision directory 'C:\Users\s181813\AppData\Local/Apple Computer/MobileDevice/Provisioning Profiles/'.
[2019.11.11-03.32.47:294][  0]LogRenderer: Reallocating scene render targets to support 1068x576 Format 10 NumSamples 1 (Frame:1).
[2019.11.11-03.32.47:471][  0]LogContentBrowser: Native class hierarchy updated for 'HierarchicalLODOutliner' in 0.0003 seconds. Added 0 classes and 0 folders.
[2019.11.11-03.32.47:472][  0]LogLoad: (Engine Initialization) Total time: 9.40 seconds
[2019.11.11-03.32.47:472][  0]LogLoad: (Engine Initialization) Total Blueprint compile time: 0.00 seconds
[2019.11.11-03.32.47:510][  0]LogContentStreaming: Texture pool size now 1000 MB
[2019.11.11-03.32.47:536][  0]LogSlate: Took 0.000142 seconds to synchronously load lazily loaded font '../../../Engine/Content/Slate/Fonts/Roboto-Light.ttf' (167K)
[2019.11.11-03.32.47:561][  1]LogAssetRegistry: Asset discovery search completed in 5.4100 seconds
[2019.11.11-03.32.47:564][  1]LogCollectionManager: Rebuilt the object cache for 0 collections in 0.000001 seconds (found 0 objects)
[2019.11.11-03.32.47:564][  1]LogCollectionManager: Fixed up redirectors for 0 collections in 0.000184 seconds (updated 0 objects)
[2019.11.11-03.33.17:317][393]LogSlate: FSceneViewport::OnFocusLost() reason 0
[2019.11.11-03.33.17:450][409]LogTemp: Repeating last play command: Selected Viewport
[2019.11.11-03.33.17:470][409]LogBlueprintUserMessages: Early PlayInEditor Detection: Level '/Game/SideScrollerCPP/Maps/SideScrollerExampleMap.SideScrollerExampleMap:PersistentLevel' has LevelScriptBlueprint '/Game/SideScrollerCPP/Maps/SideScrollerExampleMap.SideScrollerExampleMap:PersistentLevel.SideScrollerExampleMap' with GeneratedClass '/Game/SideScrollerCPP/Maps/SideScrollerExampleMap.SideScrollerExampleMap_C' with ClassGeneratedBy '/Game/SideScrollerCPP/Maps/SideScrollerExampleMap.SideScrollerExampleMap:PersistentLevel.SideScrollerExampleMap'
[2019.11.11-03.33.17:470][409]LogPlayLevel: PlayLevel: No blueprints needed recompiling
[2019.11.11-03.33.17:484][409]PIE: New page: PIE session: SideScrollerExampleMap (Nov 12, 2019, 1:33:17 AM)
[2019.11.11-03.33.17:485][409]LogPlayLevel: Creating play world package: /Game/SideScrollerCPP/Maps/UEDPIE_0_SideScrollerExampleMap
[2019.11.11-03.33.17:507][409]LogPlayLevel: PIE: StaticDuplicateObject took: (0.022092s)
[2019.11.11-03.33.17:508][409]LogAIModule: Creating AISystem for world SideScrollerExampleMap
[2019.11.11-03.33.17:508][409]LogPlayLevel: PIE: World Init took: (0.000949s)
[2019.11.11-03.33.17:508][409]LogPlayLevel: PIE: Created PIE world by copying editor world from /Game/SideScrollerCPP/Maps/SideScrollerExampleMap.SideScrollerExampleMap to /Game/SideScrollerCPP/Maps/UEDPIE_0_SideScrollerExampleMap.SideScrollerExampleMap (0.023519s)
[2019.11.11-03.33.17:538][409]LogInit: XAudio2 using 'Speakers (Realtek High Definition Audio)' : 2 channels at 48 kHz using 32 bits per sample (channel mask 0x3)
[2019.11.11-03.33.17:552][409]LogInit: FAudioDevice initialized.
[2019.11.11-03.33.17:597][409]LogLoad: Game class is 'DejaBrewGameMode'
[2019.11.11-03.33.17:602][409]LogWorld: Bringing World /Game/SideScrollerCPP/Maps/UEDPIE_0_SideScrollerExampleMap.SideScrollerExampleMap up for play (max tick rate 0) at 2019.11.11-14.33.17
[2019.11.11-03.33.17:603][409]LogWorld: Bringing up level for play took: 0.003338
[2019.11.11-03.33.17:620][409]LogContentBrowser: Native class hierarchy updated for 'MovieSceneCapture' in 0.0003 seconds. Added 10 classes and 0 folders.
[2019.11.11-03.33.17:647][409]PIE: Play in editor start time for /Game/SideScrollerCPP/Maps/UEDPIE_0_SideScrollerExampleMap -0.037
[2019.11.11-03.33.17:648][409]LogBlueprintUserMessages: Late PlayInEditor Detection: Level '/Game/SideScrollerCPP/Maps/SideScrollerExampleMap.SideScrollerExampleMap:PersistentLevel' has LevelScriptBlueprint '/Game/SideScrollerCPP/Maps/SideScrollerExampleMap.SideScrollerExampleMap:PersistentLevel.SideScrollerExampleMap' with GeneratedClass '/Game/SideScrollerCPP/Maps/SideScrollerExampleMap.SideScrollerExampleMap_C' with ClassGeneratedBy '/Game/SideScrollerCPP/Maps/SideScrollerExampleMap.SideScrollerExampleMap:PersistentLevel.SideScrollerExampleMap'
[2019.11.11-03.33.19:276][599]LogBlueprintUserMessages: Early EndPlayMap Detection: Level '/Game/SideScrollerCPP/Maps/SideScrollerExampleMap.SideScrollerExampleMap:PersistentLevel' has LevelScriptBlueprint '/Game/SideScrollerCPP/Maps/SideScrollerExampleMap.SideScrollerExampleMap:PersistentLevel.SideScrollerExampleMap' with GeneratedClass '/Game/SideScrollerCPP/Maps/SideScrollerExampleMap.SideScrollerExampleMap_C' with ClassGeneratedBy '/Game/SideScrollerCPP/Maps/SideScrollerExampleMap.SideScrollerExampleMap:PersistentLevel.SideScrollerExampleMap'
[2019.11.11-03.33.19:277][599]LogSlate: Updating window title bar state: overlay mode, drag disabled, window buttons hidden, title bar hidden
[2019.11.11-03.33.19:314][599]LogPlayLevel: Display: Shutting down PIE online subsystems
[2019.11.11-03.33.19:314][599]LogBlueprintUserMessages: Late EndPlayMap Detection: Level '/Game/SideScrollerCPP/Maps/SideScrollerExampleMap.SideScrollerExampleMap:PersistentLevel' has LevelScriptBlueprint '/Game/SideScrollerCPP/Maps/SideScrollerExampleMap.SideScrollerExampleMap:PersistentLevel.SideScrollerExampleMap' with GeneratedClass '/Game/SideScrollerCPP/Maps/SideScrollerExampleMap.SideScrollerExampleMap_C' with ClassGeneratedBy '/Game/SideScrollerCPP/Maps/SideScrollerExampleMap.SideScrollerExampleMap:PersistentLevel.SideScrollerExampleMap'
[2019.11.11-03.33.19:337][599]LogSlate: Updating window title bar state: overlay mode, drag disabled, window buttons hidden, title bar hidden
[2019.11.11-03.33.19:377][601]LogPlayLevel: Display: Destroying online subsystem :Context_2
[2019.11.11-03.33.21:370][840]LogEditorViewport: Clicking on Actor (LMB): SlimeEnemy_BP_C (SlimeEnemy_BP)
[2019.11.11-03.33.23:306][ 57]LogSlate: Took 0.000206 seconds to synchronously load lazily loaded font '../../../Engine/Content/Slate/Fonts/Roboto-Italic.ttf' (157K)
[2019.11.11-03.33.24:858][241]LogSlate: FSceneViewport::OnFocusLost() reason 0
[2019.11.11-03.33.32:973][157]LogSlate: Took 0.000291 seconds to synchronously load lazily loaded font '../../../Engine/Content/Slate/Fonts/Roboto-Light.ttf' (167K)
[2019.11.11-03.33.32:980][157]LogAssetEditorManager: Opening Asset editor for BehaviorTree /Game/SideScrollerCPP/Blueprints/SlimeEnemy_BT.SlimeEnemy_BT
[2019.11.11-03.33.33:031][157]LogSlate: Took 0.000248 seconds to synchronously load lazily loaded font '../../../Engine/Content/Slate/Fonts/Roboto-BoldCondensed.ttf' (158K)
[2019.11.11-03.33.57:346][ 14]LogAssetEditorManager: Opening Asset editor for Blueprint /Game/SideScrollerCPP/Blueprints/FindRandLoc.FindRandLoc
[2019.11.11-03.33.57:768][ 14]LogContentBrowser: Native class hierarchy updated for 'BlueprintGraph' in 0.0005 seconds. Added 116 classes and 0 folders.
[2019.11.11-03.34.04:168][616]LogSlate: Window 'FindRandLoc' being destroyed
[2019.11.11-03.34.14:540][848]LogSavePackage: Moving '../../../../../../Users/s181813/Documents/GitHub/Chicken-Crimpy-Repository/DejaBrew/Saved/SlimeEnemy_BTB8E6B4DF4918085E8D2CE4ADC2ACB8AD.tmp' to '../../../../../../Users/s181813/Documents/GitHub/Chicken-Crimpy-Repository/DejaBrew/Content/SideScrollerCPP/Blueprints/SlimeEnemy_BT.uasset'
[2019.11.11-03.34.22:337][782]LogTemp: Repeating last play command: Selected Viewport
[2019.11.11-03.34.22:374][782]LogBlueprintUserMessages: Early PlayInEditor Detection: Level '/Game/SideScrollerCPP/Maps/SideScrollerExampleMap.SideScrollerExampleMap:PersistentLevel' has LevelScriptBlueprint '/Game/SideScrollerCPP/Maps/SideScrollerExampleMap.SideScrollerExampleMap:PersistentLevel.SideScrollerExampleMap' with GeneratedClass '/Game/SideScrollerCPP/Maps/SideScrollerExampleMap.SideScrollerExampleMap_C' with ClassGeneratedBy '/Game/SideScrollerCPP/Maps/SideScrollerExampleMap.SideScrollerExampleMap:PersistentLevel.SideScrollerExampleMap'
[2019.11.11-03.34.22:377][782]LogPlayLevel: PlayLevel: No blueprints needed recompiling
[2019.11.11-03.34.22:378][782]PIE: New page: PIE session: SideScrollerExampleMap (Nov 12, 2019, 1:34:22 AM)
[2019.11.11-03.34.22:378][782]LogPlayLevel: Creating play world package: /Game/SideScrollerCPP/Maps/UEDPIE_0_SideScrollerExampleMap
[2019.11.11-03.34.22:392][782]LogPlayLevel: PIE: StaticDuplicateObject took: (0.014366s)
[2019.11.11-03.34.22:393][782]LogAIModule: Creating AISystem for world SideScrollerExampleMap
[2019.11.11-03.34.22:394][782]LogPlayLevel: PIE: World Init took: (0.000926s)
[2019.11.11-03.34.22:394][782]LogPlayLevel: PIE: Created PIE world by copying editor world from /Game/SideScrollerCPP/Maps/SideScrollerExampleMap.SideScrollerExampleMap to /Game/SideScrollerCPP/Maps/UEDPIE_0_SideScrollerExampleMap.SideScrollerExampleMap (0.015761s)
[2019.11.11-03.34.22:432][782]LogInit: XAudio2 using 'Speakers (Realtek High Definition Audio)' : 2 channels at 48 kHz using 32 bits per sample (channel mask 0x3)
[2019.11.11-03.34.22:445][782]LogInit: FAudioDevice initialized.
[2019.11.11-03.34.22:483][782]LogLoad: Game class is 'DejaBrewGameMode'
[2019.11.11-03.34.22:486][782]LogWorld: Bringing World /Game/SideScrollerCPP/Maps/UEDPIE_0_SideScrollerExampleMap.SideScrollerExampleMap up for play (max tick rate 0) at 2019.11.11-14.34.22
[2019.11.11-03.34.22:487][782]LogWorld: Bringing up level for play took: 0.002955
[2019.11.11-03.34.22:525][782]PIE: Play in editor start time for /Game/SideScrollerCPP/Maps/UEDPIE_0_SideScrollerExampleMap 0.84
[2019.11.11-03.34.22:525][782]LogBlueprintUserMessages: Late PlayInEditor Detection: Level '/Game/SideScrollerCPP/Maps/SideScrollerExampleMap.SideScrollerExampleMap:PersistentLevel' has LevelScriptBlueprint '/Game/SideScrollerCPP/Maps/SideScrollerExampleMap.SideScrollerExampleMap:PersistentLevel.SideScrollerExampleMap' with GeneratedClass '/Game/SideScrollerCPP/Maps/SideScrollerExampleMap.SideScrollerExampleMap_C' with ClassGeneratedBy '/Game/SideScrollerCPP/Maps/SideScrollerExampleMap.SideScrollerExampleMap:PersistentLevel.SideScrollerExampleMap'
[2019.11.11-03.34.24:365][  0]LogBlueprintUserMessages: Early EndPlayMap Detection: Level '/Game/SideScrollerCPP/Maps/SideScrollerExampleMap.SideScrollerExampleMap:PersistentLevel' has LevelScriptBlueprint '/Game/SideScrollerCPP/Maps/SideScrollerExampleMap.SideScrollerExampleMap:PersistentLevel.SideScrollerExampleMap' with GeneratedClass '/Game/SideScrollerCPP/Maps/SideScrollerExampleMap.SideScrollerExampleMap_C' with ClassGeneratedBy '/Game/SideScrollerCPP/Maps/SideScrollerExampleMap.SideScrollerExampleMap:PersistentLevel.SideScrollerExampleMap'
[2019.11.11-03.34.24:368][  0]LogSlate: Updating window title bar state: overlay mode, drag disabled, window buttons hidden, title bar hidden
[2019.11.11-03.34.24:406][  0]LogPlayLevel: Display: Shutting down PIE online subsystems
[2019.11.11-03.34.24:406][  0]LogBlueprintUserMessages: Late EndPlayMap Detection: Level '/Game/SideScrollerCPP/Maps/SideScrollerExampleMap.SideScrollerExampleMap:PersistentLevel' has LevelScriptBlueprint '/Game/SideScrollerCPP/Maps/SideScrollerExampleMap.SideScrollerExampleMap:PersistentLevel.SideScrollerExampleMap' with GeneratedClass '/Game/SideScrollerCPP/Maps/SideScrollerExampleMap.SideScrollerExampleMap_C' with ClassGeneratedBy '/Game/SideScrollerCPP/Maps/SideScrollerExampleMap.SideScrollerExampleMap:PersistentLevel.SideScrollerExampleMap'
[2019.11.11-03.34.24:431][  0]LogSlate: Updating window title bar state: overlay mode, drag disabled, window buttons hidden, title bar hidden
[2019.11.11-03.34.24:476][  2]LogPlayLevel: Display: Destroying online subsystem :Context_7
[2019.11.11-03.34.25:334][105]LogSlate: FSceneViewport::OnFocusLost() reason 0
[2019.11.11-03.34.37:875][604]LogSavePackage: Moving '../../../../../../Users/s181813/Documents/GitHub/Chicken-Crimpy-Repository/DejaBrew/Saved/SlimeEnemy_BTAD737B9441ADD872D2027AA0C9D1CDCB.tmp' to '../../../../../../Users/s181813/Documents/GitHub/Chicken-Crimpy-Repository/DejaBrew/Content/SideScrollerCPP/Blueprints/SlimeEnemy_BT.uasset'
[2019.11.11-03.34.39:955][853]LogTemp: Repeating last play command: Selected Viewport
[2019.11.11-03.34.39:972][853]LogBlueprintUserMessages: Early PlayInEditor Detection: Level '/Game/SideScrollerCPP/Maps/SideScrollerExampleMap.SideScrollerExampleMap:PersistentLevel' has LevelScriptBlueprint '/Game/SideScrollerCPP/Maps/SideScrollerExampleMap.SideScrollerExampleMap:PersistentLevel.SideScrollerExampleMap' with GeneratedClass '/Game/SideScrollerCPP/Maps/SideScrollerExampleMap.SideScrollerExampleMap_C' with ClassGeneratedBy '/Game/SideScrollerCPP/Maps/SideScrollerExampleMap.SideScrollerExampleMap:PersistentLevel.SideScrollerExampleMap'
[2019.11.11-03.34.39:975][853]LogPlayLevel: PlayLevel: No blueprints needed recompiling
[2019.11.11-03.34.39:976][853]PIE: New page: PIE session: SideScrollerExampleMap (Nov 12, 2019, 1:34:39 AM)
[2019.11.11-03.34.39:976][853]LogPlayLevel: Creating play world package: /Game/SideScrollerCPP/Maps/UEDPIE_0_SideScrollerExampleMap
[2019.11.11-03.34.39:986][853]LogPlayLevel: PIE: StaticDuplicateObject took: (0.011405s)
[2019.11.11-03.34.39:987][853]LogAIModule: Creating AISystem for world SideScrollerExampleMap
[2019.11.11-03.34.39:987][853]LogPlayLevel: PIE: World Init took: (0.000905s)
[2019.11.11-03.34.39:988][853]LogPlayLevel: PIE: Created PIE world by copying editor world from /Game/SideScrollerCPP/Maps/SideScrollerExampleMap.SideScrollerExampleMap to /Game/SideScrollerCPP/Maps/UEDPIE_0_SideScrollerExampleMap.SideScrollerExampleMap (0.012765s)
[2019.11.11-03.34.40:016][853]LogInit: XAudio2 using 'Speakers (Realtek High Definition Audio)' : 2 channels at 48 kHz using 32 bits per sample (channel mask 0x3)
[2019.11.11-03.34.40:029][853]LogInit: FAudioDevice initialized.
[2019.11.11-03.34.40:065][853]LogLoad: Game class is 'DejaBrewGameMode'
[2019.11.11-03.34.40:069][853]LogWorld: Bringing World /Game/SideScrollerCPP/Maps/UEDPIE_0_SideScrollerExampleMap.SideScrollerExampleMap up for play (max tick rate 0) at 2019.11.11-14.34.40
[2019.11.11-03.34.40:070][853]LogWorld: Bringing up level for play took: 0.003119
[2019.11.11-03.34.40:111][853]PIE: Play in editor start time for /Game/SideScrollerCPP/Maps/UEDPIE_0_SideScrollerExampleMap 0.426
[2019.11.11-03.34.40:111][853]LogBlueprintUserMessages: Late PlayInEditor Detection: Level '/Game/SideScrollerCPP/Maps/SideScrollerExampleMap.SideScrollerExampleMap:PersistentLevel' has LevelScriptBlueprint '/Game/SideScrollerCPP/Maps/SideScrollerExampleMap.SideScrollerExampleMap:PersistentLevel.SideScrollerExampleMap' with GeneratedClass '/Game/SideScrollerCPP/Maps/SideScrollerExampleMap.SideScrollerExampleMap_C' with ClassGeneratedBy '/Game/SideScrollerCPP/Maps/SideScrollerExampleMap.SideScrollerExampleMap:PersistentLevel.SideScrollerExampleMap'
[2019.11.11-03.35.00:528][300]LogBlueprintUserMessages: Early EndPlayMap Detection: Level '/Game/SideScrollerCPP/Maps/SideScrollerExampleMap.SideScrollerExampleMap:PersistentLevel' has LevelScriptBlueprint '/Game/SideScrollerCPP/Maps/SideScrollerExampleMap.SideScrollerExampleMap:PersistentLevel.SideScrollerExampleMap' with GeneratedClass '/Game/SideScrollerCPP/Maps/SideScrollerExampleMap.SideScrollerExampleMap_C' with ClassGeneratedBy '/Game/SideScrollerCPP/Maps/SideScrollerExampleMap.SideScrollerExampleMap:PersistentLevel.SideScrollerExampleMap'
[2019.11.11-03.35.00:532][300]LogSlate: Updating window title bar state: overlay mode, drag disabled, window buttons hidden, title bar hidden
[2019.11.11-03.35.00:573][300]LogPlayLevel: Display: Shutting down PIE online subsystems
[2019.11.11-03.35.00:573][300]LogBlueprintUserMessages: Late EndPlayMap Detection: Level '/Game/SideScrollerCPP/Maps/SideScrollerExampleMap.SideScrollerExampleMap:PersistentLevel' has LevelScriptBlueprint '/Game/SideScrollerCPP/Maps/SideScrollerExampleMap.SideScrollerExampleMap:PersistentLevel.SideScrollerExampleMap' with GeneratedClass '/Game/SideScrollerCPP/Maps/SideScrollerExampleMap.SideScrollerExampleMap_C' with ClassGeneratedBy '/Game/SideScrollerCPP/Maps/SideScrollerExampleMap.SideScrollerExampleMap:PersistentLevel.SideScrollerExampleMap'
[2019.11.11-03.35.00:603][300]LogSlate: Updating window title bar state: overlay mode, drag disabled, window buttons hidden, title bar hidden
[2019.11.11-03.35.00:630][301]LogPlayLevel: Display: Destroying online subsystem :Context_8
[2019.11.11-03.35.17:593][335]LogSlate: FSceneViewport::OnFocusLost() reason 0
[2019.11.11-03.37.07:301][820]Candidate modules for hot reload:
[2019.11.11-03.37.07:301][820]  DejaBrew
[2019.11.11-03.37.07:301][820]Launching UnrealBuildTool... [C:/Program Files/Epic Games/UE_4.20/Engine/Binaries/DotNET/UnrealBuildTool.exe  -ModuleWithSuffix=DejaBrew,6645 Win64 Development -TargetType=Editor -Project="../../../../../../Users/s181813/Documents/GitHub/Chicken-Crimpy-Repository/DejaBrew/DejaBrew.uproject" -canskiplink "C:/Users/s181813/Documents/GitHub/Chicken-Crimpy-Repository/DejaBrew/DejaBrew.uproject" ]
[2019.11.11-03.37.07:305][820]Warning: Starting HotReload took  0.0s.
[2019.11.11-03.37.15:993][665]CompilerResultsLog: New page: Compilation - Nov 12, 2019, 1:37:15 AM
[2019.11.11-03.37.15:993][665]CompilerResultsLog: Using 'git status' to determine working set for adaptive non-unity build.
[2019.11.11-03.37.15:993][665]CompilerResultsLog: Creating makefile for hot reloading DejaBrewEditor (modules to compile have changed)
[2019.11.11-03.37.15:993][665]CompilerResultsLog: Compiling game modules for hot reload
[2019.11.11-03.37.15:993][665]CompilerResultsLog: Using Visual Studio 2017 14.16.27023 toolchain (C:\Program Files (x86)\Microsoft Visual Studio\2017\Enterprise\VC\Tools\MSVC\14.16.27023) and Windows 10.0.17763.0 SDK (C:\Program Files (x86)\Windows Kits\10).
[2019.11.11-03.37.15:993][665]CompilerResultsLog: Building 3 actions with 8 processes...
[2019.11.11-03.37.15:994][665]CompilerResultsLog:   [1/3] DejaBrewCharacter.cpp
[2019.11.11-03.37.15:994][665]CompilerResultsLog:   [2/3] UE4Editor-DejaBrew-6645.lib
[2019.11.11-03.37.15:994][665]CompilerResultsLog:      Creating library C:\Users\s181813\Documents\GitHub\Chicken-Crimpy-Repository\DejaBrew\Intermediate\Build\Win64\UE4Editor\Development\DejaBrew\UE4Editor-DejaBrew-6645.lib and object C:\Users\s181813\Documents\GitHub\Chicken-Crimpy-Repository\DejaBrew\Intermediate\Build\Win64\UE4Editor\Development\DejaBrew\UE4Editor-DejaBrew-6645.exp
[2019.11.11-03.37.15:994][665]CompilerResultsLog:   [3/3] UE4Editor-DejaBrew-6645.dll
[2019.11.11-03.37.15:994][665]CompilerResultsLog:      Creating library C:\Users\s181813\Documents\GitHub\Chicken-Crimpy-Repository\DejaBrew\Intermediate\Build\Win64\UE4Editor\Development\DejaBrew\UE4Editor-DejaBrew-6645.suppressed.lib and object C:\Users\s181813\Documents\GitHub\Chicken-Crimpy-Repository\DejaBrew\Intermediate\Build\Win64\UE4Editor\Development\DejaBrew\UE4Editor-DejaBrew-6645.suppressed.exp
[2019.11.11-03.37.15:994][665]CompilerResultsLog: Error:   DejaBrewCharacter.cpp.obj : error LNK2019: unresolved external symbol "protected: void __cdecl ADejaBrewCharacter::StopSprinting(void)" (?StopSprinting@ADejaBrewCharacter@@IEAAXXZ) referenced in function "protected: virtual void __cdecl ADejaBrewCharacter::SetupPlayerInputComponent(class UInputComponent *)" (?SetupPlayerInputComponent@ADejaBrewCharacter@@MEAAXPEAVUInputComponent@@@Z)
[2019.11.11-03.37.15:994][665]CompilerResultsLog: Error:   C:\Users\s181813\Documents\GitHub\Chicken-Crimpy-Repository\DejaBrew\Binaries\Win64\UE4Editor-DejaBrew-6645.dll : fatal error LNK1120: 1 unresolved externals
[2019.11.11-03.37.15:994][665]CompilerResultsLog: ERROR: UBT ERROR: Failed to produce item: C:\Users\s181813\Documents\GitHub\Chicken-Crimpy-Repository\DejaBrew\Binaries\Win64\UE4Editor-DejaBrew-6645.dll
[2019.11.11-03.37.15:994][665]CompilerResultsLog:        (see ../Programs/UnrealBuildTool/Log.txt for full exception trace)
[2019.11.11-03.37.15:994][665]CompilerResultsLog: Total build time: 8.21 seconds (Parallel executor: 0.00 seconds)
[2019.11.11-03.37.15:994][665]LogMainFrame: MainFrame: Module compiling took 8.702 seconds
[2019.11.11-03.37.15:995][665]Warning: HotReload failed, recompile failed
[2019.11.11-03.37.30:098][902]Candidate modules for hot reload:
[2019.11.11-03.37.30:099][902]  DejaBrew
[2019.11.11-03.37.30:099][902]Launching UnrealBuildTool... [C:/Program Files/Epic Games/UE_4.20/Engine/Binaries/DotNET/UnrealBuildTool.exe  -ModuleWithSuffix=DejaBrew,9281 Win64 Development -TargetType=Editor -Project="../../../../../../Users/s181813/Documents/GitHub/Chicken-Crimpy-Repository/DejaBrew/DejaBrew.uproject" -canskiplink "C:/Users/s181813/Documents/GitHub/Chicken-Crimpy-Repository/DejaBrew/DejaBrew.uproject" ]
[2019.11.11-03.37.30:104][902]Warning: Starting HotReload took  0.0s.
[2019.11.11-03.37.32:419][179]CompilerResultsLog: New page: Compilation - Nov 12, 2019, 1:37:32 AM
[2019.11.11-03.37.32:419][179]CompilerResultsLog: Using 'git status' to determine working set for adaptive non-unity build.
[2019.11.11-03.37.32:419][179]CompilerResultsLog: Compiling game modules for hot reload
[2019.11.11-03.37.32:420][179]CompilerResultsLog: Building 1 action with 8 processes...
[2019.11.11-03.37.32:420][179]CompilerResultsLog:   [1/1] UE4Editor-DejaBrew-9281.dll
[2019.11.11-03.37.32:420][179]CompilerResultsLog:      Creating library C:\Users\s181813\Documents\GitHub\Chicken-Crimpy-Repository\DejaBrew\Intermediate\Build\Win64\UE4Editor\Development\DejaBrew\UE4Editor-DejaBrew-9281.suppressed.lib and object C:\Users\s181813\Documents\GitHub\Chicken-Crimpy-Repository\DejaBrew\Intermediate\Build\Win64\UE4Editor\Development\DejaBrew\UE4Editor-DejaBrew-9281.suppressed.exp
[2019.11.11-03.37.32:420][179]CompilerResultsLog: Error:   DejaBrewCharacter.cpp.obj : error LNK2019: unresolved external symbol "protected: void __cdecl ADejaBrewCharacter::StopSprinting(void)" (?StopSprinting@ADejaBrewCharacter@@IEAAXXZ) referenced in function "protected: virtual void __cdecl ADejaBrewCharacter::SetupPlayerInputComponent(class UInputComponent *)" (?SetupPlayerInputComponent@ADejaBrewCharacter@@MEAAXPEAVUInputComponent@@@Z)
[2019.11.11-03.37.32:420][179]CompilerResultsLog: Error:   C:\Users\s181813\Documents\GitHub\Chicken-Crimpy-Repository\DejaBrew\Binaries\Win64\UE4Editor-DejaBrew-9281.dll : fatal error LNK1120: 1 unresolved externals
[2019.11.11-03.37.32:420][179]CompilerResultsLog: ERROR: UBT ERROR: Failed to produce item: C:\Users\s181813\Documents\GitHub\Chicken-Crimpy-Repository\DejaBrew\Binaries\Win64\UE4Editor-DejaBrew-9281.dll
[2019.11.11-03.37.32:420][179]CompilerResultsLog:        (see ../Programs/UnrealBuildTool/Log.txt for full exception trace)
[2019.11.11-03.37.32:420][179]CompilerResultsLog: Total build time: 2.11 seconds (Parallel executor: 0.00 seconds)
[2019.11.11-03.37.32:420][179]LogMainFrame: MainFrame: Module compiling took 2.329 seconds
[2019.11.11-03.37.32:420][179]Warning: HotReload failed, recompile failed
[2019.11.11-03.38.16:369][515]Candidate modules for hot reload:
[2019.11.11-03.38.16:369][515]  DejaBrew
[2019.11.11-03.38.16:369][515]Launching UnrealBuildTool... [C:/Program Files/Epic Games/UE_4.20/Engine/Binaries/DotNET/UnrealBuildTool.exe  -ModuleWithSuffix=DejaBrew,1955 Win64 Development -TargetType=Editor -Project="../../../../../../Users/s181813/Documents/GitHub/Chicken-Crimpy-Repository/DejaBrew/DejaBrew.uproject" -canskiplink "C:/Users/s181813/Documents/GitHub/Chicken-Crimpy-Repository/DejaBrew/DejaBrew.uproject" ]
[2019.11.11-03.38.16:373][515]Warning: Starting HotReload took  0.0s.
[2019.11.11-03.38.31:438][322]CompilerResultsLog: New page: Compilation - Nov 12, 2019, 1:38:31 AM
[2019.11.11-03.38.31:438][322]CompilerResultsLog: Using 'git status' to determine working set for adaptive non-unity build.
[2019.11.11-03.38.31:438][322]CompilerResultsLog: Compiling game modules for hot reload
[2019.11.11-03.38.31:438][322]CompilerResultsLog: Parsing headers for DejaBrewEditor
[2019.11.11-03.38.31:438][322]CompilerResultsLog:   Running UnrealHeaderTool "C:\Users\s181813\Documents\GitHub\Chicken-Crimpy-Repository\DejaBrew\DejaBrew.uproject" "C:\Users\s181813\Documents\GitHub\Chicken-Crimpy-Repository\DejaBrew\Intermediate\Build\Win64\DejaBrewEditor\Development\DejaBrewEditor.uhtmanifest" -LogCmds="loginit warning, logexit warning, logdatabase error" -Unattended -WarningsAsErrors -installed
[2019.11.11-03.38.31:438][322]CompilerResultsLog: Reflection code generated for DejaBrewEditor in 9.7376899 seconds
[2019.11.11-03.38.31:439][322]CompilerResultsLog: Building 5 actions with 8 processes...
[2019.11.11-03.38.31:439][322]CompilerResultsLog:   [1/5] DejaBrewGameMode.cpp
[2019.11.11-03.38.31:439][322]CompilerResultsLog:   [2/5] DejaBrewCharacter.gen.cpp
[2019.11.11-03.38.31:439][322]CompilerResultsLog:   [3/5] DejaBrewCharacter.cpp
[2019.11.11-03.38.31:439][322]CompilerResultsLog:   [4/5] UE4Editor-DejaBrew-1955.lib
[2019.11.11-03.38.31:439][322]CompilerResultsLog:      Creating library C:\Users\s181813\Documents\GitHub\Chicken-Crimpy-Repository\DejaBrew\Intermediate\Build\Win64\UE4Editor\Development\DejaBrew\UE4Editor-DejaBrew-1955.lib and object C:\Users\s181813\Documents\GitHub\Chicken-Crimpy-Repository\DejaBrew\Intermediate\Build\Win64\UE4Editor\Development\DejaBrew\UE4Editor-DejaBrew-1955.exp
[2019.11.11-03.38.31:439][322]CompilerResultsLog:   [5/5] UE4Editor-DejaBrew-1955.dll
[2019.11.11-03.38.31:439][322]CompilerResultsLog:      Creating library C:\Users\s181813\Documents\GitHub\Chicken-Crimpy-Repository\DejaBrew\Intermediate\Build\Win64\UE4Editor\Development\DejaBrew\UE4Editor-DejaBrew-1955.suppressed.lib and object C:\Users\s181813\Documents\GitHub\Chicken-Crimpy-Repository\DejaBrew\Intermediate\Build\Win64\UE4Editor\Development\DejaBrew\UE4Editor-DejaBrew-1955.suppressed.exp
[2019.11.11-03.38.31:439][322]CompilerResultsLog: Total build time: 14.86 seconds (Parallel executor: 3.49 seconds)
[2019.11.11-03.38.31:439][322]LogMainFrame: MainFrame: Module compiling took 15.079 seconds
[2019.11.11-03.38.31:505][322]LogContentBrowser: Native class hierarchy updated for 'DejaBrew' in 0.0003 seconds. Added 5 classes and 2 folders.
[2019.11.11-03.38.31:509][322]Display: HotReload successful (3 functions remapped  0 scriptstructs remapped)
[2019.11.11-03.38.31:877][322]LogContentBrowser: Native class hierarchy populated in 0.0081 seconds. Added 2578 classes and 607 folders.
[2019.11.11-03.38.31:877][322]Display: HotReload took 15.5s.
[2019.11.11-03.38.35:532][760]LogTemp: Repeating last play command: Selected Viewport
[2019.11.11-03.38.35:550][760]LogBlueprintUserMessages: Early PlayInEditor Detection: Level '/Game/SideScrollerCPP/Maps/SideScrollerExampleMap.SideScrollerExampleMap:PersistentLevel' has LevelScriptBlueprint '/Game/SideScrollerCPP/Maps/SideScrollerExampleMap.SideScrollerExampleMap:PersistentLevel.SideScrollerExampleMap' with GeneratedClass '/Game/SideScrollerCPP/Maps/SideScrollerExampleMap.SideScrollerExampleMap_C' with ClassGeneratedBy '/Game/SideScrollerCPP/Maps/SideScrollerExampleMap.SideScrollerExampleMap:PersistentLevel.SideScrollerExampleMap'
[2019.11.11-03.38.35:553][760]LogPlayLevel: PlayLevel: No blueprints needed recompiling
[2019.11.11-03.38.35:554][760]PIE: New page: PIE session: SideScrollerExampleMap (Nov 12, 2019, 1:38:35 AM)
[2019.11.11-03.38.35:554][760]LogPlayLevel: Creating play world package: /Game/SideScrollerCPP/Maps/UEDPIE_0_SideScrollerExampleMap
[2019.11.11-03.38.35:567][760]LogPlayLevel: PIE: StaticDuplicateObject took: (0.012988s)
[2019.11.11-03.38.35:568][760]LogAIModule: Creating AISystem for world SideScrollerExampleMap
[2019.11.11-03.38.35:569][760]LogPlayLevel: PIE: World Init took: (0.001514s)
[2019.11.11-03.38.35:569][760]LogPlayLevel: PIE: Created PIE world by copying editor world from /Game/SideScrollerCPP/Maps/SideScrollerExampleMap.SideScrollerExampleMap to /Game/SideScrollerCPP/Maps/UEDPIE_0_SideScrollerExampleMap.SideScrollerExampleMap (0.014944s)
[2019.11.11-03.38.35:633][760]LogInit: XAudio2 using 'Speakers (Realtek High Definition Audio)' : 2 channels at 48 kHz using 32 bits per sample (channel mask 0x3)
[2019.11.11-03.38.35:651][760]LogInit: FAudioDevice initialized.
[2019.11.11-03.38.35:686][760]LogLoad: Game class is 'DejaBrewGameMode'
[2019.11.11-03.38.35:690][760]LogWorld: Bringing World /Game/SideScrollerCPP/Maps/UEDPIE_0_SideScrollerExampleMap.SideScrollerExampleMap up for play (max tick rate 0) at 2019.11.11-14.38.35
[2019.11.11-03.38.35:691][760]LogWorld: Bringing up level for play took: 0.003613
[2019.11.11-03.38.35:730][760]PIE: Play in editor start time for /Game/SideScrollerCPP/Maps/UEDPIE_0_SideScrollerExampleMap 0.046
[2019.11.11-03.38.35:731][760]LogBlueprintUserMessages: Late PlayInEditor Detection: Level '/Game/SideScrollerCPP/Maps/SideScrollerExampleMap.SideScrollerExampleMap:PersistentLevel' has LevelScriptBlueprint '/Game/SideScrollerCPP/Maps/SideScrollerExampleMap.SideScrollerExampleMap:PersistentLevel.SideScrollerExampleMap' with GeneratedClass '/Game/SideScrollerCPP/Maps/SideScrollerExampleMap.SideScrollerExampleMap_C' with ClassGeneratedBy '/Game/SideScrollerCPP/Maps/SideScrollerExampleMap.SideScrollerExampleMap:PersistentLevel.SideScrollerExampleMap'
[2019.11.11-03.38.47:342][150]LogBlueprintUserMessages: Early EndPlayMap Detection: Level '/Game/SideScrollerCPP/Maps/SideScrollerExampleMap.SideScrollerExampleMap:PersistentLevel' has LevelScriptBlueprint '/Game/SideScrollerCPP/Maps/SideScrollerExampleMap.SideScrollerExampleMap:PersistentLevel.SideScrollerExampleMap' with GeneratedClass '/Game/SideScrollerCPP/Maps/SideScrollerExampleMap.SideScrollerExampleMap_C' with ClassGeneratedBy '/Game/SideScrollerCPP/Maps/SideScrollerExampleMap.SideScrollerExampleMap:PersistentLevel.SideScrollerExampleMap'
[2019.11.11-03.38.47:345][150]LogSlate: Updating window title bar state: overlay mode, drag disabled, window buttons hidden, title bar hidden
[2019.11.11-03.38.47:389][150]LogPlayLevel: Display: Shutting down PIE online subsystems
[2019.11.11-03.38.47:389][150]LogBlueprintUserMessages: Late EndPlayMap Detection: Level '/Game/SideScrollerCPP/Maps/SideScrollerExampleMap.SideScrollerExampleMap:PersistentLevel' has LevelScriptBlueprint '/Game/SideScrollerCPP/Maps/SideScrollerExampleMap.SideScrollerExampleMap:PersistentLevel.SideScrollerExampleMap' with GeneratedClass '/Game/SideScrollerCPP/Maps/SideScrollerExampleMap.SideScrollerExampleMap_C' with ClassGeneratedBy '/Game/SideScrollerCPP/Maps/SideScrollerExampleMap.SideScrollerExampleMap:PersistentLevel.SideScrollerExampleMap'
[2019.11.11-03.38.47:415][150]LogSlate: Updating window title bar state: overlay mode, drag disabled, window buttons hidden, title bar hidden
[2019.11.11-03.38.47:460][151]LogPlayLevel: Display: Destroying online subsystem :Context_9
[2019.11.11-03.38.49:548][400]LogSlate: FSceneViewport::OnFocusLost() reason 0
[2019.11.11-03.51.47:925][765]Candidate modules for hot reload:
[2019.11.11-03.51.47:925][765]  DejaBrew
[2019.11.11-03.51.47:925][765]Launching UnrealBuildTool... [C:/Program Files/Epic Games/UE_4.20/Engine/Binaries/DotNET/UnrealBuildTool.exe  -ModuleWithSuffix=DejaBrew,4294 Win64 Development -TargetType=Editor -Project="../../../../../../Users/s181813/Documents/GitHub/Chicken-Crimpy-Repository/DejaBrew/DejaBrew.uproject" -canskiplink "C:/Users/s181813/Documents/GitHub/Chicken-Crimpy-Repository/DejaBrew/DejaBrew.uproject" ]
[2019.11.11-03.51.47:930][765]Warning: Starting HotReload took  0.0s.
[2019.11.11-03.51.52:888][  8]CompilerResultsLog: New page: Compilation - Nov 12, 2019, 1:51:52 AM
[2019.11.11-03.51.52:888][  8]CompilerResultsLog: Using 'git status' to determine working set for adaptive non-unity build.
[2019.11.11-03.51.52:888][  8]CompilerResultsLog: Compiling game modules for hot reload
[2019.11.11-03.51.52:888][  8]CompilerResultsLog: Building 3 actions with 8 processes...
[2019.11.11-03.51.52:888][  8]CompilerResultsLog:   [1/3] DejaBrewCharacter.cpp
[2019.11.11-03.51.52:888][  8]CompilerResultsLog:   [2/3] UE4Editor-DejaBrew-4294.lib
[2019.11.11-03.51.52:888][  8]CompilerResultsLog:      Creating library C:\Users\s181813\Documents\GitHub\Chicken-Crimpy-Repository\DejaBrew\Intermediate\Build\Win64\UE4Editor\Development\DejaBrew\UE4Editor-DejaBrew-4294.lib and object C:\Users\s181813\Documents\GitHub\Chicken-Crimpy-Repository\DejaBrew\Intermediate\Build\Win64\UE4Editor\Development\DejaBrew\UE4Editor-DejaBrew-4294.exp
[2019.11.11-03.51.52:889][  8]CompilerResultsLog:   [3/3] UE4Editor-DejaBrew-4294.dll
[2019.11.11-03.51.52:889][  8]CompilerResultsLog:      Creating library C:\Users\s181813\Documents\GitHub\Chicken-Crimpy-Repository\DejaBrew\Intermediate\Build\Win64\UE4Editor\Development\DejaBrew\UE4Editor-DejaBrew-4294.suppressed.lib and object C:\Users\s181813\Documents\GitHub\Chicken-Crimpy-Repository\DejaBrew\Intermediate\Build\Win64\UE4Editor\Development\DejaBrew\UE4Editor-DejaBrew-4294.suppressed.exp
[2019.11.11-03.51.52:889][  8]CompilerResultsLog: Total build time: 4.74 seconds (Parallel executor: 3.26 seconds)
[2019.11.11-03.51.52:889][  8]LogMainFrame: MainFrame: Module compiling took 4.971 seconds
[2019.11.11-03.51.52:957][  8]LogContentBrowser: Native class hierarchy updated for 'DejaBrew' in 0.0003 seconds. Added 5 classes and 2 folders.
[2019.11.11-03.51.52:961][  8]Display: HotReload successful (3 functions remapped  0 scriptstructs remapped)
[2019.11.11-03.51.53:253][  8]LogContentBrowser: Native class hierarchy populated in 0.0087 seconds. Added 2578 classes and 607 folders.
[2019.11.11-03.51.53:253][  8]Display: HotReload took  5.4s.
[2019.11.11-03.51.56:608][ 18]LogTemp: Repeating last play command: Selected Viewport
[2019.11.11-03.51.56:628][ 18]LogBlueprintUserMessages: Early PlayInEditor Detection: Level '/Game/SideScrollerCPP/Maps/SideScrollerExampleMap.SideScrollerExampleMap:PersistentLevel' has LevelScriptBlueprint '/Game/SideScrollerCPP/Maps/SideScrollerExampleMap.SideScrollerExampleMap:PersistentLevel.SideScrollerExampleMap' with GeneratedClass '/Game/SideScrollerCPP/Maps/SideScrollerExampleMap.SideScrollerExampleMap_C' with ClassGeneratedBy '/Game/SideScrollerCPP/Maps/SideScrollerExampleMap.SideScrollerExampleMap:PersistentLevel.SideScrollerExampleMap'
[2019.11.11-03.51.56:630][ 18]LogPlayLevel: PlayLevel: No blueprints needed recompiling
[2019.11.11-03.51.56:630][ 18]PIE: New page: PIE session: SideScrollerExampleMap (Nov 12, 2019, 1:51:56 AM)
[2019.11.11-03.51.56:630][ 18]LogPlayLevel: Creating play world package: /Game/SideScrollerCPP/Maps/UEDPIE_0_SideScrollerExampleMap
[2019.11.11-03.51.56:644][ 18]LogPlayLevel: PIE: StaticDuplicateObject took: (0.013462s)
[2019.11.11-03.51.56:645][ 18]LogAIModule: Creating AISystem for world SideScrollerExampleMap
[2019.11.11-03.51.56:646][ 18]LogPlayLevel: PIE: World Init took: (0.001172s)
[2019.11.11-03.51.56:646][ 18]LogPlayLevel: PIE: Created PIE world by copying editor world from /Game/SideScrollerCPP/Maps/SideScrollerExampleMap.SideScrollerExampleMap to /Game/SideScrollerCPP/Maps/UEDPIE_0_SideScrollerExampleMap.SideScrollerExampleMap (0.015137s)
[2019.11.11-03.51.56:708][ 18]LogInit: XAudio2 using 'Speakers (Realtek High Definition Audio)' : 2 channels at 48 kHz using 32 bits per sample (channel mask 0x3)
[2019.11.11-03.51.56:723][ 18]LogInit: FAudioDevice initialized.
[2019.11.11-03.51.56:756][ 18]LogLoad: Game class is 'DejaBrewGameMode'
[2019.11.11-03.51.56:760][ 18]LogWorld: Bringing World /Game/SideScrollerCPP/Maps/UEDPIE_0_SideScrollerExampleMap.SideScrollerExampleMap up for play (max tick rate 0) at 2019.11.11-14.51.56
[2019.11.11-03.51.56:761][ 18]LogWorld: Bringing up level for play took: 0.003296
[2019.11.11-03.51.56:799][ 18]PIE: Play in editor start time for /Game/SideScrollerCPP/Maps/UEDPIE_0_SideScrollerExampleMap 1.088
[2019.11.11-03.51.56:800][ 18]LogBlueprintUserMessages: Late PlayInEditor Detection: Level '/Game/SideScrollerCPP/Maps/SideScrollerExampleMap.SideScrollerExampleMap:PersistentLevel' has LevelScriptBlueprint '/Game/SideScrollerCPP/Maps/SideScrollerExampleMap.SideScrollerExampleMap:PersistentLevel.SideScrollerExampleMap' with GeneratedClass '/Game/SideScrollerCPP/Maps/SideScrollerExampleMap.SideScrollerExampleMap_C' with ClassGeneratedBy '/Game/SideScrollerCPP/Maps/SideScrollerExampleMap.SideScrollerExampleMap:PersistentLevel.SideScrollerExampleMap'
[2019.11.11-03.52.16:696][408]LogWindows: Windows GetLastError: The operation completed successfully. (0)
[2019.11.11-03.52.16:697][408]LogWindows: Error: === Critical error: ===
[2019.11.11-03.52.16:697][408]LogWindows: Error: 
[2019.11.11-03.52.16:697][408]LogWindows: Error: Fatal error: [File:D:\Build\++UE4\Sync\Engine\Source\Runtime\CoreUObject\Private\UObject\UObjectGlobals.cpp] [Line: 3248] 
[2019.11.11-03.52.16:697][408]LogWindows: Error: FObjectFinders can't be used outside of constructors to find /Game/SideScrollerCPP/Blueprints/SlimeEnemy_BP
[2019.11.11-03.52.16:697][408]LogWindows: Error: 
[2019.11.11-03.52.16:697][408]LogWindows: Error: 
[2019.11.11-03.52.16:697][408]LogWindows: Error: 
[2019.11.11-03.52.16:711][408]LogExit: Executing StaticShutdownAfterError
[2019.11.11-03.52.16:714][408]LogWindows: FPlatformMisc::RequestExit(1)
[2019.11.11-03.52.16:721][408]Log file closed, 11/11/19 14:52:16
