Log file open, 11/01/19 05:02:34
LogWindows: Failed to load 'aqProf.dll' (GetLastError=126)
LogWindows: File 'aqProf.dll' does not exist
LogWindows: Failed to load 'VSPerf140.dll' (GetLastError=126)
LogWindows: File 'VSPerf140.dll' does not exist
LogWindows: Failed to load 'VtuneApi.dll' (GetLastError=126)
LogWindows: File 'VtuneApi.dll' does not exist
LogWindows: Failed to load 'VtuneApi32e.dll' (GetLastError=126)
LogWindows: File 'VtuneApi32e.dll' does not exist
LogInit: Display: Running engine for game: DejaBrew
LogPlatformFile: Not using cached read wrapper
LogTaskGraph: Started task graph with 5 named threads and 23 total threads with 3 sets of task threads.
LogStats: Stats thread started at 0.375786
LogD3D11RHI: Loaded GFSDK_Aftermath_Lib.x64.dll
LogICUInternationalization: Display: ICU TimeZone Detection - Raw Offset: +10:00, Platform Override: ''
LogPluginManager: Mounting plugin Paper2D
LogPluginManager: Mounting plugin AISupport
LogPluginManager: Mounting plugin LightPropagationVolume
LogPluginManager: Mounting plugin CLionSourceCodeAccess
LogPluginManager: Mounting plugin CodeLiteSourceCodeAccess
LogPluginManager: Mounting plugin GitSourceControl
LogPluginManager: Mounting plugin KDevelopSourceCodeAccess
LogPluginManager: Mounting plugin NullSourceCodeAccess
LogPluginManager: Mounting plugin PerforceSourceControl
LogPluginManager: Mounting plugin SubversionSourceControl
LogPluginManager: Mounting plugin UObjectPlugin
LogPluginManager: Mounting plugin VisualStudioCodeSourceCodeAccess
LogPluginManager: Mounting plugin VisualStudioSourceCodeAccess
LogPluginManager: Mounting plugin XCodeSourceCodeAccess
LogPluginManager: Mounting plugin AssetManagerEditor
LogPluginManager: Mounting plugin CryptoKeys
LogPluginManager: Mounting plugin DataValidation
LogPluginManager: Mounting plugin FacialAnimation
LogPluginManager: Mounting plugin GameplayTagsEditor
LogPluginManager: Mounting plugin MacGraphicsSwitching
LogPluginManager: Mounting plugin MeshEditor
LogPluginManager: Mounting plugin MobileLauncherProfileWizard
LogPluginManager: Mounting plugin PluginBrowser
LogPluginManager: Mounting plugin SpeedTreeImporter
LogPluginManager: Mounting plugin DatasmithContent
LogPluginManager: Mounting plugin AlembicImporter
LogPluginManager: Mounting plugin AppleImageUtils
LogPluginManager: Mounting plugin AppleVision
LogPluginManager: Mounting plugin BackChannel
LogPluginManager: Mounting plugin CharacterAI
LogPluginManager: Mounting plugin GeometryCache
LogPluginManager: Mounting plugin HTML5Networking
LogPluginManager: Mounting plugin ProxyLODPlugin
LogPluginManager: Mounting plugin MagicLeap
LogPluginManager: Mounting plugin MagicLeapEmulator
LogPluginManager: Mounting plugin MagicLeapMedia
LogPluginManager: Mounting plugin AndroidMedia
LogPluginManager: Mounting plugin AvfMedia
LogPluginManager: Mounting plugin ImgMedia
LogPluginManager: Mounting plugin LinearTimecode
LogPluginManager: Mounting plugin MediaCompositing
LogPluginManager: Mounting plugin MediaPlayerEditor
LogPluginManager: Mounting plugin WmfMedia
LogPluginManager: Mounting plugin TcpMessaging
LogPluginManager: Mounting plugin UdpMessaging
LogPluginManager: Mounting plugin ActorSequence
LogPluginManager: Mounting plugin LevelSequenceEditor
LogPluginManager: Mounting plugin MatineeToLevelSequence
LogPluginManager: Mounting plugin NetcodeUnitTest
LogPluginManager: Mounting plugin NUTUnrealEngine4
LogPluginManager: Mounting plugin OnlineSubsystemGooglePlay
LogPluginManager: Mounting plugin OnlineSubsystemIOS
LogPluginManager: Mounting plugin OnlineSubsystem
LogPluginManager: Mounting plugin OnlineSubsystemNull
LogPluginManager: Mounting plugin OnlineSubsystemUtils
LogPluginManager: Mounting plugin LauncherChunkInstaller
LogPluginManager: Mounting plugin AndroidDeviceProfileSelector
LogPluginManager: Mounting plugin AndroidMoviePlayer
LogPluginManager: Mounting plugin AndroidPermission
LogPluginManager: Mounting plugin AppleMoviePlayer
LogPluginManager: Mounting plugin ArchVisCharacter
LogPluginManager: Mounting plugin AudioCapture
LogPluginManager: Mounting plugin CableComponent
LogPluginManager: Mounting plugin CustomMeshComponent
LogPluginManager: Mounting plugin EditableMesh
LogPluginManager: Mounting plugin ExampleDeviceProfileSelector
LogPluginManager: Mounting plugin GoogleCloudMessaging
LogPluginManager: Mounting plugin ImmediatePhysics
LogPluginManager: Mounting plugin IOSDeviceProfileSelector
LogPluginManager: Mounting plugin LinuxDeviceProfileSelector
LogPluginManager: Mounting plugin LocationServicesBPLibrary
LogPluginManager: Mounting plugin MobilePatchingUtils
LogPluginManager: Mounting plugin OculusVR
LogPluginManager: Plugin shader directory ../../../Engine/Plugins/Runtime/Oculus/OculusVR/Shaders found
LogPluginManager: Mapping shader source directory ../../../Engine/Plugins/Runtime/Oculus/OculusVR/Shaders to virtual directory /Plugin/OculusVR
LogPluginManager: Mounting plugin PhysXVehicles
LogPluginManager: Mounting plugin ProceduralMeshComponent
LogPluginManager: Mounting plugin RuntimePhysXCooking
LogPluginManager: Mounting plugin SteamVR
LogPluginManager: Mounting plugin WindowsMoviePlayer
LogStreaming: Display: Took  0.161s to configure plugins.
LogInit: Using libcurl 7.55.1-DEV
LogInit:  - built for x86_64-pc-win32
LogInit:  - supports SSL with OpenSSL/1.0.2h
LogInit:  - supports HTTP deflate (compression) using libz 1.2.8
LogInit:  - other features:
LogInit:      CURL_VERSION_SSL
LogInit:      CURL_VERSION_LIBZ
LogInit:      CURL_VERSION_IPV6
LogInit:      CURL_VERSION_ASYNCHDNS
LogInit:      CURL_VERSION_LARGEFILE
LogInit:      CURL_VERSION_IDN
LogInit:  CurlRequestOptions (configurable via config and command line):
LogInit:  - bVerifyPeer = false  - Libcurl will NOT verify peer certificate
LogInit:  - bUseHttpProxy = false  - Libcurl will NOT use HTTP proxy
LogInit:  - bDontReuseConnections = false  - Libcurl will reuse connections
LogInit:  - CertBundlePath = nullptr  - Libcurl will use whatever was configured at build time.
LogInit:  - MaxHostConnections = 16  - Libcurl will limit the number of connections to a host
LogInit:  - LocalHostAddr = Default
LogInit:  - BufferSize = 65536
LogInit: WinSock: version 1.1 (2.2), MaxSocks=32767, MaxUdp=65467
LogInit: Build: ++UE4+Release-4.20-CL-4369336
LogInit: Engine Version: 4.20.3-4369336+++UE4+Release-4.20
LogInit: Compatible Engine Version: 4.20.0-4212847+++UE4+Release-4.20
LogInit: Net CL: 4212847
LogInit: OS: Windows 10 (), CPU: Intel(R) Core(TM) i7-7700HQ CPU @ 2.80GHz, GPU: Intel(R) HD Graphics 630
LogInit: Compiled (64-bit): Sep 17 2018 12:26:19
LogInit: Compiled with Visual C++: 19.13.26129.00
LogInit: Build Configuration: Development
LogInit: Branch Name: ++UE4+Release-4.20
LogInit: Command Line:  -skipcompile
LogInit: Base Directory: C:/Program Files (x86)/UE_4.20/Engine/Binaries/Win64/
LogInit: Installed Engine Build: 1
LogDevObjectVersion: Number of dev versions registered: 20
LogDevObjectVersion:   Dev-Blueprints (B0D832E4-1F89-4F0D-ACCF-7EB736FD4AA2): 10
LogDevObjectVersion:   Dev-Build (E1C64328-A22C-4D53-A36C-8E866417BD8C): 0
LogDevObjectVersion:   Dev-Core (375EC13C-06E4-48FB-B500-84F0262A717E): 2
LogDevObjectVersion:   Dev-Editor (E4B068ED-F494-42E9-A231-DA0B2E46BB41): 24
LogDevObjectVersion:   Dev-Framework (CFFC743F-43B0-4480-9391-14DF171D2073): 34
LogDevObjectVersion:   Dev-Mobile (B02B49B5-BB20-44E9-A304-32B752E40360): 2
LogDevObjectVersion:   Dev-Networking (A4E4105C-59A1-49B5-A7C5-40C4547EDFEE): 0
LogDevObjectVersion:   Dev-Online (39C831C9-5AE6-47DC-9A44-9C173E1C8E7C): 0
LogDevObjectVersion:   Dev-Physics (78F01B33-EBEA-4F98-B9B4-84EACCB95AA2): 0
LogDevObjectVersion:   Dev-Platform (6631380F-2D4D-43E0-8009-CF276956A95A): 0
LogDevObjectVersion:   Dev-Rendering (12F88B9F-8875-4AFC-A67C-D90C383ABD29): 26
LogDevObjectVersion:   Dev-Sequencer (7B5AE74C-D270-4C10-A958-57980B212A5A): 9
LogDevObjectVersion:   Dev-VR (D7296918-1DD6-4BDD-9DE2-64A83CC13884): 2
LogDevObjectVersion:   Dev-LoadTimes (C2A15278-BFE7-4AFE-6C17-90FF531DF755): 1
LogDevObjectVersion:   Private-Geometry (6EACA3D4-40EC-4CC1-B786-8BED09428FC5): 3
LogDevObjectVersion:   Dev-AnimPhys (29E575DD-E0A3-4627-9D10-D276232CDCEA): 17
LogDevObjectVersion:   Dev-ReflectionCapture (6B266CEC-1EC7-4B8F-A30B-E4D90942FC07): 1
LogDevObjectVersion:   Dev-Automation (0DF73D61-A23F-47EA-B727-89E90C41499A): 1
LogDevObjectVersion:   FortniteMain (601D1886-AC64-4F84-AA16-D3DE0DEAC7D6): 12
LogDevObjectVersion:   Dev-Enterprise (9DFFBCD6-494F-0158-E221-12823C92A888): 1
LogStreaming: Display: Took  0.006s to delete old logs.
LogInit: Presizing for max 8388607 objects, including 0 objects not considered by GC, pre-allocating 0 bytes for permanent pool.
LogInit: Object subsystem initialized
[2019.10.31-18.02.34:768][  0]LogInit: Selected Device Profile: [Windows]
[2019.10.31-18.02.34:768][  0]LogInit: Applying CVar settings loaded from the selected device profile: [Windows]
[2019.10.31-18.02.34:787][  0]LogHAL: Display: Platform has ~ 16 GB [17095811072 / 17179869184 / 16], which maps to Larger [LargestMinGB=32, LargerMinGB=12, DefaultMinGB=8, SmallerMinGB=6, SmallestMinGB=0)
[2019.10.31-18.02.34:787][  0]LogInit: Setting Device Profile CVar: [[r.Vulkan.UseRealUBs:1]]
[2019.10.31-18.02.34:787][  0]LogInit: Going up to parent DeviceProfile []
[2019.10.31-18.02.34:788][  0]LogInit: Computer: MSI
[2019.10.31-18.02.34:788][  0]LogInit: User: hiit
[2019.10.31-18.02.34:788][  0]LogInit: CPU Page size=4096, Cores=4
[2019.10.31-18.02.34:788][  0]LogInit: High frequency timer resolution =10.000000 MHz
[2019.10.31-18.02.34:788][  0]LogMemory: Memory total: Physical=15.9GB (16GB approx)
[2019.10.31-18.02.34:788][  0]LogMemory: Platform Memory Stats for Windows
[2019.10.31-18.02.34:788][  0]LogMemory: Process Physical Memory: 102.18 MB used, 102.18 MB peak
[2019.10.31-18.02.34:789][  0]LogMemory: Process Virtual Memory: 89.61 MB used, 89.61 MB peak
[2019.10.31-18.02.34:789][  0]LogMemory: Physical Memory: 6832.82 MB used,  9471.02 MB free, 16303.84 MB total
[2019.10.31-18.02.34:789][  0]LogMemory: Virtual Memory: 4626.85 MB used,  9471.02 MB free, 134217728.00 MB total
[2019.10.31-18.02.35:333][  0]LogInit: Using OS detected language (en-US).
[2019.10.31-18.02.35:333][  0]LogInit: Using OS detected locale (en-AU).
[2019.10.31-18.02.35:334][  0]LogTextLocalizationManager: No specific localization for 'en-US' exists, so the 'en' localization will be used.
[2019.10.31-18.02.35:726][  0]LogStreaming: Display: Took  0.393s to InitEngineTextLocalization.
[2019.10.31-18.02.35:726][  0]LogInit: Setting process to per monitor DPI aware
[2019.10.31-18.02.35:798][  0]LogSlate: New Slate User Created.  User Index 0, Is Virtual User: 0
[2019.10.31-18.02.35:799][  0]LogSlate: Slate User Registered.  User Index 0, Is Virtual User: 0
[2019.10.31-18.02.36:039][  0]LogHMD: Failed to initialize OpenVR with code 110
[2019.10.31-18.02.36:039][  0]LogD3D11RHI: D3D11 adapters:
[2019.10.31-18.02.36:131][  0]LogD3D11RHI:    0. 'NVIDIA GeForce GTX 1050' (Feature Level 11_0)
[2019.10.31-18.02.36:131][  0]LogD3D11RHI:       4021/0/8151 MB DedicatedVideo/DedicatedSystem/SharedSystem, Outputs:1, VendorId:0x10de
[2019.10.31-18.02.36:156][  0]LogD3D11RHI:    1. 'Intel(R) HD Graphics 630' (Feature Level 11_0)
[2019.10.31-18.02.36:156][  0]LogD3D11RHI:       128/0/8151 MB DedicatedVideo/DedicatedSystem/SharedSystem, Outputs:0, VendorId:0x8086
[2019.10.31-18.02.36:162][  0]LogD3D11RHI:    2. 'Microsoft Basic Render Driver' (Feature Level 11_0)
[2019.10.31-18.02.36:162][  0]LogD3D11RHI:       0/0/8151 MB DedicatedVideo/DedicatedSystem/SharedSystem, Outputs:0, VendorId:0x1414
[2019.10.31-18.02.36:163][  0]LogD3D11RHI: Chosen D3D11 Adapter: 0
[2019.10.31-18.02.36:198][  0]LogD3D11RHI: Creating new Direct3DDevice
[2019.10.31-18.02.36:198][  0]LogD3D11RHI:     GPU DeviceId: 0x1c8d (for the marketing name, search the web for "GPU Device Id")
[2019.10.31-18.02.36:198][  0]LogWindows: EnumDisplayDevices:
[2019.10.31-18.02.36:198][  0]LogWindows:    0. 'Intel(R) HD Graphics 630' (P:1 D:1)
[2019.10.31-18.02.36:199][  0]LogWindows:    1. 'Intel(R) HD Graphics 630' (P:0 D:0)
[2019.10.31-18.02.36:199][  0]LogWindows:    2. 'Intel(R) HD Graphics 630' (P:0 D:0)
[2019.10.31-18.02.36:200][  0]LogWindows: DebugString: PrimaryIsNotTheChoosenAdapter PrimaryIsNotTheChoosenAdapter PrimaryIsNotTheChoosenAdapter FoundDriverCount:0 
[2019.10.31-18.02.36:200][  0]LogD3D11RHI:     Adapter Name: NVIDIA GeForce GTX 1050
[2019.10.31-18.02.36:200][  0]LogD3D11RHI:   Driver Version: Unknown (internal:Unknown, unified:Unknown)
[2019.10.31-18.02.36:200][  0]LogD3D11RHI:      Driver Date: Unknown
[2019.10.31-18.02.36:200][  0]LogRHI: Texture pool is 2814 MB (70% of 4021 MB)
[2019.10.31-18.02.36:247][  0]LogD3D11RHI: Async texture creation enabled
[2019.10.31-18.02.36:311][  0]LogD3D11RHI: GPU Timing Frequency: 1000.000000 (Debug: 2 2)
[2019.10.31-18.02.36:312][  0]LogShaderCompilers: Guid format shader working directory is -41 characters bigger than the processId version (../../../../../Users/hi_it/OneDrive/Documents/GitHub/Chicken-Crimpy-Repository/DejaBrew/Intermediate/Shaders/WorkingDirectory/7160/).
[2019.10.31-18.02.36:312][  0]LogShaderCompilers: Cleaned the shader compiler working directory 'C:/Users/hi_it/AppData/Local/Temp/UnrealShaderWorkingDir/9C6575DD463FB291D313B89C8DF26F5C/'.
[2019.10.31-18.02.36:636][  0]LogTemp: Display: Loaded TP AllDesktopTargetPlatform
[2019.10.31-18.02.36:653][  0]LogTemp: Display: Loaded TP MacClientTargetPlatform
[2019.10.31-18.02.36:669][  0]LogTemp: Display: Loaded TP MacNoEditorTargetPlatform
[2019.10.31-18.02.36:686][  0]LogTemp: Display: Loaded TP MacServerTargetPlatform
[2019.10.31-18.02.36:701][  0]LogTemp: Display: Loaded TP MacTargetPlatform
[2019.10.31-18.02.36:718][  0]LogTemp: Display: Loaded TP WindowsClientTargetPlatform
[2019.10.31-18.02.36:737][  0]LogTemp: Display: Loaded TP WindowsNoEditorTargetPlatform
[2019.10.31-18.02.36:755][  0]LogTemp: Display: Loaded TP WindowsServerTargetPlatform
[2019.10.31-18.02.36:764][  0]LogTemp: Display: Loaded TP WindowsTargetPlatform
[2019.10.31-18.02.36:856][  0]LogTemp: Display: Loaded TP AndroidTargetPlatform
[2019.10.31-18.02.36:857][  0]LogTemp: Display: Loaded TP AndroidTargetPlatform
[2019.10.31-18.02.36:857][  0]LogTemp: Display: Loaded TP AndroidTargetPlatform
[2019.10.31-18.02.36:857][  0]LogTemp: Display: Loaded TP AndroidTargetPlatform
[2019.10.31-18.02.36:857][  0]LogTemp: Display: Loaded TP AndroidTargetPlatform
[2019.10.31-18.02.36:857][  0]LogTemp: Display: Loaded TP AndroidTargetPlatform
[2019.10.31-18.02.36:857][  0]LogTemp: Display: Loaded TP AndroidTargetPlatform
[2019.10.31-18.02.36:858][  0]LogTemp: Display: Loaded TP AndroidTargetPlatform
[2019.10.31-18.02.36:858][  0]LogTemp: Display: Loaded TP AndroidTargetPlatform
[2019.10.31-18.02.36:858][  0]LogTemp: Display: Loaded TP AndroidTargetPlatform
[2019.10.31-18.02.36:858][  0]LogTemp: Display: Loaded TP AndroidTargetPlatform
[2019.10.31-18.02.36:858][  0]LogTemp: Display: Loaded TP AndroidTargetPlatform
[2019.10.31-18.02.36:858][  0]LogTemp: Display: Loaded TP AndroidTargetPlatform
[2019.10.31-18.02.36:858][  0]LogTemp: Display: Loaded TP AndroidTargetPlatform
[2019.10.31-18.02.36:858][  0]LogTemp: Display: Loaded TP AndroidTargetPlatform
[2019.10.31-18.02.36:859][  0]LogTemp: Display: Loaded TP AndroidTargetPlatform
[2019.10.31-18.02.36:859][  0]LogTemp: Display: Loaded TP AndroidTargetPlatform
[2019.10.31-18.02.36:859][  0]LogTemp: Display: Loaded TP AndroidTargetPlatform
[2019.10.31-18.02.36:865][  0]LogTemp: Display: Loaded TP HTML5TargetPlatform
[2019.10.31-18.02.36:937][  0]LogTemp: Display: Loaded TP IOSTargetPlatform
[2019.10.31-18.02.36:937][  0]LogTemp: Display: Loaded TP IOSTargetPlatform
[2019.10.31-18.02.36:966][  0]LogTemp: Display: Loaded TP TVOSTargetPlatform
[2019.10.31-18.02.36:966][  0]LogTemp: Display: Loaded TP TVOSTargetPlatform
[2019.10.31-18.02.36:983][  0]LogTemp: Display: Loaded TP LinuxClientTargetPlatform
[2019.10.31-18.02.37:000][  0]LogTemp: Display: Loaded TP LinuxNoEditorTargetPlatform
[2019.10.31-18.02.37:017][  0]LogTemp: Display: Loaded TP LinuxServerTargetPlatform
[2019.10.31-18.02.37:033][  0]LogTemp: Display: Loaded TP LinuxTargetPlatform
[2019.10.31-18.02.37:046][  0]LogTemp: Display: Loaded TP LuminTargetPlatform
[2019.10.31-18.02.37:047][  0]LogTargetPlatformManager: Display: Building Assets For Windows
[2019.10.31-18.02.37:164][  0]LogXGEController: Cannot use XGE Controller as Incredibuild is not installed on this machine.
[2019.10.31-18.02.37:165][  0]LogShaderCompilers: Cannot use XGE Shader Compiler as Incredibuild is not installed on this machine.
[2019.10.31-18.02.37:165][  0]LogShaderCompilers: Display: Using Local Shader Compiler.
[2019.10.31-18.02.38:098][  0]LogDerivedDataCache: Display: Max Cache Size: 512 MB
[2019.10.31-18.02.38:155][  0]LogDerivedDataCache: Loaded boot cache 0.06s 80MB C:/Users/hi_it/AppData/Local/UnrealEngine/4.20/DerivedDataCache/Boot.ddc.
[2019.10.31-18.02.38:156][  0]LogDerivedDataCache: Display: Loaded Boot cache: C:/Users/hi_it/AppData/Local/UnrealEngine/4.20/DerivedDataCache/Boot.ddc
[2019.10.31-18.02.38:156][  0]LogDerivedDataCache: FDerivedDataBackendGraph:  Pak pak cache file ../../../../../Users/hi_it/OneDrive/Documents/GitHub/Chicken-Crimpy-Repository/DejaBrew/DerivedDataCache/DDC.ddp not found, will not use a pak cache.
[2019.10.31-18.02.38:156][  0]LogDerivedDataCache: Unable to find inner node Pak for hierarchical cache Hierarchy.
[2019.10.31-18.02.38:157][  0]LogDerivedDataCache: FDerivedDataBackendGraph:  CompressedPak pak cache file ../../../../../Users/hi_it/OneDrive/Documents/GitHub/Chicken-Crimpy-Repository/DejaBrew/DerivedDataCache/Compressed.ddp not found, will not use a pak cache.
[2019.10.31-18.02.38:157][  0]LogDerivedDataCache: Unable to find inner node CompressedPak for hierarchical cache Hierarchy.
[2019.10.31-18.02.38:173][  0]LogDerivedDataCache: Display: Pak cache opened for reading ../../../Engine/DerivedDataCache/Compressed.ddp.
[2019.10.31-18.02.38:187][  0]LogDerivedDataCache: Using Local data cache path C:/Users/hi_it/AppData/Local/UnrealEngine/Common/DerivedDataCache: Writable
[2019.10.31-18.02.38:188][  0]LogDerivedDataCache: Shared data cache path not found in *engine.ini, will not use an Shared cache.
[2019.10.31-18.02.38:188][  0]LogDerivedDataCache: Unable to find inner node Shared for hierarchical cache Hierarchy.
[2019.10.31-18.02.38:208][  0]LogMaterial: Verifying Global Shaders for PCD3D_SM5
[2019.10.31-18.02.38:210][  0]LogSlate: Using FreeType 2.6.0
[2019.10.31-18.02.38:211][  0]LogSlate: SlateFontServices - WITH_FREETYPE: 1, WITH_HARFBUZZ: 1
[2019.10.31-18.02.38:291][  0]LogAssetRegistry: FAssetRegistry took 0.0299 seconds to start up
[2019.10.31-18.02.38:650][  0]LogInit: Selected Device Profile: [Windows]
[2019.10.31-18.02.38:821][  0]LogSimplygon: Simplygon DLL not present - disabling.
[2019.10.31-18.02.38:830][  0]LogMeshReduction: Using SimplygonSwarm for distributed automatic mesh merging
[2019.10.31-18.02.38:830][  0]LogMeshReduction: Using ProxyLODMeshReduction for automatic mesh merging
[2019.10.31-18.02.38:830][  0]LogMeshReduction: Using QuadricMeshReduction for automatic static mesh reduction
[2019.10.31-18.02.38:830][  0]LogMeshReduction: No automatic skeletal mesh reduction module available
[2019.10.31-18.02.38:850][  0]LogNetVersion: DejaBrew 1.0.0, NetCL: 4212847, EngineNetVer: 5, GameNetVer: 0 (Checksum: 719251921)
[2019.10.31-18.02.39:421][  0]LogPackageLocalizationCache: Processed 11 localized package path(s) for 2 prioritized culture(s) in 0.136193 seconds
[2019.10.31-18.02.39:427][  0]LogUObjectArray: 38425 objects as part of root set at end of initial load.
[2019.10.31-18.02.39:428][  0]LogUObjectAllocator: 6690864 out of 0 bytes used by permanent object pool.
[2019.10.31-18.02.39:428][  0]LogUObjectArray: CloseDisregardForGC: 0/0 objects in disregard for GC pool
[2019.10.31-18.02.40:436][  0]LogTcpMessaging: Initializing TcpMessaging bridge
[2019.10.31-18.02.40:453][  0]LogUdpMessaging: Initializing bridge on interface 0.0.0.0:0 to multicast group 230.0.0.1:6666.
[2019.10.31-18.02.40:861][  0]SourceControl: Source control is disabled
[2019.10.31-18.02.40:861][  0]SourceControl: Source control is disabled
[2019.10.31-18.02.40:865][  0]SourceControl: Source control is disabled
[2019.10.31-18.02.40:868][  0]SourceControl: Source control is disabled
[2019.10.31-18.02.41:122][  0]LogAndroidPermission: UAndroidPermissionCallbackProxy::GetInstance
[2019.10.31-18.02.41:387][  0]LogOcInput: OculusInput pre-init called
[2019.10.31-18.02.41:459][  0]LogEngine: Initializing Engine...
[2019.10.31-18.02.41:460][  0]LogHMD: Failed to initialize OpenVR with code 110
[2019.10.31-18.02.41:462][  0]LogStats: UGameplayTagsManager::ConstructGameplayTagTree: ImportINI prefixes -  0.000 s
[2019.10.31-18.02.41:462][  0]LogStats: UGameplayTagsManager::ConstructGameplayTagTree: Construct from data asset -  0.000 s
[2019.10.31-18.02.41:462][  0]LogStats: UGameplayTagsManager::ConstructGameplayTagTree: ImportINI -  0.000 s
[2019.10.31-18.02.41:463][  0]LogStats: UGameplayTagsManager::ConstructGameplayTagTree: GameplayTagTreeChangedEvent.Broadcast -  0.000 s
[2019.10.31-18.02.41:693][  0]LogInit: Initializing FReadOnlyCVARCache
[2019.10.31-18.02.41:714][  0]LogAIModule: Creating AISystem for world Untitled
[2019.10.31-18.02.41:799][  0]LogInit: XAudio2 using 'Speakers (Realtek High Definition Audio)' : 6 channels at 48 kHz using 32 bits per sample (channel mask 0x3f)
[2019.10.31-18.02.41:886][  0]LogInit: FAudioDevice initialized.
[2019.10.31-18.02.41:886][  0]LogNetVersion: Set ProjectVersion to 1.0.0.0. Version Checksum will be recalculated on next use.
[2019.10.31-18.02.42:061][  0]LogDerivedDataCache: Saved boot cache 0.18s 80MB C:/Users/hi_it/AppData/Local/UnrealEngine/4.20/DerivedDataCache/Boot.ddc.
[2019.10.31-18.02.42:071][  0]LogInit: Texture streaming: Enabled
[2019.10.31-18.02.42:098][  0]LogEngineSessionManager: EngineSessionManager initialized
[2019.10.31-18.02.42:109][  0]LogInit: Transaction tracking system initialized
[2019.10.31-18.02.42:154][  0]BlueprintLog: New page: Editor Load
[2019.10.31-18.02.42:338][  0]LocalizationService: Localization service is disabled
[2019.10.31-18.02.42:647][  0]LogCook: Display: Max memory allowance for cook 16384mb min free memory 0mb
[2019.10.31-18.02.42:648][  0]LogCook: Display: Mobile HDR setting 1
[2019.10.31-18.02.42:648][  0]LogGameplayTags: Display: UGameplayTagsManager::DoneAddingNativeTags. DelegateIsBound: 0
[2019.10.31-18.02.42:648][  0]LogStats: UGameplayTagsManager::ConstructGameplayTagTree: ImportINI prefixes -  0.000 s
[2019.10.31-18.02.42:648][  0]LogStats: UGameplayTagsManager::ConstructGameplayTagTree: Construct from data asset -  0.000 s
[2019.10.31-18.02.42:648][  0]LogStats: UGameplayTagsManager::ConstructGameplayTagTree: ImportINI -  0.000 s
[2019.10.31-18.02.42:649][  0]LogStats: UGameplayTagsManager::ConstructGameplayTagTree: GameplayTagTreeChangedEvent.Broadcast -  0.000 s
[2019.10.31-18.02.42:847][  0]LogFileCache: Scanning file cache for directory 'C:/Users/hi_it/OneDrive/Documents/GitHub/Chicken-Crimpy-Repository/DejaBrew/Content/' took 0.02s
[2019.10.31-18.02.42:847][  0]SourceControl: Source control is disabled
[2019.10.31-18.02.42:848][  0]LightingResults: New page: Lighting Build
[2019.10.31-18.02.42:851][  0]MapCheck: New page: Map Check
[2019.10.31-18.02.42:852][  0]LightingResults: New page: Lighting Build
[2019.10.31-18.02.42:965][  0]LogLinker: Warning: Can't find file '/Game/SideScrollerCPP/Maps/SideScrollerExampleMap_BuiltData'
[2019.10.31-18.02.42:966][  0]LogLinker: Warning: Can't find file for asset '/Game/SideScrollerCPP/Maps/SideScrollerExampleMap_BuiltData' while loading ../../../../../Users/hi_it/OneDrive/Documents/GitHub/Chicken-Crimpy-Repository/DejaBrew/Content/SideScrollerCPP/Maps/SideScrollerExampleMap.umap.
[2019.10.31-18.02.42:966][  0]LoadErrors: Error: /Game/SideScrollerCPP/Maps/SideScrollerExampleMap : Can't find file for asset. /Game/SideScrollerCPP/Maps/SideScrollerExampleMap_BuiltData
[2019.10.31-18.02.42:982][  0]LogLinker: Warning: Can't find file '/Game/SideScrollerCPP/Maps/SideScrollerExampleMap_BuiltData'
[2019.10.31-18.02.42:982][  0]LogLinker: Warning: Can't find file for asset '/Game/SideScrollerCPP/Maps/SideScrollerExampleMap_BuiltData' while loading ../../../../../Users/hi_it/OneDrive/Documents/GitHub/Chicken-Crimpy-Repository/DejaBrew/Content/SideScrollerCPP/Maps/SideScrollerExampleMap.umap.
[2019.10.31-18.02.42:982][  0]LoadErrors: Error: /Game/SideScrollerCPP/Maps/SideScrollerExampleMap : Can't find file for asset. /Game/SideScrollerCPP/Maps/SideScrollerExampleMap_BuiltData
[2019.10.31-18.02.42:986][  0]LogLinker: Warning: Can't find file '/Game/SideScrollerCPP/Maps/SideScrollerExampleMap_BuiltData'
[2019.10.31-18.02.42:986][  0]LogLinker: Warning: Can't find file for asset '/Game/SideScrollerCPP/Maps/SideScrollerExampleMap_BuiltData' while loading NULL.
[2019.10.31-18.02.42:987][  0]LogLinker: Warning: Can't find file '/Game/SideScrollerCPP/Maps/SideScrollerExampleMap_BuiltData'
[2019.10.31-18.02.42:987][  0]LogLinker: Warning: Can't find file for asset '/Game/SideScrollerCPP/Maps/SideScrollerExampleMap_BuiltData' while loading NULL.
[2019.10.31-18.02.43:007][  0]LogLinker: Warning: Can't find file '/Game/SideScrollerCPP/Maps/SideScrollerExampleMap_BuiltData'
[2019.10.31-18.02.43:007][  0]LoadErrors: Failed to load /Game/SideScrollerCPP/Maps/SideScrollerExampleMap_BuiltData.SideScrollerExampleMap_BuiltData Referenced by PersistentLevel
[2019.10.31-18.02.43:008][  0]LogLinker: Warning: Can't find file for asset '/Game/SideScrollerCPP/Maps/SideScrollerExampleMap_BuiltData' while loading NULL.
[2019.10.31-18.02.43:008][  0]LoadErrors: Failed to load /Game/SideScrollerCPP/Maps/SideScrollerExampleMap_BuiltData.SideScrollerExampleMap_BuiltData Referenced by PersistentLevel
[2019.10.31-18.02.43:074][  0]LogAIModule: Creating AISystem for world SideScrollerExampleMap
[2019.10.31-18.02.43:087][  0]LogEditorServer: Finished looking for orphan Actors (0.000 secs)
[2019.10.31-18.02.43:110][  0]Cmd: MAP CHECKDEP NOCLEARLOG
[2019.10.31-18.02.43:197][  0]MapCheck: Map check complete: 0 Error(s), 0 Warning(s), took 86.469ms to complete.
[2019.10.31-18.02.43:197][  0]LogFileHelpers: Loading map 'SideScrollerExampleMap' took 0.350
[2019.10.31-18.02.43:332][  0]LogSlate: Updating window title bar state: overlay mode, drag disabled, window buttons hidden, title bar hidden
[2019.10.31-18.02.43:341][  0]LogSlate: Updating window title bar state: overlay mode, drag disabled, window buttons hidden, title bar hidden
[2019.10.31-18.02.43:349][  0]LogSlate: Updating window title bar state: overlay mode, drag disabled, window buttons hidden, title bar hidden
[2019.10.31-18.02.43:358][  0]LogSlate: Updating window title bar state: overlay mode, drag disabled, window buttons hidden, title bar hidden
[2019.10.31-18.02.43:369][  0]LogCollectionManager: Loaded 0 collections in 0.001885 seconds
[2019.10.31-18.02.43:418][  0]LogFileCache: Scanning file cache for directory 'C:/Users/hi_it/OneDrive/Documents/GitHub/Chicken-Crimpy-Repository/DejaBrew/Saved/Collections/' took 0.01s
[2019.10.31-18.02.43:418][  0]LogFileCache: Scanning file cache for directory 'C:/Users/hi_it/OneDrive/Documents/GitHub/Chicken-Crimpy-Repository/DejaBrew/Content/Developers/hiit/Collections/' took 0.01s
[2019.10.31-18.02.43:419][  0]LogFileCache: Scanning file cache for directory 'C:/Users/hi_it/OneDrive/Documents/GitHub/Chicken-Crimpy-Repository/DejaBrew/Content/Collections/' took 0.01s
[2019.10.31-18.02.43:419][  0]LogCollectionManager: Rebuilt the GUID cache for 0 collections in 0.000000 seconds
[2019.10.31-18.02.43:429][  0]LogContentBrowser: Native class hierarchy populated in 0.0097 seconds. Added 2575 classes and 605 folders.
[2019.10.31-18.02.43:436][  0]LogContentBrowser: Native class hierarchy updated for 'WidgetCarousel' in 0.0004 seconds. Added 0 classes and 0 folders.
[2019.10.31-18.02.43:479][  0]LogContentBrowser: Native class hierarchy updated for 'AddContentDialog' in 0.0004 seconds. Added 0 classes and 0 folders.
[2019.10.31-18.02.43:487][  0]LogContentBrowser: Native class hierarchy updated for 'SceneOutliner' in 0.0005 seconds. Added 1 classes and 2 folders.
[2019.10.31-18.02.44:644][  0]LogSlate: Only BGRA pngs, bmps or icos are supported in by External Image Picker
[2019.10.31-18.02.44:745][  0]LogContentBrowser: Native class hierarchy updated for 'HierarchicalLODOutliner' in 0.0004 seconds. Added 0 classes and 0 folders.
[2019.10.31-18.02.44:745][  0]LogLoad: (Engine Initialization) Total time: 12.23 seconds
[2019.10.31-18.02.44:745][  0]LogLoad: (Engine Initialization) Total Blueprint compile time: 0.00 seconds
[2019.10.31-18.02.44:785][  0]LogTemp: Executing iPhonePackager certificates Engine -bundlename com.YourCompany.DejaBrew
[2019.10.31-18.02.44:786][  0]LogTemp: CWD: C:\Program Files (x86)\UE_4.20\Engine\Binaries\DotNET\IOS
[2019.10.31-18.02.44:786][  0]LogTemp: Initial Dir: C:\Program Files (x86)\UE_4.20
[2019.10.31-18.02.44:786][  0]LogTemp: Env CWD: C:\Program Files (x86)\UE_4.20\Engine\Binaries\DotNET\IOS
[2019.10.31-18.02.44:786][  0]LogTemp: BranchPath = MSI/C/Program Files (x86)/UE_4.20/Engine/Binaries --- GameBranchPath = MSI/C/Program Files (x86)/UE_4.20/Engine/Binaries
[2019.10.31-18.02.44:786][  0]LogTemp: IPP ERROR: Could not find provision directory 'C:\Users\hi_it\AppData\Local/Apple Computer/MobileDevice/Provisioning Profiles/'.
[2019.10.31-18.02.44:807][  0]LogContentStreaming: Texture pool size now 1000 MB
[2019.10.31-18.02.44:812][  0]LogSlate: FSceneViewport::OnFocusLost() reason 2
[2019.10.31-18.02.44:827][  0]LogRenderer: Reallocating scene render targets to support 64x64 Format 10 NumSamples 1 (Frame:1).
[2019.10.31-18.02.44:859][  0]LogSlate: Took 0.000195 seconds to synchronously load lazily loaded font '../../../Engine/Content/Slate/Fonts/Roboto-Regular.ttf' (155K)
[2019.10.31-18.02.44:862][  0]LogSlate: Took 0.000194 seconds to synchronously load lazily loaded font '../../../Engine/Content/Slate/Fonts/Roboto-Bold.ttf' (160K)
[2019.10.31-18.02.44:868][  0]LogSlate: Took 0.000204 seconds to synchronously load lazily loaded font '../../../Engine/Content/Editor/Slate/Fonts/FontAwesome.ttf' (139K)
[2019.10.31-18.02.44:975][  0]LogRenderer: Reallocating scene render targets to support 736x360 Format 10 NumSamples 1 (Frame:1).
[2019.10.31-18.02.44:975][  0]LogSlate: Took 0.000449 seconds to synchronously load lazily loaded font '../../../Engine/Content/Slate/Fonts/Roboto-Light.ttf' (167K)
[2019.10.31-18.02.45:005][  1]LogFileCache: Retrieving MD5 hashes for directory 'C:/Users/hi_it/OneDrive/Documents/GitHub/Chicken-Crimpy-Repository/DejaBrew/Content/' took 0.23s
[2019.10.31-18.02.45:087][  1]LogAssetRegistry: Asset discovery search completed in 6.8218 seconds
[2019.10.31-18.02.45:091][  1]LogCollectionManager: Rebuilt the object cache for 0 collections in 0.000000 seconds (found 0 objects)
[2019.10.31-18.02.45:091][  1]LogCollectionManager: Fixed up redirectors for 0 collections in 0.000368 seconds (updated 0 objects)
[2019.10.31-18.02.51:767][385]LogRenderer: Reallocating scene render targets to support 736x364 Format 10 NumSamples 1 (Frame:388).
[2019.10.31-18.02.51:857][385]LogRenderer: Reallocating scene render targets to support 736x380 Format 10 NumSamples 1 (Frame:389).
[2019.10.31-18.02.51:924][385]LogRenderer: Reallocating scene render targets to support 736x392 Format 10 NumSamples 1 (Frame:390).
[2019.10.31-18.02.52:538][385]LogRenderer: Reallocating scene render targets to support 736x424 Format 10 NumSamples 1 (Frame:391).
[2019.10.31-18.02.56:713][601]LogSlate: FSceneViewport::OnFocusLost() reason 0
[2019.10.31-18.02.56:858][607]LogRenderer: Reallocating scene render targets to support 884x436 Format 10 NumSamples 1 (Frame:607).
[2019.10.31-18.03.00:852][846]LogSlate: Window 'Message Log' being destroyed
[2019.10.31-18.03.00:856][846]LogSlate: Window 'Message Log' being destroyed
[2019.10.31-18.03.01:985][914]LogTemp: Repeating last play command: New Editor Window (PIE)
[2019.10.31-18.03.02:007][914]LogBlueprintUserMessages: Early PlayInEditor Detection: Level '/Game/SideScrollerCPP/Maps/SideScrollerExampleMap.SideScrollerExampleMap:PersistentLevel' has LevelScriptBlueprint '/Game/SideScrollerCPP/Maps/SideScrollerExampleMap.SideScrollerExampleMap:PersistentLevel.SideScrollerExampleMap' with GeneratedClass '/Game/SideScrollerCPP/Maps/SideScrollerExampleMap.SideScrollerExampleMap_C' with ClassGeneratedBy '/Game/SideScrollerCPP/Maps/SideScrollerExampleMap.SideScrollerExampleMap:PersistentLevel.SideScrollerExampleMap'
[2019.10.31-18.03.02:008][914]LogPlayLevel: PlayLevel: No blueprints needed recompiling
[2019.10.31-18.03.02:024][914]PIE: New page: PIE session: SideScrollerExampleMap (1 Nov 2019 4:03:02 pm)
[2019.10.31-18.03.02:024][914]LogPlayLevel: Creating play world package: /Game/SideScrollerCPP/Maps/UEDPIE_0_SideScrollerExampleMap
[2019.10.31-18.03.02:049][914]LogPlayLevel: PIE: StaticDuplicateObject took: (0.025019s)
[2019.10.31-18.03.02:050][914]LogAIModule: Creating AISystem for world SideScrollerExampleMap
[2019.10.31-18.03.02:051][914]LogPlayLevel: PIE: World Init took: (0.001196s)
[2019.10.31-18.03.02:051][914]LogPlayLevel: PIE: Created PIE world by copying editor world from /Game/SideScrollerCPP/Maps/SideScrollerExampleMap.SideScrollerExampleMap to /Game/SideScrollerCPP/Maps/UEDPIE_0_SideScrollerExampleMap.SideScrollerExampleMap (0.026814s)
[2019.10.31-18.03.02:123][914]LogInit: XAudio2 using 'Speakers (Realtek High Definition Audio)' : 6 channels at 48 kHz using 32 bits per sample (channel mask 0x3f)
[2019.10.31-18.03.02:209][914]LogInit: FAudioDevice initialized.
[2019.10.31-18.03.02:221][914]LogSlate: Updating window title bar state: overlay mode, drag disabled, window buttons hidden, title bar hidden
[2019.10.31-18.03.02:335][914]LogLoad: Game class is 'DejaBrewGameMode'
[2019.10.31-18.03.02:339][914]LogWorld: Bringing World /Game/SideScrollerCPP/Maps/UEDPIE_0_SideScrollerExampleMap.SideScrollerExampleMap up for play (max tick rate 60) at 2019.11.01-05.03.02
[2019.10.31-18.03.02:340][914]LogWorld: Bringing up level for play took: 0.002522
[2019.10.31-18.03.02:360][914]LogContentBrowser: Native class hierarchy updated for 'MovieSceneCapture' in 0.0005 seconds. Added 10 classes and 0 folders.
[2019.10.31-18.03.02:364][914]PIE: Play in editor start time for /Game/SideScrollerCPP/Maps/UEDPIE_0_SideScrollerExampleMap -0.464
[2019.10.31-18.03.02:365][914]LogBlueprintUserMessages: Late PlayInEditor Detection: Level '/Game/SideScrollerCPP/Maps/SideScrollerExampleMap.SideScrollerExampleMap:PersistentLevel' has LevelScriptBlueprint '/Game/SideScrollerCPP/Maps/SideScrollerExampleMap.SideScrollerExampleMap:PersistentLevel.SideScrollerExampleMap' with GeneratedClass '/Game/SideScrollerCPP/Maps/SideScrollerExampleMap.SideScrollerExampleMap_C' with ClassGeneratedBy '/Game/SideScrollerCPP/Maps/SideScrollerExampleMap.SideScrollerExampleMap:PersistentLevel.SideScrollerExampleMap'
[2019.10.31-18.03.02:386][914]LogRenderer: Reallocating scene render targets to support 1024x576 Format 10 NumSamples 1 (Frame:1).
[2019.10.31-18.03.11:211][441]LogBlueprintUserMessages: Early EndPlayMap Detection: Level '/Game/SideScrollerCPP/Maps/SideScrollerExampleMap.SideScrollerExampleMap:PersistentLevel' has LevelScriptBlueprint '/Game/SideScrollerCPP/Maps/SideScrollerExampleMap.SideScrollerExampleMap:PersistentLevel.SideScrollerExampleMap' with GeneratedClass '/Game/SideScrollerCPP/Maps/SideScrollerExampleMap.SideScrollerExampleMap_C' with ClassGeneratedBy '/Game/SideScrollerCPP/Maps/SideScrollerExampleMap.SideScrollerExampleMap:PersistentLevel.SideScrollerExampleMap'
[2019.10.31-18.03.11:212][441]LogSlate: Updating window title bar state: overlay mode, drag disabled, window buttons hidden, title bar hidden
[2019.10.31-18.03.11:232][441]LogSlate: Window 'DejaBrew Game Preview Standalone (64-bit/PCD3D_SM5)' being destroyed
[2019.10.31-18.03.11:279][441]LogPlayLevel: Display: Shutting down PIE online subsystems
[2019.10.31-18.03.11:280][441]LogBlueprintUserMessages: Late EndPlayMap Detection: Level '/Game/SideScrollerCPP/Maps/SideScrollerExampleMap.SideScrollerExampleMap:PersistentLevel' has LevelScriptBlueprint '/Game/SideScrollerCPP/Maps/SideScrollerExampleMap.SideScrollerExampleMap:PersistentLevel.SideScrollerExampleMap' with GeneratedClass '/Game/SideScrollerCPP/Maps/SideScrollerExampleMap.SideScrollerExampleMap_C' with ClassGeneratedBy '/Game/SideScrollerCPP/Maps/SideScrollerExampleMap.SideScrollerExampleMap:PersistentLevel.SideScrollerExampleMap'
[2019.10.31-18.03.11:324][442]LogPlayLevel: Display: Destroying online subsystem :Context_3
[2019.10.31-18.03.12:809][524]LogSlate: Window 'DejaBrew - Unreal Editor' being destroyed
[2019.10.31-18.03.12:810][524]LogWindowsTextInputMethodSystem: Display: IME system now deactivated.
[2019.10.31-18.03.13:040][525]Cmd: QUIT_EDITOR
[2019.10.31-18.03.13:222][525]LogExit: Preparing to exit.
[2019.10.31-18.03.14:097][525]LogExit: Editor shut down
[2019.10.31-18.03.14:098][525]LogExit: Transaction tracking system shut down
[2019.10.31-18.03.14:471][525]LogExit: Object subsystem successfully closed.
[2019.10.31-18.03.14:514][525]LogShaderCompilers: Display: Shaders left to compile 0
[2019.10.31-18.03.14:518][525]LogD3D11RHI: Shutdown
[2019.10.31-18.03.14:519][525]LogD3D11RHI: CleanupD3DDevice
[2019.10.31-18.03.14:521][525]LogD3D11RHI: ~FD3D11DynamicRHI
[2019.10.31-18.03.14:544][525]LogModuleManager: Shutting down and abandoning module MovieSceneCapture (618)
[2019.10.31-18.03.14:545][525]LogModuleManager: Shutting down and abandoning module Voice (616)
[2019.10.31-18.03.14:545][525]LogModuleManager: Shutting down and abandoning module HierarchicalLODOutliner (614)
[2019.10.31-18.03.14:545][525]LogModuleManager: Shutting down and abandoning module ExternalImagePicker (612)
[2019.10.31-18.03.14:545][525]LogModuleManager: Shutting down and abandoning module SceneOutliner (610)
[2019.10.31-18.03.14:545][525]LogModuleManager: Shutting down and abandoning module AddContentDialog (608)
[2019.10.31-18.03.14:547][525]LogModuleManager: Shutting down and abandoning module WidgetCarousel (607)
[2019.10.31-18.03.14:547][525]LogModuleManager: Shutting down and abandoning module EditorWidgets (604)
[2019.10.31-18.03.14:547][525]LogModuleManager: Shutting down and abandoning module CollectionManager (602)
[2019.10.31-18.03.14:548][525]LogModuleManager: Shutting down and abandoning module StatsViewer (600)
[2019.10.31-18.03.14:548][525]LogModuleManager: Shutting down and abandoning module FoliageEdit (598)
[2019.10.31-18.03.14:548][525]LogModuleManager: Shutting down and abandoning module LandscapeEditor (596)
[2019.10.31-18.03.14:549][525]LogModuleManager: Shutting down and abandoning module MeshPaintMode (594)
[2019.10.31-18.03.14:549][525]LogModuleManager: Shutting down and abandoning module SceneDepthPickerMode (592)
[2019.10.31-18.03.14:549][525]LogModuleManager: Shutting down and abandoning module ActorPickerMode (590)
[2019.10.31-18.03.14:549][525]LogModuleManager: Shutting down and abandoning module GeometryMode (588)
[2019.10.31-18.03.14:549][525]LogModuleManager: Shutting down and abandoning module TextureAlignMode (586)
[2019.10.31-18.03.14:549][525]LogModuleManager: Shutting down and abandoning module BspMode (584)
[2019.10.31-18.03.14:549][525]LogModuleManager: Shutting down and abandoning module PIEPreviewDeviceProfileSelector (582)
[2019.10.31-18.03.14:549][525]LogModuleManager: Shutting down and abandoning module SequenceRecorderSections (580)
[2019.10.31-18.03.14:550][525]LogModuleManager: Shutting down and abandoning module AutomationWorker (578)
[2019.10.31-18.03.14:550][525]LogModuleManager: Shutting down and abandoning module AudioCaptureEditor (576)
[2019.10.31-18.03.14:550][525]LogModuleManager: Shutting down and abandoning module SequenceRecorder (575)
[2019.10.31-18.03.14:550][525]LogModuleManager: Shutting down and abandoning module MatineeToLevelSequence (572)
[2019.10.31-18.03.14:550][525]LogModuleManager: Shutting down and abandoning module LevelSequenceEditor (570)
[2019.10.31-18.03.14:550][525]LogModuleManager: Shutting down and abandoning module PlacementMode (569)
[2019.10.31-18.03.14:550][525]LogModuleManager: Shutting down and abandoning module MaterialEditor (568)
[2019.10.31-18.03.14:550][525]LogModuleManager: Shutting down and abandoning module WmfMediaFactory (564)
[2019.10.31-18.03.14:550][525]LogModuleManager: Shutting down and abandoning module WmfMediaEditor (562)
[2019.10.31-18.03.14:551][525]LogModuleManager: Shutting down and abandoning module MediaPlayerEditor (560)
[2019.10.31-18.03.14:551][525]LogModuleManager: Shutting down and abandoning module OpenExrWrapper (558)
[2019.10.31-18.03.14:551][525]LogModuleManager: Shutting down and abandoning module ImgMediaFactory (556)
[2019.10.31-18.03.14:551][525]LogModuleManager: Shutting down and abandoning module ImgMediaEditor (554)
[2019.10.31-18.03.14:551][525]LogModuleManager: Shutting down and abandoning module AvfMediaFactory (552)
[2019.10.31-18.03.14:551][525]LogModuleManager: Shutting down and abandoning module AvfMediaEditor (550)
[2019.10.31-18.03.14:551][525]LogModuleManager: Shutting down and abandoning module AndroidMediaFactory (548)
[2019.10.31-18.03.14:551][525]LogModuleManager: Shutting down and abandoning module AndroidMediaEditor (546)
[2019.10.31-18.03.14:551][525]LogModuleManager: Shutting down and abandoning module MagicLeapCameraPreviewFactory (544)
[2019.10.31-18.03.14:551][525]LogModuleManager: Shutting down and abandoning module MagicLeapMediaFactory (542)
[2019.10.31-18.03.14:552][525]LogModuleManager: Shutting down and abandoning module MagicLeapMediaEditor (540)
[2019.10.31-18.03.14:552][525]LogModuleManager: Shutting down and abandoning module CharacterAI (538)
[2019.10.31-18.03.14:552][525]LogModuleManager: Shutting down and abandoning module SmartSnapping (536)
[2019.10.31-18.03.14:552][525]LogModuleManager: Shutting down and abandoning module SessionServices (534)
[2019.10.31-18.03.14:552][525]LogModuleManager: Shutting down and abandoning module ViewportSnapping (532)
[2019.10.31-18.03.14:552][525]LogModuleManager: Shutting down and abandoning module ViewportInteraction (530)
[2019.10.31-18.03.14:552][525]LogModuleManager: Shutting down and abandoning module ClothPainter (528)
[2019.10.31-18.03.14:552][525]LogModuleManager: Shutting down and abandoning module SkeletalMeshEditor (527)
[2019.10.31-18.03.14:552][525]LogModuleManager: Shutting down and abandoning module LogVisualizer (524)
[2019.10.31-18.03.14:552][525]LogModuleManager: Shutting down and abandoning module IntroTutorials (522)
[2019.10.31-18.03.14:552][525]LogModuleManager: Shutting down and abandoning module GameProjectGeneration (521)
[2019.10.31-18.03.14:553][525]LogModuleManager: Shutting down and abandoning module LuminPlatformEditor (518)
[2019.10.31-18.03.14:553][525]LogModuleManager: Shutting down and abandoning module IOSPlatformEditor (516)
[2019.10.31-18.03.14:553][525]LogModuleManager: Shutting down and abandoning module HTML5PlatformEditor (514)
[2019.10.31-18.03.14:553][525]LogModuleManager: Shutting down and abandoning module AndroidPlatformEditor (512)
[2019.10.31-18.03.14:553][525]LogModuleManager: Shutting down and abandoning module AndroidDeviceDetection (511)
[2019.10.31-18.03.14:670][525]LogModuleManager: Shutting down and abandoning module WindowsPlatformEditor (508)
[2019.10.31-18.03.14:670][525]LogModuleManager: Shutting down and abandoning module LuminRuntimeSettings (506)
[2019.10.31-18.03.14:671][525]LogModuleManager: Shutting down and abandoning module IOSRuntimeSettings (504)
[2019.10.31-18.03.14:671][525]LogModuleManager: Shutting down and abandoning module AndroidRuntimeSettings (502)
[2019.10.31-18.03.14:671][525]LogModuleManager: Shutting down and abandoning module InputBindingEditor (500)
[2019.10.31-18.03.14:671][525]LogModuleManager: Shutting down and abandoning module MergeActors (498)
[2019.10.31-18.03.14:671][525]LogModuleManager: Shutting down and abandoning module LocalizationDashboard (496)
[2019.10.31-18.03.14:672][525]LogModuleManager: Shutting down and abandoning module LocalizationService (495)
[2019.10.31-18.03.14:672][525]LogModuleManager: Shutting down and abandoning module HardwareTargeting (492)
[2019.10.31-18.03.14:672][525]LogModuleManager: Shutting down and abandoning module DeviceProfileEditor (490)
[2019.10.31-18.03.14:672][525]LogModuleManager: Shutting down and abandoning module UndoHistory (488)
[2019.10.31-18.03.14:672][525]LogModuleManager: Shutting down and abandoning module XmlParser (486)
[2019.10.31-18.03.14:672][525]LogModuleManager: Shutting down and abandoning module Blutility (484)
[2019.10.31-18.03.14:672][525]LogModuleManager: Shutting down and abandoning module ProjectSettingsViewer (482)
[2019.10.31-18.03.14:673][525]LogModuleManager: Shutting down and abandoning module ProjectTargetPlatformEditor (481)
[2019.10.31-18.03.14:673][525]LogModuleManager: Shutting down and abandoning module EditorSettingsViewer (478)
[2019.10.31-18.03.14:673][525]LogModuleManager: Shutting down and abandoning module SettingsEditor (476)
[2019.10.31-18.03.14:673][525]LogModuleManager: Shutting down and abandoning module ProjectLauncher (474)
[2019.10.31-18.03.14:673][525]LogModuleManager: Shutting down and abandoning module SessionFrontend (472)
[2019.10.31-18.03.14:673][525]LogModuleManager: Shutting down and abandoning module ProfilerClient (470)
[2019.10.31-18.03.14:674][525]LogModuleManager: Shutting down and abandoning module DeviceManager (468)
[2019.10.31-18.03.14:674][525]LogModuleManager: Shutting down and abandoning module TargetDeviceServices (467)
[2019.10.31-18.03.14:729][525]LogModuleManager: Shutting down and abandoning module AutomationController (464)
[2019.10.31-18.03.14:729][525]LogModuleManager: Shutting down and abandoning module AutomationWindow (462)
[2019.10.31-18.03.14:729][525]LogModuleManager: Shutting down and abandoning module Layers (460)
[2019.10.31-18.03.14:729][525]LogModuleManager: Shutting down and abandoning module ComponentVisualizers (458)
[2019.10.31-18.03.14:729][525]LogModuleManager: Shutting down and abandoning module DetailCustomizations (456)
[2019.10.31-18.03.14:730][525]LogModuleManager: Shutting down and abandoning module PackagesDialog (454)
[2019.10.31-18.03.14:730][525]LogModuleManager: Shutting down and abandoning module Persona (452)
[2019.10.31-18.03.14:730][525]LogModuleManager: Shutting down and abandoning module AdvancedPreviewScene (451)
[2019.10.31-18.03.14:730][525]LogModuleManager: Shutting down and abandoning module AnimGraph (449)
[2019.10.31-18.03.14:730][525]LogModuleManager: Shutting down and abandoning module Kismet (446)
[2019.10.31-18.03.14:731][525]LogModuleManager: Shutting down and abandoning module GraphEditor (444)
[2019.10.31-18.03.14:731][525]LogModuleManager: Shutting down and abandoning module ClassViewer (442)
[2019.10.31-18.03.14:731][525]LogModuleManager: Shutting down and abandoning module Toolbox (440)
[2019.10.31-18.03.14:731][525]LogModuleManager: Shutting down and abandoning module DesktopPlatform (439)
[2019.10.31-18.03.14:731][525]LogModuleManager: Shutting down and abandoning module ModuleUI (436)
[2019.10.31-18.03.14:731][525]LogModuleManager: Shutting down and abandoning module MovieSceneTools (434)
[2019.10.31-18.03.14:731][525]LogModuleManager: Shutting down and abandoning module OutputLog (432)
[2019.10.31-18.03.14:731][525]LogModuleManager: Shutting down and abandoning module GammaUI (430)
[2019.10.31-18.03.14:732][525]LogModuleManager: Shutting down and abandoning module Documentation (428)
[2019.10.31-18.03.14:732][525]LogModuleManager: Shutting down and abandoning module MovieSceneTracks (426)
[2019.10.31-18.03.14:732][525]LogModuleManager: Shutting down and abandoning module MovieScene (424)
[2019.10.31-18.03.14:732][525]LogModuleManager: Shutting down and abandoning module StreamingPauseRendering (422)
[2019.10.31-18.03.14:732][525]LogModuleManager: Shutting down and abandoning module LauncherPlatform (420)
[2019.10.31-18.03.14:732][525]LogModuleManager: Shutting down and abandoning module AnalyticsET (418)
[2019.10.31-18.03.14:732][525]LogModuleManager: Shutting down and abandoning module PortalServices (416)
[2019.10.31-18.03.14:732][525]LogModuleManager: Shutting down and abandoning module PortalRpc (414)
[2019.10.31-18.03.14:733][525]LogModuleManager: Shutting down and abandoning module MessagingRpc (412)
[2019.10.31-18.03.14:733][525]LogModuleManager: Shutting down and abandoning module AIModule (410)
[2019.10.31-18.03.14:733][525]LogModuleManager: Shutting down and abandoning module GameplayDebugger (409)
[2019.10.31-18.03.14:733][525]LogModuleManager: Shutting down and abandoning module AITestSuite (407)
[2019.10.31-18.03.14:733][525]LogModuleManager: Shutting down and abandoning module NavigationSystem (405)
[2019.10.31-18.03.14:733][525]LogModuleManager: Shutting down and abandoning module ProfilerService (402)
[2019.10.31-18.03.14:830][525]LogModuleManager: Shutting down and abandoning module TaskGraph (400)
[2019.10.31-18.03.14:830][525]LogModuleManager: Shutting down and abandoning module SteamVRController (398)
[2019.10.31-18.03.14:830][525]LogModuleManager: Shutting down and abandoning module ProceduralMeshComponentEditor (396)
[2019.10.31-18.03.14:830][525]LogModuleManager: Shutting down and abandoning module ProceduralMeshComponent (394)
[2019.10.31-18.03.14:831][525]LogModuleManager: Shutting down and abandoning module OculusInput (392)
[2019.10.31-18.03.14:831][525]LogModuleManager: Shutting down and abandoning module MobilePatchingUtils (390)
[2019.10.31-18.03.14:831][525]LogModuleManager: Shutting down and abandoning module EditableMesh (388)
[2019.10.31-18.03.14:831][525]LogModuleManager: Shutting down and abandoning module CustomMeshComponent (386)
[2019.10.31-18.03.14:832][525]LogModuleManager: Shutting down and abandoning module CableComponent (384)
[2019.10.31-18.03.14:832][525]LogModuleManager: Shutting down and abandoning module AudioCapture (382)
[2019.10.31-18.03.14:832][525]LogModuleManager: Shutting down and abandoning module ArchVisCharacter (380)
[2019.10.31-18.03.14:832][525]LogModuleManager: Shutting down and abandoning module AndroidPermission (378)
[2019.10.31-18.03.14:833][525]LogModuleManager: Shutting down and abandoning module NUTUnrealEngine4 (376)
[2019.10.31-18.03.14:833][525]LogModuleManager: Shutting down and abandoning module NetcodeUnitTest (374)
[2019.10.31-18.03.14:833][525]LogModuleManager: Shutting down and abandoning module MediaCompositingEditor (372)
[2019.10.31-18.03.14:834][525]LogModuleManager: Shutting down and abandoning module MediaCompositing (370)
[2019.10.31-18.03.14:834][525]LogModuleManager: Shutting down and abandoning module LinearTimecode (368)
[2019.10.31-18.03.14:834][525]LogModuleManager: Shutting down and abandoning module ImgMedia (366)
[2019.10.31-18.03.14:853][525]LogModuleManager: Shutting down and abandoning module HTML5Networking (364)
[2019.10.31-18.03.14:853][525]LogModuleManager: Shutting down and abandoning module GeometryCacheTracks (362)
[2019.10.31-18.03.14:853][525]LogModuleManager: Shutting down and abandoning module GeometryCacheSequencer (360)
[2019.10.31-18.03.14:853][525]LogModuleManager: Shutting down and abandoning module BackChannel (358)
[2019.10.31-18.03.14:853][525]LogModuleManager: Shutting down and abandoning module AppleVision (356)
[2019.10.31-18.03.14:854][525]LogModuleManager: Shutting down and abandoning module AppleImageUtils (354)
[2019.10.31-18.03.14:854][525]LogModuleManager: Shutting down and abandoning module AlembicImporter (352)
[2019.10.31-18.03.14:854][525]LogModuleManager: Shutting down and abandoning module AlembicLibrary (351)
[2019.10.31-18.03.14:854][525]LogModuleManager: Shutting down and abandoning module GeometryCache (350)
[2019.10.31-18.03.14:854][525]LogModuleManager: Shutting down and abandoning module GeometryCacheEd (349)
[2019.10.31-18.03.14:854][525]LogModuleManager: Shutting down and abandoning module DatasmithContentEditor (344)
[2019.10.31-18.03.14:854][525]LogModuleManager: Shutting down and abandoning module DatasmithContent (342)
[2019.10.31-18.03.14:855][525]LogModuleManager: Shutting down and abandoning module SpeedTreeImporter (340)
[2019.10.31-18.03.14:855][525]LogModuleManager: Shutting down and abandoning module PluginBrowser (338)
[2019.10.31-18.03.14:855][525]LogModuleManager: Shutting down and abandoning module MobileLauncherProfileWizard (336)
[2019.10.31-18.03.14:855][525]LogModuleManager: Shutting down and abandoning module PolygonModeling (334)
[2019.10.31-18.03.14:855][525]LogModuleManager: Shutting down and abandoning module MeshEditor (332)
[2019.10.31-18.03.14:855][525]LogModuleManager: Shutting down and abandoning module CryptoKeysOpenSSL (330)
[2019.10.31-18.03.14:855][525]LogModuleManager: Shutting down and abandoning module CryptoKeys (328)
[2019.10.31-18.03.14:855][525]LogModuleManager: Shutting down and abandoning module VisualStudioSourceCodeAccess (326)
[2019.10.31-18.03.14:856][525]LogModuleManager: Shutting down and abandoning module VisualStudioCodeSourceCodeAccess (324)
[2019.10.31-18.03.14:856][525]LogModuleManager: Shutting down and abandoning module UObjectPlugin (322)
[2019.10.31-18.03.14:856][525]LogModuleManager: Shutting down and abandoning module SubversionSourceControl (320)
[2019.10.31-18.03.14:856][525]LogModuleManager: Shutting down and abandoning module PerforceSourceControl (318)
[2019.10.31-18.03.14:856][525]LogModuleManager: Shutting down and abandoning module GitSourceControl (316)
[2019.10.31-18.03.14:856][525]LogModuleManager: Shutting down and abandoning module SourceControl (315)
[2019.10.31-18.03.14:856][525]LogModuleManager: Shutting down and abandoning module CLionSourceCodeAccess (312)
[2019.10.31-18.03.14:856][525]LogModuleManager: Shutting down and abandoning module LightPropagationVolumeEditor (310)
[2019.10.31-18.03.14:856][525]LogModuleManager: Shutting down and abandoning module PaperTiledImporter (308)
[2019.10.31-18.03.14:856][525]LogModuleManager: Shutting down and abandoning module PaperSpriteSheetImporter (306)
[2019.10.31-18.03.14:857][525]LogModuleManager: Shutting down and abandoning module Paper2DEditor (304)
[2019.10.31-18.03.14:857][525]LogModuleManager: Shutting down and abandoning module MeshPaint (303)
[2019.10.31-18.03.14:857][525]LogModuleManager: Shutting down and abandoning module DejaBrew (300)
[2019.10.31-18.03.14:857][525]LogModuleManager: Shutting down and abandoning module RuntimePhysXCooking (298)
[2019.10.31-18.03.14:857][525]LogModuleManager: Shutting down and abandoning module PhysXVehiclesEditor (296)
[2019.10.31-18.03.14:857][525]LogModuleManager: Shutting down and abandoning module PhysXVehicles (294)
[2019.10.31-18.03.14:857][525]LogModuleManager: Shutting down and abandoning module OculusEditor (292)
[2019.10.31-18.03.14:857][525]LogModuleManager: Shutting down and abandoning module LocationServicesBPLibrary (290)
[2019.10.31-18.03.14:857][525]LogModuleManager: Shutting down and abandoning module ImmediatePhysicsEditor (288)
[2019.10.31-18.03.14:857][525]LogModuleManager: Shutting down and abandoning module ImmediatePhysics (286)
[2019.10.31-18.03.14:857][525]LogModuleManager: Shutting down and abandoning module ActorSequence (284)
[2019.10.31-18.03.14:858][525]LogModuleManager: Shutting down and abandoning module UdpMessaging (282)
[2019.10.31-18.03.14:959][525]LogModuleManager: Shutting down and abandoning module TcpMessaging (280)
[2019.10.31-18.03.15:062][525]LogModuleManager: Shutting down and abandoning module MagicLeapAudio (278)
[2019.10.31-18.03.15:062][525]LogModuleManager: Shutting down and abandoning module GameplayTagsEditor (276)
[2019.10.31-18.03.15:062][525]LogModuleManager: Shutting down and abandoning module FacialAnimationEditor (274)
[2019.10.31-18.03.15:062][525]LogModuleManager: Shutting down and abandoning module FacialAnimation (272)
[2019.10.31-18.03.15:062][525]LogModuleManager: Shutting down and abandoning module DataValidation (270)
[2019.10.31-18.03.15:062][525]LogModuleManager: Shutting down and abandoning module AssetManagerEditor (268)
[2019.10.31-18.03.15:062][525]LogModuleManager: Shutting down and abandoning module LevelEditor (267)
[2019.10.31-18.03.15:063][525]LogModuleManager: Shutting down and abandoning module PixelInspectorModule (266)
[2019.10.31-18.03.15:063][525]LogModuleManager: Shutting down and abandoning module CommonMenuExtensions (264)
[2019.10.31-18.03.15:064][525]LogModuleManager: Shutting down and abandoning module MainFrame (262)
[2019.10.31-18.03.15:064][525]LogModuleManager: Shutting down and abandoning module HotReload (261)
[2019.10.31-18.03.15:064][525]LogModuleManager: Shutting down and abandoning module ContentBrowser (257)
[2019.10.31-18.03.15:065][525]LogModuleManager: Shutting down and abandoning module TreeMap (255)
[2019.10.31-18.03.15:066][525]LogModuleManager: Shutting down and abandoning module LightPropagationVolumeRuntime (252)
[2019.10.31-18.03.15:066][525]LogModuleManager: Shutting down and abandoning module AISupportModule (250)
[2019.10.31-18.03.15:066][525]LogModuleManager: Shutting down and abandoning module Paper2D (248)
[2019.10.31-18.03.15:066][525]LogModuleManager: Shutting down and abandoning module WindowsMoviePlayer (246)
[2019.10.31-18.03.15:066][525]LogModuleManager: Shutting down and abandoning module WmfMedia (244)
[2019.10.31-18.03.15:070][525]LogModuleManager: Shutting down and abandoning module Media (243)
[2019.10.31-18.03.15:077][525]LogModuleManager: Shutting down and abandoning module PacketHandler (240)
[2019.10.31-18.03.15:077][525]LogModuleManager: Shutting down and abandoning module ClothingSystemEditor (238)
[2019.10.31-18.03.15:078][525]LogModuleManager: Shutting down and abandoning module ClothingSystemRuntime (236)
[2019.10.31-18.03.15:078][525]LogModuleManager: Shutting down and abandoning module MediaAssets (234)
[2019.10.31-18.03.15:078][525]LogModuleManager: Shutting down and abandoning module Overlay (232)
[2019.10.31-18.03.15:078][525]LogModuleManager: Shutting down and abandoning module OverlayEditor (231)
[2019.10.31-18.03.15:078][525]LogModuleManager: Shutting down and abandoning module VREditor (228)
[2019.10.31-18.03.15:078][525]LogModuleManager: Shutting down and abandoning module StringTableEditor (226)
[2019.10.31-18.03.15:078][525]LogModuleManager: Shutting down and abandoning module GameplayTasksEditor (224)
[2019.10.31-18.03.15:079][525]LogModuleManager: Shutting down and abandoning module BehaviorTreeEditor (222)
[2019.10.31-18.03.15:079][525]LogModuleManager: Shutting down and abandoning module FunctionalTesting (220)
[2019.10.31-18.03.15:079][525]LogModuleManager: Shutting down and abandoning module CollisionAnalyzer (218)
[2019.10.31-18.03.15:079][525]LogModuleManager: Shutting down and abandoning module WorkspaceMenuStructure (217)
[2019.10.31-18.03.15:079][525]LogModuleManager: Shutting down and abandoning module UMG (214)
[2019.10.31-18.03.15:080][525]LogModuleManager: Shutting down and abandoning module UMGEditor (213)
[2019.10.31-18.03.15:080][525]LogModuleManager: Shutting down and abandoning module Sequencer (212)
[2019.10.31-18.03.15:080][525]LogModuleManager: Shutting down and abandoning module MessageLog (209)
[2019.10.31-18.03.15:080][525]LogModuleManager: Shutting down and abandoning module SlateReflector (204)
[2019.10.31-18.03.15:080][525]LogModuleManager: Shutting down and abandoning module Slate (202)
[2019.10.31-18.03.15:080][525]LogModuleManager: Shutting down and abandoning module EditorStyle (200)
[2019.10.31-18.03.15:082][525]LogModuleManager: Shutting down and abandoning module MRMesh (198)
[2019.10.31-18.03.15:082][525]LogModuleManager: Shutting down and abandoning module SourceCodeAccess (196)
[2019.10.31-18.03.15:083][525]LogModuleManager: Shutting down and abandoning module HeadMountedDisplay (194)
[2019.10.31-18.03.15:083][525]LogModuleManager: Shutting down and abandoning module XAudio2 (192)
[2019.10.31-18.03.15:083][525]LogModuleManager: Shutting down and abandoning module Networking (190)
[2019.10.31-18.03.15:083][525]LogModuleManager: Shutting down and abandoning module Core (188)
[2019.10.31-18.03.15:083][525]LogModuleManager: Shutting down and abandoning module LevelSequence (186)
[2019.10.31-18.03.15:083][525]LogModuleManager: Shutting down and abandoning module KismetCompiler (184)
[2019.10.31-18.03.15:083][525]LogModuleManager: Shutting down and abandoning module MeshUtilities (182)
[2019.10.31-18.03.15:083][525]LogModuleManager: Shutting down and abandoning module MeshMergeUtilities (181)
[2019.10.31-18.03.15:083][525]LogModuleManager: Shutting down and abandoning module MeshReductionInterface (180)
[2019.10.31-18.03.15:084][525]LogModuleManager: Shutting down and abandoning module SimplygonSwarm (179)
[2019.10.31-18.03.15:084][525]LogModuleManager: Shutting down and abandoning module ProxyLODMeshReduction (177)
[2019.10.31-18.03.15:084][525]LogModuleManager: Shutting down and abandoning module SimplygonMeshReduction (175)
[2019.10.31-18.03.15:084][525]LogModuleManager: Shutting down and abandoning module QuadricMeshReduction (173)
[2019.10.31-18.03.15:084][525]LogModuleManager: Shutting down and abandoning module MaterialBaking (169)
[2019.10.31-18.03.15:084][525]LogModuleManager: Shutting down and abandoning module DirectoryWatcher (165)
[2019.10.31-18.03.15:084][525]LogModuleManager: Shutting down and abandoning module DerivedDataCache (162)
[2019.10.31-18.03.15:403][525]LogDerivedDataCache: Shutdown
[2019.10.31-18.03.15:403][525]LogModuleManager: Shutting down and abandoning module XGEController (160)
[2019.10.31-18.03.15:403][525]LogModuleManager: Shutting down and abandoning module TargetPlatform (158)
[2019.10.31-18.03.15:404][525]LogModuleManager: Shutting down and abandoning module VulkanShaderFormat (157)
[2019.10.31-18.03.15:404][525]LogModuleManager: Shutting down and abandoning module ShaderFormatVectorVM (155)
[2019.10.31-18.03.15:404][525]LogModuleManager: Shutting down and abandoning module ShaderFormatOpenGL (153)
[2019.10.31-18.03.15:404][525]LogModuleManager: Shutting down and abandoning module ShaderFormatD3D (151)
[2019.10.31-18.03.15:404][525]LogModuleManager: Shutting down and abandoning module MetalShaderFormat (149)
[2019.10.31-18.03.15:405][525]LogModuleManager: Shutting down and abandoning module TextureFormatUncompressed (147)
[2019.10.31-18.03.15:405][525]LogModuleManager: Shutting down and abandoning module TextureFormatPVR (145)
[2019.10.31-18.03.15:405][525]LogModuleManager: Shutting down and abandoning module TextureFormatDXT (143)
[2019.10.31-18.03.15:405][525]LogModuleManager: Shutting down and abandoning module TextureFormatIntelISPCTexComp (141)
[2019.10.31-18.03.15:409][525]LogModuleManager: Shutting down and abandoning module TextureFormatASTC (139)
[2019.10.31-18.03.15:409][525]LogModuleManager: Shutting down and abandoning module ImageWrapper (138)
[2019.10.31-18.03.15:409][525]LogModuleManager: Shutting down and abandoning module TextureFormatAndroid (135)
[2019.10.31-18.03.15:409][525]LogModuleManager: Shutting down and abandoning module AudioFormatOpus (133)
[2019.10.31-18.03.15:410][525]LogModuleManager: Shutting down and abandoning module AudioFormatOgg (131)
[2019.10.31-18.03.15:410][525]LogModuleManager: Shutting down and abandoning module AudioFormatADPCM (129)
[2019.10.31-18.03.15:410][525]LogModuleManager: Shutting down and abandoning module LuminTargetPlatform (127)
[2019.10.31-18.03.15:410][525]LogModuleManager: Shutting down and abandoning module LinuxTargetPlatform (125)
[2019.10.31-18.03.15:410][525]LogModuleManager: Shutting down and abandoning module LinuxServerTargetPlatform (123)
[2019.10.31-18.03.15:410][525]LogModuleManager: Shutting down and abandoning module LinuxNoEditorTargetPlatform (121)
[2019.10.31-18.03.15:411][525]LogModuleManager: Shutting down and abandoning module LinuxClientTargetPlatform (119)
[2019.10.31-18.03.15:411][525]LogModuleManager: Shutting down and abandoning module TVOSTargetPlatform (117)
[2019.10.31-18.03.15:413][525]LogModuleManager: Shutting down and abandoning module Messaging (115)
[2019.10.31-18.03.15:413][525]LogModuleManager: Shutting down and abandoning module IOSTargetPlatform (113)
[2019.10.31-18.03.15:415][525]LogModuleManager: Shutting down and abandoning module HTML5TargetPlatform (111)
[2019.10.31-18.03.15:415][525]LogModuleManager: Shutting down and abandoning module AndroidTargetPlatform (109)
[2019.10.31-18.03.15:426][525]LogModuleManager: Shutting down and abandoning module WindowsTargetPlatform (107)
[2019.10.31-18.03.15:426][525]LogModuleManager: Shutting down and abandoning module WindowsServerTargetPlatform (105)
[2019.10.31-18.03.15:426][525]LogModuleManager: Shutting down and abandoning module WindowsNoEditorTargetPlatform (103)
[2019.10.31-18.03.15:426][525]LogModuleManager: Shutting down and abandoning module WindowsClientTargetPlatform (101)
[2019.10.31-18.03.15:427][525]LogModuleManager: Shutting down and abandoning module MacTargetPlatform (99)
[2019.10.31-18.03.15:427][525]LogModuleManager: Shutting down and abandoning module MacServerTargetPlatform (97)
[2019.10.31-18.03.15:427][525]LogModuleManager: Shutting down and abandoning module MacNoEditorTargetPlatform (95)
[2019.10.31-18.03.15:427][525]LogModuleManager: Shutting down and abandoning module MacClientTargetPlatform (93)
[2019.10.31-18.03.15:427][525]LogModuleManager: Shutting down and abandoning module AllDesktopTargetPlatform (91)
[2019.10.31-18.03.15:428][525]LogModuleManager: Shutting down and abandoning module InputCore (88)
[2019.10.31-18.03.15:428][525]LogModuleManager: Shutting down and abandoning module Settings (86)
[2019.10.31-18.03.15:428][525]LogModuleManager: Shutting down and abandoning module PhysXCooking (84)
[2019.10.31-18.03.15:428][525]LogModuleManager: Shutting down and abandoning module SteamVR (82)
[2019.10.31-18.03.15:428][525]LogModuleManager: Shutting down and abandoning module OculusHMD (80)
[2019.10.31-18.03.15:429][525]LogModuleManager: Shutting down and abandoning module ExampleDeviceProfileSelector (78)
[2019.10.31-18.03.15:429][525]LogModuleManager: Shutting down and abandoning module LauncherChunkInstaller (76)
[2019.10.31-18.03.15:429][525]LogModuleManager: Shutting down and abandoning module OnlineBlueprintSupport (74)
[2019.10.31-18.03.15:429][525]LogModuleManager: Shutting down and abandoning module OnlineSubsystem (70)
[2019.10.31-18.03.15:433][525]LogModuleManager: Shutting down and abandoning module XMPP (65)
[2019.10.31-18.03.15:433][525]LogModuleManager: Shutting down and abandoning module WebSockets (64)
[2019.10.31-18.03.15:456][525]LogModuleManager: Shutting down and abandoning module HTTP (61)
[2019.10.31-18.03.15:456][525]LogHttp: Display: Http module shutting down, but needs to wait on 1 outstanding Http requests:
[2019.10.31-18.03.15:456][525]LogHttp: Display: 	verb=[POST] url=[https://datarouter.ol.epicgames.com/datarouter/api/v1/public/data?SessionID=%7B131E1B50-4D94-9877-FE46-BFB470B1A9F3%7D&AppID=UEEditor.Rocket.Release&AppVersion=4.20.3-4369336%2B%2B%2BUE4%2BRelease-4.20&UserID=5d161d844116823b798e61b9a37be28c%7C818bff43747348f699b00837f3477b6d%7C6011a081-cab7-423a-8d4a-3c8c937a4efd&AppEnvironment=datacollector-binary&UploadType=eteventstream] status=Processing
[2019.10.31-18.03.15:477][525]LogModuleManager: Shutting down and abandoning module SSL (60)
[2019.10.31-18.03.15:478][525]LogModuleManager: Shutting down and abandoning module MagicLeapEmulator (56)
[2019.10.31-18.03.15:478][525]LogModuleManager: Shutting down and abandoning module MagicLeapPrivileges (54)
[2019.10.31-18.03.15:479][525]LogModuleManager: Shutting down and abandoning module MagicLeapIdentity (52)
[2019.10.31-18.03.15:479][525]LogModuleManager: Shutting down and abandoning module MagicLeapHelperVulkan (50)
[2019.10.31-18.03.15:479][525]LogModuleManager: Shutting down and abandoning module MagicLeapHelperOpenGL (48)
[2019.10.31-18.03.15:479][525]LogModuleManager: Shutting down and abandoning module MagicLeapSecureStorage (46)
[2019.10.31-18.03.15:479][525]LogModuleManager: Shutting down and abandoning module MagicLeapGestures (44)
[2019.10.31-18.03.15:479][525]LogModuleManager: Shutting down and abandoning module MagicLeapEyeTracker (42)
[2019.10.31-18.03.15:479][525]LogModuleManager: Shutting down and abandoning module MagicLeapController (40)
[2019.10.31-18.03.15:480][525]LogSlate: Slate User Destroyed.  User Index 0, Is Virtual User: 0
[2019.10.31-18.03.15:480][525]LogModuleManager: Shutting down and abandoning module MagicLeap (38)
[2019.10.31-18.03.15:480][525]LogModuleManager: Shutting down and abandoning module AnimationModifiers (36)
[2019.10.31-18.03.15:480][525]LogModuleManager: Shutting down and abandoning module PropertyEditor (35)
[2019.10.31-18.03.15:480][525]LogModuleManager: Shutting down and abandoning module AudioEditor (32)
[2019.10.31-18.03.15:480][525]LogModuleManager: Shutting down and abandoning module TextureCompressor (30)
[2019.10.31-18.03.15:482][525]LogModuleManager: Shutting down and abandoning module ShaderCore (28)
[2019.10.31-18.03.15:482][525]LogModuleManager: Shutting down and abandoning module Landscape (26)
[2019.10.31-18.03.15:482][525]LogModuleManager: Shutting down and abandoning module SlateRHIRenderer (24)
[2019.10.31-18.03.15:483][525]LogModuleManager: Shutting down and abandoning module OpenGLDrv (22)
[2019.10.31-18.03.15:483][525]LogModuleManager: Shutting down and abandoning module D3D11RHI (20)
[2019.10.31-18.03.15:483][525]LogModuleManager: Shutting down and abandoning module AnimGraphRuntime (18)
[2019.10.31-18.03.15:483][525]LogModuleManager: Shutting down and abandoning module Renderer (16)
[2019.10.31-18.03.15:483][525]LogModuleManager: Shutting down and abandoning module Engine (14)
[2019.10.31-18.03.15:483][525]LogModuleManager: Shutting down and abandoning module CoreUObject (12)
[2019.10.31-18.03.15:483][525]LogModuleManager: Shutting down and abandoning module NetworkFile (10)
[2019.10.31-18.03.15:483][525]LogModuleManager: Shutting down and abandoning module CookedIterativeFile (8)
[2019.10.31-18.03.15:483][525]LogModuleManager: Shutting down and abandoning module StreamingFile (6)
[2019.10.31-18.03.15:483][525]LogModuleManager: Shutting down and abandoning module SandboxFile (4)
[2019.10.31-18.03.15:483][525]LogModuleManager: Shutting down and abandoning module PakFile (2)
[2019.10.31-18.03.15:501][525]LogExit: Exiting.
[2019.10.31-18.03.15:512][525]Log file closed, 11/01/19 05:03:15
