Log file open, 10/30/19 23:20:22
LogWindows: Failed to load 'aqProf.dll' (GetLastError=126)
LogWindows: File 'aqProf.dll' does not exist
LogWindows: Failed to load 'VSPerf140.dll' (GetLastError=126)
LogWindows: File 'VSPerf140.dll' does not exist
LogWindows: Failed to load 'VtuneApi.dll' (GetLastError=126)
LogWindows: File 'VtuneApi.dll' does not exist
LogWindows: Failed to load 'VtuneApi32e.dll' (GetLastError=126)
LogWindows: File 'VtuneApi32e.dll' does not exist
LogInit: Display: Running engine for game: DejaBrew
LogPlatformFile: Not using cached read wrapper
LogTaskGraph: Started task graph with 5 named threads and 23 total threads with 3 sets of task threads.
LogStats: Stats thread started at 0.393573
LogD3D11RHI: Loaded GFSDK_Aftermath_Lib.x64.dll
LogICUInternationalization: Display: ICU TimeZone Detection - Raw Offset: +10:00, Platform Override: ''
LogPluginManager: Mounting plugin Paper2D
LogPluginManager: Mounting plugin AISupport
LogPluginManager: Mounting plugin LightPropagationVolume
LogPluginManager: Mounting plugin CLionSourceCodeAccess
LogPluginManager: Mounting plugin CodeLiteSourceCodeAccess
LogPluginManager: Mounting plugin GitSourceControl
LogPluginManager: Mounting plugin KDevelopSourceCodeAccess
LogPluginManager: Mounting plugin NullSourceCodeAccess
LogPluginManager: Mounting plugin PerforceSourceControl
LogPluginManager: Mounting plugin SubversionSourceControl
LogPluginManager: Mounting plugin UObjectPlugin
LogPluginManager: Mounting plugin VisualStudioCodeSourceCodeAccess
LogPluginManager: Mounting plugin VisualStudioSourceCodeAccess
LogPluginManager: Mounting plugin XCodeSourceCodeAccess
LogPluginManager: Mounting plugin AssetManagerEditor
LogPluginManager: Mounting plugin CryptoKeys
LogPluginManager: Mounting plugin DataValidation
LogPluginManager: Mounting plugin FacialAnimation
LogPluginManager: Mounting plugin GameplayTagsEditor
LogPluginManager: Mounting plugin MacGraphicsSwitching
LogPluginManager: Mounting plugin MeshEditor
LogPluginManager: Mounting plugin MobileLauncherProfileWizard
LogPluginManager: Mounting plugin PluginBrowser
LogPluginManager: Mounting plugin SpeedTreeImporter
LogPluginManager: Mounting plugin DatasmithContent
LogPluginManager: Mounting plugin AlembicImporter
LogPluginManager: Mounting plugin AppleImageUtils
LogPluginManager: Mounting plugin AppleVision
LogPluginManager: Mounting plugin BackChannel
LogPluginManager: Mounting plugin CharacterAI
LogPluginManager: Mounting plugin GeometryCache
LogPluginManager: Mounting plugin HTML5Networking
LogPluginManager: Mounting plugin ProxyLODPlugin
LogPluginManager: Mounting plugin MagicLeap
LogPluginManager: Mounting plugin MagicLeapEmulator
LogPluginManager: Mounting plugin MagicLeapMedia
LogPluginManager: Mounting plugin AndroidMedia
LogPluginManager: Mounting plugin AvfMedia
LogPluginManager: Mounting plugin ImgMedia
LogPluginManager: Mounting plugin LinearTimecode
LogPluginManager: Mounting plugin MediaCompositing
LogPluginManager: Mounting plugin MediaPlayerEditor
LogPluginManager: Mounting plugin WmfMedia
LogPluginManager: Mounting plugin TcpMessaging
LogPluginManager: Mounting plugin UdpMessaging
LogPluginManager: Mounting plugin ActorSequence
LogPluginManager: Mounting plugin LevelSequenceEditor
LogPluginManager: Mounting plugin MatineeToLevelSequence
LogPluginManager: Mounting plugin NetcodeUnitTest
LogPluginManager: Mounting plugin NUTUnrealEngine4
LogPluginManager: Mounting plugin OnlineSubsystemGooglePlay
LogPluginManager: Mounting plugin OnlineSubsystemIOS
LogPluginManager: Mounting plugin OnlineSubsystem
LogPluginManager: Mounting plugin OnlineSubsystemNull
LogPluginManager: Mounting plugin OnlineSubsystemUtils
LogPluginManager: Mounting plugin LauncherChunkInstaller
LogPluginManager: Mounting plugin AndroidDeviceProfileSelector
LogPluginManager: Mounting plugin AndroidMoviePlayer
LogPluginManager: Mounting plugin AndroidPermission
LogPluginManager: Mounting plugin AppleMoviePlayer
LogPluginManager: Mounting plugin ArchVisCharacter
LogPluginManager: Mounting plugin AudioCapture
LogPluginManager: Mounting plugin CableComponent
LogPluginManager: Mounting plugin CustomMeshComponent
LogPluginManager: Mounting plugin EditableMesh
LogPluginManager: Mounting plugin ExampleDeviceProfileSelector
LogPluginManager: Mounting plugin GoogleCloudMessaging
LogPluginManager: Mounting plugin ImmediatePhysics
LogPluginManager: Mounting plugin IOSDeviceProfileSelector
LogPluginManager: Mounting plugin LinuxDeviceProfileSelector
LogPluginManager: Mounting plugin LocationServicesBPLibrary
LogPluginManager: Mounting plugin MobilePatchingUtils
LogPluginManager: Mounting plugin OculusVR
LogPluginManager: Plugin shader directory ../../../Engine/Plugins/Runtime/Oculus/OculusVR/Shaders found
LogPluginManager: Mapping shader source directory ../../../Engine/Plugins/Runtime/Oculus/OculusVR/Shaders to virtual directory /Plugin/OculusVR
LogPluginManager: Mounting plugin PhysXVehicles
LogPluginManager: Mounting plugin ProceduralMeshComponent
LogPluginManager: Mounting plugin RuntimePhysXCooking
LogPluginManager: Mounting plugin SteamVR
LogPluginManager: Mounting plugin WindowsMoviePlayer
LogStreaming: Display: Took  0.174s to configure plugins.
LogInit: Using libcurl 7.55.1-DEV
LogInit:  - built for x86_64-pc-win32
LogInit:  - supports SSL with OpenSSL/1.0.2h
LogInit:  - supports HTTP deflate (compression) using libz 1.2.8
LogInit:  - other features:
LogInit:      CURL_VERSION_SSL
LogInit:      CURL_VERSION_LIBZ
LogInit:      CURL_VERSION_IPV6
LogInit:      CURL_VERSION_ASYNCHDNS
LogInit:      CURL_VERSION_LARGEFILE
LogInit:      CURL_VERSION_IDN
LogInit:  CurlRequestOptions (configurable via config and command line):
LogInit:  - bVerifyPeer = false  - Libcurl will NOT verify peer certificate
LogInit:  - bUseHttpProxy = false  - Libcurl will NOT use HTTP proxy
LogInit:  - bDontReuseConnections = false  - Libcurl will reuse connections
LogInit:  - CertBundlePath = nullptr  - Libcurl will use whatever was configured at build time.
LogInit:  - MaxHostConnections = 16  - Libcurl will limit the number of connections to a host
LogInit:  - LocalHostAddr = Default
LogInit:  - BufferSize = 65536
LogInit: WinSock: version 1.1 (2.2), MaxSocks=32767, MaxUdp=65467
LogInit: Build: ++UE4+Release-4.20-CL-4369336
LogInit: Engine Version: 4.20.3-4369336+++UE4+Release-4.20
LogInit: Compatible Engine Version: 4.20.0-4212847+++UE4+Release-4.20
LogInit: Net CL: 4212847
LogInit: OS: Windows 10 (), CPU: Intel(R) Core(TM) i7-7700HQ CPU @ 2.80GHz, GPU: Intel(R) HD Graphics 630
LogInit: Compiled (64-bit): Sep 17 2018 12:26:19
LogInit: Compiled with Visual C++: 19.13.26129.00
LogInit: Build Configuration: Development
LogInit: Branch Name: ++UE4+Release-4.20
LogInit: Command Line:  -skipcompile
LogInit: Base Directory: C:/Program Files (x86)/UE_4.20/Engine/Binaries/Win64/
LogInit: Installed Engine Build: 1
LogDevObjectVersion: Number of dev versions registered: 20
LogDevObjectVersion:   Dev-Blueprints (B0D832E4-1F89-4F0D-ACCF-7EB736FD4AA2): 10
LogDevObjectVersion:   Dev-Build (E1C64328-A22C-4D53-A36C-8E866417BD8C): 0
LogDevObjectVersion:   Dev-Core (375EC13C-06E4-48FB-B500-84F0262A717E): 2
LogDevObjectVersion:   Dev-Editor (E4B068ED-F494-42E9-A231-DA0B2E46BB41): 24
LogDevObjectVersion:   Dev-Framework (CFFC743F-43B0-4480-9391-14DF171D2073): 34
LogDevObjectVersion:   Dev-Mobile (B02B49B5-BB20-44E9-A304-32B752E40360): 2
LogDevObjectVersion:   Dev-Networking (A4E4105C-59A1-49B5-A7C5-40C4547EDFEE): 0
LogDevObjectVersion:   Dev-Online (39C831C9-5AE6-47DC-9A44-9C173E1C8E7C): 0
LogDevObjectVersion:   Dev-Physics (78F01B33-EBEA-4F98-B9B4-84EACCB95AA2): 0
LogDevObjectVersion:   Dev-Platform (6631380F-2D4D-43E0-8009-CF276956A95A): 0
LogDevObjectVersion:   Dev-Rendering (12F88B9F-8875-4AFC-A67C-D90C383ABD29): 26
LogDevObjectVersion:   Dev-Sequencer (7B5AE74C-D270-4C10-A958-57980B212A5A): 9
LogDevObjectVersion:   Dev-VR (D7296918-1DD6-4BDD-9DE2-64A83CC13884): 2
LogDevObjectVersion:   Dev-LoadTimes (C2A15278-BFE7-4AFE-6C17-90FF531DF755): 1
LogDevObjectVersion:   Private-Geometry (6EACA3D4-40EC-4CC1-B786-8BED09428FC5): 3
LogDevObjectVersion:   Dev-AnimPhys (29E575DD-E0A3-4627-9D10-D276232CDCEA): 17
LogDevObjectVersion:   Dev-ReflectionCapture (6B266CEC-1EC7-4B8F-A30B-E4D90942FC07): 1
LogDevObjectVersion:   Dev-Automation (0DF73D61-A23F-47EA-B727-89E90C41499A): 1
LogDevObjectVersion:   FortniteMain (601D1886-AC64-4F84-AA16-D3DE0DEAC7D6): 12
LogDevObjectVersion:   Dev-Enterprise (9DFFBCD6-494F-0158-E221-12823C92A888): 1
LogStreaming: Display: Took  0.005s to delete old logs.
LogInit: Presizing for max 8388607 objects, including 0 objects not considered by GC, pre-allocating 0 bytes for permanent pool.
LogInit: Object subsystem initialized
[2019.10.30-12.20.23:202][  0]LogInit: Selected Device Profile: [Windows]
[2019.10.30-12.20.23:202][  0]LogInit: Applying CVar settings loaded from the selected device profile: [Windows]
[2019.10.30-12.20.23:219][  0]LogHAL: Display: Platform has ~ 16 GB [17095811072 / 17179869184 / 16], which maps to Larger [LargestMinGB=32, LargerMinGB=12, DefaultMinGB=8, SmallerMinGB=6, SmallestMinGB=0)
[2019.10.30-12.20.23:219][  0]LogInit: Setting Device Profile CVar: [[r.Vulkan.UseRealUBs:1]]
[2019.10.30-12.20.23:219][  0]LogInit: Going up to parent DeviceProfile []
[2019.10.30-12.20.23:220][  0]LogInit: Computer: MSI
[2019.10.30-12.20.23:220][  0]LogInit: User: hiit
[2019.10.30-12.20.23:220][  0]LogInit: CPU Page size=4096, Cores=4
[2019.10.30-12.20.23:220][  0]LogInit: High frequency timer resolution =10.000000 MHz
[2019.10.30-12.20.23:221][  0]LogMemory: Memory total: Physical=15.9GB (16GB approx)
[2019.10.30-12.20.23:221][  0]LogMemory: Platform Memory Stats for Windows
[2019.10.30-12.20.23:221][  0]LogMemory: Process Physical Memory: 102.32 MB used, 102.33 MB peak
[2019.10.30-12.20.23:221][  0]LogMemory: Process Virtual Memory: 89.41 MB used, 89.41 MB peak
[2019.10.30-12.20.23:221][  0]LogMemory: Physical Memory: 7136.09 MB used,  9167.75 MB free, 16303.84 MB total
[2019.10.30-12.20.23:221][  0]LogMemory: Virtual Memory: 4626.85 MB used,  9167.75 MB free, 134217728.00 MB total
[2019.10.30-12.20.24:023][  0]LogInit: Using OS detected language (en-US).
[2019.10.30-12.20.24:023][  0]LogInit: Using OS detected locale (en-AU).
[2019.10.30-12.20.24:024][  0]LogTextLocalizationManager: No specific localization for 'en-US' exists, so the 'en' localization will be used.
[2019.10.30-12.20.24:435][  0]LogStreaming: Display: Took  0.412s to InitEngineTextLocalization.
[2019.10.30-12.20.24:435][  0]LogInit: Setting process to per monitor DPI aware
[2019.10.30-12.20.24:524][  0]LogSlate: New Slate User Created.  User Index 0, Is Virtual User: 0
[2019.10.30-12.20.24:524][  0]LogSlate: Slate User Registered.  User Index 0, Is Virtual User: 0
[2019.10.30-12.20.24:794][  0]LogHMD: Failed to initialize OpenVR with code 110
[2019.10.30-12.20.24:794][  0]LogD3D11RHI: D3D11 adapters:
[2019.10.30-12.20.25:849][  0]LogD3D11RHI:    0. 'NVIDIA GeForce GTX 1050' (Feature Level 11_0)
[2019.10.30-12.20.25:850][  0]LogD3D11RHI:       4021/0/8151 MB DedicatedVideo/DedicatedSystem/SharedSystem, Outputs:1, VendorId:0x10de
[2019.10.30-12.20.25:880][  0]LogD3D11RHI:    1. 'Intel(R) HD Graphics 630' (Feature Level 11_0)
[2019.10.30-12.20.25:880][  0]LogD3D11RHI:       128/0/8151 MB DedicatedVideo/DedicatedSystem/SharedSystem, Outputs:0, VendorId:0x8086
[2019.10.30-12.20.25:888][  0]LogD3D11RHI:    2. 'Microsoft Basic Render Driver' (Feature Level 11_0)
[2019.10.30-12.20.25:889][  0]LogD3D11RHI:       0/0/8151 MB DedicatedVideo/DedicatedSystem/SharedSystem, Outputs:0, VendorId:0x1414
[2019.10.30-12.20.25:889][  0]LogD3D11RHI: Chosen D3D11 Adapter: 0
[2019.10.30-12.20.25:927][  0]LogD3D11RHI: Creating new Direct3DDevice
[2019.10.30-12.20.25:927][  0]LogD3D11RHI:     GPU DeviceId: 0x1c8d (for the marketing name, search the web for "GPU Device Id")
[2019.10.30-12.20.25:927][  0]LogWindows: EnumDisplayDevices:
[2019.10.30-12.20.25:927][  0]LogWindows:    0. 'Intel(R) HD Graphics 630' (P:1 D:1)
[2019.10.30-12.20.25:928][  0]LogWindows:    1. 'Intel(R) HD Graphics 630' (P:0 D:0)
[2019.10.30-12.20.25:928][  0]LogWindows:    2. 'Intel(R) HD Graphics 630' (P:0 D:0)
[2019.10.30-12.20.25:929][  0]LogWindows: DebugString: PrimaryIsNotTheChoosenAdapter PrimaryIsNotTheChoosenAdapter PrimaryIsNotTheChoosenAdapter FoundDriverCount:0 
[2019.10.30-12.20.25:929][  0]LogD3D11RHI:     Adapter Name: NVIDIA GeForce GTX 1050
[2019.10.30-12.20.25:929][  0]LogD3D11RHI:   Driver Version: Unknown (internal:Unknown, unified:Unknown)
[2019.10.30-12.20.25:929][  0]LogD3D11RHI:      Driver Date: Unknown
[2019.10.30-12.20.25:929][  0]LogRHI: Texture pool is 2814 MB (70% of 4021 MB)
[2019.10.30-12.20.25:979][  0]LogD3D11RHI: Async texture creation enabled
[2019.10.30-12.20.26:065][  0]LogD3D11RHI: GPU Timing Frequency: 1000.000000 (Debug: 2 2)
[2019.10.30-12.20.26:066][  0]LogShaderCompilers: Guid format shader working directory is -42 characters bigger than the processId version (../../../../../Users/hi_it/OneDrive/Documents/GitHub/Chicken-Crimpy-Repository/DejaBrew/Intermediate/Shaders/WorkingDirectory/15676/).
[2019.10.30-12.20.26:066][  0]LogShaderCompilers: Cleaned the shader compiler working directory 'C:/Users/hi_it/AppData/Local/Temp/UnrealShaderWorkingDir/F019733C49FE2B8D799E98AF5645D0B5/'.
[2019.10.30-12.20.26:423][  0]LogTemp: Display: Loaded TP AllDesktopTargetPlatform
[2019.10.30-12.20.26:446][  0]LogTemp: Display: Loaded TP MacClientTargetPlatform
[2019.10.30-12.20.26:464][  0]LogTemp: Display: Loaded TP MacNoEditorTargetPlatform
[2019.10.30-12.20.26:482][  0]LogTemp: Display: Loaded TP MacServerTargetPlatform
[2019.10.30-12.20.26:501][  0]LogTemp: Display: Loaded TP MacTargetPlatform
[2019.10.30-12.20.26:528][  0]LogTemp: Display: Loaded TP WindowsClientTargetPlatform
[2019.10.30-12.20.26:546][  0]LogTemp: Display: Loaded TP WindowsNoEditorTargetPlatform
[2019.10.30-12.20.26:564][  0]LogTemp: Display: Loaded TP WindowsServerTargetPlatform
[2019.10.30-12.20.26:577][  0]LogTemp: Display: Loaded TP WindowsTargetPlatform
[2019.10.30-12.20.26:690][  0]LogTemp: Display: Loaded TP AndroidTargetPlatform
[2019.10.30-12.20.26:690][  0]LogTemp: Display: Loaded TP AndroidTargetPlatform
[2019.10.30-12.20.26:690][  0]LogTemp: Display: Loaded TP AndroidTargetPlatform
[2019.10.30-12.20.26:690][  0]LogTemp: Display: Loaded TP AndroidTargetPlatform
[2019.10.30-12.20.26:690][  0]LogTemp: Display: Loaded TP AndroidTargetPlatform
[2019.10.30-12.20.26:690][  0]LogTemp: Display: Loaded TP AndroidTargetPlatform
[2019.10.30-12.20.26:690][  0]LogTemp: Display: Loaded TP AndroidTargetPlatform
[2019.10.30-12.20.26:690][  0]LogTemp: Display: Loaded TP AndroidTargetPlatform
[2019.10.30-12.20.26:690][  0]LogTemp: Display: Loaded TP AndroidTargetPlatform
[2019.10.30-12.20.26:690][  0]LogTemp: Display: Loaded TP AndroidTargetPlatform
[2019.10.30-12.20.26:690][  0]LogTemp: Display: Loaded TP AndroidTargetPlatform
[2019.10.30-12.20.26:691][  0]LogTemp: Display: Loaded TP AndroidTargetPlatform
[2019.10.30-12.20.26:691][  0]LogTemp: Display: Loaded TP AndroidTargetPlatform
[2019.10.30-12.20.26:691][  0]LogTemp: Display: Loaded TP AndroidTargetPlatform
[2019.10.30-12.20.26:691][  0]LogTemp: Display: Loaded TP AndroidTargetPlatform
[2019.10.30-12.20.26:691][  0]LogTemp: Display: Loaded TP AndroidTargetPlatform
[2019.10.30-12.20.26:691][  0]LogTemp: Display: Loaded TP AndroidTargetPlatform
[2019.10.30-12.20.26:691][  0]LogTemp: Display: Loaded TP AndroidTargetPlatform
[2019.10.30-12.20.26:695][  0]LogTemp: Display: Loaded TP HTML5TargetPlatform
[2019.10.30-12.20.26:777][  0]LogTemp: Display: Loaded TP IOSTargetPlatform
[2019.10.30-12.20.26:777][  0]LogTemp: Display: Loaded TP IOSTargetPlatform
[2019.10.30-12.20.26:809][  0]LogTemp: Display: Loaded TP TVOSTargetPlatform
[2019.10.30-12.20.26:809][  0]LogTemp: Display: Loaded TP TVOSTargetPlatform
[2019.10.30-12.20.26:832][  0]LogTemp: Display: Loaded TP LinuxClientTargetPlatform
[2019.10.30-12.20.26:850][  0]LogTemp: Display: Loaded TP LinuxNoEditorTargetPlatform
[2019.10.30-12.20.26:868][  0]LogTemp: Display: Loaded TP LinuxServerTargetPlatform
[2019.10.30-12.20.26:895][  0]LogTemp: Display: Loaded TP LinuxTargetPlatform
[2019.10.30-12.20.26:919][  0]LogTemp: Display: Loaded TP LuminTargetPlatform
[2019.10.30-12.20.26:919][  0]LogTargetPlatformManager: Display: Building Assets For Windows
[2019.10.30-12.20.27:184][  0]LogXGEController: Cleaning working directory: C:/Users/hi_it/AppData/Local/Temp/UnrealXGEWorkingDir/
[2019.10.30-12.20.27:184][  0]LogXGEController: Cannot use XGE Controller as Incredibuild is not installed on this machine.
[2019.10.30-12.20.27:184][  0]LogShaderCompilers: Cannot use XGE Shader Compiler as Incredibuild is not installed on this machine.
[2019.10.30-12.20.27:184][  0]LogShaderCompilers: Display: Using Local Shader Compiler.
[2019.10.30-12.20.28:181][  0]LogDerivedDataCache: Display: Max Cache Size: 512 MB
[2019.10.30-12.20.28:251][  0]LogDerivedDataCache: Loaded boot cache 0.07s 71MB C:/Users/hi_it/AppData/Local/UnrealEngine/4.20/DerivedDataCache/Boot.ddc.
[2019.10.30-12.20.28:252][  0]LogDerivedDataCache: Display: Loaded Boot cache: C:/Users/hi_it/AppData/Local/UnrealEngine/4.20/DerivedDataCache/Boot.ddc
[2019.10.30-12.20.28:252][  0]LogDerivedDataCache: FDerivedDataBackendGraph:  Pak pak cache file ../../../../../Users/hi_it/OneDrive/Documents/GitHub/Chicken-Crimpy-Repository/DejaBrew/DerivedDataCache/DDC.ddp not found, will not use a pak cache.
[2019.10.30-12.20.28:252][  0]LogDerivedDataCache: Unable to find inner node Pak for hierarchical cache Hierarchy.
[2019.10.30-12.20.28:252][  0]LogDerivedDataCache: FDerivedDataBackendGraph:  CompressedPak pak cache file ../../../../../Users/hi_it/OneDrive/Documents/GitHub/Chicken-Crimpy-Repository/DejaBrew/DerivedDataCache/Compressed.ddp not found, will not use a pak cache.
[2019.10.30-12.20.28:252][  0]LogDerivedDataCache: Unable to find inner node CompressedPak for hierarchical cache Hierarchy.
[2019.10.30-12.20.28:270][  0]LogDerivedDataCache: Display: Pak cache opened for reading ../../../Engine/DerivedDataCache/Compressed.ddp.
[2019.10.30-12.20.28:283][  0]LogDerivedDataCache: Using Local data cache path C:/Users/hi_it/AppData/Local/UnrealEngine/Common/DerivedDataCache: Writable
[2019.10.30-12.20.28:283][  0]LogDerivedDataCache: Shared data cache path not found in *engine.ini, will not use an Shared cache.
[2019.10.30-12.20.28:283][  0]LogDerivedDataCache: Unable to find inner node Shared for hierarchical cache Hierarchy.
[2019.10.30-12.20.28:303][  0]LogMaterial: Verifying Global Shaders for PCD3D_SM5
[2019.10.30-12.20.28:305][  0]LogSlate: Using FreeType 2.6.0
[2019.10.30-12.20.28:306][  0]LogSlate: SlateFontServices - WITH_FREETYPE: 1, WITH_HARFBUZZ: 1
[2019.10.30-12.20.28:387][  0]LogAssetRegistry: FAssetRegistry took 0.0291 seconds to start up
[2019.10.30-12.20.28:800][  0]LogInit: Selected Device Profile: [Windows]
[2019.10.30-12.20.29:003][  0]LogSimplygon: Simplygon DLL not present - disabling.
[2019.10.30-12.20.29:021][  0]LogMeshReduction: Using SimplygonSwarm for distributed automatic mesh merging
[2019.10.30-12.20.29:021][  0]LogMeshReduction: Using ProxyLODMeshReduction for automatic mesh merging
[2019.10.30-12.20.29:021][  0]LogMeshReduction: Using QuadricMeshReduction for automatic static mesh reduction
[2019.10.30-12.20.29:021][  0]LogMeshReduction: No automatic skeletal mesh reduction module available
[2019.10.30-12.20.29:046][  0]LogNetVersion: DejaBrew 1.0.0, NetCL: 4212847, EngineNetVer: 5, GameNetVer: 0 (Checksum: 719251921)
[2019.10.30-12.20.29:690][  0]LogPackageLocalizationCache: Processed 11 localized package path(s) for 2 prioritized culture(s) in 0.125201 seconds
[2019.10.30-12.20.29:697][  0]LogUObjectArray: 38425 objects as part of root set at end of initial load.
[2019.10.30-12.20.29:697][  0]LogUObjectAllocator: 6690872 out of 0 bytes used by permanent object pool.
[2019.10.30-12.20.29:697][  0]LogUObjectArray: CloseDisregardForGC: 0/0 objects in disregard for GC pool
[2019.10.30-12.20.31:064][  0]LogTcpMessaging: Initializing TcpMessaging bridge
[2019.10.30-12.20.31:085][  0]LogUdpMessaging: Initializing bridge on interface 0.0.0.0:0 to multicast group 230.0.0.1:6666.
[2019.10.30-12.20.31:428][  0]LogTexture: Display: Building textures: aim__1_ (AutoDXT, 2100X1500)
[2019.10.30-12.20.31:786][  0]LogTexture: Display: Building textures: aim1 (BGRA8, 1021X989)
[2019.10.30-12.20.31:786][  0]SourceControl: Source control is disabled
[2019.10.30-12.20.31:787][  0]SourceControl: Source control is disabled
[2019.10.30-12.20.31:792][  0]SourceControl: Source control is disabled
[2019.10.30-12.20.31:796][  0]SourceControl: Source control is disabled
[2019.10.30-12.20.32:123][  0]LogAndroidPermission: UAndroidPermissionCallbackProxy::GetInstance
[2019.10.30-12.20.32:435][  0]LogOcInput: OculusInput pre-init called
[2019.10.30-12.20.32:558][  0]LogEngine: Initializing Engine...
[2019.10.30-12.20.32:559][  0]LogHMD: Failed to initialize OpenVR with code 110
[2019.10.30-12.20.32:561][  0]LogStats: UGameplayTagsManager::ConstructGameplayTagTree: ImportINI prefixes -  0.000 s
[2019.10.30-12.20.32:561][  0]LogStats: UGameplayTagsManager::ConstructGameplayTagTree: Construct from data asset -  0.000 s
[2019.10.30-12.20.32:561][  0]LogStats: UGameplayTagsManager::ConstructGameplayTagTree: ImportINI -  0.000 s
[2019.10.30-12.20.32:561][  0]LogStats: UGameplayTagsManager::ConstructGameplayTagTree: GameplayTagTreeChangedEvent.Broadcast -  0.000 s
[2019.10.30-12.20.32:802][  0]LogInit: Initializing FReadOnlyCVARCache
[2019.10.30-12.20.32:822][  0]LogAIModule: Creating AISystem for world Untitled
[2019.10.30-12.20.32:932][  0]LogInit: XAudio2 using 'Speakers (Realtek High Definition Audio)' : 6 channels at 48 kHz using 32 bits per sample (channel mask 0x3f)
[2019.10.30-12.20.33:243][  0]LogInit: FAudioDevice initialized.
[2019.10.30-12.20.33:243][  0]LogNetVersion: Set ProjectVersion to 1.0.0.0. Version Checksum will be recalculated on next use.
[2019.10.30-12.20.33:415][  0]LogDerivedDataCache: Saved boot cache 0.17s 80MB C:/Users/hi_it/AppData/Local/UnrealEngine/4.20/DerivedDataCache/Boot.ddc.
[2019.10.30-12.20.33:429][  0]LogInit: Texture streaming: Enabled
[2019.10.30-12.20.33:462][  0]LogEngineSessionManager: EngineSessionManager initialized
[2019.10.30-12.20.33:482][  0]LogInit: Transaction tracking system initialized
[2019.10.30-12.20.33:531][  0]BlueprintLog: New page: Editor Load
[2019.10.30-12.20.33:782][  0]LocalizationService: Localization service is disabled
[2019.10.30-12.20.34:203][  0]LogCook: Display: Max memory allowance for cook 16384mb min free memory 0mb
[2019.10.30-12.20.34:203][  0]LogCook: Display: Mobile HDR setting 1
[2019.10.30-12.20.34:204][  0]LogGameplayTags: Display: UGameplayTagsManager::DoneAddingNativeTags. DelegateIsBound: 0
[2019.10.30-12.20.34:204][  0]LogStats: UGameplayTagsManager::ConstructGameplayTagTree: ImportINI prefixes -  0.000 s
[2019.10.30-12.20.34:204][  0]LogStats: UGameplayTagsManager::ConstructGameplayTagTree: Construct from data asset -  0.000 s
[2019.10.30-12.20.34:204][  0]LogStats: UGameplayTagsManager::ConstructGameplayTagTree: ImportINI -  0.000 s
[2019.10.30-12.20.34:204][  0]LogStats: UGameplayTagsManager::ConstructGameplayTagTree: GameplayTagTreeChangedEvent.Broadcast -  0.000 s
[2019.10.30-12.20.34:460][  0]LogFileCache: Scanning file cache for directory 'C:/Users/hi_it/OneDrive/Documents/GitHub/Chicken-Crimpy-Repository/DejaBrew/Content/' took 0.02s
[2019.10.30-12.20.34:460][  0]SourceControl: Source control is disabled
[2019.10.30-12.20.34:461][  0]LightingResults: New page: Lighting Build
[2019.10.30-12.20.34:464][  0]MapCheck: New page: Map Check
[2019.10.30-12.20.34:464][  0]LightingResults: New page: Lighting Build
[2019.10.30-12.20.34:563][  0]LogLinker: Warning: Can't find file '/Game/SideScrollerCPP/Maps/SideScrollerExampleMap_BuiltData'
[2019.10.30-12.20.34:563][  0]LogLinker: Warning: Can't find file for asset '/Game/SideScrollerCPP/Maps/SideScrollerExampleMap_BuiltData' while loading ../../../../../Users/hi_it/OneDrive/Documents/GitHub/Chicken-Crimpy-Repository/DejaBrew/Content/SideScrollerCPP/Maps/SideScrollerExampleMap.umap.
[2019.10.30-12.20.34:563][  0]LoadErrors: Error: /Game/SideScrollerCPP/Maps/SideScrollerExampleMap : Can't find file for asset. /Game/SideScrollerCPP/Maps/SideScrollerExampleMap_BuiltData
[2019.10.30-12.20.34:578][  0]LogLinker: Warning: Can't find file '/Game/SideScrollerCPP/Maps/SideScrollerExampleMap_BuiltData'
[2019.10.30-12.20.34:578][  0]LogLinker: Warning: Can't find file for asset '/Game/SideScrollerCPP/Maps/SideScrollerExampleMap_BuiltData' while loading ../../../../../Users/hi_it/OneDrive/Documents/GitHub/Chicken-Crimpy-Repository/DejaBrew/Content/SideScrollerCPP/Maps/SideScrollerExampleMap.umap.
[2019.10.30-12.20.34:578][  0]LoadErrors: Error: /Game/SideScrollerCPP/Maps/SideScrollerExampleMap : Can't find file for asset. /Game/SideScrollerCPP/Maps/SideScrollerExampleMap_BuiltData
[2019.10.30-12.20.34:582][  0]LogLinker: Warning: Can't find file '/Game/SideScrollerCPP/Maps/SideScrollerExampleMap_BuiltData'
[2019.10.30-12.20.34:583][  0]LogLinker: Warning: Can't find file for asset '/Game/SideScrollerCPP/Maps/SideScrollerExampleMap_BuiltData' while loading NULL.
[2019.10.30-12.20.34:583][  0]LogLinker: Warning: Can't find file '/Game/SideScrollerCPP/Maps/SideScrollerExampleMap_BuiltData'
[2019.10.30-12.20.34:583][  0]LogLinker: Warning: Can't find file for asset '/Game/SideScrollerCPP/Maps/SideScrollerExampleMap_BuiltData' while loading NULL.
[2019.10.30-12.20.34:602][  0]LogLinker: Warning: Can't find file '/Game/SideScrollerCPP/Maps/SideScrollerExampleMap_BuiltData'
[2019.10.30-12.20.34:602][  0]LoadErrors: Failed to load /Game/SideScrollerCPP/Maps/SideScrollerExampleMap_BuiltData.SideScrollerExampleMap_BuiltData Referenced by PersistentLevel
[2019.10.30-12.20.34:602][  0]LogLinker: Warning: Can't find file for asset '/Game/SideScrollerCPP/Maps/SideScrollerExampleMap_BuiltData' while loading NULL.
[2019.10.30-12.20.34:603][  0]LoadErrors: Failed to load /Game/SideScrollerCPP/Maps/SideScrollerExampleMap_BuiltData.SideScrollerExampleMap_BuiltData Referenced by PersistentLevel
[2019.10.30-12.20.34:669][  0]LogAIModule: Creating AISystem for world SideScrollerExampleMap
[2019.10.30-12.20.34:697][  0]LogEditorServer: Finished looking for orphan Actors (0.000 secs)
[2019.10.30-12.20.34:719][  0]Cmd: MAP CHECKDEP NOCLEARLOG
[2019.10.30-12.20.34:803][  0]MapCheck: Map check complete: 0 Error(s), 0 Warning(s), took 83.248ms to complete.
[2019.10.30-12.20.34:803][  0]LogFileHelpers: Loading map 'SideScrollerExampleMap' took 0.343
[2019.10.30-12.20.34:966][  0]LogSlate: Updating window title bar state: overlay mode, drag disabled, window buttons hidden, title bar hidden
[2019.10.30-12.20.34:974][  0]LogSlate: Updating window title bar state: overlay mode, drag disabled, window buttons hidden, title bar hidden
[2019.10.30-12.20.34:981][  0]LogSlate: Updating window title bar state: overlay mode, drag disabled, window buttons hidden, title bar hidden
[2019.10.30-12.20.34:989][  0]LogSlate: Updating window title bar state: overlay mode, drag disabled, window buttons hidden, title bar hidden
[2019.10.30-12.20.35:003][  0]LogCollectionManager: Loaded 0 collections in 0.001680 seconds
[2019.10.30-12.20.35:054][  0]LogFileCache: Scanning file cache for directory 'C:/Users/hi_it/OneDrive/Documents/GitHub/Chicken-Crimpy-Repository/DejaBrew/Saved/Collections/' took 0.01s
[2019.10.30-12.20.35:054][  0]LogFileCache: Scanning file cache for directory 'C:/Users/hi_it/OneDrive/Documents/GitHub/Chicken-Crimpy-Repository/DejaBrew/Content/Developers/hiit/Collections/' took 0.01s
[2019.10.30-12.20.35:054][  0]LogFileCache: Scanning file cache for directory 'C:/Users/hi_it/OneDrive/Documents/GitHub/Chicken-Crimpy-Repository/DejaBrew/Content/Collections/' took 0.01s
[2019.10.30-12.20.35:054][  0]LogCollectionManager: Rebuilt the GUID cache for 0 collections in 0.000000 seconds
[2019.10.30-12.20.35:081][  0]LogContentBrowser: Native class hierarchy populated in 0.0260 seconds. Added 2575 classes and 605 folders.
[2019.10.30-12.20.35:088][  0]LogContentBrowser: Native class hierarchy updated for 'WidgetCarousel' in 0.0006 seconds. Added 0 classes and 0 folders.
[2019.10.30-12.20.35:457][  0]LogContentBrowser: Native class hierarchy updated for 'AddContentDialog' in 0.0004 seconds. Added 0 classes and 0 folders.
[2019.10.30-12.20.35:465][  0]LogContentBrowser: Native class hierarchy updated for 'SceneOutliner' in 0.0006 seconds. Added 1 classes and 2 folders.
[2019.10.30-12.20.35:550][  0]LogSlate: Took 0.007459 seconds to synchronously load lazily loaded font '../../../Engine/Content/Slate/Fonts/Roboto-Regular.ttf' (155K)
[2019.10.30-12.20.35:558][  0]LogSlate: Took 0.005803 seconds to synchronously load lazily loaded font '../../../Engine/Content/Slate/Fonts/Roboto-Bold.ttf' (160K)
[2019.10.30-12.20.35:572][  0]LogSlate: Took 0.006390 seconds to synchronously load lazily loaded font '../../../Engine/Content/Editor/Slate/Fonts/FontAwesome.ttf' (139K)
[2019.10.30-12.20.35:698][  0]LogRenderer: Reallocating scene render targets to support 884x436 Format 10 NumSamples 1 (Frame:1).
[2019.10.30-12.20.35:901][  0]LogContentBrowser: Native class hierarchy updated for 'HierarchicalLODOutliner' in 0.0005 seconds. Added 0 classes and 0 folders.
[2019.10.30-12.20.35:901][  0]LogLoad: (Engine Initialization) Total time: 15.09 seconds
[2019.10.30-12.20.35:901][  0]LogLoad: (Engine Initialization) Total Blueprint compile time: 0.00 seconds
[2019.10.30-12.20.35:960][  0]LogContentStreaming: Texture pool size now 1000 MB
[2019.10.30-12.20.35:965][  0]LogSlate: FSceneViewport::OnFocusLost() reason 2
[2019.10.30-12.20.36:023][  0]LogSlate: Took 0.004599 seconds to synchronously load lazily loaded font '../../../Engine/Content/Slate/Fonts/Roboto-Light.ttf' (167K)
[2019.10.30-12.20.36:034][  1]LogFileCache: Retrieving MD5 hashes for directory 'C:/Users/hi_it/OneDrive/Documents/GitHub/Chicken-Crimpy-Repository/DejaBrew/Content/' took 0.10s
[2019.10.30-12.20.36:224][  1]LogAssetRegistry: Asset discovery search completed in 7.8623 seconds
[2019.10.30-12.20.36:227][  1]LogCollectionManager: Rebuilt the object cache for 0 collections in 0.000000 seconds (found 0 objects)
[2019.10.30-12.20.36:227][  1]LogCollectionManager: Fixed up redirectors for 0 collections in 0.000177 seconds (updated 0 objects)
[2019.10.30-12.20.57:636][282]LogSlate: Window 'Message Log' being destroyed
[2019.10.30-12.20.57:642][282]LogSlate: Window 'Message Log' being destroyed
[2019.10.30-12.21.00:187][435]LogSlate: FSceneViewport::OnFocusLost() reason 0
[2019.10.30-12.21.00:303][442]LogTemp: Repeating last play command: New Editor Window (PIE)
[2019.10.30-12.21.00:323][442]LogBlueprintUserMessages: Early PlayInEditor Detection: Level '/Game/SideScrollerCPP/Maps/SideScrollerExampleMap.SideScrollerExampleMap:PersistentLevel' has LevelScriptBlueprint '/Game/SideScrollerCPP/Maps/SideScrollerExampleMap.SideScrollerExampleMap:PersistentLevel.SideScrollerExampleMap' with GeneratedClass '/Game/SideScrollerCPP/Maps/SideScrollerExampleMap.SideScrollerExampleMap_C' with ClassGeneratedBy '/Game/SideScrollerCPP/Maps/SideScrollerExampleMap.SideScrollerExampleMap:PersistentLevel.SideScrollerExampleMap'
[2019.10.30-12.21.00:323][442]LogPlayLevel: PlayLevel: No blueprints needed recompiling
[2019.10.30-12.21.00:339][442]PIE: New page: PIE session: SideScrollerExampleMap (31 Oct 2019 10:21:00 am)
[2019.10.30-12.21.00:339][442]LogPlayLevel: Creating play world package: /Game/SideScrollerCPP/Maps/UEDPIE_0_SideScrollerExampleMap
[2019.10.30-12.21.00:362][442]LogPlayLevel: PIE: StaticDuplicateObject took: (0.023066s)
[2019.10.30-12.21.00:363][442]LogAIModule: Creating AISystem for world SideScrollerExampleMap
[2019.10.30-12.21.00:364][442]LogPlayLevel: PIE: World Init took: (0.001250s)
[2019.10.30-12.21.00:364][442]LogPlayLevel: PIE: Created PIE world by copying editor world from /Game/SideScrollerCPP/Maps/SideScrollerExampleMap.SideScrollerExampleMap to /Game/SideScrollerCPP/Maps/UEDPIE_0_SideScrollerExampleMap.SideScrollerExampleMap (0.024962s)
[2019.10.30-12.21.00:434][442]LogInit: XAudio2 using 'Speakers (Realtek High Definition Audio)' : 6 channels at 48 kHz using 32 bits per sample (channel mask 0x3f)
[2019.10.30-12.21.00:518][442]LogInit: FAudioDevice initialized.
[2019.10.30-12.21.00:532][442]LogSlate: Updating window title bar state: overlay mode, drag disabled, window buttons hidden, title bar hidden
[2019.10.30-12.21.00:674][442]LogLoad: Game class is 'DejaBrewGameMode'
[2019.10.30-12.21.00:678][442]LogWorld: Bringing World /Game/SideScrollerCPP/Maps/UEDPIE_0_SideScrollerExampleMap.SideScrollerExampleMap up for play (max tick rate 60) at 2019.10.30-23.21.00
[2019.10.30-12.21.00:679][442]LogWorld: Bringing up level for play took: 0.002560
[2019.10.30-12.21.00:698][442]LogContentBrowser: Native class hierarchy updated for 'MovieSceneCapture' in 0.0004 seconds. Added 10 classes and 0 folders.
[2019.10.30-12.21.00:704][442]PIE: Play in editor start time for /Game/SideScrollerCPP/Maps/UEDPIE_0_SideScrollerExampleMap -0.136
[2019.10.30-12.21.00:704][442]LogBlueprintUserMessages: Late PlayInEditor Detection: Level '/Game/SideScrollerCPP/Maps/SideScrollerExampleMap.SideScrollerExampleMap:PersistentLevel' has LevelScriptBlueprint '/Game/SideScrollerCPP/Maps/SideScrollerExampleMap.SideScrollerExampleMap:PersistentLevel.SideScrollerExampleMap' with GeneratedClass '/Game/SideScrollerCPP/Maps/SideScrollerExampleMap.SideScrollerExampleMap_C' with ClassGeneratedBy '/Game/SideScrollerCPP/Maps/SideScrollerExampleMap.SideScrollerExampleMap:PersistentLevel.SideScrollerExampleMap'
[2019.10.30-12.21.00:725][442]LogRenderer: Reallocating scene render targets to support 1024x576 Format 10 NumSamples 1 (Frame:1).
[2019.10.30-12.21.06:901][810]LogBlueprintUserMessages: Early EndPlayMap Detection: Level '/Game/SideScrollerCPP/Maps/SideScrollerExampleMap.SideScrollerExampleMap:PersistentLevel' has LevelScriptBlueprint '/Game/SideScrollerCPP/Maps/SideScrollerExampleMap.SideScrollerExampleMap:PersistentLevel.SideScrollerExampleMap' with GeneratedClass '/Game/SideScrollerCPP/Maps/SideScrollerExampleMap.SideScrollerExampleMap_C' with ClassGeneratedBy '/Game/SideScrollerCPP/Maps/SideScrollerExampleMap.SideScrollerExampleMap:PersistentLevel.SideScrollerExampleMap'
[2019.10.30-12.21.06:903][810]LogSlate: Updating window title bar state: overlay mode, drag disabled, window buttons hidden, title bar hidden
[2019.10.30-12.21.06:926][810]LogSlate: Window 'DejaBrew Game Preview Standalone (64-bit/PCD3D_SM5)' being destroyed
[2019.10.30-12.21.06:969][810]LogPlayLevel: Display: Shutting down PIE online subsystems
[2019.10.30-12.21.06:969][810]LogBlueprintUserMessages: Late EndPlayMap Detection: Level '/Game/SideScrollerCPP/Maps/SideScrollerExampleMap.SideScrollerExampleMap:PersistentLevel' has LevelScriptBlueprint '/Game/SideScrollerCPP/Maps/SideScrollerExampleMap.SideScrollerExampleMap:PersistentLevel.SideScrollerExampleMap' with GeneratedClass '/Game/SideScrollerCPP/Maps/SideScrollerExampleMap.SideScrollerExampleMap_C' with ClassGeneratedBy '/Game/SideScrollerCPP/Maps/SideScrollerExampleMap.SideScrollerExampleMap:PersistentLevel.SideScrollerExampleMap'
[2019.10.30-12.21.07:011][811]LogPlayLevel: Display: Destroying online subsystem :Context_2
