Log file open, 11/01/19 18:07:02
LogWindows: Failed to load 'aqProf.dll' (GetLastError=126)
LogWindows: File 'aqProf.dll' does not exist
LogWindows: Failed to load 'VSPerf140.dll' (GetLastError=126)
LogWindows: File 'VSPerf140.dll' does not exist
LogWindows: Failed to load 'VtuneApi.dll' (GetLastError=126)
LogWindows: File 'VtuneApi.dll' does not exist
LogWindows: Failed to load 'VtuneApi32e.dll' (GetLastError=126)
LogWindows: File 'VtuneApi32e.dll' does not exist
LogInit: Display: Running engine for game: DejaBrew
LogPlatformFile: Not using cached read wrapper
LogTaskGraph: Started task graph with 5 named threads and 23 total threads with 3 sets of task threads.
LogStats: Stats thread started at 0.382746
LogD3D11RHI: Loaded GFSDK_Aftermath_Lib.x64.dll
LogICUInternationalization: Display: ICU TimeZone Detection - Raw Offset: +10:00, Platform Override: ''
LogPluginManager: Mounting plugin Paper2D
LogPluginManager: Mounting plugin AISupport
LogPluginManager: Mounting plugin LightPropagationVolume
LogPluginManager: Mounting plugin CLionSourceCodeAccess
LogPluginManager: Mounting plugin CodeLiteSourceCodeAccess
LogPluginManager: Mounting plugin GitSourceControl
LogPluginManager: Mounting plugin KDevelopSourceCodeAccess
LogPluginManager: Mounting plugin NullSourceCodeAccess
LogPluginManager: Mounting plugin PerforceSourceControl
LogPluginManager: Mounting plugin SubversionSourceControl
LogPluginManager: Mounting plugin UObjectPlugin
LogPluginManager: Mounting plugin VisualStudioCodeSourceCodeAccess
LogPluginManager: Mounting plugin VisualStudioSourceCodeAccess
LogPluginManager: Mounting plugin XCodeSourceCodeAccess
LogPluginManager: Mounting plugin AssetManagerEditor
LogPluginManager: Mounting plugin CryptoKeys
LogPluginManager: Mounting plugin DataValidation
LogPluginManager: Mounting plugin FacialAnimation
LogPluginManager: Mounting plugin GameplayTagsEditor
LogPluginManager: Mounting plugin MacGraphicsSwitching
LogPluginManager: Mounting plugin MeshEditor
LogPluginManager: Mounting plugin MobileLauncherProfileWizard
LogPluginManager: Mounting plugin PluginBrowser
LogPluginManager: Mounting plugin SpeedTreeImporter
LogPluginManager: Mounting plugin DatasmithContent
LogPluginManager: Mounting plugin AlembicImporter
LogPluginManager: Mounting plugin AppleImageUtils
LogPluginManager: Mounting plugin AppleVision
LogPluginManager: Mounting plugin BackChannel
LogPluginManager: Mounting plugin CharacterAI
LogPluginManager: Mounting plugin GeometryCache
LogPluginManager: Mounting plugin HTML5Networking
LogPluginManager: Mounting plugin ProxyLODPlugin
LogPluginManager: Mounting plugin MagicLeap
LogPluginManager: Mounting plugin MagicLeapEmulator
LogPluginManager: Mounting plugin MagicLeapMedia
LogPluginManager: Mounting plugin AndroidMedia
LogPluginManager: Mounting plugin AvfMedia
LogPluginManager: Mounting plugin ImgMedia
LogPluginManager: Mounting plugin LinearTimecode
LogPluginManager: Mounting plugin MediaCompositing
LogPluginManager: Mounting plugin MediaPlayerEditor
LogPluginManager: Mounting plugin WmfMedia
LogPluginManager: Mounting plugin TcpMessaging
LogPluginManager: Mounting plugin UdpMessaging
LogPluginManager: Mounting plugin ActorSequence
LogPluginManager: Mounting plugin LevelSequenceEditor
LogPluginManager: Mounting plugin MatineeToLevelSequence
LogPluginManager: Mounting plugin NetcodeUnitTest
LogPluginManager: Mounting plugin NUTUnrealEngine4
LogPluginManager: Mounting plugin OnlineSubsystemGooglePlay
LogPluginManager: Mounting plugin OnlineSubsystemIOS
LogPluginManager: Mounting plugin OnlineSubsystem
LogPluginManager: Mounting plugin OnlineSubsystemNull
LogPluginManager: Mounting plugin OnlineSubsystemUtils
LogPluginManager: Mounting plugin LauncherChunkInstaller
LogPluginManager: Mounting plugin AndroidDeviceProfileSelector
LogPluginManager: Mounting plugin AndroidMoviePlayer
LogPluginManager: Mounting plugin AndroidPermission
LogPluginManager: Mounting plugin AppleMoviePlayer
LogPluginManager: Mounting plugin ArchVisCharacter
LogPluginManager: Mounting plugin AudioCapture
LogPluginManager: Mounting plugin CableComponent
LogPluginManager: Mounting plugin CustomMeshComponent
LogPluginManager: Mounting plugin EditableMesh
LogPluginManager: Mounting plugin ExampleDeviceProfileSelector
LogPluginManager: Mounting plugin GoogleCloudMessaging
LogPluginManager: Mounting plugin ImmediatePhysics
LogPluginManager: Mounting plugin IOSDeviceProfileSelector
LogPluginManager: Mounting plugin LinuxDeviceProfileSelector
LogPluginManager: Mounting plugin LocationServicesBPLibrary
LogPluginManager: Mounting plugin MobilePatchingUtils
LogPluginManager: Mounting plugin OculusVR
LogPluginManager: Plugin shader directory ../../../Engine/Plugins/Runtime/Oculus/OculusVR/Shaders found
LogPluginManager: Mapping shader source directory ../../../Engine/Plugins/Runtime/Oculus/OculusVR/Shaders to virtual directory /Plugin/OculusVR
LogPluginManager: Mounting plugin PhysXVehicles
LogPluginManager: Mounting plugin ProceduralMeshComponent
LogPluginManager: Mounting plugin RuntimePhysXCooking
LogPluginManager: Mounting plugin SteamVR
LogPluginManager: Mounting plugin WindowsMoviePlayer
LogStreaming: Display: Took  0.170s to configure plugins.
LogInit: Using libcurl 7.55.1-DEV
LogInit:  - built for x86_64-pc-win32
LogInit:  - supports SSL with OpenSSL/1.0.2h
LogInit:  - supports HTTP deflate (compression) using libz 1.2.8
LogInit:  - other features:
LogInit:      CURL_VERSION_SSL
LogInit:      CURL_VERSION_LIBZ
LogInit:      CURL_VERSION_IPV6
LogInit:      CURL_VERSION_ASYNCHDNS
LogInit:      CURL_VERSION_LARGEFILE
LogInit:      CURL_VERSION_IDN
LogInit:  CurlRequestOptions (configurable via config and command line):
LogInit:  - bVerifyPeer = false  - Libcurl will NOT verify peer certificate
LogInit:  - bUseHttpProxy = false  - Libcurl will NOT use HTTP proxy
LogInit:  - bDontReuseConnections = false  - Libcurl will reuse connections
LogInit:  - CertBundlePath = nullptr  - Libcurl will use whatever was configured at build time.
LogInit:  - MaxHostConnections = 16  - Libcurl will limit the number of connections to a host
LogInit:  - LocalHostAddr = Default
LogInit:  - BufferSize = 65536
LogInit: WinSock: version 1.1 (2.2), MaxSocks=32767, MaxUdp=65467
LogInit: Build: ++UE4+Release-4.20-CL-4369336
LogInit: Engine Version: 4.20.3-4369336+++UE4+Release-4.20
LogInit: Compatible Engine Version: 4.20.0-4212847+++UE4+Release-4.20
LogInit: Net CL: 4212847
LogInit: OS: Windows 10 (), CPU: Intel(R) Core(TM) i7-7700HQ CPU @ 2.80GHz, GPU: Intel(R) HD Graphics 630
LogInit: Compiled (64-bit): Sep 17 2018 12:26:19
LogInit: Compiled with Visual C++: 19.13.26129.00
LogInit: Build Configuration: Development
LogInit: Branch Name: ++UE4+Release-4.20
LogInit: Command Line:  -skipcompile
LogInit: Base Directory: C:/Program Files (x86)/UE_4.20/Engine/Binaries/Win64/
LogInit: Installed Engine Build: 1
LogDevObjectVersion: Number of dev versions registered: 20
LogDevObjectVersion:   Dev-Blueprints (B0D832E4-1F89-4F0D-ACCF-7EB736FD4AA2): 10
LogDevObjectVersion:   Dev-Build (E1C64328-A22C-4D53-A36C-8E866417BD8C): 0
LogDevObjectVersion:   Dev-Core (375EC13C-06E4-48FB-B500-84F0262A717E): 2
LogDevObjectVersion:   Dev-Editor (E4B068ED-F494-42E9-A231-DA0B2E46BB41): 24
LogDevObjectVersion:   Dev-Framework (CFFC743F-43B0-4480-9391-14DF171D2073): 34
LogDevObjectVersion:   Dev-Mobile (B02B49B5-BB20-44E9-A304-32B752E40360): 2
LogDevObjectVersion:   Dev-Networking (A4E4105C-59A1-49B5-A7C5-40C4547EDFEE): 0
LogDevObjectVersion:   Dev-Online (39C831C9-5AE6-47DC-9A44-9C173E1C8E7C): 0
LogDevObjectVersion:   Dev-Physics (78F01B33-EBEA-4F98-B9B4-84EACCB95AA2): 0
LogDevObjectVersion:   Dev-Platform (6631380F-2D4D-43E0-8009-CF276956A95A): 0
LogDevObjectVersion:   Dev-Rendering (12F88B9F-8875-4AFC-A67C-D90C383ABD29): 26
LogDevObjectVersion:   Dev-Sequencer (7B5AE74C-D270-4C10-A958-57980B212A5A): 9
LogDevObjectVersion:   Dev-VR (D7296918-1DD6-4BDD-9DE2-64A83CC13884): 2
LogDevObjectVersion:   Dev-LoadTimes (C2A15278-BFE7-4AFE-6C17-90FF531DF755): 1
LogDevObjectVersion:   Private-Geometry (6EACA3D4-40EC-4CC1-B786-8BED09428FC5): 3
LogDevObjectVersion:   Dev-AnimPhys (29E575DD-E0A3-4627-9D10-D276232CDCEA): 17
LogDevObjectVersion:   Dev-ReflectionCapture (6B266CEC-1EC7-4B8F-A30B-E4D90942FC07): 1
LogDevObjectVersion:   Dev-Automation (0DF73D61-A23F-47EA-B727-89E90C41499A): 1
LogDevObjectVersion:   FortniteMain (601D1886-AC64-4F84-AA16-D3DE0DEAC7D6): 12
LogDevObjectVersion:   Dev-Enterprise (9DFFBCD6-494F-0158-E221-12823C92A888): 1
LogStreaming: Display: Took  0.004s to delete old logs.
LogInit: Presizing for max 8388607 objects, including 0 objects not considered by GC, pre-allocating 0 bytes for permanent pool.
LogInit: Object subsystem initialized
[2019.11.01-07.07.03:225][  0]LogInit: Selected Device Profile: [Windows]
[2019.11.01-07.07.03:225][  0]LogInit: Applying CVar settings loaded from the selected device profile: [Windows]
[2019.11.01-07.07.03:241][  0]LogHAL: Display: Platform has ~ 16 GB [17095811072 / 17179869184 / 16], which maps to Larger [LargestMinGB=32, LargerMinGB=12, DefaultMinGB=8, SmallerMinGB=6, SmallestMinGB=0)
[2019.11.01-07.07.03:241][  0]LogInit: Setting Device Profile CVar: [[r.Vulkan.UseRealUBs:1]]
[2019.11.01-07.07.03:241][  0]LogInit: Going up to parent DeviceProfile []
[2019.11.01-07.07.03:242][  0]LogInit: Computer: MSI
[2019.11.01-07.07.03:242][  0]LogInit: User: hiit
[2019.11.01-07.07.03:242][  0]LogInit: CPU Page size=4096, Cores=4
[2019.11.01-07.07.03:242][  0]LogInit: High frequency timer resolution =10.000000 MHz
[2019.11.01-07.07.03:242][  0]LogMemory: Memory total: Physical=15.9GB (16GB approx)
[2019.11.01-07.07.03:242][  0]LogMemory: Platform Memory Stats for Windows
[2019.11.01-07.07.03:242][  0]LogMemory: Process Physical Memory: 102.41 MB used, 102.42 MB peak
[2019.11.01-07.07.03:242][  0]LogMemory: Process Virtual Memory: 89.46 MB used, 89.46 MB peak
[2019.11.01-07.07.03:243][  0]LogMemory: Physical Memory: 6764.90 MB used,  9538.93 MB free, 16303.84 MB total
[2019.11.01-07.07.03:243][  0]LogMemory: Virtual Memory: 4626.85 MB used,  9538.93 MB free, 134217728.00 MB total
[2019.11.01-07.07.03:804][  0]LogInit: Using OS detected language (en-US).
[2019.11.01-07.07.03:804][  0]LogInit: Using OS detected locale (en-AU).
[2019.11.01-07.07.03:805][  0]LogTextLocalizationManager: No specific localization for 'en-US' exists, so the 'en' localization will be used.
[2019.11.01-07.07.04:203][  0]LogStreaming: Display: Took  0.399s to InitEngineTextLocalization.
[2019.11.01-07.07.04:204][  0]LogInit: Setting process to per monitor DPI aware
[2019.11.01-07.07.04:267][  0]LogSlate: New Slate User Created.  User Index 0, Is Virtual User: 0
[2019.11.01-07.07.04:267][  0]LogSlate: Slate User Registered.  User Index 0, Is Virtual User: 0
[2019.11.01-07.07.04:511][  0]LogHMD: Failed to initialize OpenVR with code 110
[2019.11.01-07.07.04:511][  0]LogD3D11RHI: D3D11 adapters:
[2019.11.01-07.07.05:622][  0]LogD3D11RHI:    0. 'NVIDIA GeForce GTX 1050' (Feature Level 11_0)
[2019.11.01-07.07.05:622][  0]LogD3D11RHI:       4021/0/8151 MB DedicatedVideo/DedicatedSystem/SharedSystem, Outputs:1, VendorId:0x10de
[2019.11.01-07.07.05:648][  0]LogD3D11RHI:    1. 'Intel(R) HD Graphics 630' (Feature Level 11_0)
[2019.11.01-07.07.05:648][  0]LogD3D11RHI:       128/0/8151 MB DedicatedVideo/DedicatedSystem/SharedSystem, Outputs:0, VendorId:0x8086
[2019.11.01-07.07.05:654][  0]LogD3D11RHI:    2. 'Microsoft Basic Render Driver' (Feature Level 11_0)
[2019.11.01-07.07.05:654][  0]LogD3D11RHI:       0/0/8151 MB DedicatedVideo/DedicatedSystem/SharedSystem, Outputs:0, VendorId:0x1414
[2019.11.01-07.07.05:655][  0]LogD3D11RHI: Chosen D3D11 Adapter: 0
[2019.11.01-07.07.05:691][  0]LogD3D11RHI: Creating new Direct3DDevice
[2019.11.01-07.07.05:691][  0]LogD3D11RHI:     GPU DeviceId: 0x1c8d (for the marketing name, search the web for "GPU Device Id")
[2019.11.01-07.07.05:691][  0]LogWindows: EnumDisplayDevices:
[2019.11.01-07.07.05:692][  0]LogWindows:    0. 'Intel(R) HD Graphics 630' (P:1 D:1)
[2019.11.01-07.07.05:692][  0]LogWindows:    1. 'Intel(R) HD Graphics 630' (P:0 D:0)
[2019.11.01-07.07.05:693][  0]LogWindows:    2. 'Intel(R) HD Graphics 630' (P:0 D:0)
[2019.11.01-07.07.05:694][  0]LogWindows: DebugString: PrimaryIsNotTheChoosenAdapter PrimaryIsNotTheChoosenAdapter PrimaryIsNotTheChoosenAdapter FoundDriverCount:0 
[2019.11.01-07.07.05:694][  0]LogD3D11RHI:     Adapter Name: NVIDIA GeForce GTX 1050
[2019.11.01-07.07.05:694][  0]LogD3D11RHI:   Driver Version: Unknown (internal:Unknown, unified:Unknown)
[2019.11.01-07.07.05:694][  0]LogD3D11RHI:      Driver Date: Unknown
[2019.11.01-07.07.05:694][  0]LogRHI: Texture pool is 2814 MB (70% of 4021 MB)
[2019.11.01-07.07.05:747][  0]LogD3D11RHI: Async texture creation enabled
[2019.11.01-07.07.05:836][  0]LogD3D11RHI: GPU Timing Frequency: 1000.000000 (Debug: 2 2)
[2019.11.01-07.07.05:837][  0]LogShaderCompilers: Guid format shader working directory is -42 characters bigger than the processId version (../../../../../Users/hi_it/OneDrive/Documents/GitHub/Chicken-Crimpy-Repository/DejaBrew/Intermediate/Shaders/WorkingDirectory/17428/).
[2019.11.01-07.07.05:838][  0]LogShaderCompilers: Cleaned the shader compiler working directory 'C:/Users/hi_it/AppData/Local/Temp/UnrealShaderWorkingDir/E1C218DE4FF2BC41E22A979654B4EF79/'.
[2019.11.01-07.07.06:152][  0]LogTemp: Display: Loaded TP AllDesktopTargetPlatform
[2019.11.01-07.07.06:169][  0]LogTemp: Display: Loaded TP MacClientTargetPlatform
[2019.11.01-07.07.06:188][  0]LogTemp: Display: Loaded TP MacNoEditorTargetPlatform
[2019.11.01-07.07.06:205][  0]LogTemp: Display: Loaded TP MacServerTargetPlatform
[2019.11.01-07.07.06:230][  0]LogTemp: Display: Loaded TP MacTargetPlatform
[2019.11.01-07.07.06:249][  0]LogTemp: Display: Loaded TP WindowsClientTargetPlatform
[2019.11.01-07.07.06:266][  0]LogTemp: Display: Loaded TP WindowsNoEditorTargetPlatform
[2019.11.01-07.07.06:289][  0]LogTemp: Display: Loaded TP WindowsServerTargetPlatform
[2019.11.01-07.07.06:299][  0]LogTemp: Display: Loaded TP WindowsTargetPlatform
[2019.11.01-07.07.06:408][  0]LogTemp: Display: Loaded TP AndroidTargetPlatform
[2019.11.01-07.07.06:408][  0]LogTemp: Display: Loaded TP AndroidTargetPlatform
[2019.11.01-07.07.06:408][  0]LogTemp: Display: Loaded TP AndroidTargetPlatform
[2019.11.01-07.07.06:408][  0]LogTemp: Display: Loaded TP AndroidTargetPlatform
[2019.11.01-07.07.06:409][  0]LogTemp: Display: Loaded TP AndroidTargetPlatform
[2019.11.01-07.07.06:409][  0]LogTemp: Display: Loaded TP AndroidTargetPlatform
[2019.11.01-07.07.06:409][  0]LogTemp: Display: Loaded TP AndroidTargetPlatform
[2019.11.01-07.07.06:409][  0]LogTemp: Display: Loaded TP AndroidTargetPlatform
[2019.11.01-07.07.06:409][  0]LogTemp: Display: Loaded TP AndroidTargetPlatform
[2019.11.01-07.07.06:409][  0]LogTemp: Display: Loaded TP AndroidTargetPlatform
[2019.11.01-07.07.06:409][  0]LogTemp: Display: Loaded TP AndroidTargetPlatform
[2019.11.01-07.07.06:409][  0]LogTemp: Display: Loaded TP AndroidTargetPlatform
[2019.11.01-07.07.06:409][  0]LogTemp: Display: Loaded TP AndroidTargetPlatform
[2019.11.01-07.07.06:409][  0]LogTemp: Display: Loaded TP AndroidTargetPlatform
[2019.11.01-07.07.06:409][  0]LogTemp: Display: Loaded TP AndroidTargetPlatform
[2019.11.01-07.07.06:409][  0]LogTemp: Display: Loaded TP AndroidTargetPlatform
[2019.11.01-07.07.06:410][  0]LogTemp: Display: Loaded TP AndroidTargetPlatform
[2019.11.01-07.07.06:410][  0]LogTemp: Display: Loaded TP AndroidTargetPlatform
[2019.11.01-07.07.06:413][  0]LogTemp: Display: Loaded TP HTML5TargetPlatform
[2019.11.01-07.07.06:492][  0]LogTemp: Display: Loaded TP IOSTargetPlatform
[2019.11.01-07.07.06:492][  0]LogTemp: Display: Loaded TP IOSTargetPlatform
[2019.11.01-07.07.06:524][  0]LogTemp: Display: Loaded TP TVOSTargetPlatform
[2019.11.01-07.07.06:524][  0]LogTemp: Display: Loaded TP TVOSTargetPlatform
[2019.11.01-07.07.06:545][  0]LogTemp: Display: Loaded TP LinuxClientTargetPlatform
[2019.11.01-07.07.06:566][  0]LogTemp: Display: Loaded TP LinuxNoEditorTargetPlatform
[2019.11.01-07.07.06:583][  0]LogTemp: Display: Loaded TP LinuxServerTargetPlatform
[2019.11.01-07.07.06:602][  0]LogTemp: Display: Loaded TP LinuxTargetPlatform
[2019.11.01-07.07.06:616][  0]LogTemp: Display: Loaded TP LuminTargetPlatform
[2019.11.01-07.07.06:616][  0]LogTargetPlatformManager: Display: Building Assets For Windows
[2019.11.01-07.07.06:763][  0]LogXGEController: Cleaning working directory: C:/Users/hi_it/AppData/Local/Temp/UnrealXGEWorkingDir/
[2019.11.01-07.07.06:763][  0]LogXGEController: Cannot use XGE Controller as Incredibuild is not installed on this machine.
[2019.11.01-07.07.06:763][  0]LogShaderCompilers: Cannot use XGE Shader Compiler as Incredibuild is not installed on this machine.
[2019.11.01-07.07.06:764][  0]LogShaderCompilers: Display: Using Local Shader Compiler.
[2019.11.01-07.07.07:668][  0]LogDerivedDataCache: Display: Max Cache Size: 512 MB
[2019.11.01-07.07.07:744][  0]LogDerivedDataCache: Loaded boot cache 0.08s 84MB C:/Users/hi_it/AppData/Local/UnrealEngine/4.20/DerivedDataCache/Boot.ddc.
[2019.11.01-07.07.07:744][  0]LogDerivedDataCache: Display: Loaded Boot cache: C:/Users/hi_it/AppData/Local/UnrealEngine/4.20/DerivedDataCache/Boot.ddc
[2019.11.01-07.07.07:744][  0]LogDerivedDataCache: FDerivedDataBackendGraph:  Pak pak cache file ../../../../../Users/hi_it/OneDrive/Documents/GitHub/Chicken-Crimpy-Repository/DejaBrew/DerivedDataCache/DDC.ddp not found, will not use a pak cache.
[2019.11.01-07.07.07:744][  0]LogDerivedDataCache: Unable to find inner node Pak for hierarchical cache Hierarchy.
[2019.11.01-07.07.07:745][  0]LogDerivedDataCache: FDerivedDataBackendGraph:  CompressedPak pak cache file ../../../../../Users/hi_it/OneDrive/Documents/GitHub/Chicken-Crimpy-Repository/DejaBrew/DerivedDataCache/Compressed.ddp not found, will not use a pak cache.
[2019.11.01-07.07.07:745][  0]LogDerivedDataCache: Unable to find inner node CompressedPak for hierarchical cache Hierarchy.
[2019.11.01-07.07.07:760][  0]LogDerivedDataCache: Display: Pak cache opened for reading ../../../Engine/DerivedDataCache/Compressed.ddp.
[2019.11.01-07.07.07:775][  0]LogDerivedDataCache: Using Local data cache path C:/Users/hi_it/AppData/Local/UnrealEngine/Common/DerivedDataCache: Writable
[2019.11.01-07.07.07:775][  0]LogDerivedDataCache: Shared data cache path not found in *engine.ini, will not use an Shared cache.
[2019.11.01-07.07.07:775][  0]LogDerivedDataCache: Unable to find inner node Shared for hierarchical cache Hierarchy.
[2019.11.01-07.07.07:799][  0]LogMaterial: Verifying Global Shaders for PCD3D_SM5
[2019.11.01-07.07.07:801][  0]LogSlate: Using FreeType 2.6.0
[2019.11.01-07.07.07:802][  0]LogSlate: SlateFontServices - WITH_FREETYPE: 1, WITH_HARFBUZZ: 1
[2019.11.01-07.07.07:879][  0]LogAssetRegistry: FAssetRegistry took 0.0295 seconds to start up
[2019.11.01-07.07.08:206][  0]LogInit: Selected Device Profile: [Windows]
[2019.11.01-07.07.08:371][  0]LogSimplygon: Simplygon DLL not present - disabling.
[2019.11.01-07.07.08:382][  0]LogMeshReduction: Using SimplygonSwarm for distributed automatic mesh merging
[2019.11.01-07.07.08:382][  0]LogMeshReduction: Using ProxyLODMeshReduction for automatic mesh merging
[2019.11.01-07.07.08:382][  0]LogMeshReduction: Using QuadricMeshReduction for automatic static mesh reduction
[2019.11.01-07.07.08:382][  0]LogMeshReduction: No automatic skeletal mesh reduction module available
[2019.11.01-07.07.08:400][  0]LogNetVersion: DejaBrew 1.0.0, NetCL: 4212847, EngineNetVer: 5, GameNetVer: 0 (Checksum: 719251921)
[2019.11.01-07.07.08:967][  0]LogPackageLocalizationCache: Processed 11 localized package path(s) for 2 prioritized culture(s) in 0.119286 seconds
[2019.11.01-07.07.08:974][  0]LogUObjectArray: 38425 objects as part of root set at end of initial load.
[2019.11.01-07.07.08:974][  0]LogUObjectAllocator: 6690872 out of 0 bytes used by permanent object pool.
[2019.11.01-07.07.08:974][  0]LogUObjectArray: CloseDisregardForGC: 0/0 objects in disregard for GC pool
[2019.11.01-07.07.10:001][  0]LogTcpMessaging: Initializing TcpMessaging bridge
[2019.11.01-07.07.10:019][  0]LogUdpMessaging: Initializing bridge on interface 0.0.0.0:0 to multicast group 230.0.0.1:6666.
[2019.11.01-07.07.10:458][  0]SourceControl: Source control is disabled
[2019.11.01-07.07.10:459][  0]SourceControl: Source control is disabled
[2019.11.01-07.07.10:464][  0]SourceControl: Source control is disabled
[2019.11.01-07.07.10:468][  0]SourceControl: Source control is disabled
[2019.11.01-07.07.10:785][  0]LogAndroidPermission: UAndroidPermissionCallbackProxy::GetInstance
[2019.11.01-07.07.11:045][  0]LogOcInput: OculusInput pre-init called
[2019.11.01-07.07.11:131][  0]LogEngine: Initializing Engine...
[2019.11.01-07.07.11:132][  0]LogHMD: Failed to initialize OpenVR with code 110
[2019.11.01-07.07.11:133][  0]LogStats: UGameplayTagsManager::ConstructGameplayTagTree: ImportINI prefixes -  0.000 s
[2019.11.01-07.07.11:134][  0]LogStats: UGameplayTagsManager::ConstructGameplayTagTree: Construct from data asset -  0.000 s
[2019.11.01-07.07.11:134][  0]LogStats: UGameplayTagsManager::ConstructGameplayTagTree: ImportINI -  0.000 s
[2019.11.01-07.07.11:134][  0]LogStats: UGameplayTagsManager::ConstructGameplayTagTree: GameplayTagTreeChangedEvent.Broadcast -  0.000 s
[2019.11.01-07.07.11:354][  0]LogInit: Initializing FReadOnlyCVARCache
[2019.11.01-07.07.11:370][  0]LogAIModule: Creating AISystem for world Untitled
[2019.11.01-07.07.11:502][  0]LogInit: XAudio2 using 'Speakers (Realtek High Definition Audio)' : 6 channels at 48 kHz using 32 bits per sample (channel mask 0x3f)
[2019.11.01-07.07.11:715][  0]LogInit: FAudioDevice initialized.
[2019.11.01-07.07.11:716][  0]LogNetVersion: Set ProjectVersion to 1.0.0.0. Version Checksum will be recalculated on next use.
[2019.11.01-07.07.11:941][  0]LogDerivedDataCache: Saved boot cache 0.23s 80MB C:/Users/hi_it/AppData/Local/UnrealEngine/4.20/DerivedDataCache/Boot.ddc.
[2019.11.01-07.07.11:949][  0]LogInit: Texture streaming: Enabled
[2019.11.01-07.07.11:991][  0]LogEngineSessionManager: EngineSessionManager initialized
[2019.11.01-07.07.12:007][  0]LogInit: Transaction tracking system initialized
[2019.11.01-07.07.12:050][  0]BlueprintLog: New page: Editor Load
[2019.11.01-07.07.12:258][  0]LocalizationService: Localization service is disabled
[2019.11.01-07.07.12:580][  0]LogCook: Display: Max memory allowance for cook 16384mb min free memory 0mb
[2019.11.01-07.07.12:580][  0]LogCook: Display: Mobile HDR setting 1
[2019.11.01-07.07.12:580][  0]LogGameplayTags: Display: UGameplayTagsManager::DoneAddingNativeTags. DelegateIsBound: 0
[2019.11.01-07.07.12:580][  0]LogStats: UGameplayTagsManager::ConstructGameplayTagTree: ImportINI prefixes -  0.000 s
[2019.11.01-07.07.12:581][  0]LogStats: UGameplayTagsManager::ConstructGameplayTagTree: Construct from data asset -  0.000 s
[2019.11.01-07.07.12:581][  0]LogStats: UGameplayTagsManager::ConstructGameplayTagTree: ImportINI -  0.000 s
[2019.11.01-07.07.12:581][  0]LogStats: UGameplayTagsManager::ConstructGameplayTagTree: GameplayTagTreeChangedEvent.Broadcast -  0.000 s
[2019.11.01-07.07.12:802][  0]LogFileCache: Scanning file cache for directory 'C:/Users/hi_it/OneDrive/Documents/GitHub/Chicken-Crimpy-Repository/DejaBrew/Content/' took 0.02s
[2019.11.01-07.07.12:803][  0]SourceControl: Source control is disabled
[2019.11.01-07.07.12:804][  0]LightingResults: New page: Lighting Build
[2019.11.01-07.07.12:808][  0]MapCheck: New page: Map Check
[2019.11.01-07.07.12:808][  0]LightingResults: New page: Lighting Build
[2019.11.01-07.07.12:997][  0]LogAIModule: Creating AISystem for world SideScrollerExampleMap
[2019.11.01-07.07.13:011][  0]LogEditorServer: Finished looking for orphan Actors (0.000 secs)
[2019.11.01-07.07.13:034][  0]Cmd: MAP CHECKDEP NOCLEARLOG
[2019.11.01-07.07.13:124][  0]MapCheck: Map check complete: 0 Error(s), 0 Warning(s), took 90.786ms to complete.
[2019.11.01-07.07.13:125][  0]LogFileHelpers: Loading map 'SideScrollerExampleMap' took 0.322
[2019.11.01-07.07.13:260][  0]LogSlate: Updating window title bar state: overlay mode, drag disabled, window buttons hidden, title bar hidden
[2019.11.01-07.07.13:267][  0]LogSlate: Updating window title bar state: overlay mode, drag disabled, window buttons hidden, title bar hidden
[2019.11.01-07.07.13:276][  0]LogSlate: Updating window title bar state: overlay mode, drag disabled, window buttons hidden, title bar hidden
[2019.11.01-07.07.13:286][  0]LogSlate: Updating window title bar state: overlay mode, drag disabled, window buttons hidden, title bar hidden
[2019.11.01-07.07.13:295][  0]LogCollectionManager: Loaded 0 collections in 0.002788 seconds
[2019.11.01-07.07.13:346][  0]LogFileCache: Scanning file cache for directory 'C:/Users/hi_it/OneDrive/Documents/GitHub/Chicken-Crimpy-Repository/DejaBrew/Saved/Collections/' took 0.01s
[2019.11.01-07.07.13:347][  0]LogFileCache: Scanning file cache for directory 'C:/Users/hi_it/OneDrive/Documents/GitHub/Chicken-Crimpy-Repository/DejaBrew/Content/Developers/hiit/Collections/' took 0.01s
[2019.11.01-07.07.13:347][  0]LogFileCache: Scanning file cache for directory 'C:/Users/hi_it/OneDrive/Documents/GitHub/Chicken-Crimpy-Repository/DejaBrew/Content/Collections/' took 0.01s
[2019.11.01-07.07.13:347][  0]LogCollectionManager: Rebuilt the GUID cache for 0 collections in 0.000000 seconds
[2019.11.01-07.07.13:357][  0]LogContentBrowser: Native class hierarchy populated in 0.0093 seconds. Added 2575 classes and 605 folders.
[2019.11.01-07.07.13:365][  0]LogContentBrowser: Native class hierarchy updated for 'WidgetCarousel' in 0.0004 seconds. Added 0 classes and 0 folders.
[2019.11.01-07.07.13:417][  0]LogContentBrowser: Native class hierarchy updated for 'AddContentDialog' in 0.0003 seconds. Added 0 classes and 0 folders.
[2019.11.01-07.07.13:426][  0]LogContentBrowser: Native class hierarchy updated for 'SceneOutliner' in 0.0006 seconds. Added 1 classes and 2 folders.
[2019.11.01-07.07.13:496][  0]LogSlate: Took 0.000187 seconds to synchronously load lazily loaded font '../../../Engine/Content/Slate/Fonts/Roboto-Regular.ttf' (155K)
[2019.11.01-07.07.13:498][  0]LogSlate: Took 0.000232 seconds to synchronously load lazily loaded font '../../../Engine/Content/Slate/Fonts/Roboto-Bold.ttf' (160K)
[2019.11.01-07.07.13:506][  0]LogSlate: Took 0.000155 seconds to synchronously load lazily loaded font '../../../Engine/Content/Editor/Slate/Fonts/FontAwesome.ttf' (139K)
[2019.11.01-07.07.13:592][  0]LogRenderer: Reallocating scene render targets to support 884x436 Format 10 NumSamples 1 (Frame:1).
[2019.11.01-07.07.13:809][  0]LogContentBrowser: Native class hierarchy updated for 'HierarchicalLODOutliner' in 0.0007 seconds. Added 0 classes and 0 folders.
[2019.11.01-07.07.13:809][  0]LogLoad: (Engine Initialization) Total time: 12.74 seconds
[2019.11.01-07.07.13:809][  0]LogLoad: (Engine Initialization) Total Blueprint compile time: 0.00 seconds
[2019.11.01-07.07.13:864][  0]LogContentStreaming: Texture pool size now 1000 MB
[2019.11.01-07.07.13:891][  0]LogSlate: Took 0.000149 seconds to synchronously load lazily loaded font '../../../Engine/Content/Slate/Fonts/Roboto-Light.ttf' (167K)
[2019.11.01-07.07.13:908][  1]LogFileCache: Retrieving MD5 hashes for directory 'C:/Users/hi_it/OneDrive/Documents/GitHub/Chicken-Crimpy-Repository/DejaBrew/Content/' took 0.06s
[2019.11.01-07.07.13:919][  1]LogAssetRegistry: Asset discovery search completed in 6.0656 seconds
[2019.11.01-07.07.13:921][  1]LogCollectionManager: Rebuilt the object cache for 0 collections in 0.000000 seconds (found 0 objects)
[2019.11.01-07.07.13:921][  1]LogCollectionManager: Fixed up redirectors for 0 collections in 0.000160 seconds (updated 0 objects)
[2019.11.01-07.07.15:787][108]LogSlate: FSceneViewport::OnFocusLost() reason 0
[2019.11.01-07.07.15:870][113]LogTemp: Repeating last play command: New Editor Window (PIE)
[2019.11.01-07.07.15:891][113]LogBlueprintUserMessages: Early PlayInEditor Detection: Level '/Game/SideScrollerCPP/Maps/SideScrollerExampleMap.SideScrollerExampleMap:PersistentLevel' has LevelScriptBlueprint '/Game/SideScrollerCPP/Maps/SideScrollerExampleMap.SideScrollerExampleMap:PersistentLevel.SideScrollerExampleMap' with GeneratedClass '/Game/SideScrollerCPP/Maps/SideScrollerExampleMap.SideScrollerExampleMap_C' with ClassGeneratedBy '/Game/SideScrollerCPP/Maps/SideScrollerExampleMap.SideScrollerExampleMap:PersistentLevel.SideScrollerExampleMap'
[2019.11.01-07.07.15:891][113]LogPlayLevel: PlayLevel: No blueprints needed recompiling
[2019.11.01-07.07.15:907][113]PIE: New page: PIE session: SideScrollerExampleMap (2 Nov 2019 5:07:15 am)
[2019.11.01-07.07.15:907][113]LogPlayLevel: Creating play world package: /Game/SideScrollerCPP/Maps/UEDPIE_0_SideScrollerExampleMap
[2019.11.01-07.07.15:926][113]LogPlayLevel: PIE: StaticDuplicateObject took: (0.019113s)
[2019.11.01-07.07.15:928][113]LogAIModule: Creating AISystem for world SideScrollerExampleMap
[2019.11.01-07.07.15:928][113]LogPlayLevel: PIE: World Init took: (0.001641s)
[2019.11.01-07.07.15:928][113]LogPlayLevel: PIE: Created PIE world by copying editor world from /Game/SideScrollerCPP/Maps/SideScrollerExampleMap.SideScrollerExampleMap to /Game/SideScrollerCPP/Maps/UEDPIE_0_SideScrollerExampleMap.SideScrollerExampleMap (0.021388s)
[2019.11.01-07.07.16:004][113]LogInit: XAudio2 using 'Speakers (Realtek High Definition Audio)' : 6 channels at 48 kHz using 32 bits per sample (channel mask 0x3f)
[2019.11.01-07.07.16:083][113]LogInit: FAudioDevice initialized.
[2019.11.01-07.07.16:095][113]LogSlate: Updating window title bar state: overlay mode, drag disabled, window buttons hidden, title bar hidden
[2019.11.01-07.07.16:255][113]LogLoad: Game class is 'DejaBrewGameMode'
[2019.11.01-07.07.16:264][113]LogWorld: Bringing World /Game/SideScrollerCPP/Maps/UEDPIE_0_SideScrollerExampleMap.SideScrollerExampleMap up for play (max tick rate 60) at 2019.11.01-18.07.16
[2019.11.01-07.07.16:266][113]LogWorld: Bringing up level for play took: 0.007672
[2019.11.01-07.07.16:293][113]LogContentBrowser: Native class hierarchy updated for 'MovieSceneCapture' in 0.0010 seconds. Added 10 classes and 0 folders.
[2019.11.01-07.07.16:300][113]PIE: Play in editor start time for /Game/SideScrollerCPP/Maps/UEDPIE_0_SideScrollerExampleMap -0.517
[2019.11.01-07.07.16:301][113]LogBlueprintUserMessages: Late PlayInEditor Detection: Level '/Game/SideScrollerCPP/Maps/SideScrollerExampleMap.SideScrollerExampleMap:PersistentLevel' has LevelScriptBlueprint '/Game/SideScrollerCPP/Maps/SideScrollerExampleMap.SideScrollerExampleMap:PersistentLevel.SideScrollerExampleMap' with GeneratedClass '/Game/SideScrollerCPP/Maps/SideScrollerExampleMap.SideScrollerExampleMap_C' with ClassGeneratedBy '/Game/SideScrollerCPP/Maps/SideScrollerExampleMap.SideScrollerExampleMap:PersistentLevel.SideScrollerExampleMap'
[2019.11.01-07.07.16:322][113]LogRenderer: Reallocating scene render targets to support 1024x576 Format 10 NumSamples 1 (Frame:1).
[2019.11.01-07.07.34:769][217]LogBlueprintUserMessages: Early EndPlayMap Detection: Level '/Game/SideScrollerCPP/Maps/SideScrollerExampleMap.SideScrollerExampleMap:PersistentLevel' has LevelScriptBlueprint '/Game/SideScrollerCPP/Maps/SideScrollerExampleMap.SideScrollerExampleMap:PersistentLevel.SideScrollerExampleMap' with GeneratedClass '/Game/SideScrollerCPP/Maps/SideScrollerExampleMap.SideScrollerExampleMap_C' with ClassGeneratedBy '/Game/SideScrollerCPP/Maps/SideScrollerExampleMap.SideScrollerExampleMap:PersistentLevel.SideScrollerExampleMap'
[2019.11.01-07.07.34:769][217]LogSlate: Updating window title bar state: overlay mode, drag disabled, window buttons hidden, title bar hidden
[2019.11.01-07.07.34:793][217]LogSlate: Window 'DejaBrew Game Preview Standalone (64-bit/PCD3D_SM5)' being destroyed
[2019.11.01-07.07.34:837][217]LogPlayLevel: Display: Shutting down PIE online subsystems
[2019.11.01-07.07.34:838][217]LogBlueprintUserMessages: Late EndPlayMap Detection: Level '/Game/SideScrollerCPP/Maps/SideScrollerExampleMap.SideScrollerExampleMap:PersistentLevel' has LevelScriptBlueprint '/Game/SideScrollerCPP/Maps/SideScrollerExampleMap.SideScrollerExampleMap:PersistentLevel.SideScrollerExampleMap' with GeneratedClass '/Game/SideScrollerCPP/Maps/SideScrollerExampleMap.SideScrollerExampleMap_C' with ClassGeneratedBy '/Game/SideScrollerCPP/Maps/SideScrollerExampleMap.SideScrollerExampleMap:PersistentLevel.SideScrollerExampleMap'
[2019.11.01-07.07.34:887][218]LogPlayLevel: Display: Destroying online subsystem :Context_1
[2019.11.01-07.07.41:366][606]LogEditorViewport: Clicking on Actor (LMB): StaticMeshActor (Floor)
[2019.11.01-07.07.43:166][711]LogEditorViewport: Clicking on Actor (LMB): SideScrollerCharacter_C (SideScrollerCharacter)
[2019.11.01-07.07.50:863][158]LogSlate: Took 0.000185 seconds to synchronously load lazily loaded font '../../../Engine/Content/Slate/Fonts/Roboto-Italic.ttf' (157K)
[2019.11.01-07.07.51:819][215]LogSlate: FSceneViewport::OnFocusLost() reason 0
[2019.11.01-07.08.00:861][707]LogSlate: Took 0.000206 seconds to synchronously load lazily loaded font '../../../Engine/Content/Slate/Fonts/Roboto-Light.ttf' (167K)
[2019.11.01-07.08.01:062][707]LogSavePackage: Moving '../../../../../Users/hi_it/OneDrive/Documents/GitHub/Chicken-Crimpy-Repository/DejaBrew/Saved/SideScrollerExampleMap81C523874E8B3C6BE524C09DF65261C6.tmp' to '../../../../../Users/hi_it/OneDrive/Documents/GitHub/Chicken-Crimpy-Repository/DejaBrew/Content/SideScrollerCPP/Maps/SideScrollerExampleMap.umap'
[2019.11.01-07.08.02:734][792]LogTemp: Repeating last play command: New Editor Window (PIE)
[2019.11.01-07.08.02:754][792]LogBlueprintUserMessages: Early PlayInEditor Detection: Level '/Game/SideScrollerCPP/Maps/SideScrollerExampleMap.SideScrollerExampleMap:PersistentLevel' has LevelScriptBlueprint '/Game/SideScrollerCPP/Maps/SideScrollerExampleMap.SideScrollerExampleMap:PersistentLevel.SideScrollerExampleMap' with GeneratedClass '/Game/SideScrollerCPP/Maps/SideScrollerExampleMap.SideScrollerExampleMap_C' with ClassGeneratedBy '/Game/SideScrollerCPP/Maps/SideScrollerExampleMap.SideScrollerExampleMap:PersistentLevel.SideScrollerExampleMap'
[2019.11.01-07.08.02:754][792]LogPlayLevel: PlayLevel: No blueprints needed recompiling
[2019.11.01-07.08.02:755][792]PIE: New page: PIE session: SideScrollerExampleMap (2 Nov 2019 5:08:02 am)
[2019.11.01-07.08.02:755][792]LogPlayLevel: Creating play world package: /Game/SideScrollerCPP/Maps/UEDPIE_0_SideScrollerExampleMap
[2019.11.01-07.08.02:767][792]LogPlayLevel: PIE: StaticDuplicateObject took: (0.011506s)
[2019.11.01-07.08.02:768][792]LogAIModule: Creating AISystem for world SideScrollerExampleMap
[2019.11.01-07.08.02:768][792]LogPlayLevel: PIE: World Init took: (0.001193s)
[2019.11.01-07.08.02:768][792]LogPlayLevel: PIE: Created PIE world by copying editor world from /Game/SideScrollerCPP/Maps/SideScrollerExampleMap.SideScrollerExampleMap to /Game/SideScrollerCPP/Maps/UEDPIE_0_SideScrollerExampleMap.SideScrollerExampleMap (0.013250s)
[2019.11.01-07.08.02:885][792]LogInit: XAudio2 using 'Speakers (Realtek High Definition Audio)' : 6 channels at 48 kHz using 32 bits per sample (channel mask 0x3f)
[2019.11.01-07.08.02:969][792]LogInit: FAudioDevice initialized.
[2019.11.01-07.08.02:984][792]LogSlate: Updating window title bar state: overlay mode, drag disabled, window buttons hidden, title bar hidden
[2019.11.01-07.08.03:082][792]LogLoad: Game class is 'DejaBrewGameMode'
[2019.11.01-07.08.03:089][792]LogWorld: Bringing World /Game/SideScrollerCPP/Maps/UEDPIE_0_SideScrollerExampleMap.SideScrollerExampleMap up for play (max tick rate 60) at 2019.11.01-18.08.03
[2019.11.01-07.08.03:089][792]LogWorld: Bringing up level for play took: 0.005727
[2019.11.01-07.08.03:108][792]PIE: Play in editor start time for /Game/SideScrollerCPP/Maps/UEDPIE_0_SideScrollerExampleMap 0.291
[2019.11.01-07.08.03:109][792]LogBlueprintUserMessages: Late PlayInEditor Detection: Level '/Game/SideScrollerCPP/Maps/SideScrollerExampleMap.SideScrollerExampleMap:PersistentLevel' has LevelScriptBlueprint '/Game/SideScrollerCPP/Maps/SideScrollerExampleMap.SideScrollerExampleMap:PersistentLevel.SideScrollerExampleMap' with GeneratedClass '/Game/SideScrollerCPP/Maps/SideScrollerExampleMap.SideScrollerExampleMap_C' with ClassGeneratedBy '/Game/SideScrollerCPP/Maps/SideScrollerExampleMap.SideScrollerExampleMap:PersistentLevel.SideScrollerExampleMap'
[2019.11.01-07.08.14:734][466]LogBlueprintUserMessages: Early EndPlayMap Detection: Level '/Game/SideScrollerCPP/Maps/SideScrollerExampleMap.SideScrollerExampleMap:PersistentLevel' has LevelScriptBlueprint '/Game/SideScrollerCPP/Maps/SideScrollerExampleMap.SideScrollerExampleMap:PersistentLevel.SideScrollerExampleMap' with GeneratedClass '/Game/SideScrollerCPP/Maps/SideScrollerExampleMap.SideScrollerExampleMap_C' with ClassGeneratedBy '/Game/SideScrollerCPP/Maps/SideScrollerExampleMap.SideScrollerExampleMap:PersistentLevel.SideScrollerExampleMap'
[2019.11.01-07.08.14:735][466]LogSlate: Updating window title bar state: overlay mode, drag disabled, window buttons hidden, title bar hidden
[2019.11.01-07.08.14:762][466]LogSlate: Window 'DejaBrew Game Preview Standalone (64-bit/PCD3D_SM5)' being destroyed
[2019.11.01-07.08.14:829][466]LogPlayLevel: Display: Shutting down PIE online subsystems
[2019.11.01-07.08.14:837][466]LogBlueprintUserMessages: Late EndPlayMap Detection: Level '/Game/SideScrollerCPP/Maps/SideScrollerExampleMap.SideScrollerExampleMap:PersistentLevel' has LevelScriptBlueprint '/Game/SideScrollerCPP/Maps/SideScrollerExampleMap.SideScrollerExampleMap:PersistentLevel.SideScrollerExampleMap' with GeneratedClass '/Game/SideScrollerCPP/Maps/SideScrollerExampleMap.SideScrollerExampleMap_C' with ClassGeneratedBy '/Game/SideScrollerCPP/Maps/SideScrollerExampleMap.SideScrollerExampleMap:PersistentLevel.SideScrollerExampleMap'
[2019.11.01-07.08.14:958][467]LogPlayLevel: Display: Destroying online subsystem :Context_5
[2019.11.01-07.08.14:974][467]LogSlate: Took 0.009291 seconds to synchronously load lazily loaded font '../../../Engine/Content/Slate/Fonts/DroidSansMono.ttf' (77K)
[2019.11.01-07.08.20:557][794]LogSlate: Window 'DejaBrew - Unreal Editor' being destroyed
[2019.11.01-07.08.20:559][794]LogWindowsTextInputMethodSystem: Display: IME system now deactivated.
[2019.11.01-07.08.20:799][795]Cmd: QUIT_EDITOR
[2019.11.01-07.08.21:709][795]LogExit: Preparing to exit.
[2019.11.01-07.08.22:651][795]LogExit: Editor shut down
[2019.11.01-07.08.22:653][795]LogExit: Transaction tracking system shut down
[2019.11.01-07.08.23:144][795]LogExit: Object subsystem successfully closed.
[2019.11.01-07.08.23:185][795]LogShaderCompilers: Display: Shaders left to compile 0
[2019.11.01-07.08.23:189][795]LogD3D11RHI: Shutdown
[2019.11.01-07.08.23:189][795]LogD3D11RHI: CleanupD3DDevice
[2019.11.01-07.08.23:191][795]LogD3D11RHI: ~FD3D11DynamicRHI
[2019.11.01-07.08.23:214][795]LogModuleManager: Shutting down and abandoning module MovieSceneCapture (616)
[2019.11.01-07.08.23:214][795]LogModuleManager: Shutting down and abandoning module Voice (614)
[2019.11.01-07.08.23:214][795]LogModuleManager: Shutting down and abandoning module HierarchicalLODOutliner (612)
[2019.11.01-07.08.23:215][795]LogModuleManager: Shutting down and abandoning module SceneOutliner (610)
[2019.11.01-07.08.23:215][795]LogModuleManager: Shutting down and abandoning module AddContentDialog (608)
[2019.11.01-07.08.23:215][795]LogModuleManager: Shutting down and abandoning module WidgetCarousel (607)
[2019.11.01-07.08.23:216][795]LogModuleManager: Shutting down and abandoning module EditorWidgets (604)
[2019.11.01-07.08.23:216][795]LogModuleManager: Shutting down and abandoning module CollectionManager (602)
[2019.11.01-07.08.23:216][795]LogModuleManager: Shutting down and abandoning module StatsViewer (600)
[2019.11.01-07.08.23:216][795]LogModuleManager: Shutting down and abandoning module FoliageEdit (598)
[2019.11.01-07.08.23:216][795]LogModuleManager: Shutting down and abandoning module LandscapeEditor (596)
[2019.11.01-07.08.23:217][795]LogModuleManager: Shutting down and abandoning module MeshPaintMode (594)
[2019.11.01-07.08.23:217][795]LogModuleManager: Shutting down and abandoning module SceneDepthPickerMode (592)
[2019.11.01-07.08.23:217][795]LogModuleManager: Shutting down and abandoning module ActorPickerMode (590)
[2019.11.01-07.08.23:217][795]LogModuleManager: Shutting down and abandoning module GeometryMode (588)
[2019.11.01-07.08.23:217][795]LogModuleManager: Shutting down and abandoning module TextureAlignMode (586)
[2019.11.01-07.08.23:217][795]LogModuleManager: Shutting down and abandoning module BspMode (584)
[2019.11.01-07.08.23:218][795]LogModuleManager: Shutting down and abandoning module PIEPreviewDeviceProfileSelector (582)
[2019.11.01-07.08.23:218][795]LogModuleManager: Shutting down and abandoning module SequenceRecorderSections (580)
[2019.11.01-07.08.23:218][795]LogModuleManager: Shutting down and abandoning module AutomationWorker (578)
[2019.11.01-07.08.23:218][795]LogModuleManager: Shutting down and abandoning module AudioCaptureEditor (576)
[2019.11.01-07.08.23:218][795]LogModuleManager: Shutting down and abandoning module SequenceRecorder (575)
[2019.11.01-07.08.23:218][795]LogModuleManager: Shutting down and abandoning module MatineeToLevelSequence (572)
[2019.11.01-07.08.23:219][795]LogModuleManager: Shutting down and abandoning module LevelSequenceEditor (570)
[2019.11.01-07.08.23:219][795]LogModuleManager: Shutting down and abandoning module PlacementMode (569)
[2019.11.01-07.08.23:219][795]LogModuleManager: Shutting down and abandoning module MaterialEditor (568)
[2019.11.01-07.08.23:219][795]LogModuleManager: Shutting down and abandoning module WmfMediaFactory (564)
[2019.11.01-07.08.23:219][795]LogModuleManager: Shutting down and abandoning module WmfMediaEditor (562)
[2019.11.01-07.08.23:219][795]LogModuleManager: Shutting down and abandoning module MediaPlayerEditor (560)
[2019.11.01-07.08.23:219][795]LogModuleManager: Shutting down and abandoning module OpenExrWrapper (558)
[2019.11.01-07.08.23:219][795]LogModuleManager: Shutting down and abandoning module ImgMediaFactory (556)
[2019.11.01-07.08.23:220][795]LogModuleManager: Shutting down and abandoning module ImgMediaEditor (554)
[2019.11.01-07.08.23:220][795]LogModuleManager: Shutting down and abandoning module AvfMediaFactory (552)
[2019.11.01-07.08.23:220][795]LogModuleManager: Shutting down and abandoning module AvfMediaEditor (550)
[2019.11.01-07.08.23:220][795]LogModuleManager: Shutting down and abandoning module AndroidMediaFactory (548)
[2019.11.01-07.08.23:220][795]LogModuleManager: Shutting down and abandoning module AndroidMediaEditor (546)
[2019.11.01-07.08.23:220][795]LogModuleManager: Shutting down and abandoning module MagicLeapCameraPreviewFactory (544)
[2019.11.01-07.08.23:220][795]LogModuleManager: Shutting down and abandoning module MagicLeapMediaFactory (542)
[2019.11.01-07.08.23:220][795]LogModuleManager: Shutting down and abandoning module MagicLeapMediaEditor (540)
[2019.11.01-07.08.23:220][795]LogModuleManager: Shutting down and abandoning module CharacterAI (538)
[2019.11.01-07.08.23:220][795]LogModuleManager: Shutting down and abandoning module SmartSnapping (536)
[2019.11.01-07.08.23:220][795]LogModuleManager: Shutting down and abandoning module SessionServices (534)
[2019.11.01-07.08.23:220][795]LogModuleManager: Shutting down and abandoning module ViewportSnapping (532)
[2019.11.01-07.08.23:220][795]LogModuleManager: Shutting down and abandoning module ViewportInteraction (530)
[2019.11.01-07.08.23:220][795]LogModuleManager: Shutting down and abandoning module ClothPainter (528)
[2019.11.01-07.08.23:220][795]LogModuleManager: Shutting down and abandoning module SkeletalMeshEditor (527)
[2019.11.01-07.08.23:220][795]LogModuleManager: Shutting down and abandoning module LogVisualizer (524)
[2019.11.01-07.08.23:220][795]LogModuleManager: Shutting down and abandoning module IntroTutorials (522)
[2019.11.01-07.08.23:220][795]LogModuleManager: Shutting down and abandoning module GameProjectGeneration (521)
[2019.11.01-07.08.23:220][795]LogModuleManager: Shutting down and abandoning module LuminPlatformEditor (518)
[2019.11.01-07.08.23:220][795]LogModuleManager: Shutting down and abandoning module IOSPlatformEditor (516)
[2019.11.01-07.08.23:220][795]LogModuleManager: Shutting down and abandoning module HTML5PlatformEditor (514)
[2019.11.01-07.08.23:221][795]LogModuleManager: Shutting down and abandoning module AndroidPlatformEditor (512)
[2019.11.01-07.08.23:221][795]LogModuleManager: Shutting down and abandoning module AndroidDeviceDetection (511)
[2019.11.01-07.08.23:614][795]LogModuleManager: Shutting down and abandoning module WindowsPlatformEditor (508)
[2019.11.01-07.08.23:614][795]LogModuleManager: Shutting down and abandoning module LuminRuntimeSettings (506)
[2019.11.01-07.08.23:614][795]LogModuleManager: Shutting down and abandoning module IOSRuntimeSettings (504)
[2019.11.01-07.08.23:615][795]LogModuleManager: Shutting down and abandoning module AndroidRuntimeSettings (502)
[2019.11.01-07.08.23:615][795]LogModuleManager: Shutting down and abandoning module InputBindingEditor (500)
[2019.11.01-07.08.23:615][795]LogModuleManager: Shutting down and abandoning module MergeActors (498)
[2019.11.01-07.08.23:615][795]LogModuleManager: Shutting down and abandoning module LocalizationDashboard (496)
[2019.11.01-07.08.23:615][795]LogModuleManager: Shutting down and abandoning module LocalizationService (495)
[2019.11.01-07.08.23:615][795]LogModuleManager: Shutting down and abandoning module HardwareTargeting (492)
[2019.11.01-07.08.23:615][795]LogModuleManager: Shutting down and abandoning module DeviceProfileEditor (490)
[2019.11.01-07.08.23:616][795]LogModuleManager: Shutting down and abandoning module UndoHistory (488)
[2019.11.01-07.08.23:616][795]LogModuleManager: Shutting down and abandoning module XmlParser (486)
[2019.11.01-07.08.23:616][795]LogModuleManager: Shutting down and abandoning module Blutility (484)
[2019.11.01-07.08.23:616][795]LogModuleManager: Shutting down and abandoning module ProjectSettingsViewer (482)
[2019.11.01-07.08.23:616][795]LogModuleManager: Shutting down and abandoning module ProjectTargetPlatformEditor (481)
[2019.11.01-07.08.23:616][795]LogModuleManager: Shutting down and abandoning module EditorSettingsViewer (478)
[2019.11.01-07.08.23:617][795]LogModuleManager: Shutting down and abandoning module SettingsEditor (476)
[2019.11.01-07.08.23:617][795]LogModuleManager: Shutting down and abandoning module ProjectLauncher (474)
[2019.11.01-07.08.23:617][795]LogModuleManager: Shutting down and abandoning module SessionFrontend (472)
[2019.11.01-07.08.23:617][795]LogModuleManager: Shutting down and abandoning module ProfilerClient (470)
[2019.11.01-07.08.23:617][795]LogModuleManager: Shutting down and abandoning module DeviceManager (468)
[2019.11.01-07.08.23:617][795]LogModuleManager: Shutting down and abandoning module TargetDeviceServices (467)
[2019.11.01-07.08.23:672][795]LogModuleManager: Shutting down and abandoning module AutomationController (464)
[2019.11.01-07.08.23:672][795]LogModuleManager: Shutting down and abandoning module AutomationWindow (462)
[2019.11.01-07.08.23:672][795]LogModuleManager: Shutting down and abandoning module Layers (460)
[2019.11.01-07.08.23:672][795]LogModuleManager: Shutting down and abandoning module ComponentVisualizers (458)
[2019.11.01-07.08.23:672][795]LogModuleManager: Shutting down and abandoning module DetailCustomizations (456)
[2019.11.01-07.08.23:673][795]LogModuleManager: Shutting down and abandoning module PackagesDialog (454)
[2019.11.01-07.08.23:673][795]LogModuleManager: Shutting down and abandoning module Persona (452)
[2019.11.01-07.08.23:673][795]LogModuleManager: Shutting down and abandoning module AdvancedPreviewScene (451)
[2019.11.01-07.08.23:673][795]LogModuleManager: Shutting down and abandoning module AnimGraph (449)
[2019.11.01-07.08.23:673][795]LogModuleManager: Shutting down and abandoning module Kismet (446)
[2019.11.01-07.08.23:674][795]LogModuleManager: Shutting down and abandoning module GraphEditor (444)
[2019.11.01-07.08.23:674][795]LogModuleManager: Shutting down and abandoning module ClassViewer (442)
[2019.11.01-07.08.23:674][795]LogModuleManager: Shutting down and abandoning module Toolbox (440)
[2019.11.01-07.08.23:674][795]LogModuleManager: Shutting down and abandoning module DesktopPlatform (439)
[2019.11.01-07.08.23:675][795]LogModuleManager: Shutting down and abandoning module ModuleUI (436)
[2019.11.01-07.08.23:675][795]LogModuleManager: Shutting down and abandoning module MovieSceneTools (434)
[2019.11.01-07.08.23:675][795]LogModuleManager: Shutting down and abandoning module OutputLog (432)
[2019.11.01-07.08.23:675][795]LogModuleManager: Shutting down and abandoning module GammaUI (430)
[2019.11.01-07.08.23:675][795]LogModuleManager: Shutting down and abandoning module Documentation (428)
[2019.11.01-07.08.23:675][795]LogModuleManager: Shutting down and abandoning module MovieSceneTracks (426)
[2019.11.01-07.08.23:675][795]LogModuleManager: Shutting down and abandoning module MovieScene (424)
[2019.11.01-07.08.23:676][795]LogModuleManager: Shutting down and abandoning module StreamingPauseRendering (422)
[2019.11.01-07.08.23:676][795]LogModuleManager: Shutting down and abandoning module LauncherPlatform (420)
[2019.11.01-07.08.23:676][795]LogModuleManager: Shutting down and abandoning module AnalyticsET (418)
[2019.11.01-07.08.23:676][795]LogModuleManager: Shutting down and abandoning module PortalServices (416)
[2019.11.01-07.08.23:676][795]LogModuleManager: Shutting down and abandoning module PortalRpc (414)
[2019.11.01-07.08.23:676][795]LogModuleManager: Shutting down and abandoning module MessagingRpc (412)
[2019.11.01-07.08.23:676][795]LogModuleManager: Shutting down and abandoning module AIModule (410)
[2019.11.01-07.08.23:677][795]LogModuleManager: Shutting down and abandoning module GameplayDebugger (409)
[2019.11.01-07.08.23:677][795]LogModuleManager: Shutting down and abandoning module AITestSuite (407)
[2019.11.01-07.08.23:677][795]LogModuleManager: Shutting down and abandoning module NavigationSystem (405)
[2019.11.01-07.08.23:677][795]LogModuleManager: Shutting down and abandoning module ProfilerService (402)
[2019.11.01-07.08.23:826][795]LogModuleManager: Shutting down and abandoning module TaskGraph (400)
[2019.11.01-07.08.23:826][795]LogModuleManager: Shutting down and abandoning module SteamVRController (398)
[2019.11.01-07.08.23:826][795]LogModuleManager: Shutting down and abandoning module ProceduralMeshComponentEditor (396)
[2019.11.01-07.08.23:827][795]LogModuleManager: Shutting down and abandoning module ProceduralMeshComponent (394)
[2019.11.01-07.08.23:827][795]LogModuleManager: Shutting down and abandoning module OculusInput (392)
[2019.11.01-07.08.23:827][795]LogModuleManager: Shutting down and abandoning module MobilePatchingUtils (390)
[2019.11.01-07.08.23:827][795]LogModuleManager: Shutting down and abandoning module EditableMesh (388)
[2019.11.01-07.08.23:827][795]LogModuleManager: Shutting down and abandoning module CustomMeshComponent (386)
[2019.11.01-07.08.23:828][795]LogModuleManager: Shutting down and abandoning module CableComponent (384)
[2019.11.01-07.08.23:828][795]LogModuleManager: Shutting down and abandoning module AudioCapture (382)
[2019.11.01-07.08.23:828][795]LogModuleManager: Shutting down and abandoning module ArchVisCharacter (380)
[2019.11.01-07.08.23:828][795]LogModuleManager: Shutting down and abandoning module AndroidPermission (378)
[2019.11.01-07.08.23:828][795]LogModuleManager: Shutting down and abandoning module NUTUnrealEngine4 (376)
[2019.11.01-07.08.23:829][795]LogModuleManager: Shutting down and abandoning module NetcodeUnitTest (374)
[2019.11.01-07.08.23:829][795]LogModuleManager: Shutting down and abandoning module MediaCompositingEditor (372)
[2019.11.01-07.08.23:829][795]LogModuleManager: Shutting down and abandoning module MediaCompositing (370)
[2019.11.01-07.08.23:829][795]LogModuleManager: Shutting down and abandoning module LinearTimecode (368)
[2019.11.01-07.08.23:829][795]LogModuleManager: Shutting down and abandoning module ImgMedia (366)
[2019.11.01-07.08.23:850][795]LogModuleManager: Shutting down and abandoning module HTML5Networking (364)
[2019.11.01-07.08.23:850][795]LogModuleManager: Shutting down and abandoning module GeometryCacheTracks (362)
[2019.11.01-07.08.23:850][795]LogModuleManager: Shutting down and abandoning module GeometryCacheSequencer (360)
[2019.11.01-07.08.23:850][795]LogModuleManager: Shutting down and abandoning module BackChannel (358)
[2019.11.01-07.08.23:851][795]LogModuleManager: Shutting down and abandoning module AppleVision (356)
[2019.11.01-07.08.23:851][795]LogModuleManager: Shutting down and abandoning module AppleImageUtils (354)
[2019.11.01-07.08.23:851][795]LogModuleManager: Shutting down and abandoning module AlembicImporter (352)
[2019.11.01-07.08.23:851][795]LogModuleManager: Shutting down and abandoning module AlembicLibrary (351)
[2019.11.01-07.08.23:851][795]LogModuleManager: Shutting down and abandoning module GeometryCache (350)
[2019.11.01-07.08.23:852][795]LogModuleManager: Shutting down and abandoning module GeometryCacheEd (349)
[2019.11.01-07.08.23:852][795]LogModuleManager: Shutting down and abandoning module DatasmithContentEditor (344)
[2019.11.01-07.08.23:852][795]LogModuleManager: Shutting down and abandoning module DatasmithContent (342)
[2019.11.01-07.08.23:853][795]LogModuleManager: Shutting down and abandoning module SpeedTreeImporter (340)
[2019.11.01-07.08.23:853][795]LogModuleManager: Shutting down and abandoning module PluginBrowser (338)
[2019.11.01-07.08.23:854][795]LogModuleManager: Shutting down and abandoning module MobileLauncherProfileWizard (336)
[2019.11.01-07.08.23:854][795]LogModuleManager: Shutting down and abandoning module PolygonModeling (334)
[2019.11.01-07.08.23:854][795]LogModuleManager: Shutting down and abandoning module MeshEditor (332)
[2019.11.01-07.08.23:854][795]LogModuleManager: Shutting down and abandoning module CryptoKeysOpenSSL (330)
[2019.11.01-07.08.23:854][795]LogModuleManager: Shutting down and abandoning module CryptoKeys (328)
[2019.11.01-07.08.23:855][795]LogModuleManager: Shutting down and abandoning module VisualStudioSourceCodeAccess (326)
[2019.11.01-07.08.23:855][795]LogModuleManager: Shutting down and abandoning module VisualStudioCodeSourceCodeAccess (324)
[2019.11.01-07.08.23:855][795]LogModuleManager: Shutting down and abandoning module UObjectPlugin (322)
[2019.11.01-07.08.23:855][795]LogModuleManager: Shutting down and abandoning module SubversionSourceControl (320)
[2019.11.01-07.08.23:856][795]LogModuleManager: Shutting down and abandoning module PerforceSourceControl (318)
[2019.11.01-07.08.23:856][795]LogModuleManager: Shutting down and abandoning module GitSourceControl (316)
[2019.11.01-07.08.23:856][795]LogModuleManager: Shutting down and abandoning module SourceControl (315)
[2019.11.01-07.08.23:856][795]LogModuleManager: Shutting down and abandoning module CLionSourceCodeAccess (312)
[2019.11.01-07.08.23:857][795]LogModuleManager: Shutting down and abandoning module LightPropagationVolumeEditor (310)
[2019.11.01-07.08.23:857][795]LogModuleManager: Shutting down and abandoning module PaperTiledImporter (308)
[2019.11.01-07.08.23:857][795]LogModuleManager: Shutting down and abandoning module PaperSpriteSheetImporter (306)
[2019.11.01-07.08.23:857][795]LogModuleManager: Shutting down and abandoning module Paper2DEditor (304)
[2019.11.01-07.08.23:857][795]LogModuleManager: Shutting down and abandoning module MeshPaint (303)
[2019.11.01-07.08.23:857][795]LogModuleManager: Shutting down and abandoning module DejaBrew (300)
[2019.11.01-07.08.23:857][795]LogModuleManager: Shutting down and abandoning module RuntimePhysXCooking (298)
[2019.11.01-07.08.23:857][795]LogModuleManager: Shutting down and abandoning module PhysXVehiclesEditor (296)
[2019.11.01-07.08.23:857][795]LogModuleManager: Shutting down and abandoning module PhysXVehicles (294)
[2019.11.01-07.08.23:857][795]LogModuleManager: Shutting down and abandoning module OculusEditor (292)
[2019.11.01-07.08.23:858][795]LogModuleManager: Shutting down and abandoning module LocationServicesBPLibrary (290)
[2019.11.01-07.08.23:858][795]LogModuleManager: Shutting down and abandoning module ImmediatePhysicsEditor (288)
[2019.11.01-07.08.23:858][795]LogModuleManager: Shutting down and abandoning module ImmediatePhysics (286)
[2019.11.01-07.08.23:858][795]LogModuleManager: Shutting down and abandoning module ActorSequence (284)
[2019.11.01-07.08.23:858][795]LogModuleManager: Shutting down and abandoning module UdpMessaging (282)
[2019.11.01-07.08.23:960][795]LogModuleManager: Shutting down and abandoning module TcpMessaging (280)
[2019.11.01-07.08.24:061][795]LogModuleManager: Shutting down and abandoning module MagicLeapAudio (278)
[2019.11.01-07.08.24:061][795]LogModuleManager: Shutting down and abandoning module GameplayTagsEditor (276)
[2019.11.01-07.08.24:061][795]LogModuleManager: Shutting down and abandoning module FacialAnimationEditor (274)
[2019.11.01-07.08.24:061][795]LogModuleManager: Shutting down and abandoning module FacialAnimation (272)
[2019.11.01-07.08.24:061][795]LogModuleManager: Shutting down and abandoning module DataValidation (270)
[2019.11.01-07.08.24:061][795]LogModuleManager: Shutting down and abandoning module AssetManagerEditor (268)
[2019.11.01-07.08.24:061][795]LogModuleManager: Shutting down and abandoning module LevelEditor (267)
[2019.11.01-07.08.24:062][795]LogModuleManager: Shutting down and abandoning module PixelInspectorModule (266)
[2019.11.01-07.08.24:063][795]LogModuleManager: Shutting down and abandoning module CommonMenuExtensions (264)
[2019.11.01-07.08.24:063][795]LogModuleManager: Shutting down and abandoning module MainFrame (262)
[2019.11.01-07.08.24:063][795]LogModuleManager: Shutting down and abandoning module HotReload (261)
[2019.11.01-07.08.24:064][795]LogModuleManager: Shutting down and abandoning module ContentBrowser (257)
[2019.11.01-07.08.24:065][795]LogModuleManager: Shutting down and abandoning module TreeMap (255)
[2019.11.01-07.08.24:065][795]LogModuleManager: Shutting down and abandoning module LightPropagationVolumeRuntime (252)
[2019.11.01-07.08.24:065][795]LogModuleManager: Shutting down and abandoning module AISupportModule (250)
[2019.11.01-07.08.24:066][795]LogModuleManager: Shutting down and abandoning module Paper2D (248)
[2019.11.01-07.08.24:066][795]LogModuleManager: Shutting down and abandoning module WindowsMoviePlayer (246)
[2019.11.01-07.08.24:066][795]LogModuleManager: Shutting down and abandoning module WmfMedia (244)
[2019.11.01-07.08.24:071][795]LogModuleManager: Shutting down and abandoning module Media (243)
[2019.11.01-07.08.24:078][795]LogModuleManager: Shutting down and abandoning module PacketHandler (240)
[2019.11.01-07.08.24:079][795]LogModuleManager: Shutting down and abandoning module ClothingSystemEditor (238)
[2019.11.01-07.08.24:079][795]LogModuleManager: Shutting down and abandoning module ClothingSystemRuntime (236)
[2019.11.01-07.08.24:079][795]LogModuleManager: Shutting down and abandoning module MediaAssets (234)
[2019.11.01-07.08.24:079][795]LogModuleManager: Shutting down and abandoning module Overlay (232)
[2019.11.01-07.08.24:079][795]LogModuleManager: Shutting down and abandoning module OverlayEditor (231)
[2019.11.01-07.08.24:079][795]LogModuleManager: Shutting down and abandoning module VREditor (228)
[2019.11.01-07.08.24:079][795]LogModuleManager: Shutting down and abandoning module StringTableEditor (226)
[2019.11.01-07.08.24:080][795]LogModuleManager: Shutting down and abandoning module GameplayTasksEditor (224)
[2019.11.01-07.08.24:080][795]LogModuleManager: Shutting down and abandoning module BehaviorTreeEditor (222)
[2019.11.01-07.08.24:080][795]LogModuleManager: Shutting down and abandoning module FunctionalTesting (220)
[2019.11.01-07.08.24:080][795]LogModuleManager: Shutting down and abandoning module CollisionAnalyzer (218)
[2019.11.01-07.08.24:080][795]LogModuleManager: Shutting down and abandoning module WorkspaceMenuStructure (217)
[2019.11.01-07.08.24:080][795]LogModuleManager: Shutting down and abandoning module UMG (214)
[2019.11.01-07.08.24:080][795]LogModuleManager: Shutting down and abandoning module UMGEditor (213)
[2019.11.01-07.08.24:081][795]LogModuleManager: Shutting down and abandoning module Sequencer (212)
[2019.11.01-07.08.24:081][795]LogModuleManager: Shutting down and abandoning module MessageLog (209)
[2019.11.01-07.08.24:081][795]LogModuleManager: Shutting down and abandoning module SlateReflector (204)
[2019.11.01-07.08.24:081][795]LogModuleManager: Shutting down and abandoning module Slate (202)
[2019.11.01-07.08.24:081][795]LogModuleManager: Shutting down and abandoning module EditorStyle (200)
[2019.11.01-07.08.24:083][795]LogModuleManager: Shutting down and abandoning module MRMesh (198)
[2019.11.01-07.08.24:083][795]LogModuleManager: Shutting down and abandoning module SourceCodeAccess (196)
[2019.11.01-07.08.24:083][795]LogModuleManager: Shutting down and abandoning module HeadMountedDisplay (194)
[2019.11.01-07.08.24:083][795]LogModuleManager: Shutting down and abandoning module XAudio2 (192)
[2019.11.01-07.08.24:083][795]LogModuleManager: Shutting down and abandoning module Networking (190)
[2019.11.01-07.08.24:083][795]LogModuleManager: Shutting down and abandoning module Core (188)
[2019.11.01-07.08.24:083][795]LogModuleManager: Shutting down and abandoning module LevelSequence (186)
[2019.11.01-07.08.24:084][795]LogModuleManager: Shutting down and abandoning module KismetCompiler (184)
[2019.11.01-07.08.24:084][795]LogModuleManager: Shutting down and abandoning module MeshUtilities (182)
[2019.11.01-07.08.24:084][795]LogModuleManager: Shutting down and abandoning module MeshMergeUtilities (181)
[2019.11.01-07.08.24:084][795]LogModuleManager: Shutting down and abandoning module MeshReductionInterface (180)
[2019.11.01-07.08.24:084][795]LogModuleManager: Shutting down and abandoning module SimplygonSwarm (179)
[2019.11.01-07.08.24:084][795]LogModuleManager: Shutting down and abandoning module ProxyLODMeshReduction (177)
[2019.11.01-07.08.24:084][795]LogModuleManager: Shutting down and abandoning module SimplygonMeshReduction (175)
[2019.11.01-07.08.24:084][795]LogModuleManager: Shutting down and abandoning module QuadricMeshReduction (173)
[2019.11.01-07.08.24:084][795]LogModuleManager: Shutting down and abandoning module MaterialBaking (169)
[2019.11.01-07.08.24:084][795]LogModuleManager: Shutting down and abandoning module DirectoryWatcher (165)
[2019.11.01-07.08.24:085][795]LogModuleManager: Shutting down and abandoning module DerivedDataCache (162)
[2019.11.01-07.08.24:106][795]LogDerivedDataCache: Shutdown
[2019.11.01-07.08.24:106][795]LogModuleManager: Shutting down and abandoning module XGEController (160)
[2019.11.01-07.08.24:107][795]LogXGEController: Cleaning working directory: C:/Users/hi_it/AppData/Local/Temp/UnrealXGEWorkingDir/
[2019.11.01-07.08.24:107][795]LogModuleManager: Shutting down and abandoning module TargetPlatform (158)
[2019.11.01-07.08.24:107][795]LogModuleManager: Shutting down and abandoning module VulkanShaderFormat (157)
[2019.11.01-07.08.24:107][795]LogModuleManager: Shutting down and abandoning module ShaderFormatVectorVM (155)
[2019.11.01-07.08.24:107][795]LogModuleManager: Shutting down and abandoning module ShaderFormatOpenGL (153)
[2019.11.01-07.08.24:108][795]LogModuleManager: Shutting down and abandoning module ShaderFormatD3D (151)
[2019.11.01-07.08.24:108][795]LogModuleManager: Shutting down and abandoning module MetalShaderFormat (149)
[2019.11.01-07.08.24:108][795]LogModuleManager: Shutting down and abandoning module TextureFormatUncompressed (147)
[2019.11.01-07.08.24:108][795]LogModuleManager: Shutting down and abandoning module TextureFormatPVR (145)
[2019.11.01-07.08.24:108][795]LogModuleManager: Shutting down and abandoning module TextureFormatDXT (143)
[2019.11.01-07.08.24:108][795]LogModuleManager: Shutting down and abandoning module TextureFormatIntelISPCTexComp (141)
[2019.11.01-07.08.24:111][795]LogModuleManager: Shutting down and abandoning module TextureFormatASTC (139)
[2019.11.01-07.08.24:111][795]LogModuleManager: Shutting down and abandoning module ImageWrapper (138)
[2019.11.01-07.08.24:111][795]LogModuleManager: Shutting down and abandoning module TextureFormatAndroid (135)
[2019.11.01-07.08.24:111][795]LogModuleManager: Shutting down and abandoning module AudioFormatOpus (133)
[2019.11.01-07.08.24:111][795]LogModuleManager: Shutting down and abandoning module AudioFormatOgg (131)
[2019.11.01-07.08.24:111][795]LogModuleManager: Shutting down and abandoning module AudioFormatADPCM (129)
[2019.11.01-07.08.24:112][795]LogModuleManager: Shutting down and abandoning module LuminTargetPlatform (127)
[2019.11.01-07.08.24:112][795]LogModuleManager: Shutting down and abandoning module LinuxTargetPlatform (125)
[2019.11.01-07.08.24:112][795]LogModuleManager: Shutting down and abandoning module LinuxServerTargetPlatform (123)
[2019.11.01-07.08.24:112][795]LogModuleManager: Shutting down and abandoning module LinuxNoEditorTargetPlatform (121)
[2019.11.01-07.08.24:112][795]LogModuleManager: Shutting down and abandoning module LinuxClientTargetPlatform (119)
[2019.11.01-07.08.24:112][795]LogModuleManager: Shutting down and abandoning module TVOSTargetPlatform (117)
[2019.11.01-07.08.24:113][795]LogModuleManager: Shutting down and abandoning module Messaging (115)
[2019.11.01-07.08.24:113][795]LogModuleManager: Shutting down and abandoning module IOSTargetPlatform (113)
[2019.11.01-07.08.24:114][795]LogModuleManager: Shutting down and abandoning module HTML5TargetPlatform (111)
[2019.11.01-07.08.24:114][795]LogModuleManager: Shutting down and abandoning module AndroidTargetPlatform (109)
[2019.11.01-07.08.24:119][795]LogModuleManager: Shutting down and abandoning module WindowsTargetPlatform (107)
[2019.11.01-07.08.24:119][795]LogModuleManager: Shutting down and abandoning module WindowsServerTargetPlatform (105)
[2019.11.01-07.08.24:119][795]LogModuleManager: Shutting down and abandoning module WindowsNoEditorTargetPlatform (103)
[2019.11.01-07.08.24:119][795]LogModuleManager: Shutting down and abandoning module WindowsClientTargetPlatform (101)
[2019.11.01-07.08.24:119][795]LogModuleManager: Shutting down and abandoning module MacTargetPlatform (99)
[2019.11.01-07.08.24:119][795]LogModuleManager: Shutting down and abandoning module MacServerTargetPlatform (97)
[2019.11.01-07.08.24:120][795]LogModuleManager: Shutting down and abandoning module MacNoEditorTargetPlatform (95)
[2019.11.01-07.08.24:120][795]LogModuleManager: Shutting down and abandoning module MacClientTargetPlatform (93)
[2019.11.01-07.08.24:120][795]LogModuleManager: Shutting down and abandoning module AllDesktopTargetPlatform (91)
[2019.11.01-07.08.24:120][795]LogModuleManager: Shutting down and abandoning module InputCore (88)
[2019.11.01-07.08.24:120][795]LogModuleManager: Shutting down and abandoning module Settings (86)
[2019.11.01-07.08.24:120][795]LogModuleManager: Shutting down and abandoning module PhysXCooking (84)
[2019.11.01-07.08.24:120][795]LogModuleManager: Shutting down and abandoning module SteamVR (82)
[2019.11.01-07.08.24:120][795]LogModuleManager: Shutting down and abandoning module OculusHMD (80)
[2019.11.01-07.08.24:120][795]LogModuleManager: Shutting down and abandoning module ExampleDeviceProfileSelector (78)
[2019.11.01-07.08.24:121][795]LogModuleManager: Shutting down and abandoning module LauncherChunkInstaller (76)
[2019.11.01-07.08.24:121][795]LogModuleManager: Shutting down and abandoning module OnlineBlueprintSupport (74)
[2019.11.01-07.08.24:121][795]LogModuleManager: Shutting down and abandoning module OnlineSubsystem (70)
[2019.11.01-07.08.24:122][795]LogModuleManager: Shutting down and abandoning module XMPP (65)
[2019.11.01-07.08.24:122][795]LogModuleManager: Shutting down and abandoning module WebSockets (64)
[2019.11.01-07.08.24:143][795]LogModuleManager: Shutting down and abandoning module HTTP (61)
[2019.11.01-07.08.24:143][795]LogHttp: Display: Http module shutting down, but needs to wait on 1 outstanding Http requests:
[2019.11.01-07.08.24:144][795]LogHttp: Display: 	verb=[POST] url=[https://datarouter.ol.epicgames.com/datarouter/api/v1/public/data?SessionID=%7BEAD5C7D4-429C-7D21-8D6C-5CB2151BE455%7D&AppID=UEEditor.Rocket.Release&AppVersion=4.20.3-4369336%2B%2B%2BUE4%2BRelease-4.20&UserID=5d161d844116823b798e61b9a37be28c%7C818bff43747348f699b00837f3477b6d%7C6011a081-cab7-423a-8d4a-3c8c937a4efd&AppEnvironment=datacollector-binary&UploadType=eteventstream] status=Processing
[2019.11.01-07.08.24:170][795]LogModuleManager: Shutting down and abandoning module SSL (60)
[2019.11.01-07.08.24:172][795]LogModuleManager: Shutting down and abandoning module MagicLeapEmulator (56)
[2019.11.01-07.08.24:172][795]LogModuleManager: Shutting down and abandoning module MagicLeapPrivileges (54)
[2019.11.01-07.08.24:173][795]LogModuleManager: Shutting down and abandoning module MagicLeapIdentity (52)
[2019.11.01-07.08.24:173][795]LogModuleManager: Shutting down and abandoning module MagicLeapHelperVulkan (50)
[2019.11.01-07.08.24:173][795]LogModuleManager: Shutting down and abandoning module MagicLeapHelperOpenGL (48)
[2019.11.01-07.08.24:173][795]LogModuleManager: Shutting down and abandoning module MagicLeapSecureStorage (46)
[2019.11.01-07.08.24:173][795]LogModuleManager: Shutting down and abandoning module MagicLeapGestures (44)
[2019.11.01-07.08.24:174][795]LogModuleManager: Shutting down and abandoning module MagicLeapEyeTracker (42)
[2019.11.01-07.08.24:174][795]LogModuleManager: Shutting down and abandoning module MagicLeapController (40)
[2019.11.01-07.08.24:174][795]LogSlate: Slate User Destroyed.  User Index 0, Is Virtual User: 0
[2019.11.01-07.08.24:175][795]LogModuleManager: Shutting down and abandoning module MagicLeap (38)
[2019.11.01-07.08.24:175][795]LogModuleManager: Shutting down and abandoning module AnimationModifiers (36)
[2019.11.01-07.08.24:175][795]LogModuleManager: Shutting down and abandoning module PropertyEditor (35)
[2019.11.01-07.08.24:175][795]LogModuleManager: Shutting down and abandoning module AudioEditor (32)
[2019.11.01-07.08.24:176][795]LogModuleManager: Shutting down and abandoning module TextureCompressor (30)
[2019.11.01-07.08.24:181][795]LogModuleManager: Shutting down and abandoning module ShaderCore (28)
[2019.11.01-07.08.24:181][795]LogModuleManager: Shutting down and abandoning module Landscape (26)
[2019.11.01-07.08.24:181][795]LogModuleManager: Shutting down and abandoning module SlateRHIRenderer (24)
[2019.11.01-07.08.24:182][795]LogModuleManager: Shutting down and abandoning module OpenGLDrv (22)
[2019.11.01-07.08.24:182][795]LogModuleManager: Shutting down and abandoning module D3D11RHI (20)
[2019.11.01-07.08.24:182][795]LogModuleManager: Shutting down and abandoning module AnimGraphRuntime (18)
[2019.11.01-07.08.24:183][795]LogModuleManager: Shutting down and abandoning module Renderer (16)
[2019.11.01-07.08.24:183][795]LogModuleManager: Shutting down and abandoning module Engine (14)
[2019.11.01-07.08.24:183][795]LogModuleManager: Shutting down and abandoning module CoreUObject (12)
[2019.11.01-07.08.24:183][795]LogModuleManager: Shutting down and abandoning module NetworkFile (10)
[2019.11.01-07.08.24:183][795]LogModuleManager: Shutting down and abandoning module CookedIterativeFile (8)
[2019.11.01-07.08.24:183][795]LogModuleManager: Shutting down and abandoning module StreamingFile (6)
[2019.11.01-07.08.24:184][795]LogModuleManager: Shutting down and abandoning module SandboxFile (4)
[2019.11.01-07.08.24:184][795]LogModuleManager: Shutting down and abandoning module PakFile (2)
[2019.11.01-07.08.24:222][795]LogExit: Exiting.
[2019.11.01-07.08.24:227][795]Log file closed, 11/01/19 18:08:24
