Log file open, 11/18/19 08:58:45
LogWindows: Failed to load 'aqProf.dll' (GetLastError=126)
LogWindows: File 'aqProf.dll' does not exist
LogWindows: Failed to load 'VSPerf140.dll' (GetLastError=126)
LogWindows: File 'VSPerf140.dll' does not exist
LogWindows: Failed to load 'VtuneApi.dll' (GetLastError=126)
LogWindows: File 'VtuneApi.dll' does not exist
LogWindows: Failed to load 'VtuneApi32e.dll' (GetLastError=126)
LogWindows: File 'VtuneApi32e.dll' does not exist
LogInit: Display: Running engine for game: DejaBrew
LogPlatformFile: Not using cached read wrapper
LogTaskGraph: Started task graph with 5 named threads and 23 total threads with 3 sets of task threads.
LogStats: Stats thread started at 1.078918
LogD3D11RHI: Loaded GFSDK_Aftermath_Lib.x64.dll
LogICUInternationalization: Display: ICU TimeZone Detection - Raw Offset: +10:00, Platform Override: ''
LogPluginManager: Mounting plugin Paper2D
LogPluginManager: Mounting plugin AISupport
LogPluginManager: Mounting plugin LightPropagationVolume
LogPluginManager: Mounting plugin CLionSourceCodeAccess
LogPluginManager: Mounting plugin CodeLiteSourceCodeAccess
LogPluginManager: Mounting plugin GitSourceControl
LogPluginManager: Mounting plugin KDevelopSourceCodeAccess
LogPluginManager: Mounting plugin NullSourceCodeAccess
LogPluginManager: Mounting plugin PerforceSourceControl
LogPluginManager: Mounting plugin SubversionSourceControl
LogPluginManager: Mounting plugin UObjectPlugin
LogPluginManager: Mounting plugin VisualStudioCodeSourceCodeAccess
LogPluginManager: Mounting plugin VisualStudioSourceCodeAccess
LogPluginManager: Mounting plugin XCodeSourceCodeAccess
LogPluginManager: Mounting plugin AssetManagerEditor
LogPluginManager: Mounting plugin CryptoKeys
LogPluginManager: Mounting plugin DataValidation
LogPluginManager: Mounting plugin FacialAnimation
LogPluginManager: Mounting plugin GameplayTagsEditor
LogPluginManager: Mounting plugin MacGraphicsSwitching
LogPluginManager: Mounting plugin MeshEditor
LogPluginManager: Mounting plugin MobileLauncherProfileWizard
LogPluginManager: Mounting plugin PluginBrowser
LogPluginManager: Mounting plugin SpeedTreeImporter
LogPluginManager: Mounting plugin DatasmithContent
LogPluginManager: Mounting plugin AlembicImporter
LogPluginManager: Mounting plugin AppleImageUtils
LogPluginManager: Mounting plugin AppleVision
LogPluginManager: Mounting plugin BackChannel
LogPluginManager: Mounting plugin CharacterAI
LogPluginManager: Mounting plugin GeometryCache
LogPluginManager: Mounting plugin HTML5Networking
LogPluginManager: Mounting plugin ProxyLODPlugin
LogPluginManager: Mounting plugin MagicLeap
LogPluginManager: Mounting plugin MagicLeapEmulator
LogPluginManager: Mounting plugin MagicLeapMedia
LogPluginManager: Mounting plugin AndroidMedia
LogPluginManager: Mounting plugin AvfMedia
LogPluginManager: Mounting plugin ImgMedia
LogPluginManager: Mounting plugin LinearTimecode
LogPluginManager: Mounting plugin MediaCompositing
LogPluginManager: Mounting plugin MediaPlayerEditor
LogPluginManager: Mounting plugin WmfMedia
LogPluginManager: Mounting plugin TcpMessaging
LogPluginManager: Mounting plugin UdpMessaging
LogPluginManager: Mounting plugin ActorSequence
LogPluginManager: Mounting plugin LevelSequenceEditor
LogPluginManager: Mounting plugin MatineeToLevelSequence
LogPluginManager: Mounting plugin NetcodeUnitTest
LogPluginManager: Mounting plugin NUTUnrealEngine4
LogPluginManager: Mounting plugin OnlineSubsystemGooglePlay
LogPluginManager: Mounting plugin OnlineSubsystemIOS
LogPluginManager: Mounting plugin OnlineSubsystem
LogPluginManager: Mounting plugin OnlineSubsystemNull
LogPluginManager: Mounting plugin OnlineSubsystemUtils
LogPluginManager: Mounting plugin LauncherChunkInstaller
LogPluginManager: Mounting plugin AndroidDeviceProfileSelector
LogPluginManager: Mounting plugin AndroidMoviePlayer
LogPluginManager: Mounting plugin AndroidPermission
LogPluginManager: Mounting plugin AppleMoviePlayer
LogPluginManager: Mounting plugin ArchVisCharacter
LogPluginManager: Mounting plugin AudioCapture
LogPluginManager: Mounting plugin CableComponent
LogPluginManager: Mounting plugin CustomMeshComponent
LogPluginManager: Mounting plugin EditableMesh
LogPluginManager: Mounting plugin ExampleDeviceProfileSelector
LogPluginManager: Mounting plugin GoogleCloudMessaging
LogPluginManager: Mounting plugin ImmediatePhysics
LogPluginManager: Mounting plugin IOSDeviceProfileSelector
LogPluginManager: Mounting plugin LinuxDeviceProfileSelector
LogPluginManager: Mounting plugin LocationServicesBPLibrary
LogPluginManager: Mounting plugin MobilePatchingUtils
LogPluginManager: Mounting plugin OculusVR
LogPluginManager: Plugin shader directory ../../../Engine/Plugins/Runtime/Oculus/OculusVR/Shaders found
LogPluginManager: Mapping shader source directory ../../../Engine/Plugins/Runtime/Oculus/OculusVR/Shaders to virtual directory /Plugin/OculusVR
LogPluginManager: Mounting plugin PhysXVehicles
LogPluginManager: Mounting plugin ProceduralMeshComponent
LogPluginManager: Mounting plugin RuntimePhysXCooking
LogPluginManager: Mounting plugin SteamVR
LogPluginManager: Mounting plugin WindowsMoviePlayer
LogStreaming: Display: Took  0.125s to configure plugins.
LogInit: Warning: Incompatible or missing module: DejaBrew
Running C:/Program Files/Epic Games/UE_4.20/Engine/Binaries/DotNET/UnrealBuildTool.exe Development Win64 -Project="C:/Users/s191273/Documents/GitHub/Chicken-Crimpy-Repository/DejaBrew/DejaBrew.uproject" -TargetType=Editor -Progress -NoHotReloadFromIDE
Performing full C++ include scan (building a new target)
Using 'git status' to determine working set for adaptive non-unity build.
Creating makefile for DejaBrewEditor (no existing makefile)
Using Visual Studio 2017 14.16.27023 toolchain (C:\Program Files (x86)\Microsoft Visual Studio\2017\Enterprise\VC\Tools\MSVC\14.16.27023) and Windows 10.0.17763.0 SDK (C:\Program Files (x86)\Windows Kits\10).
@progress push 5%
Parsing headers for DejaBrewEditor
  Running UnrealHeaderTool "C:\Users\s191273\Documents\GitHub\Chicken-Crimpy-Repository\DejaBrew\DejaBrew.uproject" "C:\Users\s191273\Documents\GitHub\Chicken-Crimpy-Repository\DejaBrew\Intermediate\Build\Win64\DejaBrewEditor\Development\DejaBrewEditor.uhtmanifest" -LogCmds="loginit warning, logexit warning, logdatabase error" -Unattended -WarningsAsErrors -installed
Reflection code generated for DejaBrewEditor in 7.8526239 seconds
@progress pop
Building 22 actions with 8 processes...
  @progress 'Compiling C++ source code...' 0%
  @progress 'Compiling C++ source code...' 5%
  [1/22] PCLaunch.rc
  @progress 'Compiling C++ source code...' 9%
  [2/22] SharedPCH.Engine.cpp
  @progress 'Compiling C++ source code...' 14%
  [3/22] DejaBrew.init.gen.cpp
  @progress 'Compiling C++ source code...' 18%
  [4/22] PickUp.gen.cpp
  @progress 'Compiling C++ source code...' 23%
  [5/22] Checkpoint.gen.cpp
  @progress 'Compiling C++ source code...' 27%
  [6/22] DejaBrewGameMode.gen.cpp
  @progress 'Compiling C++ source code...' 32%
  [7/22] SlimeEnemy.gen.cpp
  @progress 'Compiling C++ source code...' 36%
  [8/22] DejaBrewCharacter.gen.cpp
  @progress 'Compiling C++ source code...' 41%
  [9/22] PickUp.cpp
  @progress 'Compiling C++ source code...' 45%
  [10/22] SlimeEnemy_PC.gen.cpp
  @progress 'Compiling C++ source code...' 50%
  [11/22] SlimeEnemy.cpp
  @progress 'Compiling C++ source code...' 55%
  [12/22] CrosshairBoundWidget_cpp.gen.cpp
  @progress 'Compiling C++ source code...' 59%
  [13/22] DejaBrewGameMode.cpp
  @progress 'Compiling C++ source code...' 64%
  [14/22] Checkpoint.cpp
  @progress 'Compiling C++ source code...' 68%
  [15/22] SlimeEnemy_PC.cpp
  @progress 'Compiling C++ source code...' 73%
  [16/22] Thorn.cpp
  @progress 'Compiling C++ source code...' 77%
  [17/22] Thorn.gen.cpp
  @progress 'Compiling C++ source code...' 82%
  [18/22] CrosshairBoundWidget_cpp.cpp
  @progress 'Compiling C++ source code...' 86%
  [19/22] DejaBrewCharacter.cpp
  @progress 'Compiling C++ source code...' 91%
  [20/22] DejaBrew.cpp
  @progress 'Compiling C++ source code...' 95%
  [21/22] UE4Editor-DejaBrew.lib
     Creating library C:\Users\s191273\Documents\GitHub\Chicken-Crimpy-Repository\DejaBrew\Intermediate\Build\Win64\UE4Editor\Development\DejaBrew\UE4Editor-DejaBrew.lib and object C:\Users\s191273\Documents\GitHub\Chicken-Crimpy-Repository\DejaBrew\Intermediate\Build\Win64\UE4Editor\Development\DejaBrew\UE4Editor-DejaBrew.exp
  @progress 'Compiling C++ source code...' 100%
  [22/22] UE4Editor-DejaBrew.dll
     Creating library C:\Users\s191273\Documents\GitHub\Chicken-Crimpy-Repository\DejaBrew\Intermediate\Build\Win64\UE4Editor\Development\DejaBrew\UE4Editor-DejaBrew.suppressed.lib and object C:\Users\s191273\Documents\GitHub\Chicken-Crimpy-Repository\DejaBrew\Intermediate\Build\Win64\UE4Editor\Development\DejaBrew\UE4Editor-DejaBrew.suppressed.exp
Total build time: 75.25 seconds (Parallel executor: 34.21 seconds)
LogInit: Using libcurl 7.55.1-DEV
LogInit:  - built for x86_64-pc-win32
LogInit:  - supports SSL with OpenSSL/1.0.2h
LogInit:  - supports HTTP deflate (compression) using libz 1.2.8
LogInit:  - other features:
LogInit:      CURL_VERSION_SSL
LogInit:      CURL_VERSION_LIBZ
LogInit:      CURL_VERSION_IPV6
LogInit:      CURL_VERSION_ASYNCHDNS
LogInit:      CURL_VERSION_LARGEFILE
LogInit:      CURL_VERSION_IDN
LogInit:  CurlRequestOptions (configurable via config and command line):
LogInit:  - bVerifyPeer = false  - Libcurl will NOT verify peer certificate
LogInit:  - bUseHttpProxy = false  - Libcurl will NOT use HTTP proxy
LogInit:  - bDontReuseConnections = false  - Libcurl will reuse connections
LogInit:  - CertBundlePath = nullptr  - Libcurl will use whatever was configured at build time.
LogInit:  - MaxHostConnections = 16  - Libcurl will limit the number of connections to a host
LogInit:  - LocalHostAddr = Default
LogInit:  - BufferSize = 65536
LogInit: WinSock: version 1.1 (2.2), MaxSocks=32767, MaxUdp=65467
LogInit: Build: ++UE4+Release-4.20-CL-4369336
LogInit: Engine Version: 4.20.3-4369336+++UE4+Release-4.20
LogInit: Compatible Engine Version: 4.20.0-4212847+++UE4+Release-4.20
LogInit: Net CL: 4212847
LogInit: OS: Windows 10 (), CPU: Intel(R) Core(TM) i7-6700 CPU @ 3.40GHz, GPU: NVIDIA GeForce GTX 1060 6GB
LogInit: Compiled (64-bit): Sep 17 2018 12:26:19
LogInit: Compiled with Visual C++: 19.13.26129.00
LogInit: Build Configuration: Development
LogInit: Branch Name: ++UE4+Release-4.20
LogInit: Command Line: 
LogInit: Base Directory: C:/Program Files/Epic Games/UE_4.20/Engine/Binaries/Win64/
LogInit: Installed Engine Build: 1
LogDevObjectVersion: Number of dev versions registered: 20
LogDevObjectVersion:   Dev-Blueprints (B0D832E4-1F89-4F0D-ACCF-7EB736FD4AA2): 10
LogDevObjectVersion:   Dev-Build (E1C64328-A22C-4D53-A36C-8E866417BD8C): 0
LogDevObjectVersion:   Dev-Core (375EC13C-06E4-48FB-B500-84F0262A717E): 2
LogDevObjectVersion:   Dev-Editor (E4B068ED-F494-42E9-A231-DA0B2E46BB41): 24
LogDevObjectVersion:   Dev-Framework (CFFC743F-43B0-4480-9391-14DF171D2073): 34
LogDevObjectVersion:   Dev-Mobile (B02B49B5-BB20-44E9-A304-32B752E40360): 2
LogDevObjectVersion:   Dev-Networking (A4E4105C-59A1-49B5-A7C5-40C4547EDFEE): 0
LogDevObjectVersion:   Dev-Online (39C831C9-5AE6-47DC-9A44-9C173E1C8E7C): 0
LogDevObjectVersion:   Dev-Physics (78F01B33-EBEA-4F98-B9B4-84EACCB95AA2): 0
LogDevObjectVersion:   Dev-Platform (6631380F-2D4D-43E0-8009-CF276956A95A): 0
LogDevObjectVersion:   Dev-Rendering (12F88B9F-8875-4AFC-A67C-D90C383ABD29): 26
LogDevObjectVersion:   Dev-Sequencer (7B5AE74C-D270-4C10-A958-57980B212A5A): 9
LogDevObjectVersion:   Dev-VR (D7296918-1DD6-4BDD-9DE2-64A83CC13884): 2
LogDevObjectVersion:   Dev-LoadTimes (C2A15278-BFE7-4AFE-6C17-90FF531DF755): 1
LogDevObjectVersion:   Private-Geometry (6EACA3D4-40EC-4CC1-B786-8BED09428FC5): 3
LogDevObjectVersion:   Dev-AnimPhys (29E575DD-E0A3-4627-9D10-D276232CDCEA): 17
LogDevObjectVersion:   Dev-ReflectionCapture (6B266CEC-1EC7-4B8F-A30B-E4D90942FC07): 1
LogDevObjectVersion:   Dev-Automation (0DF73D61-A23F-47EA-B727-89E90C41499A): 1
LogDevObjectVersion:   FortniteMain (601D1886-AC64-4F84-AA16-D3DE0DEAC7D6): 12
LogDevObjectVersion:   Dev-Enterprise (9DFFBCD6-494F-0158-E221-12823C92A888): 1
LogStreaming: Display: Took  0.002s to delete old logs.
LogInit: Presizing for max 8388607 objects, including 0 objects not considered by GC, pre-allocating 0 bytes for permanent pool.
LogInit: Object subsystem initialized
[2019.11.17-22.00.08:396][  0]LogInit: Selected Device Profile: [Windows]
[2019.11.17-22.00.08:396][  0]LogInit: Applying CVar settings loaded from the selected device profile: [Windows]
[2019.11.17-22.00.08:412][  0]LogHAL: Display: Platform has ~ 32 GB [34293108736 / 34359738368 / 32], which maps to Largest [LargestMinGB=32, LargerMinGB=12, DefaultMinGB=8, SmallerMinGB=6, SmallestMinGB=0)
[2019.11.17-22.00.08:412][  0]LogInit: Setting Device Profile CVar: [[r.Vulkan.UseRealUBs:1]]
[2019.11.17-22.00.08:412][  0]LogInit: Going up to parent DeviceProfile []
[2019.11.17-22.00.08:417][  0]LogInit: Computer: SYD-C63DCC
[2019.11.17-22.00.08:417][  0]LogInit: User: s191273
[2019.11.17-22.00.08:417][  0]LogInit: CPU Page size=4096, Cores=4
[2019.11.17-22.00.08:417][  0]LogInit: High frequency timer resolution =3.328126 MHz
[2019.11.17-22.00.08:417][  0]LogMemory: Memory total: Physical=31.9GB (32GB approx)
[2019.11.17-22.00.08:417][  0]LogMemory: Platform Memory Stats for Windows
[2019.11.17-22.00.08:417][  0]LogMemory: Process Physical Memory: 104.84 MB used, 104.84 MB peak
[2019.11.17-22.00.08:417][  0]LogMemory: Process Virtual Memory: 93.83 MB used, 93.83 MB peak
[2019.11.17-22.00.08:417][  0]LogMemory: Physical Memory: 3735.74 MB used,  28968.71 MB free, 32704.46 MB total
[2019.11.17-22.00.08:417][  0]LogMemory: Virtual Memory: 4683.04 MB used,  28968.71 MB free, 134217728.00 MB total
[2019.11.17-22.00.08:685][  0]LogInit: Using OS detected language (en-US).
[2019.11.17-22.00.08:685][  0]LogInit: Using OS detected locale (en-US).
[2019.11.17-22.00.08:689][  0]LogTextLocalizationManager: No specific localization for 'en-US' exists, so the 'en' localization will be used.
[2019.11.17-22.00.09:124][  0]LogStreaming: Display: Took  0.438s to InitEngineTextLocalization.
[2019.11.17-22.00.09:125][  0]LogInit: Setting process to per monitor DPI aware
[2019.11.17-22.00.09:220][  0]LogSlate: New Slate User Created.  User Index 0, Is Virtual User: 0
[2019.11.17-22.00.09:220][  0]LogSlate: Slate User Registered.  User Index 0, Is Virtual User: 0
[2019.11.17-22.00.10:974][  0]LogHMD: Failed to initialize OpenVR with code 110
[2019.11.17-22.00.10:974][  0]LogD3D11RHI: D3D11 adapters:
[2019.11.17-22.00.11:031][  0]LogD3D11RHI:    0. 'NVIDIA GeForce GTX 1060 6GB' (Feature Level 11_0)
[2019.11.17-22.00.11:031][  0]LogD3D11RHI:       6052/0/16352 MB DedicatedVideo/DedicatedSystem/SharedSystem, Outputs:2, VendorId:0x10de
[2019.11.17-22.00.11:032][  0]LogD3D11RHI:    1. 'Microsoft Basic Render Driver' (Feature Level 11_0)
[2019.11.17-22.00.11:032][  0]LogD3D11RHI:       0/0/16352 MB DedicatedVideo/DedicatedSystem/SharedSystem, Outputs:0, VendorId:0x1414
[2019.11.17-22.00.11:032][  0]LogD3D11RHI: Chosen D3D11 Adapter: 0
[2019.11.17-22.00.11:038][  0]LogD3D11RHI: Creating new Direct3DDevice
[2019.11.17-22.00.11:038][  0]LogD3D11RHI:     GPU DeviceId: 0x1c03 (for the marketing name, search the web for "GPU Device Id")
[2019.11.17-22.00.11:039][  0]LogWindows: EnumDisplayDevices:
[2019.11.17-22.00.11:039][  0]LogWindows:    0. 'NVIDIA GeForce GTX 1060 6GB' (P:0 D:1)
[2019.11.17-22.00.11:039][  0]LogWindows:    1. 'NVIDIA GeForce GTX 1060 6GB' (P:1 D:1)
[2019.11.17-22.00.11:039][  0]LogWindows:    2. 'NVIDIA GeForce GTX 1060 6GB' (P:0 D:0)
[2019.11.17-22.00.11:039][  0]LogWindows:    3. 'NVIDIA GeForce GTX 1060 6GB' (P:0 D:0)
[2019.11.17-22.00.11:039][  0]LogWindows: DebugString: FoundDriverCount:4 
[2019.11.17-22.00.11:039][  0]LogD3D11RHI:     Adapter Name: NVIDIA GeForce GTX 1060 6GB
[2019.11.17-22.00.11:040][  0]LogD3D11RHI:   Driver Version: 417.35 (internal:25.21.14.1735, unified:417.35)
[2019.11.17-22.00.11:040][  0]LogD3D11RHI:      Driver Date: 12-11-2018
[2019.11.17-22.00.11:040][  0]LogRHI: Texture pool is 4236 MB (70% of 6052 MB)
[2019.11.17-22.00.11:074][  0]LogD3D11RHI: Async texture creation enabled
[2019.11.17-22.00.11:103][  0]LogD3D11RHI: GPU Timing Frequency: 1000.000000 (Debug: 2 2)
[2019.11.17-22.00.11:192][  0]LogShaderCompilers: Guid format shader working directory is -36 characters bigger than the processId version (../../../../../../Users/s191273/Documents/GitHub/Chicken-Crimpy-Repository/DejaBrew/Intermediate/Shaders/WorkingDirectory/11672/).
[2019.11.17-22.00.11:192][  0]LogShaderCompilers: Cleaned the shader compiler working directory 'C:/Users/s191273/AppData/Local/Temp/UnrealShaderWorkingDir/AB6BF92D4784FF85D56D92B30F32968F/'.
[2019.11.17-22.00.11:415][  0]LogTemp: Display: Loaded TP AllDesktopTargetPlatform
[2019.11.17-22.00.11:427][  0]LogTemp: Display: Loaded TP MacClientTargetPlatform
[2019.11.17-22.00.11:439][  0]LogTemp: Display: Loaded TP MacNoEditorTargetPlatform
[2019.11.17-22.00.11:452][  0]LogTemp: Display: Loaded TP MacServerTargetPlatform
[2019.11.17-22.00.11:470][  0]LogTemp: Display: Loaded TP MacTargetPlatform
[2019.11.17-22.00.11:484][  0]LogTemp: Display: Loaded TP WindowsClientTargetPlatform
[2019.11.17-22.00.11:499][  0]LogTemp: Display: Loaded TP WindowsNoEditorTargetPlatform
[2019.11.17-22.00.11:513][  0]LogTemp: Display: Loaded TP WindowsServerTargetPlatform
[2019.11.17-22.00.11:522][  0]LogTemp: Display: Loaded TP WindowsTargetPlatform
[2019.11.17-22.00.11:597][  0]LogTemp: Display: Loaded TP AndroidTargetPlatform
[2019.11.17-22.00.11:598][  0]LogTemp: Display: Loaded TP AndroidTargetPlatform
[2019.11.17-22.00.11:598][  0]LogTemp: Display: Loaded TP AndroidTargetPlatform
[2019.11.17-22.00.11:598][  0]LogTemp: Display: Loaded TP AndroidTargetPlatform
[2019.11.17-22.00.11:598][  0]LogTemp: Display: Loaded TP AndroidTargetPlatform
[2019.11.17-22.00.11:598][  0]LogTemp: Display: Loaded TP AndroidTargetPlatform
[2019.11.17-22.00.11:598][  0]LogTemp: Display: Loaded TP AndroidTargetPlatform
[2019.11.17-22.00.11:598][  0]LogTemp: Display: Loaded TP AndroidTargetPlatform
[2019.11.17-22.00.11:598][  0]LogTemp: Display: Loaded TP AndroidTargetPlatform
[2019.11.17-22.00.11:598][  0]LogTemp: Display: Loaded TP AndroidTargetPlatform
[2019.11.17-22.00.11:598][  0]LogTemp: Display: Loaded TP AndroidTargetPlatform
[2019.11.17-22.00.11:598][  0]LogTemp: Display: Loaded TP AndroidTargetPlatform
[2019.11.17-22.00.11:598][  0]LogTemp: Display: Loaded TP AndroidTargetPlatform
[2019.11.17-22.00.11:598][  0]LogTemp: Display: Loaded TP AndroidTargetPlatform
[2019.11.17-22.00.11:598][  0]LogTemp: Display: Loaded TP AndroidTargetPlatform
[2019.11.17-22.00.11:598][  0]LogTemp: Display: Loaded TP AndroidTargetPlatform
[2019.11.17-22.00.11:598][  0]LogTemp: Display: Loaded TP AndroidTargetPlatform
[2019.11.17-22.00.11:598][  0]LogTemp: Display: Loaded TP AndroidTargetPlatform
[2019.11.17-22.00.11:601][  0]LogTemp: Display: Loaded TP HTML5TargetPlatform
[2019.11.17-22.00.11:669][  0]LogTemp: Display: Loaded TP IOSTargetPlatform
[2019.11.17-22.00.11:669][  0]LogTemp: Display: Loaded TP IOSTargetPlatform
[2019.11.17-22.00.11:690][  0]LogTemp: Display: Loaded TP TVOSTargetPlatform
[2019.11.17-22.00.11:690][  0]LogTemp: Display: Loaded TP TVOSTargetPlatform
[2019.11.17-22.00.11:702][  0]LogTemp: Display: Loaded TP LinuxClientTargetPlatform
[2019.11.17-22.00.11:714][  0]LogTemp: Display: Loaded TP LinuxNoEditorTargetPlatform
[2019.11.17-22.00.11:725][  0]LogTemp: Display: Loaded TP LinuxServerTargetPlatform
[2019.11.17-22.00.11:744][  0]LogTemp: Display: Loaded TP LinuxTargetPlatform
[2019.11.17-22.00.11:753][  0]LogTemp: Display: Loaded TP LuminTargetPlatform
[2019.11.17-22.00.11:754][  0]LogTargetPlatformManager: Display: Building Assets For Windows
[2019.11.17-22.00.11:958][  0]LogXGEController: Cleaning working directory: C:/Users/s191273/AppData/Local/Temp/UnrealXGEWorkingDir/
[2019.11.17-22.00.11:958][  0]LogXGEController: Cannot use XGE Controller as Incredibuild is not installed on this machine.
[2019.11.17-22.00.11:959][  0]LogShaderCompilers: Cannot use XGE Shader Compiler as Incredibuild is not installed on this machine.
[2019.11.17-22.00.11:959][  0]LogShaderCompilers: Display: Using Local Shader Compiler.
[2019.11.17-22.00.13:679][  0]LogDerivedDataCache: Display: Max Cache Size: 512 MB
[2019.11.17-22.00.13:913][  0]LogDerivedDataCache: Loaded boot cache 0.23s 71MB C:/Users/s191273/AppData/Local/UnrealEngine/4.20/DerivedDataCache/Boot.ddc.
[2019.11.17-22.00.13:914][  0]LogDerivedDataCache: Display: Loaded Boot cache: C:/Users/s191273/AppData/Local/UnrealEngine/4.20/DerivedDataCache/Boot.ddc
[2019.11.17-22.00.13:914][  0]LogDerivedDataCache: FDerivedDataBackendGraph:  Pak pak cache file ../../../../../../Users/s191273/Documents/GitHub/Chicken-Crimpy-Repository/DejaBrew/DerivedDataCache/DDC.ddp not found, will not use a pak cache.
[2019.11.17-22.00.13:914][  0]LogDerivedDataCache: Unable to find inner node Pak for hierarchical cache Hierarchy.
[2019.11.17-22.00.13:914][  0]LogDerivedDataCache: FDerivedDataBackendGraph:  CompressedPak pak cache file ../../../../../../Users/s191273/Documents/GitHub/Chicken-Crimpy-Repository/DejaBrew/DerivedDataCache/Compressed.ddp not found, will not use a pak cache.
[2019.11.17-22.00.13:914][  0]LogDerivedDataCache: Unable to find inner node CompressedPak for hierarchical cache Hierarchy.
[2019.11.17-22.00.13:935][  0]LogDerivedDataCache: Display: Pak cache opened for reading ../../../Engine/DerivedDataCache/Compressed.ddp.
[2019.11.17-22.00.13:948][  0]LogDerivedDataCache: Using Local data cache path C:/Users/s191273/AppData/Local/UnrealEngine/Common/DerivedDataCache: Writable
[2019.11.17-22.00.13:948][  0]LogDerivedDataCache: Shared data cache path not found in *engine.ini, will not use an Shared cache.
[2019.11.17-22.00.13:948][  0]LogDerivedDataCache: Unable to find inner node Shared for hierarchical cache Hierarchy.
[2019.11.17-22.00.13:970][  0]LogMaterial: Verifying Global Shaders for PCD3D_SM5
[2019.11.17-22.00.13:981][  0]LogSlate: Using FreeType 2.6.0
[2019.11.17-22.00.14:001][  0]LogSlate: SlateFontServices - WITH_FREETYPE: 1, WITH_HARFBUZZ: 1
[2019.11.17-22.00.14:275][  0]LogAssetRegistry: FAssetRegistry took 0.0296 seconds to start up
[2019.11.17-22.00.14:653][  0]LogInit: Selected Device Profile: [Windows]
[2019.11.17-22.00.14:970][  0]LogSimplygon: Simplygon DLL not present - disabling.
[2019.11.17-22.00.14:991][  0]LogMeshReduction: Using SimplygonSwarm for distributed automatic mesh merging
[2019.11.17-22.00.14:991][  0]LogMeshReduction: Using ProxyLODMeshReduction for automatic mesh merging
[2019.11.17-22.00.14:992][  0]LogMeshReduction: Using QuadricMeshReduction for automatic static mesh reduction
[2019.11.17-22.00.14:992][  0]LogMeshReduction: No automatic skeletal mesh reduction module available
[2019.11.17-22.00.15:046][  0]LogNetVersion: DejaBrew 1.0.0, NetCL: 4212847, EngineNetVer: 5, GameNetVer: 0 (Checksum: 719251921)
[2019.11.17-22.00.15:921][  0]LogLinker: Warning: The file '../../../Engine/Content/EditorMaterials/Thumbnails/SkySphereMaterial.uasset' contains unrecognizable data, check that it is of the expected type.
[2019.11.17-22.00.15:921][  0]LogLinker: Warning: The file '../../../Engine/Content/EditorMaterials/Thumbnails/SkySphereMaterial.uasset' contains unrecognizable data, check that it is of the expected type.
[2019.11.17-22.00.15:921][  0]LogLinker: Warning: The file '../../../Engine/Content/EditorMaterials/Thumbnails/SkySphereMaterial.uasset' contains unrecognizable data, check that it is of the expected type.
[2019.11.17-22.00.15:922][  0]LogLinker: Warning: The file '../../../Engine/Content/EditorMaterials/Thumbnails/SkySphereMaterial.uasset' contains unrecognizable data, check that it is of the expected type.
[2019.11.17-22.00.15:923][  0]LogLinker: Warning: The file '../../../Engine/Content/EditorMaterials/Thumbnails/SkySphereMaterial.uasset' contains unrecognizable data, check that it is of the expected type.
[2019.11.17-22.00.15:923][  0]LogLinker: Warning: The file '../../../Engine/Content/EditorMaterials/Thumbnails/SkySphereMaterial.uasset' contains unrecognizable data, check that it is of the expected type.
[2019.11.17-22.00.16:193][  0]LogPackageLocalizationCache: Processed 11 localized package path(s) for 2 prioritized culture(s) in 0.101026 seconds
[2019.11.17-22.00.16:201][  0]LogUObjectArray: 38422 objects as part of root set at end of initial load.
[2019.11.17-22.00.16:201][  0]LogUObjectAllocator: 6687760 out of 0 bytes used by permanent object pool.
[2019.11.17-22.00.16:201][  0]LogUObjectArray: CloseDisregardForGC: 0/0 objects in disregard for GC pool
[2019.11.17-22.00.18:921][  0]LogTcpMessaging: Initializing TcpMessaging bridge
[2019.11.17-22.00.18:950][  0]LogUdpMessaging: Initializing bridge on interface 0.0.0.0:0 to multicast group 230.0.0.1:6666.
[2019.11.17-22.00.19:352][  0]LogTexture: Display: Building textures: aim__1_ (AutoDXT, 2100X1500)
[2019.11.17-22.00.19:352][  0]LogTexture: Display: Building textures: aim1 (BGRA8, 1021X989)
[2019.11.17-22.00.19:649][  0]LogLinker: Error: HOTRELOADED_DejaBrewCharacter_1 has an inappropriate outermost, it was probably saved with a deprecated outer (file: ../../../../../../Users/s191273/Documents/GitHub/Chicken-Crimpy-Repository/DejaBrew/Content/SideScrollerCPP/Blueprints/Widgets/PM_OptionsWidget_BP.uasset)
[2019.11.17-22.00.19:650][  0]LogLinker: Error: HOTRELOADED_DejaBrewCharacter_1 has an inappropriate outermost, it was probably saved with a deprecated outer (file: ../../../../../../Users/s191273/Documents/GitHub/Chicken-Crimpy-Repository/DejaBrew/Content/SideScrollerCPP/Blueprints/Widgets/PM_OptionsWidget_BP.uasset)
[2019.11.17-22.00.19:650][  0]LogLinker: Error: HOTRELOADED_DejaBrewCharacter_1 has an inappropriate outermost, it was probably saved with a deprecated outer (file: ../../../../../../Users/s191273/Documents/GitHub/Chicken-Crimpy-Repository/DejaBrew/Content/SideScrollerCPP/Blueprints/Widgets/PM_OptionsWidget_BP.uasset)
[2019.11.17-22.00.19:701][  0]LogLinker: Error: HOTRELOADED_DejaBrewCharacter_1 has an inappropriate outermost, it was probably saved with a deprecated outer (file: ../../../../../../Users/s191273/Documents/GitHub/Chicken-Crimpy-Repository/DejaBrew/Content/SideScrollerCPP/Blueprints/Widgets/PM_OptionsWidget_BP.uasset)
[2019.11.17-22.00.19:702][  0]LogLinker: Error: HOTRELOADED_DejaBrewCharacter_1 has an inappropriate outermost, it was probably saved with a deprecated outer (file: ../../../../../../Users/s191273/Documents/GitHub/Chicken-Crimpy-Repository/DejaBrew/Content/SideScrollerCPP/Blueprints/Widgets/PM_OptionsWidget_BP.uasset)
[2019.11.17-22.00.19:702][  0]LogLinker: Error: HOTRELOADED_DejaBrewCharacter_1 has an inappropriate outermost, it was probably saved with a deprecated outer (file: ../../../../../../Users/s191273/Documents/GitHub/Chicken-Crimpy-Repository/DejaBrew/Content/SideScrollerCPP/Blueprints/Widgets/PM_OptionsWidget_BP.uasset)
[2019.11.17-22.00.19:994][  0]SourceControl: Source control is disabled
[2019.11.17-22.00.19:995][  0]SourceControl: Source control is disabled
[2019.11.17-22.00.20:007][  0]SourceControl: Source control is disabled
[2019.11.17-22.00.20:012][  0]SourceControl: Source control is disabled
[2019.11.17-22.00.20:331][  0]LogAndroidPermission: UAndroidPermissionCallbackProxy::GetInstance
[2019.11.17-22.00.20:392][  0]LogOcInput: OculusInput pre-init called
[2019.11.17-22.00.20:498][  0]LogEngine: Initializing Engine...
[2019.11.17-22.00.20:502][  0]LogHMD: Failed to initialize OpenVR with code 110
[2019.11.17-22.00.20:504][  0]LogStats: UGameplayTagsManager::ConstructGameplayTagTree: ImportINI prefixes -  0.000 s
[2019.11.17-22.00.20:504][  0]LogStats: UGameplayTagsManager::ConstructGameplayTagTree: Construct from data asset -  0.000 s
[2019.11.17-22.00.20:504][  0]LogStats: UGameplayTagsManager::ConstructGameplayTagTree: ImportINI -  0.000 s
[2019.11.17-22.00.20:504][  0]LogStats: UGameplayTagsManager::ConstructGameplayTagTree: GameplayTagTreeChangedEvent.Broadcast -  0.000 s
[2019.11.17-22.00.20:699][  0]LogInit: Initializing FReadOnlyCVARCache
[2019.11.17-22.00.20:741][  0]LogAIModule: Creating AISystem for world Untitled
[2019.11.17-22.00.20:759][  0]LogInit: XAudio2 using 'Realtek Digital Output (Realtek High Definition Audio)' : 2 channels at 48 kHz using 32 bits per sample (channel mask 0x3)
[2019.11.17-22.00.20:783][  0]LogInit: FAudioDevice initialized.
[2019.11.17-22.00.20:783][  0]LogNetVersion: Set ProjectVersion to 1.0.0.0. Version Checksum will be recalculated on next use.
[2019.11.17-22.00.20:856][  0]LogDerivedDataCache: Saved boot cache 0.07s 80MB C:/Users/s191273/AppData/Local/UnrealEngine/4.20/DerivedDataCache/Boot.ddc.
[2019.11.17-22.00.20:861][  0]LogInit: Texture streaming: Enabled
[2019.11.17-22.00.20:882][  0]LogEngineSessionManager: EngineSessionManager initialized
[2019.11.17-22.00.20:907][  0]LogInit: Transaction tracking system initialized
[2019.11.17-22.00.20:962][  0]BlueprintLog: New page: Editor Load
[2019.11.17-22.00.21:261][  0]LocalizationService: Localization service is disabled
[2019.11.17-22.00.21:552][  0]LogLinker: Warning: The file '../../../Engine/Content/EditorMaterials/Thumbnails/SkySphereMaterial.uasset' contains unrecognizable data, check that it is of the expected type.
[2019.11.17-22.00.21:629][  0]LogCook: Display: Max memory allowance for cook 16384mb min free memory 0mb
[2019.11.17-22.00.21:630][  0]LogCook: Display: Mobile HDR setting 1
[2019.11.17-22.00.21:630][  0]LogGameplayTags: Display: UGameplayTagsManager::DoneAddingNativeTags. DelegateIsBound: 0
[2019.11.17-22.00.21:630][  0]LogStats: UGameplayTagsManager::ConstructGameplayTagTree: ImportINI prefixes -  0.000 s
[2019.11.17-22.00.21:630][  0]LogStats: UGameplayTagsManager::ConstructGameplayTagTree: Construct from data asset -  0.000 s
[2019.11.17-22.00.21:630][  0]LogStats: UGameplayTagsManager::ConstructGameplayTagTree: ImportINI -  0.000 s
[2019.11.17-22.00.21:630][  0]LogStats: UGameplayTagsManager::ConstructGameplayTagTree: GameplayTagTreeChangedEvent.Broadcast -  0.000 s
[2019.11.17-22.00.21:921][  0]LogFileCache: Scanning file cache for directory 'C:/Users/s191273/Documents/GitHub/Chicken-Crimpy-Repository/DejaBrew/Content/' took 0.01s
[2019.11.17-22.00.21:921][  0]SourceControl: Source control is disabled
[2019.11.17-22.00.21:922][  0]Cmd: MAP LOAD FILE="../../../../../../Users/s191273/Documents/GitHub/Chicken-Crimpy-Repository/DejaBrew/Content/SideScrollerCPP/Maps/SideScrollerExampleMap.umap" TEMPLATE=0 SHOWPROGRESS=1 FEATURELEVEL=3
[2019.11.17-22.00.21:926][  0]LightingResults: New page: Lighting Build
[2019.11.17-22.00.21:936][  0]MapCheck: New page: Map Check
[2019.11.17-22.00.21:936][  0]LightingResults: New page: Lighting Build
[2019.11.17-22.00.22:229][  0]LogAIModule: Creating AISystem for world SideScrollerExampleMap
[2019.11.17-22.00.22:266][  0]LogEditorServer: Finished looking for orphan Actors (0.000 secs)
[2019.11.17-22.00.22:293][  0]Cmd: MAP CHECKDEP NOCLEARLOG
[2019.11.17-22.00.22:349][  0]MapCheck: Map check complete: 0 Error(s), 0 Warning(s), took 55.657ms to complete.
[2019.11.17-22.00.22:349][  0]LogFileHelpers: Loading map 'SideScrollerExampleMap' took 0.428
[2019.11.17-22.00.22:519][  0]LogSlate: Updating window title bar state: overlay mode, drag disabled, window buttons hidden, title bar hidden
[2019.11.17-22.00.22:526][  0]LogSlate: Updating window title bar state: overlay mode, drag disabled, window buttons hidden, title bar hidden
[2019.11.17-22.00.22:533][  0]LogSlate: Updating window title bar state: overlay mode, drag disabled, window buttons hidden, title bar hidden
[2019.11.17-22.00.22:540][  0]LogSlate: Updating window title bar state: overlay mode, drag disabled, window buttons hidden, title bar hidden
[2019.11.17-22.00.22:560][  0]LogCollectionManager: Loaded 0 collections in 0.001067 seconds
[2019.11.17-22.00.22:621][  0]LogFileCache: Scanning file cache for directory 'C:/Users/s191273/Documents/GitHub/Chicken-Crimpy-Repository/DejaBrew/Saved/Collections/' took 0.01s
[2019.11.17-22.00.22:621][  0]LogFileCache: Scanning file cache for directory 'C:/Users/s191273/Documents/GitHub/Chicken-Crimpy-Repository/DejaBrew/Content/Developers/s191273/Collections/' took 0.01s
[2019.11.17-22.00.22:621][  0]LogFileCache: Scanning file cache for directory 'C:/Users/s191273/Documents/GitHub/Chicken-Crimpy-Repository/DejaBrew/Content/Collections/' took 0.01s
[2019.11.17-22.00.22:621][  0]LogCollectionManager: Rebuilt the GUID cache for 0 collections in 0.000001 seconds
[2019.11.17-22.00.22:637][  0]LogContentBrowser: Native class hierarchy populated in 0.0135 seconds. Added 2580 classes and 605 folders.
[2019.11.17-22.00.22:651][  0]LogContentBrowser: Native class hierarchy updated for 'WidgetCarousel' in 0.0003 seconds. Added 0 classes and 0 folders.
[2019.11.17-22.00.23:039][  0]LogContentBrowser: Native class hierarchy updated for 'AddContentDialog' in 0.0003 seconds. Added 0 classes and 0 folders.
[2019.11.17-22.00.23:057][  0]LogContentBrowser: Native class hierarchy updated for 'SceneOutliner' in 0.0004 seconds. Added 1 classes and 2 folders.
[2019.11.17-22.00.23:130][  0]LogSlate: Took 0.007136 seconds to synchronously load lazily loaded font '../../../Engine/Content/Slate/Fonts/Roboto-Regular.ttf' (155K)
[2019.11.17-22.00.23:138][  0]LogSlate: Took 0.006063 seconds to synchronously load lazily loaded font '../../../Engine/Content/Slate/Fonts/Roboto-Bold.ttf' (160K)
[2019.11.17-22.00.23:149][  0]LogSlate: Took 0.004911 seconds to synchronously load lazily loaded font '../../../Engine/Content/Editor/Slate/Fonts/FontAwesome.ttf' (139K)
[2019.11.17-22.00.23:268][  0]LogRenderer: Reallocating scene render targets to support 1216x576 Format 10 NumSamples 1 (Frame:1).
[2019.11.17-22.00.23:351][  0]LogSlate: Took 0.006319 seconds to synchronously load lazily loaded font '../../../Engine/Content/Slate/Fonts/Roboto-Light.ttf' (167K)
[2019.11.17-22.00.23:479][  0]LogContentBrowser: Native class hierarchy updated for 'HierarchicalLODOutliner' in 0.0004 seconds. Added 0 classes and 0 folders.
[2019.11.17-22.00.23:479][  0]LogLoad: (Engine Initialization) Total time: 101.54 seconds
[2019.11.17-22.00.23:479][  0]LogLoad: (Engine Initialization) Total Blueprint compile time: 0.00 seconds
[2019.11.17-22.00.23:529][  0]LogContentStreaming: Texture pool size now 1000 MB
[2019.11.17-22.00.23:580][  1]LogFileCache: Retrieving MD5 hashes for directory 'C:/Users/s191273/Documents/GitHub/Chicken-Crimpy-Repository/DejaBrew/Content/' took 0.09s
[2019.11.17-22.00.24:626][115]LogAssetRegistry: Asset discovery search completed in 10.3886 seconds
[2019.11.17-22.00.24:628][115]LogCollectionManager: Rebuilt the object cache for 0 collections in 0.000000 seconds (found 0 objects)
[2019.11.17-22.00.24:629][115]LogCollectionManager: Fixed up redirectors for 0 collections in 0.000099 seconds (updated 0 objects)
[2019.11.17-22.00.30:066][765]LogSlate: FSceneViewport::OnFocusLost() reason 0
[2019.11.17-22.05.18:814][195]LogSlate: Took 0.000196 seconds to synchronously load lazily loaded font '../../../Engine/Content/Slate/Fonts/Roboto-Light.ttf' (167K)
[2019.11.17-22.05.18:820][195]LogAssetEditorManager: Opening Asset editor for Class /Script/DejaBrew.Thorn
[2019.11.17-22.05.28:966][374]LogVSAccessor: Warning: Visual Studio is open but could not be queried - it may be blocked by a modal operation
[2019.11.17-22.05.28:991][375]LogVSAccessor: Warning: Visual Studio is open but could not be queried - it may be blocked by a modal operation
[2019.11.17-22.05.29:001][376]LogVSAccessor: Warning: Visual Studio is open but could not be queried - it may be blocked by a modal operation
[2019.11.17-22.05.29:010][377]LogVSAccessor: Warning: Visual Studio is open but could not be queried - it may be blocked by a modal operation
[2019.11.17-22.05.29:030][378]LogVSAccessor: Warning: Visual Studio is open but could not be queried - it may be blocked by a modal operation
[2019.11.17-22.05.29:056][379]LogVSAccessor: Warning: Visual Studio is open but could not be queried - it may be blocked by a modal operation
[2019.11.17-22.05.29:082][380]LogVSAccessor: Warning: Visual Studio is open but could not be queried - it may be blocked by a modal operation
[2019.11.17-22.05.29:106][381]LogVSAccessor: Warning: Visual Studio is open but could not be queried - it may be blocked by a modal operation
[2019.11.17-22.05.29:114][382]LogVSAccessor: Warning: Visual Studio is open but could not be queried - it may be blocked by a modal operation
[2019.11.17-22.05.29:122][383]LogVSAccessor: Warning: Visual Studio is open but could not be queried - it may be blocked by a modal operation
[2019.11.17-22.05.29:131][384]LogVSAccessor: Warning: Visual Studio is open but could not be queried - it may be blocked by a modal operation
[2019.11.17-22.05.29:139][385]LogVSAccessor: Warning: Visual Studio is open but could not be queried - it may be blocked by a modal operation
[2019.11.17-22.05.29:158][386]LogVSAccessor: Warning: Visual Studio is open but could not be queried - it may be blocked by a modal operation
[2019.11.17-22.05.29:167][387]LogVSAccessor: Warning: Visual Studio is open but could not be queried - it may be blocked by a modal operation
[2019.11.17-22.05.29:175][388]LogVSAccessor: Warning: Visual Studio is open but could not be queried - it may be blocked by a modal operation
[2019.11.17-22.05.29:184][389]LogVSAccessor: Warning: Visual Studio is open but could not be queried - it may be blocked by a modal operation
[2019.11.17-22.05.29:192][390]LogVSAccessor: Warning: Visual Studio is open but could not be queried - it may be blocked by a modal operation
[2019.11.17-22.05.29:200][391]LogVSAccessor: Warning: Visual Studio is open but could not be queried - it may be blocked by a modal operation
[2019.11.17-22.05.29:209][392]LogVSAccessor: Warning: Visual Studio is open but could not be queried - it may be blocked by a modal operation
[2019.11.17-22.05.29:224][393]LogVSAccessor: Warning: Visual Studio is open but could not be queried - it may be blocked by a modal operation
[2019.11.17-22.05.29:233][394]LogVSAccessor: Warning: Visual Studio is open but could not be queried - it may be blocked by a modal operation
[2019.11.17-22.05.29:295][395]LogVSAccessor: Warning: Visual Studio is open but could not be queried - it may be blocked by a modal operation
[2019.11.17-22.05.29:304][396]LogVSAccessor: Warning: Visual Studio is open but could not be queried - it may be blocked by a modal operation
[2019.11.17-22.05.29:567][397]LogVSAccessor: Warning: Visual Studio is open but could not be queried - it may be blocked by a modal operation
[2019.11.17-22.06.22:437][836]LogEditor: Attempting to add actor of class 'Thorn' to level at 1660.00,-190.00,70.00
[2019.11.17-22.06.24:135][ 28]LogEditor: Attempting to add actor of class 'Thorn' to level at 1250.00,-20.00,110.00
[2019.11.17-22.06.25:770][211]LogSlate: FSceneViewport::OnFocusLost() reason 0
[2019.11.17-22.06.25:836][219]LogTemp: Repeating last play command: Selected Viewport
[2019.11.17-22.06.25:860][219]LogBlueprintUserMessages: Early PlayInEditor Detection: Level '/Game/SideScrollerCPP/Maps/SideScrollerExampleMap.SideScrollerExampleMap:PersistentLevel' has LevelScriptBlueprint '/Game/SideScrollerCPP/Maps/SideScrollerExampleMap.SideScrollerExampleMap:PersistentLevel.SideScrollerExampleMap' with GeneratedClass '/Game/SideScrollerCPP/Maps/SideScrollerExampleMap.SideScrollerExampleMap_C' with ClassGeneratedBy '/Game/SideScrollerCPP/Maps/SideScrollerExampleMap.SideScrollerExampleMap:PersistentLevel.SideScrollerExampleMap'
[2019.11.17-22.06.25:860][219]LogPlayLevel: PlayLevel: No blueprints needed recompiling
[2019.11.17-22.06.25:873][219]PIE: New page: PIE session: SideScrollerExampleMap (Nov 18, 2019, 8:06:25 PM)
[2019.11.17-22.06.25:873][219]LogPlayLevel: Creating play world package: /Game/SideScrollerCPP/Maps/UEDPIE_0_SideScrollerExampleMap
[2019.11.17-22.06.25:895][219]LogPlayLevel: PIE: StaticDuplicateObject took: (0.021765s)
[2019.11.17-22.06.25:896][219]LogAIModule: Creating AISystem for world SideScrollerExampleMap
[2019.11.17-22.06.25:896][219]LogPlayLevel: PIE: World Init took: (0.001074s)
[2019.11.17-22.06.25:896][219]LogPlayLevel: PIE: Created PIE world by copying editor world from /Game/SideScrollerCPP/Maps/SideScrollerExampleMap.SideScrollerExampleMap to /Game/SideScrollerCPP/Maps/UEDPIE_0_SideScrollerExampleMap.SideScrollerExampleMap (0.023093s)
[2019.11.17-22.06.25:922][219]LogInit: XAudio2 using 'Realtek Digital Output (Realtek High Definition Audio)' : 2 channels at 48 kHz using 32 bits per sample (channel mask 0x3)
[2019.11.17-22.06.25:928][219]LogInit: FAudioDevice initialized.
[2019.11.17-22.06.25:972][219]LogLoad: Game class is 'DejaBrewGameMode'
[2019.11.17-22.06.25:977][219]LogWorld: Bringing World /Game/SideScrollerCPP/Maps/UEDPIE_0_SideScrollerExampleMap.SideScrollerExampleMap up for play (max tick rate 0) at 2019.11.18-09.06.25
[2019.11.17-22.06.25:978][219]LogWorld: Bringing up level for play took: 0.003806
[2019.11.17-22.06.25:994][219]LogContentBrowser: Native class hierarchy updated for 'MovieSceneCapture' in 0.0003 seconds. Added 10 classes and 0 folders.
[2019.11.17-22.06.26:027][219]PIE: Play in editor start time for /Game/SideScrollerCPP/Maps/UEDPIE_0_SideScrollerExampleMap -0.715
[2019.11.17-22.06.26:028][219]LogBlueprintUserMessages: Late PlayInEditor Detection: Level '/Game/SideScrollerCPP/Maps/SideScrollerExampleMap.SideScrollerExampleMap:PersistentLevel' has LevelScriptBlueprint '/Game/SideScrollerCPP/Maps/SideScrollerExampleMap.SideScrollerExampleMap:PersistentLevel.SideScrollerExampleMap' with GeneratedClass '/Game/SideScrollerCPP/Maps/SideScrollerExampleMap.SideScrollerExampleMap_C' with ClassGeneratedBy '/Game/SideScrollerCPP/Maps/SideScrollerExampleMap.SideScrollerExampleMap:PersistentLevel.SideScrollerExampleMap'
[2019.11.17-22.06.29:154][585]LogBlueprintUserMessages: Early EndPlayMap Detection: Level '/Game/SideScrollerCPP/Maps/SideScrollerExampleMap.SideScrollerExampleMap:PersistentLevel' has LevelScriptBlueprint '/Game/SideScrollerCPP/Maps/SideScrollerExampleMap.SideScrollerExampleMap:PersistentLevel.SideScrollerExampleMap' with GeneratedClass '/Game/SideScrollerCPP/Maps/SideScrollerExampleMap.SideScrollerExampleMap_C' with ClassGeneratedBy '/Game/SideScrollerCPP/Maps/SideScrollerExampleMap.SideScrollerExampleMap:PersistentLevel.SideScrollerExampleMap'
[2019.11.17-22.06.29:155][585]LogSlate: Updating window title bar state: overlay mode, drag disabled, window buttons hidden, title bar hidden
[2019.11.17-22.06.29:191][585]LogPlayLevel: Display: Shutting down PIE online subsystems
[2019.11.17-22.06.29:192][585]LogBlueprintUserMessages: Late EndPlayMap Detection: Level '/Game/SideScrollerCPP/Maps/SideScrollerExampleMap.SideScrollerExampleMap:PersistentLevel' has LevelScriptBlueprint '/Game/SideScrollerCPP/Maps/SideScrollerExampleMap.SideScrollerExampleMap:PersistentLevel.SideScrollerExampleMap' with GeneratedClass '/Game/SideScrollerCPP/Maps/SideScrollerExampleMap.SideScrollerExampleMap_C' with ClassGeneratedBy '/Game/SideScrollerCPP/Maps/SideScrollerExampleMap.SideScrollerExampleMap:PersistentLevel.SideScrollerExampleMap'
[2019.11.17-22.06.29:212][585]LogSlate: Updating window title bar state: overlay mode, drag disabled, window buttons hidden, title bar hidden
[2019.11.17-22.06.29:255][587]LogPlayLevel: Display: Destroying online subsystem :Context_4
[2019.11.17-22.06.29:699][640]LogEditorViewport: Clicking on Actor (LMB): BP_Sky_Sphere_C (SkySphereBlueprint)
[2019.11.17-22.06.30:322][710]LogEditorViewport: Clicking on Actor (LMB): Thorn (Thorn1)
[2019.11.17-22.06.32:028][906]Cmd: DELETE
[2019.11.17-22.06.32:028][906]Cmd: ACTOR DELETE
[2019.11.17-22.06.32:033][906]LogEditorActor: Deleted Actor: Thorn
[2019.11.17-22.06.32:054][906]LogEditorActor: Deleted 1 Actors (0.025 secs)
[2019.11.17-22.06.38:408][668]LogSlate: FSceneViewport::OnFocusLost() reason 0
[2019.11.17-22.06.38:514][680]LogEditor: Attempting to add actor of class 'DejaBrewCharacter' to level at 1719.40,240.00,40.00
[2019.11.17-22.06.39:784][812]LogEditor: Attempting to add actor of class 'DejaBrewCharacter' to level at 1160.00,20.00,206.00
[2019.11.17-22.06.41:382][982]Cmd: TRANSACTION UNDO
[2019.11.17-22.06.41:382][982]LogEditorTransaction: Undo Create Actors
[2019.11.17-22.06.42:656][128]LogSlate: FSceneViewport::OnFocusLost() reason 0
[2019.11.17-22.06.45:689][492]LogTemp: Repeating last play command: Selected Viewport
[2019.11.17-22.06.45:711][492]LogBlueprintUserMessages: Early PlayInEditor Detection: Level '/Game/SideScrollerCPP/Maps/SideScrollerExampleMap.SideScrollerExampleMap:PersistentLevel' has LevelScriptBlueprint '/Game/SideScrollerCPP/Maps/SideScrollerExampleMap.SideScrollerExampleMap:PersistentLevel.SideScrollerExampleMap' with GeneratedClass '/Game/SideScrollerCPP/Maps/SideScrollerExampleMap.SideScrollerExampleMap_C' with ClassGeneratedBy '/Game/SideScrollerCPP/Maps/SideScrollerExampleMap.SideScrollerExampleMap:PersistentLevel.SideScrollerExampleMap'
[2019.11.17-22.06.45:711][492]LogPlayLevel: PlayLevel: No blueprints needed recompiling
[2019.11.17-22.06.45:711][492]PIE: New page: PIE session: SideScrollerExampleMap (Nov 18, 2019, 8:06:45 PM)
[2019.11.17-22.06.45:711][492]LogPlayLevel: Creating play world package: /Game/SideScrollerCPP/Maps/UEDPIE_0_SideScrollerExampleMap
[2019.11.17-22.06.45:724][492]LogPlayLevel: PIE: StaticDuplicateObject took: (0.012313s)
[2019.11.17-22.06.45:725][492]LogAIModule: Creating AISystem for world SideScrollerExampleMap
[2019.11.17-22.06.45:725][492]LogPlayLevel: PIE: World Init took: (0.001042s)
[2019.11.17-22.06.45:725][492]LogPlayLevel: PIE: Created PIE world by copying editor world from /Game/SideScrollerCPP/Maps/SideScrollerExampleMap.SideScrollerExampleMap to /Game/SideScrollerCPP/Maps/UEDPIE_0_SideScrollerExampleMap.SideScrollerExampleMap (0.013564s)
[2019.11.17-22.06.45:750][492]LogInit: XAudio2 using 'Realtek Digital Output (Realtek High Definition Audio)' : 2 channels at 48 kHz using 32 bits per sample (channel mask 0x3)
[2019.11.17-22.06.45:755][492]LogInit: FAudioDevice initialized.
[2019.11.17-22.06.45:786][492]LogLoad: Game class is 'DejaBrewGameMode'
[2019.11.17-22.06.45:789][492]LogWorld: Bringing World /Game/SideScrollerCPP/Maps/UEDPIE_0_SideScrollerExampleMap.SideScrollerExampleMap up for play (max tick rate 0) at 2019.11.18-09.06.45
[2019.11.17-22.06.45:790][492]LogWorld: Bringing up level for play took: 0.003228
[2019.11.17-22.06.45:834][492]PIE: Play in editor start time for /Game/SideScrollerCPP/Maps/UEDPIE_0_SideScrollerExampleMap 1.091
[2019.11.17-22.06.45:834][492]LogBlueprintUserMessages: Late PlayInEditor Detection: Level '/Game/SideScrollerCPP/Maps/SideScrollerExampleMap.SideScrollerExampleMap:PersistentLevel' has LevelScriptBlueprint '/Game/SideScrollerCPP/Maps/SideScrollerExampleMap.SideScrollerExampleMap:PersistentLevel.SideScrollerExampleMap' with GeneratedClass '/Game/SideScrollerCPP/Maps/SideScrollerExampleMap.SideScrollerExampleMap_C' with ClassGeneratedBy '/Game/SideScrollerCPP/Maps/SideScrollerExampleMap.SideScrollerExampleMap:PersistentLevel.SideScrollerExampleMap'
[2019.11.17-22.07.01:862][412]LogBlueprintUserMessages: Early EndPlayMap Detection: Level '/Game/SideScrollerCPP/Maps/SideScrollerExampleMap.SideScrollerExampleMap:PersistentLevel' has LevelScriptBlueprint '/Game/SideScrollerCPP/Maps/SideScrollerExampleMap.SideScrollerExampleMap:PersistentLevel.SideScrollerExampleMap' with GeneratedClass '/Game/SideScrollerCPP/Maps/SideScrollerExampleMap.SideScrollerExampleMap_C' with ClassGeneratedBy '/Game/SideScrollerCPP/Maps/SideScrollerExampleMap.SideScrollerExampleMap:PersistentLevel.SideScrollerExampleMap'
[2019.11.17-22.07.01:863][412]LogSlate: Updating window title bar state: overlay mode, drag disabled, window buttons hidden, title bar hidden
[2019.11.17-22.07.01:894][412]LogPlayLevel: Display: Shutting down PIE online subsystems
[2019.11.17-22.07.01:895][412]LogBlueprintUserMessages: Late EndPlayMap Detection: Level '/Game/SideScrollerCPP/Maps/SideScrollerExampleMap.SideScrollerExampleMap:PersistentLevel' has LevelScriptBlueprint '/Game/SideScrollerCPP/Maps/SideScrollerExampleMap.SideScrollerExampleMap:PersistentLevel.SideScrollerExampleMap' with GeneratedClass '/Game/SideScrollerCPP/Maps/SideScrollerExampleMap.SideScrollerExampleMap_C' with ClassGeneratedBy '/Game/SideScrollerCPP/Maps/SideScrollerExampleMap.SideScrollerExampleMap:PersistentLevel.SideScrollerExampleMap'
[2019.11.17-22.07.01:915][412]LogSlate: Updating window title bar state: overlay mode, drag disabled, window buttons hidden, title bar hidden
[2019.11.17-22.07.01:962][416]LogPlayLevel: Display: Destroying online subsystem :Context_5
[2019.11.17-22.07.02:914][530]LogSlate: FSceneViewport::OnFocusLost() reason 0
[2019.11.17-22.07.18:193][344]LogEditorViewport: Clicking on Actor (LMB): DejaBrewCharacter_BP_C (SideScrollerCharacter)
[2019.11.17-22.07.21:640][665]LogSlate: FSceneViewport::OnFocusLost() reason 0
[2019.11.17-22.07.22:769][776]LogSlate: Took 0.000202 seconds to synchronously load lazily loaded font '../../../Engine/Content/Slate/Fonts/Roboto-Italic.ttf' (157K)
[2019.11.17-22.08.03:520][351]LogTemp: Repeating last play command: Selected Viewport
[2019.11.17-22.08.03:547][351]LogBlueprintUserMessages: Early PlayInEditor Detection: Level '/Game/SideScrollerCPP/Maps/SideScrollerExampleMap.SideScrollerExampleMap:PersistentLevel' has LevelScriptBlueprint '/Game/SideScrollerCPP/Maps/SideScrollerExampleMap.SideScrollerExampleMap:PersistentLevel.SideScrollerExampleMap' with GeneratedClass '/Game/SideScrollerCPP/Maps/SideScrollerExampleMap.SideScrollerExampleMap_C' with ClassGeneratedBy '/Game/SideScrollerCPP/Maps/SideScrollerExampleMap.SideScrollerExampleMap:PersistentLevel.SideScrollerExampleMap'
[2019.11.17-22.08.03:547][351]LogPlayLevel: PlayLevel: No blueprints needed recompiling
[2019.11.17-22.08.03:547][351]PIE: New page: PIE session: SideScrollerExampleMap (Nov 18, 2019, 8:08:03 PM)
[2019.11.17-22.08.03:548][351]LogPlayLevel: Creating play world package: /Game/SideScrollerCPP/Maps/UEDPIE_0_SideScrollerExampleMap
[2019.11.17-22.08.03:560][351]LogPlayLevel: PIE: StaticDuplicateObject took: (0.012180s)
[2019.11.17-22.08.03:560][351]LogAIModule: Creating AISystem for world SideScrollerExampleMap
[2019.11.17-22.08.03:561][351]LogPlayLevel: PIE: World Init took: (0.000867s)
[2019.11.17-22.08.03:561][351]LogPlayLevel: PIE: Created PIE world by copying editor world from /Game/SideScrollerCPP/Maps/SideScrollerExampleMap.SideScrollerExampleMap to /Game/SideScrollerCPP/Maps/UEDPIE_0_SideScrollerExampleMap.SideScrollerExampleMap (0.013296s)
[2019.11.17-22.08.03:618][351]LogInit: XAudio2 using 'Realtek Digital Output (Realtek High Definition Audio)' : 2 channels at 48 kHz using 32 bits per sample (channel mask 0x3)
[2019.11.17-22.08.03:623][351]LogInit: FAudioDevice initialized.
[2019.11.17-22.08.03:656][351]LogLoad: Game class is 'DejaBrewGameMode'
[2019.11.17-22.08.03:659][351]LogWorld: Bringing World /Game/SideScrollerCPP/Maps/UEDPIE_0_SideScrollerExampleMap.SideScrollerExampleMap up for play (max tick rate 0) at 2019.11.18-09.08.03
[2019.11.17-22.08.03:659][351]LogWorld: Bringing up level for play took: 0.002444
[2019.11.17-22.08.03:714][351]PIE: Play in editor start time for /Game/SideScrollerCPP/Maps/UEDPIE_0_SideScrollerExampleMap 0.971
[2019.11.17-22.08.03:715][351]LogBlueprintUserMessages: Late PlayInEditor Detection: Level '/Game/SideScrollerCPP/Maps/SideScrollerExampleMap.SideScrollerExampleMap:PersistentLevel' has LevelScriptBlueprint '/Game/SideScrollerCPP/Maps/SideScrollerExampleMap.SideScrollerExampleMap:PersistentLevel.SideScrollerExampleMap' with GeneratedClass '/Game/SideScrollerCPP/Maps/SideScrollerExampleMap.SideScrollerExampleMap_C' with ClassGeneratedBy '/Game/SideScrollerCPP/Maps/SideScrollerExampleMap.SideScrollerExampleMap:PersistentLevel.SideScrollerExampleMap'
[2019.11.17-22.08.25:171][923]LogBlueprintUserMessages: Early EndPlayMap Detection: Level '/Game/SideScrollerCPP/Maps/SideScrollerExampleMap.SideScrollerExampleMap:PersistentLevel' has LevelScriptBlueprint '/Game/SideScrollerCPP/Maps/SideScrollerExampleMap.SideScrollerExampleMap:PersistentLevel.SideScrollerExampleMap' with GeneratedClass '/Game/SideScrollerCPP/Maps/SideScrollerExampleMap.SideScrollerExampleMap_C' with ClassGeneratedBy '/Game/SideScrollerCPP/Maps/SideScrollerExampleMap.SideScrollerExampleMap:PersistentLevel.SideScrollerExampleMap'
[2019.11.17-22.08.25:171][923]LogSlate: Updating window title bar state: overlay mode, drag disabled, window buttons hidden, title bar hidden
[2019.11.17-22.08.25:203][923]LogPlayLevel: Display: Shutting down PIE online subsystems
[2019.11.17-22.08.25:204][923]LogBlueprintUserMessages: Late EndPlayMap Detection: Level '/Game/SideScrollerCPP/Maps/SideScrollerExampleMap.SideScrollerExampleMap:PersistentLevel' has LevelScriptBlueprint '/Game/SideScrollerCPP/Maps/SideScrollerExampleMap.SideScrollerExampleMap:PersistentLevel.SideScrollerExampleMap' with GeneratedClass '/Game/SideScrollerCPP/Maps/SideScrollerExampleMap.SideScrollerExampleMap_C' with ClassGeneratedBy '/Game/SideScrollerCPP/Maps/SideScrollerExampleMap.SideScrollerExampleMap:PersistentLevel.SideScrollerExampleMap'
[2019.11.17-22.08.25:223][923]LogSlate: Updating window title bar state: overlay mode, drag disabled, window buttons hidden, title bar hidden
[2019.11.17-22.08.25:278][928]LogPlayLevel: Display: Destroying online subsystem :Context_8
[2019.11.17-22.08.26:855][117]LogSlate: FSceneViewport::OnFocusLost() reason 0
[2019.11.17-22.09.13:394][696]LogAssetEditorManager: Opening Asset editor for Class /Script/DejaBrew.DejaBrewCharacter
[2019.11.17-22.09.56:094][437]LogTemp: Repeating last play command: Selected Viewport
[2019.11.17-22.09.56:115][437]LogBlueprintUserMessages: Early PlayInEditor Detection: Level '/Game/SideScrollerCPP/Maps/SideScrollerExampleMap.SideScrollerExampleMap:PersistentLevel' has LevelScriptBlueprint '/Game/SideScrollerCPP/Maps/SideScrollerExampleMap.SideScrollerExampleMap:PersistentLevel.SideScrollerExampleMap' with GeneratedClass '/Game/SideScrollerCPP/Maps/SideScrollerExampleMap.SideScrollerExampleMap_C' with ClassGeneratedBy '/Game/SideScrollerCPP/Maps/SideScrollerExampleMap.SideScrollerExampleMap:PersistentLevel.SideScrollerExampleMap'
[2019.11.17-22.09.56:115][437]LogPlayLevel: PlayLevel: No blueprints needed recompiling
[2019.11.17-22.09.56:115][437]PIE: New page: PIE session: SideScrollerExampleMap (Nov 18, 2019, 8:09:56 PM)
[2019.11.17-22.09.56:115][437]LogPlayLevel: Creating play world package: /Game/SideScrollerCPP/Maps/UEDPIE_0_SideScrollerExampleMap
[2019.11.17-22.09.56:127][437]LogPlayLevel: PIE: StaticDuplicateObject took: (0.011812s)
[2019.11.17-22.09.56:128][437]LogAIModule: Creating AISystem for world SideScrollerExampleMap
[2019.11.17-22.09.56:128][437]LogPlayLevel: PIE: World Init took: (0.000791s)
[2019.11.17-22.09.56:128][437]LogPlayLevel: PIE: Created PIE world by copying editor world from /Game/SideScrollerCPP/Maps/SideScrollerExampleMap.SideScrollerExampleMap to /Game/SideScrollerCPP/Maps/UEDPIE_0_SideScrollerExampleMap.SideScrollerExampleMap (0.012776s)
[2019.11.17-22.09.56:154][437]LogInit: XAudio2 using 'Realtek Digital Output (Realtek High Definition Audio)' : 2 channels at 48 kHz using 32 bits per sample (channel mask 0x3)
[2019.11.17-22.09.56:159][437]LogInit: FAudioDevice initialized.
[2019.11.17-22.09.56:190][437]LogLoad: Game class is 'DejaBrewGameMode'
[2019.11.17-22.09.56:193][437]LogWorld: Bringing World /Game/SideScrollerCPP/Maps/UEDPIE_0_SideScrollerExampleMap.SideScrollerExampleMap up for play (max tick rate 0) at 2019.11.18-09.09.56
[2019.11.17-22.09.56:194][437]LogWorld: Bringing up level for play took: 0.002994
[2019.11.17-22.09.56:232][437]PIE: Play in editor start time for /Game/SideScrollerCPP/Maps/UEDPIE_0_SideScrollerExampleMap -0.508
[2019.11.17-22.09.56:232][437]LogBlueprintUserMessages: Late PlayInEditor Detection: Level '/Game/SideScrollerCPP/Maps/SideScrollerExampleMap.SideScrollerExampleMap:PersistentLevel' has LevelScriptBlueprint '/Game/SideScrollerCPP/Maps/SideScrollerExampleMap.SideScrollerExampleMap:PersistentLevel.SideScrollerExampleMap' with GeneratedClass '/Game/SideScrollerCPP/Maps/SideScrollerExampleMap.SideScrollerExampleMap_C' with ClassGeneratedBy '/Game/SideScrollerCPP/Maps/SideScrollerExampleMap.SideScrollerExampleMap:PersistentLevel.SideScrollerExampleMap'
[2019.11.17-22.10.08:328][877]LogBlueprintUserMessages: Early EndPlayMap Detection: Level '/Game/SideScrollerCPP/Maps/SideScrollerExampleMap.SideScrollerExampleMap:PersistentLevel' has LevelScriptBlueprint '/Game/SideScrollerCPP/Maps/SideScrollerExampleMap.SideScrollerExampleMap:PersistentLevel.SideScrollerExampleMap' with GeneratedClass '/Game/SideScrollerCPP/Maps/SideScrollerExampleMap.SideScrollerExampleMap_C' with ClassGeneratedBy '/Game/SideScrollerCPP/Maps/SideScrollerExampleMap.SideScrollerExampleMap:PersistentLevel.SideScrollerExampleMap'
[2019.11.17-22.10.08:328][877]LogSlate: Updating window title bar state: overlay mode, drag disabled, window buttons hidden, title bar hidden
[2019.11.17-22.10.08:364][877]LogPlayLevel: Display: Shutting down PIE online subsystems
[2019.11.17-22.10.08:364][877]LogBlueprintUserMessages: Late EndPlayMap Detection: Level '/Game/SideScrollerCPP/Maps/SideScrollerExampleMap.SideScrollerExampleMap:PersistentLevel' has LevelScriptBlueprint '/Game/SideScrollerCPP/Maps/SideScrollerExampleMap.SideScrollerExampleMap:PersistentLevel.SideScrollerExampleMap' with GeneratedClass '/Game/SideScrollerCPP/Maps/SideScrollerExampleMap.SideScrollerExampleMap_C' with ClassGeneratedBy '/Game/SideScrollerCPP/Maps/SideScrollerExampleMap.SideScrollerExampleMap:PersistentLevel.SideScrollerExampleMap'
[2019.11.17-22.10.08:384][877]LogSlate: Updating window title bar state: overlay mode, drag disabled, window buttons hidden, title bar hidden
[2019.11.17-22.10.08:436][882]LogPlayLevel: Display: Destroying online subsystem :Context_9
[2019.11.17-22.10.10:045][ 75]LogSlate: FSceneViewport::OnFocusLost() reason 0
[2019.11.17-22.10.16:151][698]LogSlate: Window 'Save Content' being destroyed
[2019.11.17-22.10.16:281][698]LogSlate: Window 'DejaBrew - Unreal Editor' being destroyed
[2019.11.17-22.10.16:476][699]Cmd: QUIT_EDITOR
[2019.11.17-22.10.16:596][699]LogWindowsTextInputMethodSystem: Display: IME system now deactivated.
[2019.11.17-22.10.16:609][699]LogExit: Preparing to exit.
[2019.11.17-22.10.17:358][699]LogExit: Editor shut down
[2019.11.17-22.10.17:359][699]LogExit: Transaction tracking system shut down
[2019.11.17-22.10.18:058][699]LogExit: Object subsystem successfully closed.
[2019.11.17-22.10.18:071][699]LogShaderCompilers: Display: Shaders left to compile 0
[2019.11.17-22.10.18:074][699]LogD3D11RHI: Shutdown
[2019.11.17-22.10.18:074][699]LogD3D11RHI: CleanupD3DDevice
[2019.11.17-22.10.18:076][699]LogD3D11RHI: ~FD3D11DynamicRHI
[2019.11.17-22.10.18:102][699]LogModuleManager: Shutting down and abandoning module MovieSceneCapture (616)
[2019.11.17-22.10.18:102][699]LogModuleManager: Shutting down and abandoning module Voice (614)
[2019.11.17-22.10.18:102][699]LogModuleManager: Shutting down and abandoning module HierarchicalLODOutliner (612)
[2019.11.17-22.10.18:102][699]LogModuleManager: Shutting down and abandoning module SceneOutliner (610)
[2019.11.17-22.10.18:102][699]LogModuleManager: Shutting down and abandoning module AddContentDialog (608)
[2019.11.17-22.10.18:105][699]LogModuleManager: Shutting down and abandoning module WidgetCarousel (607)
[2019.11.17-22.10.18:105][699]LogModuleManager: Shutting down and abandoning module EditorWidgets (604)
[2019.11.17-22.10.18:105][699]LogModuleManager: Shutting down and abandoning module CollectionManager (602)
[2019.11.17-22.10.18:106][699]LogModuleManager: Shutting down and abandoning module StatsViewer (600)
[2019.11.17-22.10.18:106][699]LogModuleManager: Shutting down and abandoning module FoliageEdit (598)
[2019.11.17-22.10.18:106][699]LogModuleManager: Shutting down and abandoning module LandscapeEditor (596)
[2019.11.17-22.10.18:107][699]LogModuleManager: Shutting down and abandoning module MeshPaintMode (594)
[2019.11.17-22.10.18:107][699]LogModuleManager: Shutting down and abandoning module SceneDepthPickerMode (592)
[2019.11.17-22.10.18:107][699]LogModuleManager: Shutting down and abandoning module ActorPickerMode (590)
[2019.11.17-22.10.18:107][699]LogModuleManager: Shutting down and abandoning module GeometryMode (588)
[2019.11.17-22.10.18:107][699]LogModuleManager: Shutting down and abandoning module TextureAlignMode (586)
[2019.11.17-22.10.18:107][699]LogModuleManager: Shutting down and abandoning module BspMode (584)
[2019.11.17-22.10.18:107][699]LogModuleManager: Shutting down and abandoning module PIEPreviewDeviceProfileSelector (582)
[2019.11.17-22.10.18:107][699]LogModuleManager: Shutting down and abandoning module SequenceRecorderSections (580)
[2019.11.17-22.10.18:107][699]LogModuleManager: Shutting down and abandoning module AutomationWorker (578)
[2019.11.17-22.10.18:107][699]LogModuleManager: Shutting down and abandoning module AudioCaptureEditor (576)
[2019.11.17-22.10.18:107][699]LogModuleManager: Shutting down and abandoning module SequenceRecorder (575)
[2019.11.17-22.10.18:107][699]LogModuleManager: Shutting down and abandoning module MatineeToLevelSequence (572)
[2019.11.17-22.10.18:107][699]LogModuleManager: Shutting down and abandoning module LevelSequenceEditor (570)
[2019.11.17-22.10.18:108][699]LogModuleManager: Shutting down and abandoning module PlacementMode (569)
[2019.11.17-22.10.18:108][699]LogModuleManager: Shutting down and abandoning module MaterialEditor (568)
[2019.11.17-22.10.18:110][699]LogModuleManager: Shutting down and abandoning module WmfMediaFactory (564)
[2019.11.17-22.10.18:110][699]LogModuleManager: Shutting down and abandoning module WmfMediaEditor (562)
[2019.11.17-22.10.18:110][699]LogModuleManager: Shutting down and abandoning module MediaPlayerEditor (560)
[2019.11.17-22.10.18:110][699]LogModuleManager: Shutting down and abandoning module OpenExrWrapper (558)
[2019.11.17-22.10.18:110][699]LogModuleManager: Shutting down and abandoning module ImgMediaFactory (556)
[2019.11.17-22.10.18:110][699]LogModuleManager: Shutting down and abandoning module ImgMediaEditor (554)
[2019.11.17-22.10.18:110][699]LogModuleManager: Shutting down and abandoning module AvfMediaFactory (552)
[2019.11.17-22.10.18:110][699]LogModuleManager: Shutting down and abandoning module AvfMediaEditor (550)
[2019.11.17-22.10.18:110][699]LogModuleManager: Shutting down and abandoning module AndroidMediaFactory (548)
[2019.11.17-22.10.18:110][699]LogModuleManager: Shutting down and abandoning module AndroidMediaEditor (546)
[2019.11.17-22.10.18:110][699]LogModuleManager: Shutting down and abandoning module MagicLeapCameraPreviewFactory (544)
[2019.11.17-22.10.18:110][699]LogModuleManager: Shutting down and abandoning module MagicLeapMediaFactory (542)
[2019.11.17-22.10.18:110][699]LogModuleManager: Shutting down and abandoning module MagicLeapMediaEditor (540)
[2019.11.17-22.10.18:110][699]LogModuleManager: Shutting down and abandoning module CharacterAI (538)
[2019.11.17-22.10.18:110][699]LogModuleManager: Shutting down and abandoning module SmartSnapping (536)
[2019.11.17-22.10.18:110][699]LogModuleManager: Shutting down and abandoning module SessionServices (534)
[2019.11.17-22.10.18:110][699]LogModuleManager: Shutting down and abandoning module ViewportSnapping (532)
[2019.11.17-22.10.18:110][699]LogModuleManager: Shutting down and abandoning module ViewportInteraction (530)
[2019.11.17-22.10.18:110][699]LogModuleManager: Shutting down and abandoning module ClothPainter (528)
[2019.11.17-22.10.18:111][699]LogModuleManager: Shutting down and abandoning module SkeletalMeshEditor (527)
[2019.11.17-22.10.18:112][699]LogModuleManager: Shutting down and abandoning module LogVisualizer (524)
[2019.11.17-22.10.18:112][699]LogModuleManager: Shutting down and abandoning module IntroTutorials (522)
[2019.11.17-22.10.18:112][699]LogModuleManager: Shutting down and abandoning module GameProjectGeneration (521)
[2019.11.17-22.10.18:112][699]LogModuleManager: Shutting down and abandoning module LuminPlatformEditor (518)
[2019.11.17-22.10.18:112][699]LogModuleManager: Shutting down and abandoning module IOSPlatformEditor (516)
[2019.11.17-22.10.18:112][699]LogModuleManager: Shutting down and abandoning module HTML5PlatformEditor (514)
[2019.11.17-22.10.18:112][699]LogModuleManager: Shutting down and abandoning module AndroidPlatformEditor (512)
[2019.11.17-22.10.18:112][699]LogModuleManager: Shutting down and abandoning module AndroidDeviceDetection (511)
[2019.11.17-22.10.19:496][699]LogModuleManager: Shutting down and abandoning module WindowsPlatformEditor (508)
[2019.11.17-22.10.19:496][699]LogModuleManager: Shutting down and abandoning module LuminRuntimeSettings (506)
[2019.11.17-22.10.19:496][699]LogModuleManager: Shutting down and abandoning module IOSRuntimeSettings (504)
[2019.11.17-22.10.19:496][699]LogModuleManager: Shutting down and abandoning module AndroidRuntimeSettings (502)
[2019.11.17-22.10.19:496][699]LogModuleManager: Shutting down and abandoning module InputBindingEditor (500)
[2019.11.17-22.10.19:497][699]LogModuleManager: Shutting down and abandoning module MergeActors (498)
[2019.11.17-22.10.19:497][699]LogModuleManager: Shutting down and abandoning module LocalizationDashboard (496)
[2019.11.17-22.10.19:497][699]LogModuleManager: Shutting down and abandoning module LocalizationService (495)
[2019.11.17-22.10.19:497][699]LogModuleManager: Shutting down and abandoning module HardwareTargeting (492)
[2019.11.17-22.10.19:497][699]LogModuleManager: Shutting down and abandoning module DeviceProfileEditor (490)
[2019.11.17-22.10.19:497][699]LogModuleManager: Shutting down and abandoning module UndoHistory (488)
[2019.11.17-22.10.19:497][699]LogModuleManager: Shutting down and abandoning module XmlParser (486)
[2019.11.17-22.10.19:497][699]LogModuleManager: Shutting down and abandoning module Blutility (484)
[2019.11.17-22.10.19:497][699]LogModuleManager: Shutting down and abandoning module ProjectSettingsViewer (482)
[2019.11.17-22.10.19:497][699]LogModuleManager: Shutting down and abandoning module ProjectTargetPlatformEditor (481)
[2019.11.17-22.10.19:498][699]LogModuleManager: Shutting down and abandoning module EditorSettingsViewer (478)
[2019.11.17-22.10.19:498][699]LogModuleManager: Shutting down and abandoning module SettingsEditor (476)
[2019.11.17-22.10.19:498][699]LogModuleManager: Shutting down and abandoning module ProjectLauncher (474)
[2019.11.17-22.10.19:498][699]LogModuleManager: Shutting down and abandoning module SessionFrontend (472)
[2019.11.17-22.10.19:498][699]LogModuleManager: Shutting down and abandoning module ProfilerClient (470)
[2019.11.17-22.10.19:499][699]LogModuleManager: Shutting down and abandoning module DeviceManager (468)
[2019.11.17-22.10.19:499][699]LogModuleManager: Shutting down and abandoning module TargetDeviceServices (467)
[2019.11.17-22.10.19:554][699]LogModuleManager: Shutting down and abandoning module AutomationController (464)
[2019.11.17-22.10.19:554][699]LogModuleManager: Shutting down and abandoning module AutomationWindow (462)
[2019.11.17-22.10.19:564][699]LogModuleManager: Shutting down and abandoning module Layers (460)
[2019.11.17-22.10.19:566][699]LogModuleManager: Shutting down and abandoning module ComponentVisualizers (458)
[2019.11.17-22.10.19:566][699]LogModuleManager: Shutting down and abandoning module DetailCustomizations (456)
[2019.11.17-22.10.19:566][699]LogModuleManager: Shutting down and abandoning module PackagesDialog (454)
[2019.11.17-22.10.19:566][699]LogModuleManager: Shutting down and abandoning module Persona (452)
[2019.11.17-22.10.19:567][699]LogModuleManager: Shutting down and abandoning module AdvancedPreviewScene (451)
[2019.11.17-22.10.19:567][699]LogModuleManager: Shutting down and abandoning module AnimGraph (449)
[2019.11.17-22.10.19:567][699]LogModuleManager: Shutting down and abandoning module Kismet (446)
[2019.11.17-22.10.19:568][699]LogModuleManager: Shutting down and abandoning module GraphEditor (444)
[2019.11.17-22.10.19:568][699]LogModuleManager: Shutting down and abandoning module ClassViewer (442)
[2019.11.17-22.10.19:568][699]LogModuleManager: Shutting down and abandoning module Toolbox (440)
[2019.11.17-22.10.19:568][699]LogModuleManager: Shutting down and abandoning module ModuleUI (438)
[2019.11.17-22.10.19:568][699]LogModuleManager: Shutting down and abandoning module MovieSceneTools (436)
[2019.11.17-22.10.19:568][699]LogModuleManager: Shutting down and abandoning module OutputLog (434)
[2019.11.17-22.10.19:568][699]LogModuleManager: Shutting down and abandoning module GammaUI (432)
[2019.11.17-22.10.19:569][699]LogModuleManager: Shutting down and abandoning module Documentation (430)
[2019.11.17-22.10.19:569][699]LogModuleManager: Shutting down and abandoning module MovieSceneTracks (428)
[2019.11.17-22.10.19:569][699]LogModuleManager: Shutting down and abandoning module MovieScene (426)
[2019.11.17-22.10.19:569][699]LogModuleManager: Shutting down and abandoning module StreamingPauseRendering (424)
[2019.11.17-22.10.19:569][699]LogModuleManager: Shutting down and abandoning module LauncherPlatform (422)
[2019.11.17-22.10.19:569][699]LogModuleManager: Shutting down and abandoning module AnalyticsET (420)
[2019.11.17-22.10.19:569][699]LogModuleManager: Shutting down and abandoning module PortalServices (418)
[2019.11.17-22.10.19:569][699]LogModuleManager: Shutting down and abandoning module PortalRpc (416)
[2019.11.17-22.10.19:569][699]LogModuleManager: Shutting down and abandoning module MessagingRpc (414)
[2019.11.17-22.10.19:569][699]LogModuleManager: Shutting down and abandoning module AIModule (412)
[2019.11.17-22.10.19:569][699]LogModuleManager: Shutting down and abandoning module GameplayDebugger (411)
[2019.11.17-22.10.19:569][699]LogModuleManager: Shutting down and abandoning module AITestSuite (409)
[2019.11.17-22.10.19:569][699]LogModuleManager: Shutting down and abandoning module NavigationSystem (407)
[2019.11.17-22.10.19:569][699]LogModuleManager: Shutting down and abandoning module ProfilerService (404)
[2019.11.17-22.10.19:645][699]LogModuleManager: Shutting down and abandoning module TaskGraph (402)
[2019.11.17-22.10.19:645][699]LogModuleManager: Shutting down and abandoning module SteamVRController (400)
[2019.11.17-22.10.19:645][699]LogModuleManager: Shutting down and abandoning module ProceduralMeshComponentEditor (398)
[2019.11.17-22.10.19:645][699]LogModuleManager: Shutting down and abandoning module ProceduralMeshComponent (396)
[2019.11.17-22.10.19:645][699]LogModuleManager: Shutting down and abandoning module OculusInput (394)
[2019.11.17-22.10.19:645][699]LogModuleManager: Shutting down and abandoning module MobilePatchingUtils (392)
[2019.11.17-22.10.19:645][699]LogModuleManager: Shutting down and abandoning module EditableMesh (390)
[2019.11.17-22.10.19:646][699]LogModuleManager: Shutting down and abandoning module CustomMeshComponent (388)
[2019.11.17-22.10.19:646][699]LogModuleManager: Shutting down and abandoning module CableComponent (386)
[2019.11.17-22.10.19:646][699]LogModuleManager: Shutting down and abandoning module AudioCapture (384)
[2019.11.17-22.10.19:646][699]LogModuleManager: Shutting down and abandoning module ArchVisCharacter (382)
[2019.11.17-22.10.19:646][699]LogModuleManager: Shutting down and abandoning module AndroidPermission (380)
[2019.11.17-22.10.19:646][699]LogModuleManager: Shutting down and abandoning module NUTUnrealEngine4 (378)
[2019.11.17-22.10.19:646][699]LogModuleManager: Shutting down and abandoning module NetcodeUnitTest (376)
[2019.11.17-22.10.19:647][699]LogModuleManager: Shutting down and abandoning module MediaCompositingEditor (374)
[2019.11.17-22.10.19:647][699]LogModuleManager: Shutting down and abandoning module MediaCompositing (372)
[2019.11.17-22.10.19:647][699]LogModuleManager: Shutting down and abandoning module LinearTimecode (370)
[2019.11.17-22.10.19:647][699]LogModuleManager: Shutting down and abandoning module ImgMedia (368)
[2019.11.17-22.10.19:650][699]LogModuleManager: Shutting down and abandoning module HTML5Networking (366)
[2019.11.17-22.10.19:650][699]LogModuleManager: Shutting down and abandoning module GeometryCacheTracks (364)
[2019.11.17-22.10.19:650][699]LogModuleManager: Shutting down and abandoning module GeometryCacheSequencer (362)
[2019.11.17-22.10.19:650][699]LogModuleManager: Shutting down and abandoning module BackChannel (360)
[2019.11.17-22.10.19:650][699]LogModuleManager: Shutting down and abandoning module AppleVision (358)
[2019.11.17-22.10.19:650][699]LogModuleManager: Shutting down and abandoning module AppleImageUtils (356)
[2019.11.17-22.10.19:650][699]LogModuleManager: Shutting down and abandoning module AlembicImporter (354)
[2019.11.17-22.10.19:650][699]LogModuleManager: Shutting down and abandoning module AlembicLibrary (353)
[2019.11.17-22.10.19:650][699]LogModuleManager: Shutting down and abandoning module GeometryCache (352)
[2019.11.17-22.10.19:650][699]LogModuleManager: Shutting down and abandoning module GeometryCacheEd (351)
[2019.11.17-22.10.19:650][699]LogModuleManager: Shutting down and abandoning module DatasmithContentEditor (346)
[2019.11.17-22.10.19:650][699]LogModuleManager: Shutting down and abandoning module DatasmithContent (344)
[2019.11.17-22.10.19:651][699]LogModuleManager: Shutting down and abandoning module SpeedTreeImporter (342)
[2019.11.17-22.10.19:651][699]LogModuleManager: Shutting down and abandoning module PluginBrowser (340)
[2019.11.17-22.10.19:651][699]LogModuleManager: Shutting down and abandoning module MobileLauncherProfileWizard (338)
[2019.11.17-22.10.19:651][699]LogModuleManager: Shutting down and abandoning module PolygonModeling (336)
[2019.11.17-22.10.19:651][699]LogModuleManager: Shutting down and abandoning module MeshEditor (334)
[2019.11.17-22.10.19:651][699]LogModuleManager: Shutting down and abandoning module CryptoKeysOpenSSL (332)
[2019.11.17-22.10.19:651][699]LogModuleManager: Shutting down and abandoning module CryptoKeys (330)
[2019.11.17-22.10.19:651][699]LogModuleManager: Shutting down and abandoning module VisualStudioSourceCodeAccess (328)
[2019.11.17-22.10.19:651][699]LogModuleManager: Shutting down and abandoning module VisualStudioCodeSourceCodeAccess (326)
[2019.11.17-22.10.19:651][699]LogModuleManager: Shutting down and abandoning module UObjectPlugin (324)
[2019.11.17-22.10.19:651][699]LogModuleManager: Shutting down and abandoning module SubversionSourceControl (322)
[2019.11.17-22.10.19:651][699]LogModuleManager: Shutting down and abandoning module PerforceSourceControl (320)
[2019.11.17-22.10.19:652][699]LogModuleManager: Shutting down and abandoning module GitSourceControl (318)
[2019.11.17-22.10.19:652][699]LogModuleManager: Shutting down and abandoning module SourceControl (317)
[2019.11.17-22.10.19:652][699]LogModuleManager: Shutting down and abandoning module CLionSourceCodeAccess (314)
[2019.11.17-22.10.19:652][699]LogModuleManager: Shutting down and abandoning module LightPropagationVolumeEditor (312)
[2019.11.17-22.10.19:652][699]LogModuleManager: Shutting down and abandoning module PaperTiledImporter (310)
[2019.11.17-22.10.19:652][699]LogModuleManager: Shutting down and abandoning module PaperSpriteSheetImporter (308)
[2019.11.17-22.10.19:652][699]LogModuleManager: Shutting down and abandoning module Paper2DEditor (306)
[2019.11.17-22.10.19:652][699]LogModuleManager: Shutting down and abandoning module MeshPaint (305)
[2019.11.17-22.10.19:652][699]LogModuleManager: Shutting down and abandoning module DejaBrew (302)
[2019.11.17-22.10.19:652][699]LogModuleManager: Shutting down and abandoning module RuntimePhysXCooking (300)
[2019.11.17-22.10.19:652][699]LogModuleManager: Shutting down and abandoning module PhysXVehiclesEditor (298)
[2019.11.17-22.10.19:652][699]LogModuleManager: Shutting down and abandoning module PhysXVehicles (296)
[2019.11.17-22.10.19:652][699]LogModuleManager: Shutting down and abandoning module OculusEditor (294)
[2019.11.17-22.10.19:652][699]LogModuleManager: Shutting down and abandoning module LocationServicesBPLibrary (292)
[2019.11.17-22.10.19:652][699]LogModuleManager: Shutting down and abandoning module ImmediatePhysicsEditor (290)
[2019.11.17-22.10.19:652][699]LogModuleManager: Shutting down and abandoning module ImmediatePhysics (288)
[2019.11.17-22.10.19:652][699]LogModuleManager: Shutting down and abandoning module ActorSequence (286)
[2019.11.17-22.10.19:653][699]LogModuleManager: Shutting down and abandoning module UdpMessaging (284)
[2019.11.17-22.10.19:754][699]LogModuleManager: Shutting down and abandoning module TcpMessaging (282)
[2019.11.17-22.10.19:855][699]LogModuleManager: Shutting down and abandoning module MagicLeapAudio (280)
[2019.11.17-22.10.19:855][699]LogModuleManager: Shutting down and abandoning module GameplayTagsEditor (278)
[2019.11.17-22.10.19:857][699]LogModuleManager: Shutting down and abandoning module FacialAnimationEditor (276)
[2019.11.17-22.10.19:857][699]LogModuleManager: Shutting down and abandoning module FacialAnimation (274)
[2019.11.17-22.10.19:857][699]LogModuleManager: Shutting down and abandoning module DataValidation (272)
[2019.11.17-22.10.19:857][699]LogModuleManager: Shutting down and abandoning module AssetManagerEditor (270)
[2019.11.17-22.10.19:858][699]LogModuleManager: Shutting down and abandoning module LevelEditor (269)
[2019.11.17-22.10.19:858][699]LogModuleManager: Shutting down and abandoning module PixelInspectorModule (268)
[2019.11.17-22.10.19:858][699]LogModuleManager: Shutting down and abandoning module CommonMenuExtensions (266)
[2019.11.17-22.10.19:858][699]LogModuleManager: Shutting down and abandoning module MainFrame (264)
[2019.11.17-22.10.19:858][699]LogModuleManager: Shutting down and abandoning module HotReload (263)
[2019.11.17-22.10.19:859][699]LogModuleManager: Shutting down and abandoning module ContentBrowser (259)
[2019.11.17-22.10.19:859][699]LogModuleManager: Shutting down and abandoning module TreeMap (257)
[2019.11.17-22.10.19:859][699]LogModuleManager: Shutting down and abandoning module LightPropagationVolumeRuntime (254)
[2019.11.17-22.10.19:859][699]LogModuleManager: Shutting down and abandoning module AISupportModule (252)
[2019.11.17-22.10.19:859][699]LogModuleManager: Shutting down and abandoning module Paper2D (250)
[2019.11.17-22.10.19:859][699]LogModuleManager: Shutting down and abandoning module WindowsMoviePlayer (248)
[2019.11.17-22.10.19:859][699]LogModuleManager: Shutting down and abandoning module WmfMedia (246)
[2019.11.17-22.10.19:860][699]LogModuleManager: Shutting down and abandoning module Media (245)
[2019.11.17-22.10.19:866][699]LogModuleManager: Shutting down and abandoning module PacketHandler (242)
[2019.11.17-22.10.19:866][699]LogModuleManager: Shutting down and abandoning module ClothingSystemEditor (240)
[2019.11.17-22.10.19:866][699]LogModuleManager: Shutting down and abandoning module ClothingSystemRuntime (238)
[2019.11.17-22.10.19:867][699]LogModuleManager: Shutting down and abandoning module MediaAssets (236)
[2019.11.17-22.10.19:867][699]LogModuleManager: Shutting down and abandoning module Overlay (234)
[2019.11.17-22.10.19:867][699]LogModuleManager: Shutting down and abandoning module OverlayEditor (233)
[2019.11.17-22.10.19:867][699]LogModuleManager: Shutting down and abandoning module VREditor (230)
[2019.11.17-22.10.19:867][699]LogModuleManager: Shutting down and abandoning module StringTableEditor (228)
[2019.11.17-22.10.19:867][699]LogModuleManager: Shutting down and abandoning module GameplayTasksEditor (226)
[2019.11.17-22.10.19:867][699]LogModuleManager: Shutting down and abandoning module BehaviorTreeEditor (224)
[2019.11.17-22.10.19:868][699]LogModuleManager: Shutting down and abandoning module FunctionalTesting (222)
[2019.11.17-22.10.19:868][699]LogModuleManager: Shutting down and abandoning module CollisionAnalyzer (220)
[2019.11.17-22.10.19:868][699]LogModuleManager: Shutting down and abandoning module WorkspaceMenuStructure (219)
[2019.11.17-22.10.19:868][699]LogModuleManager: Shutting down and abandoning module UMG (216)
[2019.11.17-22.10.19:868][699]LogModuleManager: Shutting down and abandoning module UMGEditor (215)
[2019.11.17-22.10.19:868][699]LogModuleManager: Shutting down and abandoning module Sequencer (214)
[2019.11.17-22.10.19:869][699]LogModuleManager: Shutting down and abandoning module MessageLog (211)
[2019.11.17-22.10.19:869][699]LogModuleManager: Shutting down and abandoning module SlateReflector (206)
[2019.11.17-22.10.19:870][699]LogModuleManager: Shutting down and abandoning module Slate (204)
[2019.11.17-22.10.19:870][699]LogModuleManager: Shutting down and abandoning module EditorStyle (202)
[2019.11.17-22.10.19:872][699]LogModuleManager: Shutting down and abandoning module MRMesh (200)
[2019.11.17-22.10.19:872][699]LogModuleManager: Shutting down and abandoning module SourceCodeAccess (198)
[2019.11.17-22.10.19:872][699]LogModuleManager: Shutting down and abandoning module HeadMountedDisplay (196)
[2019.11.17-22.10.19:872][699]LogModuleManager: Shutting down and abandoning module XAudio2 (194)
[2019.11.17-22.10.19:872][699]LogModuleManager: Shutting down and abandoning module Networking (192)
[2019.11.17-22.10.19:872][699]LogModuleManager: Shutting down and abandoning module Core (190)
[2019.11.17-22.10.19:872][699]LogModuleManager: Shutting down and abandoning module LevelSequence (188)
[2019.11.17-22.10.19:872][699]LogModuleManager: Shutting down and abandoning module KismetCompiler (186)
[2019.11.17-22.10.19:872][699]LogModuleManager: Shutting down and abandoning module MeshUtilities (184)
[2019.11.17-22.10.19:872][699]LogModuleManager: Shutting down and abandoning module MeshMergeUtilities (183)
[2019.11.17-22.10.19:872][699]LogModuleManager: Shutting down and abandoning module MeshReductionInterface (182)
[2019.11.17-22.10.19:872][699]LogModuleManager: Shutting down and abandoning module SimplygonSwarm (181)
[2019.11.17-22.10.19:872][699]LogModuleManager: Shutting down and abandoning module ProxyLODMeshReduction (179)
[2019.11.17-22.10.19:873][699]LogModuleManager: Shutting down and abandoning module SimplygonMeshReduction (177)
[2019.11.17-22.10.19:873][699]LogModuleManager: Shutting down and abandoning module QuadricMeshReduction (175)
[2019.11.17-22.10.19:874][699]LogModuleManager: Shutting down and abandoning module MaterialBaking (171)
[2019.11.17-22.10.19:874][699]LogModuleManager: Shutting down and abandoning module DirectoryWatcher (167)
[2019.11.17-22.10.19:874][699]LogModuleManager: Shutting down and abandoning module DerivedDataCache (164)
[2019.11.17-22.10.19:893][699]LogDerivedDataCache: Shutdown
[2019.11.17-22.10.19:893][699]LogModuleManager: Shutting down and abandoning module XGEController (162)
[2019.11.17-22.10.19:893][699]LogXGEController: Cleaning working directory: C:/Users/s191273/AppData/Local/Temp/UnrealXGEWorkingDir/
[2019.11.17-22.10.19:893][699]LogModuleManager: Shutting down and abandoning module TargetPlatform (160)
[2019.11.17-22.10.19:893][699]LogModuleManager: Shutting down and abandoning module VulkanShaderFormat (159)
[2019.11.17-22.10.19:893][699]LogModuleManager: Shutting down and abandoning module ShaderFormatVectorVM (157)
[2019.11.17-22.10.19:893][699]LogModuleManager: Shutting down and abandoning module ShaderFormatOpenGL (155)
[2019.11.17-22.10.19:894][699]LogModuleManager: Shutting down and abandoning module ShaderFormatD3D (153)
[2019.11.17-22.10.19:894][699]LogModuleManager: Shutting down and abandoning module MetalShaderFormat (151)
[2019.11.17-22.10.19:894][699]LogModuleManager: Shutting down and abandoning module TextureFormatUncompressed (149)
[2019.11.17-22.10.19:894][699]LogModuleManager: Shutting down and abandoning module TextureFormatPVR (147)
[2019.11.17-22.10.19:894][699]LogModuleManager: Shutting down and abandoning module TextureFormatDXT (145)
[2019.11.17-22.10.19:894][699]LogModuleManager: Shutting down and abandoning module TextureFormatIntelISPCTexComp (143)
[2019.11.17-22.10.19:894][699]LogModuleManager: Shutting down and abandoning module TextureFormatASTC (141)
[2019.11.17-22.10.19:894][699]LogModuleManager: Shutting down and abandoning module ImageWrapper (140)
[2019.11.17-22.10.19:894][699]LogModuleManager: Shutting down and abandoning module TextureFormatAndroid (137)
[2019.11.17-22.10.19:894][699]LogModuleManager: Shutting down and abandoning module AudioFormatOpus (135)
[2019.11.17-22.10.19:894][699]LogModuleManager: Shutting down and abandoning module AudioFormatOgg (133)
[2019.11.17-22.10.19:894][699]LogModuleManager: Shutting down and abandoning module AudioFormatADPCM (131)
[2019.11.17-22.10.19:894][699]LogModuleManager: Shutting down and abandoning module LuminTargetPlatform (129)
[2019.11.17-22.10.19:894][699]LogModuleManager: Shutting down and abandoning module LinuxTargetPlatform (127)
[2019.11.17-22.10.19:894][699]LogModuleManager: Shutting down and abandoning module LinuxServerTargetPlatform (125)
[2019.11.17-22.10.19:894][699]LogModuleManager: Shutting down and abandoning module LinuxNoEditorTargetPlatform (123)
[2019.11.17-22.10.19:894][699]LogModuleManager: Shutting down and abandoning module LinuxClientTargetPlatform (121)
[2019.11.17-22.10.19:894][699]LogModuleManager: Shutting down and abandoning module TVOSTargetPlatform (119)
[2019.11.17-22.10.19:895][699]LogModuleManager: Shutting down and abandoning module Messaging (117)
[2019.11.17-22.10.19:895][699]LogModuleManager: Shutting down and abandoning module IOSTargetPlatform (115)
[2019.11.17-22.10.19:896][699]LogModuleManager: Shutting down and abandoning module HTML5TargetPlatform (113)
[2019.11.17-22.10.19:896][699]LogModuleManager: Shutting down and abandoning module AndroidTargetPlatform (111)
[2019.11.17-22.10.19:903][699]LogModuleManager: Shutting down and abandoning module WindowsTargetPlatform (109)
[2019.11.17-22.10.19:903][699]LogModuleManager: Shutting down and abandoning module WindowsServerTargetPlatform (107)
[2019.11.17-22.10.19:903][699]LogModuleManager: Shutting down and abandoning module WindowsNoEditorTargetPlatform (105)
[2019.11.17-22.10.19:903][699]LogModuleManager: Shutting down and abandoning module WindowsClientTargetPlatform (103)
[2019.11.17-22.10.19:903][699]LogModuleManager: Shutting down and abandoning module MacTargetPlatform (101)
[2019.11.17-22.10.19:903][699]LogModuleManager: Shutting down and abandoning module MacServerTargetPlatform (99)
[2019.11.17-22.10.19:903][699]LogModuleManager: Shutting down and abandoning module MacNoEditorTargetPlatform (97)
[2019.11.17-22.10.19:903][699]LogModuleManager: Shutting down and abandoning module MacClientTargetPlatform (95)
[2019.11.17-22.10.19:903][699]LogModuleManager: Shutting down and abandoning module AllDesktopTargetPlatform (93)
[2019.11.17-22.10.19:903][699]LogModuleManager: Shutting down and abandoning module InputCore (90)
[2019.11.17-22.10.19:903][699]LogModuleManager: Shutting down and abandoning module Settings (88)
[2019.11.17-22.10.19:903][699]LogModuleManager: Shutting down and abandoning module PhysXCooking (86)
[2019.11.17-22.10.19:903][699]LogModuleManager: Shutting down and abandoning module SteamVR (84)
[2019.11.17-22.10.19:903][699]LogModuleManager: Shutting down and abandoning module OculusHMD (82)
[2019.11.17-22.10.19:903][699]LogModuleManager: Shutting down and abandoning module ExampleDeviceProfileSelector (80)
[2019.11.17-22.10.19:903][699]LogModuleManager: Shutting down and abandoning module LauncherChunkInstaller (78)
[2019.11.17-22.10.19:903][699]LogModuleManager: Shutting down and abandoning module OnlineBlueprintSupport (76)
[2019.11.17-22.10.19:903][699]LogModuleManager: Shutting down and abandoning module OnlineSubsystem (72)
[2019.11.17-22.10.19:904][699]LogModuleManager: Shutting down and abandoning module XMPP (67)
[2019.11.17-22.10.19:904][699]LogModuleManager: Shutting down and abandoning module WebSockets (66)
[2019.11.17-22.10.19:909][699]LogModuleManager: Shutting down and abandoning module HTTP (63)
[2019.11.17-22.10.19:909][699]LogHttp: Display: Http module shutting down, but needs to wait on 1 outstanding Http requests:
[2019.11.17-22.10.19:909][699]LogHttp: Display: 	verb=[POST] url=[https://datarouter.ol.epicgames.com/datarouter/api/v1/public/data?SessionID=%7BA0653B69-4BF2-906F-FC78-CA95AF461113%7D&AppID=UEEditor.Rocket.Release&AppVersion=4.20.3-4369336%2B%2B%2BUE4%2BRelease-4.20&UserID=ded914804a13d72480500ca0e5f35a68%7C%7C8477ab9a-818f-47f2-b5e7-b7f2564a0fd7&AppEnvironment=datacollector-binary&UploadType=eteventstream] status=Processing
[2019.11.17-22.10.19:919][699]LogModuleManager: Shutting down and abandoning module SSL (62)
[2019.11.17-22.10.19:919][699]LogModuleManager: Shutting down and abandoning module MagicLeapEmulator (58)
[2019.11.17-22.10.19:919][699]LogModuleManager: Shutting down and abandoning module MagicLeapPrivileges (56)
[2019.11.17-22.10.19:919][699]LogModuleManager: Shutting down and abandoning module MagicLeapIdentity (54)
[2019.11.17-22.10.19:919][699]LogModuleManager: Shutting down and abandoning module MagicLeapHelperVulkan (52)
[2019.11.17-22.10.19:919][699]LogModuleManager: Shutting down and abandoning module MagicLeapHelperOpenGL (50)
[2019.11.17-22.10.19:919][699]LogModuleManager: Shutting down and abandoning module MagicLeapSecureStorage (48)
[2019.11.17-22.10.19:919][699]LogModuleManager: Shutting down and abandoning module MagicLeapGestures (46)
[2019.11.17-22.10.19:919][699]LogModuleManager: Shutting down and abandoning module MagicLeapEyeTracker (44)
[2019.11.17-22.10.19:919][699]LogModuleManager: Shutting down and abandoning module MagicLeapController (42)
[2019.11.17-22.10.19:920][699]LogSlate: Slate User Destroyed.  User Index 0, Is Virtual User: 0
[2019.11.17-22.10.19:920][699]LogModuleManager: Shutting down and abandoning module MagicLeap (40)
[2019.11.17-22.10.19:920][699]LogModuleManager: Shutting down and abandoning module DesktopPlatform (38)
[2019.11.17-22.10.19:920][699]LogModuleManager: Shutting down and abandoning module AnimationModifiers (36)
[2019.11.17-22.10.19:920][699]LogModuleManager: Shutting down and abandoning module PropertyEditor (35)
[2019.11.17-22.10.19:920][699]LogModuleManager: Shutting down and abandoning module AudioEditor (32)
[2019.11.17-22.10.19:920][699]LogModuleManager: Shutting down and abandoning module TextureCompressor (30)
[2019.11.17-22.10.19:921][699]LogModuleManager: Shutting down and abandoning module ShaderCore (28)
[2019.11.17-22.10.19:921][699]LogModuleManager: Shutting down and abandoning module Landscape (26)
[2019.11.17-22.10.19:921][699]LogModuleManager: Shutting down and abandoning module SlateRHIRenderer (24)
[2019.11.17-22.10.19:921][699]LogModuleManager: Shutting down and abandoning module OpenGLDrv (22)
[2019.11.17-22.10.19:922][699]LogModuleManager: Shutting down and abandoning module D3D11RHI (20)
[2019.11.17-22.10.19:922][699]LogModuleManager: Shutting down and abandoning module AnimGraphRuntime (18)
[2019.11.17-22.10.19:922][699]LogModuleManager: Shutting down and abandoning module Renderer (16)
[2019.11.17-22.10.19:922][699]LogModuleManager: Shutting down and abandoning module Engine (14)
[2019.11.17-22.10.19:922][699]LogModuleManager: Shutting down and abandoning module CoreUObject (12)
[2019.11.17-22.10.19:922][699]LogModuleManager: Shutting down and abandoning module NetworkFile (10)
[2019.11.17-22.10.19:922][699]LogModuleManager: Shutting down and abandoning module CookedIterativeFile (8)
[2019.11.17-22.10.19:922][699]LogModuleManager: Shutting down and abandoning module StreamingFile (6)
[2019.11.17-22.10.19:922][699]LogModuleManager: Shutting down and abandoning module SandboxFile (4)
[2019.11.17-22.10.19:922][699]LogModuleManager: Shutting down and abandoning module PakFile (2)
[2019.11.17-22.10.19:927][699]LogExit: Exiting.
[2019.11.17-22.10.19:937][699]Log file closed, 11/18/19 09:10:19
