Log file open, 10/30/19 15:21:20
LogWindows: Failed to load 'aqProf.dll' (GetLastError=126)
LogWindows: File 'aqProf.dll' does not exist
LogWindows: Failed to load 'VSPerf140.dll' (GetLastError=126)
LogWindows: File 'VSPerf140.dll' does not exist
LogWindows: Failed to load 'VtuneApi.dll' (GetLastError=126)
LogWindows: File 'VtuneApi.dll' does not exist
LogWindows: Failed to load 'VtuneApi32e.dll' (GetLastError=126)
LogWindows: File 'VtuneApi32e.dll' does not exist
LogInit: Display: Running engine for game: DejaBrew
LogPlatformFile: Not using cached read wrapper
LogTaskGraph: Started task graph with 5 named threads and 23 total threads with 3 sets of task threads.
LogStats: Stats thread started at 0.412213
LogD3D11RHI: Loaded GFSDK_Aftermath_Lib.x64.dll
LogICUInternationalization: Display: ICU TimeZone Detection - Raw Offset: +10:00, Platform Override: ''
LogPluginManager: Mounting plugin Paper2D
LogPluginManager: Mounting plugin AISupport
LogPluginManager: Mounting plugin LightPropagationVolume
LogPluginManager: Mounting plugin CLionSourceCodeAccess
LogPluginManager: Mounting plugin CodeLiteSourceCodeAccess
LogPluginManager: Mounting plugin GitSourceControl
LogPluginManager: Mounting plugin KDevelopSourceCodeAccess
LogPluginManager: Mounting plugin NullSourceCodeAccess
LogPluginManager: Mounting plugin PerforceSourceControl
LogPluginManager: Mounting plugin SubversionSourceControl
LogPluginManager: Mounting plugin UObjectPlugin
LogPluginManager: Mounting plugin VisualStudioCodeSourceCodeAccess
LogPluginManager: Mounting plugin VisualStudioSourceCodeAccess
LogPluginManager: Mounting plugin XCodeSourceCodeAccess
LogPluginManager: Mounting plugin AssetManagerEditor
LogPluginManager: Mounting plugin CryptoKeys
LogPluginManager: Mounting plugin DataValidation
LogPluginManager: Mounting plugin FacialAnimation
LogPluginManager: Mounting plugin GameplayTagsEditor
LogPluginManager: Mounting plugin MacGraphicsSwitching
LogPluginManager: Mounting plugin MeshEditor
LogPluginManager: Mounting plugin MobileLauncherProfileWizard
LogPluginManager: Mounting plugin PluginBrowser
LogPluginManager: Mounting plugin SpeedTreeImporter
LogPluginManager: Mounting plugin DatasmithContent
LogPluginManager: Mounting plugin AlembicImporter
LogPluginManager: Mounting plugin AppleImageUtils
LogPluginManager: Mounting plugin AppleVision
LogPluginManager: Mounting plugin BackChannel
LogPluginManager: Mounting plugin CharacterAI
LogPluginManager: Mounting plugin GeometryCache
LogPluginManager: Mounting plugin HTML5Networking
LogPluginManager: Mounting plugin ProxyLODPlugin
LogPluginManager: Mounting plugin MagicLeap
LogPluginManager: Mounting plugin MagicLeapEmulator
LogPluginManager: Mounting plugin MagicLeapMedia
LogPluginManager: Mounting plugin AndroidMedia
LogPluginManager: Mounting plugin AvfMedia
LogPluginManager: Mounting plugin ImgMedia
LogPluginManager: Mounting plugin LinearTimecode
LogPluginManager: Mounting plugin MediaCompositing
LogPluginManager: Mounting plugin MediaPlayerEditor
LogPluginManager: Mounting plugin WmfMedia
LogPluginManager: Mounting plugin TcpMessaging
LogPluginManager: Mounting plugin UdpMessaging
LogPluginManager: Mounting plugin ActorSequence
LogPluginManager: Mounting plugin LevelSequenceEditor
LogPluginManager: Mounting plugin MatineeToLevelSequence
LogPluginManager: Mounting plugin NetcodeUnitTest
LogPluginManager: Mounting plugin NUTUnrealEngine4
LogPluginManager: Mounting plugin OnlineSubsystemGooglePlay
LogPluginManager: Mounting plugin OnlineSubsystemIOS
LogPluginManager: Mounting plugin OnlineSubsystem
LogPluginManager: Mounting plugin OnlineSubsystemNull
LogPluginManager: Mounting plugin OnlineSubsystemUtils
LogPluginManager: Mounting plugin LauncherChunkInstaller
LogPluginManager: Mounting plugin AndroidDeviceProfileSelector
LogPluginManager: Mounting plugin AndroidMoviePlayer
LogPluginManager: Mounting plugin AndroidPermission
LogPluginManager: Mounting plugin AppleMoviePlayer
LogPluginManager: Mounting plugin ArchVisCharacter
LogPluginManager: Mounting plugin AudioCapture
LogPluginManager: Mounting plugin CableComponent
LogPluginManager: Mounting plugin CustomMeshComponent
LogPluginManager: Mounting plugin EditableMesh
LogPluginManager: Mounting plugin ExampleDeviceProfileSelector
LogPluginManager: Mounting plugin GoogleCloudMessaging
LogPluginManager: Mounting plugin ImmediatePhysics
LogPluginManager: Mounting plugin IOSDeviceProfileSelector
LogPluginManager: Mounting plugin LinuxDeviceProfileSelector
LogPluginManager: Mounting plugin LocationServicesBPLibrary
LogPluginManager: Mounting plugin MobilePatchingUtils
LogPluginManager: Mounting plugin OculusVR
LogPluginManager: Plugin shader directory ../../../Engine/Plugins/Runtime/Oculus/OculusVR/Shaders found
LogPluginManager: Mapping shader source directory ../../../Engine/Plugins/Runtime/Oculus/OculusVR/Shaders to virtual directory /Plugin/OculusVR
LogPluginManager: Mounting plugin PhysXVehicles
LogPluginManager: Mounting plugin ProceduralMeshComponent
LogPluginManager: Mounting plugin RuntimePhysXCooking
LogPluginManager: Mounting plugin SteamVR
LogPluginManager: Mounting plugin WindowsMoviePlayer
LogStreaming: Display: Took  0.109s to configure plugins.
LogInit: Using libcurl 7.55.1-DEV
LogInit:  - built for x86_64-pc-win32
LogInit:  - supports SSL with OpenSSL/1.0.2h
LogInit:  - supports HTTP deflate (compression) using libz 1.2.8
LogInit:  - other features:
LogInit:      CURL_VERSION_SSL
LogInit:      CURL_VERSION_LIBZ
LogInit:      CURL_VERSION_IPV6
LogInit:      CURL_VERSION_ASYNCHDNS
LogInit:      CURL_VERSION_LARGEFILE
LogInit:      CURL_VERSION_IDN
LogInit:  CurlRequestOptions (configurable via config and command line):
LogInit:  - bVerifyPeer = false  - Libcurl will NOT verify peer certificate
LogInit:  - bUseHttpProxy = false  - Libcurl will NOT use HTTP proxy
LogInit:  - bDontReuseConnections = false  - Libcurl will reuse connections
LogInit:  - CertBundlePath = nullptr  - Libcurl will use whatever was configured at build time.
LogInit:  - MaxHostConnections = 16  - Libcurl will limit the number of connections to a host
LogInit:  - LocalHostAddr = Default
LogInit:  - BufferSize = 65536
LogInit: WinSock: version 1.1 (2.2), MaxSocks=32767, MaxUdp=65467
LogInit: Build: ++UE4+Release-4.20-CL-4369336
LogInit: Engine Version: 4.20.3-4369336+++UE4+Release-4.20
LogInit: Compatible Engine Version: 4.20.0-4212847+++UE4+Release-4.20
LogInit: Net CL: 4212847
LogInit: OS: Windows 10 (), CPU: Intel(R) Core(TM) i7-6700 CPU @ 3.40GHz, GPU: NVIDIA GeForce GTX 960
LogInit: Compiled (64-bit): Sep 17 2018 12:26:19
LogInit: Compiled with Visual C++: 19.13.26129.00
LogInit: Build Configuration: Development
LogInit: Branch Name: ++UE4+Release-4.20
LogInit: Command Line:  -skipcompile
LogInit: Base Directory: C:/Program Files/Epic Games/UE_4.20/Engine/Binaries/Win64/
LogInit: Installed Engine Build: 1
LogDevObjectVersion: Number of dev versions registered: 20
LogDevObjectVersion:   Dev-Blueprints (B0D832E4-1F89-4F0D-ACCF-7EB736FD4AA2): 10
LogDevObjectVersion:   Dev-Build (E1C64328-A22C-4D53-A36C-8E866417BD8C): 0
LogDevObjectVersion:   Dev-Core (375EC13C-06E4-48FB-B500-84F0262A717E): 2
LogDevObjectVersion:   Dev-Editor (E4B068ED-F494-42E9-A231-DA0B2E46BB41): 24
LogDevObjectVersion:   Dev-Framework (CFFC743F-43B0-4480-9391-14DF171D2073): 34
LogDevObjectVersion:   Dev-Mobile (B02B49B5-BB20-44E9-A304-32B752E40360): 2
LogDevObjectVersion:   Dev-Networking (A4E4105C-59A1-49B5-A7C5-40C4547EDFEE): 0
LogDevObjectVersion:   Dev-Online (39C831C9-5AE6-47DC-9A44-9C173E1C8E7C): 0
LogDevObjectVersion:   Dev-Physics (78F01B33-EBEA-4F98-B9B4-84EACCB95AA2): 0
LogDevObjectVersion:   Dev-Platform (6631380F-2D4D-43E0-8009-CF276956A95A): 0
LogDevObjectVersion:   Dev-Rendering (12F88B9F-8875-4AFC-A67C-D90C383ABD29): 26
LogDevObjectVersion:   Dev-Sequencer (7B5AE74C-D270-4C10-A958-57980B212A5A): 9
LogDevObjectVersion:   Dev-VR (D7296918-1DD6-4BDD-9DE2-64A83CC13884): 2
LogDevObjectVersion:   Dev-LoadTimes (C2A15278-BFE7-4AFE-6C17-90FF531DF755): 1
LogDevObjectVersion:   Private-Geometry (6EACA3D4-40EC-4CC1-B786-8BED09428FC5): 3
LogDevObjectVersion:   Dev-AnimPhys (29E575DD-E0A3-4627-9D10-D276232CDCEA): 17
LogDevObjectVersion:   Dev-ReflectionCapture (6B266CEC-1EC7-4B8F-A30B-E4D90942FC07): 1
LogDevObjectVersion:   Dev-Automation (0DF73D61-A23F-47EA-B727-89E90C41499A): 1
LogDevObjectVersion:   FortniteMain (601D1886-AC64-4F84-AA16-D3DE0DEAC7D6): 12
LogDevObjectVersion:   Dev-Enterprise (9DFFBCD6-494F-0158-E221-12823C92A888): 1
LogStreaming: Display: Took  0.003s to delete old logs.
LogInit: Presizing for max 8388607 objects, including 0 objects not considered by GC, pre-allocating 0 bytes for permanent pool.
LogInit: Object subsystem initialized
[2019.10.30-04.21.20:962][  0]LogInit: Selected Device Profile: [Windows]
[2019.10.30-04.21.20:962][  0]LogInit: Applying CVar settings loaded from the selected device profile: [Windows]
[2019.10.30-04.21.20:978][  0]LogHAL: Display: Platform has ~ 32 GB [34293071872 / 34359738368 / 32], which maps to Largest [LargestMinGB=32, LargerMinGB=12, DefaultMinGB=8, SmallerMinGB=6, SmallestMinGB=0)
[2019.10.30-04.21.20:978][  0]LogInit: Setting Device Profile CVar: [[r.Vulkan.UseRealUBs:1]]
[2019.10.30-04.21.20:978][  0]LogInit: Going up to parent DeviceProfile []
[2019.10.30-04.21.20:978][  0]LogInit: Computer: SYD-4DE60A
[2019.10.30-04.21.20:978][  0]LogInit: User: s181813
[2019.10.30-04.21.20:978][  0]LogInit: CPU Page size=4096, Cores=4
[2019.10.30-04.21.20:979][  0]LogInit: High frequency timer resolution =3.328126 MHz
[2019.10.30-04.21.20:979][  0]LogMemory: Memory total: Physical=31.9GB (32GB approx)
[2019.10.30-04.21.20:979][  0]LogMemory: Platform Memory Stats for Windows
[2019.10.30-04.21.20:979][  0]LogMemory: Process Physical Memory: 101.50 MB used, 101.50 MB peak
[2019.10.30-04.21.20:979][  0]LogMemory: Process Virtual Memory: 89.21 MB used, 89.21 MB peak
[2019.10.30-04.21.20:979][  0]LogMemory: Physical Memory: 9995.16 MB used,  22709.26 MB free, 32704.42 MB total
[2019.10.30-04.21.20:979][  0]LogMemory: Virtual Memory: 4639.47 MB used,  22709.26 MB free, 134217728.00 MB total
[2019.10.30-04.21.21:080][  0]LogInit: Using OS detected language (en-US).
[2019.10.30-04.21.21:080][  0]LogInit: Using OS detected locale (en-US).
[2019.10.30-04.21.21:081][  0]LogTextLocalizationManager: No specific localization for 'en-US' exists, so the 'en' localization will be used.
[2019.10.30-04.21.21:444][  0]LogStreaming: Display: Took  0.364s to InitEngineTextLocalization.
[2019.10.30-04.21.21:445][  0]LogInit: Setting process to per monitor DPI aware
[2019.10.30-04.21.21:486][  0]LogSlate: New Slate User Created.  User Index 0, Is Virtual User: 0
[2019.10.30-04.21.21:486][  0]LogSlate: Slate User Registered.  User Index 0, Is Virtual User: 0
[2019.10.30-04.21.21:642][  0]LogHMD: Failed to initialize OpenVR with code 110
[2019.10.30-04.21.21:642][  0]LogD3D11RHI: D3D11 adapters:
[2019.10.30-04.21.21:700][  0]LogD3D11RHI:    0. 'NVIDIA GeForce GTX 960' (Feature Level 11_0)
[2019.10.30-04.21.21:700][  0]LogD3D11RHI:       4053/0/16352 MB DedicatedVideo/DedicatedSystem/SharedSystem, Outputs:2, VendorId:0x10de
[2019.10.30-04.21.21:703][  0]LogD3D11RHI:    1. 'Microsoft Basic Render Driver' (Feature Level 11_0)
[2019.10.30-04.21.21:703][  0]LogD3D11RHI:       0/0/16352 MB DedicatedVideo/DedicatedSystem/SharedSystem, Outputs:0, VendorId:0x1414
[2019.10.30-04.21.21:703][  0]LogD3D11RHI: Chosen D3D11 Adapter: 0
[2019.10.30-04.21.21:709][  0]LogD3D11RHI: Creating new Direct3DDevice
[2019.10.30-04.21.21:709][  0]LogD3D11RHI:     GPU DeviceId: 0x1401 (for the marketing name, search the web for "GPU Device Id")
[2019.10.30-04.21.21:709][  0]LogWindows: EnumDisplayDevices:
[2019.10.30-04.21.21:709][  0]LogWindows:    0. 'NVIDIA GeForce GTX 960' (P:1 D:1)
[2019.10.30-04.21.21:709][  0]LogWindows:    1. 'NVIDIA GeForce GTX 960' (P:0 D:1)
[2019.10.30-04.21.21:710][  0]LogWindows:    2. 'NVIDIA GeForce GTX 960' (P:0 D:0)
[2019.10.30-04.21.21:710][  0]LogWindows:    3. 'NVIDIA GeForce GTX 960' (P:0 D:0)
[2019.10.30-04.21.21:710][  0]LogWindows: DebugString: FoundDriverCount:4 
[2019.10.30-04.21.21:710][  0]LogD3D11RHI:     Adapter Name: NVIDIA GeForce GTX 960
[2019.10.30-04.21.21:710][  0]LogD3D11RHI:   Driver Version: 417.35 (internal:25.21.14.1735, unified:417.35)
[2019.10.30-04.21.21:710][  0]LogD3D11RHI:      Driver Date: 12-11-2018
[2019.10.30-04.21.21:710][  0]LogRHI: Texture pool is 2837 MB (70% of 4053 MB)
[2019.10.30-04.21.21:749][  0]LogD3D11RHI: Async texture creation enabled
[2019.10.30-04.21.21:766][  0]LogD3D11RHI: GPU Timing Frequency: 1000.000000 (Debug: 2 2)
[2019.10.30-04.21.21:768][  0]LogShaderCompilers: Guid format shader working directory is -36 characters bigger than the processId version (../../../../../../Users/s181813/Documents/GitHub/Chicken-Crimpy-Repository/DejaBrew/Intermediate/Shaders/WorkingDirectory/12672/).
[2019.10.30-04.21.21:768][  0]LogShaderCompilers: Cleaned the shader compiler working directory 'C:/Users/s181813/AppData/Local/Temp/UnrealShaderWorkingDir/B04D9E04492CEFEC9C3019ACA44660C0/'.
[2019.10.30-04.21.21:967][  0]LogTemp: Display: Loaded TP AllDesktopTargetPlatform
[2019.10.30-04.21.21:982][  0]LogTemp: Display: Loaded TP MacClientTargetPlatform
[2019.10.30-04.21.21:996][  0]LogTemp: Display: Loaded TP MacNoEditorTargetPlatform
[2019.10.30-04.21.22:010][  0]LogTemp: Display: Loaded TP MacServerTargetPlatform
[2019.10.30-04.21.22:025][  0]LogTemp: Display: Loaded TP MacTargetPlatform
[2019.10.30-04.21.22:039][  0]LogTemp: Display: Loaded TP WindowsClientTargetPlatform
[2019.10.30-04.21.22:052][  0]LogTemp: Display: Loaded TP WindowsNoEditorTargetPlatform
[2019.10.30-04.21.22:066][  0]LogTemp: Display: Loaded TP WindowsServerTargetPlatform
[2019.10.30-04.21.22:073][  0]LogTemp: Display: Loaded TP WindowsTargetPlatform
[2019.10.30-04.21.22:143][  0]LogTemp: Display: Loaded TP AndroidTargetPlatform
[2019.10.30-04.21.22:143][  0]LogTemp: Display: Loaded TP AndroidTargetPlatform
[2019.10.30-04.21.22:143][  0]LogTemp: Display: Loaded TP AndroidTargetPlatform
[2019.10.30-04.21.22:143][  0]LogTemp: Display: Loaded TP AndroidTargetPlatform
[2019.10.30-04.21.22:143][  0]LogTemp: Display: Loaded TP AndroidTargetPlatform
[2019.10.30-04.21.22:144][  0]LogTemp: Display: Loaded TP AndroidTargetPlatform
[2019.10.30-04.21.22:144][  0]LogTemp: Display: Loaded TP AndroidTargetPlatform
[2019.10.30-04.21.22:144][  0]LogTemp: Display: Loaded TP AndroidTargetPlatform
[2019.10.30-04.21.22:144][  0]LogTemp: Display: Loaded TP AndroidTargetPlatform
[2019.10.30-04.21.22:144][  0]LogTemp: Display: Loaded TP AndroidTargetPlatform
[2019.10.30-04.21.22:144][  0]LogTemp: Display: Loaded TP AndroidTargetPlatform
[2019.10.30-04.21.22:144][  0]LogTemp: Display: Loaded TP AndroidTargetPlatform
[2019.10.30-04.21.22:144][  0]LogTemp: Display: Loaded TP AndroidTargetPlatform
[2019.10.30-04.21.22:145][  0]LogTemp: Display: Loaded TP AndroidTargetPlatform
[2019.10.30-04.21.22:145][  0]LogTemp: Display: Loaded TP AndroidTargetPlatform
[2019.10.30-04.21.22:145][  0]LogTemp: Display: Loaded TP AndroidTargetPlatform
[2019.10.30-04.21.22:145][  0]LogTemp: Display: Loaded TP AndroidTargetPlatform
[2019.10.30-04.21.22:145][  0]LogTemp: Display: Loaded TP AndroidTargetPlatform
[2019.10.30-04.21.22:148][  0]LogTemp: Display: Loaded TP HTML5TargetPlatform
[2019.10.30-04.21.22:212][  0]LogTemp: Display: Loaded TP IOSTargetPlatform
[2019.10.30-04.21.22:212][  0]LogTemp: Display: Loaded TP IOSTargetPlatform
[2019.10.30-04.21.22:236][  0]LogTemp: Display: Loaded TP TVOSTargetPlatform
[2019.10.30-04.21.22:236][  0]LogTemp: Display: Loaded TP TVOSTargetPlatform
[2019.10.30-04.21.22:250][  0]LogTemp: Display: Loaded TP LinuxClientTargetPlatform
[2019.10.30-04.21.22:263][  0]LogTemp: Display: Loaded TP LinuxNoEditorTargetPlatform
[2019.10.30-04.21.22:276][  0]LogTemp: Display: Loaded TP LinuxServerTargetPlatform
[2019.10.30-04.21.22:290][  0]LogTemp: Display: Loaded TP LinuxTargetPlatform
[2019.10.30-04.21.22:300][  0]LogTemp: Display: Loaded TP LuminTargetPlatform
[2019.10.30-04.21.22:300][  0]LogTargetPlatformManager: Display: Building Assets For Windows
[2019.10.30-04.21.22:398][  0]LogXGEController: Cannot use XGE Controller as Incredibuild is not installed on this machine.
[2019.10.30-04.21.22:398][  0]LogShaderCompilers: Cannot use XGE Shader Compiler as Incredibuild is not installed on this machine.
[2019.10.30-04.21.22:398][  0]LogShaderCompilers: Display: Using Local Shader Compiler.
[2019.10.30-04.21.23:009][  0]LogDerivedDataCache: Display: Max Cache Size: 512 MB
[2019.10.30-04.21.23:059][  0]LogDerivedDataCache: Loaded boot cache 0.05s 76MB C:/Users/s181813/AppData/Local/UnrealEngine/4.20/DerivedDataCache/Boot.ddc.
[2019.10.30-04.21.23:059][  0]LogDerivedDataCache: Display: Loaded Boot cache: C:/Users/s181813/AppData/Local/UnrealEngine/4.20/DerivedDataCache/Boot.ddc
[2019.10.30-04.21.23:060][  0]LogDerivedDataCache: FDerivedDataBackendGraph:  Pak pak cache file ../../../../../../Users/s181813/Documents/GitHub/Chicken-Crimpy-Repository/DejaBrew/DerivedDataCache/DDC.ddp not found, will not use a pak cache.
[2019.10.30-04.21.23:060][  0]LogDerivedDataCache: Unable to find inner node Pak for hierarchical cache Hierarchy.
[2019.10.30-04.21.23:060][  0]LogDerivedDataCache: FDerivedDataBackendGraph:  CompressedPak pak cache file ../../../../../../Users/s181813/Documents/GitHub/Chicken-Crimpy-Repository/DejaBrew/DerivedDataCache/Compressed.ddp not found, will not use a pak cache.
[2019.10.30-04.21.23:060][  0]LogDerivedDataCache: Unable to find inner node CompressedPak for hierarchical cache Hierarchy.
[2019.10.30-04.21.23:071][  0]LogDerivedDataCache: Display: Pak cache opened for reading ../../../Engine/DerivedDataCache/Compressed.ddp.
[2019.10.30-04.21.23:085][  0]LogDerivedDataCache: Using Local data cache path C:/Users/s181813/AppData/Local/UnrealEngine/Common/DerivedDataCache: Writable
[2019.10.30-04.21.23:085][  0]LogDerivedDataCache: Shared data cache path not found in *engine.ini, will not use an Shared cache.
[2019.10.30-04.21.23:085][  0]LogDerivedDataCache: Unable to find inner node Shared for hierarchical cache Hierarchy.
[2019.10.30-04.21.23:102][  0]LogMaterial: Verifying Global Shaders for PCD3D_SM5
[2019.10.30-04.21.23:104][  0]LogSlate: Using FreeType 2.6.0
[2019.10.30-04.21.23:105][  0]LogSlate: SlateFontServices - WITH_FREETYPE: 1, WITH_HARFBUZZ: 1
[2019.10.30-04.21.23:173][  0]LogAssetRegistry: FAssetRegistry took 0.0281 seconds to start up
[2019.10.30-04.21.23:455][  0]LogInit: Selected Device Profile: [Windows]
[2019.10.30-04.21.23:599][  0]LogSimplygon: Simplygon DLL not present - disabling.
[2019.10.30-04.21.23:605][  0]LogMeshReduction: Using SimplygonSwarm for distributed automatic mesh merging
[2019.10.30-04.21.23:605][  0]LogMeshReduction: Using ProxyLODMeshReduction for automatic mesh merging
[2019.10.30-04.21.23:605][  0]LogMeshReduction: Using QuadricMeshReduction for automatic static mesh reduction
[2019.10.30-04.21.23:605][  0]LogMeshReduction: No automatic skeletal mesh reduction module available
[2019.10.30-04.21.23:621][  0]LogNetVersion: DejaBrew 1.0.0, NetCL: 4212847, EngineNetVer: 5, GameNetVer: 0 (Checksum: 719251921)
[2019.10.30-04.21.24:096][  0]LogPackageLocalizationCache: Processed 11 localized package path(s) for 2 prioritized culture(s) in 0.118473 seconds
[2019.10.30-04.21.24:103][  0]LogUObjectArray: 38425 objects as part of root set at end of initial load.
[2019.10.30-04.21.24:103][  0]LogUObjectAllocator: 6690864 out of 0 bytes used by permanent object pool.
[2019.10.30-04.21.24:103][  0]LogUObjectArray: CloseDisregardForGC: 0/0 objects in disregard for GC pool
[2019.10.30-04.21.24:925][  0]LogTcpMessaging: Initializing TcpMessaging bridge
[2019.10.30-04.21.24:941][  0]LogUdpMessaging: Initializing bridge on interface 0.0.0.0:0 to multicast group 230.0.0.1:6666.
[2019.10.30-04.21.25:264][  0]SourceControl: Source control is disabled
[2019.10.30-04.21.25:264][  0]SourceControl: Source control is disabled
[2019.10.30-04.21.25:267][  0]SourceControl: Source control is disabled
[2019.10.30-04.21.25:269][  0]SourceControl: Source control is disabled
[2019.10.30-04.21.25:501][  0]LogAndroidPermission: UAndroidPermissionCallbackProxy::GetInstance
[2019.10.30-04.21.25:584][  0]LogOcInput: OculusInput pre-init called
[2019.10.30-04.21.25:647][  0]LogEngine: Initializing Engine...
[2019.10.30-04.21.25:647][  0]LogHMD: Failed to initialize OpenVR with code 110
[2019.10.30-04.21.25:649][  0]LogStats: UGameplayTagsManager::ConstructGameplayTagTree: ImportINI prefixes -  0.000 s
[2019.10.30-04.21.25:649][  0]LogStats: UGameplayTagsManager::ConstructGameplayTagTree: Construct from data asset -  0.000 s
[2019.10.30-04.21.25:649][  0]LogStats: UGameplayTagsManager::ConstructGameplayTagTree: ImportINI -  0.000 s
[2019.10.30-04.21.25:649][  0]LogStats: UGameplayTagsManager::ConstructGameplayTagTree: GameplayTagTreeChangedEvent.Broadcast -  0.000 s
[2019.10.30-04.21.25:830][  0]LogInit: Initializing FReadOnlyCVARCache
[2019.10.30-04.21.25:841][  0]LogAIModule: Creating AISystem for world Untitled
[2019.10.30-04.21.25:857][  0]LogInit: XAudio2 using 'Realtek HD Audio 2nd output (Realtek High Definition Audio)' : 2 channels at 48 kHz using 32 bits per sample (channel mask 0x3)
[2019.10.30-04.21.25:876][  0]LogInit: FAudioDevice initialized.
[2019.10.30-04.21.25:876][  0]LogNetVersion: Set ProjectVersion to 1.0.0.0. Version Checksum will be recalculated on next use.
[2019.10.30-04.21.25:949][  0]LogDerivedDataCache: Saved boot cache 0.07s 76MB C:/Users/s181813/AppData/Local/UnrealEngine/4.20/DerivedDataCache/Boot.ddc.
[2019.10.30-04.21.25:961][  0]LogInit: Texture streaming: Enabled
[2019.10.30-04.21.25:984][  0]LogEngineSessionManager: EngineSessionManager initialized
[2019.10.30-04.21.25:994][  0]LogInit: Transaction tracking system initialized
[2019.10.30-04.21.26:024][  0]BlueprintLog: New page: Editor Load
[2019.10.30-04.21.26:158][  0]LocalizationService: Localization service is disabled
[2019.10.30-04.21.26:429][  0]LogCook: Display: Max memory allowance for cook 16384mb min free memory 0mb
[2019.10.30-04.21.26:430][  0]LogCook: Display: Mobile HDR setting 1
[2019.10.30-04.21.26:430][  0]LogGameplayTags: Display: UGameplayTagsManager::DoneAddingNativeTags. DelegateIsBound: 0
[2019.10.30-04.21.26:430][  0]LogStats: UGameplayTagsManager::ConstructGameplayTagTree: ImportINI prefixes -  0.000 s
[2019.10.30-04.21.26:430][  0]LogStats: UGameplayTagsManager::ConstructGameplayTagTree: Construct from data asset -  0.000 s
[2019.10.30-04.21.26:430][  0]LogStats: UGameplayTagsManager::ConstructGameplayTagTree: ImportINI -  0.000 s
[2019.10.30-04.21.26:430][  0]LogStats: UGameplayTagsManager::ConstructGameplayTagTree: GameplayTagTreeChangedEvent.Broadcast -  0.000 s
[2019.10.30-04.21.26:595][  0]LogFileCache: Scanning file cache for directory 'C:/Users/s181813/Documents/GitHub/Chicken-Crimpy-Repository/DejaBrew/Content/' took 0.01s
[2019.10.30-04.21.26:595][  0]SourceControl: Source control is disabled
[2019.10.30-04.21.26:595][  0]Cmd: MAP LOAD FILE="../../../../../../Users/s181813/Documents/GitHub/Chicken-Crimpy-Repository/DejaBrew/Content/SideScrollerCPP/Maps/SideScrollerExampleMap.umap" TEMPLATE=0 SHOWPROGRESS=1 FEATURELEVEL=3
[2019.10.30-04.21.26:595][  0]LightingResults: New page: Lighting Build
[2019.10.30-04.21.26:598][  0]MapCheck: New page: Map Check
[2019.10.30-04.21.26:598][  0]LightingResults: New page: Lighting Build
[2019.10.30-04.21.26:766][  0]LogAIModule: Creating AISystem for world SideScrollerExampleMap
[2019.10.30-04.21.26:776][  0]LogEditorServer: Finished looking for orphan Actors (0.000 secs)
[2019.10.30-04.21.26:798][  0]Cmd: MAP CHECKDEP NOCLEARLOG
[2019.10.30-04.21.26:851][  0]MapCheck: Map check complete: 0 Error(s), 0 Warning(s), took 52.919ms to complete.
[2019.10.30-04.21.26:852][  0]LogFileHelpers: Loading map 'SideScrollerExampleMap' took 0.257
[2019.10.30-04.21.26:963][  0]LogSlate: Updating window title bar state: overlay mode, drag disabled, window buttons hidden, title bar hidden
[2019.10.30-04.21.26:970][  0]LogSlate: Updating window title bar state: overlay mode, drag disabled, window buttons hidden, title bar hidden
[2019.10.30-04.21.26:977][  0]LogSlate: Updating window title bar state: overlay mode, drag disabled, window buttons hidden, title bar hidden
[2019.10.30-04.21.26:984][  0]LogSlate: Updating window title bar state: overlay mode, drag disabled, window buttons hidden, title bar hidden
[2019.10.30-04.21.26:991][  0]LogCollectionManager: Loaded 0 collections in 0.001324 seconds
[2019.10.30-04.21.27:039][  0]LogFileCache: Scanning file cache for directory 'C:/Users/s181813/Documents/GitHub/Chicken-Crimpy-Repository/DejaBrew/Saved/Collections/' took 0.01s
[2019.10.30-04.21.27:040][  0]LogFileCache: Scanning file cache for directory 'C:/Users/s181813/Documents/GitHub/Chicken-Crimpy-Repository/DejaBrew/Content/Developers/s181813/Collections/' took 0.01s
[2019.10.30-04.21.27:040][  0]LogFileCache: Scanning file cache for directory 'C:/Users/s181813/Documents/GitHub/Chicken-Crimpy-Repository/DejaBrew/Content/Collections/' took 0.01s
[2019.10.30-04.21.27:040][  0]LogCollectionManager: Rebuilt the GUID cache for 0 collections in 0.000000 seconds
[2019.10.30-04.21.27:048][  0]LogContentBrowser: Native class hierarchy populated in 0.0081 seconds. Added 2575 classes and 605 folders.
[2019.10.30-04.21.27:054][  0]LogContentBrowser: Native class hierarchy updated for 'WidgetCarousel' in 0.0003 seconds. Added 0 classes and 0 folders.
[2019.10.30-04.21.27:083][  0]LogContentBrowser: Native class hierarchy updated for 'AddContentDialog' in 0.0003 seconds. Added 0 classes and 0 folders.
[2019.10.30-04.21.27:090][  0]LogContentBrowser: Native class hierarchy updated for 'SceneOutliner' in 0.0004 seconds. Added 1 classes and 2 folders.
[2019.10.30-04.21.27:957][  0]LogSlate: Only BGRA pngs, bmps or icos are supported in by External Image Picker
[2019.10.30-04.21.28:000][  0]LogTemp: Executing iPhonePackager certificates Engine -bundlename com.YourCompany.DejaBrew
[2019.10.30-04.21.28:000][  0]LogTemp: CWD: C:\Program Files\Epic Games\UE_4.20\Engine\Binaries\DotNET\IOS
[2019.10.30-04.21.28:000][  0]LogTemp: Initial Dir: C:\Program Files\Epic Games\UE_4.20
[2019.10.30-04.21.28:000][  0]LogTemp: Env CWD: C:\Program Files\Epic Games\UE_4.20\Engine\Binaries\DotNET\IOS
[2019.10.30-04.21.28:020][  0]LogTemp: BranchPath = SYD-4DE60A/C/Program Files/Epic Games/UE_4.20/Engine/Binaries --- GameBranchPath = SYD-4DE60A/C/Program Files/Epic Games/UE_4.20/Engine/Binaries
[2019.10.30-04.21.28:020][  0]LogTemp: IPP ERROR: Could not find provision directory 'C:\Users\s181813\AppData\Local/Apple Computer/MobileDevice/Provisioning Profiles/'.
[2019.10.30-04.21.28:020][  0]LogContentBrowser: Native class hierarchy updated for 'HierarchicalLODOutliner' in 0.0004 seconds. Added 0 classes and 0 folders.
[2019.10.30-04.21.28:021][  0]LogLoad: (Engine Initialization) Total time: 8.68 seconds
[2019.10.30-04.21.28:021][  0]LogLoad: (Engine Initialization) Total Blueprint compile time: 0.00 seconds
[2019.10.30-04.21.28:031][  0]LogWindowsTextInputMethodSystem: Display: IME system now deactivated.
[2019.10.30-04.21.28:065][  0]LogContentStreaming: Texture pool size now 1000 MB
[2019.10.30-04.21.28:066][  0]LogSlate: Took 0.000162 seconds to synchronously load lazily loaded font '../../../Engine/Content/Slate/Fonts/Roboto-Regular.ttf' (155K)
[2019.10.30-04.21.28:068][  0]LogSlate: Took 0.000118 seconds to synchronously load lazily loaded font '../../../Engine/Content/Slate/Fonts/Roboto-Bold.ttf' (160K)
[2019.10.30-04.21.28:072][  0]LogSlate: Took 0.000154 seconds to synchronously load lazily loaded font '../../../Engine/Content/Editor/Slate/Fonts/FontAwesome.ttf' (139K)
[2019.10.30-04.21.28:110][  0]LogRenderer: Reallocating scene render targets to support 64x64 Format 10 NumSamples 1 (Frame:1).
[2019.10.30-04.21.28:167][  0]LogRenderer: Reallocating scene render targets to support 708x360 Format 10 NumSamples 1 (Frame:1).
[2019.10.30-04.21.28:167][  0]LogSlate: Took 0.000151 seconds to synchronously load lazily loaded font '../../../Engine/Content/Slate/Fonts/Roboto-Light.ttf' (167K)
[2019.10.30-04.21.28:261][  1]LogAssetRegistry: Asset discovery search completed in 5.1131 seconds
[2019.10.30-04.21.28:263][  1]LogCollectionManager: Rebuilt the object cache for 0 collections in 0.000000 seconds (found 0 objects)
[2019.10.30-04.21.28:264][  1]LogCollectionManager: Fixed up redirectors for 0 collections in 0.000162 seconds (updated 0 objects)
[2019.10.30-04.21.32:763][197]LogRenderer: Reallocating scene render targets to support 1068x576 Format 10 NumSamples 1 (Frame:191).
[2019.10.30-04.21.33:520][286]LogSlate: FSceneViewport::OnFocusLost() reason 0
[2019.10.30-04.21.33:621][294]Candidate modules for hot reload:
[2019.10.30-04.21.33:621][294]  DejaBrew
[2019.10.30-04.21.33:621][294]Launching UnrealBuildTool... [C:/Program Files/Epic Games/UE_4.20/Engine/Binaries/DotNET/UnrealBuildTool.exe  -ModuleWithSuffix=DejaBrew,8840 Win64 Development -TargetType=Editor -Project="../../../../../../Users/s181813/Documents/GitHub/Chicken-Crimpy-Repository/DejaBrew/DejaBrew.uproject" -canskiplink "C:/Users/s181813/Documents/GitHub/Chicken-Crimpy-Repository/DejaBrew/DejaBrew.uproject" ]
[2019.10.30-04.21.33:624][294]Warning: Starting HotReload took  0.0s.
[2019.10.30-04.21.41:861][281]CompilerResultsLog: New page: Compilation - Oct 31, 2019, 2:21:41 AM
[2019.10.30-04.21.41:861][281]CompilerResultsLog: Using 'git status' to determine working set for adaptive non-unity build.
[2019.10.30-04.21.41:861][281]CompilerResultsLog: Creating makefile for hot reloading DejaBrewEditor (modules to compile have changed)
[2019.10.30-04.21.41:862][281]CompilerResultsLog: Compiling game modules for hot reload
[2019.10.30-04.21.41:862][281]CompilerResultsLog: Using Visual Studio 2017 14.16.27023 toolchain (C:\Program Files (x86)\Microsoft Visual Studio\2017\Enterprise\VC\Tools\MSVC\14.16.27023) and Windows 10.0.17763.0 SDK (C:\Program Files (x86)\Windows Kits\10).
[2019.10.30-04.21.41:862][281]CompilerResultsLog: Building 3 actions with 8 processes...
[2019.10.30-04.21.41:862][281]CompilerResultsLog:   [1/3] DejaBrewCharacter.cpp
[2019.10.30-04.21.41:862][281]CompilerResultsLog:   [2/3] UE4Editor-DejaBrew-8840.lib
[2019.10.30-04.21.41:862][281]CompilerResultsLog:      Creating library C:\Users\s181813\Documents\GitHub\Chicken-Crimpy-Repository\DejaBrew\Intermediate\Build\Win64\UE4Editor\Development\DejaBrew\UE4Editor-DejaBrew-8840.lib and object C:\Users\s181813\Documents\GitHub\Chicken-Crimpy-Repository\DejaBrew\Intermediate\Build\Win64\UE4Editor\Development\DejaBrew\UE4Editor-DejaBrew-8840.exp
[2019.10.30-04.21.41:862][281]CompilerResultsLog:   [3/3] UE4Editor-DejaBrew-8840.dll
[2019.10.30-04.21.41:862][281]CompilerResultsLog:      Creating library C:\Users\s181813\Documents\GitHub\Chicken-Crimpy-Repository\DejaBrew\Intermediate\Build\Win64\UE4Editor\Development\DejaBrew\UE4Editor-DejaBrew-8840.suppressed.lib and object C:\Users\s181813\Documents\GitHub\Chicken-Crimpy-Repository\DejaBrew\Intermediate\Build\Win64\UE4Editor\Development\DejaBrew\UE4Editor-DejaBrew-8840.suppressed.exp
[2019.10.30-04.21.41:862][281]CompilerResultsLog: Total build time: 8.03 seconds (Parallel executor: 3.00 seconds)
[2019.10.30-04.21.41:862][281]LogMainFrame: MainFrame: Module compiling took 8.249 seconds
[2019.10.30-04.21.41:915][281]LogContentBrowser: Native class hierarchy updated for 'DejaBrew' in 0.0003 seconds. Added 3 classes and 2 folders.
[2019.10.30-04.21.41:918][281]Display: HotReload successful (0 functions remapped  0 scriptstructs remapped)
[2019.10.30-04.21.42:043][281]LogContentBrowser: Native class hierarchy populated in 0.0080 seconds. Added 2576 classes and 607 folders.
[2019.10.30-04.21.42:043][281]Display: HotReload took  8.5s.
[2019.10.30-04.22.17:397][513]LogSlate: FSceneViewport::OnFocusLost() reason 0
[2019.10.30-04.22.17:464][521]LogTemp: Repeating last play command: New Editor Window (PIE)
[2019.10.30-04.22.17:481][521]LogBlueprintUserMessages: Early PlayInEditor Detection: Level '/Game/SideScrollerCPP/Maps/SideScrollerExampleMap.SideScrollerExampleMap:PersistentLevel' has LevelScriptBlueprint '/Game/SideScrollerCPP/Maps/SideScrollerExampleMap.SideScrollerExampleMap:PersistentLevel.SideScrollerExampleMap' with GeneratedClass '/Game/SideScrollerCPP/Maps/SideScrollerExampleMap.SideScrollerExampleMap_C' with ClassGeneratedBy '/Game/SideScrollerCPP/Maps/SideScrollerExampleMap.SideScrollerExampleMap:PersistentLevel.SideScrollerExampleMap'
[2019.10.30-04.22.17:481][521]LogPlayLevel: PlayLevel: No blueprints needed recompiling
[2019.10.30-04.22.17:496][521]PIE: New page: PIE session: SideScrollerExampleMap (Oct 31, 2019, 2:22:17 AM)
[2019.10.30-04.22.17:496][521]LogPlayLevel: Creating play world package: /Game/SideScrollerCPP/Maps/UEDPIE_0_SideScrollerExampleMap
[2019.10.30-04.22.17:518][521]LogPlayLevel: PIE: StaticDuplicateObject took: (0.022086s)
[2019.10.30-04.22.17:519][521]LogAIModule: Creating AISystem for world SideScrollerExampleMap
[2019.10.30-04.22.17:520][521]LogPlayLevel: PIE: World Init took: (0.001473s)
[2019.10.30-04.22.17:520][521]LogPlayLevel: PIE: Created PIE world by copying editor world from /Game/SideScrollerCPP/Maps/SideScrollerExampleMap.SideScrollerExampleMap to /Game/SideScrollerCPP/Maps/UEDPIE_0_SideScrollerExampleMap.SideScrollerExampleMap (0.024005s)
[2019.10.30-04.22.17:548][521]LogInit: XAudio2 using 'Realtek HD Audio 2nd output (Realtek High Definition Audio)' : 2 channels at 48 kHz using 32 bits per sample (channel mask 0x3)
[2019.10.30-04.22.17:562][521]LogInit: FAudioDevice initialized.
[2019.10.30-04.22.17:571][521]LogSlate: Updating window title bar state: overlay mode, drag disabled, window buttons hidden, title bar hidden
[2019.10.30-04.22.17:628][521]LogLoad: Game class is 'DejaBrewGameMode'
[2019.10.30-04.22.17:632][521]LogWorld: Bringing World /Game/SideScrollerCPP/Maps/UEDPIE_0_SideScrollerExampleMap.SideScrollerExampleMap up for play (max tick rate 0) at 2019.10.30-15.22.17
[2019.10.30-04.22.17:633][521]LogWorld: Bringing up level for play took: 0.002479
[2019.10.30-04.22.17:662][521]LogContentBrowser: Native class hierarchy updated for 'MovieSceneCapture' in 0.0003 seconds. Added 10 classes and 0 folders.
[2019.10.30-04.22.17:665][521]PIE: Play in editor start time for /Game/SideScrollerCPP/Maps/UEDPIE_0_SideScrollerExampleMap 0.393
[2019.10.30-04.22.17:666][521]LogBlueprintUserMessages: Late PlayInEditor Detection: Level '/Game/SideScrollerCPP/Maps/SideScrollerExampleMap.SideScrollerExampleMap:PersistentLevel' has LevelScriptBlueprint '/Game/SideScrollerCPP/Maps/SideScrollerExampleMap.SideScrollerExampleMap:PersistentLevel.SideScrollerExampleMap' with GeneratedClass '/Game/SideScrollerCPP/Maps/SideScrollerExampleMap.SideScrollerExampleMap_C' with ClassGeneratedBy '/Game/SideScrollerCPP/Maps/SideScrollerExampleMap.SideScrollerExampleMap:PersistentLevel.SideScrollerExampleMap'
[2019.10.30-04.22.17:707][521]LogRenderer: Reallocating scene render targets to support 1292x756 Format 10 NumSamples 1 (Frame:1).
[2019.10.30-04.22.20:762][882]LogBlueprintUserMessages: Early EndPlayMap Detection: Level '/Game/SideScrollerCPP/Maps/SideScrollerExampleMap.SideScrollerExampleMap:PersistentLevel' has LevelScriptBlueprint '/Game/SideScrollerCPP/Maps/SideScrollerExampleMap.SideScrollerExampleMap:PersistentLevel.SideScrollerExampleMap' with GeneratedClass '/Game/SideScrollerCPP/Maps/SideScrollerExampleMap.SideScrollerExampleMap_C' with ClassGeneratedBy '/Game/SideScrollerCPP/Maps/SideScrollerExampleMap.SideScrollerExampleMap:PersistentLevel.SideScrollerExampleMap'
[2019.10.30-04.22.20:763][882]LogSlate: Updating window title bar state: overlay mode, drag disabled, window buttons hidden, title bar hidden
[2019.10.30-04.22.20:780][882]LogSlate: Window 'DejaBrew Game Preview Standalone (64-bit/PCD3D_SM5)' being destroyed
[2019.10.30-04.22.20:819][882]LogPlayLevel: Display: Shutting down PIE online subsystems
[2019.10.30-04.22.20:819][882]LogBlueprintUserMessages: Late EndPlayMap Detection: Level '/Game/SideScrollerCPP/Maps/SideScrollerExampleMap.SideScrollerExampleMap:PersistentLevel' has LevelScriptBlueprint '/Game/SideScrollerCPP/Maps/SideScrollerExampleMap.SideScrollerExampleMap:PersistentLevel.SideScrollerExampleMap' with GeneratedClass '/Game/SideScrollerCPP/Maps/SideScrollerExampleMap.SideScrollerExampleMap_C' with ClassGeneratedBy '/Game/SideScrollerCPP/Maps/SideScrollerExampleMap.SideScrollerExampleMap:PersistentLevel.SideScrollerExampleMap'
[2019.10.30-04.22.20:876][884]LogPlayLevel: Display: Destroying online subsystem :Context_3
[2019.10.30-04.24.02:586][745]Candidate modules for hot reload:
[2019.10.30-04.24.02:586][745]  DejaBrew
[2019.10.30-04.24.02:586][745]Launching UnrealBuildTool... [C:/Program Files/Epic Games/UE_4.20/Engine/Binaries/DotNET/UnrealBuildTool.exe  -ModuleWithSuffix=DejaBrew,3137 Win64 Development -TargetType=Editor -Project="../../../../../../Users/s181813/Documents/GitHub/Chicken-Crimpy-Repository/DejaBrew/DejaBrew.uproject" -canskiplink "C:/Users/s181813/Documents/GitHub/Chicken-Crimpy-Repository/DejaBrew/DejaBrew.uproject" ]
[2019.10.30-04.24.02:590][745]Warning: Starting HotReload took  0.0s.
[2019.10.30-04.24.07:465][329]CompilerResultsLog: New page: Compilation - Oct 31, 2019, 2:24:07 AM
[2019.10.30-04.24.07:465][329]CompilerResultsLog: Using 'git status' to determine working set for adaptive non-unity build.
[2019.10.30-04.24.07:465][329]CompilerResultsLog: Compiling game modules for hot reload
[2019.10.30-04.24.07:466][329]CompilerResultsLog: Building 3 actions with 8 processes...
[2019.10.30-04.24.07:466][329]CompilerResultsLog:   [1/3] DejaBrewCharacter.cpp
[2019.10.30-04.24.07:466][329]CompilerResultsLog:   [2/3] UE4Editor-DejaBrew-3137.lib
[2019.10.30-04.24.07:466][329]CompilerResultsLog:      Creating library C:\Users\s181813\Documents\GitHub\Chicken-Crimpy-Repository\DejaBrew\Intermediate\Build\Win64\UE4Editor\Development\DejaBrew\UE4Editor-DejaBrew-3137.lib and object C:\Users\s181813\Documents\GitHub\Chicken-Crimpy-Repository\DejaBrew\Intermediate\Build\Win64\UE4Editor\Development\DejaBrew\UE4Editor-DejaBrew-3137.exp
[2019.10.30-04.24.07:466][329]CompilerResultsLog:   [3/3] UE4Editor-DejaBrew-3137.dll
[2019.10.30-04.24.07:466][329]CompilerResultsLog:      Creating library C:\Users\s181813\Documents\GitHub\Chicken-Crimpy-Repository\DejaBrew\Intermediate\Build\Win64\UE4Editor\Development\DejaBrew\UE4Editor-DejaBrew-3137.suppressed.lib and object C:\Users\s181813\Documents\GitHub\Chicken-Crimpy-Repository\DejaBrew\Intermediate\Build\Win64\UE4Editor\Development\DejaBrew\UE4Editor-DejaBrew-3137.suppressed.exp
[2019.10.30-04.24.07:466][329]CompilerResultsLog: Total build time: 4.67 seconds (Parallel executor: 3.17 seconds)
[2019.10.30-04.24.07:466][329]LogMainFrame: MainFrame: Module compiling took 4.887 seconds
[2019.10.30-04.24.07:516][329]LogContentBrowser: Native class hierarchy updated for 'DejaBrew' in 0.0003 seconds. Added 3 classes and 2 folders.
[2019.10.30-04.24.07:520][329]Display: HotReload successful (0 functions remapped  0 scriptstructs remapped)
[2019.10.30-04.24.07:569][329]LogContentBrowser: Native class hierarchy populated in 0.0084 seconds. Added 2576 classes and 607 folders.
[2019.10.30-04.24.07:569][329]Display: HotReload took  5.0s.
[2019.10.30-04.24.10:342][661]LogTemp: Repeating last play command: New Editor Window (PIE)
[2019.10.30-04.24.10:359][661]LogBlueprintUserMessages: Early PlayInEditor Detection: Level '/Game/SideScrollerCPP/Maps/SideScrollerExampleMap.SideScrollerExampleMap:PersistentLevel' has LevelScriptBlueprint '/Game/SideScrollerCPP/Maps/SideScrollerExampleMap.SideScrollerExampleMap:PersistentLevel.SideScrollerExampleMap' with GeneratedClass '/Game/SideScrollerCPP/Maps/SideScrollerExampleMap.SideScrollerExampleMap_C' with ClassGeneratedBy '/Game/SideScrollerCPP/Maps/SideScrollerExampleMap.SideScrollerExampleMap:PersistentLevel.SideScrollerExampleMap'
[2019.10.30-04.24.10:359][661]LogPlayLevel: PlayLevel: No blueprints needed recompiling
[2019.10.30-04.24.10:359][661]PIE: New page: PIE session: SideScrollerExampleMap (Oct 31, 2019, 2:24:10 AM)
[2019.10.30-04.24.10:359][661]LogPlayLevel: Creating play world package: /Game/SideScrollerCPP/Maps/UEDPIE_0_SideScrollerExampleMap
[2019.10.30-04.24.10:370][661]LogPlayLevel: PIE: StaticDuplicateObject took: (0.010351s)
[2019.10.30-04.24.10:371][661]LogAIModule: Creating AISystem for world SideScrollerExampleMap
[2019.10.30-04.24.10:371][661]LogPlayLevel: PIE: World Init took: (0.001039s)
[2019.10.30-04.24.10:371][661]LogPlayLevel: PIE: Created PIE world by copying editor world from /Game/SideScrollerCPP/Maps/SideScrollerExampleMap.SideScrollerExampleMap to /Game/SideScrollerCPP/Maps/UEDPIE_0_SideScrollerExampleMap.SideScrollerExampleMap (0.011795s)
[2019.10.30-04.24.10:399][661]LogInit: XAudio2 using 'Realtek HD Audio 2nd output (Realtek High Definition Audio)' : 2 channels at 48 kHz using 32 bits per sample (channel mask 0x3)
[2019.10.30-04.24.10:413][661]LogInit: FAudioDevice initialized.
[2019.10.30-04.24.10:422][661]LogSlate: Updating window title bar state: overlay mode, drag disabled, window buttons hidden, title bar hidden
[2019.10.30-04.24.10:468][661]LogLoad: Game class is 'DejaBrewGameMode'
[2019.10.30-04.24.10:471][661]LogWorld: Bringing World /Game/SideScrollerCPP/Maps/UEDPIE_0_SideScrollerExampleMap.SideScrollerExampleMap up for play (max tick rate 0) at 2019.10.30-15.24.10
[2019.10.30-04.24.10:471][661]LogWorld: Bringing up level for play took: 0.002107
[2019.10.30-04.24.10:487][661]PIE: Play in editor start time for /Game/SideScrollerCPP/Maps/UEDPIE_0_SideScrollerExampleMap -0.785
[2019.10.30-04.24.10:488][661]LogBlueprintUserMessages: Late PlayInEditor Detection: Level '/Game/SideScrollerCPP/Maps/SideScrollerExampleMap.SideScrollerExampleMap:PersistentLevel' has LevelScriptBlueprint '/Game/SideScrollerCPP/Maps/SideScrollerExampleMap.SideScrollerExampleMap:PersistentLevel.SideScrollerExampleMap' with GeneratedClass '/Game/SideScrollerCPP/Maps/SideScrollerExampleMap.SideScrollerExampleMap_C' with ClassGeneratedBy '/Game/SideScrollerCPP/Maps/SideScrollerExampleMap.SideScrollerExampleMap:PersistentLevel.SideScrollerExampleMap'
[2019.10.30-04.24.17:908][544]LogBlueprintUserMessages: Early EndPlayMap Detection: Level '/Game/SideScrollerCPP/Maps/SideScrollerExampleMap.SideScrollerExampleMap:PersistentLevel' has LevelScriptBlueprint '/Game/SideScrollerCPP/Maps/SideScrollerExampleMap.SideScrollerExampleMap:PersistentLevel.SideScrollerExampleMap' with GeneratedClass '/Game/SideScrollerCPP/Maps/SideScrollerExampleMap.SideScrollerExampleMap_C' with ClassGeneratedBy '/Game/SideScrollerCPP/Maps/SideScrollerExampleMap.SideScrollerExampleMap:PersistentLevel.SideScrollerExampleMap'
[2019.10.30-04.24.17:909][544]LogSlate: Updating window title bar state: overlay mode, drag disabled, window buttons hidden, title bar hidden
[2019.10.30-04.24.17:925][544]LogSlate: Window 'DejaBrew Game Preview Standalone (64-bit/PCD3D_SM5)' being destroyed
[2019.10.30-04.24.17:964][544]LogPlayLevel: Display: Shutting down PIE online subsystems
[2019.10.30-04.24.17:965][544]LogBlueprintUserMessages: Late EndPlayMap Detection: Level '/Game/SideScrollerCPP/Maps/SideScrollerExampleMap.SideScrollerExampleMap:PersistentLevel' has LevelScriptBlueprint '/Game/SideScrollerCPP/Maps/SideScrollerExampleMap.SideScrollerExampleMap:PersistentLevel.SideScrollerExampleMap' with GeneratedClass '/Game/SideScrollerCPP/Maps/SideScrollerExampleMap.SideScrollerExampleMap_C' with ClassGeneratedBy '/Game/SideScrollerCPP/Maps/SideScrollerExampleMap.SideScrollerExampleMap:PersistentLevel.SideScrollerExampleMap'
[2019.10.30-04.24.18:027][546]LogPlayLevel: Display: Destroying online subsystem :Context_4
[2019.10.30-04.24.24:064][878]LogTemp: Repeating last play command: New Editor Window (PIE)
[2019.10.30-04.24.24:080][878]LogBlueprintUserMessages: Early PlayInEditor Detection: Level '/Game/SideScrollerCPP/Maps/SideScrollerExampleMap.SideScrollerExampleMap:PersistentLevel' has LevelScriptBlueprint '/Game/SideScrollerCPP/Maps/SideScrollerExampleMap.SideScrollerExampleMap:PersistentLevel.SideScrollerExampleMap' with GeneratedClass '/Game/SideScrollerCPP/Maps/SideScrollerExampleMap.SideScrollerExampleMap_C' with ClassGeneratedBy '/Game/SideScrollerCPP/Maps/SideScrollerExampleMap.SideScrollerExampleMap:PersistentLevel.SideScrollerExampleMap'
[2019.10.30-04.24.24:080][878]LogPlayLevel: PlayLevel: No blueprints needed recompiling
[2019.10.30-04.24.24:080][878]PIE: New page: PIE session: SideScrollerExampleMap (Oct 31, 2019, 2:24:24 AM)
[2019.10.30-04.24.24:081][878]LogPlayLevel: Creating play world package: /Game/SideScrollerCPP/Maps/UEDPIE_0_SideScrollerExampleMap
[2019.10.30-04.24.24:092][878]LogPlayLevel: PIE: StaticDuplicateObject took: (0.011347s)
[2019.10.30-04.24.24:093][878]LogAIModule: Creating AISystem for world SideScrollerExampleMap
[2019.10.30-04.24.24:094][878]LogPlayLevel: PIE: World Init took: (0.001259s)
[2019.10.30-04.24.24:094][878]LogPlayLevel: PIE: Created PIE world by copying editor world from /Game/SideScrollerCPP/Maps/SideScrollerExampleMap.SideScrollerExampleMap to /Game/SideScrollerCPP/Maps/UEDPIE_0_SideScrollerExampleMap.SideScrollerExampleMap (0.013005s)
[2019.10.30-04.24.24:123][878]LogInit: XAudio2 using 'Realtek HD Audio 2nd output (Realtek High Definition Audio)' : 2 channels at 48 kHz using 32 bits per sample (channel mask 0x3)
[2019.10.30-04.24.24:134][878]LogInit: FAudioDevice initialized.
[2019.10.30-04.24.24:145][878]LogSlate: Updating window title bar state: overlay mode, drag disabled, window buttons hidden, title bar hidden
[2019.10.30-04.24.24:188][878]LogLoad: Game class is 'DejaBrewGameMode'
[2019.10.30-04.24.24:191][878]LogWorld: Bringing World /Game/SideScrollerCPP/Maps/UEDPIE_0_SideScrollerExampleMap.SideScrollerExampleMap up for play (max tick rate 0) at 2019.10.30-15.24.24
[2019.10.30-04.24.24:192][878]LogWorld: Bringing up level for play took: 0.002095
[2019.10.30-04.24.24:207][878]PIE: Play in editor start time for /Game/SideScrollerCPP/Maps/UEDPIE_0_SideScrollerExampleMap 0.935
[2019.10.30-04.24.24:208][878]LogBlueprintUserMessages: Late PlayInEditor Detection: Level '/Game/SideScrollerCPP/Maps/SideScrollerExampleMap.SideScrollerExampleMap:PersistentLevel' has LevelScriptBlueprint '/Game/SideScrollerCPP/Maps/SideScrollerExampleMap.SideScrollerExampleMap:PersistentLevel.SideScrollerExampleMap' with GeneratedClass '/Game/SideScrollerCPP/Maps/SideScrollerExampleMap.SideScrollerExampleMap_C' with ClassGeneratedBy '/Game/SideScrollerCPP/Maps/SideScrollerExampleMap.SideScrollerExampleMap:PersistentLevel.SideScrollerExampleMap'
[2019.10.30-04.24.29:359][461]LogBlueprintUserMessages: Early EndPlayMap Detection: Level '/Game/SideScrollerCPP/Maps/SideScrollerExampleMap.SideScrollerExampleMap:PersistentLevel' has LevelScriptBlueprint '/Game/SideScrollerCPP/Maps/SideScrollerExampleMap.SideScrollerExampleMap:PersistentLevel.SideScrollerExampleMap' with GeneratedClass '/Game/SideScrollerCPP/Maps/SideScrollerExampleMap.SideScrollerExampleMap_C' with ClassGeneratedBy '/Game/SideScrollerCPP/Maps/SideScrollerExampleMap.SideScrollerExampleMap:PersistentLevel.SideScrollerExampleMap'
[2019.10.30-04.24.29:359][461]LogSlate: Updating window title bar state: overlay mode, drag disabled, window buttons hidden, title bar hidden
[2019.10.30-04.24.29:377][461]LogSlate: Window 'DejaBrew Game Preview Standalone (64-bit/PCD3D_SM5)' being destroyed
[2019.10.30-04.24.29:418][461]LogPlayLevel: Display: Shutting down PIE online subsystems
[2019.10.30-04.24.29:419][461]LogBlueprintUserMessages: Late EndPlayMap Detection: Level '/Game/SideScrollerCPP/Maps/SideScrollerExampleMap.SideScrollerExampleMap:PersistentLevel' has LevelScriptBlueprint '/Game/SideScrollerCPP/Maps/SideScrollerExampleMap.SideScrollerExampleMap:PersistentLevel.SideScrollerExampleMap' with GeneratedClass '/Game/SideScrollerCPP/Maps/SideScrollerExampleMap.SideScrollerExampleMap_C' with ClassGeneratedBy '/Game/SideScrollerCPP/Maps/SideScrollerExampleMap.SideScrollerExampleMap:PersistentLevel.SideScrollerExampleMap'
[2019.10.30-04.24.29:461][462]LogPlayLevel: Display: Destroying online subsystem :Context_5
