Log file open, 11/18/19 11:34:58
LogWindows: Failed to load 'aqProf.dll' (GetLastError=126)
LogWindows: File 'aqProf.dll' does not exist
LogWindows: Failed to load 'VSPerf140.dll' (GetLastError=126)
LogWindows: File 'VSPerf140.dll' does not exist
LogWindows: Failed to load 'VtuneApi.dll' (GetLastError=126)
LogWindows: File 'VtuneApi.dll' does not exist
LogWindows: Failed to load 'VtuneApi32e.dll' (GetLastError=126)
LogWindows: File 'VtuneApi32e.dll' does not exist
LogInit: Display: Running engine for game: DejaBrew
LogPlatformFile: Not using cached read wrapper
LogTaskGraph: Started task graph with 5 named threads and 23 total threads with 3 sets of task threads.
LogStats: Stats thread started at 0.383040
LogD3D11RHI: Loaded GFSDK_Aftermath_Lib.x64.dll
LogICUInternationalization: Display: ICU TimeZone Detection - Raw Offset: +10:00, Platform Override: ''
LogPluginManager: Mounting plugin Paper2D
LogPluginManager: Mounting plugin AISupport
LogPluginManager: Mounting plugin LightPropagationVolume
LogPluginManager: Mounting plugin CLionSourceCodeAccess
LogPluginManager: Mounting plugin CodeLiteSourceCodeAccess
LogPluginManager: Mounting plugin GitSourceControl
LogPluginManager: Mounting plugin KDevelopSourceCodeAccess
LogPluginManager: Mounting plugin NullSourceCodeAccess
LogPluginManager: Mounting plugin PerforceSourceControl
LogPluginManager: Mounting plugin SubversionSourceControl
LogPluginManager: Mounting plugin UObjectPlugin
LogPluginManager: Mounting plugin VisualStudioCodeSourceCodeAccess
LogPluginManager: Mounting plugin VisualStudioSourceCodeAccess
LogPluginManager: Mounting plugin XCodeSourceCodeAccess
LogPluginManager: Mounting plugin AssetManagerEditor
LogPluginManager: Mounting plugin CryptoKeys
LogPluginManager: Mounting plugin DataValidation
LogPluginManager: Mounting plugin FacialAnimation
LogPluginManager: Mounting plugin GameplayTagsEditor
LogPluginManager: Mounting plugin MacGraphicsSwitching
LogPluginManager: Mounting plugin MeshEditor
LogPluginManager: Mounting plugin MobileLauncherProfileWizard
LogPluginManager: Mounting plugin PluginBrowser
LogPluginManager: Mounting plugin SpeedTreeImporter
LogPluginManager: Mounting plugin DatasmithContent
LogPluginManager: Mounting plugin AlembicImporter
LogPluginManager: Mounting plugin AppleImageUtils
LogPluginManager: Mounting plugin AppleVision
LogPluginManager: Mounting plugin BackChannel
LogPluginManager: Mounting plugin CharacterAI
LogPluginManager: Mounting plugin GeometryCache
LogPluginManager: Mounting plugin HTML5Networking
LogPluginManager: Mounting plugin ProxyLODPlugin
LogPluginManager: Mounting plugin MagicLeap
LogPluginManager: Mounting plugin MagicLeapEmulator
LogPluginManager: Mounting plugin MagicLeapMedia
LogPluginManager: Mounting plugin AndroidMedia
LogPluginManager: Mounting plugin AvfMedia
LogPluginManager: Mounting plugin ImgMedia
LogPluginManager: Mounting plugin LinearTimecode
LogPluginManager: Mounting plugin MediaCompositing
LogPluginManager: Mounting plugin MediaPlayerEditor
LogPluginManager: Mounting plugin WmfMedia
LogPluginManager: Mounting plugin TcpMessaging
LogPluginManager: Mounting plugin UdpMessaging
LogPluginManager: Mounting plugin ActorSequence
LogPluginManager: Mounting plugin LevelSequenceEditor
LogPluginManager: Mounting plugin MatineeToLevelSequence
LogPluginManager: Mounting plugin NetcodeUnitTest
LogPluginManager: Mounting plugin NUTUnrealEngine4
LogPluginManager: Mounting plugin OnlineSubsystemGooglePlay
LogPluginManager: Mounting plugin OnlineSubsystemIOS
LogPluginManager: Mounting plugin OnlineSubsystem
LogPluginManager: Mounting plugin OnlineSubsystemNull
LogPluginManager: Mounting plugin OnlineSubsystemUtils
LogPluginManager: Mounting plugin LauncherChunkInstaller
LogPluginManager: Mounting plugin AndroidDeviceProfileSelector
LogPluginManager: Mounting plugin AndroidMoviePlayer
LogPluginManager: Mounting plugin AndroidPermission
LogPluginManager: Mounting plugin AppleMoviePlayer
LogPluginManager: Mounting plugin ArchVisCharacter
LogPluginManager: Mounting plugin AudioCapture
LogPluginManager: Mounting plugin CableComponent
LogPluginManager: Mounting plugin CustomMeshComponent
LogPluginManager: Mounting plugin EditableMesh
LogPluginManager: Mounting plugin ExampleDeviceProfileSelector
LogPluginManager: Mounting plugin GoogleCloudMessaging
LogPluginManager: Mounting plugin ImmediatePhysics
LogPluginManager: Mounting plugin IOSDeviceProfileSelector
LogPluginManager: Mounting plugin LinuxDeviceProfileSelector
LogPluginManager: Mounting plugin LocationServicesBPLibrary
LogPluginManager: Mounting plugin MobilePatchingUtils
LogPluginManager: Mounting plugin OculusVR
LogPluginManager: Plugin shader directory ../../../Engine/Plugins/Runtime/Oculus/OculusVR/Shaders found
LogPluginManager: Mapping shader source directory ../../../Engine/Plugins/Runtime/Oculus/OculusVR/Shaders to virtual directory /Plugin/OculusVR
LogPluginManager: Mounting plugin PhysXVehicles
LogPluginManager: Mounting plugin ProceduralMeshComponent
LogPluginManager: Mounting plugin RuntimePhysXCooking
LogPluginManager: Mounting plugin SteamVR
LogPluginManager: Mounting plugin WindowsMoviePlayer
LogStreaming: Display: Took  0.139s to configure plugins.
LogInit: Using libcurl 7.55.1-DEV
LogInit:  - built for x86_64-pc-win32
LogInit:  - supports SSL with OpenSSL/1.0.2h
LogInit:  - supports HTTP deflate (compression) using libz 1.2.8
LogInit:  - other features:
LogInit:      CURL_VERSION_SSL
LogInit:      CURL_VERSION_LIBZ
LogInit:      CURL_VERSION_IPV6
LogInit:      CURL_VERSION_ASYNCHDNS
LogInit:      CURL_VERSION_LARGEFILE
LogInit:      CURL_VERSION_IDN
LogInit:  CurlRequestOptions (configurable via config and command line):
LogInit:  - bVerifyPeer = false  - Libcurl will NOT verify peer certificate
LogInit:  - bUseHttpProxy = false  - Libcurl will NOT use HTTP proxy
LogInit:  - bDontReuseConnections = false  - Libcurl will reuse connections
LogInit:  - CertBundlePath = nullptr  - Libcurl will use whatever was configured at build time.
LogInit:  - MaxHostConnections = 16  - Libcurl will limit the number of connections to a host
LogInit:  - LocalHostAddr = Default
LogInit:  - BufferSize = 65536
LogInit: WinSock: version 1.1 (2.2), MaxSocks=32767, MaxUdp=65467
LogInit: Build: ++UE4+Release-4.20-CL-4369336
LogInit: Engine Version: 4.20.3-4369336+++UE4+Release-4.20
LogInit: Compatible Engine Version: 4.20.0-4212847+++UE4+Release-4.20
LogInit: Net CL: 4212847
LogInit: OS: Windows 10 (), CPU: Intel(R) Core(TM) i7-6700 CPU @ 3.40GHz, GPU: NVIDIA GeForce GTX 960
LogInit: Compiled (64-bit): Sep 17 2018 12:26:19
LogInit: Compiled with Visual C++: 19.13.26129.00
LogInit: Build Configuration: Development
LogInit: Branch Name: ++UE4+Release-4.20
LogInit: Command Line:  -skipcompile
LogInit: Base Directory: C:/Program Files/Epic Games/UE_4.20/Engine/Binaries/Win64/
LogInit: Installed Engine Build: 1
LogDevObjectVersion: Number of dev versions registered: 20
LogDevObjectVersion:   Dev-Blueprints (B0D832E4-1F89-4F0D-ACCF-7EB736FD4AA2): 10
LogDevObjectVersion:   Dev-Build (E1C64328-A22C-4D53-A36C-8E866417BD8C): 0
LogDevObjectVersion:   Dev-Core (375EC13C-06E4-48FB-B500-84F0262A717E): 2
LogDevObjectVersion:   Dev-Editor (E4B068ED-F494-42E9-A231-DA0B2E46BB41): 24
LogDevObjectVersion:   Dev-Framework (CFFC743F-43B0-4480-9391-14DF171D2073): 34
LogDevObjectVersion:   Dev-Mobile (B02B49B5-BB20-44E9-A304-32B752E40360): 2
LogDevObjectVersion:   Dev-Networking (A4E4105C-59A1-49B5-A7C5-40C4547EDFEE): 0
LogDevObjectVersion:   Dev-Online (39C831C9-5AE6-47DC-9A44-9C173E1C8E7C): 0
LogDevObjectVersion:   Dev-Physics (78F01B33-EBEA-4F98-B9B4-84EACCB95AA2): 0
LogDevObjectVersion:   Dev-Platform (6631380F-2D4D-43E0-8009-CF276956A95A): 0
LogDevObjectVersion:   Dev-Rendering (12F88B9F-8875-4AFC-A67C-D90C383ABD29): 26
LogDevObjectVersion:   Dev-Sequencer (7B5AE74C-D270-4C10-A958-57980B212A5A): 9
LogDevObjectVersion:   Dev-VR (D7296918-1DD6-4BDD-9DE2-64A83CC13884): 2
LogDevObjectVersion:   Dev-LoadTimes (C2A15278-BFE7-4AFE-6C17-90FF531DF755): 1
LogDevObjectVersion:   Private-Geometry (6EACA3D4-40EC-4CC1-B786-8BED09428FC5): 3
LogDevObjectVersion:   Dev-AnimPhys (29E575DD-E0A3-4627-9D10-D276232CDCEA): 17
LogDevObjectVersion:   Dev-ReflectionCapture (6B266CEC-1EC7-4B8F-A30B-E4D90942FC07): 1
LogDevObjectVersion:   Dev-Automation (0DF73D61-A23F-47EA-B727-89E90C41499A): 1
LogDevObjectVersion:   FortniteMain (601D1886-AC64-4F84-AA16-D3DE0DEAC7D6): 12
LogDevObjectVersion:   Dev-Enterprise (9DFFBCD6-494F-0158-E221-12823C92A888): 1
LogStreaming: Display: Took  0.003s to delete old logs.
LogInit: Presizing for max 8388607 objects, including 0 objects not considered by GC, pre-allocating 0 bytes for permanent pool.
LogInit: Object subsystem initialized
[2019.11.18-00.34.58:911][  0]LogInit: Selected Device Profile: [Windows]
[2019.11.18-00.34.58:911][  0]LogInit: Applying CVar settings loaded from the selected device profile: [Windows]
[2019.11.18-00.34.58:942][  0]LogHAL: Display: Platform has ~ 32 GB [34293071872 / 34359738368 / 32], which maps to Largest [LargestMinGB=32, LargerMinGB=12, DefaultMinGB=8, SmallerMinGB=6, SmallestMinGB=0)
[2019.11.18-00.34.58:942][  0]LogInit: Setting Device Profile CVar: [[r.Vulkan.UseRealUBs:1]]
[2019.11.18-00.34.58:942][  0]LogInit: Going up to parent DeviceProfile []
[2019.11.18-00.34.58:950][  0]LogInit: Computer: SYD-4DE60A
[2019.11.18-00.34.58:950][  0]LogInit: User: s181813
[2019.11.18-00.34.58:950][  0]LogInit: CPU Page size=4096, Cores=4
[2019.11.18-00.34.58:950][  0]LogInit: High frequency timer resolution =3.328121 MHz
[2019.11.18-00.34.58:950][  0]LogMemory: Memory total: Physical=31.9GB (32GB approx)
[2019.11.18-00.34.58:950][  0]LogMemory: Platform Memory Stats for Windows
[2019.11.18-00.34.58:950][  0]LogMemory: Process Physical Memory: 102.18 MB used, 102.18 MB peak
[2019.11.18-00.34.58:950][  0]LogMemory: Process Virtual Memory: 96.57 MB used, 96.57 MB peak
[2019.11.18-00.34.58:950][  0]LogMemory: Physical Memory: 6300.04 MB used,  26404.38 MB free, 32704.42 MB total
[2019.11.18-00.34.58:950][  0]LogMemory: Virtual Memory: 4646.54 MB used,  26404.38 MB free, 134217728.00 MB total
[2019.11.18-00.34.59:173][  0]LogInit: Using OS detected language (en-US).
[2019.11.18-00.34.59:173][  0]LogInit: Using OS detected locale (en-US).
[2019.11.18-00.34.59:173][  0]LogTextLocalizationManager: No specific localization for 'en-US' exists, so the 'en' localization will be used.
[2019.11.18-00.34.59:642][  0]LogStreaming: Display: Took  0.469s to InitEngineTextLocalization.
[2019.11.18-00.34.59:642][  0]LogInit: Setting process to per monitor DPI aware
[2019.11.18-00.34.59:710][  0]LogSlate: New Slate User Created.  User Index 0, Is Virtual User: 0
[2019.11.18-00.34.59:710][  0]LogSlate: Slate User Registered.  User Index 0, Is Virtual User: 0
[2019.11.18-00.35.01:466][  0]LogHMD: Failed to initialize OpenVR with code 110
[2019.11.18-00.35.01:467][  0]LogD3D11RHI: D3D11 adapters:
[2019.11.18-00.35.01:535][  0]LogD3D11RHI:    0. 'NVIDIA GeForce GTX 960' (Feature Level 11_0)
[2019.11.18-00.35.01:535][  0]LogD3D11RHI:       4053/0/16352 MB DedicatedVideo/DedicatedSystem/SharedSystem, Outputs:2, VendorId:0x10de
[2019.11.18-00.35.01:538][  0]LogD3D11RHI:    1. 'Microsoft Basic Render Driver' (Feature Level 11_0)
[2019.11.18-00.35.01:538][  0]LogD3D11RHI:       0/0/16352 MB DedicatedVideo/DedicatedSystem/SharedSystem, Outputs:0, VendorId:0x1414
[2019.11.18-00.35.01:538][  0]LogD3D11RHI: Chosen D3D11 Adapter: 0
[2019.11.18-00.35.01:543][  0]LogD3D11RHI: Creating new Direct3DDevice
[2019.11.18-00.35.01:543][  0]LogD3D11RHI:     GPU DeviceId: 0x1401 (for the marketing name, search the web for "GPU Device Id")
[2019.11.18-00.35.01:543][  0]LogWindows: EnumDisplayDevices:
[2019.11.18-00.35.01:544][  0]LogWindows:    0. 'NVIDIA GeForce GTX 960' (P:1 D:1)
[2019.11.18-00.35.01:544][  0]LogWindows:    1. 'NVIDIA GeForce GTX 960' (P:0 D:1)
[2019.11.18-00.35.01:544][  0]LogWindows:    2. 'NVIDIA GeForce GTX 960' (P:0 D:0)
[2019.11.18-00.35.01:545][  0]LogWindows:    3. 'NVIDIA GeForce GTX 960' (P:0 D:0)
[2019.11.18-00.35.01:545][  0]LogWindows: DebugString: FoundDriverCount:4 
[2019.11.18-00.35.01:545][  0]LogD3D11RHI:     Adapter Name: NVIDIA GeForce GTX 960
[2019.11.18-00.35.01:545][  0]LogD3D11RHI:   Driver Version: 417.35 (internal:25.21.14.1735, unified:417.35)
[2019.11.18-00.35.01:545][  0]LogD3D11RHI:      Driver Date: 12-11-2018
[2019.11.18-00.35.01:545][  0]LogRHI: Texture pool is 2837 MB (70% of 4053 MB)
[2019.11.18-00.35.01:585][  0]LogD3D11RHI: Async texture creation enabled
[2019.11.18-00.35.01:600][  0]LogD3D11RHI: GPU Timing Frequency: 1000.000000 (Debug: 2 2)
[2019.11.18-00.35.01:602][  0]LogShaderCompilers: Guid format shader working directory is -35 characters bigger than the processId version (../../../../../../Users/s181813/Documents/GitHub/Chicken-Crimpy-Repository/DejaBrew/Intermediate/Shaders/WorkingDirectory/7304/).
[2019.11.18-00.35.01:602][  0]LogShaderCompilers: Cleaned the shader compiler working directory 'C:/Users/s181813/AppData/Local/Temp/UnrealShaderWorkingDir/FE1CC7A9417B5EF03C5184B0944C2912/'.
[2019.11.18-00.35.01:810][  0]LogTemp: Display: Loaded TP AllDesktopTargetPlatform
[2019.11.18-00.35.01:824][  0]LogTemp: Display: Loaded TP MacClientTargetPlatform
[2019.11.18-00.35.01:837][  0]LogTemp: Display: Loaded TP MacNoEditorTargetPlatform
[2019.11.18-00.35.01:849][  0]LogTemp: Display: Loaded TP MacServerTargetPlatform
[2019.11.18-00.35.01:866][  0]LogTemp: Display: Loaded TP MacTargetPlatform
[2019.11.18-00.35.01:879][  0]LogTemp: Display: Loaded TP WindowsClientTargetPlatform
[2019.11.18-00.35.01:892][  0]LogTemp: Display: Loaded TP WindowsNoEditorTargetPlatform
[2019.11.18-00.35.01:905][  0]LogTemp: Display: Loaded TP WindowsServerTargetPlatform
[2019.11.18-00.35.01:912][  0]LogTemp: Display: Loaded TP WindowsTargetPlatform
[2019.11.18-00.35.01:986][  0]LogTemp: Display: Loaded TP AndroidTargetPlatform
[2019.11.18-00.35.01:986][  0]LogTemp: Display: Loaded TP AndroidTargetPlatform
[2019.11.18-00.35.01:986][  0]LogTemp: Display: Loaded TP AndroidTargetPlatform
[2019.11.18-00.35.01:987][  0]LogTemp: Display: Loaded TP AndroidTargetPlatform
[2019.11.18-00.35.01:987][  0]LogTemp: Display: Loaded TP AndroidTargetPlatform
[2019.11.18-00.35.01:987][  0]LogTemp: Display: Loaded TP AndroidTargetPlatform
[2019.11.18-00.35.01:987][  0]LogTemp: Display: Loaded TP AndroidTargetPlatform
[2019.11.18-00.35.01:987][  0]LogTemp: Display: Loaded TP AndroidTargetPlatform
[2019.11.18-00.35.01:987][  0]LogTemp: Display: Loaded TP AndroidTargetPlatform
[2019.11.18-00.35.01:987][  0]LogTemp: Display: Loaded TP AndroidTargetPlatform
[2019.11.18-00.35.01:987][  0]LogTemp: Display: Loaded TP AndroidTargetPlatform
[2019.11.18-00.35.01:987][  0]LogTemp: Display: Loaded TP AndroidTargetPlatform
[2019.11.18-00.35.01:987][  0]LogTemp: Display: Loaded TP AndroidTargetPlatform
[2019.11.18-00.35.01:987][  0]LogTemp: Display: Loaded TP AndroidTargetPlatform
[2019.11.18-00.35.01:987][  0]LogTemp: Display: Loaded TP AndroidTargetPlatform
[2019.11.18-00.35.01:988][  0]LogTemp: Display: Loaded TP AndroidTargetPlatform
[2019.11.18-00.35.01:988][  0]LogTemp: Display: Loaded TP AndroidTargetPlatform
[2019.11.18-00.35.01:988][  0]LogTemp: Display: Loaded TP AndroidTargetPlatform
[2019.11.18-00.35.01:990][  0]LogTemp: Display: Loaded TP HTML5TargetPlatform
[2019.11.18-00.35.02:059][  0]LogTemp: Display: Loaded TP IOSTargetPlatform
[2019.11.18-00.35.02:060][  0]LogTemp: Display: Loaded TP IOSTargetPlatform
[2019.11.18-00.35.02:083][  0]LogTemp: Display: Loaded TP TVOSTargetPlatform
[2019.11.18-00.35.02:083][  0]LogTemp: Display: Loaded TP TVOSTargetPlatform
[2019.11.18-00.35.02:095][  0]LogTemp: Display: Loaded TP LinuxClientTargetPlatform
[2019.11.18-00.35.02:107][  0]LogTemp: Display: Loaded TP LinuxNoEditorTargetPlatform
[2019.11.18-00.35.02:120][  0]LogTemp: Display: Loaded TP LinuxServerTargetPlatform
[2019.11.18-00.35.02:138][  0]LogTemp: Display: Loaded TP LinuxTargetPlatform
[2019.11.18-00.35.02:147][  0]LogTemp: Display: Loaded TP LuminTargetPlatform
[2019.11.18-00.35.02:147][  0]LogTargetPlatformManager: Display: Building Assets For Windows
[2019.11.18-00.35.02:241][  0]LogXGEController: Cleaning working directory: C:/Users/s181813/AppData/Local/Temp/UnrealXGEWorkingDir/
[2019.11.18-00.35.02:242][  0]LogXGEController: Cannot use XGE Controller as Incredibuild is not installed on this machine.
[2019.11.18-00.35.02:242][  0]LogShaderCompilers: Cannot use XGE Shader Compiler as Incredibuild is not installed on this machine.
[2019.11.18-00.35.02:242][  0]LogShaderCompilers: Display: Using Local Shader Compiler.
[2019.11.18-00.35.03:846][  0]LogDerivedDataCache: Display: Max Cache Size: 512 MB
[2019.11.18-00.35.03:898][  0]LogDerivedDataCache: Loaded boot cache 0.05s 80MB C:/Users/s181813/AppData/Local/UnrealEngine/4.20/DerivedDataCache/Boot.ddc.
[2019.11.18-00.35.03:899][  0]LogDerivedDataCache: Display: Loaded Boot cache: C:/Users/s181813/AppData/Local/UnrealEngine/4.20/DerivedDataCache/Boot.ddc
[2019.11.18-00.35.03:899][  0]LogDerivedDataCache: FDerivedDataBackendGraph:  Pak pak cache file ../../../../../../Users/s181813/Documents/GitHub/Chicken-Crimpy-Repository/DejaBrew/DerivedDataCache/DDC.ddp not found, will not use a pak cache.
[2019.11.18-00.35.03:899][  0]LogDerivedDataCache: Unable to find inner node Pak for hierarchical cache Hierarchy.
[2019.11.18-00.35.03:899][  0]LogDerivedDataCache: FDerivedDataBackendGraph:  CompressedPak pak cache file ../../../../../../Users/s181813/Documents/GitHub/Chicken-Crimpy-Repository/DejaBrew/DerivedDataCache/Compressed.ddp not found, will not use a pak cache.
[2019.11.18-00.35.03:899][  0]LogDerivedDataCache: Unable to find inner node CompressedPak for hierarchical cache Hierarchy.
[2019.11.18-00.35.03:915][  0]LogDerivedDataCache: Display: Pak cache opened for reading ../../../Engine/DerivedDataCache/Compressed.ddp.
[2019.11.18-00.35.03:928][  0]LogDerivedDataCache: Using Local data cache path C:/Users/s181813/AppData/Local/UnrealEngine/Common/DerivedDataCache: Writable
[2019.11.18-00.35.03:929][  0]LogDerivedDataCache: Shared data cache path not found in *engine.ini, will not use an Shared cache.
[2019.11.18-00.35.03:929][  0]LogDerivedDataCache: Unable to find inner node Shared for hierarchical cache Hierarchy.
[2019.11.18-00.35.03:944][  0]LogMaterial: Verifying Global Shaders for PCD3D_SM5
[2019.11.18-00.35.03:946][  0]LogSlate: Using FreeType 2.6.0
[2019.11.18-00.35.03:958][  0]LogSlate: SlateFontServices - WITH_FREETYPE: 1, WITH_HARFBUZZ: 1
[2019.11.18-00.35.04:138][  0]LogAssetRegistry: FAssetRegistry took 0.0277 seconds to start up
[2019.11.18-00.35.04:449][  0]LogInit: Selected Device Profile: [Windows]
[2019.11.18-00.35.04:675][  0]LogSimplygon: Simplygon DLL not present - disabling.
[2019.11.18-00.35.04:681][  0]LogMeshReduction: Using SimplygonSwarm for distributed automatic mesh merging
[2019.11.18-00.35.04:681][  0]LogMeshReduction: Using ProxyLODMeshReduction for automatic mesh merging
[2019.11.18-00.35.04:681][  0]LogMeshReduction: Using QuadricMeshReduction for automatic static mesh reduction
[2019.11.18-00.35.04:681][  0]LogMeshReduction: No automatic skeletal mesh reduction module available
[2019.11.18-00.35.04:716][  0]LogNetVersion: DejaBrew 1.0.0, NetCL: 4212847, EngineNetVer: 5, GameNetVer: 0 (Checksum: 719251921)
[2019.11.18-00.35.05:674][  0]LogPackageLocalizationCache: Processed 11 localized package path(s) for 2 prioritized culture(s) in 0.126964 seconds
[2019.11.18-00.35.05:681][  0]LogUObjectArray: 38425 objects as part of root set at end of initial load.
[2019.11.18-00.35.05:682][  0]LogUObjectAllocator: 6690872 out of 0 bytes used by permanent object pool.
[2019.11.18-00.35.05:682][  0]LogUObjectArray: CloseDisregardForGC: 0/0 objects in disregard for GC pool
[2019.11.18-00.35.07:904][  0]LogTcpMessaging: Initializing TcpMessaging bridge
[2019.11.18-00.35.07:920][  0]LogUdpMessaging: Initializing bridge on interface 0.0.0.0:0 to multicast group 230.0.0.1:6666.
[2019.11.18-00.35.08:267][  0]LogLinker: Error: HOTRELOADED_DejaBrewCharacter_1 has an inappropriate outermost, it was probably saved with a deprecated outer (file: ../../../../../../Users/s181813/Documents/GitHub/Chicken-Crimpy-Repository/DejaBrew/Content/SideScrollerCPP/Blueprints/Widgets/PM_OptionsWidget_BP.uasset)
[2019.11.18-00.35.08:267][  0]LogLinker: Error: HOTRELOADED_DejaBrewCharacter_1 has an inappropriate outermost, it was probably saved with a deprecated outer (file: ../../../../../../Users/s181813/Documents/GitHub/Chicken-Crimpy-Repository/DejaBrew/Content/SideScrollerCPP/Blueprints/Widgets/PM_OptionsWidget_BP.uasset)
[2019.11.18-00.35.08:267][  0]LogLinker: Error: HOTRELOADED_DejaBrewCharacter_1 has an inappropriate outermost, it was probably saved with a deprecated outer (file: ../../../../../../Users/s181813/Documents/GitHub/Chicken-Crimpy-Repository/DejaBrew/Content/SideScrollerCPP/Blueprints/Widgets/PM_OptionsWidget_BP.uasset)
[2019.11.18-00.35.08:315][  0]LogLinker: Error: HOTRELOADED_DejaBrewCharacter_1 has an inappropriate outermost, it was probably saved with a deprecated outer (file: ../../../../../../Users/s181813/Documents/GitHub/Chicken-Crimpy-Repository/DejaBrew/Content/SideScrollerCPP/Blueprints/Widgets/PM_OptionsWidget_BP.uasset)
[2019.11.18-00.35.08:317][  0]LogLinker: Error: HOTRELOADED_DejaBrewCharacter_1 has an inappropriate outermost, it was probably saved with a deprecated outer (file: ../../../../../../Users/s181813/Documents/GitHub/Chicken-Crimpy-Repository/DejaBrew/Content/SideScrollerCPP/Blueprints/Widgets/PM_OptionsWidget_BP.uasset)
[2019.11.18-00.35.08:317][  0]LogLinker: Error: HOTRELOADED_DejaBrewCharacter_1 has an inappropriate outermost, it was probably saved with a deprecated outer (file: ../../../../../../Users/s181813/Documents/GitHub/Chicken-Crimpy-Repository/DejaBrew/Content/SideScrollerCPP/Blueprints/Widgets/PM_OptionsWidget_BP.uasset)
[2019.11.18-00.35.08:516][  0]SourceControl: Source control is disabled
[2019.11.18-00.35.08:516][  0]SourceControl: Source control is disabled
[2019.11.18-00.35.08:519][  0]SourceControl: Source control is disabled
[2019.11.18-00.35.08:521][  0]SourceControl: Source control is disabled
[2019.11.18-00.35.08:753][  0]LogAndroidPermission: UAndroidPermissionCallbackProxy::GetInstance
[2019.11.18-00.35.08:824][  0]LogOcInput: OculusInput pre-init called
[2019.11.18-00.35.08:911][  0]LogEngine: Initializing Engine...
[2019.11.18-00.35.08:912][  0]LogHMD: Failed to initialize OpenVR with code 110
[2019.11.18-00.35.08:913][  0]LogStats: UGameplayTagsManager::ConstructGameplayTagTree: ImportINI prefixes -  0.000 s
[2019.11.18-00.35.08:913][  0]LogStats: UGameplayTagsManager::ConstructGameplayTagTree: Construct from data asset -  0.000 s
[2019.11.18-00.35.08:913][  0]LogStats: UGameplayTagsManager::ConstructGameplayTagTree: ImportINI -  0.000 s
[2019.11.18-00.35.08:913][  0]LogStats: UGameplayTagsManager::ConstructGameplayTagTree: GameplayTagTreeChangedEvent.Broadcast -  0.000 s
[2019.11.18-00.35.09:235][  0]LogInit: Initializing FReadOnlyCVARCache
[2019.11.18-00.35.09:246][  0]LogAIModule: Creating AISystem for world Untitled
[2019.11.18-00.35.09:254][  0]LogInit: XAudio2 using 'Realtek Digital Output (Realtek High Definition Audio)' : 2 channels at 48 kHz using 16 bits per sample (channel mask 0x3)
[2019.11.18-00.35.09:288][  0]LogInit: FAudioDevice initialized.
[2019.11.18-00.35.09:289][  0]LogNetVersion: Set ProjectVersion to 1.0.0.0. Version Checksum will be recalculated on next use.
[2019.11.18-00.35.09:363][  0]LogDerivedDataCache: Saved boot cache 0.07s 82MB C:/Users/s181813/AppData/Local/UnrealEngine/4.20/DerivedDataCache/Boot.ddc.
[2019.11.18-00.35.09:375][  0]LogInit: Texture streaming: Enabled
[2019.11.18-00.35.09:396][  0]LogEngineSessionManager: EngineSessionManager initialized
[2019.11.18-00.35.09:396][  0]LogEngineSessionManager: EngineSessionManager sent abnormal shutdown report. Type=Debugger, SessionId={2D5B39D4-4E55-13B6-849F-5285F43EB60B}
[2019.11.18-00.35.09:405][  0]LogInit: Transaction tracking system initialized
[2019.11.18-00.35.09:436][  0]BlueprintLog: New page: Editor Load
[2019.11.18-00.35.09:641][  0]LocalizationService: Localization service is disabled
[2019.11.18-00.35.10:096][  0]LogCook: Display: Max memory allowance for cook 16384mb min free memory 0mb
[2019.11.18-00.35.10:096][  0]LogCook: Display: Mobile HDR setting 1
[2019.11.18-00.35.10:096][  0]LogGameplayTags: Display: UGameplayTagsManager::DoneAddingNativeTags. DelegateIsBound: 0
[2019.11.18-00.35.10:096][  0]LogStats: UGameplayTagsManager::ConstructGameplayTagTree: ImportINI prefixes -  0.000 s
[2019.11.18-00.35.10:097][  0]LogStats: UGameplayTagsManager::ConstructGameplayTagTree: Construct from data asset -  0.000 s
[2019.11.18-00.35.10:097][  0]LogStats: UGameplayTagsManager::ConstructGameplayTagTree: ImportINI -  0.000 s
[2019.11.18-00.35.10:097][  0]LogStats: UGameplayTagsManager::ConstructGameplayTagTree: GameplayTagTreeChangedEvent.Broadcast -  0.000 s
[2019.11.18-00.35.10:305][  0]LogFileCache: Scanning file cache for directory 'C:/Users/s181813/Documents/GitHub/Chicken-Crimpy-Repository/DejaBrew/Content/' took 0.02s
[2019.11.18-00.35.10:305][  0]SourceControl: Source control is disabled
[2019.11.18-00.35.10:306][  0]Cmd: MAP LOAD FILE="../../../../../../Users/s181813/Documents/GitHub/Chicken-Crimpy-Repository/DejaBrew/Content/SideScrollerCPP/Maps/SideScrollerExampleMap.umap" TEMPLATE=0 SHOWPROGRESS=1 FEATURELEVEL=3
[2019.11.18-00.35.10:307][  0]LightingResults: New page: Lighting Build
[2019.11.18-00.35.10:309][  0]MapCheck: New page: Map Check
[2019.11.18-00.35.10:309][  0]LightingResults: New page: Lighting Build
[2019.11.18-00.35.10:846][  0]LogAIModule: Creating AISystem for world SideScrollerExampleMap
[2019.11.18-00.35.10:861][  0]LogEditorServer: Finished looking for orphan Actors (0.000 secs)
[2019.11.18-00.35.10:883][  0]Cmd: MAP CHECKDEP NOCLEARLOG
[2019.11.18-00.35.10:945][  0]MapCheck: Map check complete: 0 Error(s), 0 Warning(s), took 61.947ms to complete.
[2019.11.18-00.35.10:946][  0]LogFileHelpers: Loading map 'SideScrollerExampleMap' took 0.640
[2019.11.18-00.35.11:070][  0]LogSlate: Updating window title bar state: overlay mode, drag disabled, window buttons hidden, title bar hidden
[2019.11.18-00.35.11:079][  0]LogSlate: Updating window title bar state: overlay mode, drag disabled, window buttons hidden, title bar hidden
[2019.11.18-00.35.11:086][  0]LogSlate: Updating window title bar state: overlay mode, drag disabled, window buttons hidden, title bar hidden
[2019.11.18-00.35.11:093][  0]LogSlate: Updating window title bar state: overlay mode, drag disabled, window buttons hidden, title bar hidden
[2019.11.18-00.35.11:102][  0]LogCollectionManager: Loaded 0 collections in 0.001331 seconds
[2019.11.18-00.35.11:150][  0]LogFileCache: Scanning file cache for directory 'C:/Users/s181813/Documents/GitHub/Chicken-Crimpy-Repository/DejaBrew/Saved/Collections/' took 0.01s
[2019.11.18-00.35.11:150][  0]LogFileCache: Scanning file cache for directory 'C:/Users/s181813/Documents/GitHub/Chicken-Crimpy-Repository/DejaBrew/Content/Developers/s181813/Collections/' took 0.01s
[2019.11.18-00.35.11:150][  0]LogFileCache: Scanning file cache for directory 'C:/Users/s181813/Documents/GitHub/Chicken-Crimpy-Repository/DejaBrew/Content/Collections/' took 0.01s
[2019.11.18-00.35.11:150][  0]LogCollectionManager: Rebuilt the GUID cache for 0 collections in 0.000000 seconds
[2019.11.18-00.35.11:159][  0]LogContentBrowser: Native class hierarchy populated in 0.0084 seconds. Added 2580 classes and 605 folders.
[2019.11.18-00.35.11:163][  0]LogContentBrowser: Native class hierarchy updated for 'WidgetCarousel' in 0.0003 seconds. Added 0 classes and 0 folders.
[2019.11.18-00.35.11:404][  0]LogContentBrowser: Native class hierarchy updated for 'AddContentDialog' in 0.0003 seconds. Added 0 classes and 0 folders.
[2019.11.18-00.35.11:409][  0]LogContentBrowser: Native class hierarchy updated for 'SceneOutliner' in 0.0003 seconds. Added 1 classes and 2 folders.
[2019.11.18-00.35.12:337][  0]LogSlate: Only BGRA pngs, bmps or icos are supported in by External Image Picker
[2019.11.18-00.35.12:377][  0]LogTemp: Executing iPhonePackager certificates Engine -bundlename com.YourCompany.DejaBrew
[2019.11.18-00.35.12:377][  0]LogTemp: CWD: C:\Program Files\Epic Games\UE_4.20\Engine\Binaries\DotNET\IOS
[2019.11.18-00.35.12:377][  0]LogTemp: Initial Dir: C:\Program Files\Epic Games\UE_4.20
[2019.11.18-00.35.12:377][  0]LogTemp: Env CWD: C:\Program Files\Epic Games\UE_4.20\Engine\Binaries\DotNET\IOS
[2019.11.18-00.35.12:377][  0]LogTemp: BranchPath = SYD-4DE60A/C/Program Files/Epic Games/UE_4.20/Engine/Binaries --- GameBranchPath = SYD-4DE60A/C/Program Files/Epic Games/UE_4.20/Engine/Binaries
[2019.11.18-00.35.12:377][  0]LogSlate: Took 0.005460 seconds to synchronously load lazily loaded font '../../../Engine/Content/Slate/Fonts/Roboto-Regular.ttf' (155K)
[2019.11.18-00.35.12:383][  0]LogSlate: Took 0.004163 seconds to synchronously load lazily loaded font '../../../Engine/Content/Slate/Fonts/Roboto-Bold.ttf' (160K)
[2019.11.18-00.35.12:395][  0]LogSlate: Took 0.005615 seconds to synchronously load lazily loaded font '../../../Engine/Content/Editor/Slate/Fonts/FontAwesome.ttf' (139K)
[2019.11.18-00.35.12:530][  0]LogTemp: IPP ERROR: Could not find provision directory 'C:\Users\s181813\AppData\Local/Apple Computer/MobileDevice/Provisioning Profiles/'.
[2019.11.18-00.35.12:530][  0]LogRenderer: Reallocating scene render targets to support 1068x576 Format 10 NumSamples 1 (Frame:1).
[2019.11.18-00.35.12:707][  0]LogContentBrowser: Native class hierarchy updated for 'HierarchicalLODOutliner' in 0.0003 seconds. Added 0 classes and 0 folders.
[2019.11.18-00.35.12:708][  0]LogLoad: (Engine Initialization) Total time: 15.73 seconds
[2019.11.18-00.35.12:708][  0]LogLoad: (Engine Initialization) Total Blueprint compile time: 0.00 seconds
[2019.11.18-00.35.12:742][  0]LogContentStreaming: Texture pool size now 1000 MB
[2019.11.18-00.35.12:786][  0]LogSlate: Took 0.003918 seconds to synchronously load lazily loaded font '../../../Engine/Content/Slate/Fonts/Roboto-Light.ttf' (167K)
[2019.11.18-00.35.12:824][  1]LogAssetRegistry: Asset discovery search completed in 8.7097 seconds
[2019.11.18-00.35.12:826][  1]LogCollectionManager: Rebuilt the object cache for 0 collections in 0.000001 seconds (found 0 objects)
[2019.11.18-00.35.12:826][  1]LogCollectionManager: Fixed up redirectors for 0 collections in 0.000163 seconds (updated 0 objects)
[2019.11.18-00.35.35:552][699]LogSlate: FSceneViewport::OnFocusLost() reason 0
[2019.11.18-00.35.35:736][721]LogTemp: Repeating last play command: Selected Viewport
[2019.11.18-00.35.35:759][721]LogBlueprintUserMessages: Early PlayInEditor Detection: Level '/Game/SideScrollerCPP/Maps/SideScrollerExampleMap.SideScrollerExampleMap:PersistentLevel' has LevelScriptBlueprint '/Game/SideScrollerCPP/Maps/SideScrollerExampleMap.SideScrollerExampleMap:PersistentLevel.SideScrollerExampleMap' with GeneratedClass '/Game/SideScrollerCPP/Maps/SideScrollerExampleMap.SideScrollerExampleMap_C' with ClassGeneratedBy '/Game/SideScrollerCPP/Maps/SideScrollerExampleMap.SideScrollerExampleMap:PersistentLevel.SideScrollerExampleMap'
[2019.11.18-00.35.35:759][721]LogPlayLevel: PlayLevel: No blueprints needed recompiling
[2019.11.18-00.35.35:774][721]PIE: New page: PIE session: SideScrollerExampleMap (Nov 18, 2019, 10:35:35 PM)
[2019.11.18-00.35.35:774][721]LogPlayLevel: Creating play world package: /Game/SideScrollerCPP/Maps/UEDPIE_0_SideScrollerExampleMap
[2019.11.18-00.35.35:796][721]LogPlayLevel: PIE: StaticDuplicateObject took: (0.021808s)
[2019.11.18-00.35.35:797][721]LogAIModule: Creating AISystem for world SideScrollerExampleMap
[2019.11.18-00.35.35:797][721]LogPlayLevel: PIE: World Init took: (0.001020s)
[2019.11.18-00.35.35:797][721]LogPlayLevel: PIE: Created PIE world by copying editor world from /Game/SideScrollerCPP/Maps/SideScrollerExampleMap.SideScrollerExampleMap to /Game/SideScrollerCPP/Maps/UEDPIE_0_SideScrollerExampleMap.SideScrollerExampleMap (0.023273s)
[2019.11.18-00.35.35:824][721]LogInit: XAudio2 using 'Realtek Digital Output (Realtek High Definition Audio)' : 2 channels at 48 kHz using 16 bits per sample (channel mask 0x3)
[2019.11.18-00.35.35:838][721]LogInit: FAudioDevice initialized.
[2019.11.18-00.35.35:886][721]LogLoad: Game class is 'DejaBrewGameMode'
[2019.11.18-00.35.35:890][721]LogWorld: Bringing World /Game/SideScrollerCPP/Maps/UEDPIE_0_SideScrollerExampleMap.SideScrollerExampleMap up for play (max tick rate 0) at 2019.11.18-11.35.35
[2019.11.18-00.35.35:891][721]LogWorld: Bringing up level for play took: 0.003317
[2019.11.18-00.35.35:909][721]LogContentBrowser: Native class hierarchy updated for 'MovieSceneCapture' in 0.0003 seconds. Added 10 classes and 0 folders.
[2019.11.18-00.35.35:934][721]PIE: Play in editor start time for /Game/SideScrollerCPP/Maps/UEDPIE_0_SideScrollerExampleMap 0.112
[2019.11.18-00.35.35:934][721]LogBlueprintUserMessages: Late PlayInEditor Detection: Level '/Game/SideScrollerCPP/Maps/SideScrollerExampleMap.SideScrollerExampleMap:PersistentLevel' has LevelScriptBlueprint '/Game/SideScrollerCPP/Maps/SideScrollerExampleMap.SideScrollerExampleMap:PersistentLevel.SideScrollerExampleMap' with GeneratedClass '/Game/SideScrollerCPP/Maps/SideScrollerExampleMap.SideScrollerExampleMap_C' with ClassGeneratedBy '/Game/SideScrollerCPP/Maps/SideScrollerExampleMap.SideScrollerExampleMap:PersistentLevel.SideScrollerExampleMap'
[2019.11.18-00.35.37:924][954]LogBlueprintUserMessages: Early EndPlayMap Detection: Level '/Game/SideScrollerCPP/Maps/SideScrollerExampleMap.SideScrollerExampleMap:PersistentLevel' has LevelScriptBlueprint '/Game/SideScrollerCPP/Maps/SideScrollerExampleMap.SideScrollerExampleMap:PersistentLevel.SideScrollerExampleMap' with GeneratedClass '/Game/SideScrollerCPP/Maps/SideScrollerExampleMap.SideScrollerExampleMap_C' with ClassGeneratedBy '/Game/SideScrollerCPP/Maps/SideScrollerExampleMap.SideScrollerExampleMap:PersistentLevel.SideScrollerExampleMap'
[2019.11.18-00.35.37:925][954]LogSlate: Updating window title bar state: overlay mode, drag disabled, window buttons hidden, title bar hidden
[2019.11.18-00.35.37:962][954]LogPlayLevel: Display: Shutting down PIE online subsystems
[2019.11.18-00.35.37:962][954]LogBlueprintUserMessages: Late EndPlayMap Detection: Level '/Game/SideScrollerCPP/Maps/SideScrollerExampleMap.SideScrollerExampleMap:PersistentLevel' has LevelScriptBlueprint '/Game/SideScrollerCPP/Maps/SideScrollerExampleMap.SideScrollerExampleMap:PersistentLevel.SideScrollerExampleMap' with GeneratedClass '/Game/SideScrollerCPP/Maps/SideScrollerExampleMap.SideScrollerExampleMap_C' with ClassGeneratedBy '/Game/SideScrollerCPP/Maps/SideScrollerExampleMap.SideScrollerExampleMap:PersistentLevel.SideScrollerExampleMap'
[2019.11.18-00.35.37:985][954]LogSlate: Updating window title bar state: overlay mode, drag disabled, window buttons hidden, title bar hidden
[2019.11.18-00.35.38:023][956]LogPlayLevel: Display: Destroying online subsystem :Context_5
[2019.11.18-00.35.41:295][220]LogSlate: FSceneViewport::OnFocusLost() reason 0
[2019.11.18-00.35.42:988][414]LogActor: Warning: Checkpoint /Engine/Transient.World_5:PersistentLevel.Checkpoint_0 has natively added scene component(s), but none of them were set as the actor's RootComponent - picking one arbitrarily
[2019.11.18-00.35.44:346][535]LogEditor: Attempting to add actor of class 'Checkpoint' to level at 1660.00,-80.00,-70.00
[2019.11.18-00.35.44:347][535]LogActor: Warning: Checkpoint /Game/SideScrollerCPP/Maps/SideScrollerExampleMap.SideScrollerExampleMap:PersistentLevel.Checkpoint_0 has natively added scene component(s), but none of them were set as the actor's RootComponent - picking one arbitrarily
[2019.11.18-00.35.46:736][819]LogEditor: Attempting to add actor of class 'Checkpoint' to level at 1280.00,-10.00,110.00
[2019.11.18-00.35.46:738][819]LogActor: Warning: Checkpoint /Game/SideScrollerCPP/Maps/SideScrollerExampleMap.SideScrollerExampleMap:PersistentLevel.Checkpoint_1 has natively added scene component(s), but none of them were set as the actor's RootComponent - picking one arbitrarily
[2019.11.18-00.35.57:559][ 98]LogSlate: Took 0.003577 seconds to synchronously load lazily loaded font '../../../Engine/Content/Slate/Fonts/Roboto-Italic.ttf' (157K)
[2019.11.18-00.36.06:257][366]LogSlate: FSceneViewport::OnFocusLost() reason 0
[2019.11.18-00.36.06:409][366]Candidate modules for hot reload:
[2019.11.18-00.36.06:409][366]  DejaBrew
[2019.11.18-00.36.06:409][366]Launching UnrealBuildTool... [C:/Program Files/Epic Games/UE_4.20/Engine/Binaries/DotNET/UnrealBuildTool.exe  -ModuleWithSuffix=DejaBrew,463 Win64 Development -TargetType=Editor -Project="../../../../../../Users/s181813/Documents/GitHub/Chicken-Crimpy-Repository/DejaBrew/DejaBrew.uproject" -canskiplink "C:/Users/s181813/Documents/GitHub/Chicken-Crimpy-Repository/DejaBrew/DejaBrew.uproject" ]
[2019.11.18-00.36.06:412][366]Warning: Starting HotReload took  0.0s.
[2019.11.18-00.36.13:626][183]CompilerResultsLog: New page: Compilation - Nov 18, 2019, 10:36:13 PM
[2019.11.18-00.36.13:627][183]CompilerResultsLog: Using 'git status' to determine working set for adaptive non-unity build.
[2019.11.18-00.36.13:627][183]CompilerResultsLog: Creating makefile for hot reloading DejaBrewEditor (ini files are newer than UBTMakefile)
[2019.11.18-00.36.13:627][183]CompilerResultsLog: Compiling game modules for hot reload
[2019.11.18-00.36.13:627][183]CompilerResultsLog: Using Visual Studio 2017 14.16.27023 toolchain (C:\Program Files (x86)\Microsoft Visual Studio\2017\Enterprise\VC\Tools\MSVC\14.16.27023) and Windows 10.0.17763.0 SDK (C:\Program Files (x86)\Windows Kits\10).
[2019.11.18-00.36.13:627][183]CompilerResultsLog: Building 3 actions with 8 processes...
[2019.11.18-00.36.13:627][183]CompilerResultsLog:   [1/3] Checkpoint.cpp
[2019.11.18-00.36.13:627][183]CompilerResultsLog:   [2/3] UE4Editor-DejaBrew-463.lib
[2019.11.18-00.36.13:627][183]CompilerResultsLog:      Creating library C:\Users\s181813\Documents\GitHub\Chicken-Crimpy-Repository\DejaBrew\Intermediate\Build\Win64\UE4Editor\Development\DejaBrew\UE4Editor-DejaBrew-463.lib and object C:\Users\s181813\Documents\GitHub\Chicken-Crimpy-Repository\DejaBrew\Intermediate\Build\Win64\UE4Editor\Development\DejaBrew\UE4Editor-DejaBrew-463.exp
[2019.11.18-00.36.13:628][183]CompilerResultsLog:   [3/3] UE4Editor-DejaBrew-463.dll
[2019.11.18-00.36.13:628][183]CompilerResultsLog:      Creating library C:\Users\s181813\Documents\GitHub\Chicken-Crimpy-Repository\DejaBrew\Intermediate\Build\Win64\UE4Editor\Development\DejaBrew\UE4Editor-DejaBrew-463.suppressed.lib and object C:\Users\s181813\Documents\GitHub\Chicken-Crimpy-Repository\DejaBrew\Intermediate\Build\Win64\UE4Editor\Development\DejaBrew\UE4Editor-DejaBrew-463.suppressed.exp
[2019.11.18-00.36.13:628][183]CompilerResultsLog: Total build time: 7.00 seconds (Parallel executor: 1.74 seconds)
[2019.11.18-00.36.13:628][183]LogMainFrame: MainFrame: Module compiling took 7.227 seconds
[2019.11.18-00.36.13:699][183]LogHotReload: Re-instancing Checkpoint after hot-reload.
[2019.11.18-00.36.13:699][183]LogActor: Warning: Checkpoint /Engine/Transient.World_5:PersistentLevel.Checkpoint_0 has natively added scene component(s), but none of them were set as the actor's RootComponent - picking one arbitrarily
[2019.11.18-00.36.13:700][183]LogActor: Warning: Checkpoint /Game/SideScrollerCPP/Maps/SideScrollerExampleMap.SideScrollerExampleMap:PersistentLevel.Checkpoint_1 has natively added scene component(s), but none of them were set as the actor's RootComponent - picking one arbitrarily
[2019.11.18-00.36.13:813][183]LogContentBrowser: Native class hierarchy updated for 'DejaBrew' in 0.0004 seconds. Added 8 classes and 2 folders.
[2019.11.18-00.36.13:816][183]Display: HotReload successful (3 functions remapped  0 scriptstructs remapped)
[2019.11.18-00.36.13:980][183]LogContentBrowser: Native class hierarchy populated in 0.0179 seconds. Added 2581 classes and 607 folders.
[2019.11.18-00.36.13:980][183]Display: HotReload took  7.6s.
[2019.11.18-00.36.18:559][719]LogActor: Warning: Checkpoint /Engine/Transient.World_5:PersistentLevel.Checkpoint_2 has natively added scene component(s), but none of them were set as the actor's RootComponent - picking one arbitrarily
[2019.11.18-00.36.22:066][ 71]LogEditorViewport: Clicking on Actor (LMB): StaticMeshActor (Wall1)
[2019.11.18-00.36.23:135][193]LogEditorViewport: Clicking on Actor (LMB): StaticMeshActor (Wall1)
[2019.11.18-00.36.26:083][513]LogEditorViewport: Clicking on Actor (LMB): Checkpoint (Checkpoint1)
[2019.11.18-00.36.30:209][984]Cmd: DELETE
[2019.11.18-00.36.30:210][984]Cmd: ACTOR DELETE
[2019.11.18-00.36.30:212][984]LogEditorActor: Deleted Actor: Checkpoint
[2019.11.18-00.36.30:231][984]LogEditorActor: Deleted 1 Actors (0.021 secs)
[2019.11.18-00.36.33:143][298]LogSlate: FSceneViewport::OnFocusLost() reason 0
[2019.11.18-00.36.33:637][345]LogEditor: Attempting to add actor of class 'Checkpoint' to level at 1340.00,350.00,110.00
[2019.11.18-00.36.33:637][345]LogActor: Warning: Checkpoint /Game/SideScrollerCPP/Maps/SideScrollerExampleMap.SideScrollerExampleMap:PersistentLevel.Checkpoint_3 has natively added scene component(s), but none of them were set as the actor's RootComponent - picking one arbitrarily
[2019.11.18-00.36.38:556][933]LogEditor: Attempting to add actor of class 'Checkpoint' to level at 1230.00,140.00,110.00
[2019.11.18-00.36.38:558][933]LogActor: Warning: Checkpoint /Game/SideScrollerCPP/Maps/SideScrollerExampleMap.SideScrollerExampleMap:PersistentLevel.Checkpoint_4 has natively added scene component(s), but none of them were set as the actor's RootComponent - picking one arbitrarily
[2019.11.18-00.37.14:383][573]LogSlate: FSceneViewport::OnFocusLost() reason 0
