Log file open, 11/18/19 11:39:17
LogWindows: Failed to load 'aqProf.dll' (GetLastError=126)
LogWindows: File 'aqProf.dll' does not exist
LogWindows: Failed to load 'VSPerf140.dll' (GetLastError=126)
LogWindows: File 'VSPerf140.dll' does not exist
LogWindows: Failed to load 'VtuneApi.dll' (GetLastError=126)
LogWindows: File 'VtuneApi.dll' does not exist
LogWindows: Failed to load 'VtuneApi32e.dll' (GetLastError=126)
LogWindows: File 'VtuneApi32e.dll' does not exist
LogInit: Display: Running engine for game: DejaBrew
LogPlatformFile: Not using cached read wrapper
LogTaskGraph: Started task graph with 5 named threads and 23 total threads with 3 sets of task threads.
LogStats: Stats thread started at 0.351183
LogD3D11RHI: Loaded GFSDK_Aftermath_Lib.x64.dll
LogICUInternationalization: Display: ICU TimeZone Detection - Raw Offset: +10:00, Platform Override: ''
LogPluginManager: Mounting plugin Paper2D
LogPluginManager: Mounting plugin AISupport
LogPluginManager: Mounting plugin LightPropagationVolume
LogPluginManager: Mounting plugin CLionSourceCodeAccess
LogPluginManager: Mounting plugin CodeLiteSourceCodeAccess
LogPluginManager: Mounting plugin GitSourceControl
LogPluginManager: Mounting plugin KDevelopSourceCodeAccess
LogPluginManager: Mounting plugin NullSourceCodeAccess
LogPluginManager: Mounting plugin PerforceSourceControl
LogPluginManager: Mounting plugin SubversionSourceControl
LogPluginManager: Mounting plugin UObjectPlugin
LogPluginManager: Mounting plugin VisualStudioCodeSourceCodeAccess
LogPluginManager: Mounting plugin VisualStudioSourceCodeAccess
LogPluginManager: Mounting plugin XCodeSourceCodeAccess
LogPluginManager: Mounting plugin AssetManagerEditor
LogPluginManager: Mounting plugin CryptoKeys
LogPluginManager: Mounting plugin DataValidation
LogPluginManager: Mounting plugin FacialAnimation
LogPluginManager: Mounting plugin GameplayTagsEditor
LogPluginManager: Mounting plugin MacGraphicsSwitching
LogPluginManager: Mounting plugin MeshEditor
LogPluginManager: Mounting plugin MobileLauncherProfileWizard
LogPluginManager: Mounting plugin PluginBrowser
LogPluginManager: Mounting plugin SpeedTreeImporter
LogPluginManager: Mounting plugin DatasmithContent
LogPluginManager: Mounting plugin AlembicImporter
LogPluginManager: Mounting plugin AppleImageUtils
LogPluginManager: Mounting plugin AppleVision
LogPluginManager: Mounting plugin BackChannel
LogPluginManager: Mounting plugin CharacterAI
LogPluginManager: Mounting plugin GeometryCache
LogPluginManager: Mounting plugin HTML5Networking
LogPluginManager: Mounting plugin ProxyLODPlugin
LogPluginManager: Mounting plugin MagicLeap
LogPluginManager: Mounting plugin MagicLeapEmulator
LogPluginManager: Mounting plugin MagicLeapMedia
LogPluginManager: Mounting plugin AndroidMedia
LogPluginManager: Mounting plugin AvfMedia
LogPluginManager: Mounting plugin ImgMedia
LogPluginManager: Mounting plugin LinearTimecode
LogPluginManager: Mounting plugin MediaCompositing
LogPluginManager: Mounting plugin MediaPlayerEditor
LogPluginManager: Mounting plugin WmfMedia
LogPluginManager: Mounting plugin TcpMessaging
LogPluginManager: Mounting plugin UdpMessaging
LogPluginManager: Mounting plugin ActorSequence
LogPluginManager: Mounting plugin LevelSequenceEditor
LogPluginManager: Mounting plugin MatineeToLevelSequence
LogPluginManager: Mounting plugin NetcodeUnitTest
LogPluginManager: Mounting plugin NUTUnrealEngine4
LogPluginManager: Mounting plugin OnlineSubsystemGooglePlay
LogPluginManager: Mounting plugin OnlineSubsystemIOS
LogPluginManager: Mounting plugin OnlineSubsystem
LogPluginManager: Mounting plugin OnlineSubsystemNull
LogPluginManager: Mounting plugin OnlineSubsystemUtils
LogPluginManager: Mounting plugin LauncherChunkInstaller
LogPluginManager: Mounting plugin AndroidDeviceProfileSelector
LogPluginManager: Mounting plugin AndroidMoviePlayer
LogPluginManager: Mounting plugin AndroidPermission
LogPluginManager: Mounting plugin AppleMoviePlayer
LogPluginManager: Mounting plugin ArchVisCharacter
LogPluginManager: Mounting plugin AudioCapture
LogPluginManager: Mounting plugin CableComponent
LogPluginManager: Mounting plugin CustomMeshComponent
LogPluginManager: Mounting plugin EditableMesh
LogPluginManager: Mounting plugin ExampleDeviceProfileSelector
LogPluginManager: Mounting plugin GoogleCloudMessaging
LogPluginManager: Mounting plugin ImmediatePhysics
LogPluginManager: Mounting plugin IOSDeviceProfileSelector
LogPluginManager: Mounting plugin LinuxDeviceProfileSelector
LogPluginManager: Mounting plugin LocationServicesBPLibrary
LogPluginManager: Mounting plugin MobilePatchingUtils
LogPluginManager: Mounting plugin OculusVR
LogPluginManager: Plugin shader directory ../../../Engine/Plugins/Runtime/Oculus/OculusVR/Shaders found
LogPluginManager: Mapping shader source directory ../../../Engine/Plugins/Runtime/Oculus/OculusVR/Shaders to virtual directory /Plugin/OculusVR
LogPluginManager: Mounting plugin PhysXVehicles
LogPluginManager: Mounting plugin ProceduralMeshComponent
LogPluginManager: Mounting plugin RuntimePhysXCooking
LogPluginManager: Mounting plugin SteamVR
LogPluginManager: Mounting plugin WindowsMoviePlayer
LogStreaming: Display: Took  0.122s to configure plugins.
LogInit: Using libcurl 7.55.1-DEV
LogInit:  - built for x86_64-pc-win32
LogInit:  - supports SSL with OpenSSL/1.0.2h
LogInit:  - supports HTTP deflate (compression) using libz 1.2.8
LogInit:  - other features:
LogInit:      CURL_VERSION_SSL
LogInit:      CURL_VERSION_LIBZ
LogInit:      CURL_VERSION_IPV6
LogInit:      CURL_VERSION_ASYNCHDNS
LogInit:      CURL_VERSION_LARGEFILE
LogInit:      CURL_VERSION_IDN
LogInit:  CurlRequestOptions (configurable via config and command line):
LogInit:  - bVerifyPeer = false  - Libcurl will NOT verify peer certificate
LogInit:  - bUseHttpProxy = false  - Libcurl will NOT use HTTP proxy
LogInit:  - bDontReuseConnections = false  - Libcurl will reuse connections
LogInit:  - CertBundlePath = nullptr  - Libcurl will use whatever was configured at build time.
LogInit:  - MaxHostConnections = 16  - Libcurl will limit the number of connections to a host
LogInit:  - LocalHostAddr = Default
LogInit:  - BufferSize = 65536
LogInit: WinSock: version 1.1 (2.2), MaxSocks=32767, MaxUdp=65467
LogInit: Build: ++UE4+Release-4.20-CL-4369336
LogInit: Engine Version: 4.20.3-4369336+++UE4+Release-4.20
LogInit: Compatible Engine Version: 4.20.0-4212847+++UE4+Release-4.20
LogInit: Net CL: 4212847
LogInit: OS: Windows 10 (), CPU: Intel(R) Core(TM) i7-6700 CPU @ 3.40GHz, GPU: NVIDIA GeForce GTX 960
LogInit: Compiled (64-bit): Sep 17 2018 12:26:19
LogInit: Compiled with Visual C++: 19.13.26129.00
LogInit: Build Configuration: Development
LogInit: Branch Name: ++UE4+Release-4.20
LogInit: Command Line:  -skipcompile
LogInit: Base Directory: C:/Program Files/Epic Games/UE_4.20/Engine/Binaries/Win64/
LogInit: Installed Engine Build: 1
LogDevObjectVersion: Number of dev versions registered: 20
LogDevObjectVersion:   Dev-Blueprints (B0D832E4-1F89-4F0D-ACCF-7EB736FD4AA2): 10
LogDevObjectVersion:   Dev-Build (E1C64328-A22C-4D53-A36C-8E866417BD8C): 0
LogDevObjectVersion:   Dev-Core (375EC13C-06E4-48FB-B500-84F0262A717E): 2
LogDevObjectVersion:   Dev-Editor (E4B068ED-F494-42E9-A231-DA0B2E46BB41): 24
LogDevObjectVersion:   Dev-Framework (CFFC743F-43B0-4480-9391-14DF171D2073): 34
LogDevObjectVersion:   Dev-Mobile (B02B49B5-BB20-44E9-A304-32B752E40360): 2
LogDevObjectVersion:   Dev-Networking (A4E4105C-59A1-49B5-A7C5-40C4547EDFEE): 0
LogDevObjectVersion:   Dev-Online (39C831C9-5AE6-47DC-9A44-9C173E1C8E7C): 0
LogDevObjectVersion:   Dev-Physics (78F01B33-EBEA-4F98-B9B4-84EACCB95AA2): 0
LogDevObjectVersion:   Dev-Platform (6631380F-2D4D-43E0-8009-CF276956A95A): 0
LogDevObjectVersion:   Dev-Rendering (12F88B9F-8875-4AFC-A67C-D90C383ABD29): 26
LogDevObjectVersion:   Dev-Sequencer (7B5AE74C-D270-4C10-A958-57980B212A5A): 9
LogDevObjectVersion:   Dev-VR (D7296918-1DD6-4BDD-9DE2-64A83CC13884): 2
LogDevObjectVersion:   Dev-LoadTimes (C2A15278-BFE7-4AFE-6C17-90FF531DF755): 1
LogDevObjectVersion:   Private-Geometry (6EACA3D4-40EC-4CC1-B786-8BED09428FC5): 3
LogDevObjectVersion:   Dev-AnimPhys (29E575DD-E0A3-4627-9D10-D276232CDCEA): 17
LogDevObjectVersion:   Dev-ReflectionCapture (6B266CEC-1EC7-4B8F-A30B-E4D90942FC07): 1
LogDevObjectVersion:   Dev-Automation (0DF73D61-A23F-47EA-B727-89E90C41499A): 1
LogDevObjectVersion:   FortniteMain (601D1886-AC64-4F84-AA16-D3DE0DEAC7D6): 12
LogDevObjectVersion:   Dev-Enterprise (9DFFBCD6-494F-0158-E221-12823C92A888): 1
LogStreaming: Display: Took  0.003s to delete old logs.
LogInit: Presizing for max 8388607 objects, including 0 objects not considered by GC, pre-allocating 0 bytes for permanent pool.
LogInit: Object subsystem initialized
[2019.11.18-00.39.17:970][  0]LogInit: Selected Device Profile: [Windows]
[2019.11.18-00.39.17:970][  0]LogInit: Applying CVar settings loaded from the selected device profile: [Windows]
[2019.11.18-00.39.17:986][  0]LogHAL: Display: Platform has ~ 32 GB [34293071872 / 34359738368 / 32], which maps to Largest [LargestMinGB=32, LargerMinGB=12, DefaultMinGB=8, SmallerMinGB=6, SmallestMinGB=0)
[2019.11.18-00.39.17:986][  0]LogInit: Setting Device Profile CVar: [[r.Vulkan.UseRealUBs:1]]
[2019.11.18-00.39.17:986][  0]LogInit: Going up to parent DeviceProfile []
[2019.11.18-00.39.17:999][  0]LogInit: Computer: SYD-4DE60A
[2019.11.18-00.39.17:999][  0]LogInit: User: s181813
[2019.11.18-00.39.17:999][  0]LogInit: CPU Page size=4096, Cores=4
[2019.11.18-00.39.17:999][  0]LogInit: High frequency timer resolution =3.328121 MHz
[2019.11.18-00.39.17:999][  0]LogMemory: Memory total: Physical=31.9GB (32GB approx)
[2019.11.18-00.39.17:999][  0]LogMemory: Platform Memory Stats for Windows
[2019.11.18-00.39.17:999][  0]LogMemory: Process Physical Memory: 102.09 MB used, 102.09 MB peak
[2019.11.18-00.39.17:999][  0]LogMemory: Process Virtual Memory: 96.50 MB used, 96.50 MB peak
[2019.11.18-00.39.17:999][  0]LogMemory: Physical Memory: 6368.66 MB used,  26335.76 MB free, 32704.42 MB total
[2019.11.18-00.39.17:999][  0]LogMemory: Virtual Memory: 4646.54 MB used,  26335.76 MB free, 134217728.00 MB total
[2019.11.18-00.39.18:103][  0]LogInit: Using OS detected language (en-US).
[2019.11.18-00.39.18:103][  0]LogInit: Using OS detected locale (en-US).
[2019.11.18-00.39.18:104][  0]LogTextLocalizationManager: No specific localization for 'en-US' exists, so the 'en' localization will be used.
[2019.11.18-00.39.18:534][  0]LogStreaming: Display: Took  0.430s to InitEngineTextLocalization.
[2019.11.18-00.39.18:534][  0]LogInit: Setting process to per monitor DPI aware
[2019.11.18-00.39.18:600][  0]LogSlate: New Slate User Created.  User Index 0, Is Virtual User: 0
[2019.11.18-00.39.18:600][  0]LogSlate: Slate User Registered.  User Index 0, Is Virtual User: 0
[2019.11.18-00.39.18:820][  0]LogHMD: Failed to initialize OpenVR with code 110
[2019.11.18-00.39.18:821][  0]LogD3D11RHI: D3D11 adapters:
[2019.11.18-00.39.18:889][  0]LogD3D11RHI:    0. 'NVIDIA GeForce GTX 960' (Feature Level 11_0)
[2019.11.18-00.39.18:889][  0]LogD3D11RHI:       4053/0/16352 MB DedicatedVideo/DedicatedSystem/SharedSystem, Outputs:2, VendorId:0x10de
[2019.11.18-00.39.18:893][  0]LogD3D11RHI:    1. 'Microsoft Basic Render Driver' (Feature Level 11_0)
[2019.11.18-00.39.18:893][  0]LogD3D11RHI:       0/0/16352 MB DedicatedVideo/DedicatedSystem/SharedSystem, Outputs:0, VendorId:0x1414
[2019.11.18-00.39.18:893][  0]LogD3D11RHI: Chosen D3D11 Adapter: 0
[2019.11.18-00.39.18:898][  0]LogD3D11RHI: Creating new Direct3DDevice
[2019.11.18-00.39.18:899][  0]LogD3D11RHI:     GPU DeviceId: 0x1401 (for the marketing name, search the web for "GPU Device Id")
[2019.11.18-00.39.18:899][  0]LogWindows: EnumDisplayDevices:
[2019.11.18-00.39.18:899][  0]LogWindows:    0. 'NVIDIA GeForce GTX 960' (P:1 D:1)
[2019.11.18-00.39.18:899][  0]LogWindows:    1. 'NVIDIA GeForce GTX 960' (P:0 D:1)
[2019.11.18-00.39.18:899][  0]LogWindows:    2. 'NVIDIA GeForce GTX 960' (P:0 D:0)
[2019.11.18-00.39.18:900][  0]LogWindows:    3. 'NVIDIA GeForce GTX 960' (P:0 D:0)
[2019.11.18-00.39.18:900][  0]LogWindows: DebugString: FoundDriverCount:4 
[2019.11.18-00.39.18:900][  0]LogD3D11RHI:     Adapter Name: NVIDIA GeForce GTX 960
[2019.11.18-00.39.18:900][  0]LogD3D11RHI:   Driver Version: 417.35 (internal:25.21.14.1735, unified:417.35)
[2019.11.18-00.39.18:900][  0]LogD3D11RHI:      Driver Date: 12-11-2018
[2019.11.18-00.39.18:900][  0]LogRHI: Texture pool is 2837 MB (70% of 4053 MB)
[2019.11.18-00.39.18:939][  0]LogD3D11RHI: Async texture creation enabled
[2019.11.18-00.39.18:955][  0]LogD3D11RHI: GPU Timing Frequency: 1000.000000 (Debug: 2 2)
[2019.11.18-00.39.18:959][  0]LogShaderCompilers: Guid format shader working directory is -35 characters bigger than the processId version (../../../../../../Users/s181813/Documents/GitHub/Chicken-Crimpy-Repository/DejaBrew/Intermediate/Shaders/WorkingDirectory/4088/).
[2019.11.18-00.39.18:959][  0]LogShaderCompilers: Cleaned the shader compiler working directory 'C:/Users/s181813/AppData/Local/Temp/UnrealShaderWorkingDir/BC33418644D3FF80AA1A5CBE24EC898C/'.
[2019.11.18-00.39.19:156][  0]LogTemp: Display: Loaded TP AllDesktopTargetPlatform
[2019.11.18-00.39.19:170][  0]LogTemp: Display: Loaded TP MacClientTargetPlatform
[2019.11.18-00.39.19:183][  0]LogTemp: Display: Loaded TP MacNoEditorTargetPlatform
[2019.11.18-00.39.19:196][  0]LogTemp: Display: Loaded TP MacServerTargetPlatform
[2019.11.18-00.39.19:210][  0]LogTemp: Display: Loaded TP MacTargetPlatform
[2019.11.18-00.39.19:223][  0]LogTemp: Display: Loaded TP WindowsClientTargetPlatform
[2019.11.18-00.39.19:236][  0]LogTemp: Display: Loaded TP WindowsNoEditorTargetPlatform
[2019.11.18-00.39.19:250][  0]LogTemp: Display: Loaded TP WindowsServerTargetPlatform
[2019.11.18-00.39.19:258][  0]LogTemp: Display: Loaded TP WindowsTargetPlatform
[2019.11.18-00.39.19:328][  0]LogTemp: Display: Loaded TP AndroidTargetPlatform
[2019.11.18-00.39.19:329][  0]LogTemp: Display: Loaded TP AndroidTargetPlatform
[2019.11.18-00.39.19:329][  0]LogTemp: Display: Loaded TP AndroidTargetPlatform
[2019.11.18-00.39.19:329][  0]LogTemp: Display: Loaded TP AndroidTargetPlatform
[2019.11.18-00.39.19:329][  0]LogTemp: Display: Loaded TP AndroidTargetPlatform
[2019.11.18-00.39.19:329][  0]LogTemp: Display: Loaded TP AndroidTargetPlatform
[2019.11.18-00.39.19:329][  0]LogTemp: Display: Loaded TP AndroidTargetPlatform
[2019.11.18-00.39.19:330][  0]LogTemp: Display: Loaded TP AndroidTargetPlatform
[2019.11.18-00.39.19:330][  0]LogTemp: Display: Loaded TP AndroidTargetPlatform
[2019.11.18-00.39.19:330][  0]LogTemp: Display: Loaded TP AndroidTargetPlatform
[2019.11.18-00.39.19:330][  0]LogTemp: Display: Loaded TP AndroidTargetPlatform
[2019.11.18-00.39.19:330][  0]LogTemp: Display: Loaded TP AndroidTargetPlatform
[2019.11.18-00.39.19:330][  0]LogTemp: Display: Loaded TP AndroidTargetPlatform
[2019.11.18-00.39.19:330][  0]LogTemp: Display: Loaded TP AndroidTargetPlatform
[2019.11.18-00.39.19:331][  0]LogTemp: Display: Loaded TP AndroidTargetPlatform
[2019.11.18-00.39.19:331][  0]LogTemp: Display: Loaded TP AndroidTargetPlatform
[2019.11.18-00.39.19:331][  0]LogTemp: Display: Loaded TP AndroidTargetPlatform
[2019.11.18-00.39.19:331][  0]LogTemp: Display: Loaded TP AndroidTargetPlatform
[2019.11.18-00.39.19:333][  0]LogTemp: Display: Loaded TP HTML5TargetPlatform
[2019.11.18-00.39.19:399][  0]LogTemp: Display: Loaded TP IOSTargetPlatform
[2019.11.18-00.39.19:399][  0]LogTemp: Display: Loaded TP IOSTargetPlatform
[2019.11.18-00.39.19:421][  0]LogTemp: Display: Loaded TP TVOSTargetPlatform
[2019.11.18-00.39.19:421][  0]LogTemp: Display: Loaded TP TVOSTargetPlatform
[2019.11.18-00.39.19:434][  0]LogTemp: Display: Loaded TP LinuxClientTargetPlatform
[2019.11.18-00.39.19:447][  0]LogTemp: Display: Loaded TP LinuxNoEditorTargetPlatform
[2019.11.18-00.39.19:459][  0]LogTemp: Display: Loaded TP LinuxServerTargetPlatform
[2019.11.18-00.39.19:472][  0]LogTemp: Display: Loaded TP LinuxTargetPlatform
[2019.11.18-00.39.19:484][  0]LogTemp: Display: Loaded TP LuminTargetPlatform
[2019.11.18-00.39.19:484][  0]LogTargetPlatformManager: Display: Building Assets For Windows
[2019.11.18-00.39.19:576][  0]LogXGEController: Cleaning working directory: C:/Users/s181813/AppData/Local/Temp/UnrealXGEWorkingDir/
[2019.11.18-00.39.19:577][  0]LogXGEController: Cannot use XGE Controller as Incredibuild is not installed on this machine.
[2019.11.18-00.39.19:577][  0]LogShaderCompilers: Cannot use XGE Shader Compiler as Incredibuild is not installed on this machine.
[2019.11.18-00.39.19:577][  0]LogShaderCompilers: Display: Using Local Shader Compiler.
[2019.11.18-00.39.20:183][  0]LogDerivedDataCache: Display: Max Cache Size: 512 MB
[2019.11.18-00.39.20:240][  0]LogDerivedDataCache: Loaded boot cache 0.06s 82MB C:/Users/s181813/AppData/Local/UnrealEngine/4.20/DerivedDataCache/Boot.ddc.
[2019.11.18-00.39.20:240][  0]LogDerivedDataCache: Display: Loaded Boot cache: C:/Users/s181813/AppData/Local/UnrealEngine/4.20/DerivedDataCache/Boot.ddc
[2019.11.18-00.39.20:240][  0]LogDerivedDataCache: FDerivedDataBackendGraph:  Pak pak cache file ../../../../../../Users/s181813/Documents/GitHub/Chicken-Crimpy-Repository/DejaBrew/DerivedDataCache/DDC.ddp not found, will not use a pak cache.
[2019.11.18-00.39.20:241][  0]LogDerivedDataCache: Unable to find inner node Pak for hierarchical cache Hierarchy.
[2019.11.18-00.39.20:241][  0]LogDerivedDataCache: FDerivedDataBackendGraph:  CompressedPak pak cache file ../../../../../../Users/s181813/Documents/GitHub/Chicken-Crimpy-Repository/DejaBrew/DerivedDataCache/Compressed.ddp not found, will not use a pak cache.
[2019.11.18-00.39.20:241][  0]LogDerivedDataCache: Unable to find inner node CompressedPak for hierarchical cache Hierarchy.
[2019.11.18-00.39.20:252][  0]LogDerivedDataCache: Display: Pak cache opened for reading ../../../Engine/DerivedDataCache/Compressed.ddp.
[2019.11.18-00.39.20:265][  0]LogDerivedDataCache: Using Local data cache path C:/Users/s181813/AppData/Local/UnrealEngine/Common/DerivedDataCache: Writable
[2019.11.18-00.39.20:266][  0]LogDerivedDataCache: Shared data cache path not found in *engine.ini, will not use an Shared cache.
[2019.11.18-00.39.20:266][  0]LogDerivedDataCache: Unable to find inner node Shared for hierarchical cache Hierarchy.
[2019.11.18-00.39.20:281][  0]LogMaterial: Verifying Global Shaders for PCD3D_SM5
[2019.11.18-00.39.20:283][  0]LogSlate: Using FreeType 2.6.0
[2019.11.18-00.39.20:283][  0]LogSlate: SlateFontServices - WITH_FREETYPE: 1, WITH_HARFBUZZ: 1
[2019.11.18-00.39.20:351][  0]LogAssetRegistry: FAssetRegistry took 0.0282 seconds to start up
[2019.11.18-00.39.20:623][  0]LogInit: Selected Device Profile: [Windows]
[2019.11.18-00.39.20:772][  0]LogSimplygon: Simplygon DLL not present - disabling.
[2019.11.18-00.39.20:779][  0]LogMeshReduction: Using SimplygonSwarm for distributed automatic mesh merging
[2019.11.18-00.39.20:779][  0]LogMeshReduction: Using ProxyLODMeshReduction for automatic mesh merging
[2019.11.18-00.39.20:779][  0]LogMeshReduction: Using QuadricMeshReduction for automatic static mesh reduction
[2019.11.18-00.39.20:779][  0]LogMeshReduction: No automatic skeletal mesh reduction module available
[2019.11.18-00.39.20:795][  0]LogNetVersion: DejaBrew 1.0.0, NetCL: 4212847, EngineNetVer: 5, GameNetVer: 0 (Checksum: 719251921)
[2019.11.18-00.39.21:261][  0]LogPackageLocalizationCache: Processed 11 localized package path(s) for 2 prioritized culture(s) in 0.114792 seconds
[2019.11.18-00.39.21:268][  0]LogUObjectArray: 38425 objects as part of root set at end of initial load.
[2019.11.18-00.39.21:268][  0]LogUObjectAllocator: 6690872 out of 0 bytes used by permanent object pool.
[2019.11.18-00.39.21:268][  0]LogUObjectArray: CloseDisregardForGC: 0/0 objects in disregard for GC pool
[2019.11.18-00.39.22:082][  0]LogTcpMessaging: Initializing TcpMessaging bridge
[2019.11.18-00.39.22:099][  0]LogUdpMessaging: Initializing bridge on interface 0.0.0.0:0 to multicast group 230.0.0.1:6666.
[2019.11.18-00.39.22:368][  0]LogLinker: Error: HOTRELOADED_DejaBrewCharacter_1 has an inappropriate outermost, it was probably saved with a deprecated outer (file: ../../../../../../Users/s181813/Documents/GitHub/Chicken-Crimpy-Repository/DejaBrew/Content/SideScrollerCPP/Blueprints/Widgets/PM_OptionsWidget_BP.uasset)
[2019.11.18-00.39.22:368][  0]LogLinker: Error: HOTRELOADED_DejaBrewCharacter_1 has an inappropriate outermost, it was probably saved with a deprecated outer (file: ../../../../../../Users/s181813/Documents/GitHub/Chicken-Crimpy-Repository/DejaBrew/Content/SideScrollerCPP/Blueprints/Widgets/PM_OptionsWidget_BP.uasset)
[2019.11.18-00.39.22:368][  0]LogLinker: Error: HOTRELOADED_DejaBrewCharacter_1 has an inappropriate outermost, it was probably saved with a deprecated outer (file: ../../../../../../Users/s181813/Documents/GitHub/Chicken-Crimpy-Repository/DejaBrew/Content/SideScrollerCPP/Blueprints/Widgets/PM_OptionsWidget_BP.uasset)
[2019.11.18-00.39.22:419][  0]LogLinker: Error: HOTRELOADED_DejaBrewCharacter_1 has an inappropriate outermost, it was probably saved with a deprecated outer (file: ../../../../../../Users/s181813/Documents/GitHub/Chicken-Crimpy-Repository/DejaBrew/Content/SideScrollerCPP/Blueprints/Widgets/PM_OptionsWidget_BP.uasset)
[2019.11.18-00.39.22:420][  0]LogLinker: Error: HOTRELOADED_DejaBrewCharacter_1 has an inappropriate outermost, it was probably saved with a deprecated outer (file: ../../../../../../Users/s181813/Documents/GitHub/Chicken-Crimpy-Repository/DejaBrew/Content/SideScrollerCPP/Blueprints/Widgets/PM_OptionsWidget_BP.uasset)
[2019.11.18-00.39.22:420][  0]LogLinker: Error: HOTRELOADED_DejaBrewCharacter_1 has an inappropriate outermost, it was probably saved with a deprecated outer (file: ../../../../../../Users/s181813/Documents/GitHub/Chicken-Crimpy-Repository/DejaBrew/Content/SideScrollerCPP/Blueprints/Widgets/PM_OptionsWidget_BP.uasset)
[2019.11.18-00.39.22:501][  0]SourceControl: Source control is disabled
[2019.11.18-00.39.22:501][  0]SourceControl: Source control is disabled
[2019.11.18-00.39.22:505][  0]SourceControl: Source control is disabled
[2019.11.18-00.39.22:507][  0]SourceControl: Source control is disabled
[2019.11.18-00.39.22:743][  0]LogAndroidPermission: UAndroidPermissionCallbackProxy::GetInstance
[2019.11.18-00.39.22:814][  0]LogOcInput: OculusInput pre-init called
[2019.11.18-00.39.22:880][  0]LogEngine: Initializing Engine...
[2019.11.18-00.39.22:881][  0]LogHMD: Failed to initialize OpenVR with code 110
[2019.11.18-00.39.22:882][  0]LogStats: UGameplayTagsManager::ConstructGameplayTagTree: ImportINI prefixes -  0.000 s
[2019.11.18-00.39.22:882][  0]LogStats: UGameplayTagsManager::ConstructGameplayTagTree: Construct from data asset -  0.000 s
[2019.11.18-00.39.22:883][  0]LogStats: UGameplayTagsManager::ConstructGameplayTagTree: ImportINI -  0.000 s
[2019.11.18-00.39.22:883][  0]LogStats: UGameplayTagsManager::ConstructGameplayTagTree: GameplayTagTreeChangedEvent.Broadcast -  0.000 s
[2019.11.18-00.39.23:061][  0]LogInit: Initializing FReadOnlyCVARCache
[2019.11.18-00.39.23:073][  0]LogAIModule: Creating AISystem for world Untitled
[2019.11.18-00.39.23:087][  0]LogInit: XAudio2 using 'Realtek Digital Output (Realtek High Definition Audio)' : 2 channels at 48 kHz using 16 bits per sample (channel mask 0x3)
[2019.11.18-00.39.23:122][  0]LogInit: FAudioDevice initialized.
[2019.11.18-00.39.23:122][  0]LogNetVersion: Set ProjectVersion to 1.0.0.0. Version Checksum will be recalculated on next use.
[2019.11.18-00.39.23:202][  0]LogDerivedDataCache: Saved boot cache 0.08s 82MB C:/Users/s181813/AppData/Local/UnrealEngine/4.20/DerivedDataCache/Boot.ddc.
[2019.11.18-00.39.23:218][  0]LogInit: Texture streaming: Enabled
[2019.11.18-00.39.23:241][  0]LogEngineSessionManager: EngineSessionManager initialized
[2019.11.18-00.39.23:241][  0]LogEngineSessionManager: EngineSessionManager sent abnormal shutdown report. Type=Debugger, SessionId={602A33DA-42EA-B22F-E187-7DB962CC6C46}
[2019.11.18-00.39.23:251][  0]LogInit: Transaction tracking system initialized
[2019.11.18-00.39.23:280][  0]BlueprintLog: New page: Editor Load
[2019.11.18-00.39.23:517][  0]LocalizationService: Localization service is disabled
[2019.11.18-00.39.23:776][  0]LogCook: Display: Max memory allowance for cook 16384mb min free memory 0mb
[2019.11.18-00.39.23:777][  0]LogCook: Display: Mobile HDR setting 1
[2019.11.18-00.39.23:777][  0]LogGameplayTags: Display: UGameplayTagsManager::DoneAddingNativeTags. DelegateIsBound: 0
[2019.11.18-00.39.23:777][  0]LogStats: UGameplayTagsManager::ConstructGameplayTagTree: ImportINI prefixes -  0.000 s
[2019.11.18-00.39.23:777][  0]LogStats: UGameplayTagsManager::ConstructGameplayTagTree: Construct from data asset -  0.000 s
[2019.11.18-00.39.23:777][  0]LogStats: UGameplayTagsManager::ConstructGameplayTagTree: ImportINI -  0.000 s
[2019.11.18-00.39.23:777][  0]LogStats: UGameplayTagsManager::ConstructGameplayTagTree: GameplayTagTreeChangedEvent.Broadcast -  0.000 s
[2019.11.18-00.39.23:930][  0]LogFileCache: Scanning file cache for directory 'C:/Users/s181813/Documents/GitHub/Chicken-Crimpy-Repository/DejaBrew/Content/' took 0.02s
[2019.11.18-00.39.23:930][  0]SourceControl: Source control is disabled
[2019.11.18-00.39.23:931][  0]Cmd: MAP LOAD FILE="../../../../../../Users/s181813/Documents/GitHub/Chicken-Crimpy-Repository/DejaBrew/Content/SideScrollerCPP/Maps/SideScrollerExampleMap.umap" TEMPLATE=0 SHOWPROGRESS=1 FEATURELEVEL=3
[2019.11.18-00.39.23:931][  0]LightingResults: New page: Lighting Build
[2019.11.18-00.39.23:933][  0]MapCheck: New page: Map Check
[2019.11.18-00.39.23:933][  0]LightingResults: New page: Lighting Build
[2019.11.18-00.39.24:272][  0]LogAIModule: Creating AISystem for world SideScrollerExampleMap
[2019.11.18-00.39.24:283][  0]LogEditorServer: Finished looking for orphan Actors (0.000 secs)
[2019.11.18-00.39.24:306][  0]Cmd: MAP CHECKDEP NOCLEARLOG
[2019.11.18-00.39.24:362][  0]MapCheck: Map check complete: 0 Error(s), 0 Warning(s), took 55.992ms to complete.
[2019.11.18-00.39.24:363][  0]LogFileHelpers: Loading map 'SideScrollerExampleMap' took 0.432
[2019.11.18-00.39.24:480][  0]LogSlate: Updating window title bar state: overlay mode, drag disabled, window buttons hidden, title bar hidden
[2019.11.18-00.39.24:487][  0]LogSlate: Updating window title bar state: overlay mode, drag disabled, window buttons hidden, title bar hidden
[2019.11.18-00.39.24:493][  0]LogSlate: Updating window title bar state: overlay mode, drag disabled, window buttons hidden, title bar hidden
[2019.11.18-00.39.24:499][  0]LogSlate: Updating window title bar state: overlay mode, drag disabled, window buttons hidden, title bar hidden
[2019.11.18-00.39.24:505][  0]LogCollectionManager: Loaded 0 collections in 0.001373 seconds
[2019.11.18-00.39.24:552][  0]LogFileCache: Scanning file cache for directory 'C:/Users/s181813/Documents/GitHub/Chicken-Crimpy-Repository/DejaBrew/Saved/Collections/' took 0.01s
[2019.11.18-00.39.24:552][  0]LogFileCache: Scanning file cache for directory 'C:/Users/s181813/Documents/GitHub/Chicken-Crimpy-Repository/DejaBrew/Content/Developers/s181813/Collections/' took 0.01s
[2019.11.18-00.39.24:552][  0]LogFileCache: Scanning file cache for directory 'C:/Users/s181813/Documents/GitHub/Chicken-Crimpy-Repository/DejaBrew/Content/Collections/' took 0.01s
[2019.11.18-00.39.24:552][  0]LogCollectionManager: Rebuilt the GUID cache for 0 collections in 0.000000 seconds
[2019.11.18-00.39.24:561][  0]LogContentBrowser: Native class hierarchy populated in 0.0083 seconds. Added 2580 classes and 605 folders.
[2019.11.18-00.39.24:566][  0]LogContentBrowser: Native class hierarchy updated for 'WidgetCarousel' in 0.0003 seconds. Added 0 classes and 0 folders.
[2019.11.18-00.39.24:595][  0]LogContentBrowser: Native class hierarchy updated for 'AddContentDialog' in 0.0003 seconds. Added 0 classes and 0 folders.
[2019.11.18-00.39.24:602][  0]LogContentBrowser: Native class hierarchy updated for 'SceneOutliner' in 0.0006 seconds. Added 1 classes and 2 folders.
[2019.11.18-00.39.25:462][  0]LogSlate: Only BGRA pngs, bmps or icos are supported in by External Image Picker
[2019.11.18-00.39.25:488][  0]LogSlate: Took 0.000175 seconds to synchronously load lazily loaded font '../../../Engine/Content/Slate/Fonts/Roboto-Regular.ttf' (155K)
[2019.11.18-00.39.25:492][  0]LogSlate: Took 0.000205 seconds to synchronously load lazily loaded font '../../../Engine/Content/Slate/Fonts/Roboto-Bold.ttf' (160K)
[2019.11.18-00.39.25:497][  0]LogTemp: Executing iPhonePackager certificates Engine -bundlename com.YourCompany.DejaBrew
[2019.11.18-00.39.25:498][  0]LogTemp: CWD: C:\Program Files\Epic Games\UE_4.20\Engine\Binaries\DotNET\IOS
[2019.11.18-00.39.25:498][  0]LogTemp: Initial Dir: C:\Program Files\Epic Games\UE_4.20
[2019.11.18-00.39.25:498][  0]LogTemp: Env CWD: C:\Program Files\Epic Games\UE_4.20\Engine\Binaries\DotNET\IOS
[2019.11.18-00.39.25:498][  0]LogSlate: Took 0.000157 seconds to synchronously load lazily loaded font '../../../Engine/Content/Editor/Slate/Fonts/FontAwesome.ttf' (139K)
[2019.11.18-00.39.25:595][  0]LogTemp: BranchPath = SYD-4DE60A/C/Program Files/Epic Games/UE_4.20/Engine/Binaries --- GameBranchPath = SYD-4DE60A/C/Program Files/Epic Games/UE_4.20/Engine/Binaries
[2019.11.18-00.39.25:595][  0]LogTemp: IPP ERROR: Could not find provision directory 'C:\Users\s181813\AppData\Local/Apple Computer/MobileDevice/Provisioning Profiles/'.
[2019.11.18-00.39.25:595][  0]LogRenderer: Reallocating scene render targets to support 1068x576 Format 10 NumSamples 1 (Frame:1).
[2019.11.18-00.39.25:771][  0]LogContentBrowser: Native class hierarchy updated for 'HierarchicalLODOutliner' in 0.0004 seconds. Added 0 classes and 0 folders.
[2019.11.18-00.39.25:771][  0]LogLoad: (Engine Initialization) Total time: 9.42 seconds
[2019.11.18-00.39.25:771][  0]LogLoad: (Engine Initialization) Total Blueprint compile time: 0.00 seconds
[2019.11.18-00.39.25:782][  0]LogWindowsTextInputMethodSystem: Display: IME system now deactivated.
[2019.11.18-00.39.25:806][  0]LogContentStreaming: Texture pool size now 1000 MB
[2019.11.18-00.39.25:835][  0]LogSlate: Took 0.000182 seconds to synchronously load lazily loaded font '../../../Engine/Content/Slate/Fonts/Roboto-Light.ttf' (167K)
[2019.11.18-00.39.25:873][  1]LogAssetRegistry: Asset discovery search completed in 5.5460 seconds
[2019.11.18-00.39.25:875][  1]LogCollectionManager: Rebuilt the object cache for 0 collections in 0.000000 seconds (found 0 objects)
[2019.11.18-00.39.25:875][  1]LogCollectionManager: Fixed up redirectors for 0 collections in 0.000206 seconds (updated 0 objects)
[2019.11.18-00.39.29:657][356]LogSlate: FSceneViewport::OnFocusLost() reason 0
[2019.11.18-00.39.30:684][476]LogActor: Warning: Checkpoint /Engine/Transient.World_5:PersistentLevel.Checkpoint_0 has natively added scene component(s), but none of them were set as the actor's RootComponent - picking one arbitrarily
[2019.11.18-00.39.32:147][605]LogEditor: Attempting to add actor of class 'Checkpoint' to level at 1660.00,50.00,20.00
[2019.11.18-00.39.32:147][605]LogActor: Warning: Checkpoint /Game/SideScrollerCPP/Maps/SideScrollerExampleMap.SideScrollerExampleMap:PersistentLevel.Checkpoint_0 has natively added scene component(s), but none of them were set as the actor's RootComponent - picking one arbitrarily
[2019.11.18-00.39.34:334][864]LogEditor: Attempting to add actor of class 'Checkpoint' to level at 1660.00,-90.00,10.00
[2019.11.18-00.39.34:334][864]LogActor: Warning: Checkpoint /Game/SideScrollerCPP/Maps/SideScrollerExampleMap.SideScrollerExampleMap:PersistentLevel.Checkpoint_1 has natively added scene component(s), but none of them were set as the actor's RootComponent - picking one arbitrarily
[2019.11.18-00.39.36:407][110]LogEditor: Attempting to add actor of class 'Checkpoint' to level at 1410.00,-60.00,110.00
[2019.11.18-00.39.36:408][110]LogActor: Warning: Checkpoint /Game/SideScrollerCPP/Maps/SideScrollerExampleMap.SideScrollerExampleMap:PersistentLevel.Checkpoint_2 has natively added scene component(s), but none of them were set as the actor's RootComponent - picking one arbitrarily
[2019.11.18-00.39.46:123][259]LogSlate: Took 0.000157 seconds to synchronously load lazily loaded font '../../../Engine/Content/Slate/Fonts/Roboto-Italic.ttf' (157K)
[2019.11.18-00.39.58:666][496]LogSlate: FSceneViewport::OnFocusLost() reason 0
[2019.11.18-00.40.01:322][777]LogLinker: Warning: Can't find file '/Game/SideScrollerBP/Sounds/Checkpoint/Checkpoint'
[2019.11.18-00.40.01:322][777]LoadErrors: Failed to load /Game/SideScrollerBP/Sounds/Checkpoint/Checkpoint_Cue.Checkpoint_Cue Referenced by Checkpoint_Cue_GEN_VARIABLE
[2019.11.18-00.40.01:322][777]LogLinker: Warning: Can't find file for asset '/Game/SideScrollerBP/Sounds/Checkpoint/Checkpoint' while loading ../../../../../../Users/s181813/Documents/GitHub/Chicken-Crimpy-Repository/DejaBrew/Content/SideScrollerBP/Sounds/Checkpoint/Checkpoint_Cue.uasset.
[2019.11.18-00.40.01:323][777]LoadErrors: Error: /Game/SideScrollerBP/Sounds/Checkpoint/Checkpoint_Cue : Can't find file for asset. /Game/SideScrollerBP/Sounds/Checkpoint/Checkpoint
[2019.11.18-00.40.01:323][777]LogLinker: Warning: Can't find file '/Game/SideScrollerBP/Sounds/Checkpoint/Checkpoint'
[2019.11.18-00.40.01:323][777]LogLinker: Warning: Can't find file for asset '/Game/SideScrollerBP/Sounds/Checkpoint/Checkpoint' while loading ../../../../../../Users/s181813/Documents/GitHub/Chicken-Crimpy-Repository/DejaBrew/Content/SideScrollerBP/Sounds/Checkpoint/Checkpoint_Cue.uasset.
[2019.11.18-00.40.01:434][777]LogLinker: Warning: Can't find file '/Game/SideScrollerBP/Sounds/DeathEnemy/Death_Enemy'
[2019.11.18-00.40.01:434][777]LogLinker: Warning: Can't find file for asset '/Game/SideScrollerBP/Sounds/DeathEnemy/Death_Enemy' while loading ../../../../../../Users/s181813/Documents/GitHub/Chicken-Crimpy-Repository/DejaBrew/Content/SideScrollerBP/Sounds/DeathEnemy/Death_Enemy_Cue.uasset.
[2019.11.18-00.40.01:435][777]LoadErrors: Error: /Game/SideScrollerBP/Sounds/DeathEnemy/Death_Enemy_Cue : Can't find file for asset. /Game/SideScrollerBP/Sounds/DeathEnemy/Death_Enemy
[2019.11.18-00.40.01:435][777]LogLinker: Warning: Can't find file '/Game/SideScrollerBP/Sounds/DeathEnemy/Death_Enemy'
[2019.11.18-00.40.01:435][777]LogLinker: Warning: Can't find file for asset '/Game/SideScrollerBP/Sounds/DeathEnemy/Death_Enemy' while loading ../../../../../../Users/s181813/Documents/GitHub/Chicken-Crimpy-Repository/DejaBrew/Content/SideScrollerBP/Sounds/DeathEnemy/Death_Enemy_Cue.uasset.
[2019.11.18-00.40.01:758][777]LogLinker: Warning: Can't find file '/Game/SideScrollerBP/Sounds/Checkpoint/Checkpoint'
[2019.11.18-00.40.01:758][777]LoadErrors: Failed to load /Game/SideScrollerBP/Sounds/Checkpoint/Checkpoint.Checkpoint Referenced by SoundNodeWavePlayer_0
[2019.11.18-00.40.01:758][777]LogLinker: Warning: Can't find file for asset '/Game/SideScrollerBP/Sounds/Checkpoint/Checkpoint' while loading NULL.
[2019.11.18-00.40.01:759][777]LogLinker: Warning: Can't find file '/Game/SideScrollerBP/Sounds/DeathEnemy/Death_Enemy'
[2019.11.18-00.40.01:759][777]LoadErrors: Failed to load /Game/SideScrollerBP/Sounds/DeathEnemy/Death_Enemy.Death_Enemy Referenced by SoundNodeWavePlayer_0
[2019.11.18-00.40.01:759][777]LogLinker: Warning: Can't find file for asset '/Game/SideScrollerBP/Sounds/DeathEnemy/Death_Enemy' while loading NULL.
[2019.11.18-00.40.01:924][777]LogLinker: Warning: Can't find file '/Game/SideScrollerBP/Sounds/Checkpoint/Checkpoint'
[2019.11.18-00.40.01:924][777]LogUObjectGlobals: Warning: Failed to find object 'Object /Game/SideScrollerBP/Sounds/Checkpoint/Checkpoint.Checkpoint'
[2019.11.18-00.40.01:936][777]LogLinker: Warning: Can't find file '/Game/SideScrollerBP/Sounds/DeathEnemy/Death_Enemy'
[2019.11.18-00.40.01:936][777]LogUObjectGlobals: Warning: Failed to find object 'Object /Game/SideScrollerBP/Sounds/DeathEnemy/Death_Enemy.Death_Enemy'
[2019.11.18-00.40.02:025][777]LogSlate: Took 0.000215 seconds to synchronously load lazily loaded font '../../../Engine/Content/Slate/Fonts/Roboto-Light.ttf' (167K)
[2019.11.18-00.40.02:039][777]LogAssetEditorManager: Opening Asset editor for Blueprint /Game/SideScrollerBP/Blueprints/Checkpoint_BP.Checkpoint_BP
[2019.11.18-00.40.02:558][777]LogContentBrowser: Native class hierarchy updated for 'BlueprintGraph' in 0.0006 seconds. Added 116 classes and 0 folders.
[2019.11.18-00.40.03:302][777]LogSlate: Took 0.003796 seconds to synchronously load lazily loaded font '../../../Engine/Content/Slate/Fonts/Roboto-BoldCondensed.ttf' (158K)
[2019.11.18-00.40.06:868][ 50]LogSlate: Window 'Checkpoint_BP' being destroyed
[2019.11.18-00.40.45:436][654]LogRenderer: Reallocating scene render targets to support 1144x840 Format 10 NumSamples 1 (Frame:1).
[2019.11.18-00.41.05:965][ 55]LogSlate: FSceneViewport::OnFocusLost() reason 0
[2019.11.18-00.41.11:794][691]LogEditorTransaction: Undo Set Location
[2019.11.18-00.41.15:062][ 80]LogSlate: FSceneViewport::OnFocusLost() reason 0
[2019.11.18-00.42.02:037][377]LogSlate: FSceneViewport::OnFocusLost() reason 0
[2019.11.18-00.42.03:072][500]LogEditorActor: Deleted Actor: Checkpoint
[2019.11.18-00.42.03:105][500]LogEditorActor: Deleted 1 Actors (0.035 secs)
[2019.11.18-00.42.05:594][744]LogSlate: FSceneViewport::OnFocusLost() reason 0
[2019.11.18-00.42.16:014][956]Cmd: TRANSACTION UNDO
[2019.11.18-00.42.16:014][956]LogEditorTransaction: Undo Create Actors
[2019.11.18-00.42.18:652][141]LogSlate: FSceneViewport::OnFocusLost() reason 0
[2019.11.18-00.42.22:221][508]Candidate modules for hot reload:
[2019.11.18-00.42.22:222][508]  DejaBrew
[2019.11.18-00.42.22:222][508]Launching UnrealBuildTool... [C:/Program Files/Epic Games/UE_4.20/Engine/Binaries/DotNET/UnrealBuildTool.exe  -ModuleWithSuffix=DejaBrew,3401 Win64 Development -TargetType=Editor -Project="../../../../../../Users/s181813/Documents/GitHub/Chicken-Crimpy-Repository/DejaBrew/DejaBrew.uproject" -canskiplink "C:/Users/s181813/Documents/GitHub/Chicken-Crimpy-Repository/DejaBrew/DejaBrew.uproject" ]
[2019.11.18-00.42.22:225][508]Warning: Starting HotReload took  0.0s.
[2019.11.18-00.42.29:118][334]CompilerResultsLog: New page: Compilation - Nov 18, 2019, 10:42:29 PM
[2019.11.18-00.42.29:118][334]CompilerResultsLog: Using 'git status' to determine working set for adaptive non-unity build.
[2019.11.18-00.42.29:119][334]CompilerResultsLog: Creating makefile for hot reloading DejaBrewEditor (ini files are newer than UBTMakefile)
[2019.11.18-00.42.29:119][334]CompilerResultsLog: Compiling game modules for hot reload
[2019.11.18-00.42.29:119][334]CompilerResultsLog: Using Visual Studio 2017 14.16.27023 toolchain (C:\Program Files (x86)\Microsoft Visual Studio\2017\Enterprise\VC\Tools\MSVC\14.16.27023) and Windows 10.0.17763.0 SDK (C:\Program Files (x86)\Windows Kits\10).
[2019.11.18-00.42.29:119][334]CompilerResultsLog: Building 3 actions with 8 processes...
[2019.11.18-00.42.29:119][334]CompilerResultsLog:   [1/3] Checkpoint.cpp
[2019.11.18-00.42.29:119][334]CompilerResultsLog:   [2/3] UE4Editor-DejaBrew-3401.lib
[2019.11.18-00.42.29:119][334]CompilerResultsLog:      Creating library C:\Users\s181813\Documents\GitHub\Chicken-Crimpy-Repository\DejaBrew\Intermediate\Build\Win64\UE4Editor\Development\DejaBrew\UE4Editor-DejaBrew-3401.lib and object C:\Users\s181813\Documents\GitHub\Chicken-Crimpy-Repository\DejaBrew\Intermediate\Build\Win64\UE4Editor\Development\DejaBrew\UE4Editor-DejaBrew-3401.exp
[2019.11.18-00.42.29:119][334]CompilerResultsLog:   [3/3] UE4Editor-DejaBrew-3401.dll
[2019.11.18-00.42.29:119][334]CompilerResultsLog:      Creating library C:\Users\s181813\Documents\GitHub\Chicken-Crimpy-Repository\DejaBrew\Intermediate\Build\Win64\UE4Editor\Development\DejaBrew\UE4Editor-DejaBrew-3401.suppressed.lib and object C:\Users\s181813\Documents\GitHub\Chicken-Crimpy-Repository\DejaBrew\Intermediate\Build\Win64\UE4Editor\Development\DejaBrew\UE4Editor-DejaBrew-3401.suppressed.exp
[2019.11.18-00.42.29:119][334]CompilerResultsLog: Total build time: 6.70 seconds (Parallel executor: 1.64 seconds)
[2019.11.18-00.42.29:119][334]LogMainFrame: MainFrame: Module compiling took 6.906 seconds
[2019.11.18-00.42.29:188][334]LogHotReload: Re-instancing Checkpoint after hot-reload.
[2019.11.18-00.42.29:188][334]LogActor: Warning: Checkpoint /Engine/Transient.World_5:PersistentLevel.Checkpoint_0 has natively added scene component(s), but none of them were set as the actor's RootComponent - picking one arbitrarily
[2019.11.18-00.42.29:293][334]LogContentBrowser: Native class hierarchy updated for 'DejaBrew' in 0.0003 seconds. Added 8 classes and 2 folders.
[2019.11.18-00.42.29:298][334]Display: HotReload successful (3 functions remapped  0 scriptstructs remapped)
[2019.11.18-00.42.29:682][334]LogContentBrowser: Native class hierarchy populated in 0.0092 seconds. Added 2581 classes and 607 folders.
[2019.11.18-00.42.29:682][334]Display: HotReload took  7.5s.
[2019.11.18-00.42.49:430][232]Candidate modules for hot reload:
[2019.11.18-00.42.49:430][232]  DejaBrew
[2019.11.18-00.42.49:431][232]Launching UnrealBuildTool... [C:/Program Files/Epic Games/UE_4.20/Engine/Binaries/DotNET/UnrealBuildTool.exe  -ModuleWithSuffix=DejaBrew,1566 Win64 Development -TargetType=Editor -Project="../../../../../../Users/s181813/Documents/GitHub/Chicken-Crimpy-Repository/DejaBrew/DejaBrew.uproject" -canskiplink "C:/Users/s181813/Documents/GitHub/Chicken-Crimpy-Repository/DejaBrew/DejaBrew.uproject" ]
[2019.11.18-00.42.49:435][232]Warning: Starting HotReload took  0.0s.
[2019.11.18-00.42.52:852][602]CompilerResultsLog: New page: Compilation - Nov 18, 2019, 10:42:52 PM
[2019.11.18-00.42.52:852][602]CompilerResultsLog: Using 'git status' to determine working set for adaptive non-unity build.
[2019.11.18-00.42.52:853][602]CompilerResultsLog: Compiling game modules for hot reload
[2019.11.18-00.42.52:853][602]CompilerResultsLog: Building 3 actions with 8 processes...
[2019.11.18-00.42.52:853][602]CompilerResultsLog:   [1/3] Checkpoint.cpp
[2019.11.18-00.42.52:853][602]CompilerResultsLog:   [2/3] UE4Editor-DejaBrew-1566.lib
[2019.11.18-00.42.52:853][602]CompilerResultsLog:      Creating library C:\Users\s181813\Documents\GitHub\Chicken-Crimpy-Repository\DejaBrew\Intermediate\Build\Win64\UE4Editor\Development\DejaBrew\UE4Editor-DejaBrew-1566.lib and object C:\Users\s181813\Documents\GitHub\Chicken-Crimpy-Repository\DejaBrew\Intermediate\Build\Win64\UE4Editor\Development\DejaBrew\UE4Editor-DejaBrew-1566.exp
[2019.11.18-00.42.52:853][602]CompilerResultsLog:   [3/3] UE4Editor-DejaBrew-1566.dll
[2019.11.18-00.42.52:853][602]CompilerResultsLog:      Creating library C:\Users\s181813\Documents\GitHub\Chicken-Crimpy-Repository\DejaBrew\Intermediate\Build\Win64\UE4Editor\Development\DejaBrew\UE4Editor-DejaBrew-1566.suppressed.lib and object C:\Users\s181813\Documents\GitHub\Chicken-Crimpy-Repository\DejaBrew\Intermediate\Build\Win64\UE4Editor\Development\DejaBrew\UE4Editor-DejaBrew-1566.suppressed.exp
[2019.11.18-00.42.52:853][602]CompilerResultsLog: Total build time: 3.12 seconds (Parallel executor: 1.64 seconds)
[2019.11.18-00.42.52:853][602]LogMainFrame: MainFrame: Module compiling took 3.430 seconds
[2019.11.18-00.42.52:936][602]LogHotReload: Re-instancing Checkpoint after hot-reload.
[2019.11.18-00.42.52:936][602]LogActor: Warning: Checkpoint /Engine/Transient.World_5:PersistentLevel.Checkpoint_0 has natively added scene component(s), but none of them were set as the actor's RootComponent - picking one arbitrarily
[2019.11.18-00.42.53:065][602]LogContentBrowser: Native class hierarchy updated for 'DejaBrew' in 0.0003 seconds. Added 8 classes and 2 folders.
[2019.11.18-00.42.53:069][602]Display: HotReload successful (3 functions remapped  0 scriptstructs remapped)
[2019.11.18-00.42.53:389][602]LogContentBrowser: Native class hierarchy populated in 0.0083 seconds. Added 2581 classes and 607 folders.
[2019.11.18-00.42.53:389][602]Display: HotReload took  4.0s.
[2019.11.18-00.42.55:068][607]LogTemp: Repeating last play command: Selected Viewport
[2019.11.18-00.42.55:095][607]LogBlueprintUserMessages: Early PlayInEditor Detection: Level '/Game/SideScrollerCPP/Maps/SideScrollerExampleMap.SideScrollerExampleMap:PersistentLevel' has LevelScriptBlueprint '/Game/SideScrollerCPP/Maps/SideScrollerExampleMap.SideScrollerExampleMap:PersistentLevel.SideScrollerExampleMap' with GeneratedClass '/Game/SideScrollerCPP/Maps/SideScrollerExampleMap.SideScrollerExampleMap_C' with ClassGeneratedBy '/Game/SideScrollerCPP/Maps/SideScrollerExampleMap.SideScrollerExampleMap:PersistentLevel.SideScrollerExampleMap'
[2019.11.18-00.42.55:096][607]BlueprintLog: New page: Pre-Play auto-recompile
[2019.11.18-00.42.55:107][607]LogPlayLevel: [PlayLevel] Compiling Checkpoint_BP before play...
[2019.11.18-00.42.55:337][607]LogPlayLevel: PlayLevel: Blueprint regeneration took 241 ms (1 blueprints)
[2019.11.18-00.42.55:351][607]PIE: New page: PIE session: SideScrollerExampleMap (Nov 18, 2019, 10:42:55 PM)
[2019.11.18-00.42.55:352][607]LogPlayLevel: Creating play world package: /Game/SideScrollerCPP/Maps/UEDPIE_0_SideScrollerExampleMap
[2019.11.18-00.42.55:364][607]LogPlayLevel: PIE: StaticDuplicateObject took: (0.012575s)
[2019.11.18-00.42.55:365][607]LogAIModule: Creating AISystem for world SideScrollerExampleMap
[2019.11.18-00.42.55:365][607]LogPlayLevel: PIE: World Init took: (0.000956s)
[2019.11.18-00.42.55:366][607]LogPlayLevel: PIE: Created PIE world by copying editor world from /Game/SideScrollerCPP/Maps/SideScrollerExampleMap.SideScrollerExampleMap to /Game/SideScrollerCPP/Maps/UEDPIE_0_SideScrollerExampleMap.SideScrollerExampleMap (0.013993s)
[2019.11.18-00.42.55:412][607]LogInit: XAudio2 using 'Realtek Digital Output (Realtek High Definition Audio)' : 2 channels at 48 kHz using 16 bits per sample (channel mask 0x3)
[2019.11.18-00.42.55:424][607]LogInit: FAudioDevice initialized.
[2019.11.18-00.42.55:477][607]LogLoad: Game class is 'DejaBrewGameMode'
[2019.11.18-00.42.55:481][607]LogWorld: Bringing World /Game/SideScrollerCPP/Maps/UEDPIE_0_SideScrollerExampleMap.SideScrollerExampleMap up for play (max tick rate 0) at 2019.11.18-11.42.55
[2019.11.18-00.42.55:482][607]LogWorld: Bringing up level for play took: 0.002931
[2019.11.18-00.42.55:510][607]LogContentBrowser: Native class hierarchy updated for 'MovieSceneCapture' in 0.0003 seconds. Added 10 classes and 0 folders.
[2019.11.18-00.42.55:535][607]PIE: Play in editor start time for /Game/SideScrollerCPP/Maps/UEDPIE_0_SideScrollerExampleMap -0.288
[2019.11.18-00.42.55:535][607]LogBlueprintUserMessages: Late PlayInEditor Detection: Level '/Game/SideScrollerCPP/Maps/SideScrollerExampleMap.SideScrollerExampleMap:PersistentLevel' has LevelScriptBlueprint '/Game/SideScrollerCPP/Maps/SideScrollerExampleMap.SideScrollerExampleMap:PersistentLevel.SideScrollerExampleMap' with GeneratedClass '/Game/SideScrollerCPP/Maps/SideScrollerExampleMap.SideScrollerExampleMap_C' with ClassGeneratedBy '/Game/SideScrollerCPP/Maps/SideScrollerExampleMap.SideScrollerExampleMap:PersistentLevel.SideScrollerExampleMap'
[2019.11.18-00.42.57:289][791]LogBlueprintUserMessages: Early EndPlayMap Detection: Level '/Game/SideScrollerCPP/Maps/SideScrollerExampleMap.SideScrollerExampleMap:PersistentLevel' has LevelScriptBlueprint '/Game/SideScrollerCPP/Maps/SideScrollerExampleMap.SideScrollerExampleMap:PersistentLevel.SideScrollerExampleMap' with GeneratedClass '/Game/SideScrollerCPP/Maps/SideScrollerExampleMap.SideScrollerExampleMap_C' with ClassGeneratedBy '/Game/SideScrollerCPP/Maps/SideScrollerExampleMap.SideScrollerExampleMap:PersistentLevel.SideScrollerExampleMap'
[2019.11.18-00.42.57:290][791]LogSlate: Updating window title bar state: overlay mode, drag disabled, window buttons hidden, title bar hidden
[2019.11.18-00.42.57:328][791]LogPlayLevel: Display: Shutting down PIE online subsystems
[2019.11.18-00.42.57:328][791]LogBlueprintUserMessages: Late EndPlayMap Detection: Level '/Game/SideScrollerCPP/Maps/SideScrollerExampleMap.SideScrollerExampleMap:PersistentLevel' has LevelScriptBlueprint '/Game/SideScrollerCPP/Maps/SideScrollerExampleMap.SideScrollerExampleMap:PersistentLevel.SideScrollerExampleMap' with GeneratedClass '/Game/SideScrollerCPP/Maps/SideScrollerExampleMap.SideScrollerExampleMap_C' with ClassGeneratedBy '/Game/SideScrollerCPP/Maps/SideScrollerExampleMap.SideScrollerExampleMap:PersistentLevel.SideScrollerExampleMap'
[2019.11.18-00.42.57:359][791]LogSlate: Updating window title bar state: overlay mode, drag disabled, window buttons hidden, title bar hidden
[2019.11.18-00.42.57:365][791]LogActorComponent: ReregisterComponent: (/Game/SideScrollerCPP/Maps/SideScrollerExampleMap.SideScrollerExampleMap:PersistentLevel.Checkpoint_BP_C_1.Checkpoint_Cue) Not currently registered. Aborting.
[2019.11.18-00.42.57:403][793]LogPlayLevel: Display: Destroying online subsystem :Context_16
[2019.11.18-00.42.57:819][843]LogActor: Warning: Checkpoint /Engine/Transient.World_5:PersistentLevel.Checkpoint_3 has natively added scene component(s), but none of them were set as the actor's RootComponent - picking one arbitrarily
[2019.11.18-00.42.58:455][898]LogSlate: FSceneViewport::OnFocusLost() reason 0
[2019.11.18-00.42.58:665][918]LogEditor: Attempting to add actor of class 'Checkpoint' to level at 1660.00,20.00,-70.00
[2019.11.18-00.42.58:666][918]LogActor: Warning: Checkpoint /Game/SideScrollerCPP/Maps/SideScrollerExampleMap.SideScrollerExampleMap:PersistentLevel.Checkpoint_3 has natively added scene component(s), but none of them were set as the actor's RootComponent - picking one arbitrarily
[2019.11.18-00.43.01:166][215]LogEditor: Attempting to add actor of class 'Checkpoint' to level at 1430.00,-250.00,110.00
[2019.11.18-00.43.01:168][215]LogActor: Warning: Checkpoint /Game/SideScrollerCPP/Maps/SideScrollerExampleMap.SideScrollerExampleMap:PersistentLevel.Checkpoint_4 has natively added scene component(s), but none of them were set as the actor's RootComponent - picking one arbitrarily
[2019.11.18-00.43.05:295][704]Cmd: SELECT NONE
[2019.11.18-00.43.14:002][ 17]LogSlate: FSceneViewport::OnFocusLost() reason 0
[2019.11.18-00.43.14:297][ 21]LogEditor: Attempting to add actor of class 'Checkpoint' to level at 1660.00,-90.00,-50.00
[2019.11.18-00.43.14:297][ 21]LogActor: Warning: Checkpoint /Game/SideScrollerCPP/Maps/SideScrollerExampleMap.SideScrollerExampleMap:PersistentLevel.Checkpoint_5 has natively added scene component(s), but none of them were set as the actor's RootComponent - picking one arbitrarily
[2019.11.18-00.43.15:119][112]LogEditor: Attempting to add actor of class 'Checkpoint' to level at 1320.00,-160.00,110.00
[2019.11.18-00.43.15:120][112]LogActor: Warning: Checkpoint /Game/SideScrollerCPP/Maps/SideScrollerExampleMap.SideScrollerExampleMap:PersistentLevel.Checkpoint_6 has natively added scene component(s), but none of them were set as the actor's RootComponent - picking one arbitrarily
[2019.11.18-00.43.19:034][576]LogSlate: FSceneViewport::OnFocusLost() reason 0
[2019.11.18-00.43.32:086][803]LogAssetEditorManager: Opening Asset editor for StaticMesh /Game/SideScrollerBP/Assets/CheckpointLP.CheckpointLP
[2019.11.18-00.43.32:653][804]LogRenderer: Reallocating scene render targets to support 1432x924 Format 10 NumSamples 1 (Frame:1).
[2019.11.18-00.45.31:724][439]LogSlate: FSceneViewport::OnFocusLost() reason 0
[2019.11.18-00.45.31:880][453]Candidate modules for hot reload:
[2019.11.18-00.45.31:880][453]  DejaBrew
[2019.11.18-00.45.31:880][453]Launching UnrealBuildTool... [C:/Program Files/Epic Games/UE_4.20/Engine/Binaries/DotNET/UnrealBuildTool.exe  -ModuleWithSuffix=DejaBrew,3403 Win64 Development -TargetType=Editor -Project="../../../../../../Users/s181813/Documents/GitHub/Chicken-Crimpy-Repository/DejaBrew/DejaBrew.uproject" -canskiplink "C:/Users/s181813/Documents/GitHub/Chicken-Crimpy-Repository/DejaBrew/DejaBrew.uproject" ]
[2019.11.18-00.45.31:886][453]Warning: Starting HotReload took  0.0s.
[2019.11.18-00.45.33:472][600]CompilerResultsLog: New page: Compilation - Nov 18, 2019, 10:45:33 PM
[2019.11.18-00.45.33:472][600]CompilerResultsLog: Using 'git status' to determine working set for adaptive non-unity build.
[2019.11.18-00.45.33:472][600]CompilerResultsLog: Compiling game modules for hot reload
[2019.11.18-00.45.33:472][600]CompilerResultsLog: Target is up to date
[2019.11.18-00.45.33:472][600]CompilerResultsLog: Total build time: 1.39 seconds (NoActionsToExecute executor: 0.00 seconds)
[2019.11.18-00.45.33:472][600]LogMainFrame: MainFrame: Module compiling took 1.600 seconds
[2019.11.18-00.45.33:752][600]LogContentBrowser: Native class hierarchy populated in 0.0091 seconds. Added 2581 classes and 607 folders.
[2019.11.18-00.45.33:752][600]Display: HotReload took  1.9s.
[2019.11.18-00.48.59:609][730]Candidate modules for hot reload:
[2019.11.18-00.48.59:609][730]  DejaBrew
[2019.11.18-00.48.59:609][730]Launching UnrealBuildTool... [C:/Program Files/Epic Games/UE_4.20/Engine/Binaries/DotNET/UnrealBuildTool.exe  -ModuleWithSuffix=DejaBrew,9748 Win64 Development -TargetType=Editor -Project="../../../../../../Users/s181813/Documents/GitHub/Chicken-Crimpy-Repository/DejaBrew/DejaBrew.uproject" -canskiplink "C:/Users/s181813/Documents/GitHub/Chicken-Crimpy-Repository/DejaBrew/DejaBrew.uproject" ]
[2019.11.18-00.48.59:612][730]Warning: Starting HotReload took  0.0s.
[2019.11.18-00.49.03:365][930]CompilerResultsLog: New page: Compilation - Nov 18, 2019, 10:49:03 PM
[2019.11.18-00.49.03:365][930]CompilerResultsLog: Using 'git status' to determine working set for adaptive non-unity build.
[2019.11.18-00.49.03:365][930]CompilerResultsLog: Compiling game modules for hot reload
[2019.11.18-00.49.03:365][930]CompilerResultsLog: Building 3 actions with 8 processes...
[2019.11.18-00.49.03:365][930]CompilerResultsLog:   [1/3] Checkpoint.cpp
[2019.11.18-00.49.03:365][930]CompilerResultsLog:   [2/3] UE4Editor-DejaBrew-9748.lib
[2019.11.18-00.49.03:365][930]CompilerResultsLog:      Creating library C:\Users\s181813\Documents\GitHub\Chicken-Crimpy-Repository\DejaBrew\Intermediate\Build\Win64\UE4Editor\Development\DejaBrew\UE4Editor-DejaBrew-9748.lib and object C:\Users\s181813\Documents\GitHub\Chicken-Crimpy-Repository\DejaBrew\Intermediate\Build\Win64\UE4Editor\Development\DejaBrew\UE4Editor-DejaBrew-9748.exp
[2019.11.18-00.49.03:366][930]CompilerResultsLog:   [3/3] UE4Editor-DejaBrew-9748.dll
[2019.11.18-00.49.03:366][930]CompilerResultsLog:      Creating library C:\Users\s181813\Documents\GitHub\Chicken-Crimpy-Repository\DejaBrew\Intermediate\Build\Win64\UE4Editor\Development\DejaBrew\UE4Editor-DejaBrew-9748.suppressed.lib and object C:\Users\s181813\Documents\GitHub\Chicken-Crimpy-Repository\DejaBrew\Intermediate\Build\Win64\UE4Editor\Development\DejaBrew\UE4Editor-DejaBrew-9748.suppressed.exp
[2019.11.18-00.49.03:366][930]CompilerResultsLog: Total build time: 3.17 seconds (Parallel executor: 1.66 seconds)
[2019.11.18-00.49.03:366][930]LogMainFrame: MainFrame: Module compiling took 3.765 seconds
[2019.11.18-00.49.03:478][930]LogHotReload: Re-instancing Checkpoint after hot-reload.
[2019.11.18-00.49.03:478][930]LogActor: Warning: Checkpoint /Engine/Transient.World_5:PersistentLevel.Checkpoint_3 has natively added scene component(s), but none of them were set as the actor's RootComponent - picking one arbitrarily
[2019.11.18-00.49.03:479][930]LogActor: Warning: Checkpoint /Game/SideScrollerCPP/Maps/SideScrollerExampleMap.SideScrollerExampleMap:PersistentLevel.Checkpoint_4 has natively added scene component(s), but none of them were set as the actor's RootComponent - picking one arbitrarily
[2019.11.18-00.49.03:481][930]LogActor: Warning: Checkpoint /Game/SideScrollerCPP/Maps/SideScrollerExampleMap.SideScrollerExampleMap:PersistentLevel.Checkpoint_6 has natively added scene component(s), but none of them were set as the actor's RootComponent - picking one arbitrarily
[2019.11.18-00.49.03:655][930]LogContentBrowser: Native class hierarchy updated for 'DejaBrew' in 0.0004 seconds. Added 8 classes and 2 folders.
[2019.11.18-00.49.03:659][930]Display: HotReload successful (3 functions remapped  0 scriptstructs remapped)
[2019.11.18-00.49.04:029][930]LogContentBrowser: Native class hierarchy populated in 0.0088 seconds. Added 2581 classes and 607 folders.
[2019.11.18-00.49.04:030][930]Display: HotReload took  4.4s.
[2019.11.18-00.49.06:372][937]LogEditorViewport: Clicking on Actor (LMB): StaticMeshActor (Wall3)
[2019.11.18-00.49.07:515][ 22]LogEditorViewport: Clicking on Actor (LMB): Checkpoint (Checkpoint6)
[2019.11.18-00.49.09:240][188]Cmd: DELETE
[2019.11.18-00.49.09:240][188]Cmd: ACTOR DELETE
[2019.11.18-00.49.09:243][188]LogEditorActor: Deleted Actor: Checkpoint
[2019.11.18-00.49.09:297][188]LogEditorActor: Deleted 1 Actors (0.056 secs)
[2019.11.18-00.49.34:205][376]LogSavePackage: Moving '../../../../../../Users/s181813/Documents/GitHub/Chicken-Crimpy-Repository/DejaBrew/Saved/SideScrollerExampleMap_Auto1E8873DB54445C6FCA3D9F88D5ACAE795.tmp' to '../../../../../../Users/s181813/Documents/GitHub/Chicken-Crimpy-Repository/DejaBrew/Saved/Autosaves/Game/SideScrollerCPP/Maps/SideScrollerExampleMap_Auto1.umap'
[2019.11.18-00.49.34:212][376]LogFileHelpers: Editor autosave (incl. sublevels) for '/Game/SideScrollerCPP/Maps/SideScrollerExampleMap' took 0.249
[2019.11.18-00.49.34:212][376]LogFileHelpers: Editor autosave (incl. sublevels) for all levels took 0.249
[2019.11.18-00.50.18:382][510]LogSlate: FSceneViewport::OnFocusLost() reason 0
[2019.11.18-00.50.24:856][ 95]Candidate modules for hot reload:
[2019.11.18-00.50.24:856][ 95]  DejaBrew
[2019.11.18-00.50.24:857][ 95]Launching UnrealBuildTool... [C:/Program Files/Epic Games/UE_4.20/Engine/Binaries/DotNET/UnrealBuildTool.exe  -ModuleWithSuffix=DejaBrew,9309 Win64 Development -TargetType=Editor -Project="../../../../../../Users/s181813/Documents/GitHub/Chicken-Crimpy-Repository/DejaBrew/DejaBrew.uproject" -canskiplink "C:/Users/s181813/Documents/GitHub/Chicken-Crimpy-Repository/DejaBrew/DejaBrew.uproject" ]
[2019.11.18-00.50.24:861][ 95]Warning: Starting HotReload took  0.0s.
[2019.11.18-00.50.28:129][417]CompilerResultsLog: New page: Compilation - Nov 18, 2019, 10:50:28 PM
[2019.11.18-00.50.28:129][417]CompilerResultsLog: Using 'git status' to determine working set for adaptive non-unity build.
[2019.11.18-00.50.28:129][417]CompilerResultsLog: Compiling game modules for hot reload
[2019.11.18-00.50.28:129][417]CompilerResultsLog: Building 3 actions with 8 processes...
[2019.11.18-00.50.28:129][417]CompilerResultsLog:   [1/3] Checkpoint.cpp
[2019.11.18-00.50.28:129][417]CompilerResultsLog:   [2/3] UE4Editor-DejaBrew-9309.lib
[2019.11.18-00.50.28:130][417]CompilerResultsLog:      Creating library C:\Users\s181813\Documents\GitHub\Chicken-Crimpy-Repository\DejaBrew\Intermediate\Build\Win64\UE4Editor\Development\DejaBrew\UE4Editor-DejaBrew-9309.lib and object C:\Users\s181813\Documents\GitHub\Chicken-Crimpy-Repository\DejaBrew\Intermediate\Build\Win64\UE4Editor\Development\DejaBrew\UE4Editor-DejaBrew-9309.exp
[2019.11.18-00.50.28:130][417]CompilerResultsLog:   [3/3] UE4Editor-DejaBrew-9309.dll
[2019.11.18-00.50.28:130][417]CompilerResultsLog:      Creating library C:\Users\s181813\Documents\GitHub\Chicken-Crimpy-Repository\DejaBrew\Intermediate\Build\Win64\UE4Editor\Development\DejaBrew\UE4Editor-DejaBrew-9309.suppressed.lib and object C:\Users\s181813\Documents\GitHub\Chicken-Crimpy-Repository\DejaBrew\Intermediate\Build\Win64\UE4Editor\Development\DejaBrew\UE4Editor-DejaBrew-9309.suppressed.exp
[2019.11.18-00.50.28:130][417]CompilerResultsLog: Total build time: 3.05 seconds (Parallel executor: 1.67 seconds)
[2019.11.18-00.50.28:130][417]LogMainFrame: MainFrame: Module compiling took 3.280 seconds
[2019.11.18-00.50.28:201][417]LogHotReload: Re-instancing Checkpoint after hot-reload.
[2019.11.18-00.50.28:334][417]LogContentBrowser: Native class hierarchy updated for 'DejaBrew' in 0.0004 seconds. Added 8 classes and 2 folders.
[2019.11.18-00.50.28:341][417]Display: HotReload successful (3 functions remapped  0 scriptstructs remapped)
[2019.11.18-00.50.28:648][417]LogContentBrowser: Native class hierarchy populated in 0.0095 seconds. Added 2581 classes and 607 folders.
[2019.11.18-00.50.28:648][417]Display: HotReload took  3.8s.
[2019.11.18-00.50.31:283][577]LogEditor: Attempting to add actor of class 'Checkpoint' to level at 1660.00,310.00,-80.00
[2019.11.18-00.50.32:051][651]LogEditor: Attempting to add actor of class 'Checkpoint' to level at 1260.00,20.00,110.00
[2019.11.18-00.50.41:132][553]LogSlate: FSceneViewport::OnFocusLost() reason 0
[2019.11.18-00.51.06:761][113]Candidate modules for hot reload:
[2019.11.18-00.51.06:761][113]  DejaBrew
[2019.11.18-00.51.06:761][113]Launching UnrealBuildTool... [C:/Program Files/Epic Games/UE_4.20/Engine/Binaries/DotNET/UnrealBuildTool.exe  -ModuleWithSuffix=DejaBrew,4217 Win64 Development -TargetType=Editor -Project="../../../../../../Users/s181813/Documents/GitHub/Chicken-Crimpy-Repository/DejaBrew/DejaBrew.uproject" -canskiplink "C:/Users/s181813/Documents/GitHub/Chicken-Crimpy-Repository/DejaBrew/DejaBrew.uproject" ]
[2019.11.18-00.51.06:764][113]Warning: Starting HotReload took  0.0s.
[2019.11.18-00.51.10:377][413]CompilerResultsLog: New page: Compilation - Nov 18, 2019, 10:51:10 PM
[2019.11.18-00.51.10:378][413]CompilerResultsLog: Using 'git status' to determine working set for adaptive non-unity build.
[2019.11.18-00.51.10:378][413]CompilerResultsLog: Compiling game modules for hot reload
[2019.11.18-00.51.10:378][413]CompilerResultsLog: Building 3 actions with 8 processes...
[2019.11.18-00.51.10:378][413]CompilerResultsLog:   [1/3] Checkpoint.cpp
[2019.11.18-00.51.10:378][413]CompilerResultsLog:   [2/3] UE4Editor-DejaBrew-4217.lib
[2019.11.18-00.51.10:378][413]CompilerResultsLog:      Creating library C:\Users\s181813\Documents\GitHub\Chicken-Crimpy-Repository\DejaBrew\Intermediate\Build\Win64\UE4Editor\Development\DejaBrew\UE4Editor-DejaBrew-4217.lib and object C:\Users\s181813\Documents\GitHub\Chicken-Crimpy-Repository\DejaBrew\Intermediate\Build\Win64\UE4Editor\Development\DejaBrew\UE4Editor-DejaBrew-4217.exp
[2019.11.18-00.51.10:378][413]CompilerResultsLog:   [3/3] UE4Editor-DejaBrew-4217.dll
[2019.11.18-00.51.10:378][413]CompilerResultsLog:      Creating library C:\Users\s181813\Documents\GitHub\Chicken-Crimpy-Repository\DejaBrew\Intermediate\Build\Win64\UE4Editor\Development\DejaBrew\UE4Editor-DejaBrew-4217.suppressed.lib and object C:\Users\s181813\Documents\GitHub\Chicken-Crimpy-Repository\DejaBrew\Intermediate\Build\Win64\UE4Editor\Development\DejaBrew\UE4Editor-DejaBrew-4217.suppressed.exp
[2019.11.18-00.51.10:378][413]CompilerResultsLog: Total build time: 3.31 seconds (Parallel executor: 1.80 seconds)
[2019.11.18-00.51.10:378][413]LogMainFrame: MainFrame: Module compiling took 3.625 seconds
[2019.11.18-00.51.10:479][413]LogHotReload: Re-instancing Checkpoint after hot-reload.
[2019.11.18-00.51.10:660][413]LogContentBrowser: Native class hierarchy updated for 'DejaBrew' in 0.0003 seconds. Added 8 classes and 2 folders.
[2019.11.18-00.51.10:664][413]Display: HotReload successful (3 functions remapped  0 scriptstructs remapped)
[2019.11.18-00.51.11:028][413]LogContentBrowser: Native class hierarchy populated in 0.0128 seconds. Added 2581 classes and 607 folders.
[2019.11.18-00.51.11:028][413]Display: HotReload took  4.3s.
[2019.11.18-00.51.15:043][806]LogEditorActor: Deleted Actor: Checkpoint
[2019.11.18-00.51.15:098][806]LogEditorActor: Deleted 1 Actors (0.057 secs)
[2019.11.18-00.51.16:398][934]LogEditorActor: Deleted Actor: Checkpoint
[2019.11.18-00.51.16:442][934]LogEditorActor: Deleted 1 Actors (0.047 secs)
[2019.11.18-00.51.22:390][459]LogEditor: Attempting to add actor of class 'Checkpoint' to level at 1660.00,440.00,-90.00
[2019.11.18-00.51.25:441][763]LogEditor: Attempting to add actor of class 'Checkpoint' to level at 1410.00,90.00,110.00
[2019.11.18-00.51.27:839][998]Cmd: TRANSACTION UNDO
[2019.11.18-00.51.27:839][998]LogEditorTransaction: Undo Create Actors
[2019.11.18-00.51.37:289][306]LogSlate: FSceneViewport::OnFocusLost() reason 0
[2019.11.18-00.51.37:468][309]Candidate modules for hot reload:
[2019.11.18-00.51.37:468][309]  DejaBrew
[2019.11.18-00.51.37:469][309]Launching UnrealBuildTool... [C:/Program Files/Epic Games/UE_4.20/Engine/Binaries/DotNET/UnrealBuildTool.exe  -ModuleWithSuffix=DejaBrew,3546 Win64 Development -TargetType=Editor -Project="../../../../../../Users/s181813/Documents/GitHub/Chicken-Crimpy-Repository/DejaBrew/DejaBrew.uproject" -canskiplink "C:/Users/s181813/Documents/GitHub/Chicken-Crimpy-Repository/DejaBrew/DejaBrew.uproject" ]
[2019.11.18-00.51.37:472][309]Warning: Starting HotReload took  0.1s.
[2019.11.18-00.51.40:967][640]CompilerResultsLog: New page: Compilation - Nov 18, 2019, 10:51:40 PM
[2019.11.18-00.51.40:967][640]CompilerResultsLog: Using 'git status' to determine working set for adaptive non-unity build.
[2019.11.18-00.51.40:967][640]CompilerResultsLog: Compiling game modules for hot reload
[2019.11.18-00.51.40:968][640]CompilerResultsLog: Building 3 actions with 8 processes...
[2019.11.18-00.51.40:968][640]CompilerResultsLog:   [1/3] Checkpoint.cpp
[2019.11.18-00.51.40:968][640]CompilerResultsLog:   [2/3] UE4Editor-DejaBrew-3546.lib
[2019.11.18-00.51.40:968][640]CompilerResultsLog:      Creating library C:\Users\s181813\Documents\GitHub\Chicken-Crimpy-Repository\DejaBrew\Intermediate\Build\Win64\UE4Editor\Development\DejaBrew\UE4Editor-DejaBrew-3546.lib and object C:\Users\s181813\Documents\GitHub\Chicken-Crimpy-Repository\DejaBrew\Intermediate\Build\Win64\UE4Editor\Development\DejaBrew\UE4Editor-DejaBrew-3546.exp
[2019.11.18-00.51.40:968][640]CompilerResultsLog:   [3/3] UE4Editor-DejaBrew-3546.dll
[2019.11.18-00.51.40:968][640]CompilerResultsLog:      Creating library C:\Users\s181813\Documents\GitHub\Chicken-Crimpy-Repository\DejaBrew\Intermediate\Build\Win64\UE4Editor\Development\DejaBrew\UE4Editor-DejaBrew-3546.suppressed.lib and object C:\Users\s181813\Documents\GitHub\Chicken-Crimpy-Repository\DejaBrew\Intermediate\Build\Win64\UE4Editor\Development\DejaBrew\UE4Editor-DejaBrew-3546.suppressed.exp
[2019.11.18-00.51.40:968][640]CompilerResultsLog: Total build time: 3.31 seconds (Parallel executor: 1.83 seconds)
[2019.11.18-00.51.40:968][640]LogMainFrame: MainFrame: Module compiling took 3.575 seconds
[2019.11.18-00.51.41:043][640]LogHotReload: Re-instancing Checkpoint after hot-reload.
[2019.11.18-00.51.41:184][640]LogContentBrowser: Native class hierarchy updated for 'DejaBrew' in 0.0004 seconds. Added 8 classes and 2 folders.
[2019.11.18-00.51.41:188][640]Display: HotReload successful (3 functions remapped  0 scriptstructs remapped)
[2019.11.18-00.51.41:531][640]LogContentBrowser: Native class hierarchy populated in 0.0130 seconds. Added 2581 classes and 607 folders.
[2019.11.18-00.51.41:531][640]Display: HotReload took  4.2s.
[2019.11.18-00.51.42:944][781]LogTemp: Repeating last play command: Selected Viewport
[2019.11.18-00.51.42:971][781]LogBlueprintUserMessages: Early PlayInEditor Detection: Level '/Game/SideScrollerCPP/Maps/SideScrollerExampleMap.SideScrollerExampleMap:PersistentLevel' has LevelScriptBlueprint '/Game/SideScrollerCPP/Maps/SideScrollerExampleMap.SideScrollerExampleMap:PersistentLevel.SideScrollerExampleMap' with GeneratedClass '/Game/SideScrollerCPP/Maps/SideScrollerExampleMap.SideScrollerExampleMap_C' with ClassGeneratedBy '/Game/SideScrollerCPP/Maps/SideScrollerExampleMap.SideScrollerExampleMap:PersistentLevel.SideScrollerExampleMap'
[2019.11.18-00.51.42:971][781]LogPlayLevel: PlayLevel: No blueprints needed recompiling
[2019.11.18-00.51.42:972][781]PIE: New page: PIE session: SideScrollerExampleMap (Nov 18, 2019, 10:51:42 PM)
[2019.11.18-00.51.42:972][781]LogPlayLevel: Creating play world package: /Game/SideScrollerCPP/Maps/UEDPIE_0_SideScrollerExampleMap
[2019.11.18-00.51.42:984][781]LogPlayLevel: PIE: StaticDuplicateObject took: (0.012427s)
[2019.11.18-00.51.42:985][781]LogAIModule: Creating AISystem for world SideScrollerExampleMap
[2019.11.18-00.51.42:986][781]LogPlayLevel: PIE: World Init took: (0.001321s)
[2019.11.18-00.51.42:986][781]LogPlayLevel: PIE: Created PIE world by copying editor world from /Game/SideScrollerCPP/Maps/SideScrollerExampleMap.SideScrollerExampleMap to /Game/SideScrollerCPP/Maps/UEDPIE_0_SideScrollerExampleMap.SideScrollerExampleMap (0.014166s)
[2019.11.18-00.51.43:054][781]LogInit: XAudio2 using 'Realtek Digital Output (Realtek High Definition Audio)' : 2 channels at 48 kHz using 16 bits per sample (channel mask 0x3)
[2019.11.18-00.51.43:065][781]LogInit: FAudioDevice initialized.
[2019.11.18-00.51.43:104][781]LogLoad: Game class is 'DejaBrewGameMode'
[2019.11.18-00.51.43:108][781]LogWorld: Bringing World /Game/SideScrollerCPP/Maps/UEDPIE_0_SideScrollerExampleMap.SideScrollerExampleMap up for play (max tick rate 0) at 2019.11.18-11.51.43
[2019.11.18-00.51.43:108][781]LogWorld: Bringing up level for play took: 0.003002
[2019.11.18-00.51.43:148][781]PIE: Play in editor start time for /Game/SideScrollerCPP/Maps/UEDPIE_0_SideScrollerExampleMap -0.687
[2019.11.18-00.51.43:148][781]LogBlueprintUserMessages: Late PlayInEditor Detection: Level '/Game/SideScrollerCPP/Maps/SideScrollerExampleMap.SideScrollerExampleMap:PersistentLevel' has LevelScriptBlueprint '/Game/SideScrollerCPP/Maps/SideScrollerExampleMap.SideScrollerExampleMap:PersistentLevel.SideScrollerExampleMap' with GeneratedClass '/Game/SideScrollerCPP/Maps/SideScrollerExampleMap.SideScrollerExampleMap_C' with ClassGeneratedBy '/Game/SideScrollerCPP/Maps/SideScrollerExampleMap.SideScrollerExampleMap:PersistentLevel.SideScrollerExampleMap'
[2019.11.18-00.51.45:251][ 30]LogBlueprintUserMessages: Early EndPlayMap Detection: Level '/Game/SideScrollerCPP/Maps/SideScrollerExampleMap.SideScrollerExampleMap:PersistentLevel' has LevelScriptBlueprint '/Game/SideScrollerCPP/Maps/SideScrollerExampleMap.SideScrollerExampleMap:PersistentLevel.SideScrollerExampleMap' with GeneratedClass '/Game/SideScrollerCPP/Maps/SideScrollerExampleMap.SideScrollerExampleMap_C' with ClassGeneratedBy '/Game/SideScrollerCPP/Maps/SideScrollerExampleMap.SideScrollerExampleMap:PersistentLevel.SideScrollerExampleMap'
[2019.11.18-00.51.45:252][ 30]LogSlate: Updating window title bar state: overlay mode, drag disabled, window buttons hidden, title bar hidden
[2019.11.18-00.51.45:295][ 30]LogPlayLevel: Display: Shutting down PIE online subsystems
[2019.11.18-00.51.45:296][ 30]LogBlueprintUserMessages: Late EndPlayMap Detection: Level '/Game/SideScrollerCPP/Maps/SideScrollerExampleMap.SideScrollerExampleMap:PersistentLevel' has LevelScriptBlueprint '/Game/SideScrollerCPP/Maps/SideScrollerExampleMap.SideScrollerExampleMap:PersistentLevel.SideScrollerExampleMap' with GeneratedClass '/Game/SideScrollerCPP/Maps/SideScrollerExampleMap.SideScrollerExampleMap_C' with ClassGeneratedBy '/Game/SideScrollerCPP/Maps/SideScrollerExampleMap.SideScrollerExampleMap:PersistentLevel.SideScrollerExampleMap'
[2019.11.18-00.51.45:330][ 30]LogSlate: Updating window title bar state: overlay mode, drag disabled, window buttons hidden, title bar hidden
[2019.11.18-00.51.45:362][ 31]LogPlayLevel: Display: Destroying online subsystem :Context_18
[2019.11.18-00.51.47:267][217]LogSlate: FSceneViewport::OnFocusLost() reason 0
[2019.11.18-00.51.47:421][231]Candidate modules for hot reload:
[2019.11.18-00.51.47:421][231]  DejaBrew
[2019.11.18-00.51.47:421][231]Launching UnrealBuildTool... [C:/Program Files/Epic Games/UE_4.20/Engine/Binaries/DotNET/UnrealBuildTool.exe  -ModuleWithSuffix=DejaBrew,5311 Win64 Development -TargetType=Editor -Project="../../../../../../Users/s181813/Documents/GitHub/Chicken-Crimpy-Repository/DejaBrew/DejaBrew.uproject" -canskiplink "C:/Users/s181813/Documents/GitHub/Chicken-Crimpy-Repository/DejaBrew/DejaBrew.uproject" ]
[2019.11.18-00.51.47:427][231]Warning: Starting HotReload took  0.0s.
[2019.11.18-00.51.49:073][387]CompilerResultsLog: New page: Compilation - Nov 18, 2019, 10:51:49 PM
[2019.11.18-00.51.49:073][387]CompilerResultsLog: Using 'git status' to determine working set for adaptive non-unity build.
[2019.11.18-00.51.49:073][387]CompilerResultsLog: Compiling game modules for hot reload
[2019.11.18-00.51.49:074][387]CompilerResultsLog: Target is up to date
[2019.11.18-00.51.49:074][387]CompilerResultsLog: Total build time: 1.44 seconds (NoActionsToExecute executor: 0.00 seconds)
[2019.11.18-00.51.49:074][387]LogMainFrame: MainFrame: Module compiling took 1.660 seconds
[2019.11.18-00.51.49:341][387]LogContentBrowser: Native class hierarchy populated in 0.0084 seconds. Added 2581 classes and 607 folders.
[2019.11.18-00.51.49:341][387]Display: HotReload took  1.9s.
[2019.11.18-00.51.51:287][542]LogEditor: Attempting to add actor of class 'Checkpoint' to level at 1660.00,-50.00,-60.00
[2019.11.18-00.51.52:482][658]LogEditor: Attempting to add actor of class 'Checkpoint' to level at 1300.00,-160.00,110.00
[2019.11.18-00.52.34:577][814]LogSlate: FSceneViewport::OnFocusLost() reason 0
[2019.11.18-00.52.35:934][946]LogEditorActor: Deleted Actor: Checkpoint
[2019.11.18-00.52.35:990][946]LogEditorActor: Deleted 1 Actors (0.057 secs)
[2019.11.18-00.53.17:906][666]Running C:/Program Files/Epic Games/UE_4.20/Engine/Binaries/DotNET/UnrealBuildTool.exe Win64 Development -TargetType=Editor -Project="C:/Users/s181813/Documents/GitHub/Chicken-Crimpy-Repository/DejaBrew/DejaBrew.uproject" -invalidatemakefilesonly
[2019.11.18-00.53.18:513][666]Invalidating makefiles only in this run.
[2019.11.18-00.53.18:631][666]Candidate modules for hot reload:
[2019.11.18-00.53.18:631][666]  DejaBrew
[2019.11.18-00.53.18:631][666]Launching UnrealBuildTool... [C:/Program Files/Epic Games/UE_4.20/Engine/Binaries/DotNET/UnrealBuildTool.exe  -ModuleWithSuffix=DejaBrew,3018 Win64 Development -TargetType=Editor -Project="../../../../../../Users/s181813/Documents/GitHub/Chicken-Crimpy-Repository/DejaBrew/DejaBrew.uproject" -canskiplink "C:/Users/s181813/Documents/GitHub/Chicken-Crimpy-Repository/DejaBrew/DejaBrew.uproject" ]
[2019.11.18-00.53.32:728][666]CompilerResultsLog: New page: Compilation - Nov 18, 2019, 10:53:32 PM
[2019.11.18-00.53.32:728][666]CompilerResultsLog: Using 'git status' to determine working set for adaptive non-unity build.
[2019.11.18-00.53.32:728][666]CompilerResultsLog: Creating makefile for hot reloading DejaBrewEditor (no existing makefile)
[2019.11.18-00.53.32:728][666]CompilerResultsLog: Compiling game modules for hot reload
[2019.11.18-00.53.32:729][666]CompilerResultsLog: Using Visual Studio 2017 14.16.27023 toolchain (C:\Program Files (x86)\Microsoft Visual Studio\2017\Enterprise\VC\Tools\MSVC\14.16.27023) and Windows 10.0.17763.0 SDK (C:\Program Files (x86)\Windows Kits\10).
[2019.11.18-00.53.32:729][666]CompilerResultsLog: Parsing headers for DejaBrewEditor
[2019.11.18-00.53.32:729][666]CompilerResultsLog:   Running UnrealHeaderTool "C:\Users\s181813\Documents\GitHub\Chicken-Crimpy-Repository\DejaBrew\DejaBrew.uproject" "C:\Users\s181813\Documents\GitHub\Chicken-Crimpy-Repository\DejaBrew\Intermediate\Build\Win64\DejaBrewEditor\Development\DejaBrewEditor.uhtmanifest" -LogCmds="loginit warning, logexit warning, logdatabase error" -Unattended -WarningsAsErrors -installed
[2019.11.18-00.53.32:729][666]CompilerResultsLog: Reflection code generated for DejaBrewEditor in 8.125011 seconds
[2019.11.18-00.53.32:729][666]CompilerResultsLog: Building 5 actions with 8 processes...
[2019.11.18-00.53.32:729][666]CompilerResultsLog:   [1/5] DejaBrew.init.gen.cpp
[2019.11.18-00.53.32:729][666]CompilerResultsLog:   [2/5] CoffeeBean.cpp
[2019.11.18-00.53.32:729][666]CompilerResultsLog:   [3/5] CoffeeBean.gen.cpp
[2019.11.18-00.53.32:729][666]CompilerResultsLog:   [4/5] UE4Editor-DejaBrew-3018.lib
[2019.11.18-00.53.32:729][666]CompilerResultsLog:      Creating library C:\Users\s181813\Documents\GitHub\Chicken-Crimpy-Repository\DejaBrew\Intermediate\Build\Win64\UE4Editor\Development\DejaBrew\UE4Editor-DejaBrew-3018.lib and object C:\Users\s181813\Documents\GitHub\Chicken-Crimpy-Repository\DejaBrew\Intermediate\Build\Win64\UE4Editor\Development\DejaBrew\UE4Editor-DejaBrew-3018.exp
[2019.11.18-00.53.32:729][666]CompilerResultsLog:   [5/5] UE4Editor-DejaBrew-3018.dll
[2019.11.18-00.53.32:729][666]CompilerResultsLog:      Creating library C:\Users\s181813\Documents\GitHub\Chicken-Crimpy-Repository\DejaBrew\Intermediate\Build\Win64\UE4Editor\Development\DejaBrew\UE4Editor-DejaBrew-3018.suppressed.lib and object C:\Users\s181813\Documents\GitHub\Chicken-Crimpy-Repository\DejaBrew\Intermediate\Build\Win64\UE4Editor\Development\DejaBrew\UE4Editor-DejaBrew-3018.suppressed.exp
[2019.11.18-00.53.32:730][666]CompilerResultsLog: Total build time: 13.90 seconds (Parallel executor: 1.49 seconds)
[2019.11.18-00.53.32:730][666]LogMainFrame: MainFrame: Module compiling took 14.104 seconds
[2019.11.18-00.53.32:803][666]LogClass: Could not find existing class CoffeeBean in package /Script/DejaBrew for HotReload, assuming new class
[2019.11.18-00.53.32:819][666]LogHotReload: Re-instancing Checkpoint after hot-reload.
[2019.11.18-00.53.32:945][666]LogContentBrowser: Native class hierarchy updated for 'DejaBrew' in 0.0003 seconds. Added 9 classes and 2 folders.
[2019.11.18-00.53.32:950][666]Display: HotReload successful (3 functions remapped  0 scriptstructs remapped)
[2019.11.18-00.53.33:268][666]LogContentBrowser: Native class hierarchy populated in 0.0106 seconds. Added 2582 classes and 607 folders.
[2019.11.18-00.53.33:268][666]Display: HotReload took 14.6s.
[2019.11.18-00.53.33:269][666]Warning: HotReload operation took 14.6s.
[2019.11.18-00.53.33:543][666]LogSlate: Window 'Add C++ Class' being destroyed
[2019.11.18-00.53.33:558][666]LogHotReload: New module detected: UE4Editor-DejaBrew-3018.dll
[2019.11.18-00.53.33:600][667]LogHotReload: Starting Hot-Reload from IDE
[2019.11.18-00.53.33:759][667]LogContentBrowser: Native class hierarchy updated for 'DejaBrew' in 0.0005 seconds. Added 9 classes and 2 folders.
[2019.11.18-00.53.33:767][667]Display: HotReload successful (0 functions remapped  0 scriptstructs remapped)
[2019.11.18-00.53.34:100][667]LogContentBrowser: Native class hierarchy populated in 0.0109 seconds. Added 2582 classes and 607 folders.
[2019.11.18-00.53.34:106][667]Display: HotReload took  0.5s.
[2019.11.18-00.53.43:453][977]LogAssetEditorManager: Opening Asset editor for Blueprint /Game/SideScrollerBP/Blueprints/CoffeeBean_BP.CoffeeBean_BP
[2019.11.18-00.53.51:624][776]LogSlate: FSceneViewport::OnFocusLost() reason 0
[2019.11.18-00.59.53:561][ 98]LogSavePackage: Moving '../../../../../../Users/s181813/Documents/GitHub/Chicken-Crimpy-Repository/DejaBrew/Saved/SideScrollerExampleMap_Auto2F98226664F5634D3CAB32583CF6ECB83.tmp' to '../../../../../../Users/s181813/Documents/GitHub/Chicken-Crimpy-Repository/DejaBrew/Saved/Autosaves/Game/SideScrollerCPP/Maps/SideScrollerExampleMap_Auto2.umap'
[2019.11.18-00.59.53:566][ 98]LogFileHelpers: Editor autosave (incl. sublevels) for '/Game/SideScrollerCPP/Maps/SideScrollerExampleMap' took 0.288
[2019.11.18-00.59.53:567][ 98]LogFileHelpers: Editor autosave (incl. sublevels) for all levels took 0.288
[2019.11.18-01.26.16:868][836]LogFileHelpers: Editor autosave (incl. sublevels) for '/Game/SideScrollerCPP/Maps/SideScrollerExampleMap' took 0.046
[2019.11.18-01.26.16:870][836]OBJ SavePackage: Generating thumbnails for [1] asset(s) in package [/Game/SideScrollerBP/Blueprints/CoffeeBean_BP] ([1] browsable assets)...
[2019.11.18-01.26.16:903][836]OBJ SavePackage:     Rendered thumbnail for [Blueprint /Game/SideScrollerBP/Blueprints/CoffeeBean_BP.CoffeeBean_BP]
[2019.11.18-01.26.16:904][836]OBJ SavePackage: Finished generating thumbnails for package [/Game/SideScrollerBP/Blueprints/CoffeeBean_BP]
[2019.11.18-01.26.16:938][836]LogSavePackage: Moving '../../../../../../Users/s181813/Documents/GitHub/Chicken-Crimpy-Repository/DejaBrew/Saved/CoffeeBean_BP_Auto31278CD4845492048AFC18D973BA35497.tmp' to '../../../../../../Users/s181813/Documents/GitHub/Chicken-Crimpy-Repository/DejaBrew/Saved/Autosaves/Game/SideScrollerBP/Blueprints/CoffeeBean_BP_Auto3.uasset'
[2019.11.18-01.26.16:939][836]LogFileHelpers: Auto-saving content packages took 0.070
[2019.11.18-01.28.25:684][532]LogSlate: FSceneViewport::OnFocusLost() reason 0
[2019.11.18-01.28.32:639][256]LogSlate: FSceneViewport::OnFocusLost() reason 2
[2019.11.18-01.28.41:075][ 82]LogAIModule: Creating AISystem for world Easy0
[2019.11.18-01.28.41:122][ 82]LogAssetEditorManager: Opening Asset editor for World /Game/SideScrollerBP/Maps/Easy0.Easy0
[2019.11.18-01.28.42:673][ 82]LogSlate: Window 'Save Content' being destroyed
[2019.11.18-01.28.45:734][424]LogSlate: FSceneViewport::OnFocusLost() reason 0
[2019.11.18-01.28.56:752][512]LogSlate: FSceneViewport::OnFocusLost() reason 0
[2019.11.18-01.29.05:122][500]LogEditorViewport: Clicking on Actor (LMB): StaticMeshActor (Floor)
[2019.11.18-01.29.12:085][321]LogEditorViewport: Clicking on Actor (LMB): CoffeeBean_BP_C (CoffeeBean_BP)
[2019.11.18-01.29.16:725][871]Cmd: TRANSACTION UNDO
[2019.11.18-01.29.16:726][871]LogEditorTransaction: Undo Clicking on Actors
[2019.11.18-01.29.18:204][ 34]Cmd: TRANSACTION UNDO
[2019.11.18-01.29.18:204][ 34]LogEditorTransaction: Undo Clicking on Actors
[2019.11.18-01.29.18:809][104]Cmd: TRANSACTION UNDO
[2019.11.18-01.29.18:810][104]LogEditorTransaction: Undo Edit Visible
[2019.11.18-01.29.21:554][430]Cmd: TRANSACTION UNDO
[2019.11.18-01.29.21:554][430]LogEditorTransaction: Undo Clicking on Component (tree view)
[2019.11.18-01.29.22:285][515]Cmd: TRANSACTION UNDO
[2019.11.18-01.29.22:285][515]LogEditorTransaction: Undo Move Actors
[2019.11.18-01.29.23:175][621]Cmd: TRANSACTION UNDO
[2019.11.18-01.29.23:176][621]LogEditorTransaction: Undo Create Actors
[2019.11.18-01.29.24:769][810]LogSlate: FSceneViewport::OnFocusLost() reason 0
