Log file open, 11/04/19 14:32:25
LogWindows: Failed to load 'aqProf.dll' (GetLastError=126)
LogWindows: File 'aqProf.dll' does not exist
LogWindows: Failed to load 'VSPerf140.dll' (GetLastError=126)
LogWindows: File 'VSPerf140.dll' does not exist
LogWindows: Failed to load 'VtuneApi.dll' (GetLastError=126)
LogWindows: File 'VtuneApi.dll' does not exist
LogWindows: Failed to load 'VtuneApi32e.dll' (GetLastError=126)
LogWindows: File 'VtuneApi32e.dll' does not exist
LogInit: Display: Running engine for game: DejaBrew
LogPlatformFile: Not using cached read wrapper
LogTaskGraph: Started task graph with 5 named threads and 23 total threads with 3 sets of task threads.
LogStats: Stats thread started at 0.353274
LogD3D11RHI: Loaded GFSDK_Aftermath_Lib.x64.dll
LogICUInternationalization: Display: ICU TimeZone Detection - Raw Offset: +10:00, Platform Override: ''
LogPluginManager: Mounting plugin Paper2D
LogPluginManager: Mounting plugin AISupport
LogPluginManager: Mounting plugin LightPropagationVolume
LogPluginManager: Mounting plugin CLionSourceCodeAccess
LogPluginManager: Mounting plugin CodeLiteSourceCodeAccess
LogPluginManager: Mounting plugin GitSourceControl
LogPluginManager: Mounting plugin KDevelopSourceCodeAccess
LogPluginManager: Mounting plugin NullSourceCodeAccess
LogPluginManager: Mounting plugin PerforceSourceControl
LogPluginManager: Mounting plugin SubversionSourceControl
LogPluginManager: Mounting plugin UObjectPlugin
LogPluginManager: Mounting plugin VisualStudioCodeSourceCodeAccess
LogPluginManager: Mounting plugin VisualStudioSourceCodeAccess
LogPluginManager: Mounting plugin XCodeSourceCodeAccess
LogPluginManager: Mounting plugin AssetManagerEditor
LogPluginManager: Mounting plugin CryptoKeys
LogPluginManager: Mounting plugin DataValidation
LogPluginManager: Mounting plugin FacialAnimation
LogPluginManager: Mounting plugin GameplayTagsEditor
LogPluginManager: Mounting plugin MacGraphicsSwitching
LogPluginManager: Mounting plugin MeshEditor
LogPluginManager: Mounting plugin MobileLauncherProfileWizard
LogPluginManager: Mounting plugin PluginBrowser
LogPluginManager: Mounting plugin SpeedTreeImporter
LogPluginManager: Mounting plugin DatasmithContent
LogPluginManager: Mounting plugin AlembicImporter
LogPluginManager: Mounting plugin AppleImageUtils
LogPluginManager: Mounting plugin AppleVision
LogPluginManager: Mounting plugin BackChannel
LogPluginManager: Mounting plugin CharacterAI
LogPluginManager: Mounting plugin GeometryCache
LogPluginManager: Mounting plugin HTML5Networking
LogPluginManager: Mounting plugin ProxyLODPlugin
LogPluginManager: Mounting plugin MagicLeap
LogPluginManager: Mounting plugin MagicLeapEmulator
LogPluginManager: Mounting plugin MagicLeapMedia
LogPluginManager: Mounting plugin AndroidMedia
LogPluginManager: Mounting plugin AvfMedia
LogPluginManager: Mounting plugin ImgMedia
LogPluginManager: Mounting plugin LinearTimecode
LogPluginManager: Mounting plugin MediaCompositing
LogPluginManager: Mounting plugin MediaPlayerEditor
LogPluginManager: Mounting plugin WmfMedia
LogPluginManager: Mounting plugin TcpMessaging
LogPluginManager: Mounting plugin UdpMessaging
LogPluginManager: Mounting plugin ActorSequence
LogPluginManager: Mounting plugin LevelSequenceEditor
LogPluginManager: Mounting plugin MatineeToLevelSequence
LogPluginManager: Mounting plugin NetcodeUnitTest
LogPluginManager: Mounting plugin NUTUnrealEngine4
LogPluginManager: Mounting plugin OnlineSubsystemGooglePlay
LogPluginManager: Mounting plugin OnlineSubsystemIOS
LogPluginManager: Mounting plugin OnlineSubsystem
LogPluginManager: Mounting plugin OnlineSubsystemNull
LogPluginManager: Mounting plugin OnlineSubsystemUtils
LogPluginManager: Mounting plugin LauncherChunkInstaller
LogPluginManager: Mounting plugin AndroidDeviceProfileSelector
LogPluginManager: Mounting plugin AndroidMoviePlayer
LogPluginManager: Mounting plugin AndroidPermission
LogPluginManager: Mounting plugin AppleMoviePlayer
LogPluginManager: Mounting plugin ArchVisCharacter
LogPluginManager: Mounting plugin AudioCapture
LogPluginManager: Mounting plugin CableComponent
LogPluginManager: Mounting plugin CustomMeshComponent
LogPluginManager: Mounting plugin EditableMesh
LogPluginManager: Mounting plugin ExampleDeviceProfileSelector
LogPluginManager: Mounting plugin GoogleCloudMessaging
LogPluginManager: Mounting plugin ImmediatePhysics
LogPluginManager: Mounting plugin IOSDeviceProfileSelector
LogPluginManager: Mounting plugin LinuxDeviceProfileSelector
LogPluginManager: Mounting plugin LocationServicesBPLibrary
LogPluginManager: Mounting plugin MobilePatchingUtils
LogPluginManager: Mounting plugin OculusVR
LogPluginManager: Plugin shader directory ../../../Engine/Plugins/Runtime/Oculus/OculusVR/Shaders found
LogPluginManager: Mapping shader source directory ../../../Engine/Plugins/Runtime/Oculus/OculusVR/Shaders to virtual directory /Plugin/OculusVR
LogPluginManager: Mounting plugin PhysXVehicles
LogPluginManager: Mounting plugin ProceduralMeshComponent
LogPluginManager: Mounting plugin RuntimePhysXCooking
LogPluginManager: Mounting plugin SteamVR
LogPluginManager: Mounting plugin WindowsMoviePlayer
LogStreaming: Display: Took  0.118s to configure plugins.
LogInit: Using libcurl 7.55.1-DEV
LogInit:  - built for x86_64-pc-win32
LogInit:  - supports SSL with OpenSSL/1.0.2h
LogInit:  - supports HTTP deflate (compression) using libz 1.2.8
LogInit:  - other features:
LogInit:      CURL_VERSION_SSL
LogInit:      CURL_VERSION_LIBZ
LogInit:      CURL_VERSION_IPV6
LogInit:      CURL_VERSION_ASYNCHDNS
LogInit:      CURL_VERSION_LARGEFILE
LogInit:      CURL_VERSION_IDN
LogInit:  CurlRequestOptions (configurable via config and command line):
LogInit:  - bVerifyPeer = false  - Libcurl will NOT verify peer certificate
LogInit:  - bUseHttpProxy = false  - Libcurl will NOT use HTTP proxy
LogInit:  - bDontReuseConnections = false  - Libcurl will reuse connections
LogInit:  - CertBundlePath = nullptr  - Libcurl will use whatever was configured at build time.
LogInit:  - MaxHostConnections = 16  - Libcurl will limit the number of connections to a host
LogInit:  - LocalHostAddr = Default
LogInit:  - BufferSize = 65536
LogInit: WinSock: version 1.1 (2.2), MaxSocks=32767, MaxUdp=65467
LogInit: Build: ++UE4+Release-4.20-CL-4369336
LogInit: Engine Version: 4.20.3-4369336+++UE4+Release-4.20
LogInit: Compatible Engine Version: 4.20.0-4212847+++UE4+Release-4.20
LogInit: Net CL: 4212847
LogInit: OS: Windows 10 (), CPU: Intel(R) Core(TM) i7-6700 CPU @ 3.40GHz, GPU: NVIDIA GeForce GTX 960
LogInit: Compiled (64-bit): Sep 17 2018 12:26:19
LogInit: Compiled with Visual C++: 19.13.26129.00
LogInit: Build Configuration: Development
LogInit: Branch Name: ++UE4+Release-4.20
LogInit: Command Line:  -skipcompile
LogInit: Base Directory: C:/Program Files/Epic Games/UE_4.20/Engine/Binaries/Win64/
LogInit: Installed Engine Build: 1
LogDevObjectVersion: Number of dev versions registered: 20
LogDevObjectVersion:   Dev-Blueprints (B0D832E4-1F89-4F0D-ACCF-7EB736FD4AA2): 10
LogDevObjectVersion:   Dev-Build (E1C64328-A22C-4D53-A36C-8E866417BD8C): 0
LogDevObjectVersion:   Dev-Core (375EC13C-06E4-48FB-B500-84F0262A717E): 2
LogDevObjectVersion:   Dev-Editor (E4B068ED-F494-42E9-A231-DA0B2E46BB41): 24
LogDevObjectVersion:   Dev-Framework (CFFC743F-43B0-4480-9391-14DF171D2073): 34
LogDevObjectVersion:   Dev-Mobile (B02B49B5-BB20-44E9-A304-32B752E40360): 2
LogDevObjectVersion:   Dev-Networking (A4E4105C-59A1-49B5-A7C5-40C4547EDFEE): 0
LogDevObjectVersion:   Dev-Online (39C831C9-5AE6-47DC-9A44-9C173E1C8E7C): 0
LogDevObjectVersion:   Dev-Physics (78F01B33-EBEA-4F98-B9B4-84EACCB95AA2): 0
LogDevObjectVersion:   Dev-Platform (6631380F-2D4D-43E0-8009-CF276956A95A): 0
LogDevObjectVersion:   Dev-Rendering (12F88B9F-8875-4AFC-A67C-D90C383ABD29): 26
LogDevObjectVersion:   Dev-Sequencer (7B5AE74C-D270-4C10-A958-57980B212A5A): 9
LogDevObjectVersion:   Dev-VR (D7296918-1DD6-4BDD-9DE2-64A83CC13884): 2
LogDevObjectVersion:   Dev-LoadTimes (C2A15278-BFE7-4AFE-6C17-90FF531DF755): 1
LogDevObjectVersion:   Private-Geometry (6EACA3D4-40EC-4CC1-B786-8BED09428FC5): 3
LogDevObjectVersion:   Dev-AnimPhys (29E575DD-E0A3-4627-9D10-D276232CDCEA): 17
LogDevObjectVersion:   Dev-ReflectionCapture (6B266CEC-1EC7-4B8F-A30B-E4D90942FC07): 1
LogDevObjectVersion:   Dev-Automation (0DF73D61-A23F-47EA-B727-89E90C41499A): 1
LogDevObjectVersion:   FortniteMain (601D1886-AC64-4F84-AA16-D3DE0DEAC7D6): 12
LogDevObjectVersion:   Dev-Enterprise (9DFFBCD6-494F-0158-E221-12823C92A888): 1
LogStreaming: Display: Took  0.003s to delete old logs.
LogInit: Presizing for max 8388607 objects, including 0 objects not considered by GC, pre-allocating 0 bytes for permanent pool.
LogInit: Object subsystem initialized
[2019.11.04-03.32.26:034][  0]LogInit: Selected Device Profile: [Windows]
[2019.11.04-03.32.26:034][  0]LogInit: Applying CVar settings loaded from the selected device profile: [Windows]
[2019.11.04-03.32.26:059][  0]LogHAL: Display: Platform has ~ 32 GB [34293071872 / 34359738368 / 32], which maps to Largest [LargestMinGB=32, LargerMinGB=12, DefaultMinGB=8, SmallerMinGB=6, SmallestMinGB=0)
[2019.11.04-03.32.26:059][  0]LogInit: Setting Device Profile CVar: [[r.Vulkan.UseRealUBs:1]]
[2019.11.04-03.32.26:059][  0]LogInit: Going up to parent DeviceProfile []
[2019.11.04-03.32.26:060][  0]LogInit: Computer: SYD-4DE60A
[2019.11.04-03.32.26:060][  0]LogInit: User: s181813
[2019.11.04-03.32.26:060][  0]LogInit: CPU Page size=4096, Cores=4
[2019.11.04-03.32.26:060][  0]LogInit: High frequency timer resolution =3.328128 MHz
[2019.11.04-03.32.26:060][  0]LogMemory: Memory total: Physical=31.9GB (32GB approx)
[2019.11.04-03.32.26:060][  0]LogMemory: Platform Memory Stats for Windows
[2019.11.04-03.32.26:060][  0]LogMemory: Process Physical Memory: 101.89 MB used, 101.89 MB peak
[2019.11.04-03.32.26:060][  0]LogMemory: Process Virtual Memory: 89.41 MB used, 89.41 MB peak
[2019.11.04-03.32.26:060][  0]LogMemory: Physical Memory: 6252.28 MB used,  26452.14 MB free, 32704.42 MB total
[2019.11.04-03.32.26:060][  0]LogMemory: Virtual Memory: 4639.47 MB used,  26452.14 MB free, 134217728.00 MB total
[2019.11.04-03.32.26:279][  0]LogInit: Using OS detected language (en-US).
[2019.11.04-03.32.26:279][  0]LogInit: Using OS detected locale (en-US).
[2019.11.04-03.32.26:280][  0]LogTextLocalizationManager: No specific localization for 'en-US' exists, so the 'en' localization will be used.
[2019.11.04-03.32.26:784][  0]LogStreaming: Display: Took  0.504s to InitEngineTextLocalization.
[2019.11.04-03.32.26:784][  0]LogInit: Setting process to per monitor DPI aware
[2019.11.04-03.32.26:887][  0]LogSlate: New Slate User Created.  User Index 0, Is Virtual User: 0
[2019.11.04-03.32.26:887][  0]LogSlate: Slate User Registered.  User Index 0, Is Virtual User: 0
[2019.11.04-03.32.28:629][  0]LogHMD: Failed to initialize OpenVR with code 110
[2019.11.04-03.32.28:629][  0]LogD3D11RHI: D3D11 adapters:
[2019.11.04-03.32.28:723][  0]LogD3D11RHI:    0. 'NVIDIA GeForce GTX 960' (Feature Level 11_0)
[2019.11.04-03.32.28:723][  0]LogD3D11RHI:       4053/0/16352 MB DedicatedVideo/DedicatedSystem/SharedSystem, Outputs:2, VendorId:0x10de
[2019.11.04-03.32.28:725][  0]LogD3D11RHI:    1. 'Microsoft Basic Render Driver' (Feature Level 11_0)
[2019.11.04-03.32.28:725][  0]LogD3D11RHI:       0/0/16352 MB DedicatedVideo/DedicatedSystem/SharedSystem, Outputs:0, VendorId:0x1414
[2019.11.04-03.32.28:725][  0]LogD3D11RHI: Chosen D3D11 Adapter: 0
[2019.11.04-03.32.28:729][  0]LogD3D11RHI: Creating new Direct3DDevice
[2019.11.04-03.32.28:729][  0]LogD3D11RHI:     GPU DeviceId: 0x1401 (for the marketing name, search the web for "GPU Device Id")
[2019.11.04-03.32.28:729][  0]LogWindows: EnumDisplayDevices:
[2019.11.04-03.32.28:730][  0]LogWindows:    0. 'NVIDIA GeForce GTX 960' (P:1 D:1)
[2019.11.04-03.32.28:730][  0]LogWindows:    1. 'NVIDIA GeForce GTX 960' (P:0 D:1)
[2019.11.04-03.32.28:730][  0]LogWindows:    2. 'NVIDIA GeForce GTX 960' (P:0 D:0)
[2019.11.04-03.32.28:730][  0]LogWindows:    3. 'NVIDIA GeForce GTX 960' (P:0 D:0)
[2019.11.04-03.32.28:731][  0]LogWindows: DebugString: FoundDriverCount:4 
[2019.11.04-03.32.28:731][  0]LogD3D11RHI:     Adapter Name: NVIDIA GeForce GTX 960
[2019.11.04-03.32.28:731][  0]LogD3D11RHI:   Driver Version: 417.35 (internal:25.21.14.1735, unified:417.35)
[2019.11.04-03.32.28:731][  0]LogD3D11RHI:      Driver Date: 12-11-2018
[2019.11.04-03.32.28:731][  0]LogRHI: Texture pool is 2837 MB (70% of 4053 MB)
[2019.11.04-03.32.28:769][  0]LogD3D11RHI: Async texture creation enabled
[2019.11.04-03.32.28:786][  0]LogD3D11RHI: GPU Timing Frequency: 1000.000000 (Debug: 2 2)
[2019.11.04-03.32.28:789][  0]LogShaderCompilers: Guid format shader working directory is -35 characters bigger than the processId version (../../../../../../Users/s181813/Documents/GitHub/Chicken-Crimpy-Repository/DejaBrew/Intermediate/Shaders/WorkingDirectory/1740/).
[2019.11.04-03.32.28:789][  0]LogShaderCompilers: Cleaned the shader compiler working directory 'C:/Users/s181813/AppData/Local/Temp/UnrealShaderWorkingDir/FD67886E451132CFEFEF57A730FEF620/'.
[2019.11.04-03.32.28:997][  0]LogTemp: Display: Loaded TP AllDesktopTargetPlatform
[2019.11.04-03.32.29:010][  0]LogTemp: Display: Loaded TP MacClientTargetPlatform
[2019.11.04-03.32.29:023][  0]LogTemp: Display: Loaded TP MacNoEditorTargetPlatform
[2019.11.04-03.32.29:035][  0]LogTemp: Display: Loaded TP MacServerTargetPlatform
[2019.11.04-03.32.29:052][  0]LogTemp: Display: Loaded TP MacTargetPlatform
[2019.11.04-03.32.29:065][  0]LogTemp: Display: Loaded TP WindowsClientTargetPlatform
[2019.11.04-03.32.29:079][  0]LogTemp: Display: Loaded TP WindowsNoEditorTargetPlatform
[2019.11.04-03.32.29:092][  0]LogTemp: Display: Loaded TP WindowsServerTargetPlatform
[2019.11.04-03.32.29:100][  0]LogTemp: Display: Loaded TP WindowsTargetPlatform
[2019.11.04-03.32.29:178][  0]LogTemp: Display: Loaded TP AndroidTargetPlatform
[2019.11.04-03.32.29:178][  0]LogTemp: Display: Loaded TP AndroidTargetPlatform
[2019.11.04-03.32.29:178][  0]LogTemp: Display: Loaded TP AndroidTargetPlatform
[2019.11.04-03.32.29:178][  0]LogTemp: Display: Loaded TP AndroidTargetPlatform
[2019.11.04-03.32.29:178][  0]LogTemp: Display: Loaded TP AndroidTargetPlatform
[2019.11.04-03.32.29:179][  0]LogTemp: Display: Loaded TP AndroidTargetPlatform
[2019.11.04-03.32.29:179][  0]LogTemp: Display: Loaded TP AndroidTargetPlatform
[2019.11.04-03.32.29:179][  0]LogTemp: Display: Loaded TP AndroidTargetPlatform
[2019.11.04-03.32.29:179][  0]LogTemp: Display: Loaded TP AndroidTargetPlatform
[2019.11.04-03.32.29:179][  0]LogTemp: Display: Loaded TP AndroidTargetPlatform
[2019.11.04-03.32.29:179][  0]LogTemp: Display: Loaded TP AndroidTargetPlatform
[2019.11.04-03.32.29:179][  0]LogTemp: Display: Loaded TP AndroidTargetPlatform
[2019.11.04-03.32.29:179][  0]LogTemp: Display: Loaded TP AndroidTargetPlatform
[2019.11.04-03.32.29:179][  0]LogTemp: Display: Loaded TP AndroidTargetPlatform
[2019.11.04-03.32.29:179][  0]LogTemp: Display: Loaded TP AndroidTargetPlatform
[2019.11.04-03.32.29:179][  0]LogTemp: Display: Loaded TP AndroidTargetPlatform
[2019.11.04-03.32.29:179][  0]LogTemp: Display: Loaded TP AndroidTargetPlatform
[2019.11.04-03.32.29:180][  0]LogTemp: Display: Loaded TP AndroidTargetPlatform
[2019.11.04-03.32.29:182][  0]LogTemp: Display: Loaded TP HTML5TargetPlatform
[2019.11.04-03.32.29:253][  0]LogTemp: Display: Loaded TP IOSTargetPlatform
[2019.11.04-03.32.29:253][  0]LogTemp: Display: Loaded TP IOSTargetPlatform
[2019.11.04-03.32.29:276][  0]LogTemp: Display: Loaded TP TVOSTargetPlatform
[2019.11.04-03.32.29:276][  0]LogTemp: Display: Loaded TP TVOSTargetPlatform
[2019.11.04-03.32.29:289][  0]LogTemp: Display: Loaded TP LinuxClientTargetPlatform
[2019.11.04-03.32.29:301][  0]LogTemp: Display: Loaded TP LinuxNoEditorTargetPlatform
[2019.11.04-03.32.29:315][  0]LogTemp: Display: Loaded TP LinuxServerTargetPlatform
[2019.11.04-03.32.29:336][  0]LogTemp: Display: Loaded TP LinuxTargetPlatform
[2019.11.04-03.32.29:346][  0]LogTemp: Display: Loaded TP LuminTargetPlatform
[2019.11.04-03.32.29:346][  0]LogTargetPlatformManager: Display: Building Assets For Windows
[2019.11.04-03.32.29:465][  0]LogXGEController: Cannot use XGE Controller as Incredibuild is not installed on this machine.
[2019.11.04-03.32.29:465][  0]LogShaderCompilers: Cannot use XGE Shader Compiler as Incredibuild is not installed on this machine.
[2019.11.04-03.32.29:465][  0]LogShaderCompilers: Display: Using Local Shader Compiler.
[2019.11.04-03.32.31:042][  0]LogDerivedDataCache: Display: Max Cache Size: 512 MB
[2019.11.04-03.32.31:096][  0]LogDerivedDataCache: Loaded boot cache 0.05s 80MB C:/Users/s181813/AppData/Local/UnrealEngine/4.20/DerivedDataCache/Boot.ddc.
[2019.11.04-03.32.31:097][  0]LogDerivedDataCache: Display: Loaded Boot cache: C:/Users/s181813/AppData/Local/UnrealEngine/4.20/DerivedDataCache/Boot.ddc
[2019.11.04-03.32.31:097][  0]LogDerivedDataCache: FDerivedDataBackendGraph:  Pak pak cache file ../../../../../../Users/s181813/Documents/GitHub/Chicken-Crimpy-Repository/DejaBrew/DerivedDataCache/DDC.ddp not found, will not use a pak cache.
[2019.11.04-03.32.31:097][  0]LogDerivedDataCache: Unable to find inner node Pak for hierarchical cache Hierarchy.
[2019.11.04-03.32.31:097][  0]LogDerivedDataCache: FDerivedDataBackendGraph:  CompressedPak pak cache file ../../../../../../Users/s181813/Documents/GitHub/Chicken-Crimpy-Repository/DejaBrew/DerivedDataCache/Compressed.ddp not found, will not use a pak cache.
[2019.11.04-03.32.31:097][  0]LogDerivedDataCache: Unable to find inner node CompressedPak for hierarchical cache Hierarchy.
[2019.11.04-03.32.31:113][  0]LogDerivedDataCache: Display: Pak cache opened for reading ../../../Engine/DerivedDataCache/Compressed.ddp.
[2019.11.04-03.32.31:127][  0]LogDerivedDataCache: Using Local data cache path C:/Users/s181813/AppData/Local/UnrealEngine/Common/DerivedDataCache: Writable
[2019.11.04-03.32.31:127][  0]LogDerivedDataCache: Shared data cache path not found in *engine.ini, will not use an Shared cache.
[2019.11.04-03.32.31:127][  0]LogDerivedDataCache: Unable to find inner node Shared for hierarchical cache Hierarchy.
[2019.11.04-03.32.31:143][  0]LogMaterial: Verifying Global Shaders for PCD3D_SM5
[2019.11.04-03.32.31:144][  0]LogSlate: Using FreeType 2.6.0
[2019.11.04-03.32.31:158][  0]LogSlate: SlateFontServices - WITH_FREETYPE: 1, WITH_HARFBUZZ: 1
[2019.11.04-03.32.31:328][  0]LogAssetRegistry: FAssetRegistry took 0.0277 seconds to start up
[2019.11.04-03.32.31:630][  0]LogInit: Selected Device Profile: [Windows]
[2019.11.04-03.32.31:865][  0]LogSimplygon: Simplygon DLL not present - disabling.
[2019.11.04-03.32.31:871][  0]LogMeshReduction: Using SimplygonSwarm for distributed automatic mesh merging
[2019.11.04-03.32.31:871][  0]LogMeshReduction: Using ProxyLODMeshReduction for automatic mesh merging
[2019.11.04-03.32.31:871][  0]LogMeshReduction: Using QuadricMeshReduction for automatic static mesh reduction
[2019.11.04-03.32.31:871][  0]LogMeshReduction: No automatic skeletal mesh reduction module available
[2019.11.04-03.32.31:905][  0]LogNetVersion: DejaBrew 1.0.0, NetCL: 4212847, EngineNetVer: 5, GameNetVer: 0 (Checksum: 719251921)
[2019.11.04-03.32.32:874][  0]LogPackageLocalizationCache: Processed 11 localized package path(s) for 2 prioritized culture(s) in 0.129966 seconds
[2019.11.04-03.32.32:881][  0]LogUObjectArray: 38425 objects as part of root set at end of initial load.
[2019.11.04-03.32.32:881][  0]LogUObjectAllocator: 6690872 out of 0 bytes used by permanent object pool.
[2019.11.04-03.32.32:881][  0]LogUObjectArray: CloseDisregardForGC: 0/0 objects in disregard for GC pool
[2019.11.04-03.32.34:998][  0]LogTcpMessaging: Initializing TcpMessaging bridge
[2019.11.04-03.32.35:014][  0]LogUdpMessaging: Initializing bridge on interface 0.0.0.0:0 to multicast group 230.0.0.1:6666.
[2019.11.04-03.32.35:612][  0]SourceControl: Source control is disabled
[2019.11.04-03.32.35:612][  0]SourceControl: Source control is disabled
[2019.11.04-03.32.35:614][  0]SourceControl: Source control is disabled
[2019.11.04-03.32.35:617][  0]SourceControl: Source control is disabled
[2019.11.04-03.32.35:853][  0]LogAndroidPermission: UAndroidPermissionCallbackProxy::GetInstance
[2019.11.04-03.32.35:919][  0]LogOcInput: OculusInput pre-init called
[2019.11.04-03.32.36:006][  0]LogEngine: Initializing Engine...
[2019.11.04-03.32.36:007][  0]LogHMD: Failed to initialize OpenVR with code 110
[2019.11.04-03.32.36:009][  0]LogStats: UGameplayTagsManager::ConstructGameplayTagTree: ImportINI prefixes -  0.000 s
[2019.11.04-03.32.36:009][  0]LogStats: UGameplayTagsManager::ConstructGameplayTagTree: Construct from data asset -  0.000 s
[2019.11.04-03.32.36:009][  0]LogStats: UGameplayTagsManager::ConstructGameplayTagTree: ImportINI -  0.000 s
[2019.11.04-03.32.36:009][  0]LogStats: UGameplayTagsManager::ConstructGameplayTagTree: GameplayTagTreeChangedEvent.Broadcast -  0.000 s
[2019.11.04-03.32.36:349][  0]LogInit: Initializing FReadOnlyCVARCache
[2019.11.04-03.32.36:365][  0]LogAIModule: Creating AISystem for world Untitled
[2019.11.04-03.32.36:372][  0]LogInit: XAudio2 using 'Realtek Digital Output (Realtek High Definition Audio)' : 2 channels at 48 kHz using 16 bits per sample (channel mask 0x3)
[2019.11.04-03.32.36:391][  0]LogInit: FAudioDevice initialized.
[2019.11.04-03.32.36:392][  0]LogNetVersion: Set ProjectVersion to 1.0.0.0. Version Checksum will be recalculated on next use.
[2019.11.04-03.32.36:472][  0]LogDerivedDataCache: Saved boot cache 0.08s 80MB C:/Users/s181813/AppData/Local/UnrealEngine/4.20/DerivedDataCache/Boot.ddc.
[2019.11.04-03.32.36:477][  0]LogInit: Texture streaming: Enabled
[2019.11.04-03.32.36:498][  0]LogEngineSessionManager: EngineSessionManager initialized
[2019.11.04-03.32.36:498][  0]LogEngineSessionManager: EngineSessionManager sent abnormal shutdown report. Type=Debugger, SessionId={7494732F-43D9-E5B0-E3B2-D7B2AED70FB4}
[2019.11.04-03.32.36:507][  0]LogInit: Transaction tracking system initialized
[2019.11.04-03.32.36:534][  0]BlueprintLog: New page: Editor Load
[2019.11.04-03.32.36:695][  0]LocalizationService: Localization service is disabled
[2019.11.04-03.32.37:149][  0]LogCook: Display: Max memory allowance for cook 16384mb min free memory 0mb
[2019.11.04-03.32.37:149][  0]LogCook: Display: Mobile HDR setting 1
[2019.11.04-03.32.37:150][  0]LogGameplayTags: Display: UGameplayTagsManager::DoneAddingNativeTags. DelegateIsBound: 0
[2019.11.04-03.32.37:150][  0]LogStats: UGameplayTagsManager::ConstructGameplayTagTree: ImportINI prefixes -  0.000 s
[2019.11.04-03.32.37:150][  0]LogStats: UGameplayTagsManager::ConstructGameplayTagTree: Construct from data asset -  0.000 s
[2019.11.04-03.32.37:150][  0]LogStats: UGameplayTagsManager::ConstructGameplayTagTree: ImportINI -  0.000 s
[2019.11.04-03.32.37:150][  0]LogStats: UGameplayTagsManager::ConstructGameplayTagTree: GameplayTagTreeChangedEvent.Broadcast -  0.000 s
[2019.11.04-03.32.37:354][  0]LogFileCache: Scanning file cache for directory 'C:/Users/s181813/Documents/GitHub/Chicken-Crimpy-Repository/DejaBrew/Content/' took 0.02s
[2019.11.04-03.32.37:355][  0]SourceControl: Source control is disabled
[2019.11.04-03.32.37:355][  0]Cmd: MAP LOAD FILE="../../../../../../Users/s181813/Documents/GitHub/Chicken-Crimpy-Repository/DejaBrew/Content/SideScrollerCPP/Maps/SideScrollerExampleMap.umap" TEMPLATE=0 SHOWPROGRESS=1 FEATURELEVEL=3
[2019.11.04-03.32.37:359][  0]LightingResults: New page: Lighting Build
[2019.11.04-03.32.37:362][  0]MapCheck: New page: Map Check
[2019.11.04-03.32.37:362][  0]LightingResults: New page: Lighting Build
[2019.11.04-03.32.37:577][  0]LogAIModule: Creating AISystem for world SideScrollerExampleMap
[2019.11.04-03.32.37:589][  0]LogEditorServer: Finished looking for orphan Actors (0.000 secs)
[2019.11.04-03.32.37:613][  0]Cmd: MAP CHECKDEP NOCLEARLOG
[2019.11.04-03.32.37:664][  0]MapCheck: Map check complete: 0 Error(s), 0 Warning(s), took 50.69ms to complete.
[2019.11.04-03.32.37:664][  0]LogFileHelpers: Loading map 'SideScrollerExampleMap' took 0.310
[2019.11.04-03.32.37:786][  0]LogSlate: Updating window title bar state: overlay mode, drag disabled, window buttons hidden, title bar hidden
[2019.11.04-03.32.37:794][  0]LogSlate: Updating window title bar state: overlay mode, drag disabled, window buttons hidden, title bar hidden
[2019.11.04-03.32.37:801][  0]LogSlate: Updating window title bar state: overlay mode, drag disabled, window buttons hidden, title bar hidden
[2019.11.04-03.32.37:807][  0]LogSlate: Updating window title bar state: overlay mode, drag disabled, window buttons hidden, title bar hidden
[2019.11.04-03.32.37:817][  0]LogCollectionManager: Loaded 0 collections in 0.001174 seconds
[2019.11.04-03.32.37:866][  0]LogFileCache: Scanning file cache for directory 'C:/Users/s181813/Documents/GitHub/Chicken-Crimpy-Repository/DejaBrew/Saved/Collections/' took 0.01s
[2019.11.04-03.32.37:866][  0]LogFileCache: Scanning file cache for directory 'C:/Users/s181813/Documents/GitHub/Chicken-Crimpy-Repository/DejaBrew/Content/Developers/s181813/Collections/' took 0.01s
[2019.11.04-03.32.37:866][  0]LogFileCache: Scanning file cache for directory 'C:/Users/s181813/Documents/GitHub/Chicken-Crimpy-Repository/DejaBrew/Content/Collections/' took 0.01s
[2019.11.04-03.32.37:866][  0]LogCollectionManager: Rebuilt the GUID cache for 0 collections in 0.000000 seconds
[2019.11.04-03.32.37:874][  0]LogContentBrowser: Native class hierarchy populated in 0.0080 seconds. Added 2575 classes and 605 folders.
[2019.11.04-03.32.37:879][  0]LogContentBrowser: Native class hierarchy updated for 'WidgetCarousel' in 0.0002 seconds. Added 0 classes and 0 folders.
[2019.11.04-03.32.38:103][  0]LogContentBrowser: Native class hierarchy updated for 'AddContentDialog' in 0.0004 seconds. Added 0 classes and 0 folders.
[2019.11.04-03.32.38:109][  0]LogContentBrowser: Native class hierarchy updated for 'SceneOutliner' in 0.0003 seconds. Added 1 classes and 2 folders.
[2019.11.04-03.32.39:050][  0]LogSlate: Only BGRA pngs, bmps or icos are supported in by External Image Picker
[2019.11.04-03.32.39:083][  0]LogTemp: Executing iPhonePackager certificates Engine -bundlename com.YourCompany.DejaBrew
[2019.11.04-03.32.39:083][  0]LogTemp: CWD: C:\Program Files\Epic Games\UE_4.20\Engine\Binaries\DotNET\IOS
[2019.11.04-03.32.39:083][  0]LogTemp: Initial Dir: C:\Program Files\Epic Games\UE_4.20
[2019.11.04-03.32.39:084][  0]LogTemp: Env CWD: C:\Program Files\Epic Games\UE_4.20\Engine\Binaries\DotNET\IOS
[2019.11.04-03.32.39:084][  0]LogTemp: BranchPath = SYD-4DE60A/C/Program Files/Epic Games/UE_4.20/Engine/Binaries --- GameBranchPath = SYD-4DE60A/C/Program Files/Epic Games/UE_4.20/Engine/Binaries
[2019.11.04-03.32.39:084][  0]LogSlate: Took 0.005265 seconds to synchronously load lazily loaded font '../../../Engine/Content/Slate/Fonts/Roboto-Regular.ttf' (155K)
[2019.11.04-03.32.39:089][  0]LogSlate: Took 0.003553 seconds to synchronously load lazily loaded font '../../../Engine/Content/Slate/Fonts/Roboto-Bold.ttf' (160K)
[2019.11.04-03.32.39:101][  0]LogSlate: Took 0.006286 seconds to synchronously load lazily loaded font '../../../Engine/Content/Editor/Slate/Fonts/FontAwesome.ttf' (139K)
[2019.11.04-03.32.39:232][  0]LogTemp: IPP ERROR: Could not find provision directory 'C:\Users\s181813\AppData\Local/Apple Computer/MobileDevice/Provisioning Profiles/'.
[2019.11.04-03.32.39:232][  0]LogRenderer: Reallocating scene render targets to support 1068x576 Format 10 NumSamples 1 (Frame:1).
[2019.11.04-03.32.39:412][  0]LogContentBrowser: Native class hierarchy updated for 'HierarchicalLODOutliner' in 0.0004 seconds. Added 0 classes and 0 folders.
[2019.11.04-03.32.39:413][  0]LogLoad: (Engine Initialization) Total time: 15.16 seconds
[2019.11.04-03.32.39:413][  0]LogLoad: (Engine Initialization) Total Blueprint compile time: 0.00 seconds
[2019.11.04-03.32.39:449][  0]LogContentStreaming: Texture pool size now 1000 MB
[2019.11.04-03.32.39:491][  0]LogSlate: Took 0.003634 seconds to synchronously load lazily loaded font '../../../Engine/Content/Slate/Fonts/Roboto-Light.ttf' (167K)
[2019.11.04-03.32.39:514][  1]LogAssetRegistry: Asset discovery search completed in 8.2107 seconds
[2019.11.04-03.32.39:516][  1]LogCollectionManager: Rebuilt the object cache for 0 collections in 0.000000 seconds (found 0 objects)
[2019.11.04-03.32.39:516][  1]LogCollectionManager: Fixed up redirectors for 0 collections in 0.000141 seconds (updated 0 objects)
[2019.11.04-03.37.16:767][  1]LogSlate: FSceneViewport::OnFocusLost() reason 0
[2019.11.04-03.40.59:452][366]LogSlate: Took 0.000206 seconds to synchronously load lazily loaded font '../../../Engine/Content/Slate/Fonts/Roboto-Light.ttf' (167K)
[2019.11.04-03.40.59:460][366]LogAssetEditorManager: Opening Asset editor for WidgetBlueprint /Game/SideScrollerCPP/Blueprints/Widgets/CrosshairWidget_BP.CrosshairWidget_BP
[2019.11.04-03.40.59:932][366]LogContentBrowser: Native class hierarchy updated for 'BlueprintGraph' in 0.0006 seconds. Added 116 classes and 0 folders.
[2019.11.04-03.41.00:685][366]LogSlate: Took 0.004315 seconds to synchronously load lazily loaded font '../../../Engine/Content/Slate/Fonts/Roboto-BoldCondensed.ttf' (158K)
[2019.11.04-03.41.02:082][474]Candidate modules for hot reload:
[2019.11.04-03.41.02:082][474]  DejaBrew
[2019.11.04-03.41.02:082][474]Launching UnrealBuildTool... [C:/Program Files/Epic Games/UE_4.20/Engine/Binaries/DotNET/UnrealBuildTool.exe  -ModuleWithSuffix=DejaBrew,6406 Win64 Development -TargetType=Editor -Project="../../../../../../Users/s181813/Documents/GitHub/Chicken-Crimpy-Repository/DejaBrew/DejaBrew.uproject" -canskiplink "C:/Users/s181813/Documents/GitHub/Chicken-Crimpy-Repository/DejaBrew/DejaBrew.uproject" ]
[2019.11.04-03.41.02:087][474]Warning: Starting HotReload took  0.1s.
[2019.11.04-03.41.03:721][599]LogSlate: Window 'CrosshairWidget_BP' being destroyed
[2019.11.04-03.41.11:078][460]LogAssetEditorManager: Opening Asset editor for WidgetBlueprint /Game/SideScrollerCPP/Blueprints/Widgets/CrosshairBoundsWidget_BP.CrosshairBoundsWidget_BP
[2019.11.04-03.41.19:857][  8]CompilerResultsLog: New page: Compilation - Nov 5, 2019, 1:41:19 AM
[2019.11.04-03.41.19:857][  8]CompilerResultsLog: Using 'git status' to determine working set for adaptive non-unity build.
[2019.11.04-03.41.19:857][  8]CompilerResultsLog: Creating makefile for hot reloading DejaBrewEditor (modules to compile have changed)
[2019.11.04-03.41.19:857][  8]CompilerResultsLog: Compiling game modules for hot reload
[2019.11.04-03.41.19:857][  8]CompilerResultsLog: Using Visual Studio 2017 14.16.27023 toolchain (C:\Program Files (x86)\Microsoft Visual Studio\2017\Enterprise\VC\Tools\MSVC\14.16.27023) and Windows 10.0.17763.0 SDK (C:\Program Files (x86)\Windows Kits\10).
[2019.11.04-03.41.19:857][  8]CompilerResultsLog: Parsing headers for DejaBrewEditor
[2019.11.04-03.41.19:857][  8]CompilerResultsLog:   Running UnrealHeaderTool "C:\Users\s181813\Documents\GitHub\Chicken-Crimpy-Repository\DejaBrew\DejaBrew.uproject" "C:\Users\s181813\Documents\GitHub\Chicken-Crimpy-Repository\DejaBrew\Intermediate\Build\Win64\DejaBrewEditor\Development\DejaBrewEditor.uhtmanifest" -LogCmds="loginit warning, logexit warning, logdatabase error" -Unattended -WarningsAsErrors -installed
[2019.11.04-03.41.19:858][  8]CompilerResultsLog: Reflection code generated for DejaBrewEditor in 9.2389096 seconds
[2019.11.04-03.41.19:858][  8]CompilerResultsLog: Building 6 actions with 8 processes...
[2019.11.04-03.41.19:858][  8]CompilerResultsLog:   [1/6] DejaBrew.init.gen.cpp
[2019.11.04-03.41.19:858][  8]CompilerResultsLog:   [2/6] DejaBrewCharacter.gen.cpp
[2019.11.04-03.41.19:858][  8]CompilerResultsLog:   [3/6] DejaBrewGameMode.cpp
[2019.11.04-03.41.19:858][  8]CompilerResultsLog:   [4/6] DejaBrewCharacter.cpp
[2019.11.04-03.41.19:858][  8]CompilerResultsLog:   [5/6] UE4Editor-DejaBrew-6406.lib
[2019.11.04-03.41.19:858][  8]CompilerResultsLog:      Creating library C:\Users\s181813\Documents\GitHub\Chicken-Crimpy-Repository\DejaBrew\Intermediate\Build\Win64\UE4Editor\Development\DejaBrew\UE4Editor-DejaBrew-6406.lib and object C:\Users\s181813\Documents\GitHub\Chicken-Crimpy-Repository\DejaBrew\Intermediate\Build\Win64\UE4Editor\Development\DejaBrew\UE4Editor-DejaBrew-6406.exp
[2019.11.04-03.41.19:858][  8]CompilerResultsLog:   [6/6] UE4Editor-DejaBrew-6406.dll
[2019.11.04-03.41.19:858][  8]CompilerResultsLog:      Creating library C:\Users\s181813\Documents\GitHub\Chicken-Crimpy-Repository\DejaBrew\Intermediate\Build\Win64\UE4Editor\Development\DejaBrew\UE4Editor-DejaBrew-6406.suppressed.lib and object C:\Users\s181813\Documents\GitHub\Chicken-Crimpy-Repository\DejaBrew\Intermediate\Build\Win64\UE4Editor\Development\DejaBrew\UE4Editor-DejaBrew-6406.suppressed.exp
[2019.11.04-03.41.19:858][  8]CompilerResultsLog: Total build time: 17.57 seconds (Parallel executor: 3.34 seconds)
[2019.11.04-03.41.19:858][  8]LogMainFrame: MainFrame: Module compiling took 17.784 seconds
[2019.11.04-03.41.19:918][  8]LogClass: Could not find existing class DejaBrewCharacter in package /Script/DejaBrew for HotReload, assuming new class
[2019.11.04-03.41.19:930][  8]LogHotReload: Re-instancing DejaBrewCharacter after hot-reload.
[2019.11.04-03.41.20:150][  8]LogContentBrowser: Native class hierarchy updated for 'DejaBrew' in 0.0003 seconds. Added 3 classes and 2 folders.
[2019.11.04-03.41.20:154][  8]Display: HotReload successful (0 functions remapped  0 scriptstructs remapped)
[2019.11.04-03.41.20:514][  8]LogContentBrowser: Native class hierarchy populated in 0.0081 seconds. Added 2576 classes and 607 folders.
[2019.11.04-03.41.20:515][  8]Display: HotReload took 18.5s.
[2019.11.04-03.42.39:588][558]LogFileHelpers: Editor autosave (incl. sublevels) for '/Game/SideScrollerCPP/Maps/SideScrollerExampleMap' took 0.047
[2019.11.04-03.42.39:590][558]OBJ SavePackage: Generating thumbnails for [0] asset(s) in package [/Game/SideScrollerCPP/Blueprints/Widgets/CrosshairBoundsWidget_BP] ([1] browsable assets)...
[2019.11.04-03.42.39:590][558]OBJ SavePackage: Finished generating thumbnails for package [/Game/SideScrollerCPP/Blueprints/Widgets/CrosshairBoundsWidget_BP]
[2019.11.04-03.42.39:618][558]LogSavePackage: Moving '../../../../../../Users/s181813/Documents/GitHub/Chicken-Crimpy-Repository/DejaBrew/Saved/CrosshairBoundsWidget_BP_Auto11AF6464D4FF8933AA764EFA7054499FD.tmp' to '../../../../../../Users/s181813/Documents/GitHub/Chicken-Crimpy-Repository/DejaBrew/Saved/Autosaves/Game/SideScrollerCPP/Blueprints/Widgets/CrosshairBoundsWidget_BP_Auto1.uasset'
[2019.11.04-03.42.39:620][558]LogFileHelpers: Auto-saving content packages took 0.030
[2019.11.04-03.44.01:038][445]BlueprintLog: New page: Compile CrosshairBoundsWidget_BP
[2019.11.04-03.44.01:613][468]LogSavePackage: Moving '../../../../../../Users/s181813/Documents/GitHub/Chicken-Crimpy-Repository/DejaBrew/Saved/CrosshairBoundsWidget_BP9218E94246A42BAEEEF1DFB28E55A280.tmp' to '../../../../../../Users/s181813/Documents/GitHub/Chicken-Crimpy-Repository/DejaBrew/Content/SideScrollerCPP/Blueprints/Widgets/CrosshairBoundsWidget_BP.uasset'
[2019.11.04-03.44.03:687][627]LogSlate: Window 'CrosshairBoundsWidget_BP' being destroyed
[2019.11.04-03.45.07:632][185]BlueprintLog: New page: Compile CrosshairBoundsWidget_BP
[2019.11.04-03.45.08:279][229]LogSavePackage: Moving '../../../../../../Users/s181813/Documents/GitHub/Chicken-Crimpy-Repository/DejaBrew/Saved/CrosshairBoundsWidget_BP99B21B414E9160970B7FA5A48D4A3621.tmp' to '../../../../../../Users/s181813/Documents/GitHub/Chicken-Crimpy-Repository/DejaBrew/Content/SideScrollerCPP/Blueprints/Widgets/CrosshairBoundsWidget_BP.uasset'
[2019.11.04-03.45.51:346][324]LogSlate: Took 0.003502 seconds to synchronously load lazily loaded font '../../../Engine/Content/Slate/Fonts/Roboto-Italic.ttf' (157K)
[2019.11.04-03.47.53:259][969]BlueprintLog: New page: Compile CrosshairBoundsWidget_BP
[2019.11.04-03.47.53:870][ 16]LogSavePackage: Moving '../../../../../../Users/s181813/Documents/GitHub/Chicken-Crimpy-Repository/DejaBrew/Saved/CrosshairBoundsWidget_BPF96111AE41223D385453979D787B7757.tmp' to '../../../../../../Users/s181813/Documents/GitHub/Chicken-Crimpy-Repository/DejaBrew/Content/SideScrollerCPP/Blueprints/Widgets/CrosshairBoundsWidget_BP.uasset'
[2019.11.04-03.47.54:500][ 90]LogTemp: Repeating last play command: New Editor Window (PIE)
[2019.11.04-03.47.54:526][ 90]LogBlueprintUserMessages: Early PlayInEditor Detection: Level '/Game/SideScrollerCPP/Maps/SideScrollerExampleMap.SideScrollerExampleMap:PersistentLevel' has LevelScriptBlueprint '/Game/SideScrollerCPP/Maps/SideScrollerExampleMap.SideScrollerExampleMap:PersistentLevel.SideScrollerExampleMap' with GeneratedClass '/Game/SideScrollerCPP/Maps/SideScrollerExampleMap.SideScrollerExampleMap_C' with ClassGeneratedBy '/Game/SideScrollerCPP/Maps/SideScrollerExampleMap.SideScrollerExampleMap:PersistentLevel.SideScrollerExampleMap'
[2019.11.04-03.47.54:526][ 90]LogPlayLevel: PlayLevel: No blueprints needed recompiling
[2019.11.04-03.47.54:540][ 90]PIE: New page: PIE session: SideScrollerExampleMap (Nov 5, 2019, 1:47:54 AM)
[2019.11.04-03.47.54:541][ 90]LogPlayLevel: Creating play world package: /Game/SideScrollerCPP/Maps/UEDPIE_0_SideScrollerExampleMap
[2019.11.04-03.47.54:561][ 90]LogPlayLevel: PIE: StaticDuplicateObject took: (0.020409s)
[2019.11.04-03.47.54:562][ 90]LogAIModule: Creating AISystem for world SideScrollerExampleMap
[2019.11.04-03.47.54:563][ 90]LogPlayLevel: PIE: World Init took: (0.001190s)
[2019.11.04-03.47.54:563][ 90]LogPlayLevel: PIE: Created PIE world by copying editor world from /Game/SideScrollerCPP/Maps/SideScrollerExampleMap.SideScrollerExampleMap to /Game/SideScrollerCPP/Maps/UEDPIE_0_SideScrollerExampleMap.SideScrollerExampleMap (0.022140s)
[2019.11.04-03.47.54:599][ 90]LogInit: XAudio2 using 'Realtek Digital Output (Realtek High Definition Audio)' : 2 channels at 48 kHz using 16 bits per sample (channel mask 0x3)
[2019.11.04-03.47.54:613][ 90]LogInit: FAudioDevice initialized.
[2019.11.04-03.47.54:622][ 90]LogSlate: Updating window title bar state: overlay mode, drag disabled, window buttons hidden, title bar hidden
[2019.11.04-03.47.54:681][ 90]LogLoad: Game class is 'DejaBrewGameMode'
[2019.11.04-03.47.54:685][ 90]LogWorld: Bringing World /Game/SideScrollerCPP/Maps/UEDPIE_0_SideScrollerExampleMap.SideScrollerExampleMap up for play (max tick rate 0) at 2019.11.04-14.47.54
[2019.11.04-03.47.54:685][ 90]LogWorld: Bringing up level for play took: 0.003077
[2019.11.04-03.47.54:720][ 90]LogContentBrowser: Native class hierarchy updated for 'MovieSceneCapture' in 0.0003 seconds. Added 10 classes and 0 folders.
[2019.11.04-03.47.54:753][ 90]PIE: Play in editor start time for /Game/SideScrollerCPP/Maps/UEDPIE_0_SideScrollerExampleMap 0.877
[2019.11.04-03.47.54:754][ 90]LogBlueprintUserMessages: Late PlayInEditor Detection: Level '/Game/SideScrollerCPP/Maps/SideScrollerExampleMap.SideScrollerExampleMap:PersistentLevel' has LevelScriptBlueprint '/Game/SideScrollerCPP/Maps/SideScrollerExampleMap.SideScrollerExampleMap:PersistentLevel.SideScrollerExampleMap' with GeneratedClass '/Game/SideScrollerCPP/Maps/SideScrollerExampleMap.SideScrollerExampleMap_C' with ClassGeneratedBy '/Game/SideScrollerCPP/Maps/SideScrollerExampleMap.SideScrollerExampleMap:PersistentLevel.SideScrollerExampleMap'
[2019.11.04-03.47.54:781][ 90]LogRenderer: Reallocating scene render targets to support 1292x756 Format 10 NumSamples 1 (Frame:1).
[2019.11.04-03.48.00:170][726]LogBlueprintUserMessages: Early EndPlayMap Detection: Level '/Game/SideScrollerCPP/Maps/SideScrollerExampleMap.SideScrollerExampleMap:PersistentLevel' has LevelScriptBlueprint '/Game/SideScrollerCPP/Maps/SideScrollerExampleMap.SideScrollerExampleMap:PersistentLevel.SideScrollerExampleMap' with GeneratedClass '/Game/SideScrollerCPP/Maps/SideScrollerExampleMap.SideScrollerExampleMap_C' with ClassGeneratedBy '/Game/SideScrollerCPP/Maps/SideScrollerExampleMap.SideScrollerExampleMap:PersistentLevel.SideScrollerExampleMap'
[2019.11.04-03.48.00:170][726]LogSlate: Updating window title bar state: overlay mode, drag disabled, window buttons hidden, title bar hidden
[2019.11.04-03.48.00:189][726]LogSlate: Window 'DejaBrew Game Preview Standalone (64-bit/PCD3D_SM5)' being destroyed
[2019.11.04-03.48.00:224][726]LogPlayLevel: Display: Shutting down PIE online subsystems
[2019.11.04-03.48.00:224][726]LogBlueprintUserMessages: Late EndPlayMap Detection: Level '/Game/SideScrollerCPP/Maps/SideScrollerExampleMap.SideScrollerExampleMap:PersistentLevel' has LevelScriptBlueprint '/Game/SideScrollerCPP/Maps/SideScrollerExampleMap.SideScrollerExampleMap:PersistentLevel.SideScrollerExampleMap' with GeneratedClass '/Game/SideScrollerCPP/Maps/SideScrollerExampleMap.SideScrollerExampleMap_C' with ClassGeneratedBy '/Game/SideScrollerCPP/Maps/SideScrollerExampleMap.SideScrollerExampleMap:PersistentLevel.SideScrollerExampleMap'
[2019.11.04-03.48.00:273][727]LogPlayLevel: Display: Destroying online subsystem :Context_6
[2019.11.04-03.48.08:823][753]LogTemp: Repeating last play command: New Editor Window (PIE)
[2019.11.04-03.48.08:843][753]LogBlueprintUserMessages: Early PlayInEditor Detection: Level '/Game/SideScrollerCPP/Maps/SideScrollerExampleMap.SideScrollerExampleMap:PersistentLevel' has LevelScriptBlueprint '/Game/SideScrollerCPP/Maps/SideScrollerExampleMap.SideScrollerExampleMap:PersistentLevel.SideScrollerExampleMap' with GeneratedClass '/Game/SideScrollerCPP/Maps/SideScrollerExampleMap.SideScrollerExampleMap_C' with ClassGeneratedBy '/Game/SideScrollerCPP/Maps/SideScrollerExampleMap.SideScrollerExampleMap:PersistentLevel.SideScrollerExampleMap'
[2019.11.04-03.48.08:843][753]LogPlayLevel: PlayLevel: No blueprints needed recompiling
[2019.11.04-03.48.08:843][753]PIE: New page: PIE session: SideScrollerExampleMap (Nov 5, 2019, 1:48:08 AM)
[2019.11.04-03.48.08:844][753]LogPlayLevel: Creating play world package: /Game/SideScrollerCPP/Maps/UEDPIE_0_SideScrollerExampleMap
[2019.11.04-03.48.08:855][753]LogPlayLevel: PIE: StaticDuplicateObject took: (0.011284s)
[2019.11.04-03.48.08:856][753]LogAIModule: Creating AISystem for world SideScrollerExampleMap
[2019.11.04-03.48.08:856][753]LogPlayLevel: PIE: World Init took: (0.001054s)
[2019.11.04-03.48.08:856][753]LogPlayLevel: PIE: Created PIE world by copying editor world from /Game/SideScrollerCPP/Maps/SideScrollerExampleMap.SideScrollerExampleMap to /Game/SideScrollerCPP/Maps/UEDPIE_0_SideScrollerExampleMap.SideScrollerExampleMap (0.012716s)
[2019.11.04-03.48.08:888][753]LogInit: XAudio2 using 'Realtek Digital Output (Realtek High Definition Audio)' : 2 channels at 48 kHz using 16 bits per sample (channel mask 0x3)
[2019.11.04-03.48.08:900][753]LogInit: FAudioDevice initialized.
[2019.11.04-03.48.08:908][753]LogSlate: Updating window title bar state: overlay mode, drag disabled, window buttons hidden, title bar hidden
[2019.11.04-03.48.08:948][753]LogLoad: Game class is 'DejaBrewGameMode'
[2019.11.04-03.48.08:951][753]LogWorld: Bringing World /Game/SideScrollerCPP/Maps/UEDPIE_0_SideScrollerExampleMap.SideScrollerExampleMap up for play (max tick rate 0) at 2019.11.04-14.48.08
[2019.11.04-03.48.08:952][753]LogWorld: Bringing up level for play took: 0.002550
[2019.11.04-03.48.08:992][753]PIE: Play in editor start time for /Game/SideScrollerCPP/Maps/UEDPIE_0_SideScrollerExampleMap 1.115
[2019.11.04-03.48.08:993][753]LogBlueprintUserMessages: Late PlayInEditor Detection: Level '/Game/SideScrollerCPP/Maps/SideScrollerExampleMap.SideScrollerExampleMap:PersistentLevel' has LevelScriptBlueprint '/Game/SideScrollerCPP/Maps/SideScrollerExampleMap.SideScrollerExampleMap:PersistentLevel.SideScrollerExampleMap' with GeneratedClass '/Game/SideScrollerCPP/Maps/SideScrollerExampleMap.SideScrollerExampleMap_C' with ClassGeneratedBy '/Game/SideScrollerCPP/Maps/SideScrollerExampleMap.SideScrollerExampleMap:PersistentLevel.SideScrollerExampleMap'
[2019.11.04-03.48.12:925][218]LogBlueprintUserMessages: Early EndPlayMap Detection: Level '/Game/SideScrollerCPP/Maps/SideScrollerExampleMap.SideScrollerExampleMap:PersistentLevel' has LevelScriptBlueprint '/Game/SideScrollerCPP/Maps/SideScrollerExampleMap.SideScrollerExampleMap:PersistentLevel.SideScrollerExampleMap' with GeneratedClass '/Game/SideScrollerCPP/Maps/SideScrollerExampleMap.SideScrollerExampleMap_C' with ClassGeneratedBy '/Game/SideScrollerCPP/Maps/SideScrollerExampleMap.SideScrollerExampleMap:PersistentLevel.SideScrollerExampleMap'
[2019.11.04-03.48.12:926][218]LogSlate: Updating window title bar state: overlay mode, drag disabled, window buttons hidden, title bar hidden
[2019.11.04-03.48.12:944][218]LogSlate: Window 'DejaBrew Game Preview Standalone (64-bit/PCD3D_SM5)' being destroyed
[2019.11.04-03.48.12:982][218]LogPlayLevel: Display: Shutting down PIE online subsystems
[2019.11.04-03.48.12:983][218]LogBlueprintUserMessages: Late EndPlayMap Detection: Level '/Game/SideScrollerCPP/Maps/SideScrollerExampleMap.SideScrollerExampleMap:PersistentLevel' has LevelScriptBlueprint '/Game/SideScrollerCPP/Maps/SideScrollerExampleMap.SideScrollerExampleMap:PersistentLevel.SideScrollerExampleMap' with GeneratedClass '/Game/SideScrollerCPP/Maps/SideScrollerExampleMap.SideScrollerExampleMap_C' with ClassGeneratedBy '/Game/SideScrollerCPP/Maps/SideScrollerExampleMap.SideScrollerExampleMap:PersistentLevel.SideScrollerExampleMap'
[2019.11.04-03.48.13:029][219]LogPlayLevel: Display: Destroying online subsystem :Context_7
[2019.11.04-03.48.24:855][636]BlueprintLog: New page: Compile CrosshairBoundsWidget_BP
[2019.11.04-03.48.26:013][748]LogSavePackage: Moving '../../../../../../Users/s181813/Documents/GitHub/Chicken-Crimpy-Repository/DejaBrew/Saved/CrosshairBoundsWidget_BPB5F2B4114B14998A177EDF8E6CD41285.tmp' to '../../../../../../Users/s181813/Documents/GitHub/Chicken-Crimpy-Repository/DejaBrew/Content/SideScrollerCPP/Blueprints/Widgets/CrosshairBoundsWidget_BP.uasset'
[2019.11.04-03.48.26:819][843]LogTemp: Repeating last play command: New Editor Window (PIE)
[2019.11.04-03.48.26:839][843]LogBlueprintUserMessages: Early PlayInEditor Detection: Level '/Game/SideScrollerCPP/Maps/SideScrollerExampleMap.SideScrollerExampleMap:PersistentLevel' has LevelScriptBlueprint '/Game/SideScrollerCPP/Maps/SideScrollerExampleMap.SideScrollerExampleMap:PersistentLevel.SideScrollerExampleMap' with GeneratedClass '/Game/SideScrollerCPP/Maps/SideScrollerExampleMap.SideScrollerExampleMap_C' with ClassGeneratedBy '/Game/SideScrollerCPP/Maps/SideScrollerExampleMap.SideScrollerExampleMap:PersistentLevel.SideScrollerExampleMap'
[2019.11.04-03.48.26:839][843]LogPlayLevel: PlayLevel: No blueprints needed recompiling
[2019.11.04-03.48.26:839][843]PIE: New page: PIE session: SideScrollerExampleMap (Nov 5, 2019, 1:48:26 AM)
[2019.11.04-03.48.26:839][843]LogPlayLevel: Creating play world package: /Game/SideScrollerCPP/Maps/UEDPIE_0_SideScrollerExampleMap
[2019.11.04-03.48.26:850][843]LogPlayLevel: PIE: StaticDuplicateObject took: (0.010683s)
[2019.11.04-03.48.26:851][843]LogAIModule: Creating AISystem for world SideScrollerExampleMap
[2019.11.04-03.48.26:851][843]LogPlayLevel: PIE: World Init took: (0.001000s)
[2019.11.04-03.48.26:852][843]LogPlayLevel: PIE: Created PIE world by copying editor world from /Game/SideScrollerCPP/Maps/SideScrollerExampleMap.SideScrollerExampleMap to /Game/SideScrollerCPP/Maps/UEDPIE_0_SideScrollerExampleMap.SideScrollerExampleMap (0.012093s)
[2019.11.04-03.48.26:882][843]LogInit: XAudio2 using 'Realtek Digital Output (Realtek High Definition Audio)' : 2 channels at 48 kHz using 16 bits per sample (channel mask 0x3)
[2019.11.04-03.48.26:894][843]LogInit: FAudioDevice initialized.
[2019.11.04-03.48.26:902][843]LogSlate: Updating window title bar state: overlay mode, drag disabled, window buttons hidden, title bar hidden
[2019.11.04-03.48.26:945][843]LogLoad: Game class is 'DejaBrewGameMode'
[2019.11.04-03.48.26:948][843]LogWorld: Bringing World /Game/SideScrollerCPP/Maps/UEDPIE_0_SideScrollerExampleMap.SideScrollerExampleMap up for play (max tick rate 0) at 2019.11.04-14.48.26
[2019.11.04-03.48.26:949][843]LogWorld: Bringing up level for play took: 0.002455
[2019.11.04-03.48.26:986][843]PIE: Play in editor start time for /Game/SideScrollerCPP/Maps/UEDPIE_0_SideScrollerExampleMap 1.109
[2019.11.04-03.48.26:987][843]LogBlueprintUserMessages: Late PlayInEditor Detection: Level '/Game/SideScrollerCPP/Maps/SideScrollerExampleMap.SideScrollerExampleMap:PersistentLevel' has LevelScriptBlueprint '/Game/SideScrollerCPP/Maps/SideScrollerExampleMap.SideScrollerExampleMap:PersistentLevel.SideScrollerExampleMap' with GeneratedClass '/Game/SideScrollerCPP/Maps/SideScrollerExampleMap.SideScrollerExampleMap_C' with ClassGeneratedBy '/Game/SideScrollerCPP/Maps/SideScrollerExampleMap.SideScrollerExampleMap:PersistentLevel.SideScrollerExampleMap'
[2019.11.04-03.48.35:363][842]LogBlueprintUserMessages: Early EndPlayMap Detection: Level '/Game/SideScrollerCPP/Maps/SideScrollerExampleMap.SideScrollerExampleMap:PersistentLevel' has LevelScriptBlueprint '/Game/SideScrollerCPP/Maps/SideScrollerExampleMap.SideScrollerExampleMap:PersistentLevel.SideScrollerExampleMap' with GeneratedClass '/Game/SideScrollerCPP/Maps/SideScrollerExampleMap.SideScrollerExampleMap_C' with ClassGeneratedBy '/Game/SideScrollerCPP/Maps/SideScrollerExampleMap.SideScrollerExampleMap:PersistentLevel.SideScrollerExampleMap'
[2019.11.04-03.48.35:364][842]LogSlate: Updating window title bar state: overlay mode, drag disabled, window buttons hidden, title bar hidden
[2019.11.04-03.48.35:382][842]LogSlate: Window 'DejaBrew Game Preview Standalone (64-bit/PCD3D_SM5)' being destroyed
[2019.11.04-03.48.35:419][842]LogPlayLevel: Display: Shutting down PIE online subsystems
[2019.11.04-03.48.35:420][842]LogBlueprintUserMessages: Late EndPlayMap Detection: Level '/Game/SideScrollerCPP/Maps/SideScrollerExampleMap.SideScrollerExampleMap:PersistentLevel' has LevelScriptBlueprint '/Game/SideScrollerCPP/Maps/SideScrollerExampleMap.SideScrollerExampleMap:PersistentLevel.SideScrollerExampleMap' with GeneratedClass '/Game/SideScrollerCPP/Maps/SideScrollerExampleMap.SideScrollerExampleMap_C' with ClassGeneratedBy '/Game/SideScrollerCPP/Maps/SideScrollerExampleMap.SideScrollerExampleMap:PersistentLevel.SideScrollerExampleMap'
[2019.11.04-03.48.35:463][843]LogPlayLevel: Display: Destroying online subsystem :Context_8
[2019.11.04-03.48.49:539][513]LogSlate: Window 'DejaBrew - Unreal Editor' being destroyed
[2019.11.04-03.48.49:745][514]Cmd: QUIT_EDITOR
[2019.11.04-03.48.49:911][514]LogWindowsTextInputMethodSystem: Display: IME system now deactivated.
[2019.11.04-03.48.49:923][514]LogExit: Preparing to exit.
[2019.11.04-03.48.50:958][514]LogExit: Editor shut down
[2019.11.04-03.48.50:958][514]LogExit: Transaction tracking system shut down
[2019.11.04-03.48.51:360][514]LogExit: Object subsystem successfully closed.
[2019.11.04-03.48.51:396][514]LogShaderCompilers: Display: Shaders left to compile 0
[2019.11.04-03.48.51:399][514]LogD3D11RHI: Shutdown
[2019.11.04-03.48.51:399][514]LogD3D11RHI: CleanupD3DDevice
[2019.11.04-03.48.51:401][514]LogD3D11RHI: ~FD3D11DynamicRHI
[2019.11.04-03.48.51:425][514]LogModuleManager: Shutting down and abandoning module MovieSceneCapture (623)
[2019.11.04-03.48.51:425][514]LogModuleManager: Shutting down and abandoning module Voice (621)
[2019.11.04-03.48.51:425][514]LogModuleManager: Shutting down and abandoning module DejaBrew (619)
[2019.11.04-03.48.51:425][514]LogModuleManager: Shutting down and abandoning module SequencerWidgets (618)
[2019.11.04-03.48.51:425][514]LogModuleManager: Shutting down and abandoning module BlueprintGraph (616)
[2019.11.04-03.48.51:426][514]LogModuleManager: Shutting down and abandoning module HierarchicalLODOutliner (614)
[2019.11.04-03.48.51:426][514]LogModuleManager: Shutting down and abandoning module ExternalImagePicker (612)
[2019.11.04-03.48.51:426][514]LogModuleManager: Shutting down and abandoning module SceneOutliner (610)
[2019.11.04-03.48.51:426][514]LogModuleManager: Shutting down and abandoning module AddContentDialog (608)
[2019.11.04-03.48.51:426][514]LogModuleManager: Shutting down and abandoning module WidgetCarousel (607)
[2019.11.04-03.48.51:426][514]LogModuleManager: Shutting down and abandoning module EditorWidgets (604)
[2019.11.04-03.48.51:426][514]LogModuleManager: Shutting down and abandoning module CollectionManager (602)
[2019.11.04-03.48.51:427][514]LogModuleManager: Shutting down and abandoning module StatsViewer (600)
[2019.11.04-03.48.51:427][514]LogModuleManager: Shutting down and abandoning module FoliageEdit (598)
[2019.11.04-03.48.51:427][514]LogModuleManager: Shutting down and abandoning module LandscapeEditor (596)
[2019.11.04-03.48.51:428][514]LogModuleManager: Shutting down and abandoning module MeshPaintMode (594)
[2019.11.04-03.48.51:428][514]LogModuleManager: Shutting down and abandoning module SceneDepthPickerMode (592)
[2019.11.04-03.48.51:428][514]LogModuleManager: Shutting down and abandoning module ActorPickerMode (590)
[2019.11.04-03.48.51:428][514]LogModuleManager: Shutting down and abandoning module GeometryMode (588)
[2019.11.04-03.48.51:428][514]LogModuleManager: Shutting down and abandoning module TextureAlignMode (586)
[2019.11.04-03.48.51:428][514]LogModuleManager: Shutting down and abandoning module BspMode (584)
[2019.11.04-03.48.51:428][514]LogModuleManager: Shutting down and abandoning module PIEPreviewDeviceProfileSelector (582)
[2019.11.04-03.48.51:429][514]LogModuleManager: Shutting down and abandoning module SequenceRecorderSections (580)
[2019.11.04-03.48.51:429][514]LogModuleManager: Shutting down and abandoning module AutomationWorker (578)
[2019.11.04-03.48.51:429][514]LogModuleManager: Shutting down and abandoning module AudioCaptureEditor (576)
[2019.11.04-03.48.51:429][514]LogModuleManager: Shutting down and abandoning module SequenceRecorder (575)
[2019.11.04-03.48.51:429][514]LogModuleManager: Shutting down and abandoning module MatineeToLevelSequence (572)
[2019.11.04-03.48.51:429][514]LogModuleManager: Shutting down and abandoning module LevelSequenceEditor (570)
[2019.11.04-03.48.51:429][514]LogModuleManager: Shutting down and abandoning module PlacementMode (569)
[2019.11.04-03.48.51:429][514]LogModuleManager: Shutting down and abandoning module MaterialEditor (568)
[2019.11.04-03.48.51:431][514]LogModuleManager: Shutting down and abandoning module WmfMediaFactory (564)
[2019.11.04-03.48.51:431][514]LogModuleManager: Shutting down and abandoning module WmfMediaEditor (562)
[2019.11.04-03.48.51:431][514]LogModuleManager: Shutting down and abandoning module MediaPlayerEditor (560)
[2019.11.04-03.48.51:431][514]LogModuleManager: Shutting down and abandoning module OpenExrWrapper (558)
[2019.11.04-03.48.51:431][514]LogModuleManager: Shutting down and abandoning module ImgMediaFactory (556)
[2019.11.04-03.48.51:431][514]LogModuleManager: Shutting down and abandoning module ImgMediaEditor (554)
[2019.11.04-03.48.51:431][514]LogModuleManager: Shutting down and abandoning module AvfMediaFactory (552)
[2019.11.04-03.48.51:431][514]LogModuleManager: Shutting down and abandoning module AvfMediaEditor (550)
[2019.11.04-03.48.51:431][514]LogModuleManager: Shutting down and abandoning module AndroidMediaFactory (548)
[2019.11.04-03.48.51:431][514]LogModuleManager: Shutting down and abandoning module AndroidMediaEditor (546)
[2019.11.04-03.48.51:431][514]LogModuleManager: Shutting down and abandoning module MagicLeapCameraPreviewFactory (544)
[2019.11.04-03.48.51:431][514]LogModuleManager: Shutting down and abandoning module MagicLeapMediaFactory (542)
[2019.11.04-03.48.51:431][514]LogModuleManager: Shutting down and abandoning module MagicLeapMediaEditor (540)
[2019.11.04-03.48.51:431][514]LogModuleManager: Shutting down and abandoning module CharacterAI (538)
[2019.11.04-03.48.51:432][514]LogModuleManager: Shutting down and abandoning module SmartSnapping (536)
[2019.11.04-03.48.51:432][514]LogModuleManager: Shutting down and abandoning module SessionServices (534)
[2019.11.04-03.48.51:432][514]LogModuleManager: Shutting down and abandoning module ViewportSnapping (532)
[2019.11.04-03.48.51:432][514]LogModuleManager: Shutting down and abandoning module ViewportInteraction (530)
[2019.11.04-03.48.51:432][514]LogModuleManager: Shutting down and abandoning module ClothPainter (528)
[2019.11.04-03.48.51:432][514]LogModuleManager: Shutting down and abandoning module SkeletalMeshEditor (527)
[2019.11.04-03.48.51:434][514]LogModuleManager: Shutting down and abandoning module LogVisualizer (524)
[2019.11.04-03.48.51:434][514]LogModuleManager: Shutting down and abandoning module IntroTutorials (522)
[2019.11.04-03.48.51:434][514]LogModuleManager: Shutting down and abandoning module GameProjectGeneration (521)
[2019.11.04-03.48.51:434][514]LogModuleManager: Shutting down and abandoning module LuminPlatformEditor (518)
[2019.11.04-03.48.51:434][514]LogModuleManager: Shutting down and abandoning module IOSPlatformEditor (516)
[2019.11.04-03.48.51:434][514]LogModuleManager: Shutting down and abandoning module HTML5PlatformEditor (514)
[2019.11.04-03.48.51:434][514]LogModuleManager: Shutting down and abandoning module AndroidPlatformEditor (512)
[2019.11.04-03.48.51:434][514]LogModuleManager: Shutting down and abandoning module AndroidDeviceDetection (511)
[2019.11.04-03.48.52:500][514]LogModuleManager: Shutting down and abandoning module WindowsPlatformEditor (508)
[2019.11.04-03.48.52:500][514]LogModuleManager: Shutting down and abandoning module LuminRuntimeSettings (506)
[2019.11.04-03.48.52:500][514]LogModuleManager: Shutting down and abandoning module IOSRuntimeSettings (504)
[2019.11.04-03.48.52:500][514]LogModuleManager: Shutting down and abandoning module AndroidRuntimeSettings (502)
[2019.11.04-03.48.52:500][514]LogModuleManager: Shutting down and abandoning module InputBindingEditor (500)
[2019.11.04-03.48.52:503][514]LogModuleManager: Shutting down and abandoning module MergeActors (498)
[2019.11.04-03.48.52:503][514]LogModuleManager: Shutting down and abandoning module LocalizationDashboard (496)
[2019.11.04-03.48.52:503][514]LogModuleManager: Shutting down and abandoning module LocalizationService (495)
[2019.11.04-03.48.52:503][514]LogModuleManager: Shutting down and abandoning module HardwareTargeting (492)
[2019.11.04-03.48.52:504][514]LogModuleManager: Shutting down and abandoning module DeviceProfileEditor (490)
[2019.11.04-03.48.52:504][514]LogModuleManager: Shutting down and abandoning module UndoHistory (488)
[2019.11.04-03.48.52:504][514]LogModuleManager: Shutting down and abandoning module XmlParser (486)
[2019.11.04-03.48.52:504][514]LogModuleManager: Shutting down and abandoning module Blutility (484)
[2019.11.04-03.48.52:504][514]LogModuleManager: Shutting down and abandoning module ProjectSettingsViewer (482)
[2019.11.04-03.48.52:504][514]LogModuleManager: Shutting down and abandoning module ProjectTargetPlatformEditor (481)
[2019.11.04-03.48.52:504][514]LogModuleManager: Shutting down and abandoning module EditorSettingsViewer (478)
[2019.11.04-03.48.52:504][514]LogModuleManager: Shutting down and abandoning module SettingsEditor (476)
[2019.11.04-03.48.52:504][514]LogModuleManager: Shutting down and abandoning module ProjectLauncher (474)
[2019.11.04-03.48.52:505][514]LogModuleManager: Shutting down and abandoning module SessionFrontend (472)
[2019.11.04-03.48.52:505][514]LogModuleManager: Shutting down and abandoning module ProfilerClient (470)
[2019.11.04-03.48.52:505][514]LogModuleManager: Shutting down and abandoning module DeviceManager (468)
[2019.11.04-03.48.52:505][514]LogModuleManager: Shutting down and abandoning module TargetDeviceServices (467)
[2019.11.04-03.48.52:560][514]LogModuleManager: Shutting down and abandoning module AutomationController (464)
[2019.11.04-03.48.52:560][514]LogModuleManager: Shutting down and abandoning module AutomationWindow (462)
[2019.11.04-03.48.52:563][514]LogModuleManager: Shutting down and abandoning module Layers (460)
[2019.11.04-03.48.52:564][514]LogModuleManager: Shutting down and abandoning module ComponentVisualizers (458)
[2019.11.04-03.48.52:564][514]LogModuleManager: Shutting down and abandoning module DetailCustomizations (456)
[2019.11.04-03.48.52:564][514]LogModuleManager: Shutting down and abandoning module PackagesDialog (454)
[2019.11.04-03.48.52:564][514]LogModuleManager: Shutting down and abandoning module Persona (452)
[2019.11.04-03.48.52:565][514]LogModuleManager: Shutting down and abandoning module AdvancedPreviewScene (451)
[2019.11.04-03.48.52:565][514]LogModuleManager: Shutting down and abandoning module AnimGraph (449)
[2019.11.04-03.48.52:565][514]LogModuleManager: Shutting down and abandoning module Kismet (446)
[2019.11.04-03.48.52:572][514]LogModuleManager: Shutting down and abandoning module GraphEditor (444)
[2019.11.04-03.48.52:572][514]LogModuleManager: Shutting down and abandoning module ClassViewer (442)
[2019.11.04-03.48.52:572][514]LogModuleManager: Shutting down and abandoning module Toolbox (440)
[2019.11.04-03.48.52:572][514]LogModuleManager: Shutting down and abandoning module DesktopPlatform (439)
[2019.11.04-03.48.52:572][514]LogModuleManager: Shutting down and abandoning module ModuleUI (436)
[2019.11.04-03.48.52:572][514]LogModuleManager: Shutting down and abandoning module MovieSceneTools (434)
[2019.11.04-03.48.52:573][514]LogModuleManager: Shutting down and abandoning module OutputLog (432)
[2019.11.04-03.48.52:573][514]LogModuleManager: Shutting down and abandoning module GammaUI (430)
[2019.11.04-03.48.52:573][514]LogModuleManager: Shutting down and abandoning module Documentation (428)
[2019.11.04-03.48.52:573][514]LogModuleManager: Shutting down and abandoning module MovieSceneTracks (426)
[2019.11.04-03.48.52:573][514]LogModuleManager: Shutting down and abandoning module MovieScene (424)
[2019.11.04-03.48.52:573][514]LogModuleManager: Shutting down and abandoning module StreamingPauseRendering (422)
[2019.11.04-03.48.52:573][514]LogModuleManager: Shutting down and abandoning module LauncherPlatform (420)
[2019.11.04-03.48.52:573][514]LogModuleManager: Shutting down and abandoning module AnalyticsET (418)
[2019.11.04-03.48.52:574][514]LogModuleManager: Shutting down and abandoning module PortalServices (416)
[2019.11.04-03.48.52:574][514]LogModuleManager: Shutting down and abandoning module PortalRpc (414)
[2019.11.04-03.48.52:574][514]LogModuleManager: Shutting down and abandoning module MessagingRpc (412)
[2019.11.04-03.48.52:574][514]LogModuleManager: Shutting down and abandoning module AIModule (410)
[2019.11.04-03.48.52:574][514]LogModuleManager: Shutting down and abandoning module GameplayDebugger (409)
[2019.11.04-03.48.52:574][514]LogModuleManager: Shutting down and abandoning module AITestSuite (407)
[2019.11.04-03.48.52:574][514]LogModuleManager: Shutting down and abandoning module NavigationSystem (405)
[2019.11.04-03.48.52:574][514]LogModuleManager: Shutting down and abandoning module ProfilerService (402)
[2019.11.04-03.48.52:729][514]LogModuleManager: Shutting down and abandoning module TaskGraph (400)
[2019.11.04-03.48.52:729][514]LogModuleManager: Shutting down and abandoning module SteamVRController (398)
[2019.11.04-03.48.52:729][514]LogModuleManager: Shutting down and abandoning module ProceduralMeshComponentEditor (396)
[2019.11.04-03.48.52:729][514]LogModuleManager: Shutting down and abandoning module ProceduralMeshComponent (394)
[2019.11.04-03.48.52:729][514]LogModuleManager: Shutting down and abandoning module OculusInput (392)
[2019.11.04-03.48.52:729][514]LogModuleManager: Shutting down and abandoning module MobilePatchingUtils (390)
[2019.11.04-03.48.52:729][514]LogModuleManager: Shutting down and abandoning module EditableMesh (388)
[2019.11.04-03.48.52:730][514]LogModuleManager: Shutting down and abandoning module CustomMeshComponent (386)
[2019.11.04-03.48.52:730][514]LogModuleManager: Shutting down and abandoning module CableComponent (384)
[2019.11.04-03.48.52:730][514]LogModuleManager: Shutting down and abandoning module AudioCapture (382)
[2019.11.04-03.48.52:730][514]LogModuleManager: Shutting down and abandoning module ArchVisCharacter (380)
[2019.11.04-03.48.52:730][514]LogModuleManager: Shutting down and abandoning module AndroidPermission (378)
[2019.11.04-03.48.52:730][514]LogModuleManager: Shutting down and abandoning module NUTUnrealEngine4 (376)
[2019.11.04-03.48.52:730][514]LogModuleManager: Shutting down and abandoning module NetcodeUnitTest (374)
[2019.11.04-03.48.52:733][514]LogModuleManager: Shutting down and abandoning module MediaCompositingEditor (372)
[2019.11.04-03.48.52:733][514]LogModuleManager: Shutting down and abandoning module MediaCompositing (370)
[2019.11.04-03.48.52:733][514]LogModuleManager: Shutting down and abandoning module LinearTimecode (368)
[2019.11.04-03.48.52:733][514]LogModuleManager: Shutting down and abandoning module ImgMedia (366)
[2019.11.04-03.48.52:741][514]LogModuleManager: Shutting down and abandoning module HTML5Networking (364)
[2019.11.04-03.48.52:741][514]LogModuleManager: Shutting down and abandoning module GeometryCacheTracks (362)
[2019.11.04-03.48.52:741][514]LogModuleManager: Shutting down and abandoning module GeometryCacheSequencer (360)
[2019.11.04-03.48.52:741][514]LogModuleManager: Shutting down and abandoning module BackChannel (358)
[2019.11.04-03.48.52:741][514]LogModuleManager: Shutting down and abandoning module AppleVision (356)
[2019.11.04-03.48.52:741][514]LogModuleManager: Shutting down and abandoning module AppleImageUtils (354)
[2019.11.04-03.48.52:741][514]LogModuleManager: Shutting down and abandoning module AlembicImporter (352)
[2019.11.04-03.48.52:741][514]LogModuleManager: Shutting down and abandoning module AlembicLibrary (351)
[2019.11.04-03.48.52:741][514]LogModuleManager: Shutting down and abandoning module GeometryCache (350)
[2019.11.04-03.48.52:741][514]LogModuleManager: Shutting down and abandoning module GeometryCacheEd (349)
[2019.11.04-03.48.52:741][514]LogModuleManager: Shutting down and abandoning module DatasmithContentEditor (344)
[2019.11.04-03.48.52:741][514]LogModuleManager: Shutting down and abandoning module DatasmithContent (342)
[2019.11.04-03.48.52:742][514]LogModuleManager: Shutting down and abandoning module SpeedTreeImporter (340)
[2019.11.04-03.48.52:742][514]LogModuleManager: Shutting down and abandoning module PluginBrowser (338)
[2019.11.04-03.48.52:742][514]LogModuleManager: Shutting down and abandoning module MobileLauncherProfileWizard (336)
[2019.11.04-03.48.52:743][514]LogModuleManager: Shutting down and abandoning module PolygonModeling (334)
[2019.11.04-03.48.52:743][514]LogModuleManager: Shutting down and abandoning module MeshEditor (332)
[2019.11.04-03.48.52:743][514]LogModuleManager: Shutting down and abandoning module CryptoKeysOpenSSL (330)
[2019.11.04-03.48.52:743][514]LogModuleManager: Shutting down and abandoning module CryptoKeys (328)
[2019.11.04-03.48.52:743][514]LogModuleManager: Shutting down and abandoning module VisualStudioSourceCodeAccess (326)
[2019.11.04-03.48.52:743][514]LogModuleManager: Shutting down and abandoning module VisualStudioCodeSourceCodeAccess (324)
[2019.11.04-03.48.52:743][514]LogModuleManager: Shutting down and abandoning module UObjectPlugin (322)
[2019.11.04-03.48.52:743][514]LogModuleManager: Shutting down and abandoning module SubversionSourceControl (320)
[2019.11.04-03.48.52:743][514]LogModuleManager: Shutting down and abandoning module PerforceSourceControl (318)
[2019.11.04-03.48.52:744][514]LogModuleManager: Shutting down and abandoning module GitSourceControl (316)
[2019.11.04-03.48.52:744][514]LogModuleManager: Shutting down and abandoning module SourceControl (315)
[2019.11.04-03.48.52:744][514]LogModuleManager: Shutting down and abandoning module CLionSourceCodeAccess (312)
[2019.11.04-03.48.52:744][514]LogModuleManager: Shutting down and abandoning module LightPropagationVolumeEditor (310)
[2019.11.04-03.48.52:744][514]LogModuleManager: Shutting down and abandoning module PaperTiledImporter (308)
[2019.11.04-03.48.52:744][514]LogModuleManager: Shutting down and abandoning module PaperSpriteSheetImporter (306)
[2019.11.04-03.48.52:744][514]LogModuleManager: Shutting down and abandoning module Paper2DEditor (304)
[2019.11.04-03.48.52:744][514]LogModuleManager: Shutting down and abandoning module MeshPaint (303)
[2019.11.04-03.48.52:744][514]LogModuleManager: Shutting down and abandoning module RuntimePhysXCooking (298)
[2019.11.04-03.48.52:744][514]LogModuleManager: Shutting down and abandoning module PhysXVehiclesEditor (296)
[2019.11.04-03.48.52:744][514]LogModuleManager: Shutting down and abandoning module PhysXVehicles (294)
[2019.11.04-03.48.52:745][514]LogModuleManager: Shutting down and abandoning module OculusEditor (292)
[2019.11.04-03.48.52:745][514]LogModuleManager: Shutting down and abandoning module LocationServicesBPLibrary (290)
[2019.11.04-03.48.52:745][514]LogModuleManager: Shutting down and abandoning module ImmediatePhysicsEditor (288)
[2019.11.04-03.48.52:745][514]LogModuleManager: Shutting down and abandoning module ImmediatePhysics (286)
[2019.11.04-03.48.52:745][514]LogModuleManager: Shutting down and abandoning module ActorSequence (284)
[2019.11.04-03.48.52:745][514]LogModuleManager: Shutting down and abandoning module UdpMessaging (282)
[2019.11.04-03.48.52:846][514]LogModuleManager: Shutting down and abandoning module TcpMessaging (280)
[2019.11.04-03.48.52:946][514]LogModuleManager: Shutting down and abandoning module MagicLeapAudio (278)
[2019.11.04-03.48.52:946][514]LogModuleManager: Shutting down and abandoning module GameplayTagsEditor (276)
[2019.11.04-03.48.52:946][514]LogModuleManager: Shutting down and abandoning module FacialAnimationEditor (274)
[2019.11.04-03.48.52:946][514]LogModuleManager: Shutting down and abandoning module FacialAnimation (272)
[2019.11.04-03.48.52:946][514]LogModuleManager: Shutting down and abandoning module DataValidation (270)
[2019.11.04-03.48.52:946][514]LogModuleManager: Shutting down and abandoning module AssetManagerEditor (268)
[2019.11.04-03.48.52:947][514]LogModuleManager: Shutting down and abandoning module LevelEditor (267)
[2019.11.04-03.48.52:947][514]LogModuleManager: Shutting down and abandoning module PixelInspectorModule (266)
[2019.11.04-03.48.52:947][514]LogModuleManager: Shutting down and abandoning module CommonMenuExtensions (264)
[2019.11.04-03.48.52:948][514]LogModuleManager: Shutting down and abandoning module MainFrame (262)
[2019.11.04-03.48.52:948][514]LogModuleManager: Shutting down and abandoning module HotReload (261)
[2019.11.04-03.48.52:948][514]LogModuleManager: Shutting down and abandoning module ContentBrowser (257)
[2019.11.04-03.48.52:949][514]LogModuleManager: Shutting down and abandoning module TreeMap (255)
[2019.11.04-03.48.52:949][514]LogModuleManager: Shutting down and abandoning module LightPropagationVolumeRuntime (252)
[2019.11.04-03.48.52:949][514]LogModuleManager: Shutting down and abandoning module AISupportModule (250)
[2019.11.04-03.48.52:949][514]LogModuleManager: Shutting down and abandoning module Paper2D (248)
[2019.11.04-03.48.52:949][514]LogModuleManager: Shutting down and abandoning module WindowsMoviePlayer (246)
[2019.11.04-03.48.52:949][514]LogModuleManager: Shutting down and abandoning module WmfMedia (244)
[2019.11.04-03.48.52:953][514]LogModuleManager: Shutting down and abandoning module Media (243)
[2019.11.04-03.48.52:960][514]LogModuleManager: Shutting down and abandoning module PacketHandler (240)
[2019.11.04-03.48.52:960][514]LogModuleManager: Shutting down and abandoning module ClothingSystemEditor (238)
[2019.11.04-03.48.52:960][514]LogModuleManager: Shutting down and abandoning module ClothingSystemRuntime (236)
[2019.11.04-03.48.52:960][514]LogModuleManager: Shutting down and abandoning module MediaAssets (234)
[2019.11.04-03.48.52:960][514]LogModuleManager: Shutting down and abandoning module Overlay (232)
[2019.11.04-03.48.52:960][514]LogModuleManager: Shutting down and abandoning module OverlayEditor (231)
[2019.11.04-03.48.52:960][514]LogModuleManager: Shutting down and abandoning module VREditor (228)
[2019.11.04-03.48.52:961][514]LogModuleManager: Shutting down and abandoning module StringTableEditor (226)
[2019.11.04-03.48.52:961][514]LogModuleManager: Shutting down and abandoning module GameplayTasksEditor (224)
[2019.11.04-03.48.52:961][514]LogModuleManager: Shutting down and abandoning module BehaviorTreeEditor (222)
[2019.11.04-03.48.52:961][514]LogModuleManager: Shutting down and abandoning module FunctionalTesting (220)
[2019.11.04-03.48.52:961][514]LogModuleManager: Shutting down and abandoning module CollisionAnalyzer (218)
[2019.11.04-03.48.52:961][514]LogModuleManager: Shutting down and abandoning module WorkspaceMenuStructure (217)
[2019.11.04-03.48.52:962][514]LogModuleManager: Shutting down and abandoning module UMG (214)
[2019.11.04-03.48.52:962][514]LogModuleManager: Shutting down and abandoning module UMGEditor (213)
[2019.11.04-03.48.52:962][514]LogModuleManager: Shutting down and abandoning module Sequencer (212)
[2019.11.04-03.48.52:962][514]LogModuleManager: Shutting down and abandoning module MessageLog (209)
[2019.11.04-03.48.52:962][514]LogModuleManager: Shutting down and abandoning module SlateReflector (204)
[2019.11.04-03.48.52:963][514]LogModuleManager: Shutting down and abandoning module Slate (202)
[2019.11.04-03.48.52:963][514]LogModuleManager: Shutting down and abandoning module EditorStyle (200)
[2019.11.04-03.48.52:964][514]LogModuleManager: Shutting down and abandoning module MRMesh (198)
[2019.11.04-03.48.52:964][514]LogModuleManager: Shutting down and abandoning module SourceCodeAccess (196)
[2019.11.04-03.48.52:964][514]LogModuleManager: Shutting down and abandoning module HeadMountedDisplay (194)
[2019.11.04-03.48.52:964][514]LogModuleManager: Shutting down and abandoning module XAudio2 (192)
[2019.11.04-03.48.52:964][514]LogModuleManager: Shutting down and abandoning module Networking (190)
[2019.11.04-03.48.52:964][514]LogModuleManager: Shutting down and abandoning module Core (188)
[2019.11.04-03.48.52:964][514]LogModuleManager: Shutting down and abandoning module LevelSequence (186)
[2019.11.04-03.48.52:964][514]LogModuleManager: Shutting down and abandoning module KismetCompiler (184)
[2019.11.04-03.48.52:964][514]LogModuleManager: Shutting down and abandoning module MeshUtilities (182)
[2019.11.04-03.48.52:965][514]LogModuleManager: Shutting down and abandoning module MeshMergeUtilities (181)
[2019.11.04-03.48.52:965][514]LogModuleManager: Shutting down and abandoning module MeshReductionInterface (180)
[2019.11.04-03.48.52:965][514]LogModuleManager: Shutting down and abandoning module SimplygonSwarm (179)
[2019.11.04-03.48.52:965][514]LogModuleManager: Shutting down and abandoning module ProxyLODMeshReduction (177)
[2019.11.04-03.48.52:966][514]LogModuleManager: Shutting down and abandoning module SimplygonMeshReduction (175)
[2019.11.04-03.48.52:966][514]LogModuleManager: Shutting down and abandoning module QuadricMeshReduction (173)
[2019.11.04-03.48.52:966][514]LogModuleManager: Shutting down and abandoning module MaterialBaking (169)
[2019.11.04-03.48.52:966][514]LogModuleManager: Shutting down and abandoning module DirectoryWatcher (165)
[2019.11.04-03.48.52:967][514]LogModuleManager: Shutting down and abandoning module DerivedDataCache (162)
[2019.11.04-03.48.52:985][514]LogDerivedDataCache: Shutdown
[2019.11.04-03.48.52:985][514]LogModuleManager: Shutting down and abandoning module XGEController (160)
[2019.11.04-03.48.52:985][514]LogModuleManager: Shutting down and abandoning module TargetPlatform (158)
[2019.11.04-03.48.52:985][514]LogModuleManager: Shutting down and abandoning module VulkanShaderFormat (157)
[2019.11.04-03.48.52:985][514]LogModuleManager: Shutting down and abandoning module ShaderFormatVectorVM (155)
[2019.11.04-03.48.52:985][514]LogModuleManager: Shutting down and abandoning module ShaderFormatOpenGL (153)
[2019.11.04-03.48.52:988][514]LogModuleManager: Shutting down and abandoning module ShaderFormatD3D (151)
[2019.11.04-03.48.52:988][514]LogModuleManager: Shutting down and abandoning module MetalShaderFormat (149)
[2019.11.04-03.48.52:988][514]LogModuleManager: Shutting down and abandoning module TextureFormatUncompressed (147)
[2019.11.04-03.48.52:988][514]LogModuleManager: Shutting down and abandoning module TextureFormatPVR (145)
[2019.11.04-03.48.52:988][514]LogModuleManager: Shutting down and abandoning module TextureFormatDXT (143)
[2019.11.04-03.48.52:988][514]LogModuleManager: Shutting down and abandoning module TextureFormatIntelISPCTexComp (141)
[2019.11.04-03.48.52:989][514]LogModuleManager: Shutting down and abandoning module TextureFormatASTC (139)
[2019.11.04-03.48.52:989][514]LogModuleManager: Shutting down and abandoning module ImageWrapper (138)
[2019.11.04-03.48.52:989][514]LogModuleManager: Shutting down and abandoning module TextureFormatAndroid (135)
[2019.11.04-03.48.52:989][514]LogModuleManager: Shutting down and abandoning module AudioFormatOpus (133)
[2019.11.04-03.48.52:989][514]LogModuleManager: Shutting down and abandoning module AudioFormatOgg (131)
[2019.11.04-03.48.52:989][514]LogModuleManager: Shutting down and abandoning module AudioFormatADPCM (129)
[2019.11.04-03.48.52:989][514]LogModuleManager: Shutting down and abandoning module LuminTargetPlatform (127)
[2019.11.04-03.48.52:989][514]LogModuleManager: Shutting down and abandoning module LinuxTargetPlatform (125)
[2019.11.04-03.48.52:989][514]LogModuleManager: Shutting down and abandoning module LinuxServerTargetPlatform (123)
[2019.11.04-03.48.52:989][514]LogModuleManager: Shutting down and abandoning module LinuxNoEditorTargetPlatform (121)
[2019.11.04-03.48.52:989][514]LogModuleManager: Shutting down and abandoning module LinuxClientTargetPlatform (119)
[2019.11.04-03.48.52:990][514]LogModuleManager: Shutting down and abandoning module TVOSTargetPlatform (117)
[2019.11.04-03.48.52:990][514]LogModuleManager: Shutting down and abandoning module Messaging (115)
[2019.11.04-03.48.52:990][514]LogModuleManager: Shutting down and abandoning module IOSTargetPlatform (113)
[2019.11.04-03.48.52:991][514]LogModuleManager: Shutting down and abandoning module HTML5TargetPlatform (111)
[2019.11.04-03.48.52:991][514]LogModuleManager: Shutting down and abandoning module AndroidTargetPlatform (109)
[2019.11.04-03.48.52:996][514]LogModuleManager: Shutting down and abandoning module WindowsTargetPlatform (107)
[2019.11.04-03.48.52:996][514]LogModuleManager: Shutting down and abandoning module WindowsServerTargetPlatform (105)
[2019.11.04-03.48.52:996][514]LogModuleManager: Shutting down and abandoning module WindowsNoEditorTargetPlatform (103)
[2019.11.04-03.48.52:996][514]LogModuleManager: Shutting down and abandoning module WindowsClientTargetPlatform (101)
[2019.11.04-03.48.52:996][514]LogModuleManager: Shutting down and abandoning module MacTargetPlatform (99)
[2019.11.04-03.48.52:996][514]LogModuleManager: Shutting down and abandoning module MacServerTargetPlatform (97)
[2019.11.04-03.48.52:996][514]LogModuleManager: Shutting down and abandoning module MacNoEditorTargetPlatform (95)
[2019.11.04-03.48.52:996][514]LogModuleManager: Shutting down and abandoning module MacClientTargetPlatform (93)
[2019.11.04-03.48.52:996][514]LogModuleManager: Shutting down and abandoning module AllDesktopTargetPlatform (91)
[2019.11.04-03.48.52:996][514]LogModuleManager: Shutting down and abandoning module InputCore (88)
[2019.11.04-03.48.52:996][514]LogModuleManager: Shutting down and abandoning module Settings (86)
[2019.11.04-03.48.52:996][514]LogModuleManager: Shutting down and abandoning module PhysXCooking (84)
[2019.11.04-03.48.52:996][514]LogModuleManager: Shutting down and abandoning module SteamVR (82)
[2019.11.04-03.48.52:997][514]LogModuleManager: Shutting down and abandoning module OculusHMD (80)
[2019.11.04-03.48.52:997][514]LogModuleManager: Shutting down and abandoning module ExampleDeviceProfileSelector (78)
[2019.11.04-03.48.52:997][514]LogModuleManager: Shutting down and abandoning module LauncherChunkInstaller (76)
[2019.11.04-03.48.52:997][514]LogModuleManager: Shutting down and abandoning module OnlineBlueprintSupport (74)
[2019.11.04-03.48.52:997][514]LogModuleManager: Shutting down and abandoning module OnlineSubsystem (70)
[2019.11.04-03.48.52:998][514]LogModuleManager: Shutting down and abandoning module XMPP (65)
[2019.11.04-03.48.52:999][514]LogModuleManager: Shutting down and abandoning module WebSockets (64)
[2019.11.04-03.48.53:011][514]LogModuleManager: Shutting down and abandoning module HTTP (61)
[2019.11.04-03.48.53:011][514]LogHttp: Display: Http module shutting down, but needs to wait on 1 outstanding Http requests:
[2019.11.04-03.48.53:011][514]LogHttp: Display: 	verb=[POST] url=[https://datarouter.ol.epicgames.com/datarouter/api/v1/public/data?SessionID=%7BFE9DFDCC-43B3-F405-2A4B-FFBED50C5388%7D&AppID=UEEditor.Rocket.Release&AppVersion=4.20.3-4369336%2B%2B%2BUE4%2BRelease-4.20&UserID=b0184e5347e3e987f3c913b82ceb864a%7C%7C9bb82017-35cc-4bf1-bf0b-d62141b95026&AppEnvironment=datacollector-binary&UploadType=eteventstream] status=Processing
[2019.11.04-03.48.53:016][514]LogModuleManager: Shutting down and abandoning module SSL (60)
[2019.11.04-03.48.53:017][514]LogModuleManager: Shutting down and abandoning module MagicLeapEmulator (56)
[2019.11.04-03.48.53:017][514]LogModuleManager: Shutting down and abandoning module MagicLeapPrivileges (54)
[2019.11.04-03.48.53:017][514]LogModuleManager: Shutting down and abandoning module MagicLeapIdentity (52)
[2019.11.04-03.48.53:017][514]LogModuleManager: Shutting down and abandoning module MagicLeapHelperVulkan (50)
[2019.11.04-03.48.53:017][514]LogModuleManager: Shutting down and abandoning module MagicLeapHelperOpenGL (48)
[2019.11.04-03.48.53:017][514]LogModuleManager: Shutting down and abandoning module MagicLeapSecureStorage (46)
[2019.11.04-03.48.53:017][514]LogModuleManager: Shutting down and abandoning module MagicLeapGestures (44)
[2019.11.04-03.48.53:017][514]LogModuleManager: Shutting down and abandoning module MagicLeapEyeTracker (42)
[2019.11.04-03.48.53:017][514]LogModuleManager: Shutting down and abandoning module MagicLeapController (40)
[2019.11.04-03.48.53:017][514]LogSlate: Slate User Destroyed.  User Index 0, Is Virtual User: 0
[2019.11.04-03.48.53:018][514]LogModuleManager: Shutting down and abandoning module MagicLeap (38)
[2019.11.04-03.48.53:018][514]LogModuleManager: Shutting down and abandoning module AnimationModifiers (36)
[2019.11.04-03.48.53:018][514]LogModuleManager: Shutting down and abandoning module PropertyEditor (35)
[2019.11.04-03.48.53:018][514]LogModuleManager: Shutting down and abandoning module AudioEditor (32)
[2019.11.04-03.48.53:018][514]LogModuleManager: Shutting down and abandoning module TextureCompressor (30)
[2019.11.04-03.48.53:020][514]LogModuleManager: Shutting down and abandoning module ShaderCore (28)
[2019.11.04-03.48.53:020][514]LogModuleManager: Shutting down and abandoning module Landscape (26)
[2019.11.04-03.48.53:020][514]LogModuleManager: Shutting down and abandoning module SlateRHIRenderer (24)
[2019.11.04-03.48.53:022][514]LogModuleManager: Shutting down and abandoning module OpenGLDrv (22)
[2019.11.04-03.48.53:022][514]LogModuleManager: Shutting down and abandoning module D3D11RHI (20)
[2019.11.04-03.48.53:022][514]LogModuleManager: Shutting down and abandoning module AnimGraphRuntime (18)
[2019.11.04-03.48.53:022][514]LogModuleManager: Shutting down and abandoning module Renderer (16)
[2019.11.04-03.48.53:022][514]LogModuleManager: Shutting down and abandoning module Engine (14)
[2019.11.04-03.48.53:023][514]LogModuleManager: Shutting down and abandoning module CoreUObject (12)
[2019.11.04-03.48.53:023][514]LogModuleManager: Shutting down and abandoning module NetworkFile (10)
[2019.11.04-03.48.53:023][514]LogModuleManager: Shutting down and abandoning module CookedIterativeFile (8)
[2019.11.04-03.48.53:023][514]LogModuleManager: Shutting down and abandoning module StreamingFile (6)
[2019.11.04-03.48.53:023][514]LogModuleManager: Shutting down and abandoning module SandboxFile (4)
[2019.11.04-03.48.53:023][514]LogModuleManager: Shutting down and abandoning module PakFile (2)
[2019.11.04-03.48.53:035][514]LogExit: Exiting.
[2019.11.04-03.48.53:046][514]Log file closed, 11/04/19 14:48:53
