Log file open, 10/30/19 23:15:27
LogWindows: Failed to load 'aqProf.dll' (GetLastError=126)
LogWindows: File 'aqProf.dll' does not exist
LogWindows: Failed to load 'VSPerf140.dll' (GetLastError=126)
LogWindows: File 'VSPerf140.dll' does not exist
LogWindows: Failed to load 'VtuneApi.dll' (GetLastError=126)
LogWindows: File 'VtuneApi.dll' does not exist
LogWindows: Failed to load 'VtuneApi32e.dll' (GetLastError=126)
LogWindows: File 'VtuneApi32e.dll' does not exist
LogInit: Display: Running engine for game: DejaBrew
LogPlatformFile: Not using cached read wrapper
LogTaskGraph: Started task graph with 5 named threads and 23 total threads with 3 sets of task threads.
LogStats: Stats thread started at 0.303456
LogD3D11RHI: Loaded GFSDK_Aftermath_Lib.x64.dll
LogICUInternationalization: Display: ICU TimeZone Detection - Raw Offset: +10:00, Platform Override: ''
LogPluginManager: Mounting plugin Paper2D
LogPluginManager: Mounting plugin AISupport
LogPluginManager: Mounting plugin LightPropagationVolume
LogPluginManager: Mounting plugin CLionSourceCodeAccess
LogPluginManager: Mounting plugin CodeLiteSourceCodeAccess
LogPluginManager: Mounting plugin GitSourceControl
LogPluginManager: Mounting plugin KDevelopSourceCodeAccess
LogPluginManager: Mounting plugin NullSourceCodeAccess
LogPluginManager: Mounting plugin PerforceSourceControl
LogPluginManager: Mounting plugin SubversionSourceControl
LogPluginManager: Mounting plugin UObjectPlugin
LogPluginManager: Mounting plugin VisualStudioCodeSourceCodeAccess
LogPluginManager: Mounting plugin VisualStudioSourceCodeAccess
LogPluginManager: Mounting plugin XCodeSourceCodeAccess
LogPluginManager: Mounting plugin AssetManagerEditor
LogPluginManager: Mounting plugin CryptoKeys
LogPluginManager: Mounting plugin DataValidation
LogPluginManager: Mounting plugin FacialAnimation
LogPluginManager: Mounting plugin GameplayTagsEditor
LogPluginManager: Mounting plugin MacGraphicsSwitching
LogPluginManager: Mounting plugin MeshEditor
LogPluginManager: Mounting plugin MobileLauncherProfileWizard
LogPluginManager: Mounting plugin PluginBrowser
LogPluginManager: Mounting plugin SpeedTreeImporter
LogPluginManager: Mounting plugin DatasmithContent
LogPluginManager: Mounting plugin AlembicImporter
LogPluginManager: Mounting plugin AppleImageUtils
LogPluginManager: Mounting plugin AppleVision
LogPluginManager: Mounting plugin BackChannel
LogPluginManager: Mounting plugin CharacterAI
LogPluginManager: Mounting plugin GeometryCache
LogPluginManager: Mounting plugin HTML5Networking
LogPluginManager: Mounting plugin ProxyLODPlugin
LogPluginManager: Mounting plugin MagicLeap
LogPluginManager: Mounting plugin MagicLeapEmulator
LogPluginManager: Mounting plugin MagicLeapMedia
LogPluginManager: Mounting plugin AndroidMedia
LogPluginManager: Mounting plugin AvfMedia
LogPluginManager: Mounting plugin ImgMedia
LogPluginManager: Mounting plugin LinearTimecode
LogPluginManager: Mounting plugin MediaCompositing
LogPluginManager: Mounting plugin MediaPlayerEditor
LogPluginManager: Mounting plugin WmfMedia
LogPluginManager: Mounting plugin TcpMessaging
LogPluginManager: Mounting plugin UdpMessaging
LogPluginManager: Mounting plugin ActorSequence
LogPluginManager: Mounting plugin LevelSequenceEditor
LogPluginManager: Mounting plugin MatineeToLevelSequence
LogPluginManager: Mounting plugin NetcodeUnitTest
LogPluginManager: Mounting plugin NUTUnrealEngine4
LogPluginManager: Mounting plugin OnlineSubsystemGooglePlay
LogPluginManager: Mounting plugin OnlineSubsystemIOS
LogPluginManager: Mounting plugin OnlineSubsystem
LogPluginManager: Mounting plugin OnlineSubsystemNull
LogPluginManager: Mounting plugin OnlineSubsystemUtils
LogPluginManager: Mounting plugin LauncherChunkInstaller
LogPluginManager: Mounting plugin AndroidDeviceProfileSelector
LogPluginManager: Mounting plugin AndroidMoviePlayer
LogPluginManager: Mounting plugin AndroidPermission
LogPluginManager: Mounting plugin AppleMoviePlayer
LogPluginManager: Mounting plugin ArchVisCharacter
LogPluginManager: Mounting plugin AudioCapture
LogPluginManager: Mounting plugin CableComponent
LogPluginManager: Mounting plugin CustomMeshComponent
LogPluginManager: Mounting plugin EditableMesh
LogPluginManager: Mounting plugin ExampleDeviceProfileSelector
LogPluginManager: Mounting plugin GoogleCloudMessaging
LogPluginManager: Mounting plugin ImmediatePhysics
LogPluginManager: Mounting plugin IOSDeviceProfileSelector
LogPluginManager: Mounting plugin LinuxDeviceProfileSelector
LogPluginManager: Mounting plugin LocationServicesBPLibrary
LogPluginManager: Mounting plugin MobilePatchingUtils
LogPluginManager: Mounting plugin OculusVR
LogPluginManager: Plugin shader directory ../../../Engine/Plugins/Runtime/Oculus/OculusVR/Shaders found
LogPluginManager: Mapping shader source directory ../../../Engine/Plugins/Runtime/Oculus/OculusVR/Shaders to virtual directory /Plugin/OculusVR
LogPluginManager: Mounting plugin PhysXVehicles
LogPluginManager: Mounting plugin ProceduralMeshComponent
LogPluginManager: Mounting plugin RuntimePhysXCooking
LogPluginManager: Mounting plugin SteamVR
LogPluginManager: Mounting plugin WindowsMoviePlayer
LogStreaming: Display: Took  0.142s to configure plugins.
LogInit: Using libcurl 7.55.1-DEV
LogInit:  - built for x86_64-pc-win32
LogInit:  - supports SSL with OpenSSL/1.0.2h
LogInit:  - supports HTTP deflate (compression) using libz 1.2.8
LogInit:  - other features:
LogInit:      CURL_VERSION_SSL
LogInit:      CURL_VERSION_LIBZ
LogInit:      CURL_VERSION_IPV6
LogInit:      CURL_VERSION_ASYNCHDNS
LogInit:      CURL_VERSION_LARGEFILE
LogInit:      CURL_VERSION_IDN
LogInit:  CurlRequestOptions (configurable via config and command line):
LogInit:  - bVerifyPeer = false  - Libcurl will NOT verify peer certificate
LogInit:  - bUseHttpProxy = false  - Libcurl will NOT use HTTP proxy
LogInit:  - bDontReuseConnections = false  - Libcurl will reuse connections
LogInit:  - CertBundlePath = nullptr  - Libcurl will use whatever was configured at build time.
LogInit:  - MaxHostConnections = 16  - Libcurl will limit the number of connections to a host
LogInit:  - LocalHostAddr = Default
LogInit:  - BufferSize = 65536
LogInit: WinSock: version 1.1 (2.2), MaxSocks=32767, MaxUdp=65467
LogInit: Build: ++UE4+Release-4.20-CL-4369336
LogInit: Engine Version: 4.20.3-4369336+++UE4+Release-4.20
LogInit: Compatible Engine Version: 4.20.0-4212847+++UE4+Release-4.20
LogInit: Net CL: 4212847
LogInit: OS: Windows 10 (), CPU: Intel(R) Core(TM) i7-7700HQ CPU @ 2.80GHz, GPU: Intel(R) HD Graphics 630
LogInit: Compiled (64-bit): Sep 17 2018 12:26:19
LogInit: Compiled with Visual C++: 19.13.26129.00
LogInit: Build Configuration: Development
LogInit: Branch Name: ++UE4+Release-4.20
LogInit: Command Line:  
LogInit: Base Directory: C:/Program Files (x86)/UE_4.20/Engine/Binaries/Win64/
LogInit: Installed Engine Build: 1
LogDevObjectVersion: Number of dev versions registered: 20
LogDevObjectVersion:   Dev-Blueprints (B0D832E4-1F89-4F0D-ACCF-7EB736FD4AA2): 10
LogDevObjectVersion:   Dev-Build (E1C64328-A22C-4D53-A36C-8E866417BD8C): 0
LogDevObjectVersion:   Dev-Core (375EC13C-06E4-48FB-B500-84F0262A717E): 2
LogDevObjectVersion:   Dev-Editor (E4B068ED-F494-42E9-A231-DA0B2E46BB41): 24
LogDevObjectVersion:   Dev-Framework (CFFC743F-43B0-4480-9391-14DF171D2073): 34
LogDevObjectVersion:   Dev-Mobile (B02B49B5-BB20-44E9-A304-32B752E40360): 2
LogDevObjectVersion:   Dev-Networking (A4E4105C-59A1-49B5-A7C5-40C4547EDFEE): 0
LogDevObjectVersion:   Dev-Online (39C831C9-5AE6-47DC-9A44-9C173E1C8E7C): 0
LogDevObjectVersion:   Dev-Physics (78F01B33-EBEA-4F98-B9B4-84EACCB95AA2): 0
LogDevObjectVersion:   Dev-Platform (6631380F-2D4D-43E0-8009-CF276956A95A): 0
LogDevObjectVersion:   Dev-Rendering (12F88B9F-8875-4AFC-A67C-D90C383ABD29): 26
LogDevObjectVersion:   Dev-Sequencer (7B5AE74C-D270-4C10-A958-57980B212A5A): 9
LogDevObjectVersion:   Dev-VR (D7296918-1DD6-4BDD-9DE2-64A83CC13884): 2
LogDevObjectVersion:   Dev-LoadTimes (C2A15278-BFE7-4AFE-6C17-90FF531DF755): 1
LogDevObjectVersion:   Private-Geometry (6EACA3D4-40EC-4CC1-B786-8BED09428FC5): 3
LogDevObjectVersion:   Dev-AnimPhys (29E575DD-E0A3-4627-9D10-D276232CDCEA): 17
LogDevObjectVersion:   Dev-ReflectionCapture (6B266CEC-1EC7-4B8F-A30B-E4D90942FC07): 1
LogDevObjectVersion:   Dev-Automation (0DF73D61-A23F-47EA-B727-89E90C41499A): 1
LogDevObjectVersion:   FortniteMain (601D1886-AC64-4F84-AA16-D3DE0DEAC7D6): 12
LogDevObjectVersion:   Dev-Enterprise (9DFFBCD6-494F-0158-E221-12823C92A888): 1
LogStreaming: Display: Took  0.003s to delete old logs.
LogInit: Presizing for max 8388607 objects, including 0 objects not considered by GC, pre-allocating 0 bytes for permanent pool.
LogInit: Object subsystem initialized
[2019.10.30-12.15.28:358][  0]LogInit: Selected Device Profile: [Windows]
[2019.10.30-12.15.28:358][  0]LogInit: Applying CVar settings loaded from the selected device profile: [Windows]
[2019.10.30-12.15.28:383][  0]LogHAL: Display: Platform has ~ 16 GB [17095811072 / 17179869184 / 16], which maps to Larger [LargestMinGB=32, LargerMinGB=12, DefaultMinGB=8, SmallerMinGB=6, SmallestMinGB=0)
[2019.10.30-12.15.28:383][  0]LogInit: Setting Device Profile CVar: [[r.Vulkan.UseRealUBs:1]]
[2019.10.30-12.15.28:383][  0]LogInit: Going up to parent DeviceProfile []
[2019.10.30-12.15.28:388][  0]LogInit: Computer: MSI
[2019.10.30-12.15.28:388][  0]LogInit: User: hiit
[2019.10.30-12.15.28:388][  0]LogInit: CPU Page size=4096, Cores=4
[2019.10.30-12.15.28:388][  0]LogInit: High frequency timer resolution =10.000000 MHz
[2019.10.30-12.15.28:388][  0]LogMemory: Memory total: Physical=15.9GB (16GB approx)
[2019.10.30-12.15.28:388][  0]LogMemory: Platform Memory Stats for Windows
[2019.10.30-12.15.28:388][  0]LogMemory: Process Physical Memory: 101.46 MB used, 101.46 MB peak
[2019.10.30-12.15.28:388][  0]LogMemory: Process Virtual Memory: 89.27 MB used, 89.27 MB peak
[2019.10.30-12.15.28:388][  0]LogMemory: Physical Memory: 5285.80 MB used,  11018.04 MB free, 16303.84 MB total
[2019.10.30-12.15.28:388][  0]LogMemory: Virtual Memory: 4626.85 MB used,  11018.04 MB free, 134217728.00 MB total
[2019.10.30-12.15.28:802][  0]LogInit: Using OS detected language (en-US).
[2019.10.30-12.15.28:802][  0]LogInit: Using OS detected locale (en-AU).
[2019.10.30-12.15.28:803][  0]LogTextLocalizationManager: No specific localization for 'en-US' exists, so the 'en' localization will be used.
[2019.10.30-12.15.29:216][  0]LogStreaming: Display: Took  0.413s to InitEngineTextLocalization.
[2019.10.30-12.15.29:216][  0]LogInit: Setting process to per monitor DPI aware
[2019.10.30-12.15.29:315][  0]LogSlate: New Slate User Created.  User Index 0, Is Virtual User: 0
[2019.10.30-12.15.29:315][  0]LogSlate: Slate User Registered.  User Index 0, Is Virtual User: 0
[2019.10.30-12.15.31:526][  0]LogHMD: Failed to initialize OpenVR with code 110
[2019.10.30-12.15.31:526][  0]LogD3D11RHI: D3D11 adapters:
[2019.10.30-12.15.32:518][  0]LogD3D11RHI:    0. 'NVIDIA GeForce GTX 1050' (Feature Level 11_0)
[2019.10.30-12.15.32:518][  0]LogD3D11RHI:       4021/0/8151 MB DedicatedVideo/DedicatedSystem/SharedSystem, Outputs:1, VendorId:0x10de
[2019.10.30-12.15.32:531][  0]LogD3D11RHI:    1. 'Intel(R) HD Graphics 630' (Feature Level 11_0)
[2019.10.30-12.15.32:531][  0]LogD3D11RHI:       128/0/8151 MB DedicatedVideo/DedicatedSystem/SharedSystem, Outputs:0, VendorId:0x8086
[2019.10.30-12.15.32:533][  0]LogD3D11RHI:    2. 'Microsoft Basic Render Driver' (Feature Level 11_0)
[2019.10.30-12.15.32:534][  0]LogD3D11RHI:       0/0/8151 MB DedicatedVideo/DedicatedSystem/SharedSystem, Outputs:0, VendorId:0x1414
[2019.10.30-12.15.32:534][  0]LogD3D11RHI: Chosen D3D11 Adapter: 0
[2019.10.30-12.15.32:563][  0]LogD3D11RHI: Creating new Direct3DDevice
[2019.10.30-12.15.32:563][  0]LogD3D11RHI:     GPU DeviceId: 0x1c8d (for the marketing name, search the web for "GPU Device Id")
[2019.10.30-12.15.32:563][  0]LogWindows: EnumDisplayDevices:
[2019.10.30-12.15.32:563][  0]LogWindows:    0. 'Intel(R) HD Graphics 630' (P:1 D:1)
[2019.10.30-12.15.32:564][  0]LogWindows:    1. 'Intel(R) HD Graphics 630' (P:0 D:0)
[2019.10.30-12.15.32:564][  0]LogWindows:    2. 'Intel(R) HD Graphics 630' (P:0 D:0)
[2019.10.30-12.15.32:564][  0]LogWindows: DebugString: PrimaryIsNotTheChoosenAdapter PrimaryIsNotTheChoosenAdapter PrimaryIsNotTheChoosenAdapter FoundDriverCount:0 
[2019.10.30-12.15.32:564][  0]LogD3D11RHI:     Adapter Name: NVIDIA GeForce GTX 1050
[2019.10.30-12.15.32:564][  0]LogD3D11RHI:   Driver Version: Unknown (internal:Unknown, unified:Unknown)
[2019.10.30-12.15.32:564][  0]LogD3D11RHI:      Driver Date: Unknown
[2019.10.30-12.15.32:564][  0]LogRHI: Texture pool is 2814 MB (70% of 4021 MB)
[2019.10.30-12.15.32:603][  0]LogD3D11RHI: Async texture creation enabled
[2019.10.30-12.15.32:684][  0]LogD3D11RHI: GPU Timing Frequency: 1000.000000 (Debug: 2 2)
[2019.10.30-12.15.32:685][  0]LogShaderCompilers: Guid format shader working directory is -41 characters bigger than the processId version (../../../../../Users/hi_it/OneDrive/Documents/GitHub/Chicken-Crimpy-Repository/DejaBrew/Intermediate/Shaders/WorkingDirectory/5956/).
[2019.10.30-12.15.32:685][  0]LogShaderCompilers: Cleaned the shader compiler working directory 'C:/Users/hi_it/AppData/Local/Temp/UnrealShaderWorkingDir/05E71E0B418FF83C277341A9AA08F77B/'.
[2019.10.30-12.15.32:968][  0]LogTemp: Display: Loaded TP AllDesktopTargetPlatform
[2019.10.30-12.15.32:982][  0]LogTemp: Display: Loaded TP MacClientTargetPlatform
[2019.10.30-12.15.32:996][  0]LogTemp: Display: Loaded TP MacNoEditorTargetPlatform
[2019.10.30-12.15.33:010][  0]LogTemp: Display: Loaded TP MacServerTargetPlatform
[2019.10.30-12.15.33:029][  0]LogTemp: Display: Loaded TP MacTargetPlatform
[2019.10.30-12.15.33:043][  0]LogTemp: Display: Loaded TP WindowsClientTargetPlatform
[2019.10.30-12.15.33:056][  0]LogTemp: Display: Loaded TP WindowsNoEditorTargetPlatform
[2019.10.30-12.15.33:071][  0]LogTemp: Display: Loaded TP WindowsServerTargetPlatform
[2019.10.30-12.15.33:078][  0]LogTemp: Display: Loaded TP WindowsTargetPlatform
[2019.10.30-12.15.33:167][  0]LogTemp: Display: Loaded TP AndroidTargetPlatform
[2019.10.30-12.15.33:167][  0]LogTemp: Display: Loaded TP AndroidTargetPlatform
[2019.10.30-12.15.33:167][  0]LogTemp: Display: Loaded TP AndroidTargetPlatform
[2019.10.30-12.15.33:167][  0]LogTemp: Display: Loaded TP AndroidTargetPlatform
[2019.10.30-12.15.33:167][  0]LogTemp: Display: Loaded TP AndroidTargetPlatform
[2019.10.30-12.15.33:167][  0]LogTemp: Display: Loaded TP AndroidTargetPlatform
[2019.10.30-12.15.33:167][  0]LogTemp: Display: Loaded TP AndroidTargetPlatform
[2019.10.30-12.15.33:167][  0]LogTemp: Display: Loaded TP AndroidTargetPlatform
[2019.10.30-12.15.33:167][  0]LogTemp: Display: Loaded TP AndroidTargetPlatform
[2019.10.30-12.15.33:167][  0]LogTemp: Display: Loaded TP AndroidTargetPlatform
[2019.10.30-12.15.33:167][  0]LogTemp: Display: Loaded TP AndroidTargetPlatform
[2019.10.30-12.15.33:167][  0]LogTemp: Display: Loaded TP AndroidTargetPlatform
[2019.10.30-12.15.33:167][  0]LogTemp: Display: Loaded TP AndroidTargetPlatform
[2019.10.30-12.15.33:167][  0]LogTemp: Display: Loaded TP AndroidTargetPlatform
[2019.10.30-12.15.33:167][  0]LogTemp: Display: Loaded TP AndroidTargetPlatform
[2019.10.30-12.15.33:167][  0]LogTemp: Display: Loaded TP AndroidTargetPlatform
[2019.10.30-12.15.33:167][  0]LogTemp: Display: Loaded TP AndroidTargetPlatform
[2019.10.30-12.15.33:167][  0]LogTemp: Display: Loaded TP AndroidTargetPlatform
[2019.10.30-12.15.33:168][  0]LogTemp: Display: Loaded TP HTML5TargetPlatform
[2019.10.30-12.15.33:240][  0]LogTemp: Display: Loaded TP IOSTargetPlatform
[2019.10.30-12.15.33:240][  0]LogTemp: Display: Loaded TP IOSTargetPlatform
[2019.10.30-12.15.33:266][  0]LogTemp: Display: Loaded TP TVOSTargetPlatform
[2019.10.30-12.15.33:266][  0]LogTemp: Display: Loaded TP TVOSTargetPlatform
[2019.10.30-12.15.33:279][  0]LogTemp: Display: Loaded TP LinuxClientTargetPlatform
[2019.10.30-12.15.33:292][  0]LogTemp: Display: Loaded TP LinuxNoEditorTargetPlatform
[2019.10.30-12.15.33:307][  0]LogTemp: Display: Loaded TP LinuxServerTargetPlatform
[2019.10.30-12.15.33:329][  0]LogTemp: Display: Loaded TP LinuxTargetPlatform
[2019.10.30-12.15.33:338][  0]LogTemp: Display: Loaded TP LuminTargetPlatform
[2019.10.30-12.15.33:338][  0]LogTargetPlatformManager: Display: Building Assets For Windows
[2019.10.30-12.15.33:452][  0]LogXGEController: Cleaning working directory: C:/Users/hi_it/AppData/Local/Temp/UnrealXGEWorkingDir/
[2019.10.30-12.15.33:452][  0]LogXGEController: Cannot use XGE Controller as Incredibuild is not installed on this machine.
[2019.10.30-12.15.33:452][  0]LogShaderCompilers: Cannot use XGE Shader Compiler as Incredibuild is not installed on this machine.
[2019.10.30-12.15.33:452][  0]LogShaderCompilers: Display: Using Local Shader Compiler.
[2019.10.30-12.15.35:538][  0]LogDerivedDataCache: Display: Max Cache Size: 512 MB
[2019.10.30-12.15.35:607][  0]LogDerivedDataCache: Loaded boot cache 0.07s 71MB C:/Users/hi_it/AppData/Local/UnrealEngine/4.20/DerivedDataCache/Boot.ddc.
[2019.10.30-12.15.35:607][  0]LogDerivedDataCache: Display: Loaded Boot cache: C:/Users/hi_it/AppData/Local/UnrealEngine/4.20/DerivedDataCache/Boot.ddc
[2019.10.30-12.15.35:607][  0]LogDerivedDataCache: FDerivedDataBackendGraph:  Pak pak cache file ../../../../../Users/hi_it/OneDrive/Documents/GitHub/Chicken-Crimpy-Repository/DejaBrew/DerivedDataCache/DDC.ddp not found, will not use a pak cache.
[2019.10.30-12.15.35:607][  0]LogDerivedDataCache: Unable to find inner node Pak for hierarchical cache Hierarchy.
[2019.10.30-12.15.35:607][  0]LogDerivedDataCache: FDerivedDataBackendGraph:  CompressedPak pak cache file ../../../../../Users/hi_it/OneDrive/Documents/GitHub/Chicken-Crimpy-Repository/DejaBrew/DerivedDataCache/Compressed.ddp not found, will not use a pak cache.
[2019.10.30-12.15.35:607][  0]LogDerivedDataCache: Unable to find inner node CompressedPak for hierarchical cache Hierarchy.
[2019.10.30-12.15.35:627][  0]LogDerivedDataCache: Display: Pak cache opened for reading ../../../Engine/DerivedDataCache/Compressed.ddp.
[2019.10.30-12.15.35:640][  0]LogDerivedDataCache: Using Local data cache path C:/Users/hi_it/AppData/Local/UnrealEngine/Common/DerivedDataCache: Writable
[2019.10.30-12.15.35:640][  0]LogDerivedDataCache: Shared data cache path not found in *engine.ini, will not use an Shared cache.
[2019.10.30-12.15.35:640][  0]LogDerivedDataCache: Unable to find inner node Shared for hierarchical cache Hierarchy.
[2019.10.30-12.15.35:658][  0]LogMaterial: Verifying Global Shaders for PCD3D_SM5
[2019.10.30-12.15.35:659][  0]LogSlate: Using FreeType 2.6.0
[2019.10.30-12.15.35:674][  0]LogSlate: SlateFontServices - WITH_FREETYPE: 1, WITH_HARFBUZZ: 1
[2019.10.30-12.15.35:886][  0]LogAssetRegistry: FAssetRegistry took 0.0272 seconds to start up
[2019.10.30-12.15.36:229][  0]LogInit: Selected Device Profile: [Windows]
[2019.10.30-12.15.36:486][  0]LogSimplygon: Simplygon DLL not present - disabling.
[2019.10.30-12.15.36:490][  0]LogMeshReduction: Using SimplygonSwarm for distributed automatic mesh merging
[2019.10.30-12.15.36:490][  0]LogMeshReduction: Using ProxyLODMeshReduction for automatic mesh merging
[2019.10.30-12.15.36:490][  0]LogMeshReduction: Using QuadricMeshReduction for automatic static mesh reduction
[2019.10.30-12.15.36:490][  0]LogMeshReduction: No automatic skeletal mesh reduction module available
[2019.10.30-12.15.36:528][  0]LogNetVersion: DejaBrew 1.0.0, NetCL: 4212847, EngineNetVer: 5, GameNetVer: 0 (Checksum: 719251921)
[2019.10.30-12.15.37:579][  0]LogPackageLocalizationCache: Processed 11 localized package path(s) for 2 prioritized culture(s) in 0.135841 seconds
[2019.10.30-12.15.37:586][  0]LogUObjectArray: 38425 objects as part of root set at end of initial load.
[2019.10.30-12.15.37:586][  0]LogUObjectAllocator: 6690872 out of 0 bytes used by permanent object pool.
[2019.10.30-12.15.37:586][  0]LogUObjectArray: CloseDisregardForGC: 0/0 objects in disregard for GC pool
[2019.10.30-12.15.40:073][  0]LogTcpMessaging: Initializing TcpMessaging bridge
[2019.10.30-12.15.40:087][  0]LogUdpMessaging: Initializing bridge on interface 0.0.0.0:0 to multicast group 230.0.0.1:6666.
[2019.10.30-12.15.40:232][  0]LogModuleManager: Warning: ModuleManager: Unable to load module 'DejaBrew' because the file 'C:/Users/hi_it/OneDrive/Documents/GitHub/Chicken-Crimpy-Repository/DejaBrew/Binaries/Win64/UE4Editor-DejaBrew-1019.dll' was not found.
[2019.10.30-12.15.49:552][  0]LogWindowsTextInputMethodSystem: Display: IME system now deactivated.
[2019.10.30-12.15.49:553][  0]LogWindowsTextInputMethodSystem: Display: IME system now deactivated.
[2019.10.30-12.15.49:567][  0]LogSlate: Slate User Destroyed.  User Index 0, Is Virtual User: 0
[2019.10.30-12.15.49:567][  0]LogExit: Preparing to exit.
[2019.10.30-12.15.50:436][  0]LogExit: Object subsystem successfully closed.
[2019.10.30-12.15.50:446][  0]LogShaderCompilers: Display: Shaders left to compile 0
[2019.10.30-12.15.50:447][  0]LogD3D11RHI: Shutdown
[2019.10.30-12.15.50:447][  0]LogD3D11RHI: CleanupD3DDevice
[2019.10.30-12.15.50:888][  0]LogD3D11RHI: ~FD3D11DynamicRHI
[2019.10.30-12.15.50:907][  0]LogModuleManager: Shutting down and abandoning module RuntimePhysXCooking (298)
[2019.10.30-12.15.50:908][  0]LogModuleManager: Shutting down and abandoning module PhysXVehiclesEditor (296)
[2019.10.30-12.15.50:908][  0]LogModuleManager: Shutting down and abandoning module PhysXVehicles (294)
[2019.10.30-12.15.50:908][  0]LogModuleManager: Shutting down and abandoning module OculusEditor (292)
[2019.10.30-12.15.50:908][  0]LogModuleManager: Shutting down and abandoning module LocationServicesBPLibrary (290)
[2019.10.30-12.15.50:908][  0]LogModuleManager: Shutting down and abandoning module ImmediatePhysicsEditor (288)
[2019.10.30-12.15.50:908][  0]LogModuleManager: Shutting down and abandoning module ImmediatePhysics (286)
[2019.10.30-12.15.50:908][  0]LogModuleManager: Shutting down and abandoning module ActorSequence (284)
[2019.10.30-12.15.50:908][  0]LogModuleManager: Shutting down and abandoning module UdpMessaging (282)
[2019.10.30-12.15.51:009][  0]LogModuleManager: Shutting down and abandoning module TcpMessaging (280)
[2019.10.30-12.15.51:110][  0]LogModuleManager: Shutting down and abandoning module MagicLeapAudio (278)
[2019.10.30-12.15.51:110][  0]LogModuleManager: Shutting down and abandoning module GameplayTagsEditor (276)
[2019.10.30-12.15.51:110][  0]LogModuleManager: Shutting down and abandoning module FacialAnimationEditor (274)
[2019.10.30-12.15.51:110][  0]LogModuleManager: Shutting down and abandoning module FacialAnimation (272)
[2019.10.30-12.15.51:110][  0]LogModuleManager: Shutting down and abandoning module DataValidation (270)
[2019.10.30-12.15.51:110][  0]LogModuleManager: Shutting down and abandoning module AssetManagerEditor (268)
[2019.10.30-12.15.51:110][  0]LogModuleManager: Shutting down and abandoning module LevelEditor (267)
[2019.10.30-12.15.51:111][  0]LogModuleManager: Shutting down and abandoning module PixelInspectorModule (266)
[2019.10.30-12.15.51:111][  0]LogModuleManager: Shutting down and abandoning module CommonMenuExtensions (264)
[2019.10.30-12.15.51:111][  0]LogModuleManager: Shutting down and abandoning module MainFrame (262)
[2019.10.30-12.15.51:111][  0]LogModuleManager: Shutting down and abandoning module HotReload (261)
[2019.10.30-12.15.51:111][  0]LogModuleManager: Shutting down and abandoning module ContentBrowser (257)
[2019.10.30-12.15.51:112][  0]LogModuleManager: Shutting down and abandoning module TreeMap (255)
[2019.10.30-12.15.51:112][  0]LogModuleManager: Shutting down and abandoning module LightPropagationVolumeRuntime (252)
[2019.10.30-12.15.51:112][  0]LogModuleManager: Shutting down and abandoning module AISupportModule (250)
[2019.10.30-12.15.51:112][  0]LogModuleManager: Shutting down and abandoning module Paper2D (248)
[2019.10.30-12.15.51:112][  0]LogModuleManager: Shutting down and abandoning module WindowsMoviePlayer (246)
[2019.10.30-12.15.51:112][  0]LogModuleManager: Shutting down and abandoning module WmfMedia (244)
[2019.10.30-12.15.51:114][  0]LogModuleManager: Shutting down and abandoning module Media (243)
[2019.10.30-12.15.51:120][  0]LogModuleManager: Shutting down and abandoning module PacketHandler (240)
[2019.10.30-12.15.51:120][  0]LogModuleManager: Shutting down and abandoning module ClothingSystemEditor (238)
[2019.10.30-12.15.51:120][  0]LogModuleManager: Shutting down and abandoning module ClothingSystemRuntime (236)
[2019.10.30-12.15.51:120][  0]LogModuleManager: Shutting down and abandoning module MediaAssets (234)
[2019.10.30-12.15.51:120][  0]LogModuleManager: Shutting down and abandoning module Overlay (232)
[2019.10.30-12.15.51:120][  0]LogModuleManager: Shutting down and abandoning module OverlayEditor (231)
[2019.10.30-12.15.51:120][  0]LogModuleManager: Shutting down and abandoning module VREditor (228)
[2019.10.30-12.15.51:120][  0]LogModuleManager: Shutting down and abandoning module StringTableEditor (226)
[2019.10.30-12.15.51:120][  0]LogModuleManager: Shutting down and abandoning module GameplayTasksEditor (224)
[2019.10.30-12.15.51:120][  0]LogModuleManager: Shutting down and abandoning module BehaviorTreeEditor (222)
[2019.10.30-12.15.51:120][  0]LogModuleManager: Shutting down and abandoning module FunctionalTesting (220)
[2019.10.30-12.15.51:120][  0]LogModuleManager: Shutting down and abandoning module CollisionAnalyzer (218)
[2019.10.30-12.15.51:120][  0]LogModuleManager: Shutting down and abandoning module WorkspaceMenuStructure (217)
[2019.10.30-12.15.51:121][  0]LogModuleManager: Shutting down and abandoning module UMG (214)
[2019.10.30-12.15.51:121][  0]LogModuleManager: Shutting down and abandoning module UMGEditor (213)
[2019.10.30-12.15.51:121][  0]LogModuleManager: Shutting down and abandoning module Sequencer (212)
[2019.10.30-12.15.51:121][  0]LogModuleManager: Shutting down and abandoning module MessageLog (209)
[2019.10.30-12.15.51:121][  0]LogModuleManager: Shutting down and abandoning module SlateReflector (204)
[2019.10.30-12.15.51:121][  0]LogModuleManager: Shutting down and abandoning module Slate (202)
[2019.10.30-12.15.51:121][  0]LogModuleManager: Shutting down and abandoning module EditorStyle (200)
[2019.10.30-12.15.51:123][  0]LogModuleManager: Shutting down and abandoning module MRMesh (198)
[2019.10.30-12.15.51:123][  0]LogModuleManager: Shutting down and abandoning module SourceCodeAccess (196)
[2019.10.30-12.15.51:123][  0]LogModuleManager: Shutting down and abandoning module HeadMountedDisplay (194)
[2019.10.30-12.15.51:123][  0]LogModuleManager: Shutting down and abandoning module XAudio2 (192)
[2019.10.30-12.15.51:123][  0]LogModuleManager: Shutting down and abandoning module Networking (190)
[2019.10.30-12.15.51:123][  0]LogModuleManager: Shutting down and abandoning module Core (188)
[2019.10.30-12.15.51:124][  0]LogModuleManager: Shutting down and abandoning module LevelSequence (186)
[2019.10.30-12.15.51:124][  0]LogModuleManager: Shutting down and abandoning module KismetCompiler (184)
[2019.10.30-12.15.51:124][  0]LogModuleManager: Shutting down and abandoning module MeshUtilities (182)
[2019.10.30-12.15.51:124][  0]LogModuleManager: Shutting down and abandoning module MeshMergeUtilities (181)
[2019.10.30-12.15.51:124][  0]LogModuleManager: Shutting down and abandoning module MeshReductionInterface (180)
[2019.10.30-12.15.51:124][  0]LogModuleManager: Shutting down and abandoning module SimplygonSwarm (179)
[2019.10.30-12.15.51:124][  0]LogModuleManager: Shutting down and abandoning module ProxyLODMeshReduction (177)
[2019.10.30-12.15.51:124][  0]LogModuleManager: Shutting down and abandoning module SimplygonMeshReduction (175)
[2019.10.30-12.15.51:124][  0]LogModuleManager: Shutting down and abandoning module QuadricMeshReduction (173)
[2019.10.30-12.15.51:124][  0]LogModuleManager: Shutting down and abandoning module MaterialBaking (169)
[2019.10.30-12.15.51:124][  0]LogModuleManager: Shutting down and abandoning module DirectoryWatcher (165)
[2019.10.30-12.15.51:124][  0]LogModuleManager: Shutting down and abandoning module DerivedDataCache (162)
[2019.10.30-12.15.51:146][  0]LogDerivedDataCache: Shutdown
[2019.10.30-12.15.51:146][  0]LogModuleManager: Shutting down and abandoning module XGEController (160)
[2019.10.30-12.15.51:146][  0]LogXGEController: Cleaning working directory: C:/Users/hi_it/AppData/Local/Temp/UnrealXGEWorkingDir/
[2019.10.30-12.15.51:146][  0]LogModuleManager: Shutting down and abandoning module TargetPlatform (158)
[2019.10.30-12.15.51:146][  0]LogModuleManager: Shutting down and abandoning module VulkanShaderFormat (157)
[2019.10.30-12.15.51:146][  0]LogModuleManager: Shutting down and abandoning module ShaderFormatVectorVM (155)
[2019.10.30-12.15.51:146][  0]LogModuleManager: Shutting down and abandoning module ShaderFormatOpenGL (153)
[2019.10.30-12.15.51:146][  0]LogModuleManager: Shutting down and abandoning module ShaderFormatD3D (151)
[2019.10.30-12.15.51:146][  0]LogModuleManager: Shutting down and abandoning module MetalShaderFormat (149)
[2019.10.30-12.15.51:146][  0]LogModuleManager: Shutting down and abandoning module TextureFormatUncompressed (147)
[2019.10.30-12.15.51:146][  0]LogModuleManager: Shutting down and abandoning module TextureFormatPVR (145)
[2019.10.30-12.15.51:146][  0]LogModuleManager: Shutting down and abandoning module TextureFormatDXT (143)
[2019.10.30-12.15.51:146][  0]LogModuleManager: Shutting down and abandoning module TextureFormatIntelISPCTexComp (141)
[2019.10.30-12.15.51:147][  0]LogModuleManager: Shutting down and abandoning module TextureFormatASTC (139)
[2019.10.30-12.15.51:147][  0]LogModuleManager: Shutting down and abandoning module ImageWrapper (138)
[2019.10.30-12.15.51:147][  0]LogModuleManager: Shutting down and abandoning module TextureFormatAndroid (135)
[2019.10.30-12.15.51:147][  0]LogModuleManager: Shutting down and abandoning module AudioFormatOpus (133)
[2019.10.30-12.15.51:147][  0]LogModuleManager: Shutting down and abandoning module AudioFormatOgg (131)
[2019.10.30-12.15.51:147][  0]LogModuleManager: Shutting down and abandoning module AudioFormatADPCM (129)
[2019.10.30-12.15.51:147][  0]LogModuleManager: Shutting down and abandoning module LuminTargetPlatform (127)
[2019.10.30-12.15.51:147][  0]LogModuleManager: Shutting down and abandoning module LinuxTargetPlatform (125)
[2019.10.30-12.15.51:147][  0]LogModuleManager: Shutting down and abandoning module LinuxServerTargetPlatform (123)
[2019.10.30-12.15.51:147][  0]LogModuleManager: Shutting down and abandoning module LinuxNoEditorTargetPlatform (121)
[2019.10.30-12.15.51:147][  0]LogModuleManager: Shutting down and abandoning module LinuxClientTargetPlatform (119)
[2019.10.30-12.15.51:147][  0]LogModuleManager: Shutting down and abandoning module TVOSTargetPlatform (117)
[2019.10.30-12.15.51:148][  0]LogModuleManager: Shutting down and abandoning module Messaging (115)
[2019.10.30-12.15.51:148][  0]LogModuleManager: Shutting down and abandoning module IOSTargetPlatform (113)
[2019.10.30-12.15.51:148][  0]LogModuleManager: Shutting down and abandoning module HTML5TargetPlatform (111)
[2019.10.30-12.15.51:149][  0]LogModuleManager: Shutting down and abandoning module AndroidTargetPlatform (109)
[2019.10.30-12.15.51:155][  0]LogModuleManager: Shutting down and abandoning module WindowsTargetPlatform (107)
[2019.10.30-12.15.51:155][  0]LogModuleManager: Shutting down and abandoning module WindowsServerTargetPlatform (105)
[2019.10.30-12.15.51:155][  0]LogModuleManager: Shutting down and abandoning module WindowsNoEditorTargetPlatform (103)
[2019.10.30-12.15.51:155][  0]LogModuleManager: Shutting down and abandoning module WindowsClientTargetPlatform (101)
[2019.10.30-12.15.51:155][  0]LogModuleManager: Shutting down and abandoning module MacTargetPlatform (99)
[2019.10.30-12.15.51:155][  0]LogModuleManager: Shutting down and abandoning module MacServerTargetPlatform (97)
[2019.10.30-12.15.51:155][  0]LogModuleManager: Shutting down and abandoning module MacNoEditorTargetPlatform (95)
[2019.10.30-12.15.51:155][  0]LogModuleManager: Shutting down and abandoning module MacClientTargetPlatform (93)
[2019.10.30-12.15.51:155][  0]LogModuleManager: Shutting down and abandoning module AllDesktopTargetPlatform (91)
[2019.10.30-12.15.51:155][  0]LogModuleManager: Shutting down and abandoning module InputCore (88)
[2019.10.30-12.15.51:155][  0]LogModuleManager: Shutting down and abandoning module Settings (86)
[2019.10.30-12.15.51:155][  0]LogModuleManager: Shutting down and abandoning module PhysXCooking (84)
[2019.10.30-12.15.51:155][  0]LogModuleManager: Shutting down and abandoning module SteamVR (82)
[2019.10.30-12.15.51:155][  0]LogModuleManager: Shutting down and abandoning module OculusHMD (80)
[2019.10.30-12.15.51:156][  0]LogModuleManager: Shutting down and abandoning module ExampleDeviceProfileSelector (78)
[2019.10.30-12.15.51:156][  0]LogModuleManager: Shutting down and abandoning module LauncherChunkInstaller (76)
[2019.10.30-12.15.51:156][  0]LogModuleManager: Shutting down and abandoning module OnlineBlueprintSupport (74)
[2019.10.30-12.15.51:156][  0]LogModuleManager: Shutting down and abandoning module OnlineSubsystem (70)
[2019.10.30-12.15.51:156][  0]LogModuleManager: Shutting down and abandoning module XMPP (65)
[2019.10.30-12.15.51:156][  0]LogModuleManager: Shutting down and abandoning module WebSockets (64)
[2019.10.30-12.15.51:181][  0]LogModuleManager: Shutting down and abandoning module HTTP (61)
[2019.10.30-12.15.51:201][  0]LogModuleManager: Shutting down and abandoning module SSL (60)
[2019.10.30-12.15.51:203][  0]LogModuleManager: Shutting down and abandoning module MagicLeapEmulator (56)
[2019.10.30-12.15.51:204][  0]LogModuleManager: Shutting down and abandoning module MagicLeapPrivileges (54)
[2019.10.30-12.15.51:204][  0]LogModuleManager: Shutting down and abandoning module MagicLeapIdentity (52)
[2019.10.30-12.15.51:204][  0]LogModuleManager: Shutting down and abandoning module MagicLeapHelperVulkan (50)
[2019.10.30-12.15.51:204][  0]LogModuleManager: Shutting down and abandoning module MagicLeapHelperOpenGL (48)
[2019.10.30-12.15.51:204][  0]LogModuleManager: Shutting down and abandoning module MagicLeapSecureStorage (46)
[2019.10.30-12.15.51:204][  0]LogModuleManager: Shutting down and abandoning module MagicLeapGestures (44)
[2019.10.30-12.15.51:204][  0]LogModuleManager: Shutting down and abandoning module MagicLeapEyeTracker (42)
[2019.10.30-12.15.51:204][  0]LogModuleManager: Shutting down and abandoning module MagicLeapController (40)
[2019.10.30-12.15.51:204][  0]LogModuleManager: Shutting down and abandoning module MagicLeap (38)
[2019.10.30-12.15.51:204][  0]LogModuleManager: Shutting down and abandoning module AnimationModifiers (36)
[2019.10.30-12.15.51:204][  0]LogModuleManager: Shutting down and abandoning module PropertyEditor (35)
[2019.10.30-12.15.51:205][  0]LogModuleManager: Shutting down and abandoning module AudioEditor (32)
[2019.10.30-12.15.51:205][  0]LogModuleManager: Shutting down and abandoning module TextureCompressor (30)
[2019.10.30-12.15.51:205][  0]LogModuleManager: Shutting down and abandoning module ShaderCore (28)
[2019.10.30-12.15.51:205][  0]LogModuleManager: Shutting down and abandoning module Landscape (26)
[2019.10.30-12.15.51:205][  0]LogModuleManager: Shutting down and abandoning module SlateRHIRenderer (24)
[2019.10.30-12.15.51:205][  0]LogModuleManager: Shutting down and abandoning module OpenGLDrv (22)
[2019.10.30-12.15.51:205][  0]LogModuleManager: Shutting down and abandoning module D3D11RHI (20)
[2019.10.30-12.15.51:205][  0]LogModuleManager: Shutting down and abandoning module AnimGraphRuntime (18)
[2019.10.30-12.15.51:206][  0]LogModuleManager: Shutting down and abandoning module Renderer (16)
[2019.10.30-12.15.51:206][  0]LogModuleManager: Shutting down and abandoning module Engine (14)
[2019.10.30-12.15.51:206][  0]LogModuleManager: Shutting down and abandoning module CoreUObject (12)
[2019.10.30-12.15.51:206][  0]LogModuleManager: Shutting down and abandoning module NetworkFile (10)
[2019.10.30-12.15.51:206][  0]LogModuleManager: Shutting down and abandoning module CookedIterativeFile (8)
[2019.10.30-12.15.51:206][  0]LogModuleManager: Shutting down and abandoning module StreamingFile (6)
[2019.10.30-12.15.51:206][  0]LogModuleManager: Shutting down and abandoning module SandboxFile (4)
[2019.10.30-12.15.51:206][  0]LogModuleManager: Shutting down and abandoning module PakFile (2)
[2019.10.30-12.15.51:216][  0]LogExit: Exiting.
[2019.10.30-12.15.51:259][  0]Log file closed, 10/30/19 23:15:51
