Log file open, 11/06/19 09:41:36
LogWindows: Failed to load 'aqProf.dll' (GetLastError=126)
LogWindows: File 'aqProf.dll' does not exist
LogWindows: Failed to load 'VSPerf140.dll' (GetLastError=126)
LogWindows: File 'VSPerf140.dll' does not exist
LogWindows: Failed to load 'VtuneApi.dll' (GetLastError=126)
LogWindows: File 'VtuneApi.dll' does not exist
LogWindows: Failed to load 'VtuneApi32e.dll' (GetLastError=126)
LogWindows: File 'VtuneApi32e.dll' does not exist
LogInit: Display: Running engine for game: DejaBrew
LogPlatformFile: Not using cached read wrapper
LogTaskGraph: Started task graph with 5 named threads and 23 total threads with 3 sets of task threads.
LogStats: Stats thread started at 0.370910
LogD3D11RHI: Loaded GFSDK_Aftermath_Lib.x64.dll
LogICUInternationalization: Display: ICU TimeZone Detection - Raw Offset: +10:00, Platform Override: ''
LogPluginManager: Mounting plugin Paper2D
LogPluginManager: Mounting plugin AISupport
LogPluginManager: Mounting plugin LightPropagationVolume
LogPluginManager: Mounting plugin CLionSourceCodeAccess
LogPluginManager: Mounting plugin CodeLiteSourceCodeAccess
LogPluginManager: Mounting plugin GitSourceControl
LogPluginManager: Mounting plugin KDevelopSourceCodeAccess
LogPluginManager: Mounting plugin NullSourceCodeAccess
LogPluginManager: Mounting plugin PerforceSourceControl
LogPluginManager: Mounting plugin SubversionSourceControl
LogPluginManager: Mounting plugin UObjectPlugin
LogPluginManager: Mounting plugin VisualStudioCodeSourceCodeAccess
LogPluginManager: Mounting plugin VisualStudioSourceCodeAccess
LogPluginManager: Mounting plugin XCodeSourceCodeAccess
LogPluginManager: Mounting plugin AssetManagerEditor
LogPluginManager: Mounting plugin CryptoKeys
LogPluginManager: Mounting plugin DataValidation
LogPluginManager: Mounting plugin FacialAnimation
LogPluginManager: Mounting plugin GameplayTagsEditor
LogPluginManager: Mounting plugin MacGraphicsSwitching
LogPluginManager: Mounting plugin MeshEditor
LogPluginManager: Mounting plugin MobileLauncherProfileWizard
LogPluginManager: Mounting plugin PluginBrowser
LogPluginManager: Mounting plugin SpeedTreeImporter
LogPluginManager: Mounting plugin DatasmithContent
LogPluginManager: Mounting plugin AlembicImporter
LogPluginManager: Mounting plugin AppleImageUtils
LogPluginManager: Mounting plugin AppleVision
LogPluginManager: Mounting plugin BackChannel
LogPluginManager: Mounting plugin CharacterAI
LogPluginManager: Mounting plugin GeometryCache
LogPluginManager: Mounting plugin HTML5Networking
LogPluginManager: Mounting plugin ProxyLODPlugin
LogPluginManager: Mounting plugin MagicLeap
LogPluginManager: Mounting plugin MagicLeapEmulator
LogPluginManager: Mounting plugin MagicLeapMedia
LogPluginManager: Mounting plugin AndroidMedia
LogPluginManager: Mounting plugin AvfMedia
LogPluginManager: Mounting plugin ImgMedia
LogPluginManager: Mounting plugin LinearTimecode
LogPluginManager: Mounting plugin MediaCompositing
LogPluginManager: Mounting plugin MediaPlayerEditor
LogPluginManager: Mounting plugin WmfMedia
LogPluginManager: Mounting plugin TcpMessaging
LogPluginManager: Mounting plugin UdpMessaging
LogPluginManager: Mounting plugin ActorSequence
LogPluginManager: Mounting plugin LevelSequenceEditor
LogPluginManager: Mounting plugin MatineeToLevelSequence
LogPluginManager: Mounting plugin NetcodeUnitTest
LogPluginManager: Mounting plugin NUTUnrealEngine4
LogPluginManager: Mounting plugin OnlineSubsystemGooglePlay
LogPluginManager: Mounting plugin OnlineSubsystemIOS
LogPluginManager: Mounting plugin OnlineSubsystem
LogPluginManager: Mounting plugin OnlineSubsystemNull
LogPluginManager: Mounting plugin OnlineSubsystemUtils
LogPluginManager: Mounting plugin LauncherChunkInstaller
LogPluginManager: Mounting plugin AndroidDeviceProfileSelector
LogPluginManager: Mounting plugin AndroidMoviePlayer
LogPluginManager: Mounting plugin AndroidPermission
LogPluginManager: Mounting plugin AppleMoviePlayer
LogPluginManager: Mounting plugin ArchVisCharacter
LogPluginManager: Mounting plugin AudioCapture
LogPluginManager: Mounting plugin CableComponent
LogPluginManager: Mounting plugin CustomMeshComponent
LogPluginManager: Mounting plugin EditableMesh
LogPluginManager: Mounting plugin ExampleDeviceProfileSelector
LogPluginManager: Mounting plugin GoogleCloudMessaging
LogPluginManager: Mounting plugin ImmediatePhysics
LogPluginManager: Mounting plugin IOSDeviceProfileSelector
LogPluginManager: Mounting plugin LinuxDeviceProfileSelector
LogPluginManager: Mounting plugin LocationServicesBPLibrary
LogPluginManager: Mounting plugin MobilePatchingUtils
LogPluginManager: Mounting plugin OculusVR
LogPluginManager: Plugin shader directory ../../../Engine/Plugins/Runtime/Oculus/OculusVR/Shaders found
LogPluginManager: Mapping shader source directory ../../../Engine/Plugins/Runtime/Oculus/OculusVR/Shaders to virtual directory /Plugin/OculusVR
LogPluginManager: Mounting plugin PhysXVehicles
LogPluginManager: Mounting plugin ProceduralMeshComponent
LogPluginManager: Mounting plugin RuntimePhysXCooking
LogPluginManager: Mounting plugin SteamVR
LogPluginManager: Mounting plugin WindowsMoviePlayer
LogStreaming: Display: Took  0.166s to configure plugins.
LogInit: Using libcurl 7.55.1-DEV
LogInit:  - built for x86_64-pc-win32
LogInit:  - supports SSL with OpenSSL/1.0.2h
LogInit:  - supports HTTP deflate (compression) using libz 1.2.8
LogInit:  - other features:
LogInit:      CURL_VERSION_SSL
LogInit:      CURL_VERSION_LIBZ
LogInit:      CURL_VERSION_IPV6
LogInit:      CURL_VERSION_ASYNCHDNS
LogInit:      CURL_VERSION_LARGEFILE
LogInit:      CURL_VERSION_IDN
LogInit:  CurlRequestOptions (configurable via config and command line):
LogInit:  - bVerifyPeer = false  - Libcurl will NOT verify peer certificate
LogInit:  - bUseHttpProxy = false  - Libcurl will NOT use HTTP proxy
LogInit:  - bDontReuseConnections = false  - Libcurl will reuse connections
LogInit:  - CertBundlePath = nullptr  - Libcurl will use whatever was configured at build time.
LogInit:  - MaxHostConnections = 16  - Libcurl will limit the number of connections to a host
LogInit:  - LocalHostAddr = Default
LogInit:  - BufferSize = 65536
LogInit: WinSock: version 1.1 (2.2), MaxSocks=32767, MaxUdp=65467
LogInit: Build: ++UE4+Release-4.20-CL-4369336
LogInit: Engine Version: 4.20.3-4369336+++UE4+Release-4.20
LogInit: Compatible Engine Version: 4.20.0-4212847+++UE4+Release-4.20
LogInit: Net CL: 4212847
LogInit: OS: Windows 10 (), CPU: Intel(R) Core(TM) i7-7700HQ CPU @ 2.80GHz, GPU: Intel(R) HD Graphics 630
LogInit: Compiled (64-bit): Sep 17 2018 12:26:19
LogInit: Compiled with Visual C++: 19.13.26129.00
LogInit: Build Configuration: Development
LogInit: Branch Name: ++UE4+Release-4.20
LogInit: Command Line:  -skipcompile
LogInit: Base Directory: C:/Program Files (x86)/UE_4.20/Engine/Binaries/Win64/
LogInit: Installed Engine Build: 1
LogDevObjectVersion: Number of dev versions registered: 20
LogDevObjectVersion:   Dev-Blueprints (B0D832E4-1F89-4F0D-ACCF-7EB736FD4AA2): 10
LogDevObjectVersion:   Dev-Build (E1C64328-A22C-4D53-A36C-8E866417BD8C): 0
LogDevObjectVersion:   Dev-Core (375EC13C-06E4-48FB-B500-84F0262A717E): 2
LogDevObjectVersion:   Dev-Editor (E4B068ED-F494-42E9-A231-DA0B2E46BB41): 24
LogDevObjectVersion:   Dev-Framework (CFFC743F-43B0-4480-9391-14DF171D2073): 34
LogDevObjectVersion:   Dev-Mobile (B02B49B5-BB20-44E9-A304-32B752E40360): 2
LogDevObjectVersion:   Dev-Networking (A4E4105C-59A1-49B5-A7C5-40C4547EDFEE): 0
LogDevObjectVersion:   Dev-Online (39C831C9-5AE6-47DC-9A44-9C173E1C8E7C): 0
LogDevObjectVersion:   Dev-Physics (78F01B33-EBEA-4F98-B9B4-84EACCB95AA2): 0
LogDevObjectVersion:   Dev-Platform (6631380F-2D4D-43E0-8009-CF276956A95A): 0
LogDevObjectVersion:   Dev-Rendering (12F88B9F-8875-4AFC-A67C-D90C383ABD29): 26
LogDevObjectVersion:   Dev-Sequencer (7B5AE74C-D270-4C10-A958-57980B212A5A): 9
LogDevObjectVersion:   Dev-VR (D7296918-1DD6-4BDD-9DE2-64A83CC13884): 2
LogDevObjectVersion:   Dev-LoadTimes (C2A15278-BFE7-4AFE-6C17-90FF531DF755): 1
LogDevObjectVersion:   Private-Geometry (6EACA3D4-40EC-4CC1-B786-8BED09428FC5): 3
LogDevObjectVersion:   Dev-AnimPhys (29E575DD-E0A3-4627-9D10-D276232CDCEA): 17
LogDevObjectVersion:   Dev-ReflectionCapture (6B266CEC-1EC7-4B8F-A30B-E4D90942FC07): 1
LogDevObjectVersion:   Dev-Automation (0DF73D61-A23F-47EA-B727-89E90C41499A): 1
LogDevObjectVersion:   FortniteMain (601D1886-AC64-4F84-AA16-D3DE0DEAC7D6): 12
LogDevObjectVersion:   Dev-Enterprise (9DFFBCD6-494F-0158-E221-12823C92A888): 1
LogStreaming: Display: Took  0.005s to delete old logs.
LogInit: Presizing for max 8388607 objects, including 0 objects not considered by GC, pre-allocating 0 bytes for permanent pool.
LogInit: Object subsystem initialized
[2019.11.05-22.41.37:457][  0]LogInit: Selected Device Profile: [Windows]
[2019.11.05-22.41.37:458][  0]LogInit: Applying CVar settings loaded from the selected device profile: [Windows]
[2019.11.05-22.41.37:474][  0]LogHAL: Display: Platform has ~ 16 GB [17095811072 / 17179869184 / 16], which maps to Larger [LargestMinGB=32, LargerMinGB=12, DefaultMinGB=8, SmallerMinGB=6, SmallestMinGB=0)
[2019.11.05-22.41.37:474][  0]LogInit: Setting Device Profile CVar: [[r.Vulkan.UseRealUBs:1]]
[2019.11.05-22.41.37:474][  0]LogInit: Going up to parent DeviceProfile []
[2019.11.05-22.41.37:475][  0]LogInit: Computer: MSI
[2019.11.05-22.41.37:475][  0]LogInit: User: hiit
[2019.11.05-22.41.37:475][  0]LogInit: CPU Page size=4096, Cores=4
[2019.11.05-22.41.37:476][  0]LogInit: High frequency timer resolution =10.000000 MHz
[2019.11.05-22.41.37:476][  0]LogMemory: Memory total: Physical=15.9GB (16GB approx)
[2019.11.05-22.41.37:476][  0]LogMemory: Platform Memory Stats for Windows
[2019.11.05-22.41.37:476][  0]LogMemory: Process Physical Memory: 102.57 MB used, 102.58 MB peak
[2019.11.05-22.41.37:477][  0]LogMemory: Process Virtual Memory: 90.00 MB used, 90.00 MB peak
[2019.11.05-22.41.37:477][  0]LogMemory: Physical Memory: 7930.87 MB used,  8372.96 MB free, 16303.84 MB total
[2019.11.05-22.41.37:477][  0]LogMemory: Virtual Memory: 4626.85 MB used,  8372.96 MB free, 134217728.00 MB total
[2019.11.05-22.41.38:075][  0]LogInit: Using OS detected language (en-US).
[2019.11.05-22.41.38:075][  0]LogInit: Using OS detected locale (en-AU).
[2019.11.05-22.41.38:076][  0]LogTextLocalizationManager: No specific localization for 'en-US' exists, so the 'en' localization will be used.
[2019.11.05-22.41.38:452][  0]LogStreaming: Display: Took  0.377s to InitEngineTextLocalization.
[2019.11.05-22.41.38:453][  0]LogInit: Setting process to per monitor DPI aware
[2019.11.05-22.41.38:536][  0]LogSlate: New Slate User Created.  User Index 0, Is Virtual User: 0
[2019.11.05-22.41.38:536][  0]LogSlate: Slate User Registered.  User Index 0, Is Virtual User: 0
[2019.11.05-22.41.38:783][  0]LogHMD: Failed to initialize OpenVR with code 110
[2019.11.05-22.41.38:783][  0]LogD3D11RHI: D3D11 adapters:
[2019.11.05-22.41.38:890][  0]LogD3D11RHI:    0. 'NVIDIA GeForce GTX 1050' (Feature Level 11_0)
[2019.11.05-22.41.38:890][  0]LogD3D11RHI:       4021/0/8151 MB DedicatedVideo/DedicatedSystem/SharedSystem, Outputs:1, VendorId:0x10de
[2019.11.05-22.41.38:917][  0]LogD3D11RHI:    1. 'Intel(R) HD Graphics 630' (Feature Level 11_0)
[2019.11.05-22.41.38:917][  0]LogD3D11RHI:       128/0/8151 MB DedicatedVideo/DedicatedSystem/SharedSystem, Outputs:0, VendorId:0x8086
[2019.11.05-22.41.38:925][  0]LogD3D11RHI:    2. 'Microsoft Basic Render Driver' (Feature Level 11_0)
[2019.11.05-22.41.38:925][  0]LogD3D11RHI:       0/0/8151 MB DedicatedVideo/DedicatedSystem/SharedSystem, Outputs:0, VendorId:0x1414
[2019.11.05-22.41.38:925][  0]LogD3D11RHI: Chosen D3D11 Adapter: 0
[2019.11.05-22.41.38:959][  0]LogD3D11RHI: Creating new Direct3DDevice
[2019.11.05-22.41.38:960][  0]LogD3D11RHI:     GPU DeviceId: 0x1c8d (for the marketing name, search the web for "GPU Device Id")
[2019.11.05-22.41.38:960][  0]LogWindows: EnumDisplayDevices:
[2019.11.05-22.41.38:960][  0]LogWindows:    0. 'Intel(R) HD Graphics 630' (P:1 D:1)
[2019.11.05-22.41.38:961][  0]LogWindows:    1. 'Intel(R) HD Graphics 630' (P:0 D:0)
[2019.11.05-22.41.38:961][  0]LogWindows:    2. 'Intel(R) HD Graphics 630' (P:0 D:0)
[2019.11.05-22.41.38:961][  0]LogWindows: DebugString: PrimaryIsNotTheChoosenAdapter PrimaryIsNotTheChoosenAdapter PrimaryIsNotTheChoosenAdapter FoundDriverCount:0 
[2019.11.05-22.41.38:962][  0]LogD3D11RHI:     Adapter Name: NVIDIA GeForce GTX 1050
[2019.11.05-22.41.38:962][  0]LogD3D11RHI:   Driver Version: Unknown (internal:Unknown, unified:Unknown)
[2019.11.05-22.41.38:962][  0]LogD3D11RHI:      Driver Date: Unknown
[2019.11.05-22.41.38:962][  0]LogRHI: Texture pool is 2814 MB (70% of 4021 MB)
[2019.11.05-22.41.39:008][  0]LogD3D11RHI: Async texture creation enabled
[2019.11.05-22.41.39:089][  0]LogD3D11RHI: GPU Timing Frequency: 1000.000000 (Debug: 2 2)
[2019.11.05-22.41.39:090][  0]LogShaderCompilers: Guid format shader working directory is -42 characters bigger than the processId version (../../../../../Users/hi_it/OneDrive/Documents/GitHub/Chicken-Crimpy-Repository/DejaBrew/Intermediate/Shaders/WorkingDirectory/10280/).
[2019.11.05-22.41.39:091][  0]LogShaderCompilers: Cleaned the shader compiler working directory 'C:/Users/hi_it/AppData/Local/Temp/UnrealShaderWorkingDir/3CC6A8A94B9E0CCCA434EAB740668F6D/'.
[2019.11.05-22.41.39:404][  0]LogTemp: Display: Loaded TP AllDesktopTargetPlatform
[2019.11.05-22.41.39:425][  0]LogTemp: Display: Loaded TP MacClientTargetPlatform
[2019.11.05-22.41.39:446][  0]LogTemp: Display: Loaded TP MacNoEditorTargetPlatform
[2019.11.05-22.41.39:465][  0]LogTemp: Display: Loaded TP MacServerTargetPlatform
[2019.11.05-22.41.39:488][  0]LogTemp: Display: Loaded TP MacTargetPlatform
[2019.11.05-22.41.39:506][  0]LogTemp: Display: Loaded TP WindowsClientTargetPlatform
[2019.11.05-22.41.39:523][  0]LogTemp: Display: Loaded TP WindowsNoEditorTargetPlatform
[2019.11.05-22.41.39:541][  0]LogTemp: Display: Loaded TP WindowsServerTargetPlatform
[2019.11.05-22.41.39:552][  0]LogTemp: Display: Loaded TP WindowsTargetPlatform
[2019.11.05-22.41.39:641][  0]LogTemp: Display: Loaded TP AndroidTargetPlatform
[2019.11.05-22.41.39:641][  0]LogTemp: Display: Loaded TP AndroidTargetPlatform
[2019.11.05-22.41.39:641][  0]LogTemp: Display: Loaded TP AndroidTargetPlatform
[2019.11.05-22.41.39:641][  0]LogTemp: Display: Loaded TP AndroidTargetPlatform
[2019.11.05-22.41.39:641][  0]LogTemp: Display: Loaded TP AndroidTargetPlatform
[2019.11.05-22.41.39:641][  0]LogTemp: Display: Loaded TP AndroidTargetPlatform
[2019.11.05-22.41.39:641][  0]LogTemp: Display: Loaded TP AndroidTargetPlatform
[2019.11.05-22.41.39:642][  0]LogTemp: Display: Loaded TP AndroidTargetPlatform
[2019.11.05-22.41.39:642][  0]LogTemp: Display: Loaded TP AndroidTargetPlatform
[2019.11.05-22.41.39:642][  0]LogTemp: Display: Loaded TP AndroidTargetPlatform
[2019.11.05-22.41.39:642][  0]LogTemp: Display: Loaded TP AndroidTargetPlatform
[2019.11.05-22.41.39:642][  0]LogTemp: Display: Loaded TP AndroidTargetPlatform
[2019.11.05-22.41.39:642][  0]LogTemp: Display: Loaded TP AndroidTargetPlatform
[2019.11.05-22.41.39:642][  0]LogTemp: Display: Loaded TP AndroidTargetPlatform
[2019.11.05-22.41.39:642][  0]LogTemp: Display: Loaded TP AndroidTargetPlatform
[2019.11.05-22.41.39:642][  0]LogTemp: Display: Loaded TP AndroidTargetPlatform
[2019.11.05-22.41.39:642][  0]LogTemp: Display: Loaded TP AndroidTargetPlatform
[2019.11.05-22.41.39:642][  0]LogTemp: Display: Loaded TP AndroidTargetPlatform
[2019.11.05-22.41.39:650][  0]LogTemp: Display: Loaded TP HTML5TargetPlatform
[2019.11.05-22.41.39:732][  0]LogTemp: Display: Loaded TP IOSTargetPlatform
[2019.11.05-22.41.39:732][  0]LogTemp: Display: Loaded TP IOSTargetPlatform
[2019.11.05-22.41.39:762][  0]LogTemp: Display: Loaded TP TVOSTargetPlatform
[2019.11.05-22.41.39:762][  0]LogTemp: Display: Loaded TP TVOSTargetPlatform
[2019.11.05-22.41.39:778][  0]LogTemp: Display: Loaded TP LinuxClientTargetPlatform
[2019.11.05-22.41.39:795][  0]LogTemp: Display: Loaded TP LinuxNoEditorTargetPlatform
[2019.11.05-22.41.39:810][  0]LogTemp: Display: Loaded TP LinuxServerTargetPlatform
[2019.11.05-22.41.39:830][  0]LogTemp: Display: Loaded TP LinuxTargetPlatform
[2019.11.05-22.41.39:843][  0]LogTemp: Display: Loaded TP LuminTargetPlatform
[2019.11.05-22.41.39:843][  0]LogTargetPlatformManager: Display: Building Assets For Windows
[2019.11.05-22.41.39:989][  0]LogXGEController: Cannot use XGE Controller as Incredibuild is not installed on this machine.
[2019.11.05-22.41.39:990][  0]LogShaderCompilers: Cannot use XGE Shader Compiler as Incredibuild is not installed on this machine.
[2019.11.05-22.41.39:990][  0]LogShaderCompilers: Display: Using Local Shader Compiler.
[2019.11.05-22.41.40:880][  0]LogDerivedDataCache: Display: Max Cache Size: 512 MB
[2019.11.05-22.41.40:942][  0]LogDerivedDataCache: Loaded boot cache 0.06s 80MB C:/Users/hi_it/AppData/Local/UnrealEngine/4.20/DerivedDataCache/Boot.ddc.
[2019.11.05-22.41.40:943][  0]LogDerivedDataCache: Display: Loaded Boot cache: C:/Users/hi_it/AppData/Local/UnrealEngine/4.20/DerivedDataCache/Boot.ddc
[2019.11.05-22.41.40:944][  0]LogDerivedDataCache: FDerivedDataBackendGraph:  Pak pak cache file ../../../../../Users/hi_it/OneDrive/Documents/GitHub/Chicken-Crimpy-Repository/DejaBrew/DerivedDataCache/DDC.ddp not found, will not use a pak cache.
[2019.11.05-22.41.40:944][  0]LogDerivedDataCache: Unable to find inner node Pak for hierarchical cache Hierarchy.
[2019.11.05-22.41.40:944][  0]LogDerivedDataCache: FDerivedDataBackendGraph:  CompressedPak pak cache file ../../../../../Users/hi_it/OneDrive/Documents/GitHub/Chicken-Crimpy-Repository/DejaBrew/DerivedDataCache/Compressed.ddp not found, will not use a pak cache.
[2019.11.05-22.41.40:944][  0]LogDerivedDataCache: Unable to find inner node CompressedPak for hierarchical cache Hierarchy.
[2019.11.05-22.41.40:960][  0]LogDerivedDataCache: Display: Pak cache opened for reading ../../../Engine/DerivedDataCache/Compressed.ddp.
[2019.11.05-22.41.40:974][  0]LogDerivedDataCache: Using Local data cache path C:/Users/hi_it/AppData/Local/UnrealEngine/Common/DerivedDataCache: Writable
[2019.11.05-22.41.40:974][  0]LogDerivedDataCache: Shared data cache path not found in *engine.ini, will not use an Shared cache.
[2019.11.05-22.41.40:974][  0]LogDerivedDataCache: Unable to find inner node Shared for hierarchical cache Hierarchy.
[2019.11.05-22.41.41:006][  0]LogMaterial: Verifying Global Shaders for PCD3D_SM5
[2019.11.05-22.41.41:009][  0]LogSlate: Using FreeType 2.6.0
[2019.11.05-22.41.41:010][  0]LogSlate: SlateFontServices - WITH_FREETYPE: 1, WITH_HARFBUZZ: 1
[2019.11.05-22.41.41:092][  0]LogAssetRegistry: FAssetRegistry took 0.0300 seconds to start up
[2019.11.05-22.41.41:435][  0]LogInit: Selected Device Profile: [Windows]
[2019.11.05-22.41.41:623][  0]LogSimplygon: Simplygon DLL not present - disabling.
[2019.11.05-22.41.41:636][  0]LogMeshReduction: Using SimplygonSwarm for distributed automatic mesh merging
[2019.11.05-22.41.41:636][  0]LogMeshReduction: Using ProxyLODMeshReduction for automatic mesh merging
[2019.11.05-22.41.41:637][  0]LogMeshReduction: Using QuadricMeshReduction for automatic static mesh reduction
[2019.11.05-22.41.41:637][  0]LogMeshReduction: No automatic skeletal mesh reduction module available
[2019.11.05-22.41.41:664][  0]LogNetVersion: DejaBrew 1.0.0, NetCL: 4212847, EngineNetVer: 5, GameNetVer: 0 (Checksum: 719251921)
[2019.11.05-22.41.42:229][  0]LogPackageLocalizationCache: Processed 11 localized package path(s) for 2 prioritized culture(s) in 0.138407 seconds
[2019.11.05-22.41.42:236][  0]LogUObjectArray: 38425 objects as part of root set at end of initial load.
[2019.11.05-22.41.42:237][  0]LogUObjectAllocator: 6690872 out of 0 bytes used by permanent object pool.
[2019.11.05-22.41.42:237][  0]LogUObjectArray: CloseDisregardForGC: 0/0 objects in disregard for GC pool
[2019.11.05-22.41.43:269][  0]LogTcpMessaging: Initializing TcpMessaging bridge
[2019.11.05-22.41.43:286][  0]LogUdpMessaging: Initializing bridge on interface 0.0.0.0:0 to multicast group 230.0.0.1:6666.
[2019.11.05-22.41.43:771][  0]SourceControl: Source control is disabled
[2019.11.05-22.41.43:771][  0]SourceControl: Source control is disabled
[2019.11.05-22.41.43:775][  0]SourceControl: Source control is disabled
[2019.11.05-22.41.43:780][  0]SourceControl: Source control is disabled
[2019.11.05-22.41.44:070][  0]LogAndroidPermission: UAndroidPermissionCallbackProxy::GetInstance
[2019.11.05-22.41.44:341][  0]LogOcInput: OculusInput pre-init called
[2019.11.05-22.41.44:421][  0]LogEngine: Initializing Engine...
[2019.11.05-22.41.44:422][  0]LogHMD: Failed to initialize OpenVR with code 110
[2019.11.05-22.41.44:424][  0]LogStats: UGameplayTagsManager::ConstructGameplayTagTree: ImportINI prefixes -  0.000 s
[2019.11.05-22.41.44:424][  0]LogStats: UGameplayTagsManager::ConstructGameplayTagTree: Construct from data asset -  0.000 s
[2019.11.05-22.41.44:425][  0]LogStats: UGameplayTagsManager::ConstructGameplayTagTree: ImportINI -  0.000 s
[2019.11.05-22.41.44:425][  0]LogStats: UGameplayTagsManager::ConstructGameplayTagTree: GameplayTagTreeChangedEvent.Broadcast -  0.000 s
[2019.11.05-22.41.44:640][  0]LogInit: Initializing FReadOnlyCVARCache
[2019.11.05-22.41.44:659][  0]LogAIModule: Creating AISystem for world Untitled
[2019.11.05-22.41.44:807][  0]LogInit: XAudio2 using 'Speakers (Realtek High Definition Audio)' : 6 channels at 48 kHz using 32 bits per sample (channel mask 0x3f)
[2019.11.05-22.41.44:900][  0]LogInit: FAudioDevice initialized.
[2019.11.05-22.41.44:900][  0]LogNetVersion: Set ProjectVersion to 1.0.0.0. Version Checksum will be recalculated on next use.
[2019.11.05-22.41.45:085][  0]LogDerivedDataCache: Saved boot cache 0.18s 80MB C:/Users/hi_it/AppData/Local/UnrealEngine/4.20/DerivedDataCache/Boot.ddc.
[2019.11.05-22.41.45:092][  0]LogInit: Texture streaming: Enabled
[2019.11.05-22.41.45:129][  0]LogEngineSessionManager: EngineSessionManager initialized
[2019.11.05-22.41.45:145][  0]LogInit: Transaction tracking system initialized
[2019.11.05-22.41.45:193][  0]BlueprintLog: New page: Editor Load
[2019.11.05-22.41.45:437][  0]LocalizationService: Localization service is disabled
[2019.11.05-22.41.45:753][  0]LogCook: Display: Max memory allowance for cook 16384mb min free memory 0mb
[2019.11.05-22.41.45:754][  0]LogCook: Display: Mobile HDR setting 1
[2019.11.05-22.41.45:754][  0]LogGameplayTags: Display: UGameplayTagsManager::DoneAddingNativeTags. DelegateIsBound: 0
[2019.11.05-22.41.45:754][  0]LogStats: UGameplayTagsManager::ConstructGameplayTagTree: ImportINI prefixes -  0.000 s
[2019.11.05-22.41.45:754][  0]LogStats: UGameplayTagsManager::ConstructGameplayTagTree: Construct from data asset -  0.000 s
[2019.11.05-22.41.45:754][  0]LogStats: UGameplayTagsManager::ConstructGameplayTagTree: ImportINI -  0.000 s
[2019.11.05-22.41.45:755][  0]LogStats: UGameplayTagsManager::ConstructGameplayTagTree: GameplayTagTreeChangedEvent.Broadcast -  0.000 s
[2019.11.05-22.41.45:952][  0]LogFileCache: Scanning file cache for directory 'C:/Users/hi_it/OneDrive/Documents/GitHub/Chicken-Crimpy-Repository/DejaBrew/Content/' took 0.02s
[2019.11.05-22.41.45:953][  0]SourceControl: Source control is disabled
[2019.11.05-22.41.45:954][  0]LightingResults: New page: Lighting Build
[2019.11.05-22.41.45:958][  0]MapCheck: New page: Map Check
[2019.11.05-22.41.45:958][  0]LightingResults: New page: Lighting Build
[2019.11.05-22.41.46:158][  0]LogAIModule: Creating AISystem for world SideScrollerExampleMap
[2019.11.05-22.41.46:172][  0]LogEditorServer: Finished looking for orphan Actors (0.000 secs)
[2019.11.05-22.41.46:196][  0]Cmd: MAP CHECKDEP NOCLEARLOG
[2019.11.05-22.41.46:291][  0]MapCheck: Map check complete: 0 Error(s), 0 Warning(s), took 94.151ms to complete.
[2019.11.05-22.41.46:291][  0]LogFileHelpers: Loading map 'SideScrollerExampleMap' took 0.338
[2019.11.05-22.41.46:425][  0]LogSlate: Updating window title bar state: overlay mode, drag disabled, window buttons hidden, title bar hidden
[2019.11.05-22.41.46:434][  0]LogSlate: Updating window title bar state: overlay mode, drag disabled, window buttons hidden, title bar hidden
[2019.11.05-22.41.46:442][  0]LogSlate: Updating window title bar state: overlay mode, drag disabled, window buttons hidden, title bar hidden
[2019.11.05-22.41.46:451][  0]LogSlate: Updating window title bar state: overlay mode, drag disabled, window buttons hidden, title bar hidden
[2019.11.05-22.41.46:461][  0]LogCollectionManager: Loaded 0 collections in 0.002008 seconds
[2019.11.05-22.41.46:511][  0]LogFileCache: Scanning file cache for directory 'C:/Users/hi_it/OneDrive/Documents/GitHub/Chicken-Crimpy-Repository/DejaBrew/Saved/Collections/' took 0.01s
[2019.11.05-22.41.46:512][  0]LogFileCache: Scanning file cache for directory 'C:/Users/hi_it/OneDrive/Documents/GitHub/Chicken-Crimpy-Repository/DejaBrew/Content/Developers/hiit/Collections/' took 0.01s
[2019.11.05-22.41.46:512][  0]LogFileCache: Scanning file cache for directory 'C:/Users/hi_it/OneDrive/Documents/GitHub/Chicken-Crimpy-Repository/DejaBrew/Content/Collections/' took 0.01s
[2019.11.05-22.41.46:512][  0]LogCollectionManager: Rebuilt the GUID cache for 0 collections in 0.000000 seconds
[2019.11.05-22.41.46:522][  0]LogContentBrowser: Native class hierarchy populated in 0.0093 seconds. Added 2575 classes and 605 folders.
[2019.11.05-22.41.46:529][  0]LogContentBrowser: Native class hierarchy updated for 'WidgetCarousel' in 0.0004 seconds. Added 0 classes and 0 folders.
[2019.11.05-22.41.46:569][  0]LogContentBrowser: Native class hierarchy updated for 'AddContentDialog' in 0.0004 seconds. Added 0 classes and 0 folders.
[2019.11.05-22.41.46:576][  0]LogContentBrowser: Native class hierarchy updated for 'SceneOutliner' in 0.0005 seconds. Added 1 classes and 2 folders.
[2019.11.05-22.41.46:652][  0]LogSlate: Took 0.000186 seconds to synchronously load lazily loaded font '../../../Engine/Content/Slate/Fonts/Roboto-Regular.ttf' (155K)
[2019.11.05-22.41.46:655][  0]LogSlate: Took 0.000276 seconds to synchronously load lazily loaded font '../../../Engine/Content/Slate/Fonts/Roboto-Bold.ttf' (160K)
[2019.11.05-22.41.46:663][  0]LogSlate: Took 0.000172 seconds to synchronously load lazily loaded font '../../../Engine/Content/Editor/Slate/Fonts/FontAwesome.ttf' (139K)
[2019.11.05-22.41.46:747][  0]LogRenderer: Reallocating scene render targets to support 884x508 Format 10 NumSamples 1 (Frame:1).
[2019.11.05-22.41.46:977][  0]LogContentBrowser: Native class hierarchy updated for 'HierarchicalLODOutliner' in 0.0005 seconds. Added 0 classes and 0 folders.
[2019.11.05-22.41.46:977][  0]LogLoad: (Engine Initialization) Total time: 11.60 seconds
[2019.11.05-22.41.46:978][  0]LogLoad: (Engine Initialization) Total Blueprint compile time: 0.00 seconds
[2019.11.05-22.41.47:037][  0]LogContentStreaming: Texture pool size now 1000 MB
[2019.11.05-22.41.47:070][  0]LogSlate: Took 0.000156 seconds to synchronously load lazily loaded font '../../../Engine/Content/Slate/Fonts/Roboto-Light.ttf' (167K)
[2019.11.05-22.41.47:088][  1]LogFileCache: Retrieving MD5 hashes for directory 'C:/Users/hi_it/OneDrive/Documents/GitHub/Chicken-Crimpy-Repository/DejaBrew/Content/' took 0.07s
[2019.11.05-22.41.47:102][  1]LogAssetRegistry: Asset discovery search completed in 6.0361 seconds
[2019.11.05-22.41.47:104][  1]LogCollectionManager: Rebuilt the object cache for 0 collections in 0.000000 seconds (found 0 objects)
[2019.11.05-22.41.47:104][  1]LogCollectionManager: Fixed up redirectors for 0 collections in 0.000233 seconds (updated 0 objects)
[2019.11.05-22.41.49:901][165]LogSlate: FSceneViewport::OnFocusLost() reason 0
[2019.11.05-22.41.50:067][175]LogTemp: Repeating last play command: Selected Viewport
[2019.11.05-22.41.50:091][175]LogBlueprintUserMessages: Early PlayInEditor Detection: Level '/Game/SideScrollerCPP/Maps/SideScrollerExampleMap.SideScrollerExampleMap:PersistentLevel' has LevelScriptBlueprint '/Game/SideScrollerCPP/Maps/SideScrollerExampleMap.SideScrollerExampleMap:PersistentLevel.SideScrollerExampleMap' with GeneratedClass '/Game/SideScrollerCPP/Maps/SideScrollerExampleMap.SideScrollerExampleMap_C' with ClassGeneratedBy '/Game/SideScrollerCPP/Maps/SideScrollerExampleMap.SideScrollerExampleMap:PersistentLevel.SideScrollerExampleMap'
[2019.11.05-22.41.50:092][175]LogPlayLevel: PlayLevel: No blueprints needed recompiling
[2019.11.05-22.41.50:108][175]PIE: New page: PIE session: SideScrollerExampleMap (6 Nov 2019 8:41:50 pm)
[2019.11.05-22.41.50:108][175]LogPlayLevel: Creating play world package: /Game/SideScrollerCPP/Maps/UEDPIE_0_SideScrollerExampleMap
[2019.11.05-22.41.50:131][175]LogPlayLevel: PIE: StaticDuplicateObject took: (0.023149s)
[2019.11.05-22.41.50:132][175]LogAIModule: Creating AISystem for world SideScrollerExampleMap
[2019.11.05-22.41.50:133][175]LogPlayLevel: PIE: World Init took: (0.001219s)
[2019.11.05-22.41.50:133][175]LogPlayLevel: PIE: Created PIE world by copying editor world from /Game/SideScrollerCPP/Maps/SideScrollerExampleMap.SideScrollerExampleMap to /Game/SideScrollerCPP/Maps/UEDPIE_0_SideScrollerExampleMap.SideScrollerExampleMap (0.025021s)
[2019.11.05-22.41.50:211][175]LogInit: XAudio2 using 'Speakers (Realtek High Definition Audio)' : 6 channels at 48 kHz using 32 bits per sample (channel mask 0x3f)
[2019.11.05-22.41.50:295][175]LogInit: FAudioDevice initialized.
[2019.11.05-22.41.50:344][175]LogLoad: Game class is 'DejaBrewGameMode'
[2019.11.05-22.41.50:350][175]LogWorld: Bringing World /Game/SideScrollerCPP/Maps/UEDPIE_0_SideScrollerExampleMap.SideScrollerExampleMap up for play (max tick rate 60) at 2019.11.06-09.41.50
[2019.11.05-22.41.50:351][175]LogWorld: Bringing up level for play took: 0.003937
[2019.11.05-22.41.50:370][175]LogContentBrowser: Native class hierarchy updated for 'MovieSceneCapture' in 0.0004 seconds. Added 10 classes and 0 folders.
[2019.11.05-22.41.50:400][175]PIE: Play in editor start time for /Game/SideScrollerCPP/Maps/UEDPIE_0_SideScrollerExampleMap 0.981
[2019.11.05-22.41.50:401][175]LogBlueprintUserMessages: Late PlayInEditor Detection: Level '/Game/SideScrollerCPP/Maps/SideScrollerExampleMap.SideScrollerExampleMap:PersistentLevel' has LevelScriptBlueprint '/Game/SideScrollerCPP/Maps/SideScrollerExampleMap.SideScrollerExampleMap:PersistentLevel.SideScrollerExampleMap' with GeneratedClass '/Game/SideScrollerCPP/Maps/SideScrollerExampleMap.SideScrollerExampleMap_C' with ClassGeneratedBy '/Game/SideScrollerCPP/Maps/SideScrollerExampleMap.SideScrollerExampleMap:PersistentLevel.SideScrollerExampleMap'
[2019.11.05-22.42.14:237][604]LogBlueprintUserMessages: Early EndPlayMap Detection: Level '/Game/SideScrollerCPP/Maps/SideScrollerExampleMap.SideScrollerExampleMap:PersistentLevel' has LevelScriptBlueprint '/Game/SideScrollerCPP/Maps/SideScrollerExampleMap.SideScrollerExampleMap:PersistentLevel.SideScrollerExampleMap' with GeneratedClass '/Game/SideScrollerCPP/Maps/SideScrollerExampleMap.SideScrollerExampleMap_C' with ClassGeneratedBy '/Game/SideScrollerCPP/Maps/SideScrollerExampleMap.SideScrollerExampleMap:PersistentLevel.SideScrollerExampleMap'
[2019.11.05-22.42.14:238][604]LogSlate: Updating window title bar state: overlay mode, drag disabled, window buttons hidden, title bar hidden
[2019.11.05-22.42.14:279][604]LogPlayLevel: Display: Shutting down PIE online subsystems
[2019.11.05-22.42.14:279][604]LogBlueprintUserMessages: Late EndPlayMap Detection: Level '/Game/SideScrollerCPP/Maps/SideScrollerExampleMap.SideScrollerExampleMap:PersistentLevel' has LevelScriptBlueprint '/Game/SideScrollerCPP/Maps/SideScrollerExampleMap.SideScrollerExampleMap:PersistentLevel.SideScrollerExampleMap' with GeneratedClass '/Game/SideScrollerCPP/Maps/SideScrollerExampleMap.SideScrollerExampleMap_C' with ClassGeneratedBy '/Game/SideScrollerCPP/Maps/SideScrollerExampleMap.SideScrollerExampleMap:PersistentLevel.SideScrollerExampleMap'
[2019.11.05-22.42.14:310][604]LogSlate: Updating window title bar state: overlay mode, drag disabled, window buttons hidden, title bar hidden
[2019.11.05-22.42.14:352][606]LogPlayLevel: Display: Destroying online subsystem :Context_1
[2019.11.05-22.42.18:654][864]LogSlate: FSceneViewport::OnFocusLost() reason 0
[2019.11.05-22.42.18:736][869]LogTemp: Repeating last play command: Selected Viewport
[2019.11.05-22.42.18:763][869]LogBlueprintUserMessages: Early PlayInEditor Detection: Level '/Game/SideScrollerCPP/Maps/SideScrollerExampleMap.SideScrollerExampleMap:PersistentLevel' has LevelScriptBlueprint '/Game/SideScrollerCPP/Maps/SideScrollerExampleMap.SideScrollerExampleMap:PersistentLevel.SideScrollerExampleMap' with GeneratedClass '/Game/SideScrollerCPP/Maps/SideScrollerExampleMap.SideScrollerExampleMap_C' with ClassGeneratedBy '/Game/SideScrollerCPP/Maps/SideScrollerExampleMap.SideScrollerExampleMap:PersistentLevel.SideScrollerExampleMap'
[2019.11.05-22.42.18:764][869]LogPlayLevel: PlayLevel: No blueprints needed recompiling
[2019.11.05-22.42.18:764][869]PIE: New page: PIE session: SideScrollerExampleMap (6 Nov 2019 8:42:18 pm)
[2019.11.05-22.42.18:764][869]LogPlayLevel: Creating play world package: /Game/SideScrollerCPP/Maps/UEDPIE_0_SideScrollerExampleMap
[2019.11.05-22.42.18:779][869]LogPlayLevel: PIE: StaticDuplicateObject took: (0.014066s)
[2019.11.05-22.42.18:780][869]LogAIModule: Creating AISystem for world SideScrollerExampleMap
[2019.11.05-22.42.18:780][869]LogPlayLevel: PIE: World Init took: (0.001328s)
[2019.11.05-22.42.18:780][869]LogPlayLevel: PIE: Created PIE world by copying editor world from /Game/SideScrollerCPP/Maps/SideScrollerExampleMap.SideScrollerExampleMap to /Game/SideScrollerCPP/Maps/UEDPIE_0_SideScrollerExampleMap.SideScrollerExampleMap (0.015983s)
[2019.11.05-22.42.18:862][869]LogInit: XAudio2 using 'Speakers (Realtek High Definition Audio)' : 6 channels at 48 kHz using 32 bits per sample (channel mask 0x3f)
[2019.11.05-22.42.18:944][869]LogInit: FAudioDevice initialized.
[2019.11.05-22.42.18:984][869]LogLoad: Game class is 'DejaBrewGameMode'
[2019.11.05-22.42.18:987][869]LogWorld: Bringing World /Game/SideScrollerCPP/Maps/UEDPIE_0_SideScrollerExampleMap.SideScrollerExampleMap up for play (max tick rate 60) at 2019.11.06-09.42.18
[2019.11.05-22.42.18:988][869]LogWorld: Bringing up level for play took: 0.002557
[2019.11.05-22.42.19:031][869]PIE: Play in editor start time for /Game/SideScrollerCPP/Maps/UEDPIE_0_SideScrollerExampleMap -0.388
[2019.11.05-22.42.19:032][869]LogBlueprintUserMessages: Late PlayInEditor Detection: Level '/Game/SideScrollerCPP/Maps/SideScrollerExampleMap.SideScrollerExampleMap:PersistentLevel' has LevelScriptBlueprint '/Game/SideScrollerCPP/Maps/SideScrollerExampleMap.SideScrollerExampleMap:PersistentLevel.SideScrollerExampleMap' with GeneratedClass '/Game/SideScrollerCPP/Maps/SideScrollerExampleMap.SideScrollerExampleMap_C' with ClassGeneratedBy '/Game/SideScrollerCPP/Maps/SideScrollerExampleMap.SideScrollerExampleMap:PersistentLevel.SideScrollerExampleMap'
[2019.11.05-22.42.20:419][952]LogBlueprintUserMessages: Early EndPlayMap Detection: Level '/Game/SideScrollerCPP/Maps/SideScrollerExampleMap.SideScrollerExampleMap:PersistentLevel' has LevelScriptBlueprint '/Game/SideScrollerCPP/Maps/SideScrollerExampleMap.SideScrollerExampleMap:PersistentLevel.SideScrollerExampleMap' with GeneratedClass '/Game/SideScrollerCPP/Maps/SideScrollerExampleMap.SideScrollerExampleMap_C' with ClassGeneratedBy '/Game/SideScrollerCPP/Maps/SideScrollerExampleMap.SideScrollerExampleMap:PersistentLevel.SideScrollerExampleMap'
[2019.11.05-22.42.20:419][952]LogSlate: Updating window title bar state: overlay mode, drag disabled, window buttons hidden, title bar hidden
[2019.11.05-22.42.20:459][952]LogPlayLevel: Display: Shutting down PIE online subsystems
[2019.11.05-22.42.20:459][952]LogBlueprintUserMessages: Late EndPlayMap Detection: Level '/Game/SideScrollerCPP/Maps/SideScrollerExampleMap.SideScrollerExampleMap:PersistentLevel' has LevelScriptBlueprint '/Game/SideScrollerCPP/Maps/SideScrollerExampleMap.SideScrollerExampleMap:PersistentLevel.SideScrollerExampleMap' with GeneratedClass '/Game/SideScrollerCPP/Maps/SideScrollerExampleMap.SideScrollerExampleMap_C' with ClassGeneratedBy '/Game/SideScrollerCPP/Maps/SideScrollerExampleMap.SideScrollerExampleMap:PersistentLevel.SideScrollerExampleMap'
[2019.11.05-22.42.20:487][952]LogSlate: Updating window title bar state: overlay mode, drag disabled, window buttons hidden, title bar hidden
[2019.11.05-22.42.20:529][954]LogPlayLevel: Display: Destroying online subsystem :Context_2
[2019.11.05-22.42.22:479][ 71]LogSlate: FSceneViewport::OnFocusLost() reason 0
