Log file open, 11/10/19 18:40:49
LogWindows: Failed to load 'aqProf.dll' (GetLastError=126)
LogWindows: File 'aqProf.dll' does not exist
LogWindows: Failed to load 'VSPerf140.dll' (GetLastError=126)
LogWindows: File 'VSPerf140.dll' does not exist
LogWindows: Failed to load 'VtuneApi.dll' (GetLastError=126)
LogWindows: File 'VtuneApi.dll' does not exist
LogWindows: Failed to load 'VtuneApi32e.dll' (GetLastError=126)
LogWindows: File 'VtuneApi32e.dll' does not exist
LogInit: Display: Running engine for game: DejaBrew
LogPlatformFile: Not using cached read wrapper
LogTaskGraph: Started task graph with 5 named threads and 23 total threads with 3 sets of task threads.
LogStats: Stats thread started at 0.399431
LogD3D11RHI: Loaded GFSDK_Aftermath_Lib.x64.dll
LogICUInternationalization: Display: ICU TimeZone Detection - Raw Offset: +10:00, Platform Override: ''
LogPluginManager: Mounting plugin Paper2D
LogPluginManager: Mounting plugin AISupport
LogPluginManager: Mounting plugin LightPropagationVolume
LogPluginManager: Mounting plugin CLionSourceCodeAccess
LogPluginManager: Mounting plugin CodeLiteSourceCodeAccess
LogPluginManager: Mounting plugin GitSourceControl
LogPluginManager: Mounting plugin KDevelopSourceCodeAccess
LogPluginManager: Mounting plugin NullSourceCodeAccess
LogPluginManager: Mounting plugin PerforceSourceControl
LogPluginManager: Mounting plugin SubversionSourceControl
LogPluginManager: Mounting plugin UObjectPlugin
LogPluginManager: Mounting plugin VisualStudioCodeSourceCodeAccess
LogPluginManager: Mounting plugin VisualStudioSourceCodeAccess
LogPluginManager: Mounting plugin XCodeSourceCodeAccess
LogPluginManager: Mounting plugin AssetManagerEditor
LogPluginManager: Mounting plugin CryptoKeys
LogPluginManager: Mounting plugin DataValidation
LogPluginManager: Mounting plugin FacialAnimation
LogPluginManager: Mounting plugin GameplayTagsEditor
LogPluginManager: Mounting plugin MacGraphicsSwitching
LogPluginManager: Mounting plugin MeshEditor
LogPluginManager: Mounting plugin MobileLauncherProfileWizard
LogPluginManager: Mounting plugin PluginBrowser
LogPluginManager: Mounting plugin SpeedTreeImporter
LogPluginManager: Mounting plugin DatasmithContent
LogPluginManager: Mounting plugin AlembicImporter
LogPluginManager: Mounting plugin AppleImageUtils
LogPluginManager: Mounting plugin AppleVision
LogPluginManager: Mounting plugin BackChannel
LogPluginManager: Mounting plugin CharacterAI
LogPluginManager: Mounting plugin GeometryCache
LogPluginManager: Mounting plugin HTML5Networking
LogPluginManager: Mounting plugin ProxyLODPlugin
LogPluginManager: Mounting plugin MagicLeap
LogPluginManager: Mounting plugin MagicLeapEmulator
LogPluginManager: Mounting plugin MagicLeapMedia
LogPluginManager: Mounting plugin AndroidMedia
LogPluginManager: Mounting plugin AvfMedia
LogPluginManager: Mounting plugin ImgMedia
LogPluginManager: Mounting plugin LinearTimecode
LogPluginManager: Mounting plugin MediaCompositing
LogPluginManager: Mounting plugin MediaPlayerEditor
LogPluginManager: Mounting plugin WmfMedia
LogPluginManager: Mounting plugin TcpMessaging
LogPluginManager: Mounting plugin UdpMessaging
LogPluginManager: Mounting plugin ActorSequence
LogPluginManager: Mounting plugin LevelSequenceEditor
LogPluginManager: Mounting plugin MatineeToLevelSequence
LogPluginManager: Mounting plugin NetcodeUnitTest
LogPluginManager: Mounting plugin NUTUnrealEngine4
LogPluginManager: Mounting plugin OnlineSubsystemGooglePlay
LogPluginManager: Mounting plugin OnlineSubsystemIOS
LogPluginManager: Mounting plugin OnlineSubsystem
LogPluginManager: Mounting plugin OnlineSubsystemNull
LogPluginManager: Mounting plugin OnlineSubsystemUtils
LogPluginManager: Mounting plugin LauncherChunkInstaller
LogPluginManager: Mounting plugin AndroidDeviceProfileSelector
LogPluginManager: Mounting plugin AndroidMoviePlayer
LogPluginManager: Mounting plugin AndroidPermission
LogPluginManager: Mounting plugin AppleMoviePlayer
LogPluginManager: Mounting plugin ArchVisCharacter
LogPluginManager: Mounting plugin AudioCapture
LogPluginManager: Mounting plugin CableComponent
LogPluginManager: Mounting plugin CustomMeshComponent
LogPluginManager: Mounting plugin EditableMesh
LogPluginManager: Mounting plugin ExampleDeviceProfileSelector
LogPluginManager: Mounting plugin GoogleCloudMessaging
LogPluginManager: Mounting plugin ImmediatePhysics
LogPluginManager: Mounting plugin IOSDeviceProfileSelector
LogPluginManager: Mounting plugin LinuxDeviceProfileSelector
LogPluginManager: Mounting plugin LocationServicesBPLibrary
LogPluginManager: Mounting plugin MobilePatchingUtils
LogPluginManager: Mounting plugin OculusVR
LogPluginManager: Plugin shader directory ../../../Engine/Plugins/Runtime/Oculus/OculusVR/Shaders found
LogPluginManager: Mapping shader source directory ../../../Engine/Plugins/Runtime/Oculus/OculusVR/Shaders to virtual directory /Plugin/OculusVR
LogPluginManager: Mounting plugin PhysXVehicles
LogPluginManager: Mounting plugin ProceduralMeshComponent
LogPluginManager: Mounting plugin RuntimePhysXCooking
LogPluginManager: Mounting plugin SteamVR
LogPluginManager: Mounting plugin WindowsMoviePlayer
LogStreaming: Display: Took  0.169s to configure plugins.
LogInit: Using libcurl 7.55.1-DEV
LogInit:  - built for x86_64-pc-win32
LogInit:  - supports SSL with OpenSSL/1.0.2h
LogInit:  - supports HTTP deflate (compression) using libz 1.2.8
LogInit:  - other features:
LogInit:      CURL_VERSION_SSL
LogInit:      CURL_VERSION_LIBZ
LogInit:      CURL_VERSION_IPV6
LogInit:      CURL_VERSION_ASYNCHDNS
LogInit:      CURL_VERSION_LARGEFILE
LogInit:      CURL_VERSION_IDN
LogInit:  CurlRequestOptions (configurable via config and command line):
LogInit:  - bVerifyPeer = false  - Libcurl will NOT verify peer certificate
LogInit:  - bUseHttpProxy = false  - Libcurl will NOT use HTTP proxy
LogInit:  - bDontReuseConnections = false  - Libcurl will reuse connections
LogInit:  - CertBundlePath = nullptr  - Libcurl will use whatever was configured at build time.
LogInit:  - MaxHostConnections = 16  - Libcurl will limit the number of connections to a host
LogInit:  - LocalHostAddr = Default
LogInit:  - BufferSize = 65536
LogInit: WinSock: version 1.1 (2.2), MaxSocks=32767, MaxUdp=65467
LogInit: Build: ++UE4+Release-4.20-CL-4369336
LogInit: Engine Version: 4.20.3-4369336+++UE4+Release-4.20
LogInit: Compatible Engine Version: 4.20.0-4212847+++UE4+Release-4.20
LogInit: Net CL: 4212847
LogInit: OS: Windows 10 (), CPU: Intel(R) Core(TM) i7-7700HQ CPU @ 2.80GHz, GPU: Intel(R) HD Graphics 630
LogInit: Compiled (64-bit): Sep 17 2018 12:26:19
LogInit: Compiled with Visual C++: 19.13.26129.00
LogInit: Build Configuration: Development
LogInit: Branch Name: ++UE4+Release-4.20
LogInit: Command Line:  -skipcompile
LogInit: Base Directory: C:/Program Files (x86)/UE_4.20/Engine/Binaries/Win64/
LogInit: Installed Engine Build: 1
LogDevObjectVersion: Number of dev versions registered: 20
LogDevObjectVersion:   Dev-Blueprints (B0D832E4-1F89-4F0D-ACCF-7EB736FD4AA2): 10
LogDevObjectVersion:   Dev-Build (E1C64328-A22C-4D53-A36C-8E866417BD8C): 0
LogDevObjectVersion:   Dev-Core (375EC13C-06E4-48FB-B500-84F0262A717E): 2
LogDevObjectVersion:   Dev-Editor (E4B068ED-F494-42E9-A231-DA0B2E46BB41): 24
LogDevObjectVersion:   Dev-Framework (CFFC743F-43B0-4480-9391-14DF171D2073): 34
LogDevObjectVersion:   Dev-Mobile (B02B49B5-BB20-44E9-A304-32B752E40360): 2
LogDevObjectVersion:   Dev-Networking (A4E4105C-59A1-49B5-A7C5-40C4547EDFEE): 0
LogDevObjectVersion:   Dev-Online (39C831C9-5AE6-47DC-9A44-9C173E1C8E7C): 0
LogDevObjectVersion:   Dev-Physics (78F01B33-EBEA-4F98-B9B4-84EACCB95AA2): 0
LogDevObjectVersion:   Dev-Platform (6631380F-2D4D-43E0-8009-CF276956A95A): 0
LogDevObjectVersion:   Dev-Rendering (12F88B9F-8875-4AFC-A67C-D90C383ABD29): 26
LogDevObjectVersion:   Dev-Sequencer (7B5AE74C-D270-4C10-A958-57980B212A5A): 9
LogDevObjectVersion:   Dev-VR (D7296918-1DD6-4BDD-9DE2-64A83CC13884): 2
LogDevObjectVersion:   Dev-LoadTimes (C2A15278-BFE7-4AFE-6C17-90FF531DF755): 1
LogDevObjectVersion:   Private-Geometry (6EACA3D4-40EC-4CC1-B786-8BED09428FC5): 3
LogDevObjectVersion:   Dev-AnimPhys (29E575DD-E0A3-4627-9D10-D276232CDCEA): 17
LogDevObjectVersion:   Dev-ReflectionCapture (6B266CEC-1EC7-4B8F-A30B-E4D90942FC07): 1
LogDevObjectVersion:   Dev-Automation (0DF73D61-A23F-47EA-B727-89E90C41499A): 1
LogDevObjectVersion:   FortniteMain (601D1886-AC64-4F84-AA16-D3DE0DEAC7D6): 12
LogDevObjectVersion:   Dev-Enterprise (9DFFBCD6-494F-0158-E221-12823C92A888): 1
LogStreaming: Display: Took  0.005s to delete old logs.
LogInit: Presizing for max 8388607 objects, including 0 objects not considered by GC, pre-allocating 0 bytes for permanent pool.
LogInit: Object subsystem initialized
[2019.11.10-07.40.50:029][  0]LogInit: Selected Device Profile: [Windows]
[2019.11.10-07.40.50:029][  0]LogInit: Applying CVar settings loaded from the selected device profile: [Windows]
[2019.11.10-07.40.50:059][  0]LogHAL: Display: Platform has ~ 16 GB [17095811072 / 17179869184 / 16], which maps to Larger [LargestMinGB=32, LargerMinGB=12, DefaultMinGB=8, SmallerMinGB=6, SmallestMinGB=0)
[2019.11.10-07.40.50:059][  0]LogInit: Setting Device Profile CVar: [[r.Vulkan.UseRealUBs:1]]
[2019.11.10-07.40.50:059][  0]LogInit: Going up to parent DeviceProfile []
[2019.11.10-07.40.50:060][  0]LogInit: Computer: MSI
[2019.11.10-07.40.50:060][  0]LogInit: User: hiit
[2019.11.10-07.40.50:061][  0]LogInit: CPU Page size=4096, Cores=4
[2019.11.10-07.40.50:061][  0]LogInit: High frequency timer resolution =10.000000 MHz
[2019.11.10-07.40.50:061][  0]LogMemory: Memory total: Physical=15.9GB (16GB approx)
[2019.11.10-07.40.50:062][  0]LogMemory: Platform Memory Stats for Windows
[2019.11.10-07.40.50:062][  0]LogMemory: Process Physical Memory: 102.54 MB used, 102.54 MB peak
[2019.11.10-07.40.50:062][  0]LogMemory: Process Virtual Memory: 89.61 MB used, 89.61 MB peak
[2019.11.10-07.40.50:062][  0]LogMemory: Physical Memory: 8065.59 MB used,  8238.25 MB free, 16303.84 MB total
[2019.11.10-07.40.50:063][  0]LogMemory: Virtual Memory: 4626.85 MB used,  8238.25 MB free, 134217728.00 MB total
[2019.11.10-07.40.50:923][  0]LogInit: Using OS detected language (en-US).
[2019.11.10-07.40.50:923][  0]LogInit: Using OS detected locale (en-AU).
[2019.11.10-07.40.50:925][  0]LogTextLocalizationManager: No specific localization for 'en-US' exists, so the 'en' localization will be used.
[2019.11.10-07.40.51:626][  0]LogStreaming: Display: Took  0.703s to InitEngineTextLocalization.
[2019.11.10-07.40.51:627][  0]LogInit: Setting process to per monitor DPI aware
[2019.11.10-07.40.51:747][  0]LogSlate: New Slate User Created.  User Index 0, Is Virtual User: 0
[2019.11.10-07.40.51:747][  0]LogSlate: Slate User Registered.  User Index 0, Is Virtual User: 0
[2019.11.10-07.40.52:092][  0]LogHMD: Failed to initialize OpenVR with code 110
[2019.11.10-07.40.52:092][  0]LogD3D11RHI: D3D11 adapters:
[2019.11.10-07.40.52:207][  0]LogD3D11RHI:    0. 'NVIDIA GeForce GTX 1050' (Feature Level 11_0)
[2019.11.10-07.40.52:207][  0]LogD3D11RHI:       4021/0/8151 MB DedicatedVideo/DedicatedSystem/SharedSystem, Outputs:1, VendorId:0x10de
[2019.11.10-07.40.52:240][  0]LogD3D11RHI:    1. 'Intel(R) HD Graphics 630' (Feature Level 11_0)
[2019.11.10-07.40.52:240][  0]LogD3D11RHI:       128/0/8151 MB DedicatedVideo/DedicatedSystem/SharedSystem, Outputs:0, VendorId:0x8086
[2019.11.10-07.40.52:249][  0]LogD3D11RHI:    2. 'Microsoft Basic Render Driver' (Feature Level 11_0)
[2019.11.10-07.40.52:249][  0]LogD3D11RHI:       0/0/8151 MB DedicatedVideo/DedicatedSystem/SharedSystem, Outputs:0, VendorId:0x1414
[2019.11.10-07.40.52:249][  0]LogD3D11RHI: Chosen D3D11 Adapter: 0
[2019.11.10-07.40.52:303][  0]LogD3D11RHI: Creating new Direct3DDevice
[2019.11.10-07.40.52:304][  0]LogD3D11RHI:     GPU DeviceId: 0x1c8d (for the marketing name, search the web for "GPU Device Id")
[2019.11.10-07.40.52:304][  0]LogWindows: EnumDisplayDevices:
[2019.11.10-07.40.52:304][  0]LogWindows:    0. 'Intel(R) HD Graphics 630' (P:1 D:1)
[2019.11.10-07.40.52:305][  0]LogWindows:    1. 'Intel(R) HD Graphics 630' (P:0 D:0)
[2019.11.10-07.40.52:306][  0]LogWindows:    2. 'Intel(R) HD Graphics 630' (P:0 D:0)
[2019.11.10-07.40.52:307][  0]LogWindows: DebugString: PrimaryIsNotTheChoosenAdapter PrimaryIsNotTheChoosenAdapter PrimaryIsNotTheChoosenAdapter FoundDriverCount:0 
[2019.11.10-07.40.52:307][  0]LogD3D11RHI:     Adapter Name: NVIDIA GeForce GTX 1050
[2019.11.10-07.40.52:307][  0]LogD3D11RHI:   Driver Version: Unknown (internal:Unknown, unified:Unknown)
[2019.11.10-07.40.52:308][  0]LogD3D11RHI:      Driver Date: Unknown
[2019.11.10-07.40.52:308][  0]LogRHI: Texture pool is 2814 MB (70% of 4021 MB)
[2019.11.10-07.40.52:382][  0]LogD3D11RHI: Async texture creation enabled
[2019.11.10-07.40.52:475][  0]LogD3D11RHI: GPU Timing Frequency: 1000.000000 (Debug: 2 2)
[2019.11.10-07.40.52:476][  0]LogShaderCompilers: Guid format shader working directory is -42 characters bigger than the processId version (../../../../../Users/hi_it/OneDrive/Documents/GitHub/Chicken-Crimpy-Repository/DejaBrew/Intermediate/Shaders/WorkingDirectory/20696/).
[2019.11.10-07.40.52:477][  0]LogShaderCompilers: Cleaned the shader compiler working directory 'C:/Users/hi_it/AppData/Local/Temp/UnrealShaderWorkingDir/0FC39B9D4FA57AAA9B74219559523462/'.
[2019.11.10-07.40.52:951][  0]LogTemp: Display: Loaded TP AllDesktopTargetPlatform
[2019.11.10-07.40.52:997][  0]LogTemp: Display: Loaded TP MacClientTargetPlatform
[2019.11.10-07.40.53:024][  0]LogTemp: Display: Loaded TP MacNoEditorTargetPlatform
[2019.11.10-07.40.53:049][  0]LogTemp: Display: Loaded TP MacServerTargetPlatform
[2019.11.10-07.40.53:072][  0]LogTemp: Display: Loaded TP MacTargetPlatform
[2019.11.10-07.40.53:095][  0]LogTemp: Display: Loaded TP WindowsClientTargetPlatform
[2019.11.10-07.40.53:119][  0]LogTemp: Display: Loaded TP WindowsNoEditorTargetPlatform
[2019.11.10-07.40.53:144][  0]LogTemp: Display: Loaded TP WindowsServerTargetPlatform
[2019.11.10-07.40.53:157][  0]LogTemp: Display: Loaded TP WindowsTargetPlatform
[2019.11.10-07.40.53:261][  0]LogTemp: Display: Loaded TP AndroidTargetPlatform
[2019.11.10-07.40.53:261][  0]LogTemp: Display: Loaded TP AndroidTargetPlatform
[2019.11.10-07.40.53:262][  0]LogTemp: Display: Loaded TP AndroidTargetPlatform
[2019.11.10-07.40.53:262][  0]LogTemp: Display: Loaded TP AndroidTargetPlatform
[2019.11.10-07.40.53:262][  0]LogTemp: Display: Loaded TP AndroidTargetPlatform
[2019.11.10-07.40.53:262][  0]LogTemp: Display: Loaded TP AndroidTargetPlatform
[2019.11.10-07.40.53:262][  0]LogTemp: Display: Loaded TP AndroidTargetPlatform
[2019.11.10-07.40.53:262][  0]LogTemp: Display: Loaded TP AndroidTargetPlatform
[2019.11.10-07.40.53:263][  0]LogTemp: Display: Loaded TP AndroidTargetPlatform
[2019.11.10-07.40.53:263][  0]LogTemp: Display: Loaded TP AndroidTargetPlatform
[2019.11.10-07.40.53:263][  0]LogTemp: Display: Loaded TP AndroidTargetPlatform
[2019.11.10-07.40.53:263][  0]LogTemp: Display: Loaded TP AndroidTargetPlatform
[2019.11.10-07.40.53:263][  0]LogTemp: Display: Loaded TP AndroidTargetPlatform
[2019.11.10-07.40.53:263][  0]LogTemp: Display: Loaded TP AndroidTargetPlatform
[2019.11.10-07.40.53:264][  0]LogTemp: Display: Loaded TP AndroidTargetPlatform
[2019.11.10-07.40.53:264][  0]LogTemp: Display: Loaded TP AndroidTargetPlatform
[2019.11.10-07.40.53:264][  0]LogTemp: Display: Loaded TP AndroidTargetPlatform
[2019.11.10-07.40.53:264][  0]LogTemp: Display: Loaded TP AndroidTargetPlatform
[2019.11.10-07.40.53:268][  0]LogTemp: Display: Loaded TP HTML5TargetPlatform
[2019.11.10-07.40.53:346][  0]LogTemp: Display: Loaded TP IOSTargetPlatform
[2019.11.10-07.40.53:346][  0]LogTemp: Display: Loaded TP IOSTargetPlatform
[2019.11.10-07.40.53:399][  0]LogTemp: Display: Loaded TP TVOSTargetPlatform
[2019.11.10-07.40.53:399][  0]LogTemp: Display: Loaded TP TVOSTargetPlatform
[2019.11.10-07.40.53:422][  0]LogTemp: Display: Loaded TP LinuxClientTargetPlatform
[2019.11.10-07.40.53:444][  0]LogTemp: Display: Loaded TP LinuxNoEditorTargetPlatform
[2019.11.10-07.40.53:468][  0]LogTemp: Display: Loaded TP LinuxServerTargetPlatform
[2019.11.10-07.40.53:489][  0]LogTemp: Display: Loaded TP LinuxTargetPlatform
[2019.11.10-07.40.53:504][  0]LogTemp: Display: Loaded TP LuminTargetPlatform
[2019.11.10-07.40.53:504][  0]LogTargetPlatformManager: Display: Building Assets For Windows
[2019.11.10-07.40.53:630][  0]LogXGEController: Cannot use XGE Controller as Incredibuild is not installed on this machine.
[2019.11.10-07.40.53:630][  0]LogShaderCompilers: Cannot use XGE Shader Compiler as Incredibuild is not installed on this machine.
[2019.11.10-07.40.53:630][  0]LogShaderCompilers: Display: Using Local Shader Compiler.
[2019.11.10-07.40.54:545][  0]LogDerivedDataCache: Display: Max Cache Size: 512 MB
[2019.11.10-07.40.54:605][  0]LogDerivedDataCache: Loaded boot cache 0.06s 80MB C:/Users/hi_it/AppData/Local/UnrealEngine/4.20/DerivedDataCache/Boot.ddc.
[2019.11.10-07.40.54:605][  0]LogDerivedDataCache: Display: Loaded Boot cache: C:/Users/hi_it/AppData/Local/UnrealEngine/4.20/DerivedDataCache/Boot.ddc
[2019.11.10-07.40.54:605][  0]LogDerivedDataCache: FDerivedDataBackendGraph:  Pak pak cache file ../../../../../Users/hi_it/OneDrive/Documents/GitHub/Chicken-Crimpy-Repository/DejaBrew/DerivedDataCache/DDC.ddp not found, will not use a pak cache.
[2019.11.10-07.40.54:606][  0]LogDerivedDataCache: Unable to find inner node Pak for hierarchical cache Hierarchy.
[2019.11.10-07.40.54:606][  0]LogDerivedDataCache: FDerivedDataBackendGraph:  CompressedPak pak cache file ../../../../../Users/hi_it/OneDrive/Documents/GitHub/Chicken-Crimpy-Repository/DejaBrew/DerivedDataCache/Compressed.ddp not found, will not use a pak cache.
[2019.11.10-07.40.54:606][  0]LogDerivedDataCache: Unable to find inner node CompressedPak for hierarchical cache Hierarchy.
[2019.11.10-07.40.54:622][  0]LogDerivedDataCache: Display: Pak cache opened for reading ../../../Engine/DerivedDataCache/Compressed.ddp.
[2019.11.10-07.40.54:638][  0]LogDerivedDataCache: Using Local data cache path C:/Users/hi_it/AppData/Local/UnrealEngine/Common/DerivedDataCache: Writable
[2019.11.10-07.40.54:639][  0]LogDerivedDataCache: Shared data cache path not found in *engine.ini, will not use an Shared cache.
[2019.11.10-07.40.54:639][  0]LogDerivedDataCache: Unable to find inner node Shared for hierarchical cache Hierarchy.
[2019.11.10-07.40.54:678][  0]LogMaterial: Verifying Global Shaders for PCD3D_SM5
[2019.11.10-07.40.54:681][  0]LogSlate: Using FreeType 2.6.0
[2019.11.10-07.40.54:682][  0]LogSlate: SlateFontServices - WITH_FREETYPE: 1, WITH_HARFBUZZ: 1
[2019.11.10-07.40.54:796][  0]LogAssetRegistry: FAssetRegistry took 0.0323 seconds to start up
[2019.11.10-07.40.55:194][  0]LogInit: Selected Device Profile: [Windows]
[2019.11.10-07.40.55:445][  0]LogSimplygon: Simplygon DLL not present - disabling.
[2019.11.10-07.40.55:462][  0]LogMeshReduction: Using SimplygonSwarm for distributed automatic mesh merging
[2019.11.10-07.40.55:462][  0]LogMeshReduction: Using ProxyLODMeshReduction for automatic mesh merging
[2019.11.10-07.40.55:462][  0]LogMeshReduction: Using QuadricMeshReduction for automatic static mesh reduction
[2019.11.10-07.40.55:462][  0]LogMeshReduction: No automatic skeletal mesh reduction module available
[2019.11.10-07.40.55:495][  0]LogNetVersion: DejaBrew 1.0.0, NetCL: 4212847, EngineNetVer: 5, GameNetVer: 0 (Checksum: 719251921)
[2019.11.10-07.40.56:402][  0]LogPackageLocalizationCache: Processed 11 localized package path(s) for 2 prioritized culture(s) in 0.235680 seconds
[2019.11.10-07.40.56:416][  0]LogUObjectArray: 38425 objects as part of root set at end of initial load.
[2019.11.10-07.40.56:417][  0]LogUObjectAllocator: 6690864 out of 0 bytes used by permanent object pool.
[2019.11.10-07.40.56:417][  0]LogUObjectArray: CloseDisregardForGC: 0/0 objects in disregard for GC pool
[2019.11.10-07.40.57:777][  0]LogTcpMessaging: Initializing TcpMessaging bridge
[2019.11.10-07.40.57:796][  0]LogUdpMessaging: Initializing bridge on interface 0.0.0.0:0 to multicast group 230.0.0.1:6666.
[2019.11.10-07.40.58:531][  0]SourceControl: Source control is disabled
[2019.11.10-07.40.58:531][  0]SourceControl: Source control is disabled
[2019.11.10-07.40.58:534][  0]SourceControl: Source control is disabled
[2019.11.10-07.40.58:538][  0]SourceControl: Source control is disabled
[2019.11.10-07.40.58:923][  0]LogAndroidPermission: UAndroidPermissionCallbackProxy::GetInstance
[2019.11.10-07.40.59:296][  0]LogOcInput: OculusInput pre-init called
[2019.11.10-07.40.59:450][  0]LogEngine: Initializing Engine...
[2019.11.10-07.40.59:451][  0]LogHMD: Failed to initialize OpenVR with code 110
[2019.11.10-07.40.59:453][  0]LogStats: UGameplayTagsManager::ConstructGameplayTagTree: ImportINI prefixes -  0.000 s
[2019.11.10-07.40.59:454][  0]LogStats: UGameplayTagsManager::ConstructGameplayTagTree: Construct from data asset -  0.000 s
[2019.11.10-07.40.59:454][  0]LogStats: UGameplayTagsManager::ConstructGameplayTagTree: ImportINI -  0.000 s
[2019.11.10-07.40.59:454][  0]LogStats: UGameplayTagsManager::ConstructGameplayTagTree: GameplayTagTreeChangedEvent.Broadcast -  0.000 s
[2019.11.10-07.40.59:805][  0]LogInit: Initializing FReadOnlyCVARCache
[2019.11.10-07.40.59:844][  0]LogAIModule: Creating AISystem for world Untitled
[2019.11.10-07.41.00:014][  0]LogInit: XAudio2 using 'Speakers (Realtek High Definition Audio)' : 6 channels at 48 kHz using 32 bits per sample (channel mask 0x3f)
[2019.11.10-07.41.00:194][  0]LogInit: FAudioDevice initialized.
[2019.11.10-07.41.00:195][  0]LogNetVersion: Set ProjectVersion to 1.0.0.0. Version Checksum will be recalculated on next use.
[2019.11.10-07.41.00:505][  0]LogDerivedDataCache: Saved boot cache 0.31s 80MB C:/Users/hi_it/AppData/Local/UnrealEngine/4.20/DerivedDataCache/Boot.ddc.
[2019.11.10-07.41.00:530][  0]LogInit: Texture streaming: Enabled
[2019.11.10-07.41.00:593][  0]LogEngineSessionManager: EngineSessionManager initialized
[2019.11.10-07.41.00:619][  0]LogInit: Transaction tracking system initialized
[2019.11.10-07.41.00:710][  0]BlueprintLog: New page: Editor Load
[2019.11.10-07.41.00:966][  0]LocalizationService: Localization service is disabled
[2019.11.10-07.41.01:282][  0]LogCook: Display: Max memory allowance for cook 16384mb min free memory 0mb
[2019.11.10-07.41.01:283][  0]LogCook: Display: Mobile HDR setting 1
[2019.11.10-07.41.01:283][  0]LogGameplayTags: Display: UGameplayTagsManager::DoneAddingNativeTags. DelegateIsBound: 0
[2019.11.10-07.41.01:283][  0]LogStats: UGameplayTagsManager::ConstructGameplayTagTree: ImportINI prefixes -  0.000 s
[2019.11.10-07.41.01:283][  0]LogStats: UGameplayTagsManager::ConstructGameplayTagTree: Construct from data asset -  0.000 s
[2019.11.10-07.41.01:283][  0]LogStats: UGameplayTagsManager::ConstructGameplayTagTree: ImportINI -  0.000 s
[2019.11.10-07.41.01:283][  0]LogStats: UGameplayTagsManager::ConstructGameplayTagTree: GameplayTagTreeChangedEvent.Broadcast -  0.000 s
[2019.11.10-07.41.01:512][  0]LogFileCache: Scanning file cache for directory 'C:/Users/hi_it/OneDrive/Documents/GitHub/Chicken-Crimpy-Repository/DejaBrew/Content/' took 0.02s
[2019.11.10-07.41.01:512][  0]SourceControl: Source control is disabled
[2019.11.10-07.41.01:513][  0]LightingResults: New page: Lighting Build
[2019.11.10-07.41.01:516][  0]MapCheck: New page: Map Check
[2019.11.10-07.41.01:517][  0]LightingResults: New page: Lighting Build
[2019.11.10-07.41.01:771][  0]LogAIModule: Creating AISystem for world SideScrollerExampleMap
[2019.11.10-07.41.01:795][  0]LogEditorServer: Finished looking for orphan Actors (0.000 secs)
[2019.11.10-07.41.01:845][  0]Cmd: MAP CHECKDEP NOCLEARLOG
[2019.11.10-07.41.02:024][  0]MapCheck: Map check complete: 0 Error(s), 0 Warning(s), took 178.727ms to complete.
[2019.11.10-07.41.02:024][  0]LogFileHelpers: Loading map 'SideScrollerExampleMap' took 0.512
[2019.11.10-07.41.02:270][  0]LogSlate: Updating window title bar state: overlay mode, drag disabled, window buttons hidden, title bar hidden
[2019.11.10-07.41.02:286][  0]LogSlate: Updating window title bar state: overlay mode, drag disabled, window buttons hidden, title bar hidden
[2019.11.10-07.41.02:301][  0]LogSlate: Updating window title bar state: overlay mode, drag disabled, window buttons hidden, title bar hidden
[2019.11.10-07.41.02:317][  0]LogSlate: Updating window title bar state: overlay mode, drag disabled, window buttons hidden, title bar hidden
[2019.11.10-07.41.02:334][  0]LogCollectionManager: Loaded 0 collections in 0.003778 seconds
[2019.11.10-07.41.02:402][  0]LogFileCache: Scanning file cache for directory 'C:/Users/hi_it/OneDrive/Documents/GitHub/Chicken-Crimpy-Repository/DejaBrew/Saved/Collections/' took 0.01s
[2019.11.10-07.41.02:402][  0]LogFileCache: Scanning file cache for directory 'C:/Users/hi_it/OneDrive/Documents/GitHub/Chicken-Crimpy-Repository/DejaBrew/Content/Developers/hiit/Collections/' took 0.02s
[2019.11.10-07.41.02:402][  0]LogFileCache: Scanning file cache for directory 'C:/Users/hi_it/OneDrive/Documents/GitHub/Chicken-Crimpy-Repository/DejaBrew/Content/Collections/' took 0.02s
[2019.11.10-07.41.02:402][  0]LogCollectionManager: Rebuilt the GUID cache for 0 collections in 0.000001 seconds
[2019.11.10-07.41.02:423][  0]LogContentBrowser: Native class hierarchy populated in 0.0196 seconds. Added 2575 classes and 605 folders.
[2019.11.10-07.41.02:442][  0]LogContentBrowser: Native class hierarchy updated for 'WidgetCarousel' in 0.0007 seconds. Added 0 classes and 0 folders.
[2019.11.10-07.41.02:524][  0]LogContentBrowser: Native class hierarchy updated for 'AddContentDialog' in 0.0004 seconds. Added 0 classes and 0 folders.
[2019.11.10-07.41.02:533][  0]LogContentBrowser: Native class hierarchy updated for 'SceneOutliner' in 0.0005 seconds. Added 1 classes and 2 folders.
[2019.11.10-07.41.02:619][  0]LogSlate: Took 0.000282 seconds to synchronously load lazily loaded font '../../../Engine/Content/Slate/Fonts/Roboto-Regular.ttf' (155K)
[2019.11.10-07.41.02:623][  0]LogSlate: Took 0.000327 seconds to synchronously load lazily loaded font '../../../Engine/Content/Slate/Fonts/Roboto-Bold.ttf' (160K)
[2019.11.10-07.41.02:631][  0]LogSlate: Took 0.000213 seconds to synchronously load lazily loaded font '../../../Engine/Content/Editor/Slate/Fonts/FontAwesome.ttf' (139K)
[2019.11.10-07.41.02:734][  0]LogRenderer: Reallocating scene render targets to support 884x508 Format 10 NumSamples 1 (Frame:1).
[2019.11.10-07.41.02:995][  0]LogContentBrowser: Native class hierarchy updated for 'HierarchicalLODOutliner' in 0.0010 seconds. Added 0 classes and 0 folders.
[2019.11.10-07.41.02:995][  0]LogLoad: (Engine Initialization) Total time: 15.30 seconds
[2019.11.10-07.41.02:996][  0]LogLoad: (Engine Initialization) Total Blueprint compile time: 0.00 seconds
[2019.11.10-07.41.03:094][  0]LogContentStreaming: Texture pool size now 1000 MB
[2019.11.10-07.41.03:146][  0]LogSlate: Took 0.000203 seconds to synchronously load lazily loaded font '../../../Engine/Content/Slate/Fonts/Roboto-Light.ttf' (167K)
[2019.11.10-07.41.03:330][  1]LogFileCache: Retrieving MD5 hashes for directory 'C:/Users/hi_it/OneDrive/Documents/GitHub/Chicken-Crimpy-Repository/DejaBrew/Content/' took 0.26s
[2019.11.10-07.41.03:382][  2]LogAssetRegistry: Asset discovery search completed in 8.6127 seconds
[2019.11.10-07.41.03:385][  2]LogCollectionManager: Rebuilt the object cache for 0 collections in 0.000000 seconds (found 0 objects)
[2019.11.10-07.41.03:386][  2]LogCollectionManager: Fixed up redirectors for 0 collections in 0.000238 seconds (updated 0 objects)
[2019.11.10-07.41.17:341][295]LogSlate: FSceneViewport::OnFocusLost() reason 0
[2019.11.10-07.41.22:522][391]LogSlate: Took 0.000191 seconds to synchronously load lazily loaded font '../../../Engine/Content/Slate/Fonts/Roboto-Light.ttf' (167K)
[2019.11.10-07.41.22:535][391]LogAssetEditorManager: Opening Asset editor for WidgetBlueprint /Game/SideScrollerCPP/Blueprints/Widgets/PM_OptionsWidget_BP.PM_OptionsWidget_BP
[2019.11.10-07.41.23:585][391]LogContentBrowser: Native class hierarchy updated for 'BlueprintGraph' in 0.0015 seconds. Added 116 classes and 0 folders.
[2019.11.10-07.41.25:234][391]LogSlate: Took 0.000225 seconds to synchronously load lazily loaded font '../../../Engine/Content/Slate/Fonts/Roboto-BoldCondensed.ttf' (158K)
[2019.11.10-07.41.51:294][995]LogSlate: Window 'PM_OptionsWidget_BP*' being destroyed
[2019.11.10-07.41.52:678][ 46]BlueprintLog: New page: Compile PM_OptionsWidget_BP
[2019.11.10-07.41.53:537][ 64]LogSavePackage: Moving '../../../../../Users/hi_it/OneDrive/Documents/GitHub/Chicken-Crimpy-Repository/DejaBrew/Saved/PM_OptionsWidget_BP9EDF89EA483AA7C2DBFCA19CE912DE24.tmp' to '../../../../../Users/hi_it/OneDrive/Documents/GitHub/Chicken-Crimpy-Repository/DejaBrew/Content/SideScrollerCPP/Blueprints/Widgets/PM_OptionsWidget_BP.uasset'
[2019.11.10-07.42.03:096][373]LogHttp: Warning: 00000251F237C7C0: request failed, libcurl error: 6 (Couldn't resolve host name)
[2019.11.10-07.42.03:096][373]LogHttp: Warning: 00000251F237C7C0: libcurl info message cache 0 (Could not resolve host: datarouter.ol.epicgames.com)
[2019.11.10-07.42.03:096][373]LogHttp: Warning: 00000251F237C7C0: libcurl info message cache 1 (Closing connection 0)
[2019.11.10-07.42.10:308][610]BlueprintLog: New page: Compile PM_OptionsWidget_BP
[2019.11.10-07.42.11:938][663]LogSavePackage: Moving '../../../../../Users/hi_it/OneDrive/Documents/GitHub/Chicken-Crimpy-Repository/DejaBrew/Saved/PM_OptionsWidget_BP689F21E24D1D332952677099BBD916DB.tmp' to '../../../../../Users/hi_it/OneDrive/Documents/GitHub/Chicken-Crimpy-Repository/DejaBrew/Content/SideScrollerCPP/Blueprints/Widgets/PM_OptionsWidget_BP.uasset'
[2019.11.10-07.42.24:320][ 89]BlueprintLog: New page: Compile PM_OptionsWidget_BP
[2019.11.10-07.42.25:803][130]LogSavePackage: Moving '../../../../../Users/hi_it/OneDrive/Documents/GitHub/Chicken-Crimpy-Repository/DejaBrew/Saved/PM_OptionsWidget_BP3390AB044C6EA3C07499E383C732DB9C.tmp' to '../../../../../Users/hi_it/OneDrive/Documents/GitHub/Chicken-Crimpy-Repository/DejaBrew/Content/SideScrollerCPP/Blueprints/Widgets/PM_OptionsWidget_BP.uasset'
[2019.11.10-07.42.34:301][443]BlueprintLog: New page: Compile PM_OptionsWidget_BP
[2019.11.10-07.42.35:251][464]LogSavePackage: Moving '../../../../../Users/hi_it/OneDrive/Documents/GitHub/Chicken-Crimpy-Repository/DejaBrew/Saved/PM_OptionsWidget_BP810112954C7695210503A7A776DFCC15.tmp' to '../../../../../Users/hi_it/OneDrive/Documents/GitHub/Chicken-Crimpy-Repository/DejaBrew/Content/SideScrollerCPP/Blueprints/Widgets/PM_OptionsWidget_BP.uasset'
[2019.11.10-07.43.23:281][976]LogSlate: Took 0.000202 seconds to synchronously load lazily loaded font '../../../Engine/Content/Slate/Fonts/Roboto-Italic.ttf' (157K)
[2019.11.10-07.43.43:268][561]BlueprintLog: New page: Compile PM_OptionsWidget_BP
[2019.11.10-07.43.44:589][577]LogSavePackage: Moving '../../../../../Users/hi_it/OneDrive/Documents/GitHub/Chicken-Crimpy-Repository/DejaBrew/Saved/PM_OptionsWidget_BP4985E1184D5B490F100BA3BD53F040ED.tmp' to '../../../../../Users/hi_it/OneDrive/Documents/GitHub/Chicken-Crimpy-Repository/DejaBrew/Content/SideScrollerCPP/Blueprints/Widgets/PM_OptionsWidget_BP.uasset'
[2019.11.10-07.43.55:365][875]BlueprintLog: New page: Compile PM_OptionsWidget_BP
[2019.11.10-07.43.56:354][886]LogSavePackage: Moving '../../../../../Users/hi_it/OneDrive/Documents/GitHub/Chicken-Crimpy-Repository/DejaBrew/Saved/PM_OptionsWidget_BP73E992AD401DB8E736477C84035E2F23.tmp' to '../../../../../Users/hi_it/OneDrive/Documents/GitHub/Chicken-Crimpy-Repository/DejaBrew/Content/SideScrollerCPP/Blueprints/Widgets/PM_OptionsWidget_BP.uasset'
[2019.11.10-07.43.57:732][915]LogTemp: Repeating last play command: Selected Viewport
[2019.11.10-07.43.57:801][915]LogBlueprintUserMessages: Early PlayInEditor Detection: Level '/Game/SideScrollerCPP/Maps/SideScrollerExampleMap.SideScrollerExampleMap:PersistentLevel' has LevelScriptBlueprint '/Game/SideScrollerCPP/Maps/SideScrollerExampleMap.SideScrollerExampleMap:PersistentLevel.SideScrollerExampleMap' with GeneratedClass '/Game/SideScrollerCPP/Maps/SideScrollerExampleMap.SideScrollerExampleMap_C' with ClassGeneratedBy '/Game/SideScrollerCPP/Maps/SideScrollerExampleMap.SideScrollerExampleMap:PersistentLevel.SideScrollerExampleMap'
[2019.11.10-07.43.57:802][915]LogPlayLevel: PlayLevel: No blueprints needed recompiling
[2019.11.10-07.43.57:826][915]PIE: New page: PIE session: SideScrollerExampleMap (11 Nov 2019 5:43:57 am)
[2019.11.10-07.43.57:826][915]LogPlayLevel: Creating play world package: /Game/SideScrollerCPP/Maps/UEDPIE_0_SideScrollerExampleMap
[2019.11.10-07.43.57:887][915]LogPlayLevel: PIE: StaticDuplicateObject took: (0.060079s)
[2019.11.10-07.43.57:890][915]LogAIModule: Creating AISystem for world SideScrollerExampleMap
[2019.11.10-07.43.57:891][915]LogPlayLevel: PIE: World Init took: (0.003180s)
[2019.11.10-07.43.57:891][915]LogPlayLevel: PIE: Created PIE world by copying editor world from /Game/SideScrollerCPP/Maps/SideScrollerExampleMap.SideScrollerExampleMap to /Game/SideScrollerCPP/Maps/UEDPIE_0_SideScrollerExampleMap.SideScrollerExampleMap (0.064559s)
[2019.11.10-07.43.58:018][915]LogInit: XAudio2 using 'Speakers (Realtek High Definition Audio)' : 6 channels at 48 kHz using 32 bits per sample (channel mask 0x3f)
[2019.11.10-07.43.58:102][915]LogInit: FAudioDevice initialized.
[2019.11.10-07.43.58:117][915]LogSlate: Updating window title bar state: overlay mode, drag disabled, window buttons hidden, title bar hidden
[2019.11.10-07.43.58:274][915]LogLoad: Game class is 'DejaBrewGameMode'
[2019.11.10-07.43.58:279][915]LogWorld: Bringing World /Game/SideScrollerCPP/Maps/UEDPIE_0_SideScrollerExampleMap.SideScrollerExampleMap up for play (max tick rate 0) at 2019.11.10-18.43.58
[2019.11.10-07.43.58:279][915]LogWorld: Bringing up level for play took: 0.003171
[2019.11.10-07.43.58:321][915]LogContentBrowser: Native class hierarchy updated for 'MovieSceneCapture' in 0.0009 seconds. Added 10 classes and 0 folders.
[2019.11.10-07.43.58:388][915]PIE: Play in editor start time for /Game/SideScrollerCPP/Maps/UEDPIE_0_SideScrollerExampleMap 1.411
[2019.11.10-07.43.58:389][915]LogBlueprintUserMessages: Late PlayInEditor Detection: Level '/Game/SideScrollerCPP/Maps/SideScrollerExampleMap.SideScrollerExampleMap:PersistentLevel' has LevelScriptBlueprint '/Game/SideScrollerCPP/Maps/SideScrollerExampleMap.SideScrollerExampleMap:PersistentLevel.SideScrollerExampleMap' with GeneratedClass '/Game/SideScrollerCPP/Maps/SideScrollerExampleMap.SideScrollerExampleMap_C' with ClassGeneratedBy '/Game/SideScrollerCPP/Maps/SideScrollerExampleMap.SideScrollerExampleMap:PersistentLevel.SideScrollerExampleMap'
[2019.11.10-07.43.58:442][915]LogRenderer: Reallocating scene render targets to support 1024x576 Format 10 NumSamples 1 (Frame:1).
[2019.11.10-07.44.02:399][976]LogSlate: FSceneViewport::OnFocusLost() reason 0
[2019.11.10-07.44.03:199][988]LogHttp: Warning: 00000251F2F8A840: request failed, libcurl error: 6 (Couldn't resolve host name)
[2019.11.10-07.44.03:199][988]LogHttp: Warning: 00000251F2F8A840: libcurl info message cache 0 (Could not resolve host: datarouter.ol.epicgames.com)
[2019.11.10-07.44.03:199][988]LogHttp: Warning: 00000251F2F8A840: libcurl info message cache 1 (Closing connection 1)
[2019.11.10-07.44.10:000][ 90]LogBlueprintUserMessages: Early EndPlayMap Detection: Level '/Game/SideScrollerCPP/Maps/SideScrollerExampleMap.SideScrollerExampleMap:PersistentLevel' has LevelScriptBlueprint '/Game/SideScrollerCPP/Maps/SideScrollerExampleMap.SideScrollerExampleMap:PersistentLevel.SideScrollerExampleMap' with GeneratedClass '/Game/SideScrollerCPP/Maps/SideScrollerExampleMap.SideScrollerExampleMap_C' with ClassGeneratedBy '/Game/SideScrollerCPP/Maps/SideScrollerExampleMap.SideScrollerExampleMap:PersistentLevel.SideScrollerExampleMap'
[2019.11.10-07.44.10:002][ 90]LogSlate: Updating window title bar state: overlay mode, drag disabled, window buttons hidden, title bar hidden
[2019.11.10-07.44.10:052][ 90]LogSlate: Window 'DejaBrew Game Preview Standalone (64-bit/PCD3D_SM5)' being destroyed
[2019.11.10-07.44.10:116][ 90]LogPlayLevel: Display: Shutting down PIE online subsystems
[2019.11.10-07.44.10:116][ 90]LogBlueprintUserMessages: Late EndPlayMap Detection: Level '/Game/SideScrollerCPP/Maps/SideScrollerExampleMap.SideScrollerExampleMap:PersistentLevel' has LevelScriptBlueprint '/Game/SideScrollerCPP/Maps/SideScrollerExampleMap.SideScrollerExampleMap:PersistentLevel.SideScrollerExampleMap' with GeneratedClass '/Game/SideScrollerCPP/Maps/SideScrollerExampleMap.SideScrollerExampleMap_C' with ClassGeneratedBy '/Game/SideScrollerCPP/Maps/SideScrollerExampleMap.SideScrollerExampleMap:PersistentLevel.SideScrollerExampleMap'
[2019.11.10-07.44.10:188][ 91]LogPlayLevel: Display: Destroying online subsystem :Context_3
[2019.11.10-07.44.32:689][616]BlueprintLog: New page: Compile PM_OptionsWidget_BP
[2019.11.10-07.44.33:708][627]LogSavePackage: Moving '../../../../../Users/hi_it/OneDrive/Documents/GitHub/Chicken-Crimpy-Repository/DejaBrew/Saved/PM_OptionsWidget_BP4082331A4FE8BC71A3AF929B1C747085.tmp' to '../../../../../Users/hi_it/OneDrive/Documents/GitHub/Chicken-Crimpy-Repository/DejaBrew/Content/SideScrollerCPP/Blueprints/Widgets/PM_OptionsWidget_BP.uasset'
[2019.11.10-07.44.34:788][646]LogTemp: Repeating last play command: Selected Viewport
[2019.11.10-07.44.34:816][646]LogBlueprintUserMessages: Early PlayInEditor Detection: Level '/Game/SideScrollerCPP/Maps/SideScrollerExampleMap.SideScrollerExampleMap:PersistentLevel' has LevelScriptBlueprint '/Game/SideScrollerCPP/Maps/SideScrollerExampleMap.SideScrollerExampleMap:PersistentLevel.SideScrollerExampleMap' with GeneratedClass '/Game/SideScrollerCPP/Maps/SideScrollerExampleMap.SideScrollerExampleMap_C' with ClassGeneratedBy '/Game/SideScrollerCPP/Maps/SideScrollerExampleMap.SideScrollerExampleMap:PersistentLevel.SideScrollerExampleMap'
[2019.11.10-07.44.34:816][646]LogPlayLevel: PlayLevel: No blueprints needed recompiling
[2019.11.10-07.44.34:817][646]PIE: New page: PIE session: SideScrollerExampleMap (11 Nov 2019 5:44:34 am)
[2019.11.10-07.44.34:817][646]LogPlayLevel: Creating play world package: /Game/SideScrollerCPP/Maps/UEDPIE_0_SideScrollerExampleMap
[2019.11.10-07.44.34:830][646]LogPlayLevel: PIE: StaticDuplicateObject took: (0.012720s)
[2019.11.10-07.44.34:831][646]LogAIModule: Creating AISystem for world SideScrollerExampleMap
[2019.11.10-07.44.34:831][646]LogPlayLevel: PIE: World Init took: (0.000871s)
[2019.11.10-07.44.34:831][646]LogPlayLevel: PIE: Created PIE world by copying editor world from /Game/SideScrollerCPP/Maps/SideScrollerExampleMap.SideScrollerExampleMap to /Game/SideScrollerCPP/Maps/UEDPIE_0_SideScrollerExampleMap.SideScrollerExampleMap (0.014088s)
[2019.11.10-07.44.34:918][646]LogInit: XAudio2 using 'Speakers (Realtek High Definition Audio)' : 6 channels at 48 kHz using 32 bits per sample (channel mask 0x3f)
[2019.11.10-07.44.35:063][646]LogInit: FAudioDevice initialized.
[2019.11.10-07.44.35:097][646]LogSlate: Updating window title bar state: overlay mode, drag disabled, window buttons hidden, title bar hidden
[2019.11.10-07.44.35:280][646]LogLoad: Game class is 'DejaBrewGameMode'
[2019.11.10-07.44.35:283][646]LogWorld: Bringing World /Game/SideScrollerCPP/Maps/UEDPIE_0_SideScrollerExampleMap.SideScrollerExampleMap up for play (max tick rate 0) at 2019.11.10-18.44.35
[2019.11.10-07.44.35:284][646]LogWorld: Bringing up level for play took: 0.002708
[2019.11.10-07.44.35:372][646]PIE: Play in editor start time for /Game/SideScrollerCPP/Maps/UEDPIE_0_SideScrollerExampleMap 0.394
[2019.11.10-07.44.35:373][646]LogBlueprintUserMessages: Late PlayInEditor Detection: Level '/Game/SideScrollerCPP/Maps/SideScrollerExampleMap.SideScrollerExampleMap:PersistentLevel' has LevelScriptBlueprint '/Game/SideScrollerCPP/Maps/SideScrollerExampleMap.SideScrollerExampleMap:PersistentLevel.SideScrollerExampleMap' with GeneratedClass '/Game/SideScrollerCPP/Maps/SideScrollerExampleMap.SideScrollerExampleMap_C' with ClassGeneratedBy '/Game/SideScrollerCPP/Maps/SideScrollerExampleMap.SideScrollerExampleMap:PersistentLevel.SideScrollerExampleMap'
[2019.11.10-07.44.39:373][707]LogSlate: FSceneViewport::OnFocusLost() reason 0
[2019.11.10-07.44.48:307][841]LogBlueprintUserMessages: Early EndPlayMap Detection: Level '/Game/SideScrollerCPP/Maps/SideScrollerExampleMap.SideScrollerExampleMap:PersistentLevel' has LevelScriptBlueprint '/Game/SideScrollerCPP/Maps/SideScrollerExampleMap.SideScrollerExampleMap:PersistentLevel.SideScrollerExampleMap' with GeneratedClass '/Game/SideScrollerCPP/Maps/SideScrollerExampleMap.SideScrollerExampleMap_C' with ClassGeneratedBy '/Game/SideScrollerCPP/Maps/SideScrollerExampleMap.SideScrollerExampleMap:PersistentLevel.SideScrollerExampleMap'
[2019.11.10-07.44.48:309][841]LogSlate: Updating window title bar state: overlay mode, drag disabled, window buttons hidden, title bar hidden
[2019.11.10-07.44.48:352][841]LogSlate: Window 'DejaBrew Game Preview Standalone (64-bit/PCD3D_SM5)' being destroyed
[2019.11.10-07.44.48:415][841]LogPlayLevel: Display: Shutting down PIE online subsystems
[2019.11.10-07.44.48:416][841]LogBlueprintUserMessages: Late EndPlayMap Detection: Level '/Game/SideScrollerCPP/Maps/SideScrollerExampleMap.SideScrollerExampleMap:PersistentLevel' has LevelScriptBlueprint '/Game/SideScrollerCPP/Maps/SideScrollerExampleMap.SideScrollerExampleMap:PersistentLevel.SideScrollerExampleMap' with GeneratedClass '/Game/SideScrollerCPP/Maps/SideScrollerExampleMap.SideScrollerExampleMap_C' with ClassGeneratedBy '/Game/SideScrollerCPP/Maps/SideScrollerExampleMap.SideScrollerExampleMap:PersistentLevel.SideScrollerExampleMap'
[2019.11.10-07.44.48:464][842]LogPlayLevel: Display: Destroying online subsystem :Context_4
