Log file open, 11/01/19 05:10:29
LogWindows: Failed to load 'aqProf.dll' (GetLastError=126)
LogWindows: File 'aqProf.dll' does not exist
LogWindows: Failed to load 'VSPerf140.dll' (GetLastError=126)
LogWindows: File 'VSPerf140.dll' does not exist
LogWindows: Failed to load 'VtuneApi.dll' (GetLastError=126)
LogWindows: File 'VtuneApi.dll' does not exist
LogWindows: Failed to load 'VtuneApi32e.dll' (GetLastError=126)
LogWindows: File 'VtuneApi32e.dll' does not exist
LogInit: Display: Running engine for game: DejaBrew
LogPlatformFile: Not using cached read wrapper
LogTaskGraph: Started task graph with 5 named threads and 23 total threads with 3 sets of task threads.
LogStats: Stats thread started at 0.376141
LogD3D11RHI: Loaded GFSDK_Aftermath_Lib.x64.dll
LogICUInternationalization: Display: ICU TimeZone Detection - Raw Offset: +10:00, Platform Override: ''
LogPluginManager: Mounting plugin Paper2D
LogPluginManager: Mounting plugin AISupport
LogPluginManager: Mounting plugin LightPropagationVolume
LogPluginManager: Mounting plugin CLionSourceCodeAccess
LogPluginManager: Mounting plugin CodeLiteSourceCodeAccess
LogPluginManager: Mounting plugin GitSourceControl
LogPluginManager: Mounting plugin KDevelopSourceCodeAccess
LogPluginManager: Mounting plugin NullSourceCodeAccess
LogPluginManager: Mounting plugin PerforceSourceControl
LogPluginManager: Mounting plugin SubversionSourceControl
LogPluginManager: Mounting plugin UObjectPlugin
LogPluginManager: Mounting plugin VisualStudioCodeSourceCodeAccess
LogPluginManager: Mounting plugin VisualStudioSourceCodeAccess
LogPluginManager: Mounting plugin XCodeSourceCodeAccess
LogPluginManager: Mounting plugin AssetManagerEditor
LogPluginManager: Mounting plugin CryptoKeys
LogPluginManager: Mounting plugin DataValidation
LogPluginManager: Mounting plugin FacialAnimation
LogPluginManager: Mounting plugin GameplayTagsEditor
LogPluginManager: Mounting plugin MacGraphicsSwitching
LogPluginManager: Mounting plugin MeshEditor
LogPluginManager: Mounting plugin MobileLauncherProfileWizard
LogPluginManager: Mounting plugin PluginBrowser
LogPluginManager: Mounting plugin SpeedTreeImporter
LogPluginManager: Mounting plugin DatasmithContent
LogPluginManager: Mounting plugin AlembicImporter
LogPluginManager: Mounting plugin AppleImageUtils
LogPluginManager: Mounting plugin AppleVision
LogPluginManager: Mounting plugin BackChannel
LogPluginManager: Mounting plugin CharacterAI
LogPluginManager: Mounting plugin GeometryCache
LogPluginManager: Mounting plugin HTML5Networking
LogPluginManager: Mounting plugin ProxyLODPlugin
LogPluginManager: Mounting plugin MagicLeap
LogPluginManager: Mounting plugin MagicLeapEmulator
LogPluginManager: Mounting plugin MagicLeapMedia
LogPluginManager: Mounting plugin AndroidMedia
LogPluginManager: Mounting plugin AvfMedia
LogPluginManager: Mounting plugin ImgMedia
LogPluginManager: Mounting plugin LinearTimecode
LogPluginManager: Mounting plugin MediaCompositing
LogPluginManager: Mounting plugin MediaPlayerEditor
LogPluginManager: Mounting plugin WmfMedia
LogPluginManager: Mounting plugin TcpMessaging
LogPluginManager: Mounting plugin UdpMessaging
LogPluginManager: Mounting plugin ActorSequence
LogPluginManager: Mounting plugin LevelSequenceEditor
LogPluginManager: Mounting plugin MatineeToLevelSequence
LogPluginManager: Mounting plugin NetcodeUnitTest
LogPluginManager: Mounting plugin NUTUnrealEngine4
LogPluginManager: Mounting plugin OnlineSubsystemGooglePlay
LogPluginManager: Mounting plugin OnlineSubsystemIOS
LogPluginManager: Mounting plugin OnlineSubsystem
LogPluginManager: Mounting plugin OnlineSubsystemNull
LogPluginManager: Mounting plugin OnlineSubsystemUtils
LogPluginManager: Mounting plugin LauncherChunkInstaller
LogPluginManager: Mounting plugin AndroidDeviceProfileSelector
LogPluginManager: Mounting plugin AndroidMoviePlayer
LogPluginManager: Mounting plugin AndroidPermission
LogPluginManager: Mounting plugin AppleMoviePlayer
LogPluginManager: Mounting plugin ArchVisCharacter
LogPluginManager: Mounting plugin AudioCapture
LogPluginManager: Mounting plugin CableComponent
LogPluginManager: Mounting plugin CustomMeshComponent
LogPluginManager: Mounting plugin EditableMesh
LogPluginManager: Mounting plugin ExampleDeviceProfileSelector
LogPluginManager: Mounting plugin GoogleCloudMessaging
LogPluginManager: Mounting plugin ImmediatePhysics
LogPluginManager: Mounting plugin IOSDeviceProfileSelector
LogPluginManager: Mounting plugin LinuxDeviceProfileSelector
LogPluginManager: Mounting plugin LocationServicesBPLibrary
LogPluginManager: Mounting plugin MobilePatchingUtils
LogPluginManager: Mounting plugin OculusVR
LogPluginManager: Plugin shader directory ../../../Engine/Plugins/Runtime/Oculus/OculusVR/Shaders found
LogPluginManager: Mapping shader source directory ../../../Engine/Plugins/Runtime/Oculus/OculusVR/Shaders to virtual directory /Plugin/OculusVR
LogPluginManager: Mounting plugin PhysXVehicles
LogPluginManager: Mounting plugin ProceduralMeshComponent
LogPluginManager: Mounting plugin RuntimePhysXCooking
LogPluginManager: Mounting plugin SteamVR
LogPluginManager: Mounting plugin WindowsMoviePlayer
LogStreaming: Display: Took  0.151s to configure plugins.
LogInit: Using libcurl 7.55.1-DEV
LogInit:  - built for x86_64-pc-win32
LogInit:  - supports SSL with OpenSSL/1.0.2h
LogInit:  - supports HTTP deflate (compression) using libz 1.2.8
LogInit:  - other features:
LogInit:      CURL_VERSION_SSL
LogInit:      CURL_VERSION_LIBZ
LogInit:      CURL_VERSION_IPV6
LogInit:      CURL_VERSION_ASYNCHDNS
LogInit:      CURL_VERSION_LARGEFILE
LogInit:      CURL_VERSION_IDN
LogInit:  CurlRequestOptions (configurable via config and command line):
LogInit:  - bVerifyPeer = false  - Libcurl will NOT verify peer certificate
LogInit:  - bUseHttpProxy = false  - Libcurl will NOT use HTTP proxy
LogInit:  - bDontReuseConnections = false  - Libcurl will reuse connections
LogInit:  - CertBundlePath = nullptr  - Libcurl will use whatever was configured at build time.
LogInit:  - MaxHostConnections = 16  - Libcurl will limit the number of connections to a host
LogInit:  - LocalHostAddr = Default
LogInit:  - BufferSize = 65536
LogInit: WinSock: version 1.1 (2.2), MaxSocks=32767, MaxUdp=65467
LogInit: Build: ++UE4+Release-4.20-CL-4369336
LogInit: Engine Version: 4.20.3-4369336+++UE4+Release-4.20
LogInit: Compatible Engine Version: 4.20.0-4212847+++UE4+Release-4.20
LogInit: Net CL: 4212847
LogInit: OS: Windows 10 (), CPU: Intel(R) Core(TM) i7-7700HQ CPU @ 2.80GHz, GPU: Intel(R) HD Graphics 630
LogInit: Compiled (64-bit): Sep 17 2018 12:26:19
LogInit: Compiled with Visual C++: 19.13.26129.00
LogInit: Build Configuration: Development
LogInit: Branch Name: ++UE4+Release-4.20
LogInit: Command Line:  -skipcompile
LogInit: Base Directory: C:/Program Files (x86)/UE_4.20/Engine/Binaries/Win64/
LogInit: Installed Engine Build: 1
LogDevObjectVersion: Number of dev versions registered: 20
LogDevObjectVersion:   Dev-Blueprints (B0D832E4-1F89-4F0D-ACCF-7EB736FD4AA2): 10
LogDevObjectVersion:   Dev-Build (E1C64328-A22C-4D53-A36C-8E866417BD8C): 0
LogDevObjectVersion:   Dev-Core (375EC13C-06E4-48FB-B500-84F0262A717E): 2
LogDevObjectVersion:   Dev-Editor (E4B068ED-F494-42E9-A231-DA0B2E46BB41): 24
LogDevObjectVersion:   Dev-Framework (CFFC743F-43B0-4480-9391-14DF171D2073): 34
LogDevObjectVersion:   Dev-Mobile (B02B49B5-BB20-44E9-A304-32B752E40360): 2
LogDevObjectVersion:   Dev-Networking (A4E4105C-59A1-49B5-A7C5-40C4547EDFEE): 0
LogDevObjectVersion:   Dev-Online (39C831C9-5AE6-47DC-9A44-9C173E1C8E7C): 0
LogDevObjectVersion:   Dev-Physics (78F01B33-EBEA-4F98-B9B4-84EACCB95AA2): 0
LogDevObjectVersion:   Dev-Platform (6631380F-2D4D-43E0-8009-CF276956A95A): 0
LogDevObjectVersion:   Dev-Rendering (12F88B9F-8875-4AFC-A67C-D90C383ABD29): 26
LogDevObjectVersion:   Dev-Sequencer (7B5AE74C-D270-4C10-A958-57980B212A5A): 9
LogDevObjectVersion:   Dev-VR (D7296918-1DD6-4BDD-9DE2-64A83CC13884): 2
LogDevObjectVersion:   Dev-LoadTimes (C2A15278-BFE7-4AFE-6C17-90FF531DF755): 1
LogDevObjectVersion:   Private-Geometry (6EACA3D4-40EC-4CC1-B786-8BED09428FC5): 3
LogDevObjectVersion:   Dev-AnimPhys (29E575DD-E0A3-4627-9D10-D276232CDCEA): 17
LogDevObjectVersion:   Dev-ReflectionCapture (6B266CEC-1EC7-4B8F-A30B-E4D90942FC07): 1
LogDevObjectVersion:   Dev-Automation (0DF73D61-A23F-47EA-B727-89E90C41499A): 1
LogDevObjectVersion:   FortniteMain (601D1886-AC64-4F84-AA16-D3DE0DEAC7D6): 12
LogDevObjectVersion:   Dev-Enterprise (9DFFBCD6-494F-0158-E221-12823C92A888): 1
LogStreaming: Display: Took  0.007s to delete old logs.
LogInit: Presizing for max 8388607 objects, including 0 objects not considered by GC, pre-allocating 0 bytes for permanent pool.
LogInit: Object subsystem initialized
[2019.10.31-18.10.29:585][  0]LogInit: Selected Device Profile: [Windows]
[2019.10.31-18.10.29:585][  0]LogInit: Applying CVar settings loaded from the selected device profile: [Windows]
[2019.10.31-18.10.29:602][  0]LogHAL: Display: Platform has ~ 16 GB [17095811072 / 17179869184 / 16], which maps to Larger [LargestMinGB=32, LargerMinGB=12, DefaultMinGB=8, SmallerMinGB=6, SmallestMinGB=0)
[2019.10.31-18.10.29:602][  0]LogInit: Setting Device Profile CVar: [[r.Vulkan.UseRealUBs:1]]
[2019.10.31-18.10.29:602][  0]LogInit: Going up to parent DeviceProfile []
[2019.10.31-18.10.29:603][  0]LogInit: Computer: MSI
[2019.10.31-18.10.29:603][  0]LogInit: User: hiit
[2019.10.31-18.10.29:603][  0]LogInit: CPU Page size=4096, Cores=4
[2019.10.31-18.10.29:603][  0]LogInit: High frequency timer resolution =10.000000 MHz
[2019.10.31-18.10.29:604][  0]LogMemory: Memory total: Physical=15.9GB (16GB approx)
[2019.10.31-18.10.29:604][  0]LogMemory: Platform Memory Stats for Windows
[2019.10.31-18.10.29:604][  0]LogMemory: Process Physical Memory: 102.09 MB used, 102.09 MB peak
[2019.10.31-18.10.29:604][  0]LogMemory: Process Virtual Memory: 89.35 MB used, 89.35 MB peak
[2019.10.31-18.10.29:604][  0]LogMemory: Physical Memory: 6781.75 MB used,  9522.09 MB free, 16303.84 MB total
[2019.10.31-18.10.29:604][  0]LogMemory: Virtual Memory: 4626.85 MB used,  9522.09 MB free, 134217728.00 MB total
[2019.10.31-18.10.30:158][  0]LogInit: Using OS detected language (en-US).
[2019.10.31-18.10.30:158][  0]LogInit: Using OS detected locale (en-AU).
[2019.10.31-18.10.30:159][  0]LogTextLocalizationManager: No specific localization for 'en-US' exists, so the 'en' localization will be used.
[2019.10.31-18.10.30:556][  0]LogStreaming: Display: Took  0.398s to InitEngineTextLocalization.
[2019.10.31-18.10.30:557][  0]LogInit: Setting process to per monitor DPI aware
[2019.10.31-18.10.30:639][  0]LogSlate: New Slate User Created.  User Index 0, Is Virtual User: 0
[2019.10.31-18.10.30:639][  0]LogSlate: Slate User Registered.  User Index 0, Is Virtual User: 0
[2019.10.31-18.10.30:894][  0]LogHMD: Failed to initialize OpenVR with code 110
[2019.10.31-18.10.30:894][  0]LogD3D11RHI: D3D11 adapters:
[2019.10.31-18.10.31:006][  0]LogD3D11RHI:    0. 'NVIDIA GeForce GTX 1050' (Feature Level 11_0)
[2019.10.31-18.10.31:006][  0]LogD3D11RHI:       4021/0/8151 MB DedicatedVideo/DedicatedSystem/SharedSystem, Outputs:1, VendorId:0x10de
[2019.10.31-18.10.31:031][  0]LogD3D11RHI:    1. 'Intel(R) HD Graphics 630' (Feature Level 11_0)
[2019.10.31-18.10.31:031][  0]LogD3D11RHI:       128/0/8151 MB DedicatedVideo/DedicatedSystem/SharedSystem, Outputs:0, VendorId:0x8086
[2019.10.31-18.10.31:037][  0]LogD3D11RHI:    2. 'Microsoft Basic Render Driver' (Feature Level 11_0)
[2019.10.31-18.10.31:037][  0]LogD3D11RHI:       0/0/8151 MB DedicatedVideo/DedicatedSystem/SharedSystem, Outputs:0, VendorId:0x1414
[2019.10.31-18.10.31:038][  0]LogD3D11RHI: Chosen D3D11 Adapter: 0
[2019.10.31-18.10.31:072][  0]LogD3D11RHI: Creating new Direct3DDevice
[2019.10.31-18.10.31:072][  0]LogD3D11RHI:     GPU DeviceId: 0x1c8d (for the marketing name, search the web for "GPU Device Id")
[2019.10.31-18.10.31:072][  0]LogWindows: EnumDisplayDevices:
[2019.10.31-18.10.31:072][  0]LogWindows:    0. 'Intel(R) HD Graphics 630' (P:1 D:1)
[2019.10.31-18.10.31:073][  0]LogWindows:    1. 'Intel(R) HD Graphics 630' (P:0 D:0)
[2019.10.31-18.10.31:073][  0]LogWindows:    2. 'Intel(R) HD Graphics 630' (P:0 D:0)
[2019.10.31-18.10.31:074][  0]LogWindows: DebugString: PrimaryIsNotTheChoosenAdapter PrimaryIsNotTheChoosenAdapter PrimaryIsNotTheChoosenAdapter FoundDriverCount:0 
[2019.10.31-18.10.31:074][  0]LogD3D11RHI:     Adapter Name: NVIDIA GeForce GTX 1050
[2019.10.31-18.10.31:074][  0]LogD3D11RHI:   Driver Version: Unknown (internal:Unknown, unified:Unknown)
[2019.10.31-18.10.31:074][  0]LogD3D11RHI:      Driver Date: Unknown
[2019.10.31-18.10.31:074][  0]LogRHI: Texture pool is 2814 MB (70% of 4021 MB)
[2019.10.31-18.10.31:121][  0]LogD3D11RHI: Async texture creation enabled
[2019.10.31-18.10.31:213][  0]LogD3D11RHI: GPU Timing Frequency: 1000.000000 (Debug: 2 2)
[2019.10.31-18.10.31:214][  0]LogShaderCompilers: Guid format shader working directory is -41 characters bigger than the processId version (../../../../../Users/hi_it/OneDrive/Documents/GitHub/Chicken-Crimpy-Repository/DejaBrew/Intermediate/Shaders/WorkingDirectory/4676/).
[2019.10.31-18.10.31:214][  0]LogShaderCompilers: Cleaned the shader compiler working directory 'C:/Users/hi_it/AppData/Local/Temp/UnrealShaderWorkingDir/8F5FFDE94F0025FEE3039DA25EB12719/'.
[2019.10.31-18.10.31:529][  0]LogTemp: Display: Loaded TP AllDesktopTargetPlatform
[2019.10.31-18.10.31:548][  0]LogTemp: Display: Loaded TP MacClientTargetPlatform
[2019.10.31-18.10.31:570][  0]LogTemp: Display: Loaded TP MacNoEditorTargetPlatform
[2019.10.31-18.10.31:589][  0]LogTemp: Display: Loaded TP MacServerTargetPlatform
[2019.10.31-18.10.31:608][  0]LogTemp: Display: Loaded TP MacTargetPlatform
[2019.10.31-18.10.31:626][  0]LogTemp: Display: Loaded TP WindowsClientTargetPlatform
[2019.10.31-18.10.31:644][  0]LogTemp: Display: Loaded TP WindowsNoEditorTargetPlatform
[2019.10.31-18.10.31:662][  0]LogTemp: Display: Loaded TP WindowsServerTargetPlatform
[2019.10.31-18.10.31:671][  0]LogTemp: Display: Loaded TP WindowsTargetPlatform
[2019.10.31-18.10.31:772][  0]LogTemp: Display: Loaded TP AndroidTargetPlatform
[2019.10.31-18.10.31:772][  0]LogTemp: Display: Loaded TP AndroidTargetPlatform
[2019.10.31-18.10.31:772][  0]LogTemp: Display: Loaded TP AndroidTargetPlatform
[2019.10.31-18.10.31:772][  0]LogTemp: Display: Loaded TP AndroidTargetPlatform
[2019.10.31-18.10.31:772][  0]LogTemp: Display: Loaded TP AndroidTargetPlatform
[2019.10.31-18.10.31:772][  0]LogTemp: Display: Loaded TP AndroidTargetPlatform
[2019.10.31-18.10.31:773][  0]LogTemp: Display: Loaded TP AndroidTargetPlatform
[2019.10.31-18.10.31:773][  0]LogTemp: Display: Loaded TP AndroidTargetPlatform
[2019.10.31-18.10.31:773][  0]LogTemp: Display: Loaded TP AndroidTargetPlatform
[2019.10.31-18.10.31:773][  0]LogTemp: Display: Loaded TP AndroidTargetPlatform
[2019.10.31-18.10.31:773][  0]LogTemp: Display: Loaded TP AndroidTargetPlatform
[2019.10.31-18.10.31:773][  0]LogTemp: Display: Loaded TP AndroidTargetPlatform
[2019.10.31-18.10.31:773][  0]LogTemp: Display: Loaded TP AndroidTargetPlatform
[2019.10.31-18.10.31:773][  0]LogTemp: Display: Loaded TP AndroidTargetPlatform
[2019.10.31-18.10.31:774][  0]LogTemp: Display: Loaded TP AndroidTargetPlatform
[2019.10.31-18.10.31:774][  0]LogTemp: Display: Loaded TP AndroidTargetPlatform
[2019.10.31-18.10.31:774][  0]LogTemp: Display: Loaded TP AndroidTargetPlatform
[2019.10.31-18.10.31:774][  0]LogTemp: Display: Loaded TP AndroidTargetPlatform
[2019.10.31-18.10.31:778][  0]LogTemp: Display: Loaded TP HTML5TargetPlatform
[2019.10.31-18.10.31:859][  0]LogTemp: Display: Loaded TP IOSTargetPlatform
[2019.10.31-18.10.31:859][  0]LogTemp: Display: Loaded TP IOSTargetPlatform
[2019.10.31-18.10.31:888][  0]LogTemp: Display: Loaded TP TVOSTargetPlatform
[2019.10.31-18.10.31:888][  0]LogTemp: Display: Loaded TP TVOSTargetPlatform
[2019.10.31-18.10.31:905][  0]LogTemp: Display: Loaded TP LinuxClientTargetPlatform
[2019.10.31-18.10.31:921][  0]LogTemp: Display: Loaded TP LinuxNoEditorTargetPlatform
[2019.10.31-18.10.31:936][  0]LogTemp: Display: Loaded TP LinuxServerTargetPlatform
[2019.10.31-18.10.31:955][  0]LogTemp: Display: Loaded TP LinuxTargetPlatform
[2019.10.31-18.10.31:970][  0]LogTemp: Display: Loaded TP LuminTargetPlatform
[2019.10.31-18.10.31:971][  0]LogTargetPlatformManager: Display: Building Assets For Windows
[2019.10.31-18.10.32:116][  0]LogXGEController: Cannot use XGE Controller as Incredibuild is not installed on this machine.
[2019.10.31-18.10.32:116][  0]LogShaderCompilers: Cannot use XGE Shader Compiler as Incredibuild is not installed on this machine.
[2019.10.31-18.10.32:117][  0]LogShaderCompilers: Display: Using Local Shader Compiler.
[2019.10.31-18.10.33:000][  0]LogDerivedDataCache: Display: Max Cache Size: 512 MB
[2019.10.31-18.10.33:062][  0]LogDerivedDataCache: Loaded boot cache 0.06s 80MB C:/Users/hi_it/AppData/Local/UnrealEngine/4.20/DerivedDataCache/Boot.ddc.
[2019.10.31-18.10.33:063][  0]LogDerivedDataCache: Display: Loaded Boot cache: C:/Users/hi_it/AppData/Local/UnrealEngine/4.20/DerivedDataCache/Boot.ddc
[2019.10.31-18.10.33:063][  0]LogDerivedDataCache: FDerivedDataBackendGraph:  Pak pak cache file ../../../../../Users/hi_it/OneDrive/Documents/GitHub/Chicken-Crimpy-Repository/DejaBrew/DerivedDataCache/DDC.ddp not found, will not use a pak cache.
[2019.10.31-18.10.33:064][  0]LogDerivedDataCache: Unable to find inner node Pak for hierarchical cache Hierarchy.
[2019.10.31-18.10.33:064][  0]LogDerivedDataCache: FDerivedDataBackendGraph:  CompressedPak pak cache file ../../../../../Users/hi_it/OneDrive/Documents/GitHub/Chicken-Crimpy-Repository/DejaBrew/DerivedDataCache/Compressed.ddp not found, will not use a pak cache.
[2019.10.31-18.10.33:064][  0]LogDerivedDataCache: Unable to find inner node CompressedPak for hierarchical cache Hierarchy.
[2019.10.31-18.10.33:080][  0]LogDerivedDataCache: Display: Pak cache opened for reading ../../../Engine/DerivedDataCache/Compressed.ddp.
[2019.10.31-18.10.33:094][  0]LogDerivedDataCache: Using Local data cache path C:/Users/hi_it/AppData/Local/UnrealEngine/Common/DerivedDataCache: Writable
[2019.10.31-18.10.33:095][  0]LogDerivedDataCache: Shared data cache path not found in *engine.ini, will not use an Shared cache.
[2019.10.31-18.10.33:095][  0]LogDerivedDataCache: Unable to find inner node Shared for hierarchical cache Hierarchy.
[2019.10.31-18.10.33:114][  0]LogMaterial: Verifying Global Shaders for PCD3D_SM5
[2019.10.31-18.10.33:116][  0]LogSlate: Using FreeType 2.6.0
[2019.10.31-18.10.33:117][  0]LogSlate: SlateFontServices - WITH_FREETYPE: 1, WITH_HARFBUZZ: 1
[2019.10.31-18.10.33:193][  0]LogAssetRegistry: FAssetRegistry took 0.0285 seconds to start up
[2019.10.31-18.10.33:549][  0]LogInit: Selected Device Profile: [Windows]
[2019.10.31-18.10.33:716][  0]LogSimplygon: Simplygon DLL not present - disabling.
[2019.10.31-18.10.33:728][  0]LogMeshReduction: Using SimplygonSwarm for distributed automatic mesh merging
[2019.10.31-18.10.33:729][  0]LogMeshReduction: Using ProxyLODMeshReduction for automatic mesh merging
[2019.10.31-18.10.33:729][  0]LogMeshReduction: Using QuadricMeshReduction for automatic static mesh reduction
[2019.10.31-18.10.33:729][  0]LogMeshReduction: No automatic skeletal mesh reduction module available
[2019.10.31-18.10.33:747][  0]LogNetVersion: DejaBrew 1.0.0, NetCL: 4212847, EngineNetVer: 5, GameNetVer: 0 (Checksum: 719251921)
[2019.10.31-18.10.34:305][  0]LogPackageLocalizationCache: Processed 11 localized package path(s) for 2 prioritized culture(s) in 0.128166 seconds
[2019.10.31-18.10.34:311][  0]LogUObjectArray: 38425 objects as part of root set at end of initial load.
[2019.10.31-18.10.34:311][  0]LogUObjectAllocator: 6690864 out of 0 bytes used by permanent object pool.
[2019.10.31-18.10.34:312][  0]LogUObjectArray: CloseDisregardForGC: 0/0 objects in disregard for GC pool
[2019.10.31-18.10.35:354][  0]LogTcpMessaging: Initializing TcpMessaging bridge
[2019.10.31-18.10.35:372][  0]LogUdpMessaging: Initializing bridge on interface 0.0.0.0:0 to multicast group 230.0.0.1:6666.
[2019.10.31-18.10.35:805][  0]SourceControl: Source control is disabled
[2019.10.31-18.10.35:806][  0]SourceControl: Source control is disabled
[2019.10.31-18.10.35:810][  0]SourceControl: Source control is disabled
[2019.10.31-18.10.35:814][  0]SourceControl: Source control is disabled
[2019.10.31-18.10.36:086][  0]LogAndroidPermission: UAndroidPermissionCallbackProxy::GetInstance
[2019.10.31-18.10.36:359][  0]LogOcInput: OculusInput pre-init called
[2019.10.31-18.10.36:446][  0]LogEngine: Initializing Engine...
[2019.10.31-18.10.36:447][  0]LogHMD: Failed to initialize OpenVR with code 110
[2019.10.31-18.10.36:449][  0]LogStats: UGameplayTagsManager::ConstructGameplayTagTree: ImportINI prefixes -  0.000 s
[2019.10.31-18.10.36:449][  0]LogStats: UGameplayTagsManager::ConstructGameplayTagTree: Construct from data asset -  0.000 s
[2019.10.31-18.10.36:449][  0]LogStats: UGameplayTagsManager::ConstructGameplayTagTree: ImportINI -  0.000 s
[2019.10.31-18.10.36:450][  0]LogStats: UGameplayTagsManager::ConstructGameplayTagTree: GameplayTagTreeChangedEvent.Broadcast -  0.000 s
[2019.10.31-18.10.36:691][  0]LogInit: Initializing FReadOnlyCVARCache
[2019.10.31-18.10.36:707][  0]LogAIModule: Creating AISystem for world Untitled
[2019.10.31-18.10.36:842][  0]LogInit: XAudio2 using 'Speakers (Realtek High Definition Audio)' : 6 channels at 48 kHz using 32 bits per sample (channel mask 0x3f)
[2019.10.31-18.10.36:933][  0]LogInit: FAudioDevice initialized.
[2019.10.31-18.10.36:934][  0]LogNetVersion: Set ProjectVersion to 1.0.0.0. Version Checksum will be recalculated on next use.
[2019.10.31-18.10.37:113][  0]LogDerivedDataCache: Saved boot cache 0.18s 80MB C:/Users/hi_it/AppData/Local/UnrealEngine/4.20/DerivedDataCache/Boot.ddc.
[2019.10.31-18.10.37:119][  0]LogInit: Texture streaming: Enabled
[2019.10.31-18.10.37:153][  0]LogEngineSessionManager: EngineSessionManager initialized
[2019.10.31-18.10.37:169][  0]LogInit: Transaction tracking system initialized
[2019.10.31-18.10.37:214][  0]BlueprintLog: New page: Editor Load
[2019.10.31-18.10.37:412][  0]LocalizationService: Localization service is disabled
[2019.10.31-18.10.37:726][  0]LogCook: Display: Max memory allowance for cook 16384mb min free memory 0mb
[2019.10.31-18.10.37:727][  0]LogCook: Display: Mobile HDR setting 1
[2019.10.31-18.10.37:727][  0]LogGameplayTags: Display: UGameplayTagsManager::DoneAddingNativeTags. DelegateIsBound: 0
[2019.10.31-18.10.37:727][  0]LogStats: UGameplayTagsManager::ConstructGameplayTagTree: ImportINI prefixes -  0.000 s
[2019.10.31-18.10.37:727][  0]LogStats: UGameplayTagsManager::ConstructGameplayTagTree: Construct from data asset -  0.000 s
[2019.10.31-18.10.37:727][  0]LogStats: UGameplayTagsManager::ConstructGameplayTagTree: ImportINI -  0.000 s
[2019.10.31-18.10.37:727][  0]LogStats: UGameplayTagsManager::ConstructGameplayTagTree: GameplayTagTreeChangedEvent.Broadcast -  0.000 s
[2019.10.31-18.10.37:937][  0]LogFileCache: Scanning file cache for directory 'C:/Users/hi_it/OneDrive/Documents/GitHub/Chicken-Crimpy-Repository/DejaBrew/Content/' took 0.02s
[2019.10.31-18.10.37:937][  0]SourceControl: Source control is disabled
[2019.10.31-18.10.37:938][  0]LightingResults: New page: Lighting Build
[2019.10.31-18.10.37:941][  0]MapCheck: New page: Map Check
[2019.10.31-18.10.37:941][  0]LightingResults: New page: Lighting Build
[2019.10.31-18.10.38:034][  0]LogLinker: Warning: Can't find file '/Game/SideScrollerCPP/Maps/SideScrollerExampleMap_BuiltData'
[2019.10.31-18.10.38:035][  0]LogLinker: Warning: Can't find file for asset '/Game/SideScrollerCPP/Maps/SideScrollerExampleMap_BuiltData' while loading ../../../../../Users/hi_it/OneDrive/Documents/GitHub/Chicken-Crimpy-Repository/DejaBrew/Content/SideScrollerCPP/Maps/SideScrollerExampleMap.umap.
[2019.10.31-18.10.38:035][  0]LoadErrors: Error: /Game/SideScrollerCPP/Maps/SideScrollerExampleMap : Can't find file for asset. /Game/SideScrollerCPP/Maps/SideScrollerExampleMap_BuiltData
[2019.10.31-18.10.38:049][  0]LogLinker: Warning: Can't find file '/Game/SideScrollerCPP/Maps/SideScrollerExampleMap_BuiltData'
[2019.10.31-18.10.38:050][  0]LogLinker: Warning: Can't find file for asset '/Game/SideScrollerCPP/Maps/SideScrollerExampleMap_BuiltData' while loading ../../../../../Users/hi_it/OneDrive/Documents/GitHub/Chicken-Crimpy-Repository/DejaBrew/Content/SideScrollerCPP/Maps/SideScrollerExampleMap.umap.
[2019.10.31-18.10.38:050][  0]LoadErrors: Error: /Game/SideScrollerCPP/Maps/SideScrollerExampleMap : Can't find file for asset. /Game/SideScrollerCPP/Maps/SideScrollerExampleMap_BuiltData
[2019.10.31-18.10.38:053][  0]LogLinker: Warning: Can't find file '/Game/SideScrollerCPP/Maps/SideScrollerExampleMap_BuiltData'
[2019.10.31-18.10.38:053][  0]LogLinker: Warning: Can't find file for asset '/Game/SideScrollerCPP/Maps/SideScrollerExampleMap_BuiltData' while loading NULL.
[2019.10.31-18.10.38:053][  0]LogLinker: Warning: Can't find file '/Game/SideScrollerCPP/Maps/SideScrollerExampleMap_BuiltData'
[2019.10.31-18.10.38:054][  0]LogLinker: Warning: Can't find file for asset '/Game/SideScrollerCPP/Maps/SideScrollerExampleMap_BuiltData' while loading NULL.
[2019.10.31-18.10.38:070][  0]LogLinker: Warning: Can't find file '/Game/SideScrollerCPP/Maps/SideScrollerExampleMap_BuiltData'
[2019.10.31-18.10.38:071][  0]LoadErrors: Failed to load /Game/SideScrollerCPP/Maps/SideScrollerExampleMap_BuiltData.SideScrollerExampleMap_BuiltData Referenced by PersistentLevel
[2019.10.31-18.10.38:071][  0]LogLinker: Warning: Can't find file for asset '/Game/SideScrollerCPP/Maps/SideScrollerExampleMap_BuiltData' while loading NULL.
[2019.10.31-18.10.38:071][  0]LoadErrors: Failed to load /Game/SideScrollerCPP/Maps/SideScrollerExampleMap_BuiltData.SideScrollerExampleMap_BuiltData Referenced by PersistentLevel
[2019.10.31-18.10.38:134][  0]LogAIModule: Creating AISystem for world SideScrollerExampleMap
[2019.10.31-18.10.38:147][  0]LogEditorServer: Finished looking for orphan Actors (0.000 secs)
[2019.10.31-18.10.38:169][  0]Cmd: MAP CHECKDEP NOCLEARLOG
[2019.10.31-18.10.38:251][  0]MapCheck: Map check complete: 0 Error(s), 0 Warning(s), took 81.874ms to complete.
[2019.10.31-18.10.38:252][  0]LogFileHelpers: Loading map 'SideScrollerExampleMap' took 0.313
[2019.10.31-18.10.38:408][  0]LogSlate: Updating window title bar state: overlay mode, drag disabled, window buttons hidden, title bar hidden
[2019.10.31-18.10.38:418][  0]LogSlate: Updating window title bar state: overlay mode, drag disabled, window buttons hidden, title bar hidden
[2019.10.31-18.10.38:427][  0]LogSlate: Updating window title bar state: overlay mode, drag disabled, window buttons hidden, title bar hidden
[2019.10.31-18.10.38:436][  0]LogSlate: Updating window title bar state: overlay mode, drag disabled, window buttons hidden, title bar hidden
[2019.10.31-18.10.38:447][  0]LogCollectionManager: Loaded 0 collections in 0.001959 seconds
[2019.10.31-18.10.38:496][  0]LogFileCache: Scanning file cache for directory 'C:/Users/hi_it/OneDrive/Documents/GitHub/Chicken-Crimpy-Repository/DejaBrew/Saved/Collections/' took 0.01s
[2019.10.31-18.10.38:496][  0]LogFileCache: Scanning file cache for directory 'C:/Users/hi_it/OneDrive/Documents/GitHub/Chicken-Crimpy-Repository/DejaBrew/Content/Developers/hiit/Collections/' took 0.01s
[2019.10.31-18.10.38:497][  0]LogFileCache: Scanning file cache for directory 'C:/Users/hi_it/OneDrive/Documents/GitHub/Chicken-Crimpy-Repository/DejaBrew/Content/Collections/' took 0.01s
[2019.10.31-18.10.38:497][  0]LogCollectionManager: Rebuilt the GUID cache for 0 collections in 0.000000 seconds
[2019.10.31-18.10.38:507][  0]LogContentBrowser: Native class hierarchy populated in 0.0100 seconds. Added 2575 classes and 605 folders.
[2019.10.31-18.10.38:515][  0]LogContentBrowser: Native class hierarchy updated for 'WidgetCarousel' in 0.0003 seconds. Added 0 classes and 0 folders.
[2019.10.31-18.10.38:564][  0]LogContentBrowser: Native class hierarchy updated for 'AddContentDialog' in 0.0003 seconds. Added 0 classes and 0 folders.
[2019.10.31-18.10.38:575][  0]LogContentBrowser: Native class hierarchy updated for 'SceneOutliner' in 0.0004 seconds. Added 1 classes and 2 folders.
[2019.10.31-18.10.39:742][  0]LogSlate: Only BGRA pngs, bmps or icos are supported in by External Image Picker
[2019.10.31-18.10.39:810][  0]LogSlate: Took 0.000226 seconds to synchronously load lazily loaded font '../../../Engine/Content/Slate/Fonts/Roboto-Regular.ttf' (155K)
[2019.10.31-18.10.39:815][  0]LogSlate: Took 0.000798 seconds to synchronously load lazily loaded font '../../../Engine/Content/Slate/Fonts/Roboto-Bold.ttf' (160K)
[2019.10.31-18.10.39:824][  0]LogSlate: Took 0.000187 seconds to synchronously load lazily loaded font '../../../Engine/Content/Editor/Slate/Fonts/FontAwesome.ttf' (139K)
[2019.10.31-18.10.39:924][  0]LogTemp: Executing iPhonePackager certificates Engine -bundlename com.YourCompany.DejaBrew
[2019.10.31-18.10.39:924][  0]LogTemp: CWD: C:\Program Files (x86)\UE_4.20\Engine\Binaries\DotNET\IOS
[2019.10.31-18.10.39:924][  0]LogTemp: Initial Dir: C:\Program Files (x86)\UE_4.20
[2019.10.31-18.10.39:924][  0]LogTemp: Env CWD: C:\Program Files (x86)\UE_4.20\Engine\Binaries\DotNET\IOS
[2019.10.31-18.10.39:924][  0]LogTemp: BranchPath = MSI/C/Program Files (x86)/UE_4.20/Engine/Binaries --- GameBranchPath = MSI/C/Program Files (x86)/UE_4.20/Engine/Binaries
[2019.10.31-18.10.39:924][  0]LogTemp: IPP ERROR: Could not find provision directory 'C:\Users\hi_it\AppData\Local/Apple Computer/MobileDevice/Provisioning Profiles/'.
[2019.10.31-18.10.39:924][  0]LogRenderer: Reallocating scene render targets to support 884x436 Format 10 NumSamples 1 (Frame:1).
[2019.10.31-18.10.40:124][  0]LogContentBrowser: Native class hierarchy updated for 'HierarchicalLODOutliner' in 0.0004 seconds. Added 0 classes and 0 folders.
[2019.10.31-18.10.40:125][  0]LogLoad: (Engine Initialization) Total time: 12.62 seconds
[2019.10.31-18.10.40:125][  0]LogLoad: (Engine Initialization) Total Blueprint compile time: 0.00 seconds
[2019.10.31-18.10.40:185][  0]LogContentStreaming: Texture pool size now 1000 MB
[2019.10.31-18.10.40:194][  0]LogSlate: FSceneViewport::OnFocusLost() reason 2
[2019.10.31-18.10.40:237][  0]LogSlate: Took 0.000227 seconds to synchronously load lazily loaded font '../../../Engine/Content/Slate/Fonts/Roboto-Light.ttf' (167K)
[2019.10.31-18.10.40:249][  1]LogFileCache: Retrieving MD5 hashes for directory 'C:/Users/hi_it/OneDrive/Documents/GitHub/Chicken-Crimpy-Repository/DejaBrew/Content/' took 0.09s
[2019.10.31-18.10.40:328][  1]LogAssetRegistry: Asset discovery search completed in 7.1586 seconds
[2019.10.31-18.10.40:330][  1]LogCollectionManager: Rebuilt the object cache for 0 collections in 0.000000 seconds (found 0 objects)
[2019.10.31-18.10.40:330][  1]LogCollectionManager: Fixed up redirectors for 0 collections in 0.000220 seconds (updated 0 objects)
[2019.10.31-18.11.12:979][957]LogSlate: Window 'Message Log' being destroyed
[2019.10.31-18.11.12:983][957]LogSlate: Window 'Message Log' being destroyed
[2019.10.31-18.11.14:579][ 53]LogSlate: FSceneViewport::OnFocusLost() reason 0
[2019.10.31-18.11.14:803][ 66]LogSlate: Took 0.000193 seconds to synchronously load lazily loaded font '../../../Engine/Content/Slate/Fonts/Roboto-Light.ttf' (167K)
[2019.10.31-18.11.14:812][ 66]LogAssetEditorManager: Opening Asset editor for Blueprint /Game/SideScrollerCPP/Blueprints/SideScrollerCharacter.SideScrollerCharacter
[2019.10.31-18.11.15:398][ 66]LogContentBrowser: Native class hierarchy updated for 'BlueprintGraph' in 0.0007 seconds. Added 116 classes and 0 folders.
[2019.10.31-18.11.21:815][383]LogAssetEditorManager: Opening Asset editor for Blueprint /Game/SideScrollerCPP/Blueprints/SideScrollerCharacter.SideScrollerCharacter
[2019.10.31-18.11.22:173][383]LogSlate: Took 0.005385 seconds to synchronously load lazily loaded font '../../../Engine/Content/Slate/Fonts/Roboto-BoldCondensed.ttf' (158K)
[2019.10.31-18.11.24:370][512]LogSlate: Took 0.004337 seconds to synchronously load lazily loaded font '../../../Engine/Content/Slate/Fonts/Roboto-Italic.ttf' (157K)
[2019.10.31-18.12.41:376][107]BlueprintLog: New page: Compile SideScrollerCharacter
[2019.10.31-18.13.11:112][880]LogTemp: Repeating last play command: New Editor Window (PIE)
[2019.10.31-18.13.11:141][880]LogBlueprintUserMessages: Early PlayInEditor Detection: Level '/Game/SideScrollerCPP/Maps/SideScrollerExampleMap.SideScrollerExampleMap:PersistentLevel' has LevelScriptBlueprint '/Game/SideScrollerCPP/Maps/SideScrollerExampleMap.SideScrollerExampleMap:PersistentLevel.SideScrollerExampleMap' with GeneratedClass '/Game/SideScrollerCPP/Maps/SideScrollerExampleMap.SideScrollerExampleMap_C' with ClassGeneratedBy '/Game/SideScrollerCPP/Maps/SideScrollerExampleMap.SideScrollerExampleMap:PersistentLevel.SideScrollerExampleMap'
[2019.10.31-18.13.11:141][880]LogPlayLevel: PlayLevel: No blueprints needed recompiling
[2019.10.31-18.13.11:157][880]PIE: New page: PIE session: SideScrollerExampleMap (1 Nov 2019 4:13:11 pm)
[2019.10.31-18.13.11:158][880]LogPlayLevel: Creating play world package: /Game/SideScrollerCPP/Maps/UEDPIE_0_SideScrollerExampleMap
[2019.10.31-18.13.11:179][880]LogPlayLevel: PIE: StaticDuplicateObject took: (0.021328s)
[2019.10.31-18.13.11:180][880]LogAIModule: Creating AISystem for world SideScrollerExampleMap
[2019.10.31-18.13.11:180][880]LogPlayLevel: PIE: World Init took: (0.001233s)
[2019.10.31-18.13.11:181][880]LogPlayLevel: PIE: Created PIE world by copying editor world from /Game/SideScrollerCPP/Maps/SideScrollerExampleMap.SideScrollerExampleMap to /Game/SideScrollerCPP/Maps/UEDPIE_0_SideScrollerExampleMap.SideScrollerExampleMap (0.023092s)
[2019.10.31-18.13.11:267][880]LogInit: XAudio2 using 'Speakers (Realtek High Definition Audio)' : 6 channels at 48 kHz using 32 bits per sample (channel mask 0x3f)
[2019.10.31-18.13.11:349][880]LogInit: FAudioDevice initialized.
[2019.10.31-18.13.11:363][880]LogSlate: Updating window title bar state: overlay mode, drag disabled, window buttons hidden, title bar hidden
[2019.10.31-18.13.11:464][880]LogLoad: Game class is 'DejaBrewGameMode'
[2019.10.31-18.13.11:469][880]LogWorld: Bringing World /Game/SideScrollerCPP/Maps/UEDPIE_0_SideScrollerExampleMap.SideScrollerExampleMap up for play (max tick rate 60) at 2019.11.01-05.13.11
[2019.10.31-18.13.11:469][880]LogWorld: Bringing up level for play took: 0.002501
[2019.10.31-18.13.11:488][880]LogContentBrowser: Native class hierarchy updated for 'MovieSceneCapture' in 0.0004 seconds. Added 10 classes and 0 folders.
[2019.10.31-18.13.11:490][880]PIE: Play in editor start time for /Game/SideScrollerCPP/Maps/UEDPIE_0_SideScrollerExampleMap 0.662
[2019.10.31-18.13.11:491][880]LogBlueprintUserMessages: Late PlayInEditor Detection: Level '/Game/SideScrollerCPP/Maps/SideScrollerExampleMap.SideScrollerExampleMap:PersistentLevel' has LevelScriptBlueprint '/Game/SideScrollerCPP/Maps/SideScrollerExampleMap.SideScrollerExampleMap:PersistentLevel.SideScrollerExampleMap' with GeneratedClass '/Game/SideScrollerCPP/Maps/SideScrollerExampleMap.SideScrollerExampleMap_C' with ClassGeneratedBy '/Game/SideScrollerCPP/Maps/SideScrollerExampleMap.SideScrollerExampleMap:PersistentLevel.SideScrollerExampleMap'
[2019.10.31-18.13.11:532][880]LogRenderer: Reallocating scene render targets to support 1024x576 Format 10 NumSamples 1 (Frame:1).
[2019.10.31-18.13.18:427][291]LogBlueprintUserMessages: Early EndPlayMap Detection: Level '/Game/SideScrollerCPP/Maps/SideScrollerExampleMap.SideScrollerExampleMap:PersistentLevel' has LevelScriptBlueprint '/Game/SideScrollerCPP/Maps/SideScrollerExampleMap.SideScrollerExampleMap:PersistentLevel.SideScrollerExampleMap' with GeneratedClass '/Game/SideScrollerCPP/Maps/SideScrollerExampleMap.SideScrollerExampleMap_C' with ClassGeneratedBy '/Game/SideScrollerCPP/Maps/SideScrollerExampleMap.SideScrollerExampleMap:PersistentLevel.SideScrollerExampleMap'
[2019.10.31-18.13.18:428][291]LogSlate: Updating window title bar state: overlay mode, drag disabled, window buttons hidden, title bar hidden
[2019.10.31-18.13.18:450][291]LogSlate: Window 'DejaBrew Game Preview Standalone (64-bit/PCD3D_SM5)' being destroyed
[2019.10.31-18.13.18:497][291]LogPlayLevel: Display: Shutting down PIE online subsystems
[2019.10.31-18.13.18:498][291]LogBlueprintUserMessages: Late EndPlayMap Detection: Level '/Game/SideScrollerCPP/Maps/SideScrollerExampleMap.SideScrollerExampleMap:PersistentLevel' has LevelScriptBlueprint '/Game/SideScrollerCPP/Maps/SideScrollerExampleMap.SideScrollerExampleMap:PersistentLevel.SideScrollerExampleMap' with GeneratedClass '/Game/SideScrollerCPP/Maps/SideScrollerExampleMap.SideScrollerExampleMap_C' with ClassGeneratedBy '/Game/SideScrollerCPP/Maps/SideScrollerExampleMap.SideScrollerExampleMap:PersistentLevel.SideScrollerExampleMap'
[2019.10.31-18.13.18:555][292]LogPlayLevel: Display: Destroying online subsystem :Context_6
[2019.10.31-18.14.31:887][359]LogSlate: Window 'Save Content' being destroyed
[2019.10.31-18.14.32:074][359]LogSlate: Window 'DejaBrew - Unreal Editor' being destroyed
[2019.10.31-18.14.32:312][360]Cmd: QUIT_EDITOR
[2019.10.31-18.14.32:382][360]LogWindowsTextInputMethodSystem: Display: IME system now deactivated.
[2019.10.31-18.14.32:397][360]LogExit: Preparing to exit.
[2019.10.31-18.14.33:073][360]LogExit: Editor shut down
[2019.10.31-18.14.33:073][360]LogExit: Transaction tracking system shut down
[2019.10.31-18.14.34:152][360]LogFileManager: Warning: DeleteFile was unable to delete '../../../../../Users/hi_it/OneDrive/Documents/GitHub/Chicken-Crimpy-Repository/DejaBrew/Intermediate/CachedAssetRegistry.bin', retrying in .5s...
[2019.10.31-18.14.34:152][360]LogFileManager: Warning: DeleteFile recovered during retry!
[2019.10.31-18.14.34:153][360]LogExit: Object subsystem successfully closed.
[2019.10.31-18.14.34:182][360]LogShaderCompilers: Display: Shaders left to compile 0
[2019.10.31-18.14.34:186][360]LogD3D11RHI: Shutdown
[2019.10.31-18.14.34:186][360]LogD3D11RHI: CleanupD3DDevice
[2019.10.31-18.14.34:188][360]LogD3D11RHI: ~FD3D11DynamicRHI
[2019.10.31-18.14.34:227][360]LogModuleManager: Shutting down and abandoning module MovieSceneCapture (620)
[2019.10.31-18.14.34:227][360]LogModuleManager: Shutting down and abandoning module Voice (618)
[2019.10.31-18.14.34:228][360]LogModuleManager: Shutting down and abandoning module BlueprintGraph (616)
[2019.10.31-18.14.34:228][360]LogModuleManager: Shutting down and abandoning module HierarchicalLODOutliner (614)
[2019.10.31-18.14.34:228][360]LogModuleManager: Shutting down and abandoning module ExternalImagePicker (612)
[2019.10.31-18.14.34:228][360]LogModuleManager: Shutting down and abandoning module SceneOutliner (610)
[2019.10.31-18.14.34:228][360]LogModuleManager: Shutting down and abandoning module AddContentDialog (608)
[2019.10.31-18.14.34:229][360]LogModuleManager: Shutting down and abandoning module WidgetCarousel (607)
[2019.10.31-18.14.34:229][360]LogModuleManager: Shutting down and abandoning module EditorWidgets (604)
[2019.10.31-18.14.34:230][360]LogModuleManager: Shutting down and abandoning module CollectionManager (602)
[2019.10.31-18.14.34:230][360]LogModuleManager: Shutting down and abandoning module StatsViewer (600)
[2019.10.31-18.14.34:230][360]LogModuleManager: Shutting down and abandoning module FoliageEdit (598)
[2019.10.31-18.14.34:230][360]LogModuleManager: Shutting down and abandoning module LandscapeEditor (596)
[2019.10.31-18.14.34:230][360]LogModuleManager: Shutting down and abandoning module MeshPaintMode (594)
[2019.10.31-18.14.34:230][360]LogModuleManager: Shutting down and abandoning module SceneDepthPickerMode (592)
[2019.10.31-18.14.34:231][360]LogModuleManager: Shutting down and abandoning module ActorPickerMode (590)
[2019.10.31-18.14.34:231][360]LogModuleManager: Shutting down and abandoning module GeometryMode (588)
[2019.10.31-18.14.34:231][360]LogModuleManager: Shutting down and abandoning module TextureAlignMode (586)
[2019.10.31-18.14.34:231][360]LogModuleManager: Shutting down and abandoning module BspMode (584)
[2019.10.31-18.14.34:231][360]LogModuleManager: Shutting down and abandoning module PIEPreviewDeviceProfileSelector (582)
[2019.10.31-18.14.34:231][360]LogModuleManager: Shutting down and abandoning module SequenceRecorderSections (580)
[2019.10.31-18.14.34:231][360]LogModuleManager: Shutting down and abandoning module AutomationWorker (578)
[2019.10.31-18.14.34:231][360]LogModuleManager: Shutting down and abandoning module AudioCaptureEditor (576)
[2019.10.31-18.14.34:231][360]LogModuleManager: Shutting down and abandoning module SequenceRecorder (575)
[2019.10.31-18.14.34:232][360]LogModuleManager: Shutting down and abandoning module MatineeToLevelSequence (572)
[2019.10.31-18.14.34:232][360]LogModuleManager: Shutting down and abandoning module LevelSequenceEditor (570)
[2019.10.31-18.14.34:232][360]LogModuleManager: Shutting down and abandoning module PlacementMode (569)
[2019.10.31-18.14.34:232][360]LogModuleManager: Shutting down and abandoning module MaterialEditor (568)
[2019.10.31-18.14.34:232][360]LogModuleManager: Shutting down and abandoning module WmfMediaFactory (564)
[2019.10.31-18.14.34:232][360]LogModuleManager: Shutting down and abandoning module WmfMediaEditor (562)
[2019.10.31-18.14.34:232][360]LogModuleManager: Shutting down and abandoning module MediaPlayerEditor (560)
[2019.10.31-18.14.34:232][360]LogModuleManager: Shutting down and abandoning module OpenExrWrapper (558)
[2019.10.31-18.14.34:233][360]LogModuleManager: Shutting down and abandoning module ImgMediaFactory (556)
[2019.10.31-18.14.34:233][360]LogModuleManager: Shutting down and abandoning module ImgMediaEditor (554)
[2019.10.31-18.14.34:233][360]LogModuleManager: Shutting down and abandoning module AvfMediaFactory (552)
[2019.10.31-18.14.34:233][360]LogModuleManager: Shutting down and abandoning module AvfMediaEditor (550)
[2019.10.31-18.14.34:233][360]LogModuleManager: Shutting down and abandoning module AndroidMediaFactory (548)
[2019.10.31-18.14.34:233][360]LogModuleManager: Shutting down and abandoning module AndroidMediaEditor (546)
[2019.10.31-18.14.34:233][360]LogModuleManager: Shutting down and abandoning module MagicLeapCameraPreviewFactory (544)
[2019.10.31-18.14.34:233][360]LogModuleManager: Shutting down and abandoning module MagicLeapMediaFactory (542)
[2019.10.31-18.14.34:233][360]LogModuleManager: Shutting down and abandoning module MagicLeapMediaEditor (540)
[2019.10.31-18.14.34:233][360]LogModuleManager: Shutting down and abandoning module CharacterAI (538)
[2019.10.31-18.14.34:234][360]LogModuleManager: Shutting down and abandoning module SmartSnapping (536)
[2019.10.31-18.14.34:234][360]LogModuleManager: Shutting down and abandoning module SessionServices (534)
[2019.10.31-18.14.34:234][360]LogModuleManager: Shutting down and abandoning module ViewportSnapping (532)
[2019.10.31-18.14.34:234][360]LogModuleManager: Shutting down and abandoning module ViewportInteraction (530)
[2019.10.31-18.14.34:234][360]LogModuleManager: Shutting down and abandoning module ClothPainter (528)
[2019.10.31-18.14.34:234][360]LogModuleManager: Shutting down and abandoning module SkeletalMeshEditor (527)
[2019.10.31-18.14.34:234][360]LogModuleManager: Shutting down and abandoning module LogVisualizer (524)
[2019.10.31-18.14.34:234][360]LogModuleManager: Shutting down and abandoning module IntroTutorials (522)
[2019.10.31-18.14.34:234][360]LogModuleManager: Shutting down and abandoning module GameProjectGeneration (521)
[2019.10.31-18.14.34:234][360]LogModuleManager: Shutting down and abandoning module LuminPlatformEditor (518)
[2019.10.31-18.14.34:234][360]LogModuleManager: Shutting down and abandoning module IOSPlatformEditor (516)
[2019.10.31-18.14.34:235][360]LogModuleManager: Shutting down and abandoning module HTML5PlatformEditor (514)
[2019.10.31-18.14.34:235][360]LogModuleManager: Shutting down and abandoning module AndroidPlatformEditor (512)
[2019.10.31-18.14.34:235][360]LogModuleManager: Shutting down and abandoning module AndroidDeviceDetection (511)
[2019.10.31-18.14.34:836][360]LogModuleManager: Shutting down and abandoning module WindowsPlatformEditor (508)
[2019.10.31-18.14.34:836][360]LogModuleManager: Shutting down and abandoning module LuminRuntimeSettings (506)
[2019.10.31-18.14.34:836][360]LogModuleManager: Shutting down and abandoning module IOSRuntimeSettings (504)
[2019.10.31-18.14.34:836][360]LogModuleManager: Shutting down and abandoning module AndroidRuntimeSettings (502)
[2019.10.31-18.14.34:837][360]LogModuleManager: Shutting down and abandoning module InputBindingEditor (500)
[2019.10.31-18.14.34:837][360]LogModuleManager: Shutting down and abandoning module MergeActors (498)
[2019.10.31-18.14.34:837][360]LogModuleManager: Shutting down and abandoning module LocalizationDashboard (496)
[2019.10.31-18.14.34:837][360]LogModuleManager: Shutting down and abandoning module LocalizationService (495)
[2019.10.31-18.14.34:837][360]LogModuleManager: Shutting down and abandoning module HardwareTargeting (492)
[2019.10.31-18.14.34:837][360]LogModuleManager: Shutting down and abandoning module DeviceProfileEditor (490)
[2019.10.31-18.14.34:837][360]LogModuleManager: Shutting down and abandoning module UndoHistory (488)
[2019.10.31-18.14.34:838][360]LogModuleManager: Shutting down and abandoning module XmlParser (486)
[2019.10.31-18.14.34:838][360]LogModuleManager: Shutting down and abandoning module Blutility (484)
[2019.10.31-18.14.34:838][360]LogModuleManager: Shutting down and abandoning module ProjectSettingsViewer (482)
[2019.10.31-18.14.34:838][360]LogModuleManager: Shutting down and abandoning module ProjectTargetPlatformEditor (481)
[2019.10.31-18.14.34:838][360]LogModuleManager: Shutting down and abandoning module EditorSettingsViewer (478)
[2019.10.31-18.14.34:838][360]LogModuleManager: Shutting down and abandoning module SettingsEditor (476)
[2019.10.31-18.14.34:839][360]LogModuleManager: Shutting down and abandoning module ProjectLauncher (474)
[2019.10.31-18.14.34:839][360]LogModuleManager: Shutting down and abandoning module SessionFrontend (472)
[2019.10.31-18.14.34:839][360]LogModuleManager: Shutting down and abandoning module ProfilerClient (470)
[2019.10.31-18.14.34:839][360]LogModuleManager: Shutting down and abandoning module DeviceManager (468)
[2019.10.31-18.14.34:839][360]LogModuleManager: Shutting down and abandoning module TargetDeviceServices (467)
[2019.10.31-18.14.34:894][360]LogModuleManager: Shutting down and abandoning module AutomationController (464)
[2019.10.31-18.14.34:894][360]LogModuleManager: Shutting down and abandoning module AutomationWindow (462)
[2019.10.31-18.14.34:894][360]LogModuleManager: Shutting down and abandoning module Layers (460)
[2019.10.31-18.14.34:894][360]LogModuleManager: Shutting down and abandoning module ComponentVisualizers (458)
[2019.10.31-18.14.34:894][360]LogModuleManager: Shutting down and abandoning module DetailCustomizations (456)
[2019.10.31-18.14.34:895][360]LogModuleManager: Shutting down and abandoning module PackagesDialog (454)
[2019.10.31-18.14.34:895][360]LogModuleManager: Shutting down and abandoning module Persona (452)
[2019.10.31-18.14.34:895][360]LogModuleManager: Shutting down and abandoning module AdvancedPreviewScene (451)
[2019.10.31-18.14.34:895][360]LogModuleManager: Shutting down and abandoning module AnimGraph (449)
[2019.10.31-18.14.34:896][360]LogModuleManager: Shutting down and abandoning module Kismet (446)
[2019.10.31-18.14.34:900][360]LogModuleManager: Shutting down and abandoning module GraphEditor (444)
[2019.10.31-18.14.34:900][360]LogModuleManager: Shutting down and abandoning module ClassViewer (442)
[2019.10.31-18.14.34:900][360]LogModuleManager: Shutting down and abandoning module Toolbox (440)
[2019.10.31-18.14.34:900][360]LogModuleManager: Shutting down and abandoning module DesktopPlatform (439)
[2019.10.31-18.14.34:900][360]LogModuleManager: Shutting down and abandoning module ModuleUI (436)
[2019.10.31-18.14.34:901][360]LogModuleManager: Shutting down and abandoning module MovieSceneTools (434)
[2019.10.31-18.14.34:901][360]LogModuleManager: Shutting down and abandoning module OutputLog (432)
[2019.10.31-18.14.34:901][360]LogModuleManager: Shutting down and abandoning module GammaUI (430)
[2019.10.31-18.14.34:901][360]LogModuleManager: Shutting down and abandoning module Documentation (428)
[2019.10.31-18.14.34:901][360]LogModuleManager: Shutting down and abandoning module MovieSceneTracks (426)
[2019.10.31-18.14.34:902][360]LogModuleManager: Shutting down and abandoning module MovieScene (424)
[2019.10.31-18.14.34:902][360]LogModuleManager: Shutting down and abandoning module StreamingPauseRendering (422)
[2019.10.31-18.14.34:902][360]LogModuleManager: Shutting down and abandoning module LauncherPlatform (420)
[2019.10.31-18.14.34:902][360]LogModuleManager: Shutting down and abandoning module AnalyticsET (418)
[2019.10.31-18.14.34:902][360]LogModuleManager: Shutting down and abandoning module PortalServices (416)
[2019.10.31-18.14.34:902][360]LogModuleManager: Shutting down and abandoning module PortalRpc (414)
[2019.10.31-18.14.34:902][360]LogModuleManager: Shutting down and abandoning module MessagingRpc (412)
[2019.10.31-18.14.34:903][360]LogModuleManager: Shutting down and abandoning module AIModule (410)
[2019.10.31-18.14.34:903][360]LogModuleManager: Shutting down and abandoning module GameplayDebugger (409)
[2019.10.31-18.14.34:903][360]LogModuleManager: Shutting down and abandoning module AITestSuite (407)
[2019.10.31-18.14.34:903][360]LogModuleManager: Shutting down and abandoning module NavigationSystem (405)
[2019.10.31-18.14.34:903][360]LogModuleManager: Shutting down and abandoning module ProfilerService (402)
[2019.10.31-18.14.34:939][360]LogModuleManager: Shutting down and abandoning module TaskGraph (400)
[2019.10.31-18.14.34:939][360]LogModuleManager: Shutting down and abandoning module SteamVRController (398)
[2019.10.31-18.14.34:939][360]LogModuleManager: Shutting down and abandoning module ProceduralMeshComponentEditor (396)
[2019.10.31-18.14.34:939][360]LogModuleManager: Shutting down and abandoning module ProceduralMeshComponent (394)
[2019.10.31-18.14.34:940][360]LogModuleManager: Shutting down and abandoning module OculusInput (392)
[2019.10.31-18.14.34:940][360]LogModuleManager: Shutting down and abandoning module MobilePatchingUtils (390)
[2019.10.31-18.14.34:940][360]LogModuleManager: Shutting down and abandoning module EditableMesh (388)
[2019.10.31-18.14.34:940][360]LogModuleManager: Shutting down and abandoning module CustomMeshComponent (386)
[2019.10.31-18.14.34:940][360]LogModuleManager: Shutting down and abandoning module CableComponent (384)
[2019.10.31-18.14.34:940][360]LogModuleManager: Shutting down and abandoning module AudioCapture (382)
[2019.10.31-18.14.34:940][360]LogModuleManager: Shutting down and abandoning module ArchVisCharacter (380)
[2019.10.31-18.14.34:940][360]LogModuleManager: Shutting down and abandoning module AndroidPermission (378)
[2019.10.31-18.14.34:940][360]LogModuleManager: Shutting down and abandoning module NUTUnrealEngine4 (376)
[2019.10.31-18.14.34:941][360]LogModuleManager: Shutting down and abandoning module NetcodeUnitTest (374)
[2019.10.31-18.14.34:941][360]LogModuleManager: Shutting down and abandoning module MediaCompositingEditor (372)
[2019.10.31-18.14.34:941][360]LogModuleManager: Shutting down and abandoning module MediaCompositing (370)
[2019.10.31-18.14.34:941][360]LogModuleManager: Shutting down and abandoning module LinearTimecode (368)
[2019.10.31-18.14.34:941][360]LogModuleManager: Shutting down and abandoning module ImgMedia (366)
[2019.10.31-18.14.34:949][360]LogModuleManager: Shutting down and abandoning module HTML5Networking (364)
[2019.10.31-18.14.34:949][360]LogModuleManager: Shutting down and abandoning module GeometryCacheTracks (362)
[2019.10.31-18.14.34:949][360]LogModuleManager: Shutting down and abandoning module GeometryCacheSequencer (360)
[2019.10.31-18.14.34:949][360]LogModuleManager: Shutting down and abandoning module BackChannel (358)
[2019.10.31-18.14.34:950][360]LogModuleManager: Shutting down and abandoning module AppleVision (356)
[2019.10.31-18.14.34:950][360]LogModuleManager: Shutting down and abandoning module AppleImageUtils (354)
[2019.10.31-18.14.34:950][360]LogModuleManager: Shutting down and abandoning module AlembicImporter (352)
[2019.10.31-18.14.34:950][360]LogModuleManager: Shutting down and abandoning module AlembicLibrary (351)
[2019.10.31-18.14.34:950][360]LogModuleManager: Shutting down and abandoning module GeometryCache (350)
[2019.10.31-18.14.34:950][360]LogModuleManager: Shutting down and abandoning module GeometryCacheEd (349)
[2019.10.31-18.14.34:950][360]LogModuleManager: Shutting down and abandoning module DatasmithContentEditor (344)
[2019.10.31-18.14.34:950][360]LogModuleManager: Shutting down and abandoning module DatasmithContent (342)
[2019.10.31-18.14.34:951][360]LogModuleManager: Shutting down and abandoning module SpeedTreeImporter (340)
[2019.10.31-18.14.34:951][360]LogModuleManager: Shutting down and abandoning module PluginBrowser (338)
[2019.10.31-18.14.34:951][360]LogModuleManager: Shutting down and abandoning module MobileLauncherProfileWizard (336)
[2019.10.31-18.14.34:951][360]LogModuleManager: Shutting down and abandoning module PolygonModeling (334)
[2019.10.31-18.14.34:951][360]LogModuleManager: Shutting down and abandoning module MeshEditor (332)
[2019.10.31-18.14.34:951][360]LogModuleManager: Shutting down and abandoning module CryptoKeysOpenSSL (330)
[2019.10.31-18.14.34:951][360]LogModuleManager: Shutting down and abandoning module CryptoKeys (328)
[2019.10.31-18.14.34:951][360]LogModuleManager: Shutting down and abandoning module VisualStudioSourceCodeAccess (326)
[2019.10.31-18.14.34:952][360]LogModuleManager: Shutting down and abandoning module VisualStudioCodeSourceCodeAccess (324)
[2019.10.31-18.14.34:952][360]LogModuleManager: Shutting down and abandoning module UObjectPlugin (322)
[2019.10.31-18.14.34:952][360]LogModuleManager: Shutting down and abandoning module SubversionSourceControl (320)
[2019.10.31-18.14.34:952][360]LogModuleManager: Shutting down and abandoning module PerforceSourceControl (318)
[2019.10.31-18.14.34:952][360]LogModuleManager: Shutting down and abandoning module GitSourceControl (316)
[2019.10.31-18.14.34:952][360]LogModuleManager: Shutting down and abandoning module SourceControl (315)
[2019.10.31-18.14.34:952][360]LogModuleManager: Shutting down and abandoning module CLionSourceCodeAccess (312)
[2019.10.31-18.14.34:952][360]LogModuleManager: Shutting down and abandoning module LightPropagationVolumeEditor (310)
[2019.10.31-18.14.34:952][360]LogModuleManager: Shutting down and abandoning module PaperTiledImporter (308)
[2019.10.31-18.14.34:952][360]LogModuleManager: Shutting down and abandoning module PaperSpriteSheetImporter (306)
[2019.10.31-18.14.34:952][360]LogModuleManager: Shutting down and abandoning module Paper2DEditor (304)
[2019.10.31-18.14.34:953][360]LogModuleManager: Shutting down and abandoning module MeshPaint (303)
[2019.10.31-18.14.34:953][360]LogModuleManager: Shutting down and abandoning module DejaBrew (300)
[2019.10.31-18.14.34:953][360]LogModuleManager: Shutting down and abandoning module RuntimePhysXCooking (298)
[2019.10.31-18.14.34:953][360]LogModuleManager: Shutting down and abandoning module PhysXVehiclesEditor (296)
[2019.10.31-18.14.34:953][360]LogModuleManager: Shutting down and abandoning module PhysXVehicles (294)
[2019.10.31-18.14.34:953][360]LogModuleManager: Shutting down and abandoning module OculusEditor (292)
[2019.10.31-18.14.34:953][360]LogModuleManager: Shutting down and abandoning module LocationServicesBPLibrary (290)
[2019.10.31-18.14.34:953][360]LogModuleManager: Shutting down and abandoning module ImmediatePhysicsEditor (288)
[2019.10.31-18.14.34:953][360]LogModuleManager: Shutting down and abandoning module ImmediatePhysics (286)
[2019.10.31-18.14.34:953][360]LogModuleManager: Shutting down and abandoning module ActorSequence (284)
[2019.10.31-18.14.34:953][360]LogModuleManager: Shutting down and abandoning module UdpMessaging (282)
[2019.10.31-18.14.35:054][360]LogModuleManager: Shutting down and abandoning module TcpMessaging (280)
[2019.10.31-18.14.35:155][360]LogModuleManager: Shutting down and abandoning module MagicLeapAudio (278)
[2019.10.31-18.14.35:155][360]LogModuleManager: Shutting down and abandoning module GameplayTagsEditor (276)
[2019.10.31-18.14.35:155][360]LogModuleManager: Shutting down and abandoning module FacialAnimationEditor (274)
[2019.10.31-18.14.35:155][360]LogModuleManager: Shutting down and abandoning module FacialAnimation (272)
[2019.10.31-18.14.35:156][360]LogModuleManager: Shutting down and abandoning module DataValidation (270)
[2019.10.31-18.14.35:156][360]LogModuleManager: Shutting down and abandoning module AssetManagerEditor (268)
[2019.10.31-18.14.35:156][360]LogModuleManager: Shutting down and abandoning module LevelEditor (267)
[2019.10.31-18.14.35:158][360]LogModuleManager: Shutting down and abandoning module PixelInspectorModule (266)
[2019.10.31-18.14.35:158][360]LogModuleManager: Shutting down and abandoning module CommonMenuExtensions (264)
[2019.10.31-18.14.35:159][360]LogModuleManager: Shutting down and abandoning module MainFrame (262)
[2019.10.31-18.14.35:159][360]LogModuleManager: Shutting down and abandoning module HotReload (261)
[2019.10.31-18.14.35:160][360]LogModuleManager: Shutting down and abandoning module ContentBrowser (257)
[2019.10.31-18.14.35:162][360]LogModuleManager: Shutting down and abandoning module TreeMap (255)
[2019.10.31-18.14.35:162][360]LogModuleManager: Shutting down and abandoning module LightPropagationVolumeRuntime (252)
[2019.10.31-18.14.35:162][360]LogModuleManager: Shutting down and abandoning module AISupportModule (250)
[2019.10.31-18.14.35:162][360]LogModuleManager: Shutting down and abandoning module Paper2D (248)
[2019.10.31-18.14.35:162][360]LogModuleManager: Shutting down and abandoning module WindowsMoviePlayer (246)
[2019.10.31-18.14.35:162][360]LogModuleManager: Shutting down and abandoning module WmfMedia (244)
[2019.10.31-18.14.35:166][360]LogModuleManager: Shutting down and abandoning module Media (243)
[2019.10.31-18.14.35:173][360]LogModuleManager: Shutting down and abandoning module PacketHandler (240)
[2019.10.31-18.14.35:173][360]LogModuleManager: Shutting down and abandoning module ClothingSystemEditor (238)
[2019.10.31-18.14.35:173][360]LogModuleManager: Shutting down and abandoning module ClothingSystemRuntime (236)
[2019.10.31-18.14.35:174][360]LogModuleManager: Shutting down and abandoning module MediaAssets (234)
[2019.10.31-18.14.35:174][360]LogModuleManager: Shutting down and abandoning module Overlay (232)
[2019.10.31-18.14.35:174][360]LogModuleManager: Shutting down and abandoning module OverlayEditor (231)
[2019.10.31-18.14.35:174][360]LogModuleManager: Shutting down and abandoning module VREditor (228)
[2019.10.31-18.14.35:174][360]LogModuleManager: Shutting down and abandoning module StringTableEditor (226)
[2019.10.31-18.14.35:174][360]LogModuleManager: Shutting down and abandoning module GameplayTasksEditor (224)
[2019.10.31-18.14.35:174][360]LogModuleManager: Shutting down and abandoning module BehaviorTreeEditor (222)
[2019.10.31-18.14.35:174][360]LogModuleManager: Shutting down and abandoning module FunctionalTesting (220)
[2019.10.31-18.14.35:175][360]LogModuleManager: Shutting down and abandoning module CollisionAnalyzer (218)
[2019.10.31-18.14.35:175][360]LogModuleManager: Shutting down and abandoning module WorkspaceMenuStructure (217)
[2019.10.31-18.14.35:175][360]LogModuleManager: Shutting down and abandoning module UMG (214)
[2019.10.31-18.14.35:175][360]LogModuleManager: Shutting down and abandoning module UMGEditor (213)
[2019.10.31-18.14.35:175][360]LogModuleManager: Shutting down and abandoning module Sequencer (212)
[2019.10.31-18.14.35:175][360]LogModuleManager: Shutting down and abandoning module MessageLog (209)
[2019.10.31-18.14.35:175][360]LogModuleManager: Shutting down and abandoning module SlateReflector (204)
[2019.10.31-18.14.35:176][360]LogModuleManager: Shutting down and abandoning module Slate (202)
[2019.10.31-18.14.35:176][360]LogModuleManager: Shutting down and abandoning module EditorStyle (200)
[2019.10.31-18.14.35:178][360]LogModuleManager: Shutting down and abandoning module MRMesh (198)
[2019.10.31-18.14.35:178][360]LogModuleManager: Shutting down and abandoning module SourceCodeAccess (196)
[2019.10.31-18.14.35:178][360]LogModuleManager: Shutting down and abandoning module HeadMountedDisplay (194)
[2019.10.31-18.14.35:178][360]LogModuleManager: Shutting down and abandoning module XAudio2 (192)
[2019.10.31-18.14.35:178][360]LogModuleManager: Shutting down and abandoning module Networking (190)
[2019.10.31-18.14.35:179][360]LogModuleManager: Shutting down and abandoning module Core (188)
[2019.10.31-18.14.35:179][360]LogModuleManager: Shutting down and abandoning module LevelSequence (186)
[2019.10.31-18.14.35:179][360]LogModuleManager: Shutting down and abandoning module KismetCompiler (184)
[2019.10.31-18.14.35:179][360]LogModuleManager: Shutting down and abandoning module MeshUtilities (182)
[2019.10.31-18.14.35:179][360]LogModuleManager: Shutting down and abandoning module MeshMergeUtilities (181)
[2019.10.31-18.14.35:179][360]LogModuleManager: Shutting down and abandoning module MeshReductionInterface (180)
[2019.10.31-18.14.35:179][360]LogModuleManager: Shutting down and abandoning module SimplygonSwarm (179)
[2019.10.31-18.14.35:179][360]LogModuleManager: Shutting down and abandoning module ProxyLODMeshReduction (177)
[2019.10.31-18.14.35:179][360]LogModuleManager: Shutting down and abandoning module SimplygonMeshReduction (175)
[2019.10.31-18.14.35:180][360]LogModuleManager: Shutting down and abandoning module QuadricMeshReduction (173)
[2019.10.31-18.14.35:180][360]LogModuleManager: Shutting down and abandoning module MaterialBaking (169)
[2019.10.31-18.14.35:180][360]LogModuleManager: Shutting down and abandoning module DirectoryWatcher (165)
[2019.10.31-18.14.35:180][360]LogModuleManager: Shutting down and abandoning module DerivedDataCache (162)
[2019.10.31-18.14.35:254][360]LogDerivedDataCache: Shutdown
[2019.10.31-18.14.35:254][360]LogModuleManager: Shutting down and abandoning module XGEController (160)
[2019.10.31-18.14.35:255][360]LogModuleManager: Shutting down and abandoning module TargetPlatform (158)
[2019.10.31-18.14.35:255][360]LogModuleManager: Shutting down and abandoning module VulkanShaderFormat (157)
[2019.10.31-18.14.35:255][360]LogModuleManager: Shutting down and abandoning module ShaderFormatVectorVM (155)
[2019.10.31-18.14.35:255][360]LogModuleManager: Shutting down and abandoning module ShaderFormatOpenGL (153)
[2019.10.31-18.14.35:255][360]LogModuleManager: Shutting down and abandoning module ShaderFormatD3D (151)
[2019.10.31-18.14.35:255][360]LogModuleManager: Shutting down and abandoning module MetalShaderFormat (149)
[2019.10.31-18.14.35:255][360]LogModuleManager: Shutting down and abandoning module TextureFormatUncompressed (147)
[2019.10.31-18.14.35:255][360]LogModuleManager: Shutting down and abandoning module TextureFormatPVR (145)
[2019.10.31-18.14.35:255][360]LogModuleManager: Shutting down and abandoning module TextureFormatDXT (143)
[2019.10.31-18.14.35:255][360]LogModuleManager: Shutting down and abandoning module TextureFormatIntelISPCTexComp (141)
[2019.10.31-18.14.35:258][360]LogModuleManager: Shutting down and abandoning module TextureFormatASTC (139)
[2019.10.31-18.14.35:258][360]LogModuleManager: Shutting down and abandoning module ImageWrapper (138)
[2019.10.31-18.14.35:258][360]LogModuleManager: Shutting down and abandoning module TextureFormatAndroid (135)
[2019.10.31-18.14.35:258][360]LogModuleManager: Shutting down and abandoning module AudioFormatOpus (133)
[2019.10.31-18.14.35:258][360]LogModuleManager: Shutting down and abandoning module AudioFormatOgg (131)
[2019.10.31-18.14.35:258][360]LogModuleManager: Shutting down and abandoning module AudioFormatADPCM (129)
[2019.10.31-18.14.35:258][360]LogModuleManager: Shutting down and abandoning module LuminTargetPlatform (127)
[2019.10.31-18.14.35:258][360]LogModuleManager: Shutting down and abandoning module LinuxTargetPlatform (125)
[2019.10.31-18.14.35:258][360]LogModuleManager: Shutting down and abandoning module LinuxServerTargetPlatform (123)
[2019.10.31-18.14.35:259][360]LogModuleManager: Shutting down and abandoning module LinuxNoEditorTargetPlatform (121)
[2019.10.31-18.14.35:259][360]LogModuleManager: Shutting down and abandoning module LinuxClientTargetPlatform (119)
[2019.10.31-18.14.35:259][360]LogModuleManager: Shutting down and abandoning module TVOSTargetPlatform (117)
[2019.10.31-18.14.35:260][360]LogModuleManager: Shutting down and abandoning module Messaging (115)
[2019.10.31-18.14.35:260][360]LogModuleManager: Shutting down and abandoning module IOSTargetPlatform (113)
[2019.10.31-18.14.35:261][360]LogModuleManager: Shutting down and abandoning module HTML5TargetPlatform (111)
[2019.10.31-18.14.35:261][360]LogModuleManager: Shutting down and abandoning module AndroidTargetPlatform (109)
[2019.10.31-18.14.35:268][360]LogModuleManager: Shutting down and abandoning module WindowsTargetPlatform (107)
[2019.10.31-18.14.35:268][360]LogModuleManager: Shutting down and abandoning module WindowsServerTargetPlatform (105)
[2019.10.31-18.14.35:268][360]LogModuleManager: Shutting down and abandoning module WindowsNoEditorTargetPlatform (103)
[2019.10.31-18.14.35:268][360]LogModuleManager: Shutting down and abandoning module WindowsClientTargetPlatform (101)
[2019.10.31-18.14.35:268][360]LogModuleManager: Shutting down and abandoning module MacTargetPlatform (99)
[2019.10.31-18.14.35:269][360]LogModuleManager: Shutting down and abandoning module MacServerTargetPlatform (97)
[2019.10.31-18.14.35:269][360]LogModuleManager: Shutting down and abandoning module MacNoEditorTargetPlatform (95)
[2019.10.31-18.14.35:269][360]LogModuleManager: Shutting down and abandoning module MacClientTargetPlatform (93)
[2019.10.31-18.14.35:269][360]LogModuleManager: Shutting down and abandoning module AllDesktopTargetPlatform (91)
[2019.10.31-18.14.35:269][360]LogModuleManager: Shutting down and abandoning module InputCore (88)
[2019.10.31-18.14.35:269][360]LogModuleManager: Shutting down and abandoning module Settings (86)
[2019.10.31-18.14.35:269][360]LogModuleManager: Shutting down and abandoning module PhysXCooking (84)
[2019.10.31-18.14.35:270][360]LogModuleManager: Shutting down and abandoning module SteamVR (82)
[2019.10.31-18.14.35:270][360]LogModuleManager: Shutting down and abandoning module OculusHMD (80)
[2019.10.31-18.14.35:270][360]LogModuleManager: Shutting down and abandoning module ExampleDeviceProfileSelector (78)
[2019.10.31-18.14.35:270][360]LogModuleManager: Shutting down and abandoning module LauncherChunkInstaller (76)
[2019.10.31-18.14.35:270][360]LogModuleManager: Shutting down and abandoning module OnlineBlueprintSupport (74)
[2019.10.31-18.14.35:270][360]LogModuleManager: Shutting down and abandoning module OnlineSubsystem (70)
[2019.10.31-18.14.35:272][360]LogModuleManager: Shutting down and abandoning module XMPP (65)
[2019.10.31-18.14.35:273][360]LogModuleManager: Shutting down and abandoning module WebSockets (64)
[2019.10.31-18.14.35:282][360]LogModuleManager: Shutting down and abandoning module HTTP (61)
[2019.10.31-18.14.35:283][360]LogHttp: Display: Http module shutting down, but needs to wait on 1 outstanding Http requests:
[2019.10.31-18.14.35:283][360]LogHttp: Display: 	verb=[POST] url=[https://datarouter.ol.epicgames.com/datarouter/api/v1/public/data?SessionID=%7B27C623D6-4798-72B4-1453-6AA018B6BFE3%7D&AppID=UEEditor.Rocket.Release&AppVersion=4.20.3-4369336%2B%2B%2BUE4%2BRelease-4.20&UserID=5d161d844116823b798e61b9a37be28c%7C818bff43747348f699b00837f3477b6d%7C6011a081-cab7-423a-8d4a-3c8c937a4efd&AppEnvironment=datacollector-binary&UploadType=eteventstream] status=Processing
[2019.10.31-18.14.35:317][360]LogModuleManager: Shutting down and abandoning module SSL (60)
[2019.10.31-18.14.35:319][360]LogModuleManager: Shutting down and abandoning module MagicLeapEmulator (56)
[2019.10.31-18.14.35:319][360]LogModuleManager: Shutting down and abandoning module MagicLeapPrivileges (54)
[2019.10.31-18.14.35:319][360]LogModuleManager: Shutting down and abandoning module MagicLeapIdentity (52)
[2019.10.31-18.14.35:319][360]LogModuleManager: Shutting down and abandoning module MagicLeapHelperVulkan (50)
[2019.10.31-18.14.35:319][360]LogModuleManager: Shutting down and abandoning module MagicLeapHelperOpenGL (48)
[2019.10.31-18.14.35:319][360]LogModuleManager: Shutting down and abandoning module MagicLeapSecureStorage (46)
[2019.10.31-18.14.35:319][360]LogModuleManager: Shutting down and abandoning module MagicLeapGestures (44)
[2019.10.31-18.14.35:319][360]LogModuleManager: Shutting down and abandoning module MagicLeapEyeTracker (42)
[2019.10.31-18.14.35:319][360]LogModuleManager: Shutting down and abandoning module MagicLeapController (40)
[2019.10.31-18.14.35:319][360]LogSlate: Slate User Destroyed.  User Index 0, Is Virtual User: 0
[2019.10.31-18.14.35:319][360]LogModuleManager: Shutting down and abandoning module MagicLeap (38)
[2019.10.31-18.14.35:319][360]LogModuleManager: Shutting down and abandoning module AnimationModifiers (36)
[2019.10.31-18.14.35:319][360]LogModuleManager: Shutting down and abandoning module PropertyEditor (35)
[2019.10.31-18.14.35:320][360]LogModuleManager: Shutting down and abandoning module AudioEditor (32)
[2019.10.31-18.14.35:320][360]LogModuleManager: Shutting down and abandoning module TextureCompressor (30)
[2019.10.31-18.14.35:323][360]LogModuleManager: Shutting down and abandoning module ShaderCore (28)
[2019.10.31-18.14.35:323][360]LogModuleManager: Shutting down and abandoning module Landscape (26)
[2019.10.31-18.14.35:323][360]LogModuleManager: Shutting down and abandoning module SlateRHIRenderer (24)
[2019.10.31-18.14.35:323][360]LogModuleManager: Shutting down and abandoning module OpenGLDrv (22)
[2019.10.31-18.14.35:323][360]LogModuleManager: Shutting down and abandoning module D3D11RHI (20)
[2019.10.31-18.14.35:323][360]LogModuleManager: Shutting down and abandoning module AnimGraphRuntime (18)
[2019.10.31-18.14.35:324][360]LogModuleManager: Shutting down and abandoning module Renderer (16)
[2019.10.31-18.14.35:324][360]LogModuleManager: Shutting down and abandoning module Engine (14)
[2019.10.31-18.14.35:324][360]LogModuleManager: Shutting down and abandoning module CoreUObject (12)
[2019.10.31-18.14.35:324][360]LogModuleManager: Shutting down and abandoning module NetworkFile (10)
[2019.10.31-18.14.35:324][360]LogModuleManager: Shutting down and abandoning module CookedIterativeFile (8)
[2019.10.31-18.14.35:324][360]LogModuleManager: Shutting down and abandoning module StreamingFile (6)
[2019.10.31-18.14.35:324][360]LogModuleManager: Shutting down and abandoning module SandboxFile (4)
[2019.10.31-18.14.35:324][360]LogModuleManager: Shutting down and abandoning module PakFile (2)
[2019.10.31-18.14.35:351][360]LogExit: Exiting.
[2019.10.31-18.14.35:384][360]Log file closed, 11/01/19 05:14:35
