Log file open, 11/10/19 18:03:34
LogWindows: Failed to load 'aqProf.dll' (GetLastError=126)
LogWindows: File 'aqProf.dll' does not exist
LogWindows: Failed to load 'VSPerf140.dll' (GetLastError=126)
LogWindows: File 'VSPerf140.dll' does not exist
LogWindows: Failed to load 'VtuneApi.dll' (GetLastError=126)
LogWindows: File 'VtuneApi.dll' does not exist
LogWindows: Failed to load 'VtuneApi32e.dll' (GetLastError=126)
LogWindows: File 'VtuneApi32e.dll' does not exist
LogInit: Display: Running engine for game: DejaBrew
LogPlatformFile: Not using cached read wrapper
LogTaskGraph: Started task graph with 5 named threads and 23 total threads with 3 sets of task threads.
LogStats: Stats thread started at 0.438310
LogD3D11RHI: Loaded GFSDK_Aftermath_Lib.x64.dll
LogICUInternationalization: Display: ICU TimeZone Detection - Raw Offset: +10:00, Platform Override: ''
LogPluginManager: Mounting plugin Paper2D
LogPluginManager: Mounting plugin AISupport
LogPluginManager: Mounting plugin LightPropagationVolume
LogPluginManager: Mounting plugin CLionSourceCodeAccess
LogPluginManager: Mounting plugin CodeLiteSourceCodeAccess
LogPluginManager: Mounting plugin GitSourceControl
LogPluginManager: Mounting plugin KDevelopSourceCodeAccess
LogPluginManager: Mounting plugin NullSourceCodeAccess
LogPluginManager: Mounting plugin PerforceSourceControl
LogPluginManager: Mounting plugin SubversionSourceControl
LogPluginManager: Mounting plugin UObjectPlugin
LogPluginManager: Mounting plugin VisualStudioCodeSourceCodeAccess
LogPluginManager: Mounting plugin VisualStudioSourceCodeAccess
LogPluginManager: Mounting plugin XCodeSourceCodeAccess
LogPluginManager: Mounting plugin AssetManagerEditor
LogPluginManager: Mounting plugin CryptoKeys
LogPluginManager: Mounting plugin DataValidation
LogPluginManager: Mounting plugin FacialAnimation
LogPluginManager: Mounting plugin GameplayTagsEditor
LogPluginManager: Mounting plugin MacGraphicsSwitching
LogPluginManager: Mounting plugin MeshEditor
LogPluginManager: Mounting plugin MobileLauncherProfileWizard
LogPluginManager: Mounting plugin PluginBrowser
LogPluginManager: Mounting plugin SpeedTreeImporter
LogPluginManager: Mounting plugin DatasmithContent
LogPluginManager: Mounting plugin AlembicImporter
LogPluginManager: Mounting plugin AppleImageUtils
LogPluginManager: Mounting plugin AppleVision
LogPluginManager: Mounting plugin BackChannel
LogPluginManager: Mounting plugin CharacterAI
LogPluginManager: Mounting plugin GeometryCache
LogPluginManager: Mounting plugin HTML5Networking
LogPluginManager: Mounting plugin ProxyLODPlugin
LogPluginManager: Mounting plugin MagicLeap
LogPluginManager: Mounting plugin MagicLeapEmulator
LogPluginManager: Mounting plugin MagicLeapMedia
LogPluginManager: Mounting plugin AndroidMedia
LogPluginManager: Mounting plugin AvfMedia
LogPluginManager: Mounting plugin ImgMedia
LogPluginManager: Mounting plugin LinearTimecode
LogPluginManager: Mounting plugin MediaCompositing
LogPluginManager: Mounting plugin MediaPlayerEditor
LogPluginManager: Mounting plugin WmfMedia
LogPluginManager: Mounting plugin TcpMessaging
LogPluginManager: Mounting plugin UdpMessaging
LogPluginManager: Mounting plugin ActorSequence
LogPluginManager: Mounting plugin LevelSequenceEditor
LogPluginManager: Mounting plugin MatineeToLevelSequence
LogPluginManager: Mounting plugin NetcodeUnitTest
LogPluginManager: Mounting plugin NUTUnrealEngine4
LogPluginManager: Mounting plugin OnlineSubsystemGooglePlay
LogPluginManager: Mounting plugin OnlineSubsystemIOS
LogPluginManager: Mounting plugin OnlineSubsystem
LogPluginManager: Mounting plugin OnlineSubsystemNull
LogPluginManager: Mounting plugin OnlineSubsystemUtils
LogPluginManager: Mounting plugin LauncherChunkInstaller
LogPluginManager: Mounting plugin AndroidDeviceProfileSelector
LogPluginManager: Mounting plugin AndroidMoviePlayer
LogPluginManager: Mounting plugin AndroidPermission
LogPluginManager: Mounting plugin AppleMoviePlayer
LogPluginManager: Mounting plugin ArchVisCharacter
LogPluginManager: Mounting plugin AudioCapture
LogPluginManager: Mounting plugin CableComponent
LogPluginManager: Mounting plugin CustomMeshComponent
LogPluginManager: Mounting plugin EditableMesh
LogPluginManager: Mounting plugin ExampleDeviceProfileSelector
LogPluginManager: Mounting plugin GoogleCloudMessaging
LogPluginManager: Mounting plugin ImmediatePhysics
LogPluginManager: Mounting plugin IOSDeviceProfileSelector
LogPluginManager: Mounting plugin LinuxDeviceProfileSelector
LogPluginManager: Mounting plugin LocationServicesBPLibrary
LogPluginManager: Mounting plugin MobilePatchingUtils
LogPluginManager: Mounting plugin OculusVR
LogPluginManager: Plugin shader directory ../../../Engine/Plugins/Runtime/Oculus/OculusVR/Shaders found
LogPluginManager: Mapping shader source directory ../../../Engine/Plugins/Runtime/Oculus/OculusVR/Shaders to virtual directory /Plugin/OculusVR
LogPluginManager: Mounting plugin PhysXVehicles
LogPluginManager: Mounting plugin ProceduralMeshComponent
LogPluginManager: Mounting plugin RuntimePhysXCooking
LogPluginManager: Mounting plugin SteamVR
LogPluginManager: Mounting plugin WindowsMoviePlayer
LogStreaming: Display: Took  0.294s to configure plugins.
LogInit: Using libcurl 7.55.1-DEV
LogInit:  - built for x86_64-pc-win32
LogInit:  - supports SSL with OpenSSL/1.0.2h
LogInit:  - supports HTTP deflate (compression) using libz 1.2.8
LogInit:  - other features:
LogInit:      CURL_VERSION_SSL
LogInit:      CURL_VERSION_LIBZ
LogInit:      CURL_VERSION_IPV6
LogInit:      CURL_VERSION_ASYNCHDNS
LogInit:      CURL_VERSION_LARGEFILE
LogInit:      CURL_VERSION_IDN
LogInit:  CurlRequestOptions (configurable via config and command line):
LogInit:  - bVerifyPeer = false  - Libcurl will NOT verify peer certificate
LogInit:  - bUseHttpProxy = false  - Libcurl will NOT use HTTP proxy
LogInit:  - bDontReuseConnections = false  - Libcurl will reuse connections
LogInit:  - CertBundlePath = nullptr  - Libcurl will use whatever was configured at build time.
LogInit:  - MaxHostConnections = 16  - Libcurl will limit the number of connections to a host
LogInit:  - LocalHostAddr = Default
LogInit:  - BufferSize = 65536
LogInit: WinSock: version 1.1 (2.2), MaxSocks=32767, MaxUdp=65467
LogInit: Build: ++UE4+Release-4.20-CL-4369336
LogInit: Engine Version: 4.20.3-4369336+++UE4+Release-4.20
LogInit: Compatible Engine Version: 4.20.0-4212847+++UE4+Release-4.20
LogInit: Net CL: 4212847
LogInit: OS: Windows 10 (), CPU: Intel(R) Core(TM) i7-7700HQ CPU @ 2.80GHz, GPU: Intel(R) HD Graphics 630
LogInit: Compiled (64-bit): Sep 17 2018 12:26:19
LogInit: Compiled with Visual C++: 19.13.26129.00
LogInit: Build Configuration: Development
LogInit: Branch Name: ++UE4+Release-4.20
LogInit: Command Line:  -skipcompile
LogInit: Base Directory: C:/Program Files (x86)/UE_4.20/Engine/Binaries/Win64/
LogInit: Installed Engine Build: 1
LogDevObjectVersion: Number of dev versions registered: 20
LogDevObjectVersion:   Dev-Blueprints (B0D832E4-1F89-4F0D-ACCF-7EB736FD4AA2): 10
LogDevObjectVersion:   Dev-Build (E1C64328-A22C-4D53-A36C-8E866417BD8C): 0
LogDevObjectVersion:   Dev-Core (375EC13C-06E4-48FB-B500-84F0262A717E): 2
LogDevObjectVersion:   Dev-Editor (E4B068ED-F494-42E9-A231-DA0B2E46BB41): 24
LogDevObjectVersion:   Dev-Framework (CFFC743F-43B0-4480-9391-14DF171D2073): 34
LogDevObjectVersion:   Dev-Mobile (B02B49B5-BB20-44E9-A304-32B752E40360): 2
LogDevObjectVersion:   Dev-Networking (A4E4105C-59A1-49B5-A7C5-40C4547EDFEE): 0
LogDevObjectVersion:   Dev-Online (39C831C9-5AE6-47DC-9A44-9C173E1C8E7C): 0
LogDevObjectVersion:   Dev-Physics (78F01B33-EBEA-4F98-B9B4-84EACCB95AA2): 0
LogDevObjectVersion:   Dev-Platform (6631380F-2D4D-43E0-8009-CF276956A95A): 0
LogDevObjectVersion:   Dev-Rendering (12F88B9F-8875-4AFC-A67C-D90C383ABD29): 26
LogDevObjectVersion:   Dev-Sequencer (7B5AE74C-D270-4C10-A958-57980B212A5A): 9
LogDevObjectVersion:   Dev-VR (D7296918-1DD6-4BDD-9DE2-64A83CC13884): 2
LogDevObjectVersion:   Dev-LoadTimes (C2A15278-BFE7-4AFE-6C17-90FF531DF755): 1
LogDevObjectVersion:   Private-Geometry (6EACA3D4-40EC-4CC1-B786-8BED09428FC5): 3
LogDevObjectVersion:   Dev-AnimPhys (29E575DD-E0A3-4627-9D10-D276232CDCEA): 17
LogDevObjectVersion:   Dev-ReflectionCapture (6B266CEC-1EC7-4B8F-A30B-E4D90942FC07): 1
LogDevObjectVersion:   Dev-Automation (0DF73D61-A23F-47EA-B727-89E90C41499A): 1
LogDevObjectVersion:   FortniteMain (601D1886-AC64-4F84-AA16-D3DE0DEAC7D6): 12
LogDevObjectVersion:   Dev-Enterprise (9DFFBCD6-494F-0158-E221-12823C92A888): 1
LogStreaming: Display: Took  0.005s to delete old logs.
LogInit: Presizing for max 8388607 objects, including 0 objects not considered by GC, pre-allocating 0 bytes for permanent pool.
LogInit: Object subsystem initialized
[2019.11.10-07.03.36:254][  0]LogInit: Selected Device Profile: [Windows]
[2019.11.10-07.03.36:255][  0]LogInit: Applying CVar settings loaded from the selected device profile: [Windows]
[2019.11.10-07.03.36:313][  0]LogHAL: Display: Platform has ~ 16 GB [17095811072 / 17179869184 / 16], which maps to Larger [LargestMinGB=32, LargerMinGB=12, DefaultMinGB=8, SmallerMinGB=6, SmallestMinGB=0)
[2019.11.10-07.03.36:314][  0]LogInit: Setting Device Profile CVar: [[r.Vulkan.UseRealUBs:1]]
[2019.11.10-07.03.36:314][  0]LogInit: Going up to parent DeviceProfile []
[2019.11.10-07.03.36:315][  0]LogInit: Computer: MSI
[2019.11.10-07.03.36:315][  0]LogInit: User: hiit
[2019.11.10-07.03.36:315][  0]LogInit: CPU Page size=4096, Cores=4
[2019.11.10-07.03.36:315][  0]LogInit: High frequency timer resolution =10.000000 MHz
[2019.11.10-07.03.36:316][  0]LogMemory: Memory total: Physical=15.9GB (16GB approx)
[2019.11.10-07.03.36:316][  0]LogMemory: Platform Memory Stats for Windows
[2019.11.10-07.03.36:317][  0]LogMemory: Process Physical Memory: 102.79 MB used, 102.79 MB peak
[2019.11.10-07.03.36:317][  0]LogMemory: Process Virtual Memory: 93.29 MB used, 93.29 MB peak
[2019.11.10-07.03.36:317][  0]LogMemory: Physical Memory: 8490.70 MB used,  7813.13 MB free, 16303.84 MB total
[2019.11.10-07.03.36:317][  0]LogMemory: Virtual Memory: 4630.47 MB used,  7813.13 MB free, 134217728.00 MB total
[2019.11.10-07.03.37:743][  0]LogInit: Using OS detected language (en-US).
[2019.11.10-07.03.37:743][  0]LogInit: Using OS detected locale (en-AU).
[2019.11.10-07.03.37:745][  0]LogTextLocalizationManager: No specific localization for 'en-US' exists, so the 'en' localization will be used.
[2019.11.10-07.03.38:535][  0]LogStreaming: Display: Took  0.792s to InitEngineTextLocalization.
[2019.11.10-07.03.38:535][  0]LogInit: Setting process to per monitor DPI aware
[2019.11.10-07.03.38:777][  0]LogSlate: New Slate User Created.  User Index 0, Is Virtual User: 0
[2019.11.10-07.03.38:778][  0]LogSlate: Slate User Registered.  User Index 0, Is Virtual User: 0
[2019.11.10-07.03.43:580][  0]LogHMD: Failed to initialize OpenVR with code 110
[2019.11.10-07.03.43:581][  0]LogD3D11RHI: D3D11 adapters:
[2019.11.10-07.03.43:744][  0]LogD3D11RHI:    0. 'NVIDIA GeForce GTX 1050' (Feature Level 11_0)
[2019.11.10-07.03.43:744][  0]LogD3D11RHI:       4021/0/8151 MB DedicatedVideo/DedicatedSystem/SharedSystem, Outputs:1, VendorId:0x10de
[2019.11.10-07.03.43:790][  0]LogD3D11RHI:    1. 'Intel(R) HD Graphics 630' (Feature Level 11_0)
[2019.11.10-07.03.43:790][  0]LogD3D11RHI:       128/0/8151 MB DedicatedVideo/DedicatedSystem/SharedSystem, Outputs:0, VendorId:0x8086
[2019.11.10-07.03.43:801][  0]LogD3D11RHI:    2. 'Microsoft Basic Render Driver' (Feature Level 11_0)
[2019.11.10-07.03.43:801][  0]LogD3D11RHI:       0/0/8151 MB DedicatedVideo/DedicatedSystem/SharedSystem, Outputs:0, VendorId:0x1414
[2019.11.10-07.03.43:801][  0]LogD3D11RHI: Chosen D3D11 Adapter: 0
[2019.11.10-07.03.43:873][  0]LogD3D11RHI: Creating new Direct3DDevice
[2019.11.10-07.03.43:874][  0]LogD3D11RHI:     GPU DeviceId: 0x1c8d (for the marketing name, search the web for "GPU Device Id")
[2019.11.10-07.03.43:874][  0]LogWindows: EnumDisplayDevices:
[2019.11.10-07.03.43:874][  0]LogWindows:    0. 'Intel(R) HD Graphics 630' (P:1 D:1)
[2019.11.10-07.03.43:875][  0]LogWindows:    1. 'Intel(R) HD Graphics 630' (P:0 D:0)
[2019.11.10-07.03.43:876][  0]LogWindows:    2. 'Intel(R) HD Graphics 630' (P:0 D:0)
[2019.11.10-07.03.43:877][  0]LogWindows: DebugString: PrimaryIsNotTheChoosenAdapter PrimaryIsNotTheChoosenAdapter PrimaryIsNotTheChoosenAdapter FoundDriverCount:0 
[2019.11.10-07.03.43:877][  0]LogD3D11RHI:     Adapter Name: NVIDIA GeForce GTX 1050
[2019.11.10-07.03.43:877][  0]LogD3D11RHI:   Driver Version: Unknown (internal:Unknown, unified:Unknown)
[2019.11.10-07.03.43:877][  0]LogD3D11RHI:      Driver Date: Unknown
[2019.11.10-07.03.43:877][  0]LogRHI: Texture pool is 2814 MB (70% of 4021 MB)
[2019.11.10-07.03.43:973][  0]LogD3D11RHI: Async texture creation enabled
[2019.11.10-07.03.44:117][  0]LogD3D11RHI: GPU Timing Frequency: 1000.000000 (Debug: 2 2)
[2019.11.10-07.03.44:120][  0]LogShaderCompilers: Guid format shader working directory is -42 characters bigger than the processId version (../../../../../Users/hi_it/OneDrive/Documents/GitHub/Chicken-Crimpy-Repository/DejaBrew/Intermediate/Shaders/WorkingDirectory/11932/).
[2019.11.10-07.03.44:120][  0]LogShaderCompilers: Cleaned the shader compiler working directory 'C:/Users/hi_it/AppData/Local/Temp/UnrealShaderWorkingDir/39665FD94B7B3BB1E6E99483083ED3AC/'.
[2019.11.10-07.03.44:705][  0]LogTemp: Display: Loaded TP AllDesktopTargetPlatform
[2019.11.10-07.03.44:738][  0]LogTemp: Display: Loaded TP MacClientTargetPlatform
[2019.11.10-07.03.44:772][  0]LogTemp: Display: Loaded TP MacNoEditorTargetPlatform
[2019.11.10-07.03.44:806][  0]LogTemp: Display: Loaded TP MacServerTargetPlatform
[2019.11.10-07.03.44:835][  0]LogTemp: Display: Loaded TP MacTargetPlatform
[2019.11.10-07.03.44:866][  0]LogTemp: Display: Loaded TP WindowsClientTargetPlatform
[2019.11.10-07.03.44:900][  0]LogTemp: Display: Loaded TP WindowsNoEditorTargetPlatform
[2019.11.10-07.03.44:934][  0]LogTemp: Display: Loaded TP WindowsServerTargetPlatform
[2019.11.10-07.03.44:951][  0]LogTemp: Display: Loaded TP WindowsTargetPlatform
[2019.11.10-07.03.45:147][  0]LogTemp: Display: Loaded TP AndroidTargetPlatform
[2019.11.10-07.03.45:147][  0]LogTemp: Display: Loaded TP AndroidTargetPlatform
[2019.11.10-07.03.45:147][  0]LogTemp: Display: Loaded TP AndroidTargetPlatform
[2019.11.10-07.03.45:147][  0]LogTemp: Display: Loaded TP AndroidTargetPlatform
[2019.11.10-07.03.45:147][  0]LogTemp: Display: Loaded TP AndroidTargetPlatform
[2019.11.10-07.03.45:148][  0]LogTemp: Display: Loaded TP AndroidTargetPlatform
[2019.11.10-07.03.45:148][  0]LogTemp: Display: Loaded TP AndroidTargetPlatform
[2019.11.10-07.03.45:148][  0]LogTemp: Display: Loaded TP AndroidTargetPlatform
[2019.11.10-07.03.45:148][  0]LogTemp: Display: Loaded TP AndroidTargetPlatform
[2019.11.10-07.03.45:148][  0]LogTemp: Display: Loaded TP AndroidTargetPlatform
[2019.11.10-07.03.45:148][  0]LogTemp: Display: Loaded TP AndroidTargetPlatform
[2019.11.10-07.03.45:149][  0]LogTemp: Display: Loaded TP AndroidTargetPlatform
[2019.11.10-07.03.45:149][  0]LogTemp: Display: Loaded TP AndroidTargetPlatform
[2019.11.10-07.03.45:149][  0]LogTemp: Display: Loaded TP AndroidTargetPlatform
[2019.11.10-07.03.45:149][  0]LogTemp: Display: Loaded TP AndroidTargetPlatform
[2019.11.10-07.03.45:149][  0]LogTemp: Display: Loaded TP AndroidTargetPlatform
[2019.11.10-07.03.45:149][  0]LogTemp: Display: Loaded TP AndroidTargetPlatform
[2019.11.10-07.03.45:150][  0]LogTemp: Display: Loaded TP AndroidTargetPlatform
[2019.11.10-07.03.45:156][  0]LogTemp: Display: Loaded TP HTML5TargetPlatform
[2019.11.10-07.03.45:280][  0]LogTemp: Display: Loaded TP IOSTargetPlatform
[2019.11.10-07.03.45:281][  0]LogTemp: Display: Loaded TP IOSTargetPlatform
[2019.11.10-07.03.45:341][  0]LogTemp: Display: Loaded TP TVOSTargetPlatform
[2019.11.10-07.03.45:341][  0]LogTemp: Display: Loaded TP TVOSTargetPlatform
[2019.11.10-07.03.45:373][  0]LogTemp: Display: Loaded TP LinuxClientTargetPlatform
[2019.11.10-07.03.45:406][  0]LogTemp: Display: Loaded TP LinuxNoEditorTargetPlatform
[2019.11.10-07.03.45:436][  0]LogTemp: Display: Loaded TP LinuxServerTargetPlatform
[2019.11.10-07.03.45:480][  0]LogTemp: Display: Loaded TP LinuxTargetPlatform
[2019.11.10-07.03.45:508][  0]LogTemp: Display: Loaded TP LuminTargetPlatform
[2019.11.10-07.03.45:509][  0]LogTargetPlatformManager: Display: Building Assets For Windows
[2019.11.10-07.03.45:871][  0]LogXGEController: Cannot use XGE Controller as Incredibuild is not installed on this machine.
[2019.11.10-07.03.45:872][  0]LogShaderCompilers: Cannot use XGE Shader Compiler as Incredibuild is not installed on this machine.
[2019.11.10-07.03.45:872][  0]LogShaderCompilers: Display: Using Local Shader Compiler.
[2019.11.10-07.03.50:137][  0]LogDerivedDataCache: Display: Max Cache Size: 512 MB
[2019.11.10-07.03.50:239][  0]LogDerivedDataCache: Loaded boot cache 0.10s 80MB C:/Users/hi_it/AppData/Local/UnrealEngine/4.20/DerivedDataCache/Boot.ddc.
[2019.11.10-07.03.50:239][  0]LogDerivedDataCache: Display: Loaded Boot cache: C:/Users/hi_it/AppData/Local/UnrealEngine/4.20/DerivedDataCache/Boot.ddc
[2019.11.10-07.03.50:239][  0]LogDerivedDataCache: FDerivedDataBackendGraph:  Pak pak cache file ../../../../../Users/hi_it/OneDrive/Documents/GitHub/Chicken-Crimpy-Repository/DejaBrew/DerivedDataCache/DDC.ddp not found, will not use a pak cache.
[2019.11.10-07.03.50:239][  0]LogDerivedDataCache: Unable to find inner node Pak for hierarchical cache Hierarchy.
[2019.11.10-07.03.50:240][  0]LogDerivedDataCache: FDerivedDataBackendGraph:  CompressedPak pak cache file ../../../../../Users/hi_it/OneDrive/Documents/GitHub/Chicken-Crimpy-Repository/DejaBrew/DerivedDataCache/Compressed.ddp not found, will not use a pak cache.
[2019.11.10-07.03.50:240][  0]LogDerivedDataCache: Unable to find inner node CompressedPak for hierarchical cache Hierarchy.
[2019.11.10-07.03.50:283][  0]LogDerivedDataCache: Display: Pak cache opened for reading ../../../Engine/DerivedDataCache/Compressed.ddp.
[2019.11.10-07.03.50:300][  0]LogDerivedDataCache: Using Local data cache path C:/Users/hi_it/AppData/Local/UnrealEngine/Common/DerivedDataCache: Writable
[2019.11.10-07.03.50:300][  0]LogDerivedDataCache: Shared data cache path not found in *engine.ini, will not use an Shared cache.
[2019.11.10-07.03.50:300][  0]LogDerivedDataCache: Unable to find inner node Shared for hierarchical cache Hierarchy.
[2019.11.10-07.03.50:339][  0]LogMaterial: Verifying Global Shaders for PCD3D_SM5
[2019.11.10-07.03.50:342][  0]LogSlate: Using FreeType 2.6.0
[2019.11.10-07.03.50:374][  0]LogSlate: SlateFontServices - WITH_FREETYPE: 1, WITH_HARFBUZZ: 1
[2019.11.10-07.03.50:814][  0]LogAssetRegistry: FAssetRegistry took 0.0415 seconds to start up
[2019.11.10-07.03.51:267][  0]LogInit: Selected Device Profile: [Windows]
[2019.11.10-07.03.51:725][  0]LogSimplygon: Simplygon DLL not present - disabling.
[2019.11.10-07.03.51:738][  0]LogMeshReduction: Using SimplygonSwarm for distributed automatic mesh merging
[2019.11.10-07.03.51:738][  0]LogMeshReduction: Using ProxyLODMeshReduction for automatic mesh merging
[2019.11.10-07.03.51:738][  0]LogMeshReduction: Using QuadricMeshReduction for automatic static mesh reduction
[2019.11.10-07.03.51:738][  0]LogMeshReduction: No automatic skeletal mesh reduction module available
[2019.11.10-07.03.51:823][  0]LogNetVersion: DejaBrew 1.0.0, NetCL: 4212847, EngineNetVer: 5, GameNetVer: 0 (Checksum: 719251921)
[2019.11.10-07.03.53:991][  0]LogPackageLocalizationCache: Processed 11 localized package path(s) for 2 prioritized culture(s) in 0.263111 seconds
[2019.11.10-07.03.54:002][  0]LogUObjectArray: 38425 objects as part of root set at end of initial load.
[2019.11.10-07.03.54:002][  0]LogUObjectAllocator: 6690864 out of 0 bytes used by permanent object pool.
[2019.11.10-07.03.54:003][  0]LogUObjectArray: CloseDisregardForGC: 0/0 objects in disregard for GC pool
[2019.11.10-07.03.59:787][  0]LogTcpMessaging: Initializing TcpMessaging bridge
[2019.11.10-07.03.59:808][  0]LogUdpMessaging: Initializing bridge on interface 0.0.0.0:0 to multicast group 230.0.0.1:6666.
[2019.11.10-07.04.01:217][  0]SourceControl: Source control is disabled
[2019.11.10-07.04.01:217][  0]SourceControl: Source control is disabled
[2019.11.10-07.04.01:223][  0]SourceControl: Source control is disabled
[2019.11.10-07.04.01:227][  0]SourceControl: Source control is disabled
[2019.11.10-07.04.01:593][  0]LogAndroidPermission: UAndroidPermissionCallbackProxy::GetInstance
[2019.11.10-07.04.02:038][  0]LogOcInput: OculusInput pre-init called
[2019.11.10-07.04.02:235][  0]LogEngine: Initializing Engine...
[2019.11.10-07.04.02:236][  0]LogHMD: Failed to initialize OpenVR with code 110
[2019.11.10-07.04.02:241][  0]LogStats: UGameplayTagsManager::ConstructGameplayTagTree: ImportINI prefixes -  0.000 s
[2019.11.10-07.04.02:241][  0]LogStats: UGameplayTagsManager::ConstructGameplayTagTree: Construct from data asset -  0.000 s
[2019.11.10-07.04.02:242][  0]LogStats: UGameplayTagsManager::ConstructGameplayTagTree: ImportINI -  0.000 s
[2019.11.10-07.04.02:242][  0]LogStats: UGameplayTagsManager::ConstructGameplayTagTree: GameplayTagTreeChangedEvent.Broadcast -  0.000 s
[2019.11.10-07.04.02:963][  0]LogInit: Initializing FReadOnlyCVARCache
[2019.11.10-07.04.02:984][  0]LogAIModule: Creating AISystem for world Untitled
[2019.11.10-07.04.03:137][  0]LogInit: XAudio2 using 'Speakers (Realtek High Definition Audio)' : 6 channels at 48 kHz using 32 bits per sample (channel mask 0x3f)
[2019.11.10-07.04.03:290][  0]LogInit: FAudioDevice initialized.
[2019.11.10-07.04.03:291][  0]LogNetVersion: Set ProjectVersion to 1.0.0.0. Version Checksum will be recalculated on next use.
[2019.11.10-07.04.03:607][  0]LogDerivedDataCache: Saved boot cache 0.32s 80MB C:/Users/hi_it/AppData/Local/UnrealEngine/4.20/DerivedDataCache/Boot.ddc.
[2019.11.10-07.04.03:633][  0]LogInit: Texture streaming: Enabled
[2019.11.10-07.04.03:686][  0]LogEngineSessionManager: EngineSessionManager initialized
[2019.11.10-07.04.03:689][  0]LogEngineSessionManager: EngineSessionManager sent abnormal shutdown report. Type=Debugger, SessionId={81894478-41D8-3A4B-B2A7-5BAEBD4D1AE2}
[2019.11.10-07.04.03:722][  0]LogInit: Transaction tracking system initialized
[2019.11.10-07.04.03:792][  0]BlueprintLog: New page: Editor Load
[2019.11.10-07.04.04:191][  0]LocalizationService: Localization service is disabled
[2019.11.10-07.04.04:859][  0]LogCook: Display: Max memory allowance for cook 16384mb min free memory 0mb
[2019.11.10-07.04.04:859][  0]LogCook: Display: Mobile HDR setting 1
[2019.11.10-07.04.04:860][  0]LogGameplayTags: Display: UGameplayTagsManager::DoneAddingNativeTags. DelegateIsBound: 0
[2019.11.10-07.04.04:860][  0]LogStats: UGameplayTagsManager::ConstructGameplayTagTree: ImportINI prefixes -  0.000 s
[2019.11.10-07.04.04:860][  0]LogStats: UGameplayTagsManager::ConstructGameplayTagTree: Construct from data asset -  0.000 s
[2019.11.10-07.04.04:861][  0]LogStats: UGameplayTagsManager::ConstructGameplayTagTree: ImportINI -  0.000 s
[2019.11.10-07.04.04:861][  0]LogStats: UGameplayTagsManager::ConstructGameplayTagTree: GameplayTagTreeChangedEvent.Broadcast -  0.000 s
[2019.11.10-07.04.05:233][  0]LogFileCache: Scanning file cache for directory 'C:/Users/hi_it/OneDrive/Documents/GitHub/Chicken-Crimpy-Repository/DejaBrew/Content/' took 0.03s
[2019.11.10-07.04.05:234][  0]SourceControl: Source control is disabled
[2019.11.10-07.04.05:240][  0]LightingResults: New page: Lighting Build
[2019.11.10-07.04.05:245][  0]MapCheck: New page: Map Check
[2019.11.10-07.04.05:245][  0]LightingResults: New page: Lighting Build
[2019.11.10-07.04.05:567][  0]LogAIModule: Creating AISystem for world SideScrollerExampleMap
[2019.11.10-07.04.05:584][  0]LogEditorServer: Finished looking for orphan Actors (0.000 secs)
[2019.11.10-07.04.05:604][  0]Cmd: MAP CHECKDEP NOCLEARLOG
[2019.11.10-07.04.05:734][  0]MapCheck: Map check complete: 0 Error(s), 0 Warning(s), took 129.899ms to complete.
[2019.11.10-07.04.05:735][  0]LogFileHelpers: Loading map 'SideScrollerExampleMap' took 0.500
[2019.11.10-07.04.05:956][  0]LogSlate: Updating window title bar state: overlay mode, drag disabled, window buttons hidden, title bar hidden
[2019.11.10-07.04.05:970][  0]LogSlate: Updating window title bar state: overlay mode, drag disabled, window buttons hidden, title bar hidden
[2019.11.10-07.04.05:987][  0]LogSlate: Updating window title bar state: overlay mode, drag disabled, window buttons hidden, title bar hidden
[2019.11.10-07.04.06:002][  0]LogSlate: Updating window title bar state: overlay mode, drag disabled, window buttons hidden, title bar hidden
[2019.11.10-07.04.06:026][  0]LogCollectionManager: Loaded 0 collections in 0.003897 seconds
[2019.11.10-07.04.06:094][  0]LogFileCache: Scanning file cache for directory 'C:/Users/hi_it/OneDrive/Documents/GitHub/Chicken-Crimpy-Repository/DejaBrew/Saved/Collections/' took 0.01s
[2019.11.10-07.04.06:095][  0]LogFileCache: Scanning file cache for directory 'C:/Users/hi_it/OneDrive/Documents/GitHub/Chicken-Crimpy-Repository/DejaBrew/Content/Developers/hiit/Collections/' took 0.02s
[2019.11.10-07.04.06:095][  0]LogFileCache: Scanning file cache for directory 'C:/Users/hi_it/OneDrive/Documents/GitHub/Chicken-Crimpy-Repository/DejaBrew/Content/Collections/' took 0.02s
[2019.11.10-07.04.06:095][  0]LogCollectionManager: Rebuilt the GUID cache for 0 collections in 0.000000 seconds
[2019.11.10-07.04.06:117][  0]LogContentBrowser: Native class hierarchy populated in 0.0216 seconds. Added 2575 classes and 605 folders.
[2019.11.10-07.04.06:130][  0]LogContentBrowser: Native class hierarchy updated for 'WidgetCarousel' in 0.0007 seconds. Added 0 classes and 0 folders.
[2019.11.10-07.04.06:695][  0]LogContentBrowser: Native class hierarchy updated for 'AddContentDialog' in 0.0008 seconds. Added 0 classes and 0 folders.
[2019.11.10-07.04.06:709][  0]LogContentBrowser: Native class hierarchy updated for 'SceneOutliner' in 0.0010 seconds. Added 1 classes and 2 folders.
[2019.11.10-07.04.06:868][  0]LogSlate: Took 0.012072 seconds to synchronously load lazily loaded font '../../../Engine/Content/Slate/Fonts/Roboto-Regular.ttf' (155K)
[2019.11.10-07.04.06:883][  0]LogSlate: Took 0.009853 seconds to synchronously load lazily loaded font '../../../Engine/Content/Slate/Fonts/Roboto-Bold.ttf' (160K)
[2019.11.10-07.04.06:904][  0]LogSlate: Took 0.008064 seconds to synchronously load lazily loaded font '../../../Engine/Content/Editor/Slate/Fonts/FontAwesome.ttf' (139K)
[2019.11.10-07.04.07:082][  0]LogRenderer: Reallocating scene render targets to support 884x508 Format 10 NumSamples 1 (Frame:1).
[2019.11.10-07.04.07:413][  0]LogContentBrowser: Native class hierarchy updated for 'HierarchicalLODOutliner' in 0.0010 seconds. Added 0 classes and 0 folders.
[2019.11.10-07.04.07:413][  0]LogLoad: (Engine Initialization) Total time: 34.64 seconds
[2019.11.10-07.04.07:414][  0]LogLoad: (Engine Initialization) Total Blueprint compile time: 0.00 seconds
[2019.11.10-07.04.07:478][  0]LogContentStreaming: Texture pool size now 1000 MB
[2019.11.10-07.04.07:562][  0]LogSlate: Took 0.005307 seconds to synchronously load lazily loaded font '../../../Engine/Content/Slate/Fonts/Roboto-Light.ttf' (167K)
[2019.11.10-07.04.07:578][  1]LogFileCache: Retrieving MD5 hashes for directory 'C:/Users/hi_it/OneDrive/Documents/GitHub/Chicken-Crimpy-Repository/DejaBrew/Content/' took 0.12s
[2019.11.10-07.04.07:597][  1]LogAssetRegistry: Asset discovery search completed in 16.8117 seconds
[2019.11.10-07.04.07:599][  1]LogCollectionManager: Rebuilt the object cache for 0 collections in 0.000000 seconds (found 0 objects)
[2019.11.10-07.04.07:600][  1]LogCollectionManager: Fixed up redirectors for 0 collections in 0.000262 seconds (updated 0 objects)
[2019.11.10-07.04.22:767][356]LogSlate: FSceneViewport::OnFocusLost() reason 0
[2019.11.10-07.04.23:034][359]LogSlate: Took 0.000203 seconds to synchronously load lazily loaded font '../../../Engine/Content/Slate/Fonts/Roboto-Light.ttf' (167K)
[2019.11.10-07.04.23:045][359]LogAssetEditorManager: Opening Asset editor for WidgetBlueprint /Game/SideScrollerCPP/Blueprints/Widgets/PM_OptionsWidget_BP.PM_OptionsWidget_BP
[2019.11.10-07.04.24:560][359]LogContentBrowser: Native class hierarchy updated for 'BlueprintGraph' in 0.0018 seconds. Added 116 classes and 0 folders.
[2019.11.10-07.04.25:462][359]LogSlate: Took 0.008856 seconds to synchronously load lazily loaded font '../../../Engine/Content/Slate/Fonts/Roboto-BoldCondensed.ttf' (158K)
[2019.11.10-07.04.32:876][541]LogTemp: Repeating last play command: Selected Viewport
[2019.11.10-07.04.32:910][541]LogBlueprintUserMessages: Early PlayInEditor Detection: Level '/Game/SideScrollerCPP/Maps/SideScrollerExampleMap.SideScrollerExampleMap:PersistentLevel' has LevelScriptBlueprint '/Game/SideScrollerCPP/Maps/SideScrollerExampleMap.SideScrollerExampleMap:PersistentLevel.SideScrollerExampleMap' with GeneratedClass '/Game/SideScrollerCPP/Maps/SideScrollerExampleMap.SideScrollerExampleMap_C' with ClassGeneratedBy '/Game/SideScrollerCPP/Maps/SideScrollerExampleMap.SideScrollerExampleMap:PersistentLevel.SideScrollerExampleMap'
[2019.11.10-07.04.32:910][541]LogPlayLevel: PlayLevel: No blueprints needed recompiling
[2019.11.10-07.04.32:926][541]PIE: New page: PIE session: SideScrollerExampleMap (11 Nov 2019 5:04:32 am)
[2019.11.10-07.04.32:927][541]LogPlayLevel: Creating play world package: /Game/SideScrollerCPP/Maps/UEDPIE_0_SideScrollerExampleMap
[2019.11.10-07.04.32:950][541]LogPlayLevel: PIE: StaticDuplicateObject took: (0.022846s)
[2019.11.10-07.04.32:951][541]LogAIModule: Creating AISystem for world SideScrollerExampleMap
[2019.11.10-07.04.32:951][541]LogPlayLevel: PIE: World Init took: (0.001498s)
[2019.11.10-07.04.32:952][541]LogPlayLevel: PIE: Created PIE world by copying editor world from /Game/SideScrollerCPP/Maps/SideScrollerExampleMap.SideScrollerExampleMap to /Game/SideScrollerCPP/Maps/UEDPIE_0_SideScrollerExampleMap.SideScrollerExampleMap (0.024896s)
[2019.11.10-07.04.33:032][541]LogInit: XAudio2 using 'Speakers (Realtek High Definition Audio)' : 6 channels at 48 kHz using 32 bits per sample (channel mask 0x3f)
[2019.11.10-07.04.33:135][541]LogInit: FAudioDevice initialized.
[2019.11.10-07.04.33:206][541]LogLoad: Game class is 'DejaBrewGameMode'
[2019.11.10-07.04.33:214][541]LogWorld: Bringing World /Game/SideScrollerCPP/Maps/UEDPIE_0_SideScrollerExampleMap.SideScrollerExampleMap up for play (max tick rate 60) at 2019.11.10-18.04.33
[2019.11.10-07.04.33:216][541]LogWorld: Bringing up level for play took: 0.006935
[2019.11.10-07.04.33:247][541]LogContentBrowser: Native class hierarchy updated for 'MovieSceneCapture' in 0.0009 seconds. Added 10 classes and 0 folders.
[2019.11.10-07.04.33:312][541]PIE: Play in editor start time for /Game/SideScrollerCPP/Maps/UEDPIE_0_SideScrollerExampleMap 0.335
[2019.11.10-07.04.33:313][541]LogBlueprintUserMessages: Late PlayInEditor Detection: Level '/Game/SideScrollerCPP/Maps/SideScrollerExampleMap.SideScrollerExampleMap:PersistentLevel' has LevelScriptBlueprint '/Game/SideScrollerCPP/Maps/SideScrollerExampleMap.SideScrollerExampleMap:PersistentLevel.SideScrollerExampleMap' with GeneratedClass '/Game/SideScrollerCPP/Maps/SideScrollerExampleMap.SideScrollerExampleMap_C' with ClassGeneratedBy '/Game/SideScrollerCPP/Maps/SideScrollerExampleMap.SideScrollerExampleMap:PersistentLevel.SideScrollerExampleMap'
[2019.11.10-07.04.36:197][624]LogBlueprintUserMessages: Early EndPlayMap Detection: Level '/Game/SideScrollerCPP/Maps/SideScrollerExampleMap.SideScrollerExampleMap:PersistentLevel' has LevelScriptBlueprint '/Game/SideScrollerCPP/Maps/SideScrollerExampleMap.SideScrollerExampleMap:PersistentLevel.SideScrollerExampleMap' with GeneratedClass '/Game/SideScrollerCPP/Maps/SideScrollerExampleMap.SideScrollerExampleMap_C' with ClassGeneratedBy '/Game/SideScrollerCPP/Maps/SideScrollerExampleMap.SideScrollerExampleMap:PersistentLevel.SideScrollerExampleMap'
[2019.11.10-07.04.36:199][624]LogSlate: Updating window title bar state: overlay mode, drag disabled, window buttons hidden, title bar hidden
[2019.11.10-07.04.36:261][624]LogPlayLevel: Display: Shutting down PIE online subsystems
[2019.11.10-07.04.36:262][624]LogBlueprintUserMessages: Late EndPlayMap Detection: Level '/Game/SideScrollerCPP/Maps/SideScrollerExampleMap.SideScrollerExampleMap:PersistentLevel' has LevelScriptBlueprint '/Game/SideScrollerCPP/Maps/SideScrollerExampleMap.SideScrollerExampleMap:PersistentLevel.SideScrollerExampleMap' with GeneratedClass '/Game/SideScrollerCPP/Maps/SideScrollerExampleMap.SideScrollerExampleMap_C' with ClassGeneratedBy '/Game/SideScrollerCPP/Maps/SideScrollerExampleMap.SideScrollerExampleMap:PersistentLevel.SideScrollerExampleMap'
[2019.11.10-07.04.36:342][624]LogSlate: Updating window title bar state: overlay mode, drag disabled, window buttons hidden, title bar hidden
[2019.11.10-07.04.36:396][625]LogPlayLevel: Display: Destroying online subsystem :Context_3
[2019.11.10-07.04.39:878][692]LogSlate: FSceneViewport::OnFocusLost() reason 0
[2019.11.10-07.04.41:369][749]LogSlate: Window 'PM_OptionsWidget_BP' being destroyed
[2019.11.10-07.04.43:409][832]LogSlate: FSceneViewport::OnFocusLost() reason 0
[2019.11.10-07.04.43:474][834]LogTemp: Repeating last play command: Selected Viewport
[2019.11.10-07.04.43:502][834]LogBlueprintUserMessages: Early PlayInEditor Detection: Level '/Game/SideScrollerCPP/Maps/SideScrollerExampleMap.SideScrollerExampleMap:PersistentLevel' has LevelScriptBlueprint '/Game/SideScrollerCPP/Maps/SideScrollerExampleMap.SideScrollerExampleMap:PersistentLevel.SideScrollerExampleMap' with GeneratedClass '/Game/SideScrollerCPP/Maps/SideScrollerExampleMap.SideScrollerExampleMap_C' with ClassGeneratedBy '/Game/SideScrollerCPP/Maps/SideScrollerExampleMap.SideScrollerExampleMap:PersistentLevel.SideScrollerExampleMap'
[2019.11.10-07.04.43:503][834]LogPlayLevel: PlayLevel: No blueprints needed recompiling
[2019.11.10-07.04.43:503][834]PIE: New page: PIE session: SideScrollerExampleMap (11 Nov 2019 5:04:43 am)
[2019.11.10-07.04.43:503][834]LogPlayLevel: Creating play world package: /Game/SideScrollerCPP/Maps/UEDPIE_0_SideScrollerExampleMap
[2019.11.10-07.04.43:517][834]LogPlayLevel: PIE: StaticDuplicateObject took: (0.014362s)
[2019.11.10-07.04.43:518][834]LogAIModule: Creating AISystem for world SideScrollerExampleMap
[2019.11.10-07.04.43:519][834]LogPlayLevel: PIE: World Init took: (0.001243s)
[2019.11.10-07.04.43:519][834]LogPlayLevel: PIE: Created PIE world by copying editor world from /Game/SideScrollerCPP/Maps/SideScrollerExampleMap.SideScrollerExampleMap to /Game/SideScrollerCPP/Maps/UEDPIE_0_SideScrollerExampleMap.SideScrollerExampleMap (0.016180s)
[2019.11.10-07.04.43:608][834]LogInit: XAudio2 using 'Speakers (Realtek High Definition Audio)' : 6 channels at 48 kHz using 32 bits per sample (channel mask 0x3f)
[2019.11.10-07.04.43:682][834]LogInit: FAudioDevice initialized.
[2019.11.10-07.04.43:696][834]LogSlate: Updating window title bar state: overlay mode, drag disabled, window buttons hidden, title bar hidden
[2019.11.10-07.04.43:844][834]LogLoad: Game class is 'DejaBrewGameMode'
[2019.11.10-07.04.43:849][834]LogWorld: Bringing World /Game/SideScrollerCPP/Maps/UEDPIE_0_SideScrollerExampleMap.SideScrollerExampleMap up for play (max tick rate 60) at 2019.11.10-18.04.43
[2019.11.10-07.04.43:850][834]LogWorld: Bringing up level for play took: 0.004334
[2019.11.10-07.04.43:931][834]PIE: Play in editor start time for /Game/SideScrollerCPP/Maps/UEDPIE_0_SideScrollerExampleMap 0.953
[2019.11.10-07.04.43:932][834]LogBlueprintUserMessages: Late PlayInEditor Detection: Level '/Game/SideScrollerCPP/Maps/SideScrollerExampleMap.SideScrollerExampleMap:PersistentLevel' has LevelScriptBlueprint '/Game/SideScrollerCPP/Maps/SideScrollerExampleMap.SideScrollerExampleMap:PersistentLevel.SideScrollerExampleMap' with GeneratedClass '/Game/SideScrollerCPP/Maps/SideScrollerExampleMap.SideScrollerExampleMap_C' with ClassGeneratedBy '/Game/SideScrollerCPP/Maps/SideScrollerExampleMap.SideScrollerExampleMap:PersistentLevel.SideScrollerExampleMap'
[2019.11.10-07.04.43:963][834]LogRenderer: Reallocating scene render targets to support 1024x576 Format 10 NumSamples 1 (Frame:1).
[2019.11.10-07.04.51:741][ 68]LogSlate: FSceneViewport::OnFocusLost() reason 0
[2019.11.10-07.05.03:773][429]LogSlate: FSceneViewport::OnFocusLost() reason 0
[2019.11.10-07.05.07:509][539]LogHttp: Warning: 000001C345179800: request failed, libcurl error: 6 (Couldn't resolve host name)
[2019.11.10-07.05.07:509][539]LogHttp: Warning: 000001C345179800: libcurl info message cache 0 (Could not resolve host: datarouter.ol.epicgames.com)
[2019.11.10-07.05.07:509][539]LogHttp: Warning: 000001C345179800: libcurl info message cache 1 (Closing connection 0)
[2019.11.10-07.05.07:536][539]LogSlate: Window 'DejaBrew Game Preview Standalone (64-bit/PCD3D_SM5)' being destroyed
[2019.11.10-07.05.07:544][539]LogBlueprintUserMessages: Early EndPlayMap Detection: Level '/Game/SideScrollerCPP/Maps/SideScrollerExampleMap.SideScrollerExampleMap:PersistentLevel' has LevelScriptBlueprint '/Game/SideScrollerCPP/Maps/SideScrollerExampleMap.SideScrollerExampleMap:PersistentLevel.SideScrollerExampleMap' with GeneratedClass '/Game/SideScrollerCPP/Maps/SideScrollerExampleMap.SideScrollerExampleMap_C' with ClassGeneratedBy '/Game/SideScrollerCPP/Maps/SideScrollerExampleMap.SideScrollerExampleMap:PersistentLevel.SideScrollerExampleMap'
[2019.11.10-07.05.07:585][539]LogPlayLevel: Display: Shutting down PIE online subsystems
[2019.11.10-07.05.07:586][539]LogBlueprintUserMessages: Late EndPlayMap Detection: Level '/Game/SideScrollerCPP/Maps/SideScrollerExampleMap.SideScrollerExampleMap:PersistentLevel' has LevelScriptBlueprint '/Game/SideScrollerCPP/Maps/SideScrollerExampleMap.SideScrollerExampleMap:PersistentLevel.SideScrollerExampleMap' with GeneratedClass '/Game/SideScrollerCPP/Maps/SideScrollerExampleMap.SideScrollerExampleMap_C' with ClassGeneratedBy '/Game/SideScrollerCPP/Maps/SideScrollerExampleMap.SideScrollerExampleMap:PersistentLevel.SideScrollerExampleMap'
[2019.11.10-07.05.07:640][540]LogPlayLevel: Display: Destroying online subsystem :Context_4
[2019.11.10-07.05.21:070][175]LogSlate: Took 0.005094 seconds to synchronously load lazily loaded font '../../../Engine/Content/Slate/Fonts/Roboto-Italic.ttf' (157K)
[2019.11.10-07.05.52:724][514]BlueprintLog: New page: Compile PM_OptionsWidget_BP
[2019.11.10-07.05.54:066][558]LogSavePackage: Moving '../../../../../Users/hi_it/OneDrive/Documents/GitHub/Chicken-Crimpy-Repository/DejaBrew/Saved/PM_OptionsWidget_BPA869D81243A6D6C19116F19EA038628C.tmp' to '../../../../../Users/hi_it/OneDrive/Documents/GitHub/Chicken-Crimpy-Repository/DejaBrew/Content/SideScrollerCPP/Blueprints/Widgets/PM_OptionsWidget_BP.uasset'
[2019.11.10-07.06.34:013][ 20]LogTemp: Repeating last play command: Selected Viewport
[2019.11.10-07.06.34:043][ 20]LogBlueprintUserMessages: Early PlayInEditor Detection: Level '/Game/SideScrollerCPP/Maps/SideScrollerExampleMap.SideScrollerExampleMap:PersistentLevel' has LevelScriptBlueprint '/Game/SideScrollerCPP/Maps/SideScrollerExampleMap.SideScrollerExampleMap:PersistentLevel.SideScrollerExampleMap' with GeneratedClass '/Game/SideScrollerCPP/Maps/SideScrollerExampleMap.SideScrollerExampleMap_C' with ClassGeneratedBy '/Game/SideScrollerCPP/Maps/SideScrollerExampleMap.SideScrollerExampleMap:PersistentLevel.SideScrollerExampleMap'
[2019.11.10-07.06.34:043][ 20]LogPlayLevel: PlayLevel: No blueprints needed recompiling
[2019.11.10-07.06.34:043][ 20]PIE: New page: PIE session: SideScrollerExampleMap (11 Nov 2019 5:06:34 am)
[2019.11.10-07.06.34:044][ 20]LogPlayLevel: Creating play world package: /Game/SideScrollerCPP/Maps/UEDPIE_0_SideScrollerExampleMap
[2019.11.10-07.06.34:058][ 20]LogPlayLevel: PIE: StaticDuplicateObject took: (0.013689s)
[2019.11.10-07.06.34:059][ 20]LogAIModule: Creating AISystem for world SideScrollerExampleMap
[2019.11.10-07.06.34:059][ 20]LogPlayLevel: PIE: World Init took: (0.001351s)
[2019.11.10-07.06.34:059][ 20]LogPlayLevel: PIE: Created PIE world by copying editor world from /Game/SideScrollerCPP/Maps/SideScrollerExampleMap.SideScrollerExampleMap to /Game/SideScrollerCPP/Maps/UEDPIE_0_SideScrollerExampleMap.SideScrollerExampleMap (0.015669s)
[2019.11.10-07.06.34:145][ 20]LogInit: XAudio2 using 'Speakers (Realtek High Definition Audio)' : 6 channels at 48 kHz using 32 bits per sample (channel mask 0x3f)
[2019.11.10-07.06.34:223][ 20]LogInit: FAudioDevice initialized.
[2019.11.10-07.06.34:266][ 20]LogLoad: Game class is 'DejaBrewGameMode'
[2019.11.10-07.06.34:274][ 20]LogWorld: Bringing World /Game/SideScrollerCPP/Maps/UEDPIE_0_SideScrollerExampleMap.SideScrollerExampleMap up for play (max tick rate 60) at 2019.11.10-18.06.34
[2019.11.10-07.06.34:275][ 20]LogWorld: Bringing up level for play took: 0.005944
[2019.11.10-07.06.34:370][ 20]PIE: Play in editor start time for /Game/SideScrollerCPP/Maps/UEDPIE_0_SideScrollerExampleMap -0.607
[2019.11.10-07.06.34:371][ 20]LogBlueprintUserMessages: Late PlayInEditor Detection: Level '/Game/SideScrollerCPP/Maps/SideScrollerExampleMap.SideScrollerExampleMap:PersistentLevel' has LevelScriptBlueprint '/Game/SideScrollerCPP/Maps/SideScrollerExampleMap.SideScrollerExampleMap:PersistentLevel.SideScrollerExampleMap' with GeneratedClass '/Game/SideScrollerCPP/Maps/SideScrollerExampleMap.SideScrollerExampleMap_C' with ClassGeneratedBy '/Game/SideScrollerCPP/Maps/SideScrollerExampleMap.SideScrollerExampleMap:PersistentLevel.SideScrollerExampleMap'
[2019.11.10-07.06.39:317][174]LogSlate: FSceneViewport::OnFocusLost() reason 0
[2019.11.10-07.06.44:419][327]LogBlueprintUserMessages: Early EndPlayMap Detection: Level '/Game/SideScrollerCPP/Maps/SideScrollerExampleMap.SideScrollerExampleMap:PersistentLevel' has LevelScriptBlueprint '/Game/SideScrollerCPP/Maps/SideScrollerExampleMap.SideScrollerExampleMap:PersistentLevel.SideScrollerExampleMap' with GeneratedClass '/Game/SideScrollerCPP/Maps/SideScrollerExampleMap.SideScrollerExampleMap_C' with ClassGeneratedBy '/Game/SideScrollerCPP/Maps/SideScrollerExampleMap.SideScrollerExampleMap:PersistentLevel.SideScrollerExampleMap'
[2019.11.10-07.06.44:420][327]LogSlate: Updating window title bar state: overlay mode, drag disabled, window buttons hidden, title bar hidden
[2019.11.10-07.06.44:501][327]LogPlayLevel: Display: Shutting down PIE online subsystems
[2019.11.10-07.06.44:501][327]LogBlueprintUserMessages: Late EndPlayMap Detection: Level '/Game/SideScrollerCPP/Maps/SideScrollerExampleMap.SideScrollerExampleMap:PersistentLevel' has LevelScriptBlueprint '/Game/SideScrollerCPP/Maps/SideScrollerExampleMap.SideScrollerExampleMap:PersistentLevel.SideScrollerExampleMap' with GeneratedClass '/Game/SideScrollerCPP/Maps/SideScrollerExampleMap.SideScrollerExampleMap_C' with ClassGeneratedBy '/Game/SideScrollerCPP/Maps/SideScrollerExampleMap.SideScrollerExampleMap:PersistentLevel.SideScrollerExampleMap'
[2019.11.10-07.06.44:563][327]LogSlate: Updating window title bar state: overlay mode, drag disabled, window buttons hidden, title bar hidden
[2019.11.10-07.06.44:581][328]LogPlayLevel: Display: Destroying online subsystem :Context_5
[2019.11.10-07.06.49:103][432]LogSavePackage: Moving '../../../../../Users/hi_it/OneDrive/Documents/GitHub/Chicken-Crimpy-Repository/DejaBrew/Saved/PM_OptionsWidget_BP2AF11DD64DE393AA40D7FC8D46D69E7A.tmp' to '../../../../../Users/hi_it/OneDrive/Documents/GitHub/Chicken-Crimpy-Repository/DejaBrew/Content/SideScrollerCPP/Blueprints/Widgets/PM_OptionsWidget_BP.uasset'
[2019.11.10-07.07.07:640][ 45]LogHttp: Warning: 000001C324EA8F40: request failed, libcurl error: 6 (Couldn't resolve host name)
[2019.11.10-07.07.07:641][ 45]LogHttp: Warning: 000001C324EA8F40: libcurl info message cache 0 (Could not resolve host: datarouter.ol.epicgames.com)
[2019.11.10-07.07.07:641][ 45]LogHttp: Warning: 000001C324EA8F40: libcurl info message cache 1 (Closing connection 1)
[2019.11.10-07.07.11:704][115]LogTemp: Repeating last play command: Selected Viewport
[2019.11.10-07.07.11:733][115]LogBlueprintUserMessages: Early PlayInEditor Detection: Level '/Game/SideScrollerCPP/Maps/SideScrollerExampleMap.SideScrollerExampleMap:PersistentLevel' has LevelScriptBlueprint '/Game/SideScrollerCPP/Maps/SideScrollerExampleMap.SideScrollerExampleMap:PersistentLevel.SideScrollerExampleMap' with GeneratedClass '/Game/SideScrollerCPP/Maps/SideScrollerExampleMap.SideScrollerExampleMap_C' with ClassGeneratedBy '/Game/SideScrollerCPP/Maps/SideScrollerExampleMap.SideScrollerExampleMap:PersistentLevel.SideScrollerExampleMap'
[2019.11.10-07.07.11:733][115]LogPlayLevel: PlayLevel: No blueprints needed recompiling
[2019.11.10-07.07.11:733][115]PIE: New page: PIE session: SideScrollerExampleMap (11 Nov 2019 5:07:11 am)
[2019.11.10-07.07.11:733][115]LogPlayLevel: Creating play world package: /Game/SideScrollerCPP/Maps/UEDPIE_0_SideScrollerExampleMap
[2019.11.10-07.07.11:745][115]LogPlayLevel: PIE: StaticDuplicateObject took: (0.011481s)
[2019.11.10-07.07.11:746][115]LogAIModule: Creating AISystem for world SideScrollerExampleMap
[2019.11.10-07.07.11:746][115]LogPlayLevel: PIE: World Init took: (0.000858s)
[2019.11.10-07.07.11:746][115]LogPlayLevel: PIE: Created PIE world by copying editor world from /Game/SideScrollerCPP/Maps/SideScrollerExampleMap.SideScrollerExampleMap to /Game/SideScrollerCPP/Maps/UEDPIE_0_SideScrollerExampleMap.SideScrollerExampleMap (0.012841s)
[2019.11.10-07.07.11:830][115]LogInit: XAudio2 using 'Speakers (Realtek High Definition Audio)' : 6 channels at 48 kHz using 32 bits per sample (channel mask 0x3f)
[2019.11.10-07.07.11:908][115]LogInit: FAudioDevice initialized.
[2019.11.10-07.07.11:923][115]LogSlate: Updating window title bar state: overlay mode, drag disabled, window buttons hidden, title bar hidden
[2019.11.10-07.07.12:095][115]LogLoad: Game class is 'DejaBrewGameMode'
[2019.11.10-07.07.12:101][115]LogWorld: Bringing World /Game/SideScrollerCPP/Maps/UEDPIE_0_SideScrollerExampleMap.SideScrollerExampleMap up for play (max tick rate 60) at 2019.11.10-18.07.12
[2019.11.10-07.07.12:102][115]LogWorld: Bringing up level for play took: 0.004698
[2019.11.10-07.07.12:180][115]PIE: Play in editor start time for /Game/SideScrollerCPP/Maps/UEDPIE_0_SideScrollerExampleMap 1.203
[2019.11.10-07.07.12:181][115]LogBlueprintUserMessages: Late PlayInEditor Detection: Level '/Game/SideScrollerCPP/Maps/SideScrollerExampleMap.SideScrollerExampleMap:PersistentLevel' has LevelScriptBlueprint '/Game/SideScrollerCPP/Maps/SideScrollerExampleMap.SideScrollerExampleMap:PersistentLevel.SideScrollerExampleMap' with GeneratedClass '/Game/SideScrollerCPP/Maps/SideScrollerExampleMap.SideScrollerExampleMap_C' with ClassGeneratedBy '/Game/SideScrollerCPP/Maps/SideScrollerExampleMap.SideScrollerExampleMap:PersistentLevel.SideScrollerExampleMap'
[2019.11.10-07.07.16:573][182]LogSlate: FSceneViewport::OnFocusLost() reason 0
[2019.11.10-07.07.29:071][369]LogBlueprintUserMessages: Early EndPlayMap Detection: Level '/Game/SideScrollerCPP/Maps/SideScrollerExampleMap.SideScrollerExampleMap:PersistentLevel' has LevelScriptBlueprint '/Game/SideScrollerCPP/Maps/SideScrollerExampleMap.SideScrollerExampleMap:PersistentLevel.SideScrollerExampleMap' with GeneratedClass '/Game/SideScrollerCPP/Maps/SideScrollerExampleMap.SideScrollerExampleMap_C' with ClassGeneratedBy '/Game/SideScrollerCPP/Maps/SideScrollerExampleMap.SideScrollerExampleMap:PersistentLevel.SideScrollerExampleMap'
[2019.11.10-07.07.29:073][369]LogSlate: Updating window title bar state: overlay mode, drag disabled, window buttons hidden, title bar hidden
[2019.11.10-07.07.29:137][369]LogSlate: Window 'DejaBrew Game Preview Standalone (64-bit/PCD3D_SM5)' being destroyed
[2019.11.10-07.07.29:206][369]LogPlayLevel: Display: Shutting down PIE online subsystems
[2019.11.10-07.07.29:207][369]LogBlueprintUserMessages: Late EndPlayMap Detection: Level '/Game/SideScrollerCPP/Maps/SideScrollerExampleMap.SideScrollerExampleMap:PersistentLevel' has LevelScriptBlueprint '/Game/SideScrollerCPP/Maps/SideScrollerExampleMap.SideScrollerExampleMap:PersistentLevel.SideScrollerExampleMap' with GeneratedClass '/Game/SideScrollerCPP/Maps/SideScrollerExampleMap.SideScrollerExampleMap_C' with ClassGeneratedBy '/Game/SideScrollerCPP/Maps/SideScrollerExampleMap.SideScrollerExampleMap:PersistentLevel.SideScrollerExampleMap'
[2019.11.10-07.07.29:294][370]LogPlayLevel: Display: Destroying online subsystem :Context_6
[2019.11.10-07.09.07:693][322]LogHttp: Warning: 000001C3394BD580: request failed, libcurl error: 6 (Couldn't resolve host name)
[2019.11.10-07.09.07:693][322]LogHttp: Warning: 000001C3394BD580: libcurl info message cache 0 (Could not resolve host: datarouter.ol.epicgames.com)
[2019.11.10-07.09.07:694][322]LogHttp: Warning: 000001C3394BD580: libcurl info message cache 1 (Closing connection 2)
[2019.11.10-07.11.07:730][924]LogHttp: Warning: 000001C3394BD580: request failed, libcurl error: 6 (Couldn't resolve host name)
[2019.11.10-07.11.07:730][924]LogHttp: Warning: 000001C3394BD580: libcurl info message cache 0 (Could not resolve host: datarouter.ol.epicgames.com)
[2019.11.10-07.11.07:731][924]LogHttp: Warning: 000001C3394BD580: libcurl info message cache 1 (Closing connection 3)
[2019.11.10-07.13.07:767][526]LogHttp: Warning: 000001C3394BD580: request failed, libcurl error: 6 (Couldn't resolve host name)
[2019.11.10-07.13.07:768][526]LogHttp: Warning: 000001C3394BD580: libcurl info message cache 0 (Could not resolve host: datarouter.ol.epicgames.com)
[2019.11.10-07.13.07:768][526]LogHttp: Warning: 000001C3394BD580: libcurl info message cache 1 (Closing connection 4)
[2019.11.10-07.15.07:805][128]LogHttp: Warning: 000001C3394BD580: request failed, libcurl error: 6 (Couldn't resolve host name)
[2019.11.10-07.15.07:805][128]LogHttp: Warning: 000001C3394BD580: libcurl info message cache 0 (Could not resolve host: datarouter.ol.epicgames.com)
[2019.11.10-07.15.07:806][128]LogHttp: Warning: 000001C3394BD580: libcurl info message cache 1 (Closing connection 5)
[2019.11.10-07.17.07:877][731]LogHttp: Warning: 000001C3394BD580: request failed, libcurl error: 6 (Couldn't resolve host name)
[2019.11.10-07.17.07:877][731]LogHttp: Warning: 000001C3394BD580: libcurl info message cache 0 (Could not resolve host: datarouter.ol.epicgames.com)
[2019.11.10-07.17.07:878][731]LogHttp: Warning: 000001C3394BD580: libcurl info message cache 1 (Closing connection 6)
[2019.11.10-07.19.07:913][333]LogHttp: Warning: 000001C3394BD580: request failed, libcurl error: 6 (Couldn't resolve host name)
[2019.11.10-07.19.07:913][333]LogHttp: Warning: 000001C3394BD580: libcurl info message cache 0 (Could not resolve host: datarouter.ol.epicgames.com)
[2019.11.10-07.19.07:913][333]LogHttp: Warning: 000001C3394BD580: libcurl info message cache 1 (Closing connection 7)
[2019.11.10-07.21.07:951][935]LogHttp: Warning: 000001C3394BD580: request failed, libcurl error: 6 (Couldn't resolve host name)
[2019.11.10-07.21.07:951][935]LogHttp: Warning: 000001C3394BD580: libcurl info message cache 0 (Could not resolve host: datarouter.ol.epicgames.com)
[2019.11.10-07.21.07:951][935]LogHttp: Warning: 000001C3394BD580: libcurl info message cache 1 (Closing connection 8)
[2019.11.10-07.23.07:988][537]LogHttp: Warning: 000001C3394BD580: request failed, libcurl error: 6 (Couldn't resolve host name)
[2019.11.10-07.23.07:988][537]LogHttp: Warning: 000001C3394BD580: libcurl info message cache 0 (Could not resolve host: datarouter.ol.epicgames.com)
[2019.11.10-07.23.07:989][537]LogHttp: Warning: 000001C3394BD580: libcurl info message cache 1 (Closing connection 9)
[2019.11.10-07.25.08:058][140]LogHttp: Warning: 000001C3394BD580: request failed, libcurl error: 6 (Couldn't resolve host name)
[2019.11.10-07.25.08:058][140]LogHttp: Warning: 000001C3394BD580: libcurl info message cache 0 (Could not resolve host: datarouter.ol.epicgames.com)
[2019.11.10-07.25.08:059][140]LogHttp: Warning: 000001C3394BD580: libcurl info message cache 1 (Closing connection 10)
[2019.11.10-07.27.08:129][743]LogHttp: Warning: 000001C3394BD580: request failed, libcurl error: 6 (Couldn't resolve host name)
[2019.11.10-07.27.08:130][743]LogHttp: Warning: 000001C3394BD580: libcurl info message cache 0 (Could not resolve host: datarouter.ol.epicgames.com)
[2019.11.10-07.27.08:130][743]LogHttp: Warning: 000001C3394BD580: libcurl info message cache 1 (Closing connection 11)
[2019.11.10-07.29.08:200][  8]LogHttp: Warning: 000001C345081440: request failed, libcurl error: 6 (Couldn't resolve host name)
[2019.11.10-07.29.08:200][  8]LogHttp: Warning: 000001C345081440: libcurl info message cache 0 (Could not resolve host: datarouter.ol.epicgames.com)
[2019.11.10-07.29.08:200][  8]LogHttp: Warning: 000001C345081440: libcurl info message cache 1 (Closing connection 12)
[2019.11.10-07.29.17:364][150]BlueprintLog: New page: Compile PM_OptionsWidget_BP
[2019.11.10-07.29.18:660][165]LogSavePackage: Moving '../../../../../Users/hi_it/OneDrive/Documents/GitHub/Chicken-Crimpy-Repository/DejaBrew/Saved/PM_OptionsWidget_BPFDB22E4C475B0C4E9EC7CC9D31034F0C.tmp' to '../../../../../Users/hi_it/OneDrive/Documents/GitHub/Chicken-Crimpy-Repository/DejaBrew/Content/SideScrollerCPP/Blueprints/Widgets/PM_OptionsWidget_BP.uasset'
[2019.11.10-07.29.19:663][183]LogTemp: Repeating last play command: Selected Viewport
[2019.11.10-07.29.19:691][183]LogBlueprintUserMessages: Early PlayInEditor Detection: Level '/Game/SideScrollerCPP/Maps/SideScrollerExampleMap.SideScrollerExampleMap:PersistentLevel' has LevelScriptBlueprint '/Game/SideScrollerCPP/Maps/SideScrollerExampleMap.SideScrollerExampleMap:PersistentLevel.SideScrollerExampleMap' with GeneratedClass '/Game/SideScrollerCPP/Maps/SideScrollerExampleMap.SideScrollerExampleMap_C' with ClassGeneratedBy '/Game/SideScrollerCPP/Maps/SideScrollerExampleMap.SideScrollerExampleMap:PersistentLevel.SideScrollerExampleMap'
[2019.11.10-07.29.19:691][183]LogPlayLevel: PlayLevel: No blueprints needed recompiling
[2019.11.10-07.29.19:691][183]PIE: New page: PIE session: SideScrollerExampleMap (11 Nov 2019 5:29:19 am)
[2019.11.10-07.29.19:691][183]LogPlayLevel: Creating play world package: /Game/SideScrollerCPP/Maps/UEDPIE_0_SideScrollerExampleMap
[2019.11.10-07.29.19:704][183]LogPlayLevel: PIE: StaticDuplicateObject took: (0.012529s)
[2019.11.10-07.29.19:705][183]LogAIModule: Creating AISystem for world SideScrollerExampleMap
[2019.11.10-07.29.19:705][183]LogPlayLevel: PIE: World Init took: (0.001035s)
[2019.11.10-07.29.19:705][183]LogPlayLevel: PIE: Created PIE world by copying editor world from /Game/SideScrollerCPP/Maps/SideScrollerExampleMap.SideScrollerExampleMap to /Game/SideScrollerCPP/Maps/UEDPIE_0_SideScrollerExampleMap.SideScrollerExampleMap (0.014090s)
[2019.11.10-07.29.19:801][183]LogInit: XAudio2 using 'Speakers (Realtek High Definition Audio)' : 6 channels at 48 kHz using 32 bits per sample (channel mask 0x3f)
[2019.11.10-07.29.19:900][183]LogInit: FAudioDevice initialized.
[2019.11.10-07.29.19:918][183]LogSlate: Updating window title bar state: overlay mode, drag disabled, window buttons hidden, title bar hidden
[2019.11.10-07.29.20:055][183]LogLoad: Game class is 'DejaBrewGameMode'
[2019.11.10-07.29.20:059][183]LogWorld: Bringing World /Game/SideScrollerCPP/Maps/UEDPIE_0_SideScrollerExampleMap.SideScrollerExampleMap up for play (max tick rate 0) at 2019.11.10-18.29.20
[2019.11.10-07.29.20:060][183]LogWorld: Bringing up level for play took: 0.003357
[2019.11.10-07.29.20:128][183]PIE: Play in editor start time for /Game/SideScrollerCPP/Maps/UEDPIE_0_SideScrollerExampleMap 1.151
[2019.11.10-07.29.20:129][183]LogBlueprintUserMessages: Late PlayInEditor Detection: Level '/Game/SideScrollerCPP/Maps/SideScrollerExampleMap.SideScrollerExampleMap:PersistentLevel' has LevelScriptBlueprint '/Game/SideScrollerCPP/Maps/SideScrollerExampleMap.SideScrollerExampleMap:PersistentLevel.SideScrollerExampleMap' with GeneratedClass '/Game/SideScrollerCPP/Maps/SideScrollerExampleMap.SideScrollerExampleMap_C' with ClassGeneratedBy '/Game/SideScrollerCPP/Maps/SideScrollerExampleMap.SideScrollerExampleMap:PersistentLevel.SideScrollerExampleMap'
[2019.11.10-07.29.24:914][256]LogSlate: FSceneViewport::OnFocusLost() reason 0
[2019.11.10-07.29.38:113][454]LogBlueprintUserMessages: Early EndPlayMap Detection: Level '/Game/SideScrollerCPP/Maps/SideScrollerExampleMap.SideScrollerExampleMap:PersistentLevel' has LevelScriptBlueprint '/Game/SideScrollerCPP/Maps/SideScrollerExampleMap.SideScrollerExampleMap:PersistentLevel.SideScrollerExampleMap' with GeneratedClass '/Game/SideScrollerCPP/Maps/SideScrollerExampleMap.SideScrollerExampleMap_C' with ClassGeneratedBy '/Game/SideScrollerCPP/Maps/SideScrollerExampleMap.SideScrollerExampleMap:PersistentLevel.SideScrollerExampleMap'
[2019.11.10-07.29.38:115][454]LogSlate: Updating window title bar state: overlay mode, drag disabled, window buttons hidden, title bar hidden
[2019.11.10-07.29.38:175][454]LogSlate: Window 'DejaBrew Game Preview Standalone (64-bit/PCD3D_SM5)' being destroyed
[2019.11.10-07.29.38:240][454]LogPlayLevel: Display: Shutting down PIE online subsystems
[2019.11.10-07.29.38:241][454]LogBlueprintUserMessages: Late EndPlayMap Detection: Level '/Game/SideScrollerCPP/Maps/SideScrollerExampleMap.SideScrollerExampleMap:PersistentLevel' has LevelScriptBlueprint '/Game/SideScrollerCPP/Maps/SideScrollerExampleMap.SideScrollerExampleMap:PersistentLevel.SideScrollerExampleMap' with GeneratedClass '/Game/SideScrollerCPP/Maps/SideScrollerExampleMap.SideScrollerExampleMap_C' with ClassGeneratedBy '/Game/SideScrollerCPP/Maps/SideScrollerExampleMap.SideScrollerExampleMap:PersistentLevel.SideScrollerExampleMap'
[2019.11.10-07.29.38:333][455]LogPlayLevel: Display: Destroying online subsystem :Context_7
[2019.11.10-07.29.43:691][558]LogTemp: Repeating last play command: Selected Viewport
[2019.11.10-07.29.43:719][558]LogBlueprintUserMessages: Early PlayInEditor Detection: Level '/Game/SideScrollerCPP/Maps/SideScrollerExampleMap.SideScrollerExampleMap:PersistentLevel' has LevelScriptBlueprint '/Game/SideScrollerCPP/Maps/SideScrollerExampleMap.SideScrollerExampleMap:PersistentLevel.SideScrollerExampleMap' with GeneratedClass '/Game/SideScrollerCPP/Maps/SideScrollerExampleMap.SideScrollerExampleMap_C' with ClassGeneratedBy '/Game/SideScrollerCPP/Maps/SideScrollerExampleMap.SideScrollerExampleMap:PersistentLevel.SideScrollerExampleMap'
[2019.11.10-07.29.43:720][558]LogPlayLevel: PlayLevel: No blueprints needed recompiling
[2019.11.10-07.29.43:720][558]PIE: New page: PIE session: SideScrollerExampleMap (11 Nov 2019 5:29:43 am)
[2019.11.10-07.29.43:720][558]LogPlayLevel: Creating play world package: /Game/SideScrollerCPP/Maps/UEDPIE_0_SideScrollerExampleMap
[2019.11.10-07.29.43:731][558]LogPlayLevel: PIE: StaticDuplicateObject took: (0.011034s)
[2019.11.10-07.29.43:732][558]LogAIModule: Creating AISystem for world SideScrollerExampleMap
[2019.11.10-07.29.43:732][558]LogPlayLevel: PIE: World Init took: (0.000947s)
[2019.11.10-07.29.43:733][558]LogPlayLevel: PIE: Created PIE world by copying editor world from /Game/SideScrollerCPP/Maps/SideScrollerExampleMap.SideScrollerExampleMap to /Game/SideScrollerCPP/Maps/UEDPIE_0_SideScrollerExampleMap.SideScrollerExampleMap (0.012495s)
[2019.11.10-07.29.43:828][558]LogInit: XAudio2 using 'Speakers (Realtek High Definition Audio)' : 6 channels at 48 kHz using 32 bits per sample (channel mask 0x3f)
[2019.11.10-07.29.43:908][558]LogInit: FAudioDevice initialized.
[2019.11.10-07.29.43:925][558]LogSlate: Updating window title bar state: overlay mode, drag disabled, window buttons hidden, title bar hidden
[2019.11.10-07.29.44:095][558]LogLoad: Game class is 'DejaBrewGameMode'
[2019.11.10-07.29.44:106][558]LogWorld: Bringing World /Game/SideScrollerCPP/Maps/UEDPIE_0_SideScrollerExampleMap.SideScrollerExampleMap up for play (max tick rate 0) at 2019.11.10-18.29.44
[2019.11.10-07.29.44:107][558]LogWorld: Bringing up level for play took: 0.010646
[2019.11.10-07.29.44:202][558]PIE: Play in editor start time for /Game/SideScrollerCPP/Maps/UEDPIE_0_SideScrollerExampleMap 1.225
[2019.11.10-07.29.44:203][558]LogBlueprintUserMessages: Late PlayInEditor Detection: Level '/Game/SideScrollerCPP/Maps/SideScrollerExampleMap.SideScrollerExampleMap:PersistentLevel' has LevelScriptBlueprint '/Game/SideScrollerCPP/Maps/SideScrollerExampleMap.SideScrollerExampleMap:PersistentLevel.SideScrollerExampleMap' with GeneratedClass '/Game/SideScrollerCPP/Maps/SideScrollerExampleMap.SideScrollerExampleMap_C' with ClassGeneratedBy '/Game/SideScrollerCPP/Maps/SideScrollerExampleMap.SideScrollerExampleMap:PersistentLevel.SideScrollerExampleMap'
[2019.11.10-07.29.48:058][618]LogSlate: FSceneViewport::OnFocusLost() reason 0
[2019.11.10-07.29.53:528][700]LogBlueprintUserMessages: Early EndPlayMap Detection: Level '/Game/SideScrollerCPP/Maps/SideScrollerExampleMap.SideScrollerExampleMap:PersistentLevel' has LevelScriptBlueprint '/Game/SideScrollerCPP/Maps/SideScrollerExampleMap.SideScrollerExampleMap:PersistentLevel.SideScrollerExampleMap' with GeneratedClass '/Game/SideScrollerCPP/Maps/SideScrollerExampleMap.SideScrollerExampleMap_C' with ClassGeneratedBy '/Game/SideScrollerCPP/Maps/SideScrollerExampleMap.SideScrollerExampleMap:PersistentLevel.SideScrollerExampleMap'
[2019.11.10-07.29.53:530][700]LogSlate: Updating window title bar state: overlay mode, drag disabled, window buttons hidden, title bar hidden
[2019.11.10-07.29.53:584][700]LogSlate: Window 'DejaBrew Game Preview Standalone (64-bit/PCD3D_SM5)' being destroyed
[2019.11.10-07.29.53:647][700]LogPlayLevel: Display: Shutting down PIE online subsystems
[2019.11.10-07.29.53:647][700]LogBlueprintUserMessages: Late EndPlayMap Detection: Level '/Game/SideScrollerCPP/Maps/SideScrollerExampleMap.SideScrollerExampleMap:PersistentLevel' has LevelScriptBlueprint '/Game/SideScrollerCPP/Maps/SideScrollerExampleMap.SideScrollerExampleMap:PersistentLevel.SideScrollerExampleMap' with GeneratedClass '/Game/SideScrollerCPP/Maps/SideScrollerExampleMap.SideScrollerExampleMap_C' with ClassGeneratedBy '/Game/SideScrollerCPP/Maps/SideScrollerExampleMap.SideScrollerExampleMap:PersistentLevel.SideScrollerExampleMap'
[2019.11.10-07.29.53:730][701]LogPlayLevel: Display: Destroying online subsystem :Context_8
[2019.11.10-07.31.08:253][315]LogHttp: Warning: 000001C34AD0B100: request failed, libcurl error: 6 (Couldn't resolve host name)
[2019.11.10-07.31.08:253][315]LogHttp: Warning: 000001C34AD0B100: libcurl info message cache 0 (Could not resolve host: datarouter.ol.epicgames.com)
[2019.11.10-07.31.08:253][315]LogHttp: Warning: 000001C34AD0B100: libcurl info message cache 1 (Closing connection 13)
[2019.11.10-07.32.07:297][269]LogFileHelpers: Editor autosave (incl. sublevels) for '/Game/SideScrollerCPP/Maps/SideScrollerExampleMap' took 0.064
[2019.11.10-07.32.07:303][269]OBJ SavePackage: Generating thumbnails for [0] asset(s) in package [/Game/SideScrollerCPP/Blueprints/Widgets/PM_OptionsWidget_BP] ([1] browsable assets)...
[2019.11.10-07.32.07:304][269]OBJ SavePackage: Finished generating thumbnails for package [/Game/SideScrollerCPP/Blueprints/Widgets/PM_OptionsWidget_BP]
[2019.11.10-07.32.07:372][269]LogSavePackage: Moving '../../../../../Users/hi_it/OneDrive/Documents/GitHub/Chicken-Crimpy-Repository/DejaBrew/Saved/PM_OptionsWidget_BP_Auto1873CAA0C45554A55D7611B88A3C5B23D.tmp' to '../../../../../Users/hi_it/OneDrive/Documents/GitHub/Chicken-Crimpy-Repository/DejaBrew/Saved/Autosaves/Game/SideScrollerCPP/Blueprints/Widgets/PM_OptionsWidget_BP_Auto1.uasset'
[2019.11.10-07.32.07:375][269]LogFileHelpers: Auto-saving content packages took 0.075
[2019.11.10-07.33.01:626][187]LogSlate: Window 'Color Picker' being destroyed
[2019.11.10-07.33.08:289][411]LogHttp: Warning: 000001C338CCE480: request failed, libcurl error: 6 (Couldn't resolve host name)
[2019.11.10-07.33.08:290][411]LogHttp: Warning: 000001C338CCE480: libcurl info message cache 0 (Could not resolve host: datarouter.ol.epicgames.com)
[2019.11.10-07.33.08:290][411]LogHttp: Warning: 000001C338CCE480: libcurl info message cache 1 (Closing connection 14)
[2019.11.10-07.33.19:587][737]LogSlate: Window 'Color Picker' being destroyed
[2019.11.10-07.35.08:398][483]LogHttp: Warning: 000001C3129F6AC0: request failed, libcurl error: 6 (Couldn't resolve host name)
[2019.11.10-07.35.08:398][483]LogHttp: Warning: 000001C3129F6AC0: libcurl info message cache 0 (Could not resolve host: datarouter.ol.epicgames.com)
[2019.11.10-07.35.08:398][483]LogHttp: Warning: 000001C3129F6AC0: libcurl info message cache 1 (Closing connection 15)
[2019.11.10-07.35.19:557][871]BlueprintLog: New page: Compile PM_OptionsWidget_BP
[2019.11.10-07.35.20:586][895]LogSavePackage: Moving '../../../../../Users/hi_it/OneDrive/Documents/GitHub/Chicken-Crimpy-Repository/DejaBrew/Saved/PM_OptionsWidget_BPB176A25C49D6C52D03B1C1A445B0510C.tmp' to '../../../../../Users/hi_it/OneDrive/Documents/GitHub/Chicken-Crimpy-Repository/DejaBrew/Content/SideScrollerCPP/Blueprints/Widgets/PM_OptionsWidget_BP.uasset'
[2019.11.10-07.35.21:607][945]LogTemp: Repeating last play command: Selected Viewport
[2019.11.10-07.35.21:636][945]LogBlueprintUserMessages: Early PlayInEditor Detection: Level '/Game/SideScrollerCPP/Maps/SideScrollerExampleMap.SideScrollerExampleMap:PersistentLevel' has LevelScriptBlueprint '/Game/SideScrollerCPP/Maps/SideScrollerExampleMap.SideScrollerExampleMap:PersistentLevel.SideScrollerExampleMap' with GeneratedClass '/Game/SideScrollerCPP/Maps/SideScrollerExampleMap.SideScrollerExampleMap_C' with ClassGeneratedBy '/Game/SideScrollerCPP/Maps/SideScrollerExampleMap.SideScrollerExampleMap:PersistentLevel.SideScrollerExampleMap'
[2019.11.10-07.35.21:637][945]LogPlayLevel: PlayLevel: No blueprints needed recompiling
[2019.11.10-07.35.21:637][945]PIE: New page: PIE session: SideScrollerExampleMap (11 Nov 2019 5:35:21 am)
[2019.11.10-07.35.21:638][945]LogPlayLevel: Creating play world package: /Game/SideScrollerCPP/Maps/UEDPIE_0_SideScrollerExampleMap
[2019.11.10-07.35.21:655][945]LogPlayLevel: PIE: StaticDuplicateObject took: (0.016943s)
[2019.11.10-07.35.21:656][945]LogAIModule: Creating AISystem for world SideScrollerExampleMap
[2019.11.10-07.35.21:656][945]LogPlayLevel: PIE: World Init took: (0.001184s)
[2019.11.10-07.35.21:656][945]LogPlayLevel: PIE: Created PIE world by copying editor world from /Game/SideScrollerCPP/Maps/SideScrollerExampleMap.SideScrollerExampleMap to /Game/SideScrollerCPP/Maps/UEDPIE_0_SideScrollerExampleMap.SideScrollerExampleMap (0.018783s)
[2019.11.10-07.35.21:745][945]LogInit: XAudio2 using 'Speakers (Realtek High Definition Audio)' : 6 channels at 48 kHz using 32 bits per sample (channel mask 0x3f)
[2019.11.10-07.35.21:824][945]LogInit: FAudioDevice initialized.
[2019.11.10-07.35.21:855][945]LogSlate: Updating window title bar state: overlay mode, drag disabled, window buttons hidden, title bar hidden
[2019.11.10-07.35.22:036][945]LogLoad: Game class is 'DejaBrewGameMode'
[2019.11.10-07.35.22:044][945]LogWorld: Bringing World /Game/SideScrollerCPP/Maps/UEDPIE_0_SideScrollerExampleMap.SideScrollerExampleMap up for play (max tick rate 0) at 2019.11.10-18.35.22
[2019.11.10-07.35.22:044][945]LogWorld: Bringing up level for play took: 0.006439
[2019.11.10-07.35.22:127][945]PIE: Play in editor start time for /Game/SideScrollerCPP/Maps/UEDPIE_0_SideScrollerExampleMap 1.15
[2019.11.10-07.35.22:128][945]LogBlueprintUserMessages: Late PlayInEditor Detection: Level '/Game/SideScrollerCPP/Maps/SideScrollerExampleMap.SideScrollerExampleMap:PersistentLevel' has LevelScriptBlueprint '/Game/SideScrollerCPP/Maps/SideScrollerExampleMap.SideScrollerExampleMap:PersistentLevel.SideScrollerExampleMap' with GeneratedClass '/Game/SideScrollerCPP/Maps/SideScrollerExampleMap.SideScrollerExampleMap_C' with ClassGeneratedBy '/Game/SideScrollerCPP/Maps/SideScrollerExampleMap.SideScrollerExampleMap:PersistentLevel.SideScrollerExampleMap'
[2019.11.10-07.35.26:109][ 64]LogSlate: FSceneViewport::OnFocusLost() reason 0
[2019.11.10-07.36.34:329][111]LogBlueprintUserMessages: Early EndPlayMap Detection: Level '/Game/SideScrollerCPP/Maps/SideScrollerExampleMap.SideScrollerExampleMap:PersistentLevel' has LevelScriptBlueprint '/Game/SideScrollerCPP/Maps/SideScrollerExampleMap.SideScrollerExampleMap:PersistentLevel.SideScrollerExampleMap' with GeneratedClass '/Game/SideScrollerCPP/Maps/SideScrollerExampleMap.SideScrollerExampleMap_C' with ClassGeneratedBy '/Game/SideScrollerCPP/Maps/SideScrollerExampleMap.SideScrollerExampleMap:PersistentLevel.SideScrollerExampleMap'
[2019.11.10-07.36.34:331][111]LogSlate: Updating window title bar state: overlay mode, drag disabled, window buttons hidden, title bar hidden
[2019.11.10-07.36.34:402][111]LogSlate: Window 'DejaBrew Game Preview Standalone (64-bit/PCD3D_SM5)' being destroyed
[2019.11.10-07.36.34:469][111]LogPlayLevel: Display: Shutting down PIE online subsystems
[2019.11.10-07.36.34:470][111]LogBlueprintUserMessages: Late EndPlayMap Detection: Level '/Game/SideScrollerCPP/Maps/SideScrollerExampleMap.SideScrollerExampleMap:PersistentLevel' has LevelScriptBlueprint '/Game/SideScrollerCPP/Maps/SideScrollerExampleMap.SideScrollerExampleMap:PersistentLevel.SideScrollerExampleMap' with GeneratedClass '/Game/SideScrollerCPP/Maps/SideScrollerExampleMap.SideScrollerExampleMap_C' with ClassGeneratedBy '/Game/SideScrollerCPP/Maps/SideScrollerExampleMap.SideScrollerExampleMap:PersistentLevel.SideScrollerExampleMap'
[2019.11.10-07.36.34:555][112]LogPlayLevel: Display: Destroying online subsystem :Context_9
[2019.11.10-07.37.02:269][166]LogTemp: Repeating last play command: Selected Viewport
[2019.11.10-07.37.02:339][166]LogBlueprintUserMessages: Early PlayInEditor Detection: Level '/Game/SideScrollerCPP/Maps/SideScrollerExampleMap.SideScrollerExampleMap:PersistentLevel' has LevelScriptBlueprint '/Game/SideScrollerCPP/Maps/SideScrollerExampleMap.SideScrollerExampleMap:PersistentLevel.SideScrollerExampleMap' with GeneratedClass '/Game/SideScrollerCPP/Maps/SideScrollerExampleMap.SideScrollerExampleMap_C' with ClassGeneratedBy '/Game/SideScrollerCPP/Maps/SideScrollerExampleMap.SideScrollerExampleMap:PersistentLevel.SideScrollerExampleMap'
[2019.11.10-07.37.02:340][166]LogPlayLevel: PlayLevel: No blueprints needed recompiling
[2019.11.10-07.37.02:340][166]PIE: New page: PIE session: SideScrollerExampleMap (11 Nov 2019 5:37:02 am)
[2019.11.10-07.37.02:341][166]LogPlayLevel: Creating play world package: /Game/SideScrollerCPP/Maps/UEDPIE_0_SideScrollerExampleMap
[2019.11.10-07.37.02:376][166]LogPlayLevel: PIE: StaticDuplicateObject took: (0.034576s)
[2019.11.10-07.37.02:378][166]LogAIModule: Creating AISystem for world SideScrollerExampleMap
[2019.11.10-07.37.02:379][166]LogPlayLevel: PIE: World Init took: (0.002808s)
[2019.11.10-07.37.02:379][166]LogPlayLevel: PIE: Created PIE world by copying editor world from /Game/SideScrollerCPP/Maps/SideScrollerExampleMap.SideScrollerExampleMap to /Game/SideScrollerCPP/Maps/UEDPIE_0_SideScrollerExampleMap.SideScrollerExampleMap (0.038569s)
[2019.11.10-07.37.02:524][166]LogInit: XAudio2 using 'Speakers (Realtek High Definition Audio)' : 6 channels at 48 kHz using 32 bits per sample (channel mask 0x3f)
[2019.11.10-07.37.02:624][166]LogInit: FAudioDevice initialized.
[2019.11.10-07.37.02:671][166]LogLoad: Game class is 'DejaBrewGameMode'
[2019.11.10-07.37.02:680][166]LogWorld: Bringing World /Game/SideScrollerCPP/Maps/UEDPIE_0_SideScrollerExampleMap.SideScrollerExampleMap up for play (max tick rate 0) at 2019.11.10-18.37.02
[2019.11.10-07.37.02:681][166]LogWorld: Bringing up level for play took: 0.007701
[2019.11.10-07.37.02:767][166]PIE: Play in editor start time for /Game/SideScrollerCPP/Maps/UEDPIE_0_SideScrollerExampleMap -0.21
[2019.11.10-07.37.02:767][166]LogBlueprintUserMessages: Late PlayInEditor Detection: Level '/Game/SideScrollerCPP/Maps/SideScrollerExampleMap.SideScrollerExampleMap:PersistentLevel' has LevelScriptBlueprint '/Game/SideScrollerCPP/Maps/SideScrollerExampleMap.SideScrollerExampleMap:PersistentLevel.SideScrollerExampleMap' with GeneratedClass '/Game/SideScrollerCPP/Maps/SideScrollerExampleMap.SideScrollerExampleMap_C' with ClassGeneratedBy '/Game/SideScrollerCPP/Maps/SideScrollerExampleMap.SideScrollerExampleMap:PersistentLevel.SideScrollerExampleMap'
[2019.11.10-07.37.08:469][339]LogHttp: Warning: 000001C3129F6340: request failed, libcurl error: 6 (Couldn't resolve host name)
[2019.11.10-07.37.08:469][339]LogHttp: Warning: 000001C3129F6340: libcurl info message cache 0 (Could not resolve host: datarouter.ol.epicgames.com)
[2019.11.10-07.37.08:470][339]LogHttp: Warning: 000001C3129F6340: libcurl info message cache 1 (Closing connection 16)
[2019.11.10-07.38.12:393][257]LogBlueprintUserMessages: Early EndPlayMap Detection: Level '/Game/SideScrollerCPP/Maps/SideScrollerExampleMap.SideScrollerExampleMap:PersistentLevel' has LevelScriptBlueprint '/Game/SideScrollerCPP/Maps/SideScrollerExampleMap.SideScrollerExampleMap:PersistentLevel.SideScrollerExampleMap' with GeneratedClass '/Game/SideScrollerCPP/Maps/SideScrollerExampleMap.SideScrollerExampleMap_C' with ClassGeneratedBy '/Game/SideScrollerCPP/Maps/SideScrollerExampleMap.SideScrollerExampleMap:PersistentLevel.SideScrollerExampleMap'
[2019.11.10-07.38.12:395][257]LogSlate: Updating window title bar state: overlay mode, drag disabled, window buttons hidden, title bar hidden
[2019.11.10-07.38.12:483][257]LogPlayLevel: Display: Shutting down PIE online subsystems
[2019.11.10-07.38.12:484][257]LogBlueprintUserMessages: Late EndPlayMap Detection: Level '/Game/SideScrollerCPP/Maps/SideScrollerExampleMap.SideScrollerExampleMap:PersistentLevel' has LevelScriptBlueprint '/Game/SideScrollerCPP/Maps/SideScrollerExampleMap.SideScrollerExampleMap:PersistentLevel.SideScrollerExampleMap' with GeneratedClass '/Game/SideScrollerCPP/Maps/SideScrollerExampleMap.SideScrollerExampleMap_C' with ClassGeneratedBy '/Game/SideScrollerCPP/Maps/SideScrollerExampleMap.SideScrollerExampleMap:PersistentLevel.SideScrollerExampleMap'
[2019.11.10-07.38.12:554][257]LogSlate: Updating window title bar state: overlay mode, drag disabled, window buttons hidden, title bar hidden
[2019.11.10-07.38.12:599][258]LogPlayLevel: Display: Destroying online subsystem :Context_10
[2019.11.10-07.38.26:203][402]LogSlate: FSceneViewport::OnFocusLost() reason 0
[2019.11.10-07.38.26:398][402]LogTemp: Repeating last play command: Selected Viewport
[2019.11.10-07.38.26:429][402]LogBlueprintUserMessages: Early PlayInEditor Detection: Level '/Game/SideScrollerCPP/Maps/SideScrollerExampleMap.SideScrollerExampleMap:PersistentLevel' has LevelScriptBlueprint '/Game/SideScrollerCPP/Maps/SideScrollerExampleMap.SideScrollerExampleMap:PersistentLevel.SideScrollerExampleMap' with GeneratedClass '/Game/SideScrollerCPP/Maps/SideScrollerExampleMap.SideScrollerExampleMap_C' with ClassGeneratedBy '/Game/SideScrollerCPP/Maps/SideScrollerExampleMap.SideScrollerExampleMap:PersistentLevel.SideScrollerExampleMap'
[2019.11.10-07.38.26:429][402]LogPlayLevel: PlayLevel: No blueprints needed recompiling
[2019.11.10-07.38.26:429][402]PIE: New page: PIE session: SideScrollerExampleMap (11 Nov 2019 5:38:26 am)
[2019.11.10-07.38.26:430][402]LogPlayLevel: Creating play world package: /Game/SideScrollerCPP/Maps/UEDPIE_0_SideScrollerExampleMap
[2019.11.10-07.38.26:443][402]LogPlayLevel: PIE: StaticDuplicateObject took: (0.012878s)
[2019.11.10-07.38.26:444][402]LogAIModule: Creating AISystem for world SideScrollerExampleMap
[2019.11.10-07.38.26:444][402]LogPlayLevel: PIE: World Init took: (0.001212s)
[2019.11.10-07.38.26:444][402]LogPlayLevel: PIE: Created PIE world by copying editor world from /Game/SideScrollerCPP/Maps/SideScrollerExampleMap.SideScrollerExampleMap to /Game/SideScrollerCPP/Maps/UEDPIE_0_SideScrollerExampleMap.SideScrollerExampleMap (0.014650s)
[2019.11.10-07.38.26:537][402]LogInit: XAudio2 using 'Speakers (Realtek High Definition Audio)' : 6 channels at 48 kHz using 32 bits per sample (channel mask 0x3f)
[2019.11.10-07.38.26:616][402]LogInit: FAudioDevice initialized.
[2019.11.10-07.38.26:659][402]LogLoad: Game class is 'DejaBrewGameMode'
[2019.11.10-07.38.26:665][402]LogWorld: Bringing World /Game/SideScrollerCPP/Maps/UEDPIE_0_SideScrollerExampleMap.SideScrollerExampleMap up for play (max tick rate 0) at 2019.11.10-18.38.26
[2019.11.10-07.38.26:666][402]LogWorld: Bringing up level for play took: 0.004568
[2019.11.10-07.38.26:740][402]PIE: Play in editor start time for /Game/SideScrollerCPP/Maps/UEDPIE_0_SideScrollerExampleMap -0.238
[2019.11.10-07.38.26:740][402]LogBlueprintUserMessages: Late PlayInEditor Detection: Level '/Game/SideScrollerCPP/Maps/SideScrollerExampleMap.SideScrollerExampleMap:PersistentLevel' has LevelScriptBlueprint '/Game/SideScrollerCPP/Maps/SideScrollerExampleMap.SideScrollerExampleMap:PersistentLevel.SideScrollerExampleMap' with GeneratedClass '/Game/SideScrollerCPP/Maps/SideScrollerExampleMap.SideScrollerExampleMap_C' with ClassGeneratedBy '/Game/SideScrollerCPP/Maps/SideScrollerExampleMap.SideScrollerExampleMap:PersistentLevel.SideScrollerExampleMap'
[2019.11.10-07.38.33:649][611]LogSlate: FSceneViewport::OnFocusLost() reason 0
[2019.11.10-07.38.53:486][206]LogBlueprintUserMessages: Early EndPlayMap Detection: Level '/Game/SideScrollerCPP/Maps/SideScrollerExampleMap.SideScrollerExampleMap:PersistentLevel' has LevelScriptBlueprint '/Game/SideScrollerCPP/Maps/SideScrollerExampleMap.SideScrollerExampleMap:PersistentLevel.SideScrollerExampleMap' with GeneratedClass '/Game/SideScrollerCPP/Maps/SideScrollerExampleMap.SideScrollerExampleMap_C' with ClassGeneratedBy '/Game/SideScrollerCPP/Maps/SideScrollerExampleMap.SideScrollerExampleMap:PersistentLevel.SideScrollerExampleMap'
[2019.11.10-07.38.53:488][206]LogSlate: Updating window title bar state: overlay mode, drag disabled, window buttons hidden, title bar hidden
[2019.11.10-07.38.53:563][206]LogPlayLevel: Display: Shutting down PIE online subsystems
[2019.11.10-07.38.53:564][206]LogBlueprintUserMessages: Late EndPlayMap Detection: Level '/Game/SideScrollerCPP/Maps/SideScrollerExampleMap.SideScrollerExampleMap:PersistentLevel' has LevelScriptBlueprint '/Game/SideScrollerCPP/Maps/SideScrollerExampleMap.SideScrollerExampleMap:PersistentLevel.SideScrollerExampleMap' with GeneratedClass '/Game/SideScrollerCPP/Maps/SideScrollerExampleMap.SideScrollerExampleMap_C' with ClassGeneratedBy '/Game/SideScrollerCPP/Maps/SideScrollerExampleMap.SideScrollerExampleMap:PersistentLevel.SideScrollerExampleMap'
[2019.11.10-07.38.53:615][206]LogSlate: Updating window title bar state: overlay mode, drag disabled, window buttons hidden, title bar hidden
[2019.11.10-07.38.53:641][207]LogPlayLevel: Display: Destroying online subsystem :Context_11
[2019.11.10-07.39.01:086][368]LogSlate: FSceneViewport::OnFocusLost() reason 0
[2019.11.10-07.39.08:504][666]LogHttp: Warning: 000001C3394147C0: request failed, libcurl error: 6 (Couldn't resolve host name)
[2019.11.10-07.39.08:505][666]LogHttp: Warning: 000001C3394147C0: libcurl info message cache 0 (Could not resolve host: datarouter.ol.epicgames.com)
[2019.11.10-07.39.08:505][666]LogHttp: Warning: 000001C3394147C0: libcurl info message cache 1 (Closing connection 17)
