Log file open, 10/29/19 11:41:51
LogWindows: Failed to load 'aqProf.dll' (GetLastError=126)
LogWindows: File 'aqProf.dll' does not exist
LogWindows: Failed to load 'VSPerf140.dll' (GetLastError=126)
LogWindows: File 'VSPerf140.dll' does not exist
LogWindows: Failed to load 'VtuneApi.dll' (GetLastError=126)
LogWindows: File 'VtuneApi.dll' does not exist
LogWindows: Failed to load 'VtuneApi32e.dll' (GetLastError=126)
LogWindows: File 'VtuneApi32e.dll' does not exist
LogInit: Display: Running engine for game: DejaBrew
LogPlatformFile: Not using cached read wrapper
LogTaskGraph: Started task graph with 5 named threads and 23 total threads with 3 sets of task threads.
LogStats: Stats thread started at 0.407537
LogD3D11RHI: Loaded GFSDK_Aftermath_Lib.x64.dll
LogICUInternationalization: Display: ICU TimeZone Detection - Raw Offset: +10:00, Platform Override: ''
LogPluginManager: Mounting plugin Paper2D
LogPluginManager: Mounting plugin AISupport
LogPluginManager: Mounting plugin LightPropagationVolume
LogPluginManager: Mounting plugin CLionSourceCodeAccess
LogPluginManager: Mounting plugin CodeLiteSourceCodeAccess
LogPluginManager: Mounting plugin GitSourceControl
LogPluginManager: Mounting plugin KDevelopSourceCodeAccess
LogPluginManager: Mounting plugin NullSourceCodeAccess
LogPluginManager: Mounting plugin PerforceSourceControl
LogPluginManager: Mounting plugin SubversionSourceControl
LogPluginManager: Mounting plugin UObjectPlugin
LogPluginManager: Mounting plugin VisualStudioCodeSourceCodeAccess
LogPluginManager: Mounting plugin VisualStudioSourceCodeAccess
LogPluginManager: Mounting plugin XCodeSourceCodeAccess
LogPluginManager: Mounting plugin AssetManagerEditor
LogPluginManager: Mounting plugin CryptoKeys
LogPluginManager: Mounting plugin DataValidation
LogPluginManager: Mounting plugin FacialAnimation
LogPluginManager: Mounting plugin GameplayTagsEditor
LogPluginManager: Mounting plugin MacGraphicsSwitching
LogPluginManager: Mounting plugin MeshEditor
LogPluginManager: Mounting plugin MobileLauncherProfileWizard
LogPluginManager: Mounting plugin PluginBrowser
LogPluginManager: Mounting plugin SpeedTreeImporter
LogPluginManager: Mounting plugin DatasmithContent
LogPluginManager: Mounting plugin AlembicImporter
LogPluginManager: Mounting plugin AppleImageUtils
LogPluginManager: Mounting plugin AppleVision
LogPluginManager: Mounting plugin BackChannel
LogPluginManager: Mounting plugin CharacterAI
LogPluginManager: Mounting plugin GeometryCache
LogPluginManager: Mounting plugin HTML5Networking
LogPluginManager: Mounting plugin ProxyLODPlugin
LogPluginManager: Mounting plugin MagicLeap
LogPluginManager: Mounting plugin MagicLeapEmulator
LogPluginManager: Mounting plugin MagicLeapMedia
LogPluginManager: Mounting plugin AndroidMedia
LogPluginManager: Mounting plugin AvfMedia
LogPluginManager: Mounting plugin ImgMedia
LogPluginManager: Mounting plugin LinearTimecode
LogPluginManager: Mounting plugin MediaCompositing
LogPluginManager: Mounting plugin MediaPlayerEditor
LogPluginManager: Mounting plugin WmfMedia
LogPluginManager: Mounting plugin TcpMessaging
LogPluginManager: Mounting plugin UdpMessaging
LogPluginManager: Mounting plugin ActorSequence
LogPluginManager: Mounting plugin LevelSequenceEditor
LogPluginManager: Mounting plugin MatineeToLevelSequence
LogPluginManager: Mounting plugin NetcodeUnitTest
LogPluginManager: Mounting plugin NUTUnrealEngine4
LogPluginManager: Mounting plugin OnlineSubsystemGooglePlay
LogPluginManager: Mounting plugin OnlineSubsystemIOS
LogPluginManager: Mounting plugin OnlineSubsystem
LogPluginManager: Mounting plugin OnlineSubsystemNull
LogPluginManager: Mounting plugin OnlineSubsystemUtils
LogPluginManager: Mounting plugin LauncherChunkInstaller
LogPluginManager: Mounting plugin AndroidDeviceProfileSelector
LogPluginManager: Mounting plugin AndroidMoviePlayer
LogPluginManager: Mounting plugin AndroidPermission
LogPluginManager: Mounting plugin AppleMoviePlayer
LogPluginManager: Mounting plugin ArchVisCharacter
LogPluginManager: Mounting plugin AudioCapture
LogPluginManager: Mounting plugin CableComponent
LogPluginManager: Mounting plugin CustomMeshComponent
LogPluginManager: Mounting plugin EditableMesh
LogPluginManager: Mounting plugin ExampleDeviceProfileSelector
LogPluginManager: Mounting plugin GoogleCloudMessaging
LogPluginManager: Mounting plugin ImmediatePhysics
LogPluginManager: Mounting plugin IOSDeviceProfileSelector
LogPluginManager: Mounting plugin LinuxDeviceProfileSelector
LogPluginManager: Mounting plugin LocationServicesBPLibrary
LogPluginManager: Mounting plugin MobilePatchingUtils
LogPluginManager: Mounting plugin OculusVR
LogPluginManager: Plugin shader directory ../../../Engine/Plugins/Runtime/Oculus/OculusVR/Shaders found
LogPluginManager: Mapping shader source directory ../../../Engine/Plugins/Runtime/Oculus/OculusVR/Shaders to virtual directory /Plugin/OculusVR
LogPluginManager: Mounting plugin PhysXVehicles
LogPluginManager: Mounting plugin ProceduralMeshComponent
LogPluginManager: Mounting plugin RuntimePhysXCooking
LogPluginManager: Mounting plugin SteamVR
LogPluginManager: Mounting plugin WindowsMoviePlayer
LogStreaming: Display: Took  0.115s to configure plugins.
LogInit: Using libcurl 7.55.1-DEV
LogInit:  - built for x86_64-pc-win32
LogInit:  - supports SSL with OpenSSL/1.0.2h
LogInit:  - supports HTTP deflate (compression) using libz 1.2.8
LogInit:  - other features:
LogInit:      CURL_VERSION_SSL
LogInit:      CURL_VERSION_LIBZ
LogInit:      CURL_VERSION_IPV6
LogInit:      CURL_VERSION_ASYNCHDNS
LogInit:      CURL_VERSION_LARGEFILE
LogInit:      CURL_VERSION_IDN
LogInit:  CurlRequestOptions (configurable via config and command line):
LogInit:  - bVerifyPeer = false  - Libcurl will NOT verify peer certificate
LogInit:  - bUseHttpProxy = false  - Libcurl will NOT use HTTP proxy
LogInit:  - bDontReuseConnections = false  - Libcurl will reuse connections
LogInit:  - CertBundlePath = nullptr  - Libcurl will use whatever was configured at build time.
LogInit:  - MaxHostConnections = 16  - Libcurl will limit the number of connections to a host
LogInit:  - LocalHostAddr = Default
LogInit:  - BufferSize = 65536
LogInit: WinSock: version 1.1 (2.2), MaxSocks=32767, MaxUdp=65467
LogInit: Build: ++UE4+Release-4.20-CL-4369336
LogInit: Engine Version: 4.20.3-4369336+++UE4+Release-4.20
LogInit: Compatible Engine Version: 4.20.0-4212847+++UE4+Release-4.20
LogInit: Net CL: 4212847
LogInit: OS: Windows 10 (), CPU: Intel(R) Core(TM) i7-6700 CPU @ 3.40GHz, GPU: NVIDIA GeForce GTX 960
LogInit: Compiled (64-bit): Sep 17 2018 12:26:19
LogInit: Compiled with Visual C++: 19.13.26129.00
LogInit: Build Configuration: Development
LogInit: Branch Name: ++UE4+Release-4.20
LogInit: Command Line:  -skipcompile
LogInit: Base Directory: C:/Program Files/Epic Games/UE_4.20/Engine/Binaries/Win64/
LogInit: Installed Engine Build: 1
LogDevObjectVersion: Number of dev versions registered: 20
LogDevObjectVersion:   Dev-Blueprints (B0D832E4-1F89-4F0D-ACCF-7EB736FD4AA2): 10
LogDevObjectVersion:   Dev-Build (E1C64328-A22C-4D53-A36C-8E866417BD8C): 0
LogDevObjectVersion:   Dev-Core (375EC13C-06E4-48FB-B500-84F0262A717E): 2
LogDevObjectVersion:   Dev-Editor (E4B068ED-F494-42E9-A231-DA0B2E46BB41): 24
LogDevObjectVersion:   Dev-Framework (CFFC743F-43B0-4480-9391-14DF171D2073): 34
LogDevObjectVersion:   Dev-Mobile (B02B49B5-BB20-44E9-A304-32B752E40360): 2
LogDevObjectVersion:   Dev-Networking (A4E4105C-59A1-49B5-A7C5-40C4547EDFEE): 0
LogDevObjectVersion:   Dev-Online (39C831C9-5AE6-47DC-9A44-9C173E1C8E7C): 0
LogDevObjectVersion:   Dev-Physics (78F01B33-EBEA-4F98-B9B4-84EACCB95AA2): 0
LogDevObjectVersion:   Dev-Platform (6631380F-2D4D-43E0-8009-CF276956A95A): 0
LogDevObjectVersion:   Dev-Rendering (12F88B9F-8875-4AFC-A67C-D90C383ABD29): 26
LogDevObjectVersion:   Dev-Sequencer (7B5AE74C-D270-4C10-A958-57980B212A5A): 9
LogDevObjectVersion:   Dev-VR (D7296918-1DD6-4BDD-9DE2-64A83CC13884): 2
LogDevObjectVersion:   Dev-LoadTimes (C2A15278-BFE7-4AFE-6C17-90FF531DF755): 1
LogDevObjectVersion:   Private-Geometry (6EACA3D4-40EC-4CC1-B786-8BED09428FC5): 3
LogDevObjectVersion:   Dev-AnimPhys (29E575DD-E0A3-4627-9D10-D276232CDCEA): 17
LogDevObjectVersion:   Dev-ReflectionCapture (6B266CEC-1EC7-4B8F-A30B-E4D90942FC07): 1
LogDevObjectVersion:   Dev-Automation (0DF73D61-A23F-47EA-B727-89E90C41499A): 1
LogDevObjectVersion:   FortniteMain (601D1886-AC64-4F84-AA16-D3DE0DEAC7D6): 12
LogDevObjectVersion:   Dev-Enterprise (9DFFBCD6-494F-0158-E221-12823C92A888): 1
LogStreaming: Display: Took  0.001s to delete old logs.
LogInit: Presizing for max 8388607 objects, including 0 objects not considered by GC, pre-allocating 0 bytes for permanent pool.
LogInit: Object subsystem initialized
[2019.10.29-00.41.52:127][  0]LogInit: Selected Device Profile: [Windows]
[2019.10.29-00.41.52:127][  0]LogInit: Applying CVar settings loaded from the selected device profile: [Windows]
[2019.10.29-00.41.52:138][  0]LogHAL: Display: Platform has ~ 32 GB [34293071872 / 34359738368 / 32], which maps to Largest [LargestMinGB=32, LargerMinGB=12, DefaultMinGB=8, SmallerMinGB=6, SmallestMinGB=0)
[2019.10.29-00.41.52:138][  0]LogInit: Setting Device Profile CVar: [[r.Vulkan.UseRealUBs:1]]
[2019.10.29-00.41.52:138][  0]LogInit: Going up to parent DeviceProfile []
[2019.10.29-00.41.52:138][  0]LogInit: Computer: SYD-4DE60A
[2019.10.29-00.41.52:138][  0]LogInit: User: s181813
[2019.10.29-00.41.52:138][  0]LogInit: CPU Page size=4096, Cores=4
[2019.10.29-00.41.52:138][  0]LogInit: High frequency timer resolution =3.328124 MHz
[2019.10.29-00.41.52:139][  0]LogMemory: Memory total: Physical=31.9GB (32GB approx)
[2019.10.29-00.41.52:139][  0]LogMemory: Platform Memory Stats for Windows
[2019.10.29-00.41.52:139][  0]LogMemory: Process Physical Memory: 101.35 MB used, 101.35 MB peak
[2019.10.29-00.41.52:139][  0]LogMemory: Process Virtual Memory: 89.38 MB used, 89.38 MB peak
[2019.10.29-00.41.52:139][  0]LogMemory: Physical Memory: 8374.02 MB used,  24330.41 MB free, 32704.42 MB total
[2019.10.29-00.41.52:139][  0]LogMemory: Virtual Memory: 4638.47 MB used,  24330.41 MB free, 134217728.00 MB total
[2019.10.29-00.41.52:241][  0]LogInit: Using OS detected language (en-US).
[2019.10.29-00.41.52:241][  0]LogInit: Using OS detected locale (en-US).
[2019.10.29-00.41.52:242][  0]LogTextLocalizationManager: No specific localization for 'en-US' exists, so the 'en' localization will be used.
[2019.10.29-00.41.52:577][  0]LogStreaming: Display: Took  0.335s to InitEngineTextLocalization.
[2019.10.29-00.41.52:577][  0]LogInit: Setting process to per monitor DPI aware
[2019.10.29-00.41.52:619][  0]LogSlate: New Slate User Created.  User Index 0, Is Virtual User: 0
[2019.10.29-00.41.52:619][  0]LogSlate: Slate User Registered.  User Index 0, Is Virtual User: 0
[2019.10.29-00.41.52:799][  0]LogHMD: Failed to initialize OpenVR with code 110
[2019.10.29-00.41.52:799][  0]LogD3D11RHI: D3D11 adapters:
[2019.10.29-00.41.52:874][  0]LogD3D11RHI:    0. 'NVIDIA GeForce GTX 960' (Feature Level 11_0)
[2019.10.29-00.41.52:874][  0]LogD3D11RHI:       4053/0/16352 MB DedicatedVideo/DedicatedSystem/SharedSystem, Outputs:2, VendorId:0x10de
[2019.10.29-00.41.52:878][  0]LogD3D11RHI:    1. 'Microsoft Basic Render Driver' (Feature Level 11_0)
[2019.10.29-00.41.52:878][  0]LogD3D11RHI:       0/0/16352 MB DedicatedVideo/DedicatedSystem/SharedSystem, Outputs:0, VendorId:0x1414
[2019.10.29-00.41.52:878][  0]LogD3D11RHI: Chosen D3D11 Adapter: 0
[2019.10.29-00.41.52:884][  0]LogD3D11RHI: Creating new Direct3DDevice
[2019.10.29-00.41.52:884][  0]LogD3D11RHI:     GPU DeviceId: 0x1401 (for the marketing name, search the web for "GPU Device Id")
[2019.10.29-00.41.52:884][  0]LogWindows: EnumDisplayDevices:
[2019.10.29-00.41.52:884][  0]LogWindows:    0. 'NVIDIA GeForce GTX 960' (P:1 D:1)
[2019.10.29-00.41.52:885][  0]LogWindows:    1. 'NVIDIA GeForce GTX 960' (P:0 D:1)
[2019.10.29-00.41.52:885][  0]LogWindows:    2. 'NVIDIA GeForce GTX 960' (P:0 D:0)
[2019.10.29-00.41.52:885][  0]LogWindows:    3. 'NVIDIA GeForce GTX 960' (P:0 D:0)
[2019.10.29-00.41.52:885][  0]LogWindows: DebugString: FoundDriverCount:4 
[2019.10.29-00.41.52:885][  0]LogD3D11RHI:     Adapter Name: NVIDIA GeForce GTX 960
[2019.10.29-00.41.52:885][  0]LogD3D11RHI:   Driver Version: 417.35 (internal:25.21.14.1735, unified:417.35)
[2019.10.29-00.41.52:885][  0]LogD3D11RHI:      Driver Date: 12-11-2018
[2019.10.29-00.41.52:886][  0]LogRHI: Texture pool is 2837 MB (70% of 4053 MB)
[2019.10.29-00.41.52:924][  0]LogD3D11RHI: Async texture creation enabled
[2019.10.29-00.41.52:941][  0]LogD3D11RHI: GPU Timing Frequency: 1000.000000 (Debug: 2 2)
[2019.10.29-00.41.52:943][  0]LogShaderCompilers: Guid format shader working directory is -36 characters bigger than the processId version (../../../../../../Users/s181813/Documents/GitHub/Chicken-Crimpy-Repository/DejaBrew/Intermediate/Shaders/WorkingDirectory/11804/).
[2019.10.29-00.41.52:944][  0]LogShaderCompilers: Cleaned the shader compiler working directory 'C:/Users/s181813/AppData/Local/Temp/UnrealShaderWorkingDir/A817FF5041D0373D7C322CBC67265F53/'.
[2019.10.29-00.41.53:151][  0]LogTemp: Display: Loaded TP AllDesktopTargetPlatform
[2019.10.29-00.41.53:167][  0]LogTemp: Display: Loaded TP MacClientTargetPlatform
[2019.10.29-00.41.53:181][  0]LogTemp: Display: Loaded TP MacNoEditorTargetPlatform
[2019.10.29-00.41.53:195][  0]LogTemp: Display: Loaded TP MacServerTargetPlatform
[2019.10.29-00.41.53:210][  0]LogTemp: Display: Loaded TP MacTargetPlatform
[2019.10.29-00.41.53:224][  0]LogTemp: Display: Loaded TP WindowsClientTargetPlatform
[2019.10.29-00.41.53:239][  0]LogTemp: Display: Loaded TP WindowsNoEditorTargetPlatform
[2019.10.29-00.41.53:253][  0]LogTemp: Display: Loaded TP WindowsServerTargetPlatform
[2019.10.29-00.41.53:260][  0]LogTemp: Display: Loaded TP WindowsTargetPlatform
[2019.10.29-00.41.53:333][  0]LogTemp: Display: Loaded TP AndroidTargetPlatform
[2019.10.29-00.41.53:333][  0]LogTemp: Display: Loaded TP AndroidTargetPlatform
[2019.10.29-00.41.53:333][  0]LogTemp: Display: Loaded TP AndroidTargetPlatform
[2019.10.29-00.41.53:333][  0]LogTemp: Display: Loaded TP AndroidTargetPlatform
[2019.10.29-00.41.53:334][  0]LogTemp: Display: Loaded TP AndroidTargetPlatform
[2019.10.29-00.41.53:334][  0]LogTemp: Display: Loaded TP AndroidTargetPlatform
[2019.10.29-00.41.53:334][  0]LogTemp: Display: Loaded TP AndroidTargetPlatform
[2019.10.29-00.41.53:334][  0]LogTemp: Display: Loaded TP AndroidTargetPlatform
[2019.10.29-00.41.53:334][  0]LogTemp: Display: Loaded TP AndroidTargetPlatform
[2019.10.29-00.41.53:334][  0]LogTemp: Display: Loaded TP AndroidTargetPlatform
[2019.10.29-00.41.53:334][  0]LogTemp: Display: Loaded TP AndroidTargetPlatform
[2019.10.29-00.41.53:335][  0]LogTemp: Display: Loaded TP AndroidTargetPlatform
[2019.10.29-00.41.53:335][  0]LogTemp: Display: Loaded TP AndroidTargetPlatform
[2019.10.29-00.41.53:335][  0]LogTemp: Display: Loaded TP AndroidTargetPlatform
[2019.10.29-00.41.53:335][  0]LogTemp: Display: Loaded TP AndroidTargetPlatform
[2019.10.29-00.41.53:335][  0]LogTemp: Display: Loaded TP AndroidTargetPlatform
[2019.10.29-00.41.53:335][  0]LogTemp: Display: Loaded TP AndroidTargetPlatform
[2019.10.29-00.41.53:335][  0]LogTemp: Display: Loaded TP AndroidTargetPlatform
[2019.10.29-00.41.53:338][  0]LogTemp: Display: Loaded TP HTML5TargetPlatform
[2019.10.29-00.41.53:403][  0]LogTemp: Display: Loaded TP IOSTargetPlatform
[2019.10.29-00.41.53:403][  0]LogTemp: Display: Loaded TP IOSTargetPlatform
[2019.10.29-00.41.53:427][  0]LogTemp: Display: Loaded TP TVOSTargetPlatform
[2019.10.29-00.41.53:427][  0]LogTemp: Display: Loaded TP TVOSTargetPlatform
[2019.10.29-00.41.53:441][  0]LogTemp: Display: Loaded TP LinuxClientTargetPlatform
[2019.10.29-00.41.53:455][  0]LogTemp: Display: Loaded TP LinuxNoEditorTargetPlatform
[2019.10.29-00.41.53:471][  0]LogTemp: Display: Loaded TP LinuxServerTargetPlatform
[2019.10.29-00.41.53:485][  0]LogTemp: Display: Loaded TP LinuxTargetPlatform
[2019.10.29-00.41.53:495][  0]LogTemp: Display: Loaded TP LuminTargetPlatform
[2019.10.29-00.41.53:496][  0]LogTargetPlatformManager: Display: Building Assets For Windows
[2019.10.29-00.41.53:592][  0]LogXGEController: Cannot use XGE Controller as Incredibuild is not installed on this machine.
[2019.10.29-00.41.53:592][  0]LogShaderCompilers: Cannot use XGE Shader Compiler as Incredibuild is not installed on this machine.
[2019.10.29-00.41.53:592][  0]LogShaderCompilers: Display: Using Local Shader Compiler.
[2019.10.29-00.41.54:248][  0]LogDerivedDataCache: Display: Max Cache Size: 512 MB
[2019.10.29-00.41.54:298][  0]LogDerivedDataCache: Loaded boot cache 0.05s 76MB C:/Users/s181813/AppData/Local/UnrealEngine/4.20/DerivedDataCache/Boot.ddc.
[2019.10.29-00.41.54:298][  0]LogDerivedDataCache: Display: Loaded Boot cache: C:/Users/s181813/AppData/Local/UnrealEngine/4.20/DerivedDataCache/Boot.ddc
[2019.10.29-00.41.54:298][  0]LogDerivedDataCache: FDerivedDataBackendGraph:  Pak pak cache file ../../../../../../Users/s181813/Documents/GitHub/Chicken-Crimpy-Repository/DejaBrew/DerivedDataCache/DDC.ddp not found, will not use a pak cache.
[2019.10.29-00.41.54:299][  0]LogDerivedDataCache: Unable to find inner node Pak for hierarchical cache Hierarchy.
[2019.10.29-00.41.54:299][  0]LogDerivedDataCache: FDerivedDataBackendGraph:  CompressedPak pak cache file ../../../../../../Users/s181813/Documents/GitHub/Chicken-Crimpy-Repository/DejaBrew/DerivedDataCache/Compressed.ddp not found, will not use a pak cache.
[2019.10.29-00.41.54:299][  0]LogDerivedDataCache: Unable to find inner node CompressedPak for hierarchical cache Hierarchy.
[2019.10.29-00.41.54:310][  0]LogDerivedDataCache: Display: Pak cache opened for reading ../../../Engine/DerivedDataCache/Compressed.ddp.
[2019.10.29-00.41.54:323][  0]LogDerivedDataCache: Using Local data cache path C:/Users/s181813/AppData/Local/UnrealEngine/Common/DerivedDataCache: Writable
[2019.10.29-00.41.54:324][  0]LogDerivedDataCache: Shared data cache path not found in *engine.ini, will not use an Shared cache.
[2019.10.29-00.41.54:324][  0]LogDerivedDataCache: Unable to find inner node Shared for hierarchical cache Hierarchy.
[2019.10.29-00.41.54:340][  0]LogMaterial: Verifying Global Shaders for PCD3D_SM5
[2019.10.29-00.41.54:341][  0]LogSlate: Using FreeType 2.6.0
[2019.10.29-00.41.54:342][  0]LogSlate: SlateFontServices - WITH_FREETYPE: 1, WITH_HARFBUZZ: 1
[2019.10.29-00.41.54:414][  0]LogAssetRegistry: FAssetRegistry took 0.0314 seconds to start up
[2019.10.29-00.41.54:723][  0]LogInit: Selected Device Profile: [Windows]
[2019.10.29-00.41.54:878][  0]LogSimplygon: Simplygon DLL not present - disabling.
[2019.10.29-00.41.54:885][  0]LogMeshReduction: Using SimplygonSwarm for distributed automatic mesh merging
[2019.10.29-00.41.54:885][  0]LogMeshReduction: Using ProxyLODMeshReduction for automatic mesh merging
[2019.10.29-00.41.54:885][  0]LogMeshReduction: Using QuadricMeshReduction for automatic static mesh reduction
[2019.10.29-00.41.54:885][  0]LogMeshReduction: No automatic skeletal mesh reduction module available
[2019.10.29-00.41.54:902][  0]LogNetVersion: DejaBrew 1.0.0, NetCL: 4212847, EngineNetVer: 5, GameNetVer: 0 (Checksum: 719251921)
[2019.10.29-00.41.55:356][  0]LogPackageLocalizationCache: Processed 11 localized package path(s) for 2 prioritized culture(s) in 0.109880 seconds
[2019.10.29-00.41.55:363][  0]LogUObjectArray: 38425 objects as part of root set at end of initial load.
[2019.10.29-00.41.55:363][  0]LogUObjectAllocator: 6690864 out of 0 bytes used by permanent object pool.
[2019.10.29-00.41.55:363][  0]LogUObjectArray: CloseDisregardForGC: 0/0 objects in disregard for GC pool
[2019.10.29-00.41.56:182][  0]LogTcpMessaging: Initializing TcpMessaging bridge
[2019.10.29-00.41.56:199][  0]LogUdpMessaging: Initializing bridge on interface 0.0.0.0:0 to multicast group 230.0.0.1:6666.
[2019.10.29-00.41.56:511][  0]SourceControl: Source control is disabled
[2019.10.29-00.41.56:511][  0]SourceControl: Source control is disabled
[2019.10.29-00.41.56:514][  0]SourceControl: Source control is disabled
[2019.10.29-00.41.56:517][  0]SourceControl: Source control is disabled
[2019.10.29-00.41.56:752][  0]LogAndroidPermission: UAndroidPermissionCallbackProxy::GetInstance
[2019.10.29-00.41.56:837][  0]LogOcInput: OculusInput pre-init called
[2019.10.29-00.41.56:900][  0]LogEngine: Initializing Engine...
[2019.10.29-00.41.56:901][  0]LogHMD: Failed to initialize OpenVR with code 110
[2019.10.29-00.41.56:903][  0]LogStats: UGameplayTagsManager::ConstructGameplayTagTree: ImportINI prefixes -  0.000 s
[2019.10.29-00.41.56:903][  0]LogStats: UGameplayTagsManager::ConstructGameplayTagTree: Construct from data asset -  0.000 s
[2019.10.29-00.41.56:903][  0]LogStats: UGameplayTagsManager::ConstructGameplayTagTree: ImportINI -  0.000 s
[2019.10.29-00.41.56:903][  0]LogStats: UGameplayTagsManager::ConstructGameplayTagTree: GameplayTagTreeChangedEvent.Broadcast -  0.000 s
[2019.10.29-00.41.57:083][  0]LogInit: Initializing FReadOnlyCVARCache
[2019.10.29-00.41.57:095][  0]LogAIModule: Creating AISystem for world Untitled
[2019.10.29-00.41.57:110][  0]LogInit: XAudio2 using 'Realtek HD Audio 2nd output (Realtek High Definition Audio)' : 2 channels at 48 kHz using 32 bits per sample (channel mask 0x3)
[2019.10.29-00.41.57:128][  0]LogInit: FAudioDevice initialized.
[2019.10.29-00.41.57:128][  0]LogNetVersion: Set ProjectVersion to 1.0.0.0. Version Checksum will be recalculated on next use.
[2019.10.29-00.41.57:201][  0]LogDerivedDataCache: Saved boot cache 0.07s 76MB C:/Users/s181813/AppData/Local/UnrealEngine/4.20/DerivedDataCache/Boot.ddc.
[2019.10.29-00.41.57:215][  0]LogInit: Texture streaming: Enabled
[2019.10.29-00.41.57:239][  0]LogEngineSessionManager: EngineSessionManager initialized
[2019.10.29-00.41.57:249][  0]LogInit: Transaction tracking system initialized
[2019.10.29-00.41.57:277][  0]BlueprintLog: New page: Editor Load
[2019.10.29-00.41.57:414][  0]LocalizationService: Localization service is disabled
[2019.10.29-00.41.57:679][  0]LogCook: Display: Max memory allowance for cook 16384mb min free memory 0mb
[2019.10.29-00.41.57:680][  0]LogCook: Display: Mobile HDR setting 1
[2019.10.29-00.41.57:680][  0]LogGameplayTags: Display: UGameplayTagsManager::DoneAddingNativeTags. DelegateIsBound: 0
[2019.10.29-00.41.57:680][  0]LogStats: UGameplayTagsManager::ConstructGameplayTagTree: ImportINI prefixes -  0.000 s
[2019.10.29-00.41.57:680][  0]LogStats: UGameplayTagsManager::ConstructGameplayTagTree: Construct from data asset -  0.000 s
[2019.10.29-00.41.57:680][  0]LogStats: UGameplayTagsManager::ConstructGameplayTagTree: ImportINI -  0.000 s
[2019.10.29-00.41.57:681][  0]LogStats: UGameplayTagsManager::ConstructGameplayTagTree: GameplayTagTreeChangedEvent.Broadcast -  0.000 s
[2019.10.29-00.41.57:836][  0]LogFileCache: Scanning file cache for directory 'C:/Users/s181813/Documents/GitHub/Chicken-Crimpy-Repository/DejaBrew/Content/' took 0.01s
[2019.10.29-00.41.57:836][  0]SourceControl: Source control is disabled
[2019.10.29-00.41.57:836][  0]Cmd: MAP LOAD FILE="../../../../../../Users/s181813/Documents/GitHub/Chicken-Crimpy-Repository/DejaBrew/Content/SideScrollerCPP/Maps/SideScrollerExampleMap.umap" TEMPLATE=0 SHOWPROGRESS=1 FEATURELEVEL=3
[2019.10.29-00.41.57:837][  0]LightingResults: New page: Lighting Build
[2019.10.29-00.41.57:840][  0]MapCheck: New page: Map Check
[2019.10.29-00.41.57:840][  0]LightingResults: New page: Lighting Build
[2019.10.29-00.41.58:008][  0]LogAIModule: Creating AISystem for world SideScrollerExampleMap
[2019.10.29-00.41.58:020][  0]LogEditorServer: Finished looking for orphan Actors (0.000 secs)
[2019.10.29-00.41.58:041][  0]Cmd: MAP CHECKDEP NOCLEARLOG
[2019.10.29-00.41.58:092][  0]MapCheck: Map check complete: 0 Error(s), 0 Warning(s), took 50.358ms to complete.
[2019.10.29-00.41.58:092][  0]LogFileHelpers: Loading map 'SideScrollerExampleMap' took 0.256
[2019.10.29-00.41.58:202][  0]LogSlate: Updating window title bar state: overlay mode, drag disabled, window buttons hidden, title bar hidden
[2019.10.29-00.41.58:209][  0]LogSlate: Updating window title bar state: overlay mode, drag disabled, window buttons hidden, title bar hidden
[2019.10.29-00.41.58:216][  0]LogSlate: Updating window title bar state: overlay mode, drag disabled, window buttons hidden, title bar hidden
[2019.10.29-00.41.58:223][  0]LogSlate: Updating window title bar state: overlay mode, drag disabled, window buttons hidden, title bar hidden
[2019.10.29-00.41.58:229][  0]LogCollectionManager: Loaded 0 collections in 0.001716 seconds
[2019.10.29-00.41.58:280][  0]LogFileCache: Scanning file cache for directory 'C:/Users/s181813/Documents/GitHub/Chicken-Crimpy-Repository/DejaBrew/Saved/Collections/' took 0.01s
[2019.10.29-00.41.58:280][  0]LogFileCache: Scanning file cache for directory 'C:/Users/s181813/Documents/GitHub/Chicken-Crimpy-Repository/DejaBrew/Content/Developers/s181813/Collections/' took 0.01s
[2019.10.29-00.41.58:280][  0]LogFileCache: Scanning file cache for directory 'C:/Users/s181813/Documents/GitHub/Chicken-Crimpy-Repository/DejaBrew/Content/Collections/' took 0.01s
[2019.10.29-00.41.58:280][  0]LogCollectionManager: Rebuilt the GUID cache for 0 collections in 0.000000 seconds
[2019.10.29-00.41.58:289][  0]LogContentBrowser: Native class hierarchy populated in 0.0085 seconds. Added 2575 classes and 605 folders.
[2019.10.29-00.41.58:295][  0]LogContentBrowser: Native class hierarchy updated for 'WidgetCarousel' in 0.0003 seconds. Added 0 classes and 0 folders.
[2019.10.29-00.41.58:326][  0]LogContentBrowser: Native class hierarchy updated for 'AddContentDialog' in 0.0002 seconds. Added 0 classes and 0 folders.
[2019.10.29-00.41.58:332][  0]LogContentBrowser: Native class hierarchy updated for 'SceneOutliner' in 0.0005 seconds. Added 1 classes and 2 folders.
[2019.10.29-00.41.59:215][  0]LogSlate: Only BGRA pngs, bmps or icos are supported in by External Image Picker
[2019.10.29-00.41.59:239][  0]LogTemp: Executing iPhonePackager certificates Engine -bundlename com.YourCompany.DejaBrew
[2019.10.29-00.41.59:239][  0]LogTemp: CWD: C:\Program Files\Epic Games\UE_4.20\Engine\Binaries\DotNET\IOS
[2019.10.29-00.41.59:239][  0]LogTemp: Initial Dir: C:\Program Files\Epic Games\UE_4.20
[2019.10.29-00.41.59:239][  0]LogTemp: Env CWD: C:\Program Files\Epic Games\UE_4.20\Engine\Binaries\DotNET\IOS
[2019.10.29-00.41.59:239][  0]LogTemp: BranchPath = SYD-4DE60A/C/Program Files/Epic Games/UE_4.20/Engine/Binaries --- GameBranchPath = SYD-4DE60A/C/Program Files/Epic Games/UE_4.20/Engine/Binaries
[2019.10.29-00.41.59:239][  0]LogSlate: Took 0.000270 seconds to synchronously load lazily loaded font '../../../Engine/Content/Slate/Fonts/Roboto-Regular.ttf' (155K)
[2019.10.29-00.41.59:241][  0]LogSlate: Took 0.000206 seconds to synchronously load lazily loaded font '../../../Engine/Content/Slate/Fonts/Roboto-Bold.ttf' (160K)
[2019.10.29-00.41.59:247][  0]LogSlate: Took 0.000145 seconds to synchronously load lazily loaded font '../../../Engine/Content/Editor/Slate/Fonts/FontAwesome.ttf' (139K)
[2019.10.29-00.41.59:320][  0]LogTemp: IPP ERROR: Could not find provision directory 'C:\Users\s181813\AppData\Local/Apple Computer/MobileDevice/Provisioning Profiles/'.
[2019.10.29-00.41.59:320][  0]LogRenderer: Reallocating scene render targets to support 1068x576 Format 10 NumSamples 1 (Frame:1).
[2019.10.29-00.41.59:488][  0]LogContentBrowser: Native class hierarchy updated for 'HierarchicalLODOutliner' in 0.0005 seconds. Added 0 classes and 0 folders.
[2019.10.29-00.41.59:488][  0]LogLoad: (Engine Initialization) Total time: 8.97 seconds
[2019.10.29-00.41.59:488][  0]LogLoad: (Engine Initialization) Total Blueprint compile time: 0.00 seconds
[2019.10.29-00.41.59:498][  0]LogWindowsTextInputMethodSystem: Display: IME system now deactivated.
[2019.10.29-00.41.59:524][  0]LogContentStreaming: Texture pool size now 1000 MB
[2019.10.29-00.41.59:548][  0]LogSlate: Took 0.000192 seconds to synchronously load lazily loaded font '../../../Engine/Content/Slate/Fonts/Roboto-Light.ttf' (167K)
[2019.10.29-00.41.59:562][  1]LogAssetRegistry: Asset discovery search completed in 5.1716 seconds
[2019.10.29-00.41.59:563][  1]LogCollectionManager: Rebuilt the object cache for 0 collections in 0.000000 seconds (found 0 objects)
[2019.10.29-00.41.59:563][  1]LogCollectionManager: Fixed up redirectors for 0 collections in 0.000163 seconds (updated 0 objects)
[2019.10.29-00.42.30:356][686]LogSlate: FSceneViewport::OnFocusLost() reason 0
[2019.10.29-00.42.30:456][698]LogTemp: Repeating last play command: Selected Viewport
[2019.10.29-00.42.30:473][698]LogBlueprintUserMessages: Early PlayInEditor Detection: Level '/Game/SideScrollerCPP/Maps/SideScrollerExampleMap.SideScrollerExampleMap:PersistentLevel' has LevelScriptBlueprint '/Game/SideScrollerCPP/Maps/SideScrollerExampleMap.SideScrollerExampleMap:PersistentLevel.SideScrollerExampleMap' with GeneratedClass '/Game/SideScrollerCPP/Maps/SideScrollerExampleMap.SideScrollerExampleMap_C' with ClassGeneratedBy '/Game/SideScrollerCPP/Maps/SideScrollerExampleMap.SideScrollerExampleMap:PersistentLevel.SideScrollerExampleMap'
[2019.10.29-00.42.30:473][698]LogPlayLevel: PlayLevel: No blueprints needed recompiling
[2019.10.29-00.42.30:488][698]PIE: New page: PIE session: SideScrollerExampleMap (Oct 29, 2019, 10:42:30 PM)
[2019.10.29-00.42.30:488][698]LogPlayLevel: Creating play world package: /Game/SideScrollerCPP/Maps/UEDPIE_0_SideScrollerExampleMap
[2019.10.29-00.42.30:510][698]LogPlayLevel: PIE: StaticDuplicateObject took: (0.022221s)
[2019.10.29-00.42.30:511][698]LogAIModule: Creating AISystem for world SideScrollerExampleMap
[2019.10.29-00.42.30:511][698]LogPlayLevel: PIE: World Init took: (0.001129s)
[2019.10.29-00.42.30:512][698]LogPlayLevel: PIE: Created PIE world by copying editor world from /Game/SideScrollerCPP/Maps/SideScrollerExampleMap.SideScrollerExampleMap to /Game/SideScrollerCPP/Maps/UEDPIE_0_SideScrollerExampleMap.SideScrollerExampleMap (0.023813s)
[2019.10.29-00.42.30:539][698]LogInit: XAudio2 using 'Realtek HD Audio 2nd output (Realtek High Definition Audio)' : 2 channels at 48 kHz using 32 bits per sample (channel mask 0x3)
[2019.10.29-00.42.30:552][698]LogInit: FAudioDevice initialized.
[2019.10.29-00.42.30:603][698]LogLoad: Game class is 'DejaBrewGameMode'
[2019.10.29-00.42.30:606][698]LogWorld: Bringing World /Game/SideScrollerCPP/Maps/UEDPIE_0_SideScrollerExampleMap.SideScrollerExampleMap up for play (max tick rate 0) at 2019.10.29-11.42.30
[2019.10.29-00.42.30:607][698]LogWorld: Bringing up level for play took: 0.002179
[2019.10.29-00.42.30:626][698]LogContentBrowser: Native class hierarchy updated for 'MovieSceneCapture' in 0.0003 seconds. Added 10 classes and 0 folders.
[2019.10.29-00.42.30:627][698]PIE: Play in editor start time for /Game/SideScrollerCPP/Maps/UEDPIE_0_SideScrollerExampleMap 0.915
[2019.10.29-00.42.30:627][698]LogBlueprintUserMessages: Late PlayInEditor Detection: Level '/Game/SideScrollerCPP/Maps/SideScrollerExampleMap.SideScrollerExampleMap:PersistentLevel' has LevelScriptBlueprint '/Game/SideScrollerCPP/Maps/SideScrollerExampleMap.SideScrollerExampleMap:PersistentLevel.SideScrollerExampleMap' with GeneratedClass '/Game/SideScrollerCPP/Maps/SideScrollerExampleMap.SideScrollerExampleMap_C' with ClassGeneratedBy '/Game/SideScrollerCPP/Maps/SideScrollerExampleMap.SideScrollerExampleMap:PersistentLevel.SideScrollerExampleMap'
[2019.10.29-00.42.50:175][ 38]LogBlueprintUserMessages: Early EndPlayMap Detection: Level '/Game/SideScrollerCPP/Maps/SideScrollerExampleMap.SideScrollerExampleMap:PersistentLevel' has LevelScriptBlueprint '/Game/SideScrollerCPP/Maps/SideScrollerExampleMap.SideScrollerExampleMap:PersistentLevel.SideScrollerExampleMap' with GeneratedClass '/Game/SideScrollerCPP/Maps/SideScrollerExampleMap.SideScrollerExampleMap_C' with ClassGeneratedBy '/Game/SideScrollerCPP/Maps/SideScrollerExampleMap.SideScrollerExampleMap:PersistentLevel.SideScrollerExampleMap'
[2019.10.29-00.42.50:176][ 38]LogSlate: Updating window title bar state: overlay mode, drag disabled, window buttons hidden, title bar hidden
[2019.10.29-00.42.50:215][ 38]LogPlayLevel: Display: Shutting down PIE online subsystems
[2019.10.29-00.42.50:216][ 38]LogBlueprintUserMessages: Late EndPlayMap Detection: Level '/Game/SideScrollerCPP/Maps/SideScrollerExampleMap.SideScrollerExampleMap:PersistentLevel' has LevelScriptBlueprint '/Game/SideScrollerCPP/Maps/SideScrollerExampleMap.SideScrollerExampleMap:PersistentLevel.SideScrollerExampleMap' with GeneratedClass '/Game/SideScrollerCPP/Maps/SideScrollerExampleMap.SideScrollerExampleMap_C' with ClassGeneratedBy '/Game/SideScrollerCPP/Maps/SideScrollerExampleMap.SideScrollerExampleMap:PersistentLevel.SideScrollerExampleMap'
[2019.10.29-00.42.50:236][ 38]LogSlate: Updating window title bar state: overlay mode, drag disabled, window buttons hidden, title bar hidden
[2019.10.29-00.42.50:278][ 42]LogPlayLevel: Display: Destroying online subsystem :Context_2
