Log file open, 11/18/19 09:12:05
LogWindows: Failed to load 'aqProf.dll' (GetLastError=126)
LogWindows: File 'aqProf.dll' does not exist
LogWindows: Failed to load 'VSPerf140.dll' (GetLastError=126)
LogWindows: File 'VSPerf140.dll' does not exist
LogWindows: Failed to load 'VtuneApi.dll' (GetLastError=126)
LogWindows: File 'VtuneApi.dll' does not exist
LogWindows: Failed to load 'VtuneApi32e.dll' (GetLastError=126)
LogWindows: File 'VtuneApi32e.dll' does not exist
LogInit: Display: Running engine for game: DejaBrew
LogPlatformFile: Not using cached read wrapper
LogTaskGraph: Started task graph with 5 named threads and 23 total threads with 3 sets of task threads.
LogStats: Stats thread started at 0.470056
LogD3D11RHI: Loaded GFSDK_Aftermath_Lib.x64.dll
LogICUInternationalization: Display: ICU TimeZone Detection - Raw Offset: +10:00, Platform Override: ''
LogPluginManager: Mounting plugin Paper2D
LogPluginManager: Mounting plugin AISupport
LogPluginManager: Mounting plugin LightPropagationVolume
LogPluginManager: Mounting plugin CLionSourceCodeAccess
LogPluginManager: Mounting plugin CodeLiteSourceCodeAccess
LogPluginManager: Mounting plugin GitSourceControl
LogPluginManager: Mounting plugin KDevelopSourceCodeAccess
LogPluginManager: Mounting plugin NullSourceCodeAccess
LogPluginManager: Mounting plugin PerforceSourceControl
LogPluginManager: Mounting plugin SubversionSourceControl
LogPluginManager: Mounting plugin UObjectPlugin
LogPluginManager: Mounting plugin VisualStudioCodeSourceCodeAccess
LogPluginManager: Mounting plugin VisualStudioSourceCodeAccess
LogPluginManager: Mounting plugin XCodeSourceCodeAccess
LogPluginManager: Mounting plugin AssetManagerEditor
LogPluginManager: Mounting plugin CryptoKeys
LogPluginManager: Mounting plugin DataValidation
LogPluginManager: Mounting plugin FacialAnimation
LogPluginManager: Mounting plugin GameplayTagsEditor
LogPluginManager: Mounting plugin MacGraphicsSwitching
LogPluginManager: Mounting plugin MeshEditor
LogPluginManager: Mounting plugin MobileLauncherProfileWizard
LogPluginManager: Mounting plugin PluginBrowser
LogPluginManager: Mounting plugin SpeedTreeImporter
LogPluginManager: Mounting plugin DatasmithContent
LogPluginManager: Mounting plugin AlembicImporter
LogPluginManager: Mounting plugin AppleImageUtils
LogPluginManager: Mounting plugin AppleVision
LogPluginManager: Mounting plugin BackChannel
LogPluginManager: Mounting plugin CharacterAI
LogPluginManager: Mounting plugin GeometryCache
LogPluginManager: Mounting plugin HTML5Networking
LogPluginManager: Mounting plugin ProxyLODPlugin
LogPluginManager: Mounting plugin MagicLeap
LogPluginManager: Mounting plugin MagicLeapEmulator
LogPluginManager: Mounting plugin MagicLeapMedia
LogPluginManager: Mounting plugin AndroidMedia
LogPluginManager: Mounting plugin AvfMedia
LogPluginManager: Mounting plugin ImgMedia
LogPluginManager: Mounting plugin LinearTimecode
LogPluginManager: Mounting plugin MediaCompositing
LogPluginManager: Mounting plugin MediaPlayerEditor
LogPluginManager: Mounting plugin WmfMedia
LogPluginManager: Mounting plugin TcpMessaging
LogPluginManager: Mounting plugin UdpMessaging
LogPluginManager: Mounting plugin ActorSequence
LogPluginManager: Mounting plugin LevelSequenceEditor
LogPluginManager: Mounting plugin MatineeToLevelSequence
LogPluginManager: Mounting plugin NetcodeUnitTest
LogPluginManager: Mounting plugin NUTUnrealEngine4
LogPluginManager: Mounting plugin OnlineSubsystemGooglePlay
LogPluginManager: Mounting plugin OnlineSubsystemIOS
LogPluginManager: Mounting plugin OnlineSubsystem
LogPluginManager: Mounting plugin OnlineSubsystemNull
LogPluginManager: Mounting plugin OnlineSubsystemUtils
LogPluginManager: Mounting plugin LauncherChunkInstaller
LogPluginManager: Mounting plugin AndroidDeviceProfileSelector
LogPluginManager: Mounting plugin AndroidMoviePlayer
LogPluginManager: Mounting plugin AndroidPermission
LogPluginManager: Mounting plugin AppleMoviePlayer
LogPluginManager: Mounting plugin ArchVisCharacter
LogPluginManager: Mounting plugin AudioCapture
LogPluginManager: Mounting plugin CableComponent
LogPluginManager: Mounting plugin CustomMeshComponent
LogPluginManager: Mounting plugin EditableMesh
LogPluginManager: Mounting plugin ExampleDeviceProfileSelector
LogPluginManager: Mounting plugin GoogleCloudMessaging
LogPluginManager: Mounting plugin ImmediatePhysics
LogPluginManager: Mounting plugin IOSDeviceProfileSelector
LogPluginManager: Mounting plugin LinuxDeviceProfileSelector
LogPluginManager: Mounting plugin LocationServicesBPLibrary
LogPluginManager: Mounting plugin MobilePatchingUtils
LogPluginManager: Mounting plugin OculusVR
LogPluginManager: Plugin shader directory ../../../Engine/Plugins/Runtime/Oculus/OculusVR/Shaders found
LogPluginManager: Mapping shader source directory ../../../Engine/Plugins/Runtime/Oculus/OculusVR/Shaders to virtual directory /Plugin/OculusVR
LogPluginManager: Mounting plugin PhysXVehicles
LogPluginManager: Mounting plugin ProceduralMeshComponent
LogPluginManager: Mounting plugin RuntimePhysXCooking
LogPluginManager: Mounting plugin SteamVR
LogPluginManager: Mounting plugin WindowsMoviePlayer
LogStreaming: Display: Took  0.150s to configure plugins.
LogInit: Using libcurl 7.55.1-DEV
LogInit:  - built for x86_64-pc-win32
LogInit:  - supports SSL with OpenSSL/1.0.2h
LogInit:  - supports HTTP deflate (compression) using libz 1.2.8
LogInit:  - other features:
LogInit:      CURL_VERSION_SSL
LogInit:      CURL_VERSION_LIBZ
LogInit:      CURL_VERSION_IPV6
LogInit:      CURL_VERSION_ASYNCHDNS
LogInit:      CURL_VERSION_LARGEFILE
LogInit:      CURL_VERSION_IDN
LogInit:  CurlRequestOptions (configurable via config and command line):
LogInit:  - bVerifyPeer = false  - Libcurl will NOT verify peer certificate
LogInit:  - bUseHttpProxy = false  - Libcurl will NOT use HTTP proxy
LogInit:  - bDontReuseConnections = false  - Libcurl will reuse connections
LogInit:  - CertBundlePath = nullptr  - Libcurl will use whatever was configured at build time.
LogInit:  - MaxHostConnections = 16  - Libcurl will limit the number of connections to a host
LogInit:  - LocalHostAddr = Default
LogInit:  - BufferSize = 65536
LogInit: WinSock: version 1.1 (2.2), MaxSocks=32767, MaxUdp=65467
LogInit: Build: ++UE4+Release-4.20-CL-4369336
LogInit: Engine Version: 4.20.3-4369336+++UE4+Release-4.20
LogInit: Compatible Engine Version: 4.20.0-4212847+++UE4+Release-4.20
LogInit: Net CL: 4212847
LogInit: OS: Windows 10 (), CPU: Intel(R) Core(TM) i7-6700 CPU @ 3.40GHz, GPU: NVIDIA GeForce GTX 1060 6GB
LogInit: Compiled (64-bit): Sep 17 2018 12:26:19
LogInit: Compiled with Visual C++: 19.13.26129.00
LogInit: Build Configuration: Development
LogInit: Branch Name: ++UE4+Release-4.20
LogInit: Command Line:  -skipcompile
LogInit: Base Directory: C:/Program Files/Epic Games/UE_4.20/Engine/Binaries/Win64/
LogInit: Installed Engine Build: 1
LogDevObjectVersion: Number of dev versions registered: 20
LogDevObjectVersion:   Dev-Blueprints (B0D832E4-1F89-4F0D-ACCF-7EB736FD4AA2): 10
LogDevObjectVersion:   Dev-Build (E1C64328-A22C-4D53-A36C-8E866417BD8C): 0
LogDevObjectVersion:   Dev-Core (375EC13C-06E4-48FB-B500-84F0262A717E): 2
LogDevObjectVersion:   Dev-Editor (E4B068ED-F494-42E9-A231-DA0B2E46BB41): 24
LogDevObjectVersion:   Dev-Framework (CFFC743F-43B0-4480-9391-14DF171D2073): 34
LogDevObjectVersion:   Dev-Mobile (B02B49B5-BB20-44E9-A304-32B752E40360): 2
LogDevObjectVersion:   Dev-Networking (A4E4105C-59A1-49B5-A7C5-40C4547EDFEE): 0
LogDevObjectVersion:   Dev-Online (39C831C9-5AE6-47DC-9A44-9C173E1C8E7C): 0
LogDevObjectVersion:   Dev-Physics (78F01B33-EBEA-4F98-B9B4-84EACCB95AA2): 0
LogDevObjectVersion:   Dev-Platform (6631380F-2D4D-43E0-8009-CF276956A95A): 0
LogDevObjectVersion:   Dev-Rendering (12F88B9F-8875-4AFC-A67C-D90C383ABD29): 26
LogDevObjectVersion:   Dev-Sequencer (7B5AE74C-D270-4C10-A958-57980B212A5A): 9
LogDevObjectVersion:   Dev-VR (D7296918-1DD6-4BDD-9DE2-64A83CC13884): 2
LogDevObjectVersion:   Dev-LoadTimes (C2A15278-BFE7-4AFE-6C17-90FF531DF755): 1
LogDevObjectVersion:   Private-Geometry (6EACA3D4-40EC-4CC1-B786-8BED09428FC5): 3
LogDevObjectVersion:   Dev-AnimPhys (29E575DD-E0A3-4627-9D10-D276232CDCEA): 17
LogDevObjectVersion:   Dev-ReflectionCapture (6B266CEC-1EC7-4B8F-A30B-E4D90942FC07): 1
LogDevObjectVersion:   Dev-Automation (0DF73D61-A23F-47EA-B727-89E90C41499A): 1
LogDevObjectVersion:   FortniteMain (601D1886-AC64-4F84-AA16-D3DE0DEAC7D6): 12
LogDevObjectVersion:   Dev-Enterprise (9DFFBCD6-494F-0158-E221-12823C92A888): 1
LogStreaming: Display: Took  0.004s to delete old logs.
LogInit: Presizing for max 8388607 objects, including 0 objects not considered by GC, pre-allocating 0 bytes for permanent pool.
LogInit: Object subsystem initialized
[2019.11.17-22.12.05:591][  0]LogInit: Selected Device Profile: [Windows]
[2019.11.17-22.12.05:591][  0]LogInit: Applying CVar settings loaded from the selected device profile: [Windows]
[2019.11.17-22.12.05:609][  0]LogHAL: Display: Platform has ~ 32 GB [34293108736 / 34359738368 / 32], which maps to Largest [LargestMinGB=32, LargerMinGB=12, DefaultMinGB=8, SmallerMinGB=6, SmallestMinGB=0)
[2019.11.17-22.12.05:609][  0]LogInit: Setting Device Profile CVar: [[r.Vulkan.UseRealUBs:1]]
[2019.11.17-22.12.05:609][  0]LogInit: Going up to parent DeviceProfile []
[2019.11.17-22.12.05:610][  0]LogInit: Computer: SYD-C63DCC
[2019.11.17-22.12.05:610][  0]LogInit: User: s191273
[2019.11.17-22.12.05:610][  0]LogInit: CPU Page size=4096, Cores=4
[2019.11.17-22.12.05:610][  0]LogInit: High frequency timer resolution =3.328126 MHz
[2019.11.17-22.12.05:610][  0]LogMemory: Memory total: Physical=31.9GB (32GB approx)
[2019.11.17-22.12.05:610][  0]LogMemory: Platform Memory Stats for Windows
[2019.11.17-22.12.05:610][  0]LogMemory: Process Physical Memory: 102.92 MB used, 102.92 MB peak
[2019.11.17-22.12.05:610][  0]LogMemory: Process Virtual Memory: 93.44 MB used, 93.44 MB peak
[2019.11.17-22.12.05:610][  0]LogMemory: Physical Memory: 8028.86 MB used,  24675.60 MB free, 32704.46 MB total
[2019.11.17-22.12.05:611][  0]LogMemory: Virtual Memory: 4642.47 MB used,  24675.60 MB free, 134217728.00 MB total
[2019.11.17-22.12.05:799][  0]LogInit: Using OS detected language (en-US).
[2019.11.17-22.12.05:799][  0]LogInit: Using OS detected locale (en-US).
[2019.11.17-22.12.05:800][  0]LogTextLocalizationManager: No specific localization for 'en-US' exists, so the 'en' localization will be used.
[2019.11.17-22.12.06:216][  0]LogStreaming: Display: Took  0.416s to InitEngineTextLocalization.
[2019.11.17-22.12.06:216][  0]LogInit: Setting process to per monitor DPI aware
[2019.11.17-22.12.06:281][  0]LogSlate: New Slate User Created.  User Index 0, Is Virtual User: 0
[2019.11.17-22.12.06:281][  0]LogSlate: Slate User Registered.  User Index 0, Is Virtual User: 0
[2019.11.17-22.12.06:506][  0]LogHMD: Failed to initialize OpenVR with code 110
[2019.11.17-22.12.06:506][  0]LogD3D11RHI: D3D11 adapters:
[2019.11.17-22.12.06:587][  0]LogD3D11RHI:    0. 'NVIDIA GeForce GTX 1060 6GB' (Feature Level 11_0)
[2019.11.17-22.12.06:587][  0]LogD3D11RHI:       6052/0/16352 MB DedicatedVideo/DedicatedSystem/SharedSystem, Outputs:2, VendorId:0x10de
[2019.11.17-22.12.06:594][  0]LogD3D11RHI:    1. 'Microsoft Basic Render Driver' (Feature Level 11_0)
[2019.11.17-22.12.06:595][  0]LogD3D11RHI:       0/0/16352 MB DedicatedVideo/DedicatedSystem/SharedSystem, Outputs:0, VendorId:0x1414
[2019.11.17-22.12.06:595][  0]LogD3D11RHI: Chosen D3D11 Adapter: 0
[2019.11.17-22.12.06:602][  0]LogD3D11RHI: Creating new Direct3DDevice
[2019.11.17-22.12.06:602][  0]LogD3D11RHI:     GPU DeviceId: 0x1c03 (for the marketing name, search the web for "GPU Device Id")
[2019.11.17-22.12.06:602][  0]LogWindows: EnumDisplayDevices:
[2019.11.17-22.12.06:602][  0]LogWindows:    0. 'NVIDIA GeForce GTX 1060 6GB' (P:0 D:1)
[2019.11.17-22.12.06:602][  0]LogWindows:    1. 'NVIDIA GeForce GTX 1060 6GB' (P:1 D:1)
[2019.11.17-22.12.06:603][  0]LogWindows:    2. 'NVIDIA GeForce GTX 1060 6GB' (P:0 D:0)
[2019.11.17-22.12.06:603][  0]LogWindows:    3. 'NVIDIA GeForce GTX 1060 6GB' (P:0 D:0)
[2019.11.17-22.12.06:603][  0]LogWindows: DebugString: FoundDriverCount:4 
[2019.11.17-22.12.06:603][  0]LogD3D11RHI:     Adapter Name: NVIDIA GeForce GTX 1060 6GB
[2019.11.17-22.12.06:603][  0]LogD3D11RHI:   Driver Version: 417.35 (internal:25.21.14.1735, unified:417.35)
[2019.11.17-22.12.06:603][  0]LogD3D11RHI:      Driver Date: 12-11-2018
[2019.11.17-22.12.06:603][  0]LogRHI: Texture pool is 4236 MB (70% of 6052 MB)
[2019.11.17-22.12.06:654][  0]LogD3D11RHI: Async texture creation enabled
[2019.11.17-22.12.06:671][  0]LogD3D11RHI: GPU Timing Frequency: 1000.000000 (Debug: 2 2)
[2019.11.17-22.12.06:754][  0]LogShaderCompilers: Guid format shader working directory is -36 characters bigger than the processId version (../../../../../../Users/s191273/Documents/GitHub/Chicken-Crimpy-Repository/DejaBrew/Intermediate/Shaders/WorkingDirectory/12260/).
[2019.11.17-22.12.06:755][  0]LogShaderCompilers: Cleaned the shader compiler working directory 'C:/Users/s191273/AppData/Local/Temp/UnrealShaderWorkingDir/FE42F15542783C9D5CE94DB252C8AB3E/'.
[2019.11.17-22.12.06:992][  0]LogTemp: Display: Loaded TP AllDesktopTargetPlatform
[2019.11.17-22.12.07:010][  0]LogTemp: Display: Loaded TP MacClientTargetPlatform
[2019.11.17-22.12.07:027][  0]LogTemp: Display: Loaded TP MacNoEditorTargetPlatform
[2019.11.17-22.12.07:045][  0]LogTemp: Display: Loaded TP MacServerTargetPlatform
[2019.11.17-22.12.07:071][  0]LogTemp: Display: Loaded TP MacTargetPlatform
[2019.11.17-22.12.07:090][  0]LogTemp: Display: Loaded TP WindowsClientTargetPlatform
[2019.11.17-22.12.07:122][  0]LogTemp: Display: Loaded TP WindowsNoEditorTargetPlatform
[2019.11.17-22.12.07:141][  0]LogTemp: Display: Loaded TP WindowsServerTargetPlatform
[2019.11.17-22.12.07:152][  0]LogTemp: Display: Loaded TP WindowsTargetPlatform
[2019.11.17-22.12.07:263][  0]LogTemp: Display: Loaded TP AndroidTargetPlatform
[2019.11.17-22.12.07:263][  0]LogTemp: Display: Loaded TP AndroidTargetPlatform
[2019.11.17-22.12.07:263][  0]LogTemp: Display: Loaded TP AndroidTargetPlatform
[2019.11.17-22.12.07:263][  0]LogTemp: Display: Loaded TP AndroidTargetPlatform
[2019.11.17-22.12.07:263][  0]LogTemp: Display: Loaded TP AndroidTargetPlatform
[2019.11.17-22.12.07:263][  0]LogTemp: Display: Loaded TP AndroidTargetPlatform
[2019.11.17-22.12.07:263][  0]LogTemp: Display: Loaded TP AndroidTargetPlatform
[2019.11.17-22.12.07:263][  0]LogTemp: Display: Loaded TP AndroidTargetPlatform
[2019.11.17-22.12.07:263][  0]LogTemp: Display: Loaded TP AndroidTargetPlatform
[2019.11.17-22.12.07:263][  0]LogTemp: Display: Loaded TP AndroidTargetPlatform
[2019.11.17-22.12.07:264][  0]LogTemp: Display: Loaded TP AndroidTargetPlatform
[2019.11.17-22.12.07:264][  0]LogTemp: Display: Loaded TP AndroidTargetPlatform
[2019.11.17-22.12.07:264][  0]LogTemp: Display: Loaded TP AndroidTargetPlatform
[2019.11.17-22.12.07:264][  0]LogTemp: Display: Loaded TP AndroidTargetPlatform
[2019.11.17-22.12.07:264][  0]LogTemp: Display: Loaded TP AndroidTargetPlatform
[2019.11.17-22.12.07:264][  0]LogTemp: Display: Loaded TP AndroidTargetPlatform
[2019.11.17-22.12.07:264][  0]LogTemp: Display: Loaded TP AndroidTargetPlatform
[2019.11.17-22.12.07:264][  0]LogTemp: Display: Loaded TP AndroidTargetPlatform
[2019.11.17-22.12.07:267][  0]LogTemp: Display: Loaded TP HTML5TargetPlatform
[2019.11.17-22.12.07:342][  0]LogTemp: Display: Loaded TP IOSTargetPlatform
[2019.11.17-22.12.07:342][  0]LogTemp: Display: Loaded TP IOSTargetPlatform
[2019.11.17-22.12.07:369][  0]LogTemp: Display: Loaded TP TVOSTargetPlatform
[2019.11.17-22.12.07:369][  0]LogTemp: Display: Loaded TP TVOSTargetPlatform
[2019.11.17-22.12.07:386][  0]LogTemp: Display: Loaded TP LinuxClientTargetPlatform
[2019.11.17-22.12.07:399][  0]LogTemp: Display: Loaded TP LinuxNoEditorTargetPlatform
[2019.11.17-22.12.07:416][  0]LogTemp: Display: Loaded TP LinuxServerTargetPlatform
[2019.11.17-22.12.07:436][  0]LogTemp: Display: Loaded TP LinuxTargetPlatform
[2019.11.17-22.12.07:451][  0]LogTemp: Display: Loaded TP LuminTargetPlatform
[2019.11.17-22.12.07:451][  0]LogTargetPlatformManager: Display: Building Assets For Windows
[2019.11.17-22.12.07:575][  0]LogXGEController: Cannot use XGE Controller as Incredibuild is not installed on this machine.
[2019.11.17-22.12.07:575][  0]LogShaderCompilers: Cannot use XGE Shader Compiler as Incredibuild is not installed on this machine.
[2019.11.17-22.12.07:575][  0]LogShaderCompilers: Display: Using Local Shader Compiler.
[2019.11.17-22.12.08:328][  0]LogDerivedDataCache: Display: Max Cache Size: 512 MB
[2019.11.17-22.12.08:394][  0]LogDerivedDataCache: Loaded boot cache 0.06s 80MB C:/Users/s191273/AppData/Local/UnrealEngine/4.20/DerivedDataCache/Boot.ddc.
[2019.11.17-22.12.08:395][  0]LogDerivedDataCache: Display: Loaded Boot cache: C:/Users/s191273/AppData/Local/UnrealEngine/4.20/DerivedDataCache/Boot.ddc
[2019.11.17-22.12.08:395][  0]LogDerivedDataCache: FDerivedDataBackendGraph:  Pak pak cache file ../../../../../../Users/s191273/Documents/GitHub/Chicken-Crimpy-Repository/DejaBrew/DerivedDataCache/DDC.ddp not found, will not use a pak cache.
[2019.11.17-22.12.08:395][  0]LogDerivedDataCache: Unable to find inner node Pak for hierarchical cache Hierarchy.
[2019.11.17-22.12.08:395][  0]LogDerivedDataCache: FDerivedDataBackendGraph:  CompressedPak pak cache file ../../../../../../Users/s191273/Documents/GitHub/Chicken-Crimpy-Repository/DejaBrew/DerivedDataCache/Compressed.ddp not found, will not use a pak cache.
[2019.11.17-22.12.08:395][  0]LogDerivedDataCache: Unable to find inner node CompressedPak for hierarchical cache Hierarchy.
[2019.11.17-22.12.08:408][  0]LogDerivedDataCache: Display: Pak cache opened for reading ../../../Engine/DerivedDataCache/Compressed.ddp.
[2019.11.17-22.12.08:424][  0]LogDerivedDataCache: Using Local data cache path C:/Users/s191273/AppData/Local/UnrealEngine/Common/DerivedDataCache: Writable
[2019.11.17-22.12.08:424][  0]LogDerivedDataCache: Shared data cache path not found in *engine.ini, will not use an Shared cache.
[2019.11.17-22.12.08:424][  0]LogDerivedDataCache: Unable to find inner node Shared for hierarchical cache Hierarchy.
[2019.11.17-22.12.08:443][  0]LogMaterial: Verifying Global Shaders for PCD3D_SM5
[2019.11.17-22.12.08:445][  0]LogSlate: Using FreeType 2.6.0
[2019.11.17-22.12.08:445][  0]LogSlate: SlateFontServices - WITH_FREETYPE: 1, WITH_HARFBUZZ: 1
[2019.11.17-22.12.08:520][  0]LogAssetRegistry: FAssetRegistry took 0.0274 seconds to start up
[2019.11.17-22.12.08:889][  0]LogInit: Selected Device Profile: [Windows]
[2019.11.17-22.12.09:033][  0]LogSimplygon: Simplygon DLL not present - disabling.
[2019.11.17-22.12.09:040][  0]LogMeshReduction: Using SimplygonSwarm for distributed automatic mesh merging
[2019.11.17-22.12.09:040][  0]LogMeshReduction: Using ProxyLODMeshReduction for automatic mesh merging
[2019.11.17-22.12.09:041][  0]LogMeshReduction: Using QuadricMeshReduction for automatic static mesh reduction
[2019.11.17-22.12.09:041][  0]LogMeshReduction: No automatic skeletal mesh reduction module available
[2019.11.17-22.12.09:056][  0]LogNetVersion: DejaBrew 1.0.0, NetCL: 4212847, EngineNetVer: 5, GameNetVer: 0 (Checksum: 719251921)
[2019.11.17-22.12.09:327][  0]LogLinker: Warning: The file '../../../Engine/Content/EditorMaterials/Thumbnails/SkySphereMaterial.uasset' contains unrecognizable data, check that it is of the expected type.
[2019.11.17-22.12.09:327][  0]LogLinker: Warning: The file '../../../Engine/Content/EditorMaterials/Thumbnails/SkySphereMaterial.uasset' contains unrecognizable data, check that it is of the expected type.
[2019.11.17-22.12.09:327][  0]LogLinker: Warning: The file '../../../Engine/Content/EditorMaterials/Thumbnails/SkySphereMaterial.uasset' contains unrecognizable data, check that it is of the expected type.
[2019.11.17-22.12.09:328][  0]LogLinker: Warning: The file '../../../Engine/Content/EditorMaterials/Thumbnails/SkySphereMaterial.uasset' contains unrecognizable data, check that it is of the expected type.
[2019.11.17-22.12.09:329][  0]LogLinker: Warning: The file '../../../Engine/Content/EditorMaterials/Thumbnails/SkySphereMaterial.uasset' contains unrecognizable data, check that it is of the expected type.
[2019.11.17-22.12.09:329][  0]LogLinker: Warning: The file '../../../Engine/Content/EditorMaterials/Thumbnails/SkySphereMaterial.uasset' contains unrecognizable data, check that it is of the expected type.
[2019.11.17-22.12.09:567][  0]LogPackageLocalizationCache: Processed 11 localized package path(s) for 2 prioritized culture(s) in 0.140787 seconds
[2019.11.17-22.12.09:575][  0]LogUObjectArray: 38422 objects as part of root set at end of initial load.
[2019.11.17-22.12.09:575][  0]LogUObjectAllocator: 6687760 out of 0 bytes used by permanent object pool.
[2019.11.17-22.12.09:575][  0]LogUObjectArray: CloseDisregardForGC: 0/0 objects in disregard for GC pool
[2019.11.17-22.12.10:522][  0]LogTcpMessaging: Initializing TcpMessaging bridge
[2019.11.17-22.12.10:539][  0]LogUdpMessaging: Initializing bridge on interface 0.0.0.0:0 to multicast group 230.0.0.1:6666.
[2019.11.17-22.12.10:808][  0]LogLinker: Error: HOTRELOADED_DejaBrewCharacter_1 has an inappropriate outermost, it was probably saved with a deprecated outer (file: ../../../../../../Users/s191273/Documents/GitHub/Chicken-Crimpy-Repository/DejaBrew/Content/SideScrollerCPP/Blueprints/Widgets/PM_OptionsWidget_BP.uasset)
[2019.11.17-22.12.10:808][  0]LogLinker: Error: HOTRELOADED_DejaBrewCharacter_1 has an inappropriate outermost, it was probably saved with a deprecated outer (file: ../../../../../../Users/s191273/Documents/GitHub/Chicken-Crimpy-Repository/DejaBrew/Content/SideScrollerCPP/Blueprints/Widgets/PM_OptionsWidget_BP.uasset)
[2019.11.17-22.12.10:808][  0]LogLinker: Error: HOTRELOADED_DejaBrewCharacter_1 has an inappropriate outermost, it was probably saved with a deprecated outer (file: ../../../../../../Users/s191273/Documents/GitHub/Chicken-Crimpy-Repository/DejaBrew/Content/SideScrollerCPP/Blueprints/Widgets/PM_OptionsWidget_BP.uasset)
[2019.11.17-22.12.10:872][  0]LogLinker: Error: HOTRELOADED_DejaBrewCharacter_1 has an inappropriate outermost, it was probably saved with a deprecated outer (file: ../../../../../../Users/s191273/Documents/GitHub/Chicken-Crimpy-Repository/DejaBrew/Content/SideScrollerCPP/Blueprints/Widgets/PM_OptionsWidget_BP.uasset)
[2019.11.17-22.12.10:873][  0]LogLinker: Error: HOTRELOADED_DejaBrewCharacter_1 has an inappropriate outermost, it was probably saved with a deprecated outer (file: ../../../../../../Users/s191273/Documents/GitHub/Chicken-Crimpy-Repository/DejaBrew/Content/SideScrollerCPP/Blueprints/Widgets/PM_OptionsWidget_BP.uasset)
[2019.11.17-22.12.10:873][  0]LogLinker: Error: HOTRELOADED_DejaBrewCharacter_1 has an inappropriate outermost, it was probably saved with a deprecated outer (file: ../../../../../../Users/s191273/Documents/GitHub/Chicken-Crimpy-Repository/DejaBrew/Content/SideScrollerCPP/Blueprints/Widgets/PM_OptionsWidget_BP.uasset)
[2019.11.17-22.12.10:949][  0]LogLinker: Warning: Can't find file '/Game/SideScrollerBP/Assets/ThornsV2'
[2019.11.17-22.12.10:949][  0]LogLinker: Warning: Can't find file '/Game/SideScrollerBP/Assets/ThornsV2'
[2019.11.17-22.12.10:949][  0]LogUObjectGlobals: Warning: Failed to find object 'StaticMesh /Game/SideScrollerBP/Assets/ThornsV2.ThornsV2'
[2019.11.17-22.12.10:949][  0]Error: CDO Constructor (Thorn): Failed to find StaticMesh'/Game/SideScrollerBP/Assets/ThornsV2.ThornsV2'

[2019.11.17-22.12.10:950][  0]LogLinker: Warning: Can't find file '/Game/SideScrollerBP/Materials/ThornsV2_Material'
[2019.11.17-22.12.10:950][  0]LogLinker: Warning: Can't find file '/Game/SideScrollerBP/Materials/ThornsV2_Material'
[2019.11.17-22.12.10:950][  0]LogUObjectGlobals: Warning: Failed to find object 'MaterialInterface /Game/SideScrollerBP/Materials/ThornsV2_Material.ThornsV2_Material'
[2019.11.17-22.12.10:950][  0]Error: CDO Constructor (Thorn): Failed to find Material'/Game/SideScrollerBP/Materials/ThornsV2_Material.ThornsV2_Material'

[2019.11.17-22.12.10:950][  0]LogUObjectBase: Warning: -------------- Default Property warnings and errors:
[2019.11.17-22.12.10:950][  0]LogUObjectBase: Warning: Error: CDO Constructor (Thorn): Failed to find StaticMesh'/Game/SideScrollerBP/Assets/ThornsV2.ThornsV2'

[2019.11.17-22.12.10:950][  0]LogUObjectBase: Warning: Error: CDO Constructor (Thorn): Failed to find Material'/Game/SideScrollerBP/Materials/ThornsV2_Material.ThornsV2_Material'

[2019.11.17-22.12.10:961][  0]LogWindowsTextInputMethodSystem: Display: IME system now deactivated.
[2019.11.17-22.12.17:001][  0]LogWindowsTextInputMethodSystem: Display: IME system now deactivated.
[2019.11.17-22.12.17:003][  0]LogWindowsTextInputMethodSystem: Display: IME system now deactivated.
[2019.11.17-22.12.17:051][  0]SourceControl: Source control is disabled
[2019.11.17-22.12.17:051][  0]SourceControl: Source control is disabled
[2019.11.17-22.12.17:054][  0]SourceControl: Source control is disabled
[2019.11.17-22.12.17:057][  0]SourceControl: Source control is disabled
[2019.11.17-22.12.17:320][  0]LogAndroidPermission: UAndroidPermissionCallbackProxy::GetInstance
[2019.11.17-22.12.17:384][  0]LogOcInput: OculusInput pre-init called
[2019.11.17-22.12.17:444][  0]LogEngine: Initializing Engine...
[2019.11.17-22.12.17:444][  0]LogHMD: Failed to initialize OpenVR with code 110
[2019.11.17-22.12.17:446][  0]LogStats: UGameplayTagsManager::ConstructGameplayTagTree: ImportINI prefixes -  0.000 s
[2019.11.17-22.12.17:446][  0]LogStats: UGameplayTagsManager::ConstructGameplayTagTree: Construct from data asset -  0.000 s
[2019.11.17-22.12.17:446][  0]LogStats: UGameplayTagsManager::ConstructGameplayTagTree: ImportINI -  0.000 s
[2019.11.17-22.12.17:446][  0]LogStats: UGameplayTagsManager::ConstructGameplayTagTree: GameplayTagTreeChangedEvent.Broadcast -  0.000 s
[2019.11.17-22.12.17:630][  0]LogInit: Initializing FReadOnlyCVARCache
[2019.11.17-22.12.17:651][  0]LogAIModule: Creating AISystem for world Untitled
[2019.11.17-22.12.17:663][  0]LogInit: XAudio2 using 'Realtek Digital Output (Realtek High Definition Audio)' : 2 channels at 48 kHz using 32 bits per sample (channel mask 0x3)
[2019.11.17-22.12.17:674][  0]LogInit: FAudioDevice initialized.
[2019.11.17-22.12.17:675][  0]LogNetVersion: Set ProjectVersion to 1.0.0.0. Version Checksum will be recalculated on next use.
[2019.11.17-22.12.17:753][  0]LogDerivedDataCache: Saved boot cache 0.08s 80MB C:/Users/s191273/AppData/Local/UnrealEngine/4.20/DerivedDataCache/Boot.ddc.
[2019.11.17-22.12.17:758][  0]LogInit: Texture streaming: Enabled
[2019.11.17-22.12.17:781][  0]LogEngineSessionManager: EngineSessionManager initialized
[2019.11.17-22.12.17:795][  0]LogInit: Transaction tracking system initialized
[2019.11.17-22.12.17:821][  0]BlueprintLog: New page: Editor Load
[2019.11.17-22.12.18:013][  0]LocalizationService: Localization service is disabled
[2019.11.17-22.12.18:220][  0]LogLinker: Warning: The file '../../../Engine/Content/EditorMaterials/Thumbnails/SkySphereMaterial.uasset' contains unrecognizable data, check that it is of the expected type.
[2019.11.17-22.12.18:284][  0]LogCook: Display: Max memory allowance for cook 16384mb min free memory 0mb
[2019.11.17-22.12.18:284][  0]LogCook: Display: Mobile HDR setting 1
[2019.11.17-22.12.18:284][  0]LogGameplayTags: Display: UGameplayTagsManager::DoneAddingNativeTags. DelegateIsBound: 0
[2019.11.17-22.12.18:284][  0]LogStats: UGameplayTagsManager::ConstructGameplayTagTree: ImportINI prefixes -  0.000 s
[2019.11.17-22.12.18:285][  0]LogStats: UGameplayTagsManager::ConstructGameplayTagTree: Construct from data asset -  0.000 s
[2019.11.17-22.12.18:285][  0]LogStats: UGameplayTagsManager::ConstructGameplayTagTree: ImportINI -  0.000 s
[2019.11.17-22.12.18:285][  0]LogStats: UGameplayTagsManager::ConstructGameplayTagTree: GameplayTagTreeChangedEvent.Broadcast -  0.000 s
[2019.11.17-22.12.18:426][  0]LogFileCache: Scanning file cache for directory 'C:/Users/s191273/Documents/GitHub/Chicken-Crimpy-Repository/DejaBrew/Content/' took 0.01s
[2019.11.17-22.12.18:426][  0]SourceControl: Source control is disabled
[2019.11.17-22.12.18:426][  0]Cmd: MAP LOAD FILE="../../../../../../Users/s191273/Documents/GitHub/Chicken-Crimpy-Repository/DejaBrew/Content/SideScrollerCPP/Maps/SideScrollerExampleMap.umap" TEMPLATE=0 SHOWPROGRESS=1 FEATURELEVEL=3
[2019.11.17-22.12.18:427][  0]LightingResults: New page: Lighting Build
[2019.11.17-22.12.18:429][  0]MapCheck: New page: Map Check
[2019.11.17-22.12.18:429][  0]LightingResults: New page: Lighting Build
[2019.11.17-22.12.18:630][  0]LogAIModule: Creating AISystem for world SideScrollerExampleMap
[2019.11.17-22.12.18:642][  0]LogEditorServer: Finished looking for orphan Actors (0.000 secs)
[2019.11.17-22.12.18:669][  0]Cmd: MAP CHECKDEP NOCLEARLOG
[2019.11.17-22.12.18:726][  0]MapCheck: Map check complete: 0 Error(s), 0 Warning(s), took 56.686ms to complete.
[2019.11.17-22.12.18:726][  0]LogFileHelpers: Loading map 'SideScrollerExampleMap' took 0.300
[2019.11.17-22.12.18:833][  0]LogSlate: Updating window title bar state: overlay mode, drag disabled, window buttons hidden, title bar hidden
[2019.11.17-22.12.18:841][  0]LogSlate: Updating window title bar state: overlay mode, drag disabled, window buttons hidden, title bar hidden
[2019.11.17-22.12.18:849][  0]LogSlate: Updating window title bar state: overlay mode, drag disabled, window buttons hidden, title bar hidden
[2019.11.17-22.12.18:856][  0]LogSlate: Updating window title bar state: overlay mode, drag disabled, window buttons hidden, title bar hidden
[2019.11.17-22.12.18:863][  0]LogCollectionManager: Loaded 0 collections in 0.001221 seconds
[2019.11.17-22.12.18:908][  0]LogFileCache: Scanning file cache for directory 'C:/Users/s191273/Documents/GitHub/Chicken-Crimpy-Repository/DejaBrew/Saved/Collections/' took 0.01s
[2019.11.17-22.12.18:908][  0]LogFileCache: Scanning file cache for directory 'C:/Users/s191273/Documents/GitHub/Chicken-Crimpy-Repository/DejaBrew/Content/Developers/s191273/Collections/' took 0.01s
[2019.11.17-22.12.18:908][  0]LogFileCache: Scanning file cache for directory 'C:/Users/s191273/Documents/GitHub/Chicken-Crimpy-Repository/DejaBrew/Content/Collections/' took 0.01s
[2019.11.17-22.12.18:908][  0]LogCollectionManager: Rebuilt the GUID cache for 0 collections in 0.000001 seconds
[2019.11.17-22.12.18:919][  0]LogContentBrowser: Native class hierarchy populated in 0.0107 seconds. Added 2580 classes and 605 folders.
[2019.11.17-22.12.18:925][  0]LogContentBrowser: Native class hierarchy updated for 'WidgetCarousel' in 0.0004 seconds. Added 0 classes and 0 folders.
[2019.11.17-22.12.18:956][  0]LogContentBrowser: Native class hierarchy updated for 'AddContentDialog' in 0.0003 seconds. Added 0 classes and 0 folders.
[2019.11.17-22.12.18:964][  0]LogContentBrowser: Native class hierarchy updated for 'SceneOutliner' in 0.0003 seconds. Added 1 classes and 2 folders.
[2019.11.17-22.12.18:977][  0]LogSlate: Took 0.000187 seconds to synchronously load lazily loaded font '../../../Engine/Content/Slate/Fonts/Roboto-Regular.ttf' (155K)
[2019.11.17-22.12.18:979][  0]LogSlate: Took 0.000169 seconds to synchronously load lazily loaded font '../../../Engine/Content/Slate/Fonts/Roboto-Bold.ttf' (160K)
[2019.11.17-22.12.18:985][  0]LogSlate: Took 0.000136 seconds to synchronously load lazily loaded font '../../../Engine/Content/Editor/Slate/Fonts/FontAwesome.ttf' (139K)
[2019.11.17-22.12.19:060][  0]LogRenderer: Reallocating scene render targets to support 1216x576 Format 10 NumSamples 1 (Frame:1).
[2019.11.17-22.12.19:262][  0]LogContentBrowser: Native class hierarchy updated for 'HierarchicalLODOutliner' in 0.0004 seconds. Added 0 classes and 0 folders.
[2019.11.17-22.12.19:262][  0]LogLoad: (Engine Initialization) Total time: 15.65 seconds
[2019.11.17-22.12.19:262][  0]LogLoad: (Engine Initialization) Total Blueprint compile time: 0.00 seconds
[2019.11.17-22.12.19:291][  0]LogContentStreaming: Texture pool size now 1000 MB
[2019.11.17-22.12.19:310][  0]LogSlate: Took 0.000170 seconds to synchronously load lazily loaded font '../../../Engine/Content/Slate/Fonts/Roboto-Light.ttf' (167K)
[2019.11.17-22.12.19:416][  1]LogAssetRegistry: Asset discovery search completed in 10.9208 seconds
[2019.11.17-22.12.19:417][  1]LogCollectionManager: Rebuilt the object cache for 0 collections in 0.000000 seconds (found 0 objects)
[2019.11.17-22.12.19:417][  1]LogCollectionManager: Fixed up redirectors for 0 collections in 0.000141 seconds (updated 0 objects)
[2019.11.17-22.12.22:631][374]LogSlate: FSceneViewport::OnFocusLost() reason 0
[2019.11.17-22.12.24:925][644]LogSlate: FSceneViewport::OnFocusLost() reason 0
[2019.11.17-22.12.29:241][160]LogSlate: FSceneViewport::OnFocusLost() reason 0
[2019.11.17-22.13.50:636][709]Candidate modules for hot reload:
[2019.11.17-22.13.50:636][709]  DejaBrew
[2019.11.17-22.13.50:636][709]Launching UnrealBuildTool... [C:/Program Files/Epic Games/UE_4.20/Engine/Binaries/DotNET/UnrealBuildTool.exe  -ModuleWithSuffix=DejaBrew,4737 Win64 Development -TargetType=Editor -Project="../../../../../../Users/s191273/Documents/GitHub/Chicken-Crimpy-Repository/DejaBrew/DejaBrew.uproject" -canskiplink "C:/Users/s191273/Documents/GitHub/Chicken-Crimpy-Repository/DejaBrew/DejaBrew.uproject" ]
[2019.11.17-22.13.50:639][709]Warning: Starting HotReload took  0.0s.
[2019.11.17-22.13.57:089][476]CompilerResultsLog: New page: Compilation - Nov 18, 2019, 8:13:57 PM
[2019.11.17-22.13.57:089][476]CompilerResultsLog: Using 'git status' to determine working set for adaptive non-unity build.
[2019.11.17-22.13.57:089][476]CompilerResultsLog: Creating makefile for hot reloading DejaBrewEditor (modules to compile have changed)
[2019.11.17-22.13.57:089][476]CompilerResultsLog: Compiling game modules for hot reload
[2019.11.17-22.13.57:089][476]CompilerResultsLog: Using Visual Studio 2017 14.16.27023 toolchain (C:\Program Files (x86)\Microsoft Visual Studio\2017\Enterprise\VC\Tools\MSVC\14.16.27023) and Windows 10.0.17763.0 SDK (C:\Program Files (x86)\Windows Kits\10).
[2019.11.17-22.13.57:089][476]CompilerResultsLog: Target is up to date
[2019.11.17-22.13.57:089][476]CompilerResultsLog: Total build time: 6.22 seconds (NoActionsToExecute executor: 0.00 seconds)
[2019.11.17-22.13.57:089][476]LogMainFrame: MainFrame: Module compiling took 6.459 seconds
[2019.11.17-22.13.57:129][476]LogContentBrowser: Native class hierarchy populated in 0.0118 seconds. Added 2581 classes and 607 folders.
[2019.11.17-22.13.57:131][476]Display: HotReload took  6.5s.
[2019.11.17-22.14.09:089][907]LogEditor: Attempting to add actor of class 'Thorn' to level at 1660.00,-260.00,40.00
[2019.11.17-22.14.10:268][ 36]LogEditor: Attempting to add actor of class 'Thorn' to level at 1340.00,-160.00,110.00
[2019.11.17-22.14.18:342][995]Cmd: DELETE
[2019.11.17-22.14.18:342][995]Cmd: ACTOR DELETE
[2019.11.17-22.14.18:345][995]LogEditorActor: Deleted Actor: Thorn
[2019.11.17-22.14.18:366][995]LogEditorActor: Deleted 1 Actors (0.023 secs)
[2019.11.17-22.14.19:260][102]LogSlate: FSceneViewport::OnFocusLost() reason 0
[2019.11.17-22.14.31:425][558]LogSlate: Took 0.000188 seconds to synchronously load lazily loaded font '../../../Engine/Content/Slate/Fonts/Roboto-Light.ttf' (167K)
[2019.11.17-22.14.31:434][558]LogAssetEditorManager: Opening Asset editor for Class /Script/DejaBrew.Thorn
[2019.11.17-22.14.34:391][558]LogVSAccessor: Warning: Couldn't goto line number '1' in 'C:/Users/s191273/Documents/GitHub/Chicken-Crimpy-Repository/DejaBrew/Source/DejaBrew/Thorn.h'
