Log file open, 11/01/19 05:19:06
LogWindows: Failed to load 'aqProf.dll' (GetLastError=126)
LogWindows: File 'aqProf.dll' does not exist
LogWindows: Failed to load 'VSPerf140.dll' (GetLastError=126)
LogWindows: File 'VSPerf140.dll' does not exist
LogWindows: Failed to load 'VtuneApi.dll' (GetLastError=126)
LogWindows: File 'VtuneApi.dll' does not exist
LogWindows: Failed to load 'VtuneApi32e.dll' (GetLastError=126)
LogWindows: File 'VtuneApi32e.dll' does not exist
LogInit: Display: Running engine for game: DejaBrew
LogPlatformFile: Not using cached read wrapper
LogTaskGraph: Started task graph with 5 named threads and 23 total threads with 3 sets of task threads.
LogStats: Stats thread started at 0.371225
LogD3D11RHI: Loaded GFSDK_Aftermath_Lib.x64.dll
LogICUInternationalization: Display: ICU TimeZone Detection - Raw Offset: +10:00, Platform Override: ''
LogPluginManager: Mounting plugin Paper2D
LogPluginManager: Mounting plugin AISupport
LogPluginManager: Mounting plugin LightPropagationVolume
LogPluginManager: Mounting plugin CLionSourceCodeAccess
LogPluginManager: Mounting plugin CodeLiteSourceCodeAccess
LogPluginManager: Mounting plugin GitSourceControl
LogPluginManager: Mounting plugin KDevelopSourceCodeAccess
LogPluginManager: Mounting plugin NullSourceCodeAccess
LogPluginManager: Mounting plugin PerforceSourceControl
LogPluginManager: Mounting plugin SubversionSourceControl
LogPluginManager: Mounting plugin UObjectPlugin
LogPluginManager: Mounting plugin VisualStudioCodeSourceCodeAccess
LogPluginManager: Mounting plugin VisualStudioSourceCodeAccess
LogPluginManager: Mounting plugin XCodeSourceCodeAccess
LogPluginManager: Mounting plugin AssetManagerEditor
LogPluginManager: Mounting plugin CryptoKeys
LogPluginManager: Mounting plugin DataValidation
LogPluginManager: Mounting plugin FacialAnimation
LogPluginManager: Mounting plugin GameplayTagsEditor
LogPluginManager: Mounting plugin MacGraphicsSwitching
LogPluginManager: Mounting plugin MeshEditor
LogPluginManager: Mounting plugin MobileLauncherProfileWizard
LogPluginManager: Mounting plugin PluginBrowser
LogPluginManager: Mounting plugin SpeedTreeImporter
LogPluginManager: Mounting plugin DatasmithContent
LogPluginManager: Mounting plugin AlembicImporter
LogPluginManager: Mounting plugin AppleImageUtils
LogPluginManager: Mounting plugin AppleVision
LogPluginManager: Mounting plugin BackChannel
LogPluginManager: Mounting plugin CharacterAI
LogPluginManager: Mounting plugin GeometryCache
LogPluginManager: Mounting plugin HTML5Networking
LogPluginManager: Mounting plugin ProxyLODPlugin
LogPluginManager: Mounting plugin MagicLeap
LogPluginManager: Mounting plugin MagicLeapEmulator
LogPluginManager: Mounting plugin MagicLeapMedia
LogPluginManager: Mounting plugin AndroidMedia
LogPluginManager: Mounting plugin AvfMedia
LogPluginManager: Mounting plugin ImgMedia
LogPluginManager: Mounting plugin LinearTimecode
LogPluginManager: Mounting plugin MediaCompositing
LogPluginManager: Mounting plugin MediaPlayerEditor
LogPluginManager: Mounting plugin WmfMedia
LogPluginManager: Mounting plugin TcpMessaging
LogPluginManager: Mounting plugin UdpMessaging
LogPluginManager: Mounting plugin ActorSequence
LogPluginManager: Mounting plugin LevelSequenceEditor
LogPluginManager: Mounting plugin MatineeToLevelSequence
LogPluginManager: Mounting plugin NetcodeUnitTest
LogPluginManager: Mounting plugin NUTUnrealEngine4
LogPluginManager: Mounting plugin OnlineSubsystemGooglePlay
LogPluginManager: Mounting plugin OnlineSubsystemIOS
LogPluginManager: Mounting plugin OnlineSubsystem
LogPluginManager: Mounting plugin OnlineSubsystemNull
LogPluginManager: Mounting plugin OnlineSubsystemUtils
LogPluginManager: Mounting plugin LauncherChunkInstaller
LogPluginManager: Mounting plugin AndroidDeviceProfileSelector
LogPluginManager: Mounting plugin AndroidMoviePlayer
LogPluginManager: Mounting plugin AndroidPermission
LogPluginManager: Mounting plugin AppleMoviePlayer
LogPluginManager: Mounting plugin ArchVisCharacter
LogPluginManager: Mounting plugin AudioCapture
LogPluginManager: Mounting plugin CableComponent
LogPluginManager: Mounting plugin CustomMeshComponent
LogPluginManager: Mounting plugin EditableMesh
LogPluginManager: Mounting plugin ExampleDeviceProfileSelector
LogPluginManager: Mounting plugin GoogleCloudMessaging
LogPluginManager: Mounting plugin ImmediatePhysics
LogPluginManager: Mounting plugin IOSDeviceProfileSelector
LogPluginManager: Mounting plugin LinuxDeviceProfileSelector
LogPluginManager: Mounting plugin LocationServicesBPLibrary
LogPluginManager: Mounting plugin MobilePatchingUtils
LogPluginManager: Mounting plugin OculusVR
LogPluginManager: Plugin shader directory ../../../Engine/Plugins/Runtime/Oculus/OculusVR/Shaders found
LogPluginManager: Mapping shader source directory ../../../Engine/Plugins/Runtime/Oculus/OculusVR/Shaders to virtual directory /Plugin/OculusVR
LogPluginManager: Mounting plugin PhysXVehicles
LogPluginManager: Mounting plugin ProceduralMeshComponent
LogPluginManager: Mounting plugin RuntimePhysXCooking
LogPluginManager: Mounting plugin SteamVR
LogPluginManager: Mounting plugin WindowsMoviePlayer
LogStreaming: Display: Took  0.150s to configure plugins.
LogInit: Using libcurl 7.55.1-DEV
LogInit:  - built for x86_64-pc-win32
LogInit:  - supports SSL with OpenSSL/1.0.2h
LogInit:  - supports HTTP deflate (compression) using libz 1.2.8
LogInit:  - other features:
LogInit:      CURL_VERSION_SSL
LogInit:      CURL_VERSION_LIBZ
LogInit:      CURL_VERSION_IPV6
LogInit:      CURL_VERSION_ASYNCHDNS
LogInit:      CURL_VERSION_LARGEFILE
LogInit:      CURL_VERSION_IDN
LogInit:  CurlRequestOptions (configurable via config and command line):
LogInit:  - bVerifyPeer = false  - Libcurl will NOT verify peer certificate
LogInit:  - bUseHttpProxy = false  - Libcurl will NOT use HTTP proxy
LogInit:  - bDontReuseConnections = false  - Libcurl will reuse connections
LogInit:  - CertBundlePath = nullptr  - Libcurl will use whatever was configured at build time.
LogInit:  - MaxHostConnections = 16  - Libcurl will limit the number of connections to a host
LogInit:  - LocalHostAddr = Default
LogInit:  - BufferSize = 65536
LogInit: WinSock: version 1.1 (2.2), MaxSocks=32767, MaxUdp=65467
LogInit: Build: ++UE4+Release-4.20-CL-4369336
LogInit: Engine Version: 4.20.3-4369336+++UE4+Release-4.20
LogInit: Compatible Engine Version: 4.20.0-4212847+++UE4+Release-4.20
LogInit: Net CL: 4212847
LogInit: OS: Windows 10 (), CPU: Intel(R) Core(TM) i7-7700HQ CPU @ 2.80GHz, GPU: Intel(R) HD Graphics 630
LogInit: Compiled (64-bit): Sep 17 2018 12:26:19
LogInit: Compiled with Visual C++: 19.13.26129.00
LogInit: Build Configuration: Development
LogInit: Branch Name: ++UE4+Release-4.20
LogInit: Command Line:  -skipcompile
LogInit: Base Directory: C:/Program Files (x86)/UE_4.20/Engine/Binaries/Win64/
LogInit: Installed Engine Build: 1
LogDevObjectVersion: Number of dev versions registered: 20
LogDevObjectVersion:   Dev-Blueprints (B0D832E4-1F89-4F0D-ACCF-7EB736FD4AA2): 10
LogDevObjectVersion:   Dev-Build (E1C64328-A22C-4D53-A36C-8E866417BD8C): 0
LogDevObjectVersion:   Dev-Core (375EC13C-06E4-48FB-B500-84F0262A717E): 2
LogDevObjectVersion:   Dev-Editor (E4B068ED-F494-42E9-A231-DA0B2E46BB41): 24
LogDevObjectVersion:   Dev-Framework (CFFC743F-43B0-4480-9391-14DF171D2073): 34
LogDevObjectVersion:   Dev-Mobile (B02B49B5-BB20-44E9-A304-32B752E40360): 2
LogDevObjectVersion:   Dev-Networking (A4E4105C-59A1-49B5-A7C5-40C4547EDFEE): 0
LogDevObjectVersion:   Dev-Online (39C831C9-5AE6-47DC-9A44-9C173E1C8E7C): 0
LogDevObjectVersion:   Dev-Physics (78F01B33-EBEA-4F98-B9B4-84EACCB95AA2): 0
LogDevObjectVersion:   Dev-Platform (6631380F-2D4D-43E0-8009-CF276956A95A): 0
LogDevObjectVersion:   Dev-Rendering (12F88B9F-8875-4AFC-A67C-D90C383ABD29): 26
LogDevObjectVersion:   Dev-Sequencer (7B5AE74C-D270-4C10-A958-57980B212A5A): 9
LogDevObjectVersion:   Dev-VR (D7296918-1DD6-4BDD-9DE2-64A83CC13884): 2
LogDevObjectVersion:   Dev-LoadTimes (C2A15278-BFE7-4AFE-6C17-90FF531DF755): 1
LogDevObjectVersion:   Private-Geometry (6EACA3D4-40EC-4CC1-B786-8BED09428FC5): 3
LogDevObjectVersion:   Dev-AnimPhys (29E575DD-E0A3-4627-9D10-D276232CDCEA): 17
LogDevObjectVersion:   Dev-ReflectionCapture (6B266CEC-1EC7-4B8F-A30B-E4D90942FC07): 1
LogDevObjectVersion:   Dev-Automation (0DF73D61-A23F-47EA-B727-89E90C41499A): 1
LogDevObjectVersion:   FortniteMain (601D1886-AC64-4F84-AA16-D3DE0DEAC7D6): 12
LogDevObjectVersion:   Dev-Enterprise (9DFFBCD6-494F-0158-E221-12823C92A888): 1
LogStreaming: Display: Took  0.004s to delete old logs.
LogInit: Presizing for max 8388607 objects, including 0 objects not considered by GC, pre-allocating 0 bytes for permanent pool.
LogInit: Object subsystem initialized
[2019.10.31-18.19.07:099][  0]LogInit: Selected Device Profile: [Windows]
[2019.10.31-18.19.07:099][  0]LogInit: Applying CVar settings loaded from the selected device profile: [Windows]
[2019.10.31-18.19.07:114][  0]LogHAL: Display: Platform has ~ 16 GB [17095811072 / 17179869184 / 16], which maps to Larger [LargestMinGB=32, LargerMinGB=12, DefaultMinGB=8, SmallerMinGB=6, SmallestMinGB=0)
[2019.10.31-18.19.07:114][  0]LogInit: Setting Device Profile CVar: [[r.Vulkan.UseRealUBs:1]]
[2019.10.31-18.19.07:114][  0]LogInit: Going up to parent DeviceProfile []
[2019.10.31-18.19.07:114][  0]LogInit: Computer: MSI
[2019.10.31-18.19.07:114][  0]LogInit: User: hiit
[2019.10.31-18.19.07:115][  0]LogInit: CPU Page size=4096, Cores=4
[2019.10.31-18.19.07:115][  0]LogInit: High frequency timer resolution =10.000000 MHz
[2019.10.31-18.19.07:115][  0]LogMemory: Memory total: Physical=15.9GB (16GB approx)
[2019.10.31-18.19.07:115][  0]LogMemory: Platform Memory Stats for Windows
[2019.10.31-18.19.07:115][  0]LogMemory: Process Physical Memory: 102.16 MB used, 102.17 MB peak
[2019.10.31-18.19.07:115][  0]LogMemory: Process Virtual Memory: 89.46 MB used, 89.46 MB peak
[2019.10.31-18.19.07:116][  0]LogMemory: Physical Memory: 6880.63 MB used,  9423.21 MB free, 16303.84 MB total
[2019.10.31-18.19.07:116][  0]LogMemory: Virtual Memory: 4626.85 MB used,  9423.21 MB free, 134217728.00 MB total
[2019.10.31-18.19.07:669][  0]LogInit: Using OS detected language (en-US).
[2019.10.31-18.19.07:669][  0]LogInit: Using OS detected locale (en-AU).
[2019.10.31-18.19.07:670][  0]LogTextLocalizationManager: No specific localization for 'en-US' exists, so the 'en' localization will be used.
[2019.10.31-18.19.08:034][  0]LogStreaming: Display: Took  0.365s to InitEngineTextLocalization.
[2019.10.31-18.19.08:035][  0]LogInit: Setting process to per monitor DPI aware
[2019.10.31-18.19.08:114][  0]LogSlate: New Slate User Created.  User Index 0, Is Virtual User: 0
[2019.10.31-18.19.08:114][  0]LogSlate: Slate User Registered.  User Index 0, Is Virtual User: 0
[2019.10.31-18.19.08:357][  0]LogHMD: Failed to initialize OpenVR with code 110
[2019.10.31-18.19.08:357][  0]LogD3D11RHI: D3D11 adapters:
[2019.10.31-18.19.08:465][  0]LogD3D11RHI:    0. 'NVIDIA GeForce GTX 1050' (Feature Level 11_0)
[2019.10.31-18.19.08:465][  0]LogD3D11RHI:       4021/0/8151 MB DedicatedVideo/DedicatedSystem/SharedSystem, Outputs:1, VendorId:0x10de
[2019.10.31-18.19.08:496][  0]LogD3D11RHI:    1. 'Intel(R) HD Graphics 630' (Feature Level 11_0)
[2019.10.31-18.19.08:496][  0]LogD3D11RHI:       128/0/8151 MB DedicatedVideo/DedicatedSystem/SharedSystem, Outputs:0, VendorId:0x8086
[2019.10.31-18.19.08:503][  0]LogD3D11RHI:    2. 'Microsoft Basic Render Driver' (Feature Level 11_0)
[2019.10.31-18.19.08:503][  0]LogD3D11RHI:       0/0/8151 MB DedicatedVideo/DedicatedSystem/SharedSystem, Outputs:0, VendorId:0x1414
[2019.10.31-18.19.08:503][  0]LogD3D11RHI: Chosen D3D11 Adapter: 0
[2019.10.31-18.19.08:543][  0]LogD3D11RHI: Creating new Direct3DDevice
[2019.10.31-18.19.08:544][  0]LogD3D11RHI:     GPU DeviceId: 0x1c8d (for the marketing name, search the web for "GPU Device Id")
[2019.10.31-18.19.08:544][  0]LogWindows: EnumDisplayDevices:
[2019.10.31-18.19.08:544][  0]LogWindows:    0. 'Intel(R) HD Graphics 630' (P:1 D:1)
[2019.10.31-18.19.08:545][  0]LogWindows:    1. 'Intel(R) HD Graphics 630' (P:0 D:0)
[2019.10.31-18.19.08:546][  0]LogWindows:    2. 'Intel(R) HD Graphics 630' (P:0 D:0)
[2019.10.31-18.19.08:546][  0]LogWindows: DebugString: PrimaryIsNotTheChoosenAdapter PrimaryIsNotTheChoosenAdapter PrimaryIsNotTheChoosenAdapter FoundDriverCount:0 
[2019.10.31-18.19.08:546][  0]LogD3D11RHI:     Adapter Name: NVIDIA GeForce GTX 1050
[2019.10.31-18.19.08:546][  0]LogD3D11RHI:   Driver Version: Unknown (internal:Unknown, unified:Unknown)
[2019.10.31-18.19.08:546][  0]LogD3D11RHI:      Driver Date: Unknown
[2019.10.31-18.19.08:546][  0]LogRHI: Texture pool is 2814 MB (70% of 4021 MB)
[2019.10.31-18.19.08:593][  0]LogD3D11RHI: Async texture creation enabled
[2019.10.31-18.19.08:681][  0]LogD3D11RHI: GPU Timing Frequency: 1000.000000 (Debug: 2 2)
[2019.10.31-18.19.08:683][  0]LogShaderCompilers: Guid format shader working directory is -41 characters bigger than the processId version (../../../../../Users/hi_it/OneDrive/Documents/GitHub/Chicken-Crimpy-Repository/DejaBrew/Intermediate/Shaders/WorkingDirectory/4052/).
[2019.10.31-18.19.08:683][  0]LogShaderCompilers: Cleaned the shader compiler working directory 'C:/Users/hi_it/AppData/Local/Temp/UnrealShaderWorkingDir/B3D189394DFF1D25B8A318BF7B8F79DB/'.
[2019.10.31-18.19.09:002][  0]LogTemp: Display: Loaded TP AllDesktopTargetPlatform
[2019.10.31-18.19.09:019][  0]LogTemp: Display: Loaded TP MacClientTargetPlatform
[2019.10.31-18.19.09:040][  0]LogTemp: Display: Loaded TP MacNoEditorTargetPlatform
[2019.10.31-18.19.09:058][  0]LogTemp: Display: Loaded TP MacServerTargetPlatform
[2019.10.31-18.19.09:080][  0]LogTemp: Display: Loaded TP MacTargetPlatform
[2019.10.31-18.19.09:100][  0]LogTemp: Display: Loaded TP WindowsClientTargetPlatform
[2019.10.31-18.19.09:117][  0]LogTemp: Display: Loaded TP WindowsNoEditorTargetPlatform
[2019.10.31-18.19.09:134][  0]LogTemp: Display: Loaded TP WindowsServerTargetPlatform
[2019.10.31-18.19.09:145][  0]LogTemp: Display: Loaded TP WindowsTargetPlatform
[2019.10.31-18.19.09:230][  0]LogTemp: Display: Loaded TP AndroidTargetPlatform
[2019.10.31-18.19.09:230][  0]LogTemp: Display: Loaded TP AndroidTargetPlatform
[2019.10.31-18.19.09:230][  0]LogTemp: Display: Loaded TP AndroidTargetPlatform
[2019.10.31-18.19.09:230][  0]LogTemp: Display: Loaded TP AndroidTargetPlatform
[2019.10.31-18.19.09:231][  0]LogTemp: Display: Loaded TP AndroidTargetPlatform
[2019.10.31-18.19.09:231][  0]LogTemp: Display: Loaded TP AndroidTargetPlatform
[2019.10.31-18.19.09:231][  0]LogTemp: Display: Loaded TP AndroidTargetPlatform
[2019.10.31-18.19.09:231][  0]LogTemp: Display: Loaded TP AndroidTargetPlatform
[2019.10.31-18.19.09:231][  0]LogTemp: Display: Loaded TP AndroidTargetPlatform
[2019.10.31-18.19.09:231][  0]LogTemp: Display: Loaded TP AndroidTargetPlatform
[2019.10.31-18.19.09:231][  0]LogTemp: Display: Loaded TP AndroidTargetPlatform
[2019.10.31-18.19.09:231][  0]LogTemp: Display: Loaded TP AndroidTargetPlatform
[2019.10.31-18.19.09:232][  0]LogTemp: Display: Loaded TP AndroidTargetPlatform
[2019.10.31-18.19.09:232][  0]LogTemp: Display: Loaded TP AndroidTargetPlatform
[2019.10.31-18.19.09:232][  0]LogTemp: Display: Loaded TP AndroidTargetPlatform
[2019.10.31-18.19.09:232][  0]LogTemp: Display: Loaded TP AndroidTargetPlatform
[2019.10.31-18.19.09:232][  0]LogTemp: Display: Loaded TP AndroidTargetPlatform
[2019.10.31-18.19.09:232][  0]LogTemp: Display: Loaded TP AndroidTargetPlatform
[2019.10.31-18.19.09:236][  0]LogTemp: Display: Loaded TP HTML5TargetPlatform
[2019.10.31-18.19.09:313][  0]LogTemp: Display: Loaded TP IOSTargetPlatform
[2019.10.31-18.19.09:313][  0]LogTemp: Display: Loaded TP IOSTargetPlatform
[2019.10.31-18.19.09:344][  0]LogTemp: Display: Loaded TP TVOSTargetPlatform
[2019.10.31-18.19.09:344][  0]LogTemp: Display: Loaded TP TVOSTargetPlatform
[2019.10.31-18.19.09:362][  0]LogTemp: Display: Loaded TP LinuxClientTargetPlatform
[2019.10.31-18.19.09:377][  0]LogTemp: Display: Loaded TP LinuxNoEditorTargetPlatform
[2019.10.31-18.19.09:393][  0]LogTemp: Display: Loaded TP LinuxServerTargetPlatform
[2019.10.31-18.19.09:410][  0]LogTemp: Display: Loaded TP LinuxTargetPlatform
[2019.10.31-18.19.09:424][  0]LogTemp: Display: Loaded TP LuminTargetPlatform
[2019.10.31-18.19.09:424][  0]LogTargetPlatformManager: Display: Building Assets For Windows
[2019.10.31-18.19.09:576][  0]LogXGEController: Cannot use XGE Controller as Incredibuild is not installed on this machine.
[2019.10.31-18.19.09:577][  0]LogShaderCompilers: Cannot use XGE Shader Compiler as Incredibuild is not installed on this machine.
[2019.10.31-18.19.09:577][  0]LogShaderCompilers: Display: Using Local Shader Compiler.
[2019.10.31-18.19.10:458][  0]LogDerivedDataCache: Display: Max Cache Size: 512 MB
[2019.10.31-18.19.10:518][  0]LogDerivedDataCache: Loaded boot cache 0.06s 80MB C:/Users/hi_it/AppData/Local/UnrealEngine/4.20/DerivedDataCache/Boot.ddc.
[2019.10.31-18.19.10:519][  0]LogDerivedDataCache: Display: Loaded Boot cache: C:/Users/hi_it/AppData/Local/UnrealEngine/4.20/DerivedDataCache/Boot.ddc
[2019.10.31-18.19.10:520][  0]LogDerivedDataCache: FDerivedDataBackendGraph:  Pak pak cache file ../../../../../Users/hi_it/OneDrive/Documents/GitHub/Chicken-Crimpy-Repository/DejaBrew/DerivedDataCache/DDC.ddp not found, will not use a pak cache.
[2019.10.31-18.19.10:520][  0]LogDerivedDataCache: Unable to find inner node Pak for hierarchical cache Hierarchy.
[2019.10.31-18.19.10:520][  0]LogDerivedDataCache: FDerivedDataBackendGraph:  CompressedPak pak cache file ../../../../../Users/hi_it/OneDrive/Documents/GitHub/Chicken-Crimpy-Repository/DejaBrew/DerivedDataCache/Compressed.ddp not found, will not use a pak cache.
[2019.10.31-18.19.10:520][  0]LogDerivedDataCache: Unable to find inner node CompressedPak for hierarchical cache Hierarchy.
[2019.10.31-18.19.10:538][  0]LogDerivedDataCache: Display: Pak cache opened for reading ../../../Engine/DerivedDataCache/Compressed.ddp.
[2019.10.31-18.19.10:553][  0]LogDerivedDataCache: Using Local data cache path C:/Users/hi_it/AppData/Local/UnrealEngine/Common/DerivedDataCache: Writable
[2019.10.31-18.19.10:554][  0]LogDerivedDataCache: Shared data cache path not found in *engine.ini, will not use an Shared cache.
[2019.10.31-18.19.10:554][  0]LogDerivedDataCache: Unable to find inner node Shared for hierarchical cache Hierarchy.
[2019.10.31-18.19.10:573][  0]LogMaterial: Verifying Global Shaders for PCD3D_SM5
[2019.10.31-18.19.10:576][  0]LogSlate: Using FreeType 2.6.0
[2019.10.31-18.19.10:577][  0]LogSlate: SlateFontServices - WITH_FREETYPE: 1, WITH_HARFBUZZ: 1
[2019.10.31-18.19.10:654][  0]LogAssetRegistry: FAssetRegistry took 0.0295 seconds to start up
[2019.10.31-18.19.11:027][  0]LogInit: Selected Device Profile: [Windows]
[2019.10.31-18.19.11:202][  0]LogSimplygon: Simplygon DLL not present - disabling.
[2019.10.31-18.19.11:212][  0]LogMeshReduction: Using SimplygonSwarm for distributed automatic mesh merging
[2019.10.31-18.19.11:213][  0]LogMeshReduction: Using ProxyLODMeshReduction for automatic mesh merging
[2019.10.31-18.19.11:213][  0]LogMeshReduction: Using QuadricMeshReduction for automatic static mesh reduction
[2019.10.31-18.19.11:213][  0]LogMeshReduction: No automatic skeletal mesh reduction module available
[2019.10.31-18.19.11:233][  0]LogNetVersion: DejaBrew 1.0.0, NetCL: 4212847, EngineNetVer: 5, GameNetVer: 0 (Checksum: 719251921)
[2019.10.31-18.19.11:771][  0]LogPackageLocalizationCache: Processed 11 localized package path(s) for 2 prioritized culture(s) in 0.124486 seconds
[2019.10.31-18.19.11:779][  0]LogUObjectArray: 38425 objects as part of root set at end of initial load.
[2019.10.31-18.19.11:779][  0]LogUObjectAllocator: 6690864 out of 0 bytes used by permanent object pool.
[2019.10.31-18.19.11:779][  0]LogUObjectArray: CloseDisregardForGC: 0/0 objects in disregard for GC pool
[2019.10.31-18.19.12:827][  0]LogTcpMessaging: Initializing TcpMessaging bridge
[2019.10.31-18.19.12:844][  0]LogUdpMessaging: Initializing bridge on interface 0.0.0.0:0 to multicast group 230.0.0.1:6666.
[2019.10.31-18.19.13:267][  0]SourceControl: Source control is disabled
[2019.10.31-18.19.13:267][  0]SourceControl: Source control is disabled
[2019.10.31-18.19.13:271][  0]SourceControl: Source control is disabled
[2019.10.31-18.19.13:275][  0]SourceControl: Source control is disabled
[2019.10.31-18.19.13:559][  0]LogAndroidPermission: UAndroidPermissionCallbackProxy::GetInstance
[2019.10.31-18.19.13:830][  0]LogOcInput: OculusInput pre-init called
[2019.10.31-18.19.13:910][  0]LogEngine: Initializing Engine...
[2019.10.31-18.19.13:911][  0]LogHMD: Failed to initialize OpenVR with code 110
[2019.10.31-18.19.13:913][  0]LogStats: UGameplayTagsManager::ConstructGameplayTagTree: ImportINI prefixes -  0.000 s
[2019.10.31-18.19.13:913][  0]LogStats: UGameplayTagsManager::ConstructGameplayTagTree: Construct from data asset -  0.000 s
[2019.10.31-18.19.13:914][  0]LogStats: UGameplayTagsManager::ConstructGameplayTagTree: ImportINI -  0.000 s
[2019.10.31-18.19.13:914][  0]LogStats: UGameplayTagsManager::ConstructGameplayTagTree: GameplayTagTreeChangedEvent.Broadcast -  0.000 s
[2019.10.31-18.19.14:126][  0]LogInit: Initializing FReadOnlyCVARCache
[2019.10.31-18.19.14:144][  0]LogAIModule: Creating AISystem for world Untitled
[2019.10.31-18.19.14:213][  0]LogInit: XAudio2 using 'Speakers (Realtek High Definition Audio)' : 6 channels at 48 kHz using 32 bits per sample (channel mask 0x3f)
[2019.10.31-18.19.14:307][  0]LogInit: FAudioDevice initialized.
[2019.10.31-18.19.14:308][  0]LogNetVersion: Set ProjectVersion to 1.0.0.0. Version Checksum will be recalculated on next use.
[2019.10.31-18.19.14:484][  0]LogDerivedDataCache: Saved boot cache 0.18s 80MB C:/Users/hi_it/AppData/Local/UnrealEngine/4.20/DerivedDataCache/Boot.ddc.
[2019.10.31-18.19.14:490][  0]LogInit: Texture streaming: Enabled
[2019.10.31-18.19.14:522][  0]LogEngineSessionManager: EngineSessionManager initialized
[2019.10.31-18.19.14:535][  0]LogInit: Transaction tracking system initialized
[2019.10.31-18.19.14:579][  0]BlueprintLog: New page: Editor Load
[2019.10.31-18.19.14:787][  0]LocalizationService: Localization service is disabled
[2019.10.31-18.19.15:092][  0]LogCook: Display: Max memory allowance for cook 16384mb min free memory 0mb
[2019.10.31-18.19.15:093][  0]LogCook: Display: Mobile HDR setting 1
[2019.10.31-18.19.15:093][  0]LogGameplayTags: Display: UGameplayTagsManager::DoneAddingNativeTags. DelegateIsBound: 0
[2019.10.31-18.19.15:093][  0]LogStats: UGameplayTagsManager::ConstructGameplayTagTree: ImportINI prefixes -  0.000 s
[2019.10.31-18.19.15:093][  0]LogStats: UGameplayTagsManager::ConstructGameplayTagTree: Construct from data asset -  0.000 s
[2019.10.31-18.19.15:093][  0]LogStats: UGameplayTagsManager::ConstructGameplayTagTree: ImportINI -  0.000 s
[2019.10.31-18.19.15:093][  0]LogStats: UGameplayTagsManager::ConstructGameplayTagTree: GameplayTagTreeChangedEvent.Broadcast -  0.000 s
[2019.10.31-18.19.15:296][  0]LogFileCache: Scanning file cache for directory 'C:/Users/hi_it/OneDrive/Documents/GitHub/Chicken-Crimpy-Repository/DejaBrew/Content/' took 0.02s
[2019.10.31-18.19.15:297][  0]SourceControl: Source control is disabled
[2019.10.31-18.19.15:298][  0]LightingResults: New page: Lighting Build
[2019.10.31-18.19.15:301][  0]MapCheck: New page: Map Check
[2019.10.31-18.19.15:301][  0]LightingResults: New page: Lighting Build
[2019.10.31-18.19.15:393][  0]LogLinker: Warning: Can't find file '/Game/SideScrollerCPP/Maps/SideScrollerExampleMap_BuiltData'
[2019.10.31-18.19.15:394][  0]LogLinker: Warning: Can't find file for asset '/Game/SideScrollerCPP/Maps/SideScrollerExampleMap_BuiltData' while loading ../../../../../Users/hi_it/OneDrive/Documents/GitHub/Chicken-Crimpy-Repository/DejaBrew/Content/SideScrollerCPP/Maps/SideScrollerExampleMap.umap.
[2019.10.31-18.19.15:394][  0]LoadErrors: Error: /Game/SideScrollerCPP/Maps/SideScrollerExampleMap : Can't find file for asset. /Game/SideScrollerCPP/Maps/SideScrollerExampleMap_BuiltData
[2019.10.31-18.19.15:409][  0]LogLinker: Warning: Can't find file '/Game/SideScrollerCPP/Maps/SideScrollerExampleMap_BuiltData'
[2019.10.31-18.19.15:409][  0]LogLinker: Warning: Can't find file for asset '/Game/SideScrollerCPP/Maps/SideScrollerExampleMap_BuiltData' while loading ../../../../../Users/hi_it/OneDrive/Documents/GitHub/Chicken-Crimpy-Repository/DejaBrew/Content/SideScrollerCPP/Maps/SideScrollerExampleMap.umap.
[2019.10.31-18.19.15:409][  0]LoadErrors: Error: /Game/SideScrollerCPP/Maps/SideScrollerExampleMap : Can't find file for asset. /Game/SideScrollerCPP/Maps/SideScrollerExampleMap_BuiltData
[2019.10.31-18.19.15:413][  0]LogLinker: Warning: Can't find file '/Game/SideScrollerCPP/Maps/SideScrollerExampleMap_BuiltData'
[2019.10.31-18.19.15:413][  0]LogLinker: Warning: Can't find file for asset '/Game/SideScrollerCPP/Maps/SideScrollerExampleMap_BuiltData' while loading NULL.
[2019.10.31-18.19.15:413][  0]LogLinker: Warning: Can't find file '/Game/SideScrollerCPP/Maps/SideScrollerExampleMap_BuiltData'
[2019.10.31-18.19.15:414][  0]LogLinker: Warning: Can't find file for asset '/Game/SideScrollerCPP/Maps/SideScrollerExampleMap_BuiltData' while loading NULL.
[2019.10.31-18.19.15:430][  0]LogLinker: Warning: Can't find file '/Game/SideScrollerCPP/Maps/SideScrollerExampleMap_BuiltData'
[2019.10.31-18.19.15:431][  0]LoadErrors: Failed to load /Game/SideScrollerCPP/Maps/SideScrollerExampleMap_BuiltData.SideScrollerExampleMap_BuiltData Referenced by PersistentLevel
[2019.10.31-18.19.15:431][  0]LogLinker: Warning: Can't find file for asset '/Game/SideScrollerCPP/Maps/SideScrollerExampleMap_BuiltData' while loading NULL.
[2019.10.31-18.19.15:431][  0]LoadErrors: Failed to load /Game/SideScrollerCPP/Maps/SideScrollerExampleMap_BuiltData.SideScrollerExampleMap_BuiltData Referenced by PersistentLevel
[2019.10.31-18.19.15:504][  0]LogAIModule: Creating AISystem for world SideScrollerExampleMap
[2019.10.31-18.19.15:520][  0]LogEditorServer: Finished looking for orphan Actors (0.000 secs)
[2019.10.31-18.19.15:541][  0]Cmd: MAP CHECKDEP NOCLEARLOG
[2019.10.31-18.19.15:625][  0]MapCheck: Map check complete: 0 Error(s), 0 Warning(s), took 82.455ms to complete.
[2019.10.31-18.19.15:625][  0]LogFileHelpers: Loading map 'SideScrollerExampleMap' took 0.328
[2019.10.31-18.19.15:759][  0]LogSlate: Updating window title bar state: overlay mode, drag disabled, window buttons hidden, title bar hidden
[2019.10.31-18.19.15:771][  0]LogSlate: Updating window title bar state: overlay mode, drag disabled, window buttons hidden, title bar hidden
[2019.10.31-18.19.15:781][  0]LogSlate: Updating window title bar state: overlay mode, drag disabled, window buttons hidden, title bar hidden
[2019.10.31-18.19.15:789][  0]LogSlate: Updating window title bar state: overlay mode, drag disabled, window buttons hidden, title bar hidden
[2019.10.31-18.19.15:800][  0]LogCollectionManager: Loaded 0 collections in 0.002565 seconds
[2019.10.31-18.19.15:851][  0]LogFileCache: Scanning file cache for directory 'C:/Users/hi_it/OneDrive/Documents/GitHub/Chicken-Crimpy-Repository/DejaBrew/Saved/Collections/' took 0.01s
[2019.10.31-18.19.15:851][  0]LogFileCache: Scanning file cache for directory 'C:/Users/hi_it/OneDrive/Documents/GitHub/Chicken-Crimpy-Repository/DejaBrew/Content/Developers/hiit/Collections/' took 0.01s
[2019.10.31-18.19.15:851][  0]LogFileCache: Scanning file cache for directory 'C:/Users/hi_it/OneDrive/Documents/GitHub/Chicken-Crimpy-Repository/DejaBrew/Content/Collections/' took 0.01s
[2019.10.31-18.19.15:851][  0]LogCollectionManager: Rebuilt the GUID cache for 0 collections in 0.000000 seconds
[2019.10.31-18.19.15:862][  0]LogContentBrowser: Native class hierarchy populated in 0.0101 seconds. Added 2575 classes and 605 folders.
[2019.10.31-18.19.15:869][  0]LogContentBrowser: Native class hierarchy updated for 'WidgetCarousel' in 0.0003 seconds. Added 0 classes and 0 folders.
[2019.10.31-18.19.15:920][  0]LogContentBrowser: Native class hierarchy updated for 'AddContentDialog' in 0.0004 seconds. Added 0 classes and 0 folders.
[2019.10.31-18.19.15:929][  0]LogContentBrowser: Native class hierarchy updated for 'SceneOutliner' in 0.0005 seconds. Added 1 classes and 2 folders.
[2019.10.31-18.19.17:079][  0]LogSlate: Only BGRA pngs, bmps or icos are supported in by External Image Picker
[2019.10.31-18.19.17:145][  0]LogSlate: Took 0.000217 seconds to synchronously load lazily loaded font '../../../Engine/Content/Slate/Fonts/Roboto-Regular.ttf' (155K)
[2019.10.31-18.19.17:149][  0]LogSlate: Took 0.000250 seconds to synchronously load lazily loaded font '../../../Engine/Content/Slate/Fonts/Roboto-Bold.ttf' (160K)
[2019.10.31-18.19.17:164][  0]LogSlate: Took 0.000236 seconds to synchronously load lazily loaded font '../../../Engine/Content/Editor/Slate/Fonts/FontAwesome.ttf' (139K)
[2019.10.31-18.19.17:266][  0]LogTemp: Executing iPhonePackager certificates Engine -bundlename com.YourCompany.DejaBrew
[2019.10.31-18.19.17:266][  0]LogTemp: CWD: C:\Program Files (x86)\UE_4.20\Engine\Binaries\DotNET\IOS
[2019.10.31-18.19.17:266][  0]LogTemp: Initial Dir: C:\Program Files (x86)\UE_4.20
[2019.10.31-18.19.17:267][  0]LogTemp: Env CWD: C:\Program Files (x86)\UE_4.20\Engine\Binaries\DotNET\IOS
[2019.10.31-18.19.17:267][  0]LogTemp: BranchPath = MSI/C/Program Files (x86)/UE_4.20/Engine/Binaries --- GameBranchPath = MSI/C/Program Files (x86)/UE_4.20/Engine/Binaries
[2019.10.31-18.19.17:267][  0]LogTemp: IPP ERROR: Could not find provision directory 'C:\Users\hi_it\AppData\Local/Apple Computer/MobileDevice/Provisioning Profiles/'.
[2019.10.31-18.19.17:267][  0]LogRenderer: Reallocating scene render targets to support 884x436 Format 10 NumSamples 1 (Frame:1).
[2019.10.31-18.19.17:481][  0]LogContentBrowser: Native class hierarchy updated for 'HierarchicalLODOutliner' in 0.0004 seconds. Added 0 classes and 0 folders.
[2019.10.31-18.19.17:481][  0]LogLoad: (Engine Initialization) Total time: 12.45 seconds
[2019.10.31-18.19.17:481][  0]LogLoad: (Engine Initialization) Total Blueprint compile time: 0.00 seconds
[2019.10.31-18.19.17:546][  0]LogContentStreaming: Texture pool size now 1000 MB
[2019.10.31-18.19.17:554][  0]LogSlate: FSceneViewport::OnFocusLost() reason 2
[2019.10.31-18.19.17:597][  0]LogSlate: Took 0.000228 seconds to synchronously load lazily loaded font '../../../Engine/Content/Slate/Fonts/Roboto-Light.ttf' (167K)
[2019.10.31-18.19.17:609][  1]LogFileCache: Retrieving MD5 hashes for directory 'C:/Users/hi_it/OneDrive/Documents/GitHub/Chicken-Crimpy-Repository/DejaBrew/Content/' took 0.09s
[2019.10.31-18.19.17:771][  1]LogAssetRegistry: Asset discovery search completed in 7.1424 seconds
[2019.10.31-18.19.17:775][  1]LogCollectionManager: Rebuilt the object cache for 0 collections in 0.000001 seconds (found 0 objects)
[2019.10.31-18.19.17:775][  1]LogCollectionManager: Fixed up redirectors for 0 collections in 0.000440 seconds (updated 0 objects)
[2019.10.31-18.19.20:766][176]LogTemp: Repeating last play command: New Editor Window (PIE)
[2019.10.31-18.19.20:785][176]LogBlueprintUserMessages: Early PlayInEditor Detection: Level '/Game/SideScrollerCPP/Maps/SideScrollerExampleMap.SideScrollerExampleMap:PersistentLevel' has LevelScriptBlueprint '/Game/SideScrollerCPP/Maps/SideScrollerExampleMap.SideScrollerExampleMap:PersistentLevel.SideScrollerExampleMap' with GeneratedClass '/Game/SideScrollerCPP/Maps/SideScrollerExampleMap.SideScrollerExampleMap_C' with ClassGeneratedBy '/Game/SideScrollerCPP/Maps/SideScrollerExampleMap.SideScrollerExampleMap:PersistentLevel.SideScrollerExampleMap'
[2019.10.31-18.19.20:785][176]LogPlayLevel: PlayLevel: No blueprints needed recompiling
[2019.10.31-18.19.20:801][176]PIE: New page: PIE session: SideScrollerExampleMap (1 Nov 2019 4:19:20 pm)
[2019.10.31-18.19.20:801][176]LogPlayLevel: Creating play world package: /Game/SideScrollerCPP/Maps/UEDPIE_0_SideScrollerExampleMap
[2019.10.31-18.19.20:821][176]LogPlayLevel: PIE: StaticDuplicateObject took: (0.020502s)
[2019.10.31-18.19.20:822][176]LogAIModule: Creating AISystem for world SideScrollerExampleMap
[2019.10.31-18.19.20:822][176]LogPlayLevel: PIE: World Init took: (0.001390s)
[2019.10.31-18.19.20:823][176]LogPlayLevel: PIE: Created PIE world by copying editor world from /Game/SideScrollerCPP/Maps/SideScrollerExampleMap.SideScrollerExampleMap to /Game/SideScrollerCPP/Maps/UEDPIE_0_SideScrollerExampleMap.SideScrollerExampleMap (0.022585s)
[2019.10.31-18.19.20:894][176]LogInit: XAudio2 using 'Speakers (Realtek High Definition Audio)' : 6 channels at 48 kHz using 32 bits per sample (channel mask 0x3f)
[2019.10.31-18.19.20:976][176]LogInit: FAudioDevice initialized.
[2019.10.31-18.19.20:993][176]LogSlate: Updating window title bar state: overlay mode, drag disabled, window buttons hidden, title bar hidden
[2019.10.31-18.19.21:205][176]LogLoad: Game class is 'DejaBrewGameMode'
[2019.10.31-18.19.21:210][176]LogWorld: Bringing World /Game/SideScrollerCPP/Maps/UEDPIE_0_SideScrollerExampleMap.SideScrollerExampleMap up for play (max tick rate 60) at 2019.11.01-05.19.21
[2019.10.31-18.19.21:210][176]LogWorld: Bringing up level for play took: 0.002524
[2019.10.31-18.19.21:230][176]LogContentBrowser: Native class hierarchy updated for 'MovieSceneCapture' in 0.0004 seconds. Added 10 classes and 0 folders.
[2019.10.31-18.19.21:233][176]PIE: Play in editor start time for /Game/SideScrollerCPP/Maps/UEDPIE_0_SideScrollerExampleMap 0.406
[2019.10.31-18.19.21:234][176]LogBlueprintUserMessages: Late PlayInEditor Detection: Level '/Game/SideScrollerCPP/Maps/SideScrollerExampleMap.SideScrollerExampleMap:PersistentLevel' has LevelScriptBlueprint '/Game/SideScrollerCPP/Maps/SideScrollerExampleMap.SideScrollerExampleMap:PersistentLevel.SideScrollerExampleMap' with GeneratedClass '/Game/SideScrollerCPP/Maps/SideScrollerExampleMap.SideScrollerExampleMap_C' with ClassGeneratedBy '/Game/SideScrollerCPP/Maps/SideScrollerExampleMap.SideScrollerExampleMap:PersistentLevel.SideScrollerExampleMap'
[2019.10.31-18.19.21:254][176]LogRenderer: Reallocating scene render targets to support 1024x576 Format 10 NumSamples 1 (Frame:1).
[2019.10.31-18.19.25:962][456]LogBlueprintUserMessages: Early EndPlayMap Detection: Level '/Game/SideScrollerCPP/Maps/SideScrollerExampleMap.SideScrollerExampleMap:PersistentLevel' has LevelScriptBlueprint '/Game/SideScrollerCPP/Maps/SideScrollerExampleMap.SideScrollerExampleMap:PersistentLevel.SideScrollerExampleMap' with GeneratedClass '/Game/SideScrollerCPP/Maps/SideScrollerExampleMap.SideScrollerExampleMap_C' with ClassGeneratedBy '/Game/SideScrollerCPP/Maps/SideScrollerExampleMap.SideScrollerExampleMap:PersistentLevel.SideScrollerExampleMap'
[2019.10.31-18.19.25:962][456]LogSlate: Updating window title bar state: overlay mode, drag disabled, window buttons hidden, title bar hidden
[2019.10.31-18.19.25:983][456]LogSlate: Window 'DejaBrew Game Preview Standalone (64-bit/PCD3D_SM5)' being destroyed
[2019.10.31-18.19.26:029][456]LogPlayLevel: Display: Shutting down PIE online subsystems
[2019.10.31-18.19.26:029][456]LogBlueprintUserMessages: Late EndPlayMap Detection: Level '/Game/SideScrollerCPP/Maps/SideScrollerExampleMap.SideScrollerExampleMap:PersistentLevel' has LevelScriptBlueprint '/Game/SideScrollerCPP/Maps/SideScrollerExampleMap.SideScrollerExampleMap:PersistentLevel.SideScrollerExampleMap' with GeneratedClass '/Game/SideScrollerCPP/Maps/SideScrollerExampleMap.SideScrollerExampleMap_C' with ClassGeneratedBy '/Game/SideScrollerCPP/Maps/SideScrollerExampleMap.SideScrollerExampleMap:PersistentLevel.SideScrollerExampleMap'
[2019.10.31-18.19.26:075][457]LogPlayLevel: Display: Destroying online subsystem :Context_3
[2019.10.31-18.19.28:991][632]LogSlate: Window 'Message Log' being destroyed
[2019.10.31-18.19.28:996][632]LogSlate: Window 'Message Log' being destroyed
[2019.10.31-18.19.40:625][330]LogEditorViewport: Clicking on Actor (LMB): SideScrollerCharacter_C (SideScrollerCharacter)
[2019.10.31-18.19.48:395][784]LogSlate: Took 0.000244 seconds to synchronously load lazily loaded font '../../../Engine/Content/Slate/Fonts/Roboto-Italic.ttf' (157K)
[2019.10.31-18.19.50:402][904]LogSlate: FSceneViewport::OnFocusLost() reason 0
[2019.10.31-18.20.04:998][705]LogTemp: Repeating last play command: New Editor Window (PIE)
[2019.10.31-18.20.05:019][705]LogBlueprintUserMessages: Early PlayInEditor Detection: Level '/Game/SideScrollerCPP/Maps/SideScrollerExampleMap.SideScrollerExampleMap:PersistentLevel' has LevelScriptBlueprint '/Game/SideScrollerCPP/Maps/SideScrollerExampleMap.SideScrollerExampleMap:PersistentLevel.SideScrollerExampleMap' with GeneratedClass '/Game/SideScrollerCPP/Maps/SideScrollerExampleMap.SideScrollerExampleMap_C' with ClassGeneratedBy '/Game/SideScrollerCPP/Maps/SideScrollerExampleMap.SideScrollerExampleMap:PersistentLevel.SideScrollerExampleMap'
[2019.10.31-18.20.05:020][705]LogPlayLevel: PlayLevel: No blueprints needed recompiling
[2019.10.31-18.20.05:020][705]PIE: New page: PIE session: SideScrollerExampleMap (1 Nov 2019 4:20:05 pm)
[2019.10.31-18.20.05:020][705]LogPlayLevel: Creating play world package: /Game/SideScrollerCPP/Maps/UEDPIE_0_SideScrollerExampleMap
[2019.10.31-18.20.05:034][705]LogPlayLevel: PIE: StaticDuplicateObject took: (0.013501s)
[2019.10.31-18.20.05:036][705]LogAIModule: Creating AISystem for world SideScrollerExampleMap
[2019.10.31-18.20.05:036][705]LogPlayLevel: PIE: World Init took: (0.001623s)
[2019.10.31-18.20.05:036][705]LogPlayLevel: PIE: Created PIE world by copying editor world from /Game/SideScrollerCPP/Maps/SideScrollerExampleMap.SideScrollerExampleMap to /Game/SideScrollerCPP/Maps/UEDPIE_0_SideScrollerExampleMap.SideScrollerExampleMap (0.015867s)
[2019.10.31-18.20.05:159][705]LogInit: XAudio2 using 'Speakers (Realtek High Definition Audio)' : 6 channels at 48 kHz using 32 bits per sample (channel mask 0x3f)
[2019.10.31-18.20.05:242][705]LogInit: FAudioDevice initialized.
[2019.10.31-18.20.05:254][705]LogSlate: Updating window title bar state: overlay mode, drag disabled, window buttons hidden, title bar hidden
[2019.10.31-18.20.05:351][705]LogLoad: Game class is 'DejaBrewGameMode'
[2019.10.31-18.20.05:354][705]LogWorld: Bringing World /Game/SideScrollerCPP/Maps/UEDPIE_0_SideScrollerExampleMap.SideScrollerExampleMap up for play (max tick rate 60) at 2019.11.01-05.20.05
[2019.10.31-18.20.05:355][705]LogWorld: Bringing up level for play took: 0.003167
[2019.10.31-18.20.05:372][705]PIE: Play in editor start time for /Game/SideScrollerCPP/Maps/UEDPIE_0_SideScrollerExampleMap 0.543
[2019.10.31-18.20.05:372][705]LogBlueprintUserMessages: Late PlayInEditor Detection: Level '/Game/SideScrollerCPP/Maps/SideScrollerExampleMap.SideScrollerExampleMap:PersistentLevel' has LevelScriptBlueprint '/Game/SideScrollerCPP/Maps/SideScrollerExampleMap.SideScrollerExampleMap:PersistentLevel.SideScrollerExampleMap' with GeneratedClass '/Game/SideScrollerCPP/Maps/SideScrollerExampleMap.SideScrollerExampleMap_C' with ClassGeneratedBy '/Game/SideScrollerCPP/Maps/SideScrollerExampleMap.SideScrollerExampleMap:PersistentLevel.SideScrollerExampleMap'
[2019.10.31-18.20.09:068][924]LogBlueprintUserMessages: Early EndPlayMap Detection: Level '/Game/SideScrollerCPP/Maps/SideScrollerExampleMap.SideScrollerExampleMap:PersistentLevel' has LevelScriptBlueprint '/Game/SideScrollerCPP/Maps/SideScrollerExampleMap.SideScrollerExampleMap:PersistentLevel.SideScrollerExampleMap' with GeneratedClass '/Game/SideScrollerCPP/Maps/SideScrollerExampleMap.SideScrollerExampleMap_C' with ClassGeneratedBy '/Game/SideScrollerCPP/Maps/SideScrollerExampleMap.SideScrollerExampleMap:PersistentLevel.SideScrollerExampleMap'
[2019.10.31-18.20.09:069][924]LogSlate: Updating window title bar state: overlay mode, drag disabled, window buttons hidden, title bar hidden
[2019.10.31-18.20.09:090][924]LogSlate: Window 'DejaBrew Game Preview Standalone (64-bit/PCD3D_SM5)' being destroyed
[2019.10.31-18.20.09:134][924]LogPlayLevel: Display: Shutting down PIE online subsystems
[2019.10.31-18.20.09:135][924]LogBlueprintUserMessages: Late EndPlayMap Detection: Level '/Game/SideScrollerCPP/Maps/SideScrollerExampleMap.SideScrollerExampleMap:PersistentLevel' has LevelScriptBlueprint '/Game/SideScrollerCPP/Maps/SideScrollerExampleMap.SideScrollerExampleMap:PersistentLevel.SideScrollerExampleMap' with GeneratedClass '/Game/SideScrollerCPP/Maps/SideScrollerExampleMap.SideScrollerExampleMap_C' with ClassGeneratedBy '/Game/SideScrollerCPP/Maps/SideScrollerExampleMap.SideScrollerExampleMap:PersistentLevel.SideScrollerExampleMap'
[2019.10.31-18.20.09:188][925]LogPlayLevel: Display: Destroying online subsystem :Context_5
[2019.10.31-18.20.14:632][251]LogEditorViewport: Clicking on Actor (LMB): SideScrollerCharacter_C (SideScrollerCharacter)
[2019.10.31-18.20.17:255][376]LogSlate: FSceneViewport::OnFocusLost() reason 0
[2019.10.31-18.20.22:084][620]LogTemp: Repeating last play command: New Editor Window (PIE)
[2019.10.31-18.20.22:106][620]LogBlueprintUserMessages: Early PlayInEditor Detection: Level '/Game/SideScrollerCPP/Maps/SideScrollerExampleMap.SideScrollerExampleMap:PersistentLevel' has LevelScriptBlueprint '/Game/SideScrollerCPP/Maps/SideScrollerExampleMap.SideScrollerExampleMap:PersistentLevel.SideScrollerExampleMap' with GeneratedClass '/Game/SideScrollerCPP/Maps/SideScrollerExampleMap.SideScrollerExampleMap_C' with ClassGeneratedBy '/Game/SideScrollerCPP/Maps/SideScrollerExampleMap.SideScrollerExampleMap:PersistentLevel.SideScrollerExampleMap'
[2019.10.31-18.20.22:107][620]LogPlayLevel: PlayLevel: No blueprints needed recompiling
[2019.10.31-18.20.22:107][620]PIE: New page: PIE session: SideScrollerExampleMap (1 Nov 2019 4:20:22 pm)
[2019.10.31-18.20.22:107][620]LogPlayLevel: Creating play world package: /Game/SideScrollerCPP/Maps/UEDPIE_0_SideScrollerExampleMap
[2019.10.31-18.20.22:120][620]LogPlayLevel: PIE: StaticDuplicateObject took: (0.012405s)
[2019.10.31-18.20.22:121][620]LogAIModule: Creating AISystem for world SideScrollerExampleMap
[2019.10.31-18.20.22:121][620]LogPlayLevel: PIE: World Init took: (0.001089s)
[2019.10.31-18.20.22:121][620]LogPlayLevel: PIE: Created PIE world by copying editor world from /Game/SideScrollerCPP/Maps/SideScrollerExampleMap.SideScrollerExampleMap to /Game/SideScrollerCPP/Maps/UEDPIE_0_SideScrollerExampleMap.SideScrollerExampleMap (0.014048s)
[2019.10.31-18.20.22:247][620]LogInit: XAudio2 using 'Speakers (Realtek High Definition Audio)' : 6 channels at 48 kHz using 32 bits per sample (channel mask 0x3f)
[2019.10.31-18.20.22:326][620]LogInit: FAudioDevice initialized.
[2019.10.31-18.20.22:339][620]LogSlate: Updating window title bar state: overlay mode, drag disabled, window buttons hidden, title bar hidden
[2019.10.31-18.20.22:436][620]LogLoad: Game class is 'DejaBrewGameMode'
[2019.10.31-18.20.22:439][620]LogWorld: Bringing World /Game/SideScrollerCPP/Maps/UEDPIE_0_SideScrollerExampleMap.SideScrollerExampleMap up for play (max tick rate 60) at 2019.11.01-05.20.22
[2019.10.31-18.20.22:440][620]LogWorld: Bringing up level for play took: 0.002308
[2019.10.31-18.20.22:459][620]PIE: Play in editor start time for /Game/SideScrollerCPP/Maps/UEDPIE_0_SideScrollerExampleMap -0.368
[2019.10.31-18.20.22:460][620]LogBlueprintUserMessages: Late PlayInEditor Detection: Level '/Game/SideScrollerCPP/Maps/SideScrollerExampleMap.SideScrollerExampleMap:PersistentLevel' has LevelScriptBlueprint '/Game/SideScrollerCPP/Maps/SideScrollerExampleMap.SideScrollerExampleMap:PersistentLevel.SideScrollerExampleMap' with GeneratedClass '/Game/SideScrollerCPP/Maps/SideScrollerExampleMap.SideScrollerExampleMap_C' with ClassGeneratedBy '/Game/SideScrollerCPP/Maps/SideScrollerExampleMap.SideScrollerExampleMap:PersistentLevel.SideScrollerExampleMap'
[2019.10.31-18.20.30:405][ 94]LogBlueprintUserMessages: Early EndPlayMap Detection: Level '/Game/SideScrollerCPP/Maps/SideScrollerExampleMap.SideScrollerExampleMap:PersistentLevel' has LevelScriptBlueprint '/Game/SideScrollerCPP/Maps/SideScrollerExampleMap.SideScrollerExampleMap:PersistentLevel.SideScrollerExampleMap' with GeneratedClass '/Game/SideScrollerCPP/Maps/SideScrollerExampleMap.SideScrollerExampleMap_C' with ClassGeneratedBy '/Game/SideScrollerCPP/Maps/SideScrollerExampleMap.SideScrollerExampleMap:PersistentLevel.SideScrollerExampleMap'
[2019.10.31-18.20.30:406][ 94]LogSlate: Updating window title bar state: overlay mode, drag disabled, window buttons hidden, title bar hidden
[2019.10.31-18.20.30:432][ 94]LogSlate: Window 'DejaBrew Game Preview Standalone (64-bit/PCD3D_SM5)' being destroyed
[2019.10.31-18.20.30:476][ 94]LogPlayLevel: Display: Shutting down PIE online subsystems
[2019.10.31-18.20.30:476][ 94]LogBlueprintUserMessages: Late EndPlayMap Detection: Level '/Game/SideScrollerCPP/Maps/SideScrollerExampleMap.SideScrollerExampleMap:PersistentLevel' has LevelScriptBlueprint '/Game/SideScrollerCPP/Maps/SideScrollerExampleMap.SideScrollerExampleMap:PersistentLevel.SideScrollerExampleMap' with GeneratedClass '/Game/SideScrollerCPP/Maps/SideScrollerExampleMap.SideScrollerExampleMap_C' with ClassGeneratedBy '/Game/SideScrollerCPP/Maps/SideScrollerExampleMap.SideScrollerExampleMap:PersistentLevel.SideScrollerExampleMap'
[2019.10.31-18.20.30:514][ 95]LogPlayLevel: Display: Destroying online subsystem :Context_6
[2019.10.31-18.20.34:249][319]LogEditorViewport: Clicking on Actor (LMB): SideScrollerCharacter_C (SideScrollerCharacter)
[2019.10.31-18.20.36:235][411]LogSlate: FSceneViewport::OnFocusLost() reason 0
[2019.10.31-18.20.42:549][746]LogTemp: Repeating last play command: New Editor Window (PIE)
[2019.10.31-18.20.42:572][746]LogBlueprintUserMessages: Early PlayInEditor Detection: Level '/Game/SideScrollerCPP/Maps/SideScrollerExampleMap.SideScrollerExampleMap:PersistentLevel' has LevelScriptBlueprint '/Game/SideScrollerCPP/Maps/SideScrollerExampleMap.SideScrollerExampleMap:PersistentLevel.SideScrollerExampleMap' with GeneratedClass '/Game/SideScrollerCPP/Maps/SideScrollerExampleMap.SideScrollerExampleMap_C' with ClassGeneratedBy '/Game/SideScrollerCPP/Maps/SideScrollerExampleMap.SideScrollerExampleMap:PersistentLevel.SideScrollerExampleMap'
[2019.10.31-18.20.42:573][746]LogPlayLevel: PlayLevel: No blueprints needed recompiling
[2019.10.31-18.20.42:573][746]PIE: New page: PIE session: SideScrollerExampleMap (1 Nov 2019 4:20:42 pm)
[2019.10.31-18.20.42:573][746]LogPlayLevel: Creating play world package: /Game/SideScrollerCPP/Maps/UEDPIE_0_SideScrollerExampleMap
[2019.10.31-18.20.42:587][746]LogPlayLevel: PIE: StaticDuplicateObject took: (0.013417s)
[2019.10.31-18.20.42:588][746]LogAIModule: Creating AISystem for world SideScrollerExampleMap
[2019.10.31-18.20.42:588][746]LogPlayLevel: PIE: World Init took: (0.001067s)
[2019.10.31-18.20.42:589][746]LogPlayLevel: PIE: Created PIE world by copying editor world from /Game/SideScrollerCPP/Maps/SideScrollerExampleMap.SideScrollerExampleMap to /Game/SideScrollerCPP/Maps/UEDPIE_0_SideScrollerExampleMap.SideScrollerExampleMap (0.015066s)
[2019.10.31-18.20.42:699][746]LogInit: XAudio2 using 'Speakers (Realtek High Definition Audio)' : 6 channels at 48 kHz using 32 bits per sample (channel mask 0x3f)
[2019.10.31-18.20.42:782][746]LogInit: FAudioDevice initialized.
[2019.10.31-18.20.42:795][746]LogSlate: Updating window title bar state: overlay mode, drag disabled, window buttons hidden, title bar hidden
[2019.10.31-18.20.42:889][746]LogLoad: Game class is 'DejaBrewGameMode'
[2019.10.31-18.20.42:892][746]LogWorld: Bringing World /Game/SideScrollerCPP/Maps/UEDPIE_0_SideScrollerExampleMap.SideScrollerExampleMap up for play (max tick rate 60) at 2019.11.01-05.20.42
[2019.10.31-18.20.42:892][746]LogWorld: Bringing up level for play took: 0.002365
[2019.10.31-18.20.42:910][746]PIE: Play in editor start time for /Game/SideScrollerCPP/Maps/UEDPIE_0_SideScrollerExampleMap 0.082
[2019.10.31-18.20.42:910][746]LogBlueprintUserMessages: Late PlayInEditor Detection: Level '/Game/SideScrollerCPP/Maps/SideScrollerExampleMap.SideScrollerExampleMap:PersistentLevel' has LevelScriptBlueprint '/Game/SideScrollerCPP/Maps/SideScrollerExampleMap.SideScrollerExampleMap:PersistentLevel.SideScrollerExampleMap' with GeneratedClass '/Game/SideScrollerCPP/Maps/SideScrollerExampleMap.SideScrollerExampleMap_C' with ClassGeneratedBy '/Game/SideScrollerCPP/Maps/SideScrollerExampleMap.SideScrollerExampleMap:PersistentLevel.SideScrollerExampleMap'
[2019.10.31-18.20.46:721][972]LogBlueprintUserMessages: Early EndPlayMap Detection: Level '/Game/SideScrollerCPP/Maps/SideScrollerExampleMap.SideScrollerExampleMap:PersistentLevel' has LevelScriptBlueprint '/Game/SideScrollerCPP/Maps/SideScrollerExampleMap.SideScrollerExampleMap:PersistentLevel.SideScrollerExampleMap' with GeneratedClass '/Game/SideScrollerCPP/Maps/SideScrollerExampleMap.SideScrollerExampleMap_C' with ClassGeneratedBy '/Game/SideScrollerCPP/Maps/SideScrollerExampleMap.SideScrollerExampleMap:PersistentLevel.SideScrollerExampleMap'
[2019.10.31-18.20.46:722][972]LogSlate: Updating window title bar state: overlay mode, drag disabled, window buttons hidden, title bar hidden
[2019.10.31-18.20.46:746][972]LogSlate: Window 'DejaBrew Game Preview Standalone (64-bit/PCD3D_SM5)' being destroyed
[2019.10.31-18.20.46:789][972]LogPlayLevel: Display: Shutting down PIE online subsystems
[2019.10.31-18.20.46:789][972]LogBlueprintUserMessages: Late EndPlayMap Detection: Level '/Game/SideScrollerCPP/Maps/SideScrollerExampleMap.SideScrollerExampleMap:PersistentLevel' has LevelScriptBlueprint '/Game/SideScrollerCPP/Maps/SideScrollerExampleMap.SideScrollerExampleMap:PersistentLevel.SideScrollerExampleMap' with GeneratedClass '/Game/SideScrollerCPP/Maps/SideScrollerExampleMap.SideScrollerExampleMap_C' with ClassGeneratedBy '/Game/SideScrollerCPP/Maps/SideScrollerExampleMap.SideScrollerExampleMap:PersistentLevel.SideScrollerExampleMap'
[2019.10.31-18.20.46:830][973]LogPlayLevel: Display: Destroying online subsystem :Context_7
[2019.10.31-18.20.53:296][361]LogEditorViewport: Clicking on Actor (LMB): SideScrollerCharacter_C (SideScrollerCharacter)
[2019.10.31-18.20.55:051][440]LogSlate: FSceneViewport::OnFocusLost() reason 0
[2019.10.31-18.20.59:431][674]LogTemp: Repeating last play command: New Editor Window (PIE)
[2019.10.31-18.20.59:455][674]LogBlueprintUserMessages: Early PlayInEditor Detection: Level '/Game/SideScrollerCPP/Maps/SideScrollerExampleMap.SideScrollerExampleMap:PersistentLevel' has LevelScriptBlueprint '/Game/SideScrollerCPP/Maps/SideScrollerExampleMap.SideScrollerExampleMap:PersistentLevel.SideScrollerExampleMap' with GeneratedClass '/Game/SideScrollerCPP/Maps/SideScrollerExampleMap.SideScrollerExampleMap_C' with ClassGeneratedBy '/Game/SideScrollerCPP/Maps/SideScrollerExampleMap.SideScrollerExampleMap:PersistentLevel.SideScrollerExampleMap'
[2019.10.31-18.20.59:455][674]LogPlayLevel: PlayLevel: No blueprints needed recompiling
[2019.10.31-18.20.59:456][674]PIE: New page: PIE session: SideScrollerExampleMap (1 Nov 2019 4:20:59 pm)
[2019.10.31-18.20.59:456][674]LogPlayLevel: Creating play world package: /Game/SideScrollerCPP/Maps/UEDPIE_0_SideScrollerExampleMap
[2019.10.31-18.20.59:468][674]LogPlayLevel: PIE: StaticDuplicateObject took: (0.012419s)
[2019.10.31-18.20.59:469][674]LogAIModule: Creating AISystem for world SideScrollerExampleMap
[2019.10.31-18.20.59:470][674]LogPlayLevel: PIE: World Init took: (0.000976s)
[2019.10.31-18.20.59:470][674]LogPlayLevel: PIE: Created PIE world by copying editor world from /Game/SideScrollerCPP/Maps/SideScrollerExampleMap.SideScrollerExampleMap to /Game/SideScrollerCPP/Maps/UEDPIE_0_SideScrollerExampleMap.SideScrollerExampleMap (0.013935s)
[2019.10.31-18.20.59:586][674]LogInit: XAudio2 using 'Speakers (Realtek High Definition Audio)' : 6 channels at 48 kHz using 32 bits per sample (channel mask 0x3f)
[2019.10.31-18.20.59:666][674]LogInit: FAudioDevice initialized.
[2019.10.31-18.20.59:679][674]LogSlate: Updating window title bar state: overlay mode, drag disabled, window buttons hidden, title bar hidden
[2019.10.31-18.20.59:772][674]LogLoad: Game class is 'DejaBrewGameMode'
[2019.10.31-18.20.59:775][674]LogWorld: Bringing World /Game/SideScrollerCPP/Maps/UEDPIE_0_SideScrollerExampleMap.SideScrollerExampleMap up for play (max tick rate 60) at 2019.11.01-05.20.59
[2019.10.31-18.20.59:776][674]LogWorld: Bringing up level for play took: 0.002542
[2019.10.31-18.20.59:793][674]PIE: Play in editor start time for /Game/SideScrollerCPP/Maps/UEDPIE_0_SideScrollerExampleMap 0.964
[2019.10.31-18.20.59:794][674]LogBlueprintUserMessages: Late PlayInEditor Detection: Level '/Game/SideScrollerCPP/Maps/SideScrollerExampleMap.SideScrollerExampleMap:PersistentLevel' has LevelScriptBlueprint '/Game/SideScrollerCPP/Maps/SideScrollerExampleMap.SideScrollerExampleMap:PersistentLevel.SideScrollerExampleMap' with GeneratedClass '/Game/SideScrollerCPP/Maps/SideScrollerExampleMap.SideScrollerExampleMap_C' with ClassGeneratedBy '/Game/SideScrollerCPP/Maps/SideScrollerExampleMap.SideScrollerExampleMap:PersistentLevel.SideScrollerExampleMap'
[2019.10.31-18.21.04:541][956]LogBlueprintUserMessages: Early EndPlayMap Detection: Level '/Game/SideScrollerCPP/Maps/SideScrollerExampleMap.SideScrollerExampleMap:PersistentLevel' has LevelScriptBlueprint '/Game/SideScrollerCPP/Maps/SideScrollerExampleMap.SideScrollerExampleMap:PersistentLevel.SideScrollerExampleMap' with GeneratedClass '/Game/SideScrollerCPP/Maps/SideScrollerExampleMap.SideScrollerExampleMap_C' with ClassGeneratedBy '/Game/SideScrollerCPP/Maps/SideScrollerExampleMap.SideScrollerExampleMap:PersistentLevel.SideScrollerExampleMap'
[2019.10.31-18.21.04:542][956]LogSlate: Updating window title bar state: overlay mode, drag disabled, window buttons hidden, title bar hidden
[2019.10.31-18.21.04:566][956]LogSlate: Window 'DejaBrew Game Preview Standalone (64-bit/PCD3D_SM5)' being destroyed
[2019.10.31-18.21.04:614][956]LogPlayLevel: Display: Shutting down PIE online subsystems
[2019.10.31-18.21.04:615][956]LogBlueprintUserMessages: Late EndPlayMap Detection: Level '/Game/SideScrollerCPP/Maps/SideScrollerExampleMap.SideScrollerExampleMap:PersistentLevel' has LevelScriptBlueprint '/Game/SideScrollerCPP/Maps/SideScrollerExampleMap.SideScrollerExampleMap:PersistentLevel.SideScrollerExampleMap' with GeneratedClass '/Game/SideScrollerCPP/Maps/SideScrollerExampleMap.SideScrollerExampleMap_C' with ClassGeneratedBy '/Game/SideScrollerCPP/Maps/SideScrollerExampleMap.SideScrollerExampleMap:PersistentLevel.SideScrollerExampleMap'
[2019.10.31-18.21.04:663][957]LogPlayLevel: Display: Destroying online subsystem :Context_8
[2019.10.31-18.21.07:756][142]LogEditorViewport: Clicking on Actor (LMB): SideScrollerCharacter_C (SideScrollerCharacter)
[2019.10.31-18.21.09:708][227]LogSlate: FSceneViewport::OnFocusLost() reason 0
[2019.10.31-18.21.15:421][537]LogTemp: Repeating last play command: New Editor Window (PIE)
[2019.10.31-18.21.15:442][537]LogBlueprintUserMessages: Early PlayInEditor Detection: Level '/Game/SideScrollerCPP/Maps/SideScrollerExampleMap.SideScrollerExampleMap:PersistentLevel' has LevelScriptBlueprint '/Game/SideScrollerCPP/Maps/SideScrollerExampleMap.SideScrollerExampleMap:PersistentLevel.SideScrollerExampleMap' with GeneratedClass '/Game/SideScrollerCPP/Maps/SideScrollerExampleMap.SideScrollerExampleMap_C' with ClassGeneratedBy '/Game/SideScrollerCPP/Maps/SideScrollerExampleMap.SideScrollerExampleMap:PersistentLevel.SideScrollerExampleMap'
[2019.10.31-18.21.15:442][537]LogPlayLevel: PlayLevel: No blueprints needed recompiling
[2019.10.31-18.21.15:443][537]PIE: New page: PIE session: SideScrollerExampleMap (1 Nov 2019 4:21:15 pm)
[2019.10.31-18.21.15:443][537]LogPlayLevel: Creating play world package: /Game/SideScrollerCPP/Maps/UEDPIE_0_SideScrollerExampleMap
[2019.10.31-18.21.15:457][537]LogPlayLevel: PIE: StaticDuplicateObject took: (0.013488s)
[2019.10.31-18.21.15:458][537]LogAIModule: Creating AISystem for world SideScrollerExampleMap
[2019.10.31-18.21.15:458][537]LogPlayLevel: PIE: World Init took: (0.001087s)
[2019.10.31-18.21.15:458][537]LogPlayLevel: PIE: Created PIE world by copying editor world from /Game/SideScrollerCPP/Maps/SideScrollerExampleMap.SideScrollerExampleMap to /Game/SideScrollerCPP/Maps/UEDPIE_0_SideScrollerExampleMap.SideScrollerExampleMap (0.015208s)
[2019.10.31-18.21.15:581][537]LogInit: XAudio2 using 'Speakers (Realtek High Definition Audio)' : 6 channels at 48 kHz using 32 bits per sample (channel mask 0x3f)
[2019.10.31-18.21.15:660][537]LogInit: FAudioDevice initialized.
[2019.10.31-18.21.15:674][537]LogSlate: Updating window title bar state: overlay mode, drag disabled, window buttons hidden, title bar hidden
[2019.10.31-18.21.15:773][537]LogLoad: Game class is 'DejaBrewGameMode'
[2019.10.31-18.21.15:777][537]LogWorld: Bringing World /Game/SideScrollerCPP/Maps/UEDPIE_0_SideScrollerExampleMap.SideScrollerExampleMap up for play (max tick rate 60) at 2019.11.01-05.21.15
[2019.10.31-18.21.15:778][537]LogWorld: Bringing up level for play took: 0.002990
[2019.10.31-18.21.15:796][537]PIE: Play in editor start time for /Game/SideScrollerCPP/Maps/UEDPIE_0_SideScrollerExampleMap 0.968
[2019.10.31-18.21.15:797][537]LogBlueprintUserMessages: Late PlayInEditor Detection: Level '/Game/SideScrollerCPP/Maps/SideScrollerExampleMap.SideScrollerExampleMap:PersistentLevel' has LevelScriptBlueprint '/Game/SideScrollerCPP/Maps/SideScrollerExampleMap.SideScrollerExampleMap:PersistentLevel.SideScrollerExampleMap' with GeneratedClass '/Game/SideScrollerCPP/Maps/SideScrollerExampleMap.SideScrollerExampleMap_C' with ClassGeneratedBy '/Game/SideScrollerCPP/Maps/SideScrollerExampleMap.SideScrollerExampleMap:PersistentLevel.SideScrollerExampleMap'
[2019.10.31-18.21.27:908][261]LogBlueprintUserMessages: Early EndPlayMap Detection: Level '/Game/SideScrollerCPP/Maps/SideScrollerExampleMap.SideScrollerExampleMap:PersistentLevel' has LevelScriptBlueprint '/Game/SideScrollerCPP/Maps/SideScrollerExampleMap.SideScrollerExampleMap:PersistentLevel.SideScrollerExampleMap' with GeneratedClass '/Game/SideScrollerCPP/Maps/SideScrollerExampleMap.SideScrollerExampleMap_C' with ClassGeneratedBy '/Game/SideScrollerCPP/Maps/SideScrollerExampleMap.SideScrollerExampleMap:PersistentLevel.SideScrollerExampleMap'
[2019.10.31-18.21.27:909][261]LogSlate: Updating window title bar state: overlay mode, drag disabled, window buttons hidden, title bar hidden
[2019.10.31-18.21.27:933][261]LogSlate: Window 'DejaBrew Game Preview Standalone (64-bit/PCD3D_SM5)' being destroyed
[2019.10.31-18.21.27:980][261]LogPlayLevel: Display: Shutting down PIE online subsystems
[2019.10.31-18.21.27:980][261]LogBlueprintUserMessages: Late EndPlayMap Detection: Level '/Game/SideScrollerCPP/Maps/SideScrollerExampleMap.SideScrollerExampleMap:PersistentLevel' has LevelScriptBlueprint '/Game/SideScrollerCPP/Maps/SideScrollerExampleMap.SideScrollerExampleMap:PersistentLevel.SideScrollerExampleMap' with GeneratedClass '/Game/SideScrollerCPP/Maps/SideScrollerExampleMap.SideScrollerExampleMap_C' with ClassGeneratedBy '/Game/SideScrollerCPP/Maps/SideScrollerExampleMap.SideScrollerExampleMap:PersistentLevel.SideScrollerExampleMap'
[2019.10.31-18.21.28:020][262]LogPlayLevel: Display: Destroying online subsystem :Context_9
[2019.10.31-18.21.30:837][431]LogEditorViewport: Clicking on Actor (LMB): SideScrollerCharacter_C (SideScrollerCharacter)
[2019.10.31-18.21.32:632][512]LogSlate: FSceneViewport::OnFocusLost() reason 0
[2019.10.31-18.21.39:974][908]LogTemp: Repeating last play command: New Editor Window (PIE)
[2019.10.31-18.21.39:996][908]LogBlueprintUserMessages: Early PlayInEditor Detection: Level '/Game/SideScrollerCPP/Maps/SideScrollerExampleMap.SideScrollerExampleMap:PersistentLevel' has LevelScriptBlueprint '/Game/SideScrollerCPP/Maps/SideScrollerExampleMap.SideScrollerExampleMap:PersistentLevel.SideScrollerExampleMap' with GeneratedClass '/Game/SideScrollerCPP/Maps/SideScrollerExampleMap.SideScrollerExampleMap_C' with ClassGeneratedBy '/Game/SideScrollerCPP/Maps/SideScrollerExampleMap.SideScrollerExampleMap:PersistentLevel.SideScrollerExampleMap'
[2019.10.31-18.21.39:996][908]LogPlayLevel: PlayLevel: No blueprints needed recompiling
[2019.10.31-18.21.39:997][908]PIE: New page: PIE session: SideScrollerExampleMap (1 Nov 2019 4:21:39 pm)
[2019.10.31-18.21.39:997][908]LogPlayLevel: Creating play world package: /Game/SideScrollerCPP/Maps/UEDPIE_0_SideScrollerExampleMap
[2019.10.31-18.21.40:010][908]LogPlayLevel: PIE: StaticDuplicateObject took: (0.013241s)
[2019.10.31-18.21.40:012][908]LogAIModule: Creating AISystem for world SideScrollerExampleMap
[2019.10.31-18.21.40:012][908]LogPlayLevel: PIE: World Init took: (0.001315s)
[2019.10.31-18.21.40:012][908]LogPlayLevel: PIE: Created PIE world by copying editor world from /Game/SideScrollerCPP/Maps/SideScrollerExampleMap.SideScrollerExampleMap to /Game/SideScrollerCPP/Maps/UEDPIE_0_SideScrollerExampleMap.SideScrollerExampleMap (0.015182s)
[2019.10.31-18.21.40:131][908]LogInit: XAudio2 using 'Speakers (Realtek High Definition Audio)' : 6 channels at 48 kHz using 32 bits per sample (channel mask 0x3f)
[2019.10.31-18.21.40:213][908]LogInit: FAudioDevice initialized.
[2019.10.31-18.21.40:228][908]LogSlate: Updating window title bar state: overlay mode, drag disabled, window buttons hidden, title bar hidden
[2019.10.31-18.21.40:325][908]LogLoad: Game class is 'DejaBrewGameMode'
[2019.10.31-18.21.40:329][908]LogWorld: Bringing World /Game/SideScrollerCPP/Maps/UEDPIE_0_SideScrollerExampleMap.SideScrollerExampleMap up for play (max tick rate 60) at 2019.11.01-05.21.40
[2019.10.31-18.21.40:329][908]LogWorld: Bringing up level for play took: 0.003050
[2019.10.31-18.21.40:346][908]PIE: Play in editor start time for /Game/SideScrollerCPP/Maps/UEDPIE_0_SideScrollerExampleMap -0.482
[2019.10.31-18.21.40:347][908]LogBlueprintUserMessages: Late PlayInEditor Detection: Level '/Game/SideScrollerCPP/Maps/SideScrollerExampleMap.SideScrollerExampleMap:PersistentLevel' has LevelScriptBlueprint '/Game/SideScrollerCPP/Maps/SideScrollerExampleMap.SideScrollerExampleMap:PersistentLevel.SideScrollerExampleMap' with GeneratedClass '/Game/SideScrollerCPP/Maps/SideScrollerExampleMap.SideScrollerExampleMap_C' with ClassGeneratedBy '/Game/SideScrollerCPP/Maps/SideScrollerExampleMap.SideScrollerExampleMap:PersistentLevel.SideScrollerExampleMap'
[2019.10.31-18.21.42:794][ 52]LogBlueprintUserMessages: Early EndPlayMap Detection: Level '/Game/SideScrollerCPP/Maps/SideScrollerExampleMap.SideScrollerExampleMap:PersistentLevel' has LevelScriptBlueprint '/Game/SideScrollerCPP/Maps/SideScrollerExampleMap.SideScrollerExampleMap:PersistentLevel.SideScrollerExampleMap' with GeneratedClass '/Game/SideScrollerCPP/Maps/SideScrollerExampleMap.SideScrollerExampleMap_C' with ClassGeneratedBy '/Game/SideScrollerCPP/Maps/SideScrollerExampleMap.SideScrollerExampleMap:PersistentLevel.SideScrollerExampleMap'
[2019.10.31-18.21.42:794][ 52]LogSlate: Updating window title bar state: overlay mode, drag disabled, window buttons hidden, title bar hidden
[2019.10.31-18.21.42:813][ 52]LogSlate: Window 'DejaBrew Game Preview Standalone (64-bit/PCD3D_SM5)' being destroyed
[2019.10.31-18.21.42:859][ 52]LogPlayLevel: Display: Shutting down PIE online subsystems
[2019.10.31-18.21.42:860][ 52]LogBlueprintUserMessages: Late EndPlayMap Detection: Level '/Game/SideScrollerCPP/Maps/SideScrollerExampleMap.SideScrollerExampleMap:PersistentLevel' has LevelScriptBlueprint '/Game/SideScrollerCPP/Maps/SideScrollerExampleMap.SideScrollerExampleMap:PersistentLevel.SideScrollerExampleMap' with GeneratedClass '/Game/SideScrollerCPP/Maps/SideScrollerExampleMap.SideScrollerExampleMap_C' with ClassGeneratedBy '/Game/SideScrollerCPP/Maps/SideScrollerExampleMap.SideScrollerExampleMap:PersistentLevel.SideScrollerExampleMap'
[2019.10.31-18.21.42:908][ 53]LogPlayLevel: Display: Destroying online subsystem :Context_10
[2019.10.31-18.22.08:244][572]LogSlate: Took 0.000185 seconds to synchronously load lazily loaded font '../../../Engine/Content/Slate/Fonts/Roboto-Light.ttf' (167K)
[2019.10.31-18.22.08:255][572]LogAssetEditorManager: Opening Asset editor for Blueprint /Game/SideScrollerCPP/Blueprints/SideScrollerCharacter.SideScrollerCharacter
[2019.10.31-18.22.08:711][572]LogContentBrowser: Native class hierarchy updated for 'BlueprintGraph' in 0.0009 seconds. Added 116 classes and 0 folders.
[2019.10.31-18.22.13:186][780]LogAssetEditorManager: Opening Asset editor for Blueprint /Game/SideScrollerCPP/Blueprints/SideScrollerCharacter.SideScrollerCharacter
[2019.10.31-18.22.13:511][780]LogSlate: Took 0.000223 seconds to synchronously load lazily loaded font '../../../Engine/Content/Slate/Fonts/Roboto-BoldCondensed.ttf' (158K)
[2019.10.31-18.22.45:282][337]LogSlate: Window 'Save Content' being destroyed
[2019.10.31-18.22.45:477][337]LogSlate: Window 'DejaBrew - Unreal Editor' being destroyed
[2019.10.31-18.22.45:744][338]Cmd: QUIT_EDITOR
[2019.10.31-18.22.46:191][338]LogWindowsTextInputMethodSystem: Display: IME system now deactivated.
[2019.10.31-18.22.46:208][338]LogExit: Preparing to exit.
[2019.10.31-18.22.46:708][338]LogExit: Editor shut down
[2019.10.31-18.22.46:709][338]LogExit: Transaction tracking system shut down
[2019.10.31-18.22.47:273][338]LogExit: Object subsystem successfully closed.
[2019.10.31-18.22.47:301][338]LogShaderCompilers: Display: Shaders left to compile 0
[2019.10.31-18.22.47:305][338]LogD3D11RHI: Shutdown
[2019.10.31-18.22.47:305][338]LogD3D11RHI: CleanupD3DDevice
[2019.10.31-18.22.47:307][338]LogD3D11RHI: ~FD3D11DynamicRHI
[2019.10.31-18.22.47:330][338]LogModuleManager: Shutting down and abandoning module BlueprintGraph (620)
[2019.10.31-18.22.47:331][338]LogModuleManager: Shutting down and abandoning module MovieSceneCapture (618)
[2019.10.31-18.22.47:331][338]LogModuleManager: Shutting down and abandoning module Voice (616)
[2019.10.31-18.22.47:331][338]LogModuleManager: Shutting down and abandoning module HierarchicalLODOutliner (614)
[2019.10.31-18.22.47:331][338]LogModuleManager: Shutting down and abandoning module ExternalImagePicker (612)
[2019.10.31-18.22.47:332][338]LogModuleManager: Shutting down and abandoning module SceneOutliner (610)
[2019.10.31-18.22.47:332][338]LogModuleManager: Shutting down and abandoning module AddContentDialog (608)
[2019.10.31-18.22.47:333][338]LogModuleManager: Shutting down and abandoning module WidgetCarousel (607)
[2019.10.31-18.22.47:333][338]LogModuleManager: Shutting down and abandoning module EditorWidgets (604)
[2019.10.31-18.22.47:333][338]LogModuleManager: Shutting down and abandoning module CollectionManager (602)
[2019.10.31-18.22.47:333][338]LogModuleManager: Shutting down and abandoning module StatsViewer (600)
[2019.10.31-18.22.47:333][338]LogModuleManager: Shutting down and abandoning module FoliageEdit (598)
[2019.10.31-18.22.47:334][338]LogModuleManager: Shutting down and abandoning module LandscapeEditor (596)
[2019.10.31-18.22.47:334][338]LogModuleManager: Shutting down and abandoning module MeshPaintMode (594)
[2019.10.31-18.22.47:334][338]LogModuleManager: Shutting down and abandoning module SceneDepthPickerMode (592)
[2019.10.31-18.22.47:334][338]LogModuleManager: Shutting down and abandoning module ActorPickerMode (590)
[2019.10.31-18.22.47:334][338]LogModuleManager: Shutting down and abandoning module GeometryMode (588)
[2019.10.31-18.22.47:334][338]LogModuleManager: Shutting down and abandoning module TextureAlignMode (586)
[2019.10.31-18.22.47:335][338]LogModuleManager: Shutting down and abandoning module BspMode (584)
[2019.10.31-18.22.47:335][338]LogModuleManager: Shutting down and abandoning module PIEPreviewDeviceProfileSelector (582)
[2019.10.31-18.22.47:335][338]LogModuleManager: Shutting down and abandoning module SequenceRecorderSections (580)
[2019.10.31-18.22.47:335][338]LogModuleManager: Shutting down and abandoning module AutomationWorker (578)
[2019.10.31-18.22.47:335][338]LogModuleManager: Shutting down and abandoning module AudioCaptureEditor (576)
[2019.10.31-18.22.47:336][338]LogModuleManager: Shutting down and abandoning module SequenceRecorder (575)
[2019.10.31-18.22.47:336][338]LogModuleManager: Shutting down and abandoning module MatineeToLevelSequence (572)
[2019.10.31-18.22.47:336][338]LogModuleManager: Shutting down and abandoning module LevelSequenceEditor (570)
[2019.10.31-18.22.47:336][338]LogModuleManager: Shutting down and abandoning module PlacementMode (569)
[2019.10.31-18.22.47:336][338]LogModuleManager: Shutting down and abandoning module MaterialEditor (568)
[2019.10.31-18.22.47:336][338]LogModuleManager: Shutting down and abandoning module WmfMediaFactory (564)
[2019.10.31-18.22.47:336][338]LogModuleManager: Shutting down and abandoning module WmfMediaEditor (562)
[2019.10.31-18.22.47:337][338]LogModuleManager: Shutting down and abandoning module MediaPlayerEditor (560)
[2019.10.31-18.22.47:337][338]LogModuleManager: Shutting down and abandoning module OpenExrWrapper (558)
[2019.10.31-18.22.47:337][338]LogModuleManager: Shutting down and abandoning module ImgMediaFactory (556)
[2019.10.31-18.22.47:337][338]LogModuleManager: Shutting down and abandoning module ImgMediaEditor (554)
[2019.10.31-18.22.47:337][338]LogModuleManager: Shutting down and abandoning module AvfMediaFactory (552)
[2019.10.31-18.22.47:337][338]LogModuleManager: Shutting down and abandoning module AvfMediaEditor (550)
[2019.10.31-18.22.47:337][338]LogModuleManager: Shutting down and abandoning module AndroidMediaFactory (548)
[2019.10.31-18.22.47:337][338]LogModuleManager: Shutting down and abandoning module AndroidMediaEditor (546)
[2019.10.31-18.22.47:338][338]LogModuleManager: Shutting down and abandoning module MagicLeapCameraPreviewFactory (544)
[2019.10.31-18.22.47:338][338]LogModuleManager: Shutting down and abandoning module MagicLeapMediaFactory (542)
[2019.10.31-18.22.47:338][338]LogModuleManager: Shutting down and abandoning module MagicLeapMediaEditor (540)
[2019.10.31-18.22.47:338][338]LogModuleManager: Shutting down and abandoning module CharacterAI (538)
[2019.10.31-18.22.47:338][338]LogModuleManager: Shutting down and abandoning module SmartSnapping (536)
[2019.10.31-18.22.47:338][338]LogModuleManager: Shutting down and abandoning module SessionServices (534)
[2019.10.31-18.22.47:338][338]LogModuleManager: Shutting down and abandoning module ViewportSnapping (532)
[2019.10.31-18.22.47:338][338]LogModuleManager: Shutting down and abandoning module ViewportInteraction (530)
[2019.10.31-18.22.47:338][338]LogModuleManager: Shutting down and abandoning module ClothPainter (528)
[2019.10.31-18.22.47:338][338]LogModuleManager: Shutting down and abandoning module SkeletalMeshEditor (527)
[2019.10.31-18.22.47:338][338]LogModuleManager: Shutting down and abandoning module LogVisualizer (524)
[2019.10.31-18.22.47:339][338]LogModuleManager: Shutting down and abandoning module IntroTutorials (522)
[2019.10.31-18.22.47:339][338]LogModuleManager: Shutting down and abandoning module GameProjectGeneration (521)
[2019.10.31-18.22.47:339][338]LogModuleManager: Shutting down and abandoning module LuminPlatformEditor (518)
[2019.10.31-18.22.47:339][338]LogModuleManager: Shutting down and abandoning module IOSPlatformEditor (516)
[2019.10.31-18.22.47:339][338]LogModuleManager: Shutting down and abandoning module HTML5PlatformEditor (514)
[2019.10.31-18.22.47:339][338]LogModuleManager: Shutting down and abandoning module AndroidPlatformEditor (512)
[2019.10.31-18.22.47:339][338]LogModuleManager: Shutting down and abandoning module AndroidDeviceDetection (511)
[2019.10.31-18.22.47:389][338]LogModuleManager: Shutting down and abandoning module WindowsPlatformEditor (508)
[2019.10.31-18.22.47:389][338]LogModuleManager: Shutting down and abandoning module LuminRuntimeSettings (506)
[2019.10.31-18.22.47:389][338]LogModuleManager: Shutting down and abandoning module IOSRuntimeSettings (504)
[2019.10.31-18.22.47:390][338]LogModuleManager: Shutting down and abandoning module AndroidRuntimeSettings (502)
[2019.10.31-18.22.47:390][338]LogModuleManager: Shutting down and abandoning module InputBindingEditor (500)
[2019.10.31-18.22.47:390][338]LogModuleManager: Shutting down and abandoning module MergeActors (498)
[2019.10.31-18.22.47:390][338]LogModuleManager: Shutting down and abandoning module LocalizationDashboard (496)
[2019.10.31-18.22.47:391][338]LogModuleManager: Shutting down and abandoning module LocalizationService (495)
[2019.10.31-18.22.47:391][338]LogModuleManager: Shutting down and abandoning module HardwareTargeting (492)
[2019.10.31-18.22.47:391][338]LogModuleManager: Shutting down and abandoning module DeviceProfileEditor (490)
[2019.10.31-18.22.47:392][338]LogModuleManager: Shutting down and abandoning module UndoHistory (488)
[2019.10.31-18.22.47:392][338]LogModuleManager: Shutting down and abandoning module XmlParser (486)
[2019.10.31-18.22.47:392][338]LogModuleManager: Shutting down and abandoning module Blutility (484)
[2019.10.31-18.22.47:392][338]LogModuleManager: Shutting down and abandoning module ProjectSettingsViewer (482)
[2019.10.31-18.22.47:393][338]LogModuleManager: Shutting down and abandoning module ProjectTargetPlatformEditor (481)
[2019.10.31-18.22.47:393][338]LogModuleManager: Shutting down and abandoning module EditorSettingsViewer (478)
[2019.10.31-18.22.47:393][338]LogModuleManager: Shutting down and abandoning module SettingsEditor (476)
[2019.10.31-18.22.47:394][338]LogModuleManager: Shutting down and abandoning module ProjectLauncher (474)
[2019.10.31-18.22.47:394][338]LogModuleManager: Shutting down and abandoning module SessionFrontend (472)
[2019.10.31-18.22.47:394][338]LogModuleManager: Shutting down and abandoning module ProfilerClient (470)
[2019.10.31-18.22.47:394][338]LogModuleManager: Shutting down and abandoning module DeviceManager (468)
[2019.10.31-18.22.47:394][338]LogModuleManager: Shutting down and abandoning module TargetDeviceServices (467)
[2019.10.31-18.22.47:449][338]LogModuleManager: Shutting down and abandoning module AutomationController (464)
[2019.10.31-18.22.47:449][338]LogModuleManager: Shutting down and abandoning module AutomationWindow (462)
[2019.10.31-18.22.47:449][338]LogModuleManager: Shutting down and abandoning module Layers (460)
[2019.10.31-18.22.47:450][338]LogModuleManager: Shutting down and abandoning module ComponentVisualizers (458)
[2019.10.31-18.22.47:450][338]LogModuleManager: Shutting down and abandoning module DetailCustomizations (456)
[2019.10.31-18.22.47:450][338]LogModuleManager: Shutting down and abandoning module PackagesDialog (454)
[2019.10.31-18.22.47:451][338]LogModuleManager: Shutting down and abandoning module Persona (452)
[2019.10.31-18.22.47:451][338]LogModuleManager: Shutting down and abandoning module AdvancedPreviewScene (451)
[2019.10.31-18.22.47:452][338]LogModuleManager: Shutting down and abandoning module AnimGraph (449)
[2019.10.31-18.22.47:452][338]LogModuleManager: Shutting down and abandoning module Kismet (446)
[2019.10.31-18.22.47:460][338]LogModuleManager: Shutting down and abandoning module GraphEditor (444)
[2019.10.31-18.22.47:461][338]LogModuleManager: Shutting down and abandoning module ClassViewer (442)
[2019.10.31-18.22.47:461][338]LogModuleManager: Shutting down and abandoning module Toolbox (440)
[2019.10.31-18.22.47:461][338]LogModuleManager: Shutting down and abandoning module DesktopPlatform (439)
[2019.10.31-18.22.47:462][338]LogModuleManager: Shutting down and abandoning module ModuleUI (436)
[2019.10.31-18.22.47:462][338]LogModuleManager: Shutting down and abandoning module MovieSceneTools (434)
[2019.10.31-18.22.47:462][338]LogModuleManager: Shutting down and abandoning module OutputLog (432)
[2019.10.31-18.22.47:462][338]LogModuleManager: Shutting down and abandoning module GammaUI (430)
[2019.10.31-18.22.47:463][338]LogModuleManager: Shutting down and abandoning module Documentation (428)
[2019.10.31-18.22.47:463][338]LogModuleManager: Shutting down and abandoning module MovieSceneTracks (426)
[2019.10.31-18.22.47:463][338]LogModuleManager: Shutting down and abandoning module MovieScene (424)
[2019.10.31-18.22.47:463][338]LogModuleManager: Shutting down and abandoning module StreamingPauseRendering (422)
[2019.10.31-18.22.47:464][338]LogModuleManager: Shutting down and abandoning module LauncherPlatform (420)
[2019.10.31-18.22.47:464][338]LogModuleManager: Shutting down and abandoning module AnalyticsET (418)
[2019.10.31-18.22.47:464][338]LogModuleManager: Shutting down and abandoning module PortalServices (416)
[2019.10.31-18.22.47:464][338]LogModuleManager: Shutting down and abandoning module PortalRpc (414)
[2019.10.31-18.22.47:465][338]LogModuleManager: Shutting down and abandoning module MessagingRpc (412)
[2019.10.31-18.22.47:465][338]LogModuleManager: Shutting down and abandoning module AIModule (410)
[2019.10.31-18.22.47:465][338]LogModuleManager: Shutting down and abandoning module GameplayDebugger (409)
[2019.10.31-18.22.47:465][338]LogModuleManager: Shutting down and abandoning module AITestSuite (407)
[2019.10.31-18.22.47:466][338]LogModuleManager: Shutting down and abandoning module NavigationSystem (405)
[2019.10.31-18.22.47:466][338]LogModuleManager: Shutting down and abandoning module ProfilerService (402)
[2019.10.31-18.22.47:543][338]LogModuleManager: Shutting down and abandoning module TaskGraph (400)
[2019.10.31-18.22.47:543][338]LogModuleManager: Shutting down and abandoning module SteamVRController (398)
[2019.10.31-18.22.47:543][338]LogModuleManager: Shutting down and abandoning module ProceduralMeshComponentEditor (396)
[2019.10.31-18.22.47:544][338]LogModuleManager: Shutting down and abandoning module ProceduralMeshComponent (394)
[2019.10.31-18.22.47:544][338]LogModuleManager: Shutting down and abandoning module OculusInput (392)
[2019.10.31-18.22.47:544][338]LogModuleManager: Shutting down and abandoning module MobilePatchingUtils (390)
[2019.10.31-18.22.47:544][338]LogModuleManager: Shutting down and abandoning module EditableMesh (388)
[2019.10.31-18.22.47:545][338]LogModuleManager: Shutting down and abandoning module CustomMeshComponent (386)
[2019.10.31-18.22.47:545][338]LogModuleManager: Shutting down and abandoning module CableComponent (384)
[2019.10.31-18.22.47:545][338]LogModuleManager: Shutting down and abandoning module AudioCapture (382)
[2019.10.31-18.22.47:545][338]LogModuleManager: Shutting down and abandoning module ArchVisCharacter (380)
[2019.10.31-18.22.47:545][338]LogModuleManager: Shutting down and abandoning module AndroidPermission (378)
[2019.10.31-18.22.47:546][338]LogModuleManager: Shutting down and abandoning module NUTUnrealEngine4 (376)
[2019.10.31-18.22.47:546][338]LogModuleManager: Shutting down and abandoning module NetcodeUnitTest (374)
[2019.10.31-18.22.47:546][338]LogModuleManager: Shutting down and abandoning module MediaCompositingEditor (372)
[2019.10.31-18.22.47:546][338]LogModuleManager: Shutting down and abandoning module MediaCompositing (370)
[2019.10.31-18.22.47:547][338]LogModuleManager: Shutting down and abandoning module LinearTimecode (368)
[2019.10.31-18.22.47:547][338]LogModuleManager: Shutting down and abandoning module ImgMedia (366)
[2019.10.31-18.22.47:561][338]LogModuleManager: Shutting down and abandoning module HTML5Networking (364)
[2019.10.31-18.22.47:561][338]LogModuleManager: Shutting down and abandoning module GeometryCacheTracks (362)
[2019.10.31-18.22.47:561][338]LogModuleManager: Shutting down and abandoning module GeometryCacheSequencer (360)
[2019.10.31-18.22.47:562][338]LogModuleManager: Shutting down and abandoning module BackChannel (358)
[2019.10.31-18.22.47:562][338]LogModuleManager: Shutting down and abandoning module AppleVision (356)
[2019.10.31-18.22.47:562][338]LogModuleManager: Shutting down and abandoning module AppleImageUtils (354)
[2019.10.31-18.22.47:562][338]LogModuleManager: Shutting down and abandoning module AlembicImporter (352)
[2019.10.31-18.22.47:562][338]LogModuleManager: Shutting down and abandoning module AlembicLibrary (351)
[2019.10.31-18.22.47:562][338]LogModuleManager: Shutting down and abandoning module GeometryCache (350)
[2019.10.31-18.22.47:562][338]LogModuleManager: Shutting down and abandoning module GeometryCacheEd (349)
[2019.10.31-18.22.47:562][338]LogModuleManager: Shutting down and abandoning module DatasmithContentEditor (344)
[2019.10.31-18.22.47:563][338]LogModuleManager: Shutting down and abandoning module DatasmithContent (342)
[2019.10.31-18.22.47:563][338]LogModuleManager: Shutting down and abandoning module SpeedTreeImporter (340)
[2019.10.31-18.22.47:563][338]LogModuleManager: Shutting down and abandoning module PluginBrowser (338)
[2019.10.31-18.22.47:563][338]LogModuleManager: Shutting down and abandoning module MobileLauncherProfileWizard (336)
[2019.10.31-18.22.47:564][338]LogModuleManager: Shutting down and abandoning module PolygonModeling (334)
[2019.10.31-18.22.47:564][338]LogModuleManager: Shutting down and abandoning module MeshEditor (332)
[2019.10.31-18.22.47:564][338]LogModuleManager: Shutting down and abandoning module CryptoKeysOpenSSL (330)
[2019.10.31-18.22.47:564][338]LogModuleManager: Shutting down and abandoning module CryptoKeys (328)
[2019.10.31-18.22.47:564][338]LogModuleManager: Shutting down and abandoning module VisualStudioSourceCodeAccess (326)
[2019.10.31-18.22.47:564][338]LogModuleManager: Shutting down and abandoning module VisualStudioCodeSourceCodeAccess (324)
[2019.10.31-18.22.47:564][338]LogModuleManager: Shutting down and abandoning module UObjectPlugin (322)
[2019.10.31-18.22.47:564][338]LogModuleManager: Shutting down and abandoning module SubversionSourceControl (320)
[2019.10.31-18.22.47:565][338]LogModuleManager: Shutting down and abandoning module PerforceSourceControl (318)
[2019.10.31-18.22.47:565][338]LogModuleManager: Shutting down and abandoning module GitSourceControl (316)
[2019.10.31-18.22.47:565][338]LogModuleManager: Shutting down and abandoning module SourceControl (315)
[2019.10.31-18.22.47:565][338]LogModuleManager: Shutting down and abandoning module CLionSourceCodeAccess (312)
[2019.10.31-18.22.47:565][338]LogModuleManager: Shutting down and abandoning module LightPropagationVolumeEditor (310)
[2019.10.31-18.22.47:565][338]LogModuleManager: Shutting down and abandoning module PaperTiledImporter (308)
[2019.10.31-18.22.47:565][338]LogModuleManager: Shutting down and abandoning module PaperSpriteSheetImporter (306)
[2019.10.31-18.22.47:565][338]LogModuleManager: Shutting down and abandoning module Paper2DEditor (304)
[2019.10.31-18.22.47:566][338]LogModuleManager: Shutting down and abandoning module MeshPaint (303)
[2019.10.31-18.22.47:566][338]LogModuleManager: Shutting down and abandoning module DejaBrew (300)
[2019.10.31-18.22.47:566][338]LogModuleManager: Shutting down and abandoning module RuntimePhysXCooking (298)
[2019.10.31-18.22.47:566][338]LogModuleManager: Shutting down and abandoning module PhysXVehiclesEditor (296)
[2019.10.31-18.22.47:566][338]LogModuleManager: Shutting down and abandoning module PhysXVehicles (294)
[2019.10.31-18.22.47:566][338]LogModuleManager: Shutting down and abandoning module OculusEditor (292)
[2019.10.31-18.22.47:566][338]LogModuleManager: Shutting down and abandoning module LocationServicesBPLibrary (290)
[2019.10.31-18.22.47:566][338]LogModuleManager: Shutting down and abandoning module ImmediatePhysicsEditor (288)
[2019.10.31-18.22.47:566][338]LogModuleManager: Shutting down and abandoning module ImmediatePhysics (286)
[2019.10.31-18.22.47:566][338]LogModuleManager: Shutting down and abandoning module ActorSequence (284)
[2019.10.31-18.22.47:567][338]LogModuleManager: Shutting down and abandoning module UdpMessaging (282)
[2019.10.31-18.22.47:667][338]LogModuleManager: Shutting down and abandoning module TcpMessaging (280)
[2019.10.31-18.22.47:769][338]LogModuleManager: Shutting down and abandoning module MagicLeapAudio (278)
[2019.10.31-18.22.47:769][338]LogModuleManager: Shutting down and abandoning module GameplayTagsEditor (276)
[2019.10.31-18.22.47:769][338]LogModuleManager: Shutting down and abandoning module FacialAnimationEditor (274)
[2019.10.31-18.22.47:769][338]LogModuleManager: Shutting down and abandoning module FacialAnimation (272)
[2019.10.31-18.22.47:769][338]LogModuleManager: Shutting down and abandoning module DataValidation (270)
[2019.10.31-18.22.47:770][338]LogModuleManager: Shutting down and abandoning module AssetManagerEditor (268)
[2019.10.31-18.22.47:770][338]LogModuleManager: Shutting down and abandoning module LevelEditor (267)
[2019.10.31-18.22.47:771][338]LogModuleManager: Shutting down and abandoning module PixelInspectorModule (266)
[2019.10.31-18.22.47:771][338]LogModuleManager: Shutting down and abandoning module CommonMenuExtensions (264)
[2019.10.31-18.22.47:772][338]LogModuleManager: Shutting down and abandoning module MainFrame (262)
[2019.10.31-18.22.47:772][338]LogModuleManager: Shutting down and abandoning module HotReload (261)
[2019.10.31-18.22.47:772][338]LogModuleManager: Shutting down and abandoning module ContentBrowser (257)
[2019.10.31-18.22.47:774][338]LogModuleManager: Shutting down and abandoning module TreeMap (255)
[2019.10.31-18.22.47:774][338]LogModuleManager: Shutting down and abandoning module LightPropagationVolumeRuntime (252)
[2019.10.31-18.22.47:774][338]LogModuleManager: Shutting down and abandoning module AISupportModule (250)
[2019.10.31-18.22.47:774][338]LogModuleManager: Shutting down and abandoning module Paper2D (248)
[2019.10.31-18.22.47:774][338]LogModuleManager: Shutting down and abandoning module WindowsMoviePlayer (246)
[2019.10.31-18.22.47:774][338]LogModuleManager: Shutting down and abandoning module WmfMedia (244)
[2019.10.31-18.22.47:779][338]LogModuleManager: Shutting down and abandoning module Media (243)
[2019.10.31-18.22.47:786][338]LogModuleManager: Shutting down and abandoning module PacketHandler (240)
[2019.10.31-18.22.47:786][338]LogModuleManager: Shutting down and abandoning module ClothingSystemEditor (238)
[2019.10.31-18.22.47:786][338]LogModuleManager: Shutting down and abandoning module ClothingSystemRuntime (236)
[2019.10.31-18.22.47:786][338]LogModuleManager: Shutting down and abandoning module MediaAssets (234)
[2019.10.31-18.22.47:787][338]LogModuleManager: Shutting down and abandoning module Overlay (232)
[2019.10.31-18.22.47:787][338]LogModuleManager: Shutting down and abandoning module OverlayEditor (231)
[2019.10.31-18.22.47:787][338]LogModuleManager: Shutting down and abandoning module VREditor (228)
[2019.10.31-18.22.47:787][338]LogModuleManager: Shutting down and abandoning module StringTableEditor (226)
[2019.10.31-18.22.47:787][338]LogModuleManager: Shutting down and abandoning module GameplayTasksEditor (224)
[2019.10.31-18.22.47:787][338]LogModuleManager: Shutting down and abandoning module BehaviorTreeEditor (222)
[2019.10.31-18.22.47:787][338]LogModuleManager: Shutting down and abandoning module FunctionalTesting (220)
[2019.10.31-18.22.47:787][338]LogModuleManager: Shutting down and abandoning module CollisionAnalyzer (218)
[2019.10.31-18.22.47:788][338]LogModuleManager: Shutting down and abandoning module WorkspaceMenuStructure (217)
[2019.10.31-18.22.47:788][338]LogModuleManager: Shutting down and abandoning module UMG (214)
[2019.10.31-18.22.47:788][338]LogModuleManager: Shutting down and abandoning module UMGEditor (213)
[2019.10.31-18.22.47:788][338]LogModuleManager: Shutting down and abandoning module Sequencer (212)
[2019.10.31-18.22.47:788][338]LogModuleManager: Shutting down and abandoning module MessageLog (209)
[2019.10.31-18.22.47:788][338]LogModuleManager: Shutting down and abandoning module SlateReflector (204)
[2019.10.31-18.22.47:788][338]LogModuleManager: Shutting down and abandoning module Slate (202)
[2019.10.31-18.22.47:788][338]LogModuleManager: Shutting down and abandoning module EditorStyle (200)
[2019.10.31-18.22.47:790][338]LogModuleManager: Shutting down and abandoning module MRMesh (198)
[2019.10.31-18.22.47:790][338]LogModuleManager: Shutting down and abandoning module SourceCodeAccess (196)
[2019.10.31-18.22.47:790][338]LogModuleManager: Shutting down and abandoning module HeadMountedDisplay (194)
[2019.10.31-18.22.47:790][338]LogModuleManager: Shutting down and abandoning module XAudio2 (192)
[2019.10.31-18.22.47:790][338]LogModuleManager: Shutting down and abandoning module Networking (190)
[2019.10.31-18.22.47:790][338]LogModuleManager: Shutting down and abandoning module Core (188)
[2019.10.31-18.22.47:790][338]LogModuleManager: Shutting down and abandoning module LevelSequence (186)
[2019.10.31-18.22.47:791][338]LogModuleManager: Shutting down and abandoning module KismetCompiler (184)
[2019.10.31-18.22.47:791][338]LogModuleManager: Shutting down and abandoning module MeshUtilities (182)
[2019.10.31-18.22.47:791][338]LogModuleManager: Shutting down and abandoning module MeshMergeUtilities (181)
[2019.10.31-18.22.47:791][338]LogModuleManager: Shutting down and abandoning module MeshReductionInterface (180)
[2019.10.31-18.22.47:791][338]LogModuleManager: Shutting down and abandoning module SimplygonSwarm (179)
[2019.10.31-18.22.47:791][338]LogModuleManager: Shutting down and abandoning module ProxyLODMeshReduction (177)
[2019.10.31-18.22.47:791][338]LogModuleManager: Shutting down and abandoning module SimplygonMeshReduction (175)
[2019.10.31-18.22.47:791][338]LogModuleManager: Shutting down and abandoning module QuadricMeshReduction (173)
[2019.10.31-18.22.47:791][338]LogModuleManager: Shutting down and abandoning module MaterialBaking (169)
[2019.10.31-18.22.47:792][338]LogModuleManager: Shutting down and abandoning module DirectoryWatcher (165)
[2019.10.31-18.22.47:792][338]LogModuleManager: Shutting down and abandoning module DerivedDataCache (162)
[2019.10.31-18.22.47:882][338]LogDerivedDataCache: Shutdown
[2019.10.31-18.22.47:882][338]LogModuleManager: Shutting down and abandoning module XGEController (160)
[2019.10.31-18.22.47:883][338]LogModuleManager: Shutting down and abandoning module TargetPlatform (158)
[2019.10.31-18.22.47:883][338]LogModuleManager: Shutting down and abandoning module VulkanShaderFormat (157)
[2019.10.31-18.22.47:883][338]LogModuleManager: Shutting down and abandoning module ShaderFormatVectorVM (155)
[2019.10.31-18.22.47:883][338]LogModuleManager: Shutting down and abandoning module ShaderFormatOpenGL (153)
[2019.10.31-18.22.47:883][338]LogModuleManager: Shutting down and abandoning module ShaderFormatD3D (151)
[2019.10.31-18.22.47:883][338]LogModuleManager: Shutting down and abandoning module MetalShaderFormat (149)
[2019.10.31-18.22.47:883][338]LogModuleManager: Shutting down and abandoning module TextureFormatUncompressed (147)
[2019.10.31-18.22.47:883][338]LogModuleManager: Shutting down and abandoning module TextureFormatPVR (145)
[2019.10.31-18.22.47:883][338]LogModuleManager: Shutting down and abandoning module TextureFormatDXT (143)
[2019.10.31-18.22.47:883][338]LogModuleManager: Shutting down and abandoning module TextureFormatIntelISPCTexComp (141)
[2019.10.31-18.22.47:885][338]LogModuleManager: Shutting down and abandoning module TextureFormatASTC (139)
[2019.10.31-18.22.47:885][338]LogModuleManager: Shutting down and abandoning module ImageWrapper (138)
[2019.10.31-18.22.47:885][338]LogModuleManager: Shutting down and abandoning module TextureFormatAndroid (135)
[2019.10.31-18.22.47:885][338]LogModuleManager: Shutting down and abandoning module AudioFormatOpus (133)
[2019.10.31-18.22.47:886][338]LogModuleManager: Shutting down and abandoning module AudioFormatOgg (131)
[2019.10.31-18.22.47:886][338]LogModuleManager: Shutting down and abandoning module AudioFormatADPCM (129)
[2019.10.31-18.22.47:886][338]LogModuleManager: Shutting down and abandoning module LuminTargetPlatform (127)
[2019.10.31-18.22.47:886][338]LogModuleManager: Shutting down and abandoning module LinuxTargetPlatform (125)
[2019.10.31-18.22.47:886][338]LogModuleManager: Shutting down and abandoning module LinuxServerTargetPlatform (123)
[2019.10.31-18.22.47:886][338]LogModuleManager: Shutting down and abandoning module LinuxNoEditorTargetPlatform (121)
[2019.10.31-18.22.47:886][338]LogModuleManager: Shutting down and abandoning module LinuxClientTargetPlatform (119)
[2019.10.31-18.22.47:886][338]LogModuleManager: Shutting down and abandoning module TVOSTargetPlatform (117)
[2019.10.31-18.22.47:887][338]LogModuleManager: Shutting down and abandoning module Messaging (115)
[2019.10.31-18.22.47:887][338]LogModuleManager: Shutting down and abandoning module IOSTargetPlatform (113)
[2019.10.31-18.22.47:889][338]LogModuleManager: Shutting down and abandoning module HTML5TargetPlatform (111)
[2019.10.31-18.22.47:889][338]LogModuleManager: Shutting down and abandoning module AndroidTargetPlatform (109)
[2019.10.31-18.22.47:896][338]LogModuleManager: Shutting down and abandoning module WindowsTargetPlatform (107)
[2019.10.31-18.22.47:896][338]LogModuleManager: Shutting down and abandoning module WindowsServerTargetPlatform (105)
[2019.10.31-18.22.47:896][338]LogModuleManager: Shutting down and abandoning module WindowsNoEditorTargetPlatform (103)
[2019.10.31-18.22.47:896][338]LogModuleManager: Shutting down and abandoning module WindowsClientTargetPlatform (101)
[2019.10.31-18.22.47:896][338]LogModuleManager: Shutting down and abandoning module MacTargetPlatform (99)
[2019.10.31-18.22.47:897][338]LogModuleManager: Shutting down and abandoning module MacServerTargetPlatform (97)
[2019.10.31-18.22.47:897][338]LogModuleManager: Shutting down and abandoning module MacNoEditorTargetPlatform (95)
[2019.10.31-18.22.47:897][338]LogModuleManager: Shutting down and abandoning module MacClientTargetPlatform (93)
[2019.10.31-18.22.47:898][338]LogModuleManager: Shutting down and abandoning module AllDesktopTargetPlatform (91)
[2019.10.31-18.22.47:898][338]LogModuleManager: Shutting down and abandoning module InputCore (88)
[2019.10.31-18.22.47:899][338]LogModuleManager: Shutting down and abandoning module Settings (86)
[2019.10.31-18.22.47:899][338]LogModuleManager: Shutting down and abandoning module PhysXCooking (84)
[2019.10.31-18.22.47:899][338]LogModuleManager: Shutting down and abandoning module SteamVR (82)
[2019.10.31-18.22.47:899][338]LogModuleManager: Shutting down and abandoning module OculusHMD (80)
[2019.10.31-18.22.47:900][338]LogModuleManager: Shutting down and abandoning module ExampleDeviceProfileSelector (78)
[2019.10.31-18.22.47:900][338]LogModuleManager: Shutting down and abandoning module LauncherChunkInstaller (76)
[2019.10.31-18.22.47:900][338]LogModuleManager: Shutting down and abandoning module OnlineBlueprintSupport (74)
[2019.10.31-18.22.47:900][338]LogModuleManager: Shutting down and abandoning module OnlineSubsystem (70)
[2019.10.31-18.22.47:902][338]LogModuleManager: Shutting down and abandoning module XMPP (65)
[2019.10.31-18.22.47:902][338]LogModuleManager: Shutting down and abandoning module WebSockets (64)
[2019.10.31-18.22.47:921][338]LogModuleManager: Shutting down and abandoning module HTTP (61)
[2019.10.31-18.22.47:921][338]LogHttp: Display: Http module shutting down, but needs to wait on 1 outstanding Http requests:
[2019.10.31-18.22.47:921][338]LogHttp: Display: 	verb=[POST] url=[https://datarouter.ol.epicgames.com/datarouter/api/v1/public/data?SessionID=%7B644CF8B8-486B-17E4-5C3F-479DDA7327C4%7D&AppID=UEEditor.Rocket.Release&AppVersion=4.20.3-4369336%2B%2B%2BUE4%2BRelease-4.20&UserID=5d161d844116823b798e61b9a37be28c%7C818bff43747348f699b00837f3477b6d%7C6011a081-cab7-423a-8d4a-3c8c937a4efd&AppEnvironment=datacollector-binary&UploadType=eteventstream] status=Processing
[2019.10.31-18.22.47:951][338]LogModuleManager: Shutting down and abandoning module SSL (60)
[2019.10.31-18.22.47:952][338]LogModuleManager: Shutting down and abandoning module MagicLeapEmulator (56)
[2019.10.31-18.22.47:952][338]LogModuleManager: Shutting down and abandoning module MagicLeapPrivileges (54)
[2019.10.31-18.22.47:953][338]LogModuleManager: Shutting down and abandoning module MagicLeapIdentity (52)
[2019.10.31-18.22.47:953][338]LogModuleManager: Shutting down and abandoning module MagicLeapHelperVulkan (50)
[2019.10.31-18.22.47:953][338]LogModuleManager: Shutting down and abandoning module MagicLeapHelperOpenGL (48)
[2019.10.31-18.22.47:953][338]LogModuleManager: Shutting down and abandoning module MagicLeapSecureStorage (46)
[2019.10.31-18.22.47:953][338]LogModuleManager: Shutting down and abandoning module MagicLeapGestures (44)
[2019.10.31-18.22.47:953][338]LogModuleManager: Shutting down and abandoning module MagicLeapEyeTracker (42)
[2019.10.31-18.22.47:953][338]LogModuleManager: Shutting down and abandoning module MagicLeapController (40)
[2019.10.31-18.22.47:954][338]LogSlate: Slate User Destroyed.  User Index 0, Is Virtual User: 0
[2019.10.31-18.22.47:954][338]LogModuleManager: Shutting down and abandoning module MagicLeap (38)
[2019.10.31-18.22.47:954][338]LogModuleManager: Shutting down and abandoning module AnimationModifiers (36)
[2019.10.31-18.22.47:954][338]LogModuleManager: Shutting down and abandoning module PropertyEditor (35)
[2019.10.31-18.22.47:954][338]LogModuleManager: Shutting down and abandoning module AudioEditor (32)
[2019.10.31-18.22.47:954][338]LogModuleManager: Shutting down and abandoning module TextureCompressor (30)
[2019.10.31-18.22.47:957][338]LogModuleManager: Shutting down and abandoning module ShaderCore (28)
[2019.10.31-18.22.47:957][338]LogModuleManager: Shutting down and abandoning module Landscape (26)
[2019.10.31-18.22.47:958][338]LogModuleManager: Shutting down and abandoning module SlateRHIRenderer (24)
[2019.10.31-18.22.47:958][338]LogModuleManager: Shutting down and abandoning module OpenGLDrv (22)
[2019.10.31-18.22.47:958][338]LogModuleManager: Shutting down and abandoning module D3D11RHI (20)
[2019.10.31-18.22.47:958][338]LogModuleManager: Shutting down and abandoning module AnimGraphRuntime (18)
[2019.10.31-18.22.47:958][338]LogModuleManager: Shutting down and abandoning module Renderer (16)
[2019.10.31-18.22.47:958][338]LogModuleManager: Shutting down and abandoning module Engine (14)
[2019.10.31-18.22.47:958][338]LogModuleManager: Shutting down and abandoning module CoreUObject (12)
[2019.10.31-18.22.47:958][338]LogModuleManager: Shutting down and abandoning module NetworkFile (10)
[2019.10.31-18.22.47:958][338]LogModuleManager: Shutting down and abandoning module CookedIterativeFile (8)
[2019.10.31-18.22.47:959][338]LogModuleManager: Shutting down and abandoning module StreamingFile (6)
[2019.10.31-18.22.47:959][338]LogModuleManager: Shutting down and abandoning module SandboxFile (4)
[2019.10.31-18.22.47:959][338]LogModuleManager: Shutting down and abandoning module PakFile (2)
[2019.10.31-18.22.47:978][338]LogExit: Exiting.
[2019.10.31-18.22.47:986][338]Log file closed, 11/01/19 05:22:47
