Log file open, 10/30/19 15:19:29
LogWindows: Failed to load 'aqProf.dll' (GetLastError=126)
LogWindows: File 'aqProf.dll' does not exist
LogWindows: Failed to load 'VSPerf140.dll' (GetLastError=126)
LogWindows: File 'VSPerf140.dll' does not exist
LogWindows: Failed to load 'VtuneApi.dll' (GetLastError=126)
LogWindows: File 'VtuneApi.dll' does not exist
LogWindows: Failed to load 'VtuneApi32e.dll' (GetLastError=126)
LogWindows: File 'VtuneApi32e.dll' does not exist
LogInit: Display: Running engine for game: DejaBrew
LogPlatformFile: Not using cached read wrapper
LogTaskGraph: Started task graph with 5 named threads and 23 total threads with 3 sets of task threads.
LogStats: Stats thread started at 0.367027
LogD3D11RHI: Loaded GFSDK_Aftermath_Lib.x64.dll
LogICUInternationalization: Display: ICU TimeZone Detection - Raw Offset: +10:00, Platform Override: ''
LogPluginManager: Mounting plugin Paper2D
LogPluginManager: Mounting plugin AISupport
LogPluginManager: Mounting plugin LightPropagationVolume
LogPluginManager: Mounting plugin CLionSourceCodeAccess
LogPluginManager: Mounting plugin CodeLiteSourceCodeAccess
LogPluginManager: Mounting plugin GitSourceControl
LogPluginManager: Mounting plugin KDevelopSourceCodeAccess
LogPluginManager: Mounting plugin NullSourceCodeAccess
LogPluginManager: Mounting plugin PerforceSourceControl
LogPluginManager: Mounting plugin SubversionSourceControl
LogPluginManager: Mounting plugin UObjectPlugin
LogPluginManager: Mounting plugin VisualStudioCodeSourceCodeAccess
LogPluginManager: Mounting plugin VisualStudioSourceCodeAccess
LogPluginManager: Mounting plugin XCodeSourceCodeAccess
LogPluginManager: Mounting plugin AssetManagerEditor
LogPluginManager: Mounting plugin CryptoKeys
LogPluginManager: Mounting plugin DataValidation
LogPluginManager: Mounting plugin FacialAnimation
LogPluginManager: Mounting plugin GameplayTagsEditor
LogPluginManager: Mounting plugin MacGraphicsSwitching
LogPluginManager: Mounting plugin MeshEditor
LogPluginManager: Mounting plugin MobileLauncherProfileWizard
LogPluginManager: Mounting plugin PluginBrowser
LogPluginManager: Mounting plugin SpeedTreeImporter
LogPluginManager: Mounting plugin DatasmithContent
LogPluginManager: Mounting plugin AlembicImporter
LogPluginManager: Mounting plugin AppleImageUtils
LogPluginManager: Mounting plugin AppleVision
LogPluginManager: Mounting plugin BackChannel
LogPluginManager: Mounting plugin CharacterAI
LogPluginManager: Mounting plugin GeometryCache
LogPluginManager: Mounting plugin HTML5Networking
LogPluginManager: Mounting plugin ProxyLODPlugin
LogPluginManager: Mounting plugin MagicLeap
LogPluginManager: Mounting plugin MagicLeapEmulator
LogPluginManager: Mounting plugin MagicLeapMedia
LogPluginManager: Mounting plugin AndroidMedia
LogPluginManager: Mounting plugin AvfMedia
LogPluginManager: Mounting plugin ImgMedia
LogPluginManager: Mounting plugin LinearTimecode
LogPluginManager: Mounting plugin MediaCompositing
LogPluginManager: Mounting plugin MediaPlayerEditor
LogPluginManager: Mounting plugin WmfMedia
LogPluginManager: Mounting plugin TcpMessaging
LogPluginManager: Mounting plugin UdpMessaging
LogPluginManager: Mounting plugin ActorSequence
LogPluginManager: Mounting plugin LevelSequenceEditor
LogPluginManager: Mounting plugin MatineeToLevelSequence
LogPluginManager: Mounting plugin NetcodeUnitTest
LogPluginManager: Mounting plugin NUTUnrealEngine4
LogPluginManager: Mounting plugin OnlineSubsystemGooglePlay
LogPluginManager: Mounting plugin OnlineSubsystemIOS
LogPluginManager: Mounting plugin OnlineSubsystem
LogPluginManager: Mounting plugin OnlineSubsystemNull
LogPluginManager: Mounting plugin OnlineSubsystemUtils
LogPluginManager: Mounting plugin LauncherChunkInstaller
LogPluginManager: Mounting plugin AndroidDeviceProfileSelector
LogPluginManager: Mounting plugin AndroidMoviePlayer
LogPluginManager: Mounting plugin AndroidPermission
LogPluginManager: Mounting plugin AppleMoviePlayer
LogPluginManager: Mounting plugin ArchVisCharacter
LogPluginManager: Mounting plugin AudioCapture
LogPluginManager: Mounting plugin CableComponent
LogPluginManager: Mounting plugin CustomMeshComponent
LogPluginManager: Mounting plugin EditableMesh
LogPluginManager: Mounting plugin ExampleDeviceProfileSelector
LogPluginManager: Mounting plugin GoogleCloudMessaging
LogPluginManager: Mounting plugin ImmediatePhysics
LogPluginManager: Mounting plugin IOSDeviceProfileSelector
LogPluginManager: Mounting plugin LinuxDeviceProfileSelector
LogPluginManager: Mounting plugin LocationServicesBPLibrary
LogPluginManager: Mounting plugin MobilePatchingUtils
LogPluginManager: Mounting plugin OculusVR
LogPluginManager: Plugin shader directory ../../../Engine/Plugins/Runtime/Oculus/OculusVR/Shaders found
LogPluginManager: Mapping shader source directory ../../../Engine/Plugins/Runtime/Oculus/OculusVR/Shaders to virtual directory /Plugin/OculusVR
LogPluginManager: Mounting plugin PhysXVehicles
LogPluginManager: Mounting plugin ProceduralMeshComponent
LogPluginManager: Mounting plugin RuntimePhysXCooking
LogPluginManager: Mounting plugin SteamVR
LogPluginManager: Mounting plugin WindowsMoviePlayer
LogStreaming: Display: Took  0.112s to configure plugins.
LogInit: Using libcurl 7.55.1-DEV
LogInit:  - built for x86_64-pc-win32
LogInit:  - supports SSL with OpenSSL/1.0.2h
LogInit:  - supports HTTP deflate (compression) using libz 1.2.8
LogInit:  - other features:
LogInit:      CURL_VERSION_SSL
LogInit:      CURL_VERSION_LIBZ
LogInit:      CURL_VERSION_IPV6
LogInit:      CURL_VERSION_ASYNCHDNS
LogInit:      CURL_VERSION_LARGEFILE
LogInit:      CURL_VERSION_IDN
LogInit:  CurlRequestOptions (configurable via config and command line):
LogInit:  - bVerifyPeer = false  - Libcurl will NOT verify peer certificate
LogInit:  - bUseHttpProxy = false  - Libcurl will NOT use HTTP proxy
LogInit:  - bDontReuseConnections = false  - Libcurl will reuse connections
LogInit:  - CertBundlePath = nullptr  - Libcurl will use whatever was configured at build time.
LogInit:  - MaxHostConnections = 16  - Libcurl will limit the number of connections to a host
LogInit:  - LocalHostAddr = Default
LogInit:  - BufferSize = 65536
LogInit: WinSock: version 1.1 (2.2), MaxSocks=32767, MaxUdp=65467
LogInit: Build: ++UE4+Release-4.20-CL-4369336
LogInit: Engine Version: 4.20.3-4369336+++UE4+Release-4.20
LogInit: Compatible Engine Version: 4.20.0-4212847+++UE4+Release-4.20
LogInit: Net CL: 4212847
LogInit: OS: Windows 10 (), CPU: Intel(R) Core(TM) i7-6700 CPU @ 3.40GHz, GPU: NVIDIA GeForce GTX 960
LogInit: Compiled (64-bit): Sep 17 2018 12:26:19
LogInit: Compiled with Visual C++: 19.13.26129.00
LogInit: Build Configuration: Development
LogInit: Branch Name: ++UE4+Release-4.20
LogInit: Command Line:  -skipcompile
LogInit: Base Directory: C:/Program Files/Epic Games/UE_4.20/Engine/Binaries/Win64/
LogInit: Installed Engine Build: 1
LogDevObjectVersion: Number of dev versions registered: 20
LogDevObjectVersion:   Dev-Blueprints (B0D832E4-1F89-4F0D-ACCF-7EB736FD4AA2): 10
LogDevObjectVersion:   Dev-Build (E1C64328-A22C-4D53-A36C-8E866417BD8C): 0
LogDevObjectVersion:   Dev-Core (375EC13C-06E4-48FB-B500-84F0262A717E): 2
LogDevObjectVersion:   Dev-Editor (E4B068ED-F494-42E9-A231-DA0B2E46BB41): 24
LogDevObjectVersion:   Dev-Framework (CFFC743F-43B0-4480-9391-14DF171D2073): 34
LogDevObjectVersion:   Dev-Mobile (B02B49B5-BB20-44E9-A304-32B752E40360): 2
LogDevObjectVersion:   Dev-Networking (A4E4105C-59A1-49B5-A7C5-40C4547EDFEE): 0
LogDevObjectVersion:   Dev-Online (39C831C9-5AE6-47DC-9A44-9C173E1C8E7C): 0
LogDevObjectVersion:   Dev-Physics (78F01B33-EBEA-4F98-B9B4-84EACCB95AA2): 0
LogDevObjectVersion:   Dev-Platform (6631380F-2D4D-43E0-8009-CF276956A95A): 0
LogDevObjectVersion:   Dev-Rendering (12F88B9F-8875-4AFC-A67C-D90C383ABD29): 26
LogDevObjectVersion:   Dev-Sequencer (7B5AE74C-D270-4C10-A958-57980B212A5A): 9
LogDevObjectVersion:   Dev-VR (D7296918-1DD6-4BDD-9DE2-64A83CC13884): 2
LogDevObjectVersion:   Dev-LoadTimes (C2A15278-BFE7-4AFE-6C17-90FF531DF755): 1
LogDevObjectVersion:   Private-Geometry (6EACA3D4-40EC-4CC1-B786-8BED09428FC5): 3
LogDevObjectVersion:   Dev-AnimPhys (29E575DD-E0A3-4627-9D10-D276232CDCEA): 17
LogDevObjectVersion:   Dev-ReflectionCapture (6B266CEC-1EC7-4B8F-A30B-E4D90942FC07): 1
LogDevObjectVersion:   Dev-Automation (0DF73D61-A23F-47EA-B727-89E90C41499A): 1
LogDevObjectVersion:   FortniteMain (601D1886-AC64-4F84-AA16-D3DE0DEAC7D6): 12
LogDevObjectVersion:   Dev-Enterprise (9DFFBCD6-494F-0158-E221-12823C92A888): 1
LogStreaming: Display: Took  0.003s to delete old logs.
LogInit: Presizing for max 8388607 objects, including 0 objects not considered by GC, pre-allocating 0 bytes for permanent pool.
LogInit: Object subsystem initialized
[2019.10.30-04.19.29:725][  0]LogInit: Selected Device Profile: [Windows]
[2019.10.30-04.19.29:725][  0]LogInit: Applying CVar settings loaded from the selected device profile: [Windows]
[2019.10.30-04.19.29:737][  0]LogHAL: Display: Platform has ~ 32 GB [34293071872 / 34359738368 / 32], which maps to Largest [LargestMinGB=32, LargerMinGB=12, DefaultMinGB=8, SmallerMinGB=6, SmallestMinGB=0)
[2019.10.30-04.19.29:737][  0]LogInit: Setting Device Profile CVar: [[r.Vulkan.UseRealUBs:1]]
[2019.10.30-04.19.29:738][  0]LogInit: Going up to parent DeviceProfile []
[2019.10.30-04.19.29:738][  0]LogInit: Computer: SYD-4DE60A
[2019.10.30-04.19.29:738][  0]LogInit: User: s181813
[2019.10.30-04.19.29:738][  0]LogInit: CPU Page size=4096, Cores=4
[2019.10.30-04.19.29:738][  0]LogInit: High frequency timer resolution =3.328126 MHz
[2019.10.30-04.19.29:738][  0]LogMemory: Memory total: Physical=31.9GB (32GB approx)
[2019.10.30-04.19.29:738][  0]LogMemory: Platform Memory Stats for Windows
[2019.10.30-04.19.29:738][  0]LogMemory: Process Physical Memory: 101.61 MB used, 101.61 MB peak
[2019.10.30-04.19.29:739][  0]LogMemory: Process Virtual Memory: 89.35 MB used, 89.35 MB peak
[2019.10.30-04.19.29:739][  0]LogMemory: Physical Memory: 9985.97 MB used,  22718.45 MB free, 32704.42 MB total
[2019.10.30-04.19.29:739][  0]LogMemory: Virtual Memory: 4639.47 MB used,  22718.45 MB free, 134217728.00 MB total
[2019.10.30-04.19.29:830][  0]LogInit: Using OS detected language (en-US).
[2019.10.30-04.19.29:830][  0]LogInit: Using OS detected locale (en-US).
[2019.10.30-04.19.29:830][  0]LogTextLocalizationManager: No specific localization for 'en-US' exists, so the 'en' localization will be used.
[2019.10.30-04.19.30:169][  0]LogStreaming: Display: Took  0.339s to InitEngineTextLocalization.
[2019.10.30-04.19.30:169][  0]LogInit: Setting process to per monitor DPI aware
[2019.10.30-04.19.30:209][  0]LogSlate: New Slate User Created.  User Index 0, Is Virtual User: 0
[2019.10.30-04.19.30:209][  0]LogSlate: Slate User Registered.  User Index 0, Is Virtual User: 0
[2019.10.30-04.19.30:377][  0]LogHMD: Failed to initialize OpenVR with code 110
[2019.10.30-04.19.30:377][  0]LogD3D11RHI: D3D11 adapters:
[2019.10.30-04.19.30:449][  0]LogD3D11RHI:    0. 'NVIDIA GeForce GTX 960' (Feature Level 11_0)
[2019.10.30-04.19.30:449][  0]LogD3D11RHI:       4053/0/16352 MB DedicatedVideo/DedicatedSystem/SharedSystem, Outputs:2, VendorId:0x10de
[2019.10.30-04.19.30:452][  0]LogD3D11RHI:    1. 'Microsoft Basic Render Driver' (Feature Level 11_0)
[2019.10.30-04.19.30:452][  0]LogD3D11RHI:       0/0/16352 MB DedicatedVideo/DedicatedSystem/SharedSystem, Outputs:0, VendorId:0x1414
[2019.10.30-04.19.30:452][  0]LogD3D11RHI: Chosen D3D11 Adapter: 0
[2019.10.30-04.19.30:458][  0]LogD3D11RHI: Creating new Direct3DDevice
[2019.10.30-04.19.30:458][  0]LogD3D11RHI:     GPU DeviceId: 0x1401 (for the marketing name, search the web for "GPU Device Id")
[2019.10.30-04.19.30:458][  0]LogWindows: EnumDisplayDevices:
[2019.10.30-04.19.30:458][  0]LogWindows:    0. 'NVIDIA GeForce GTX 960' (P:1 D:1)
[2019.10.30-04.19.30:459][  0]LogWindows:    1. 'NVIDIA GeForce GTX 960' (P:0 D:1)
[2019.10.30-04.19.30:459][  0]LogWindows:    2. 'NVIDIA GeForce GTX 960' (P:0 D:0)
[2019.10.30-04.19.30:459][  0]LogWindows:    3. 'NVIDIA GeForce GTX 960' (P:0 D:0)
[2019.10.30-04.19.30:459][  0]LogWindows: DebugString: FoundDriverCount:4 
[2019.10.30-04.19.30:459][  0]LogD3D11RHI:     Adapter Name: NVIDIA GeForce GTX 960
[2019.10.30-04.19.30:459][  0]LogD3D11RHI:   Driver Version: 417.35 (internal:25.21.14.1735, unified:417.35)
[2019.10.30-04.19.30:459][  0]LogD3D11RHI:      Driver Date: 12-11-2018
[2019.10.30-04.19.30:459][  0]LogRHI: Texture pool is 2837 MB (70% of 4053 MB)
[2019.10.30-04.19.30:501][  0]LogD3D11RHI: Async texture creation enabled
[2019.10.30-04.19.30:518][  0]LogD3D11RHI: GPU Timing Frequency: 1000.000000 (Debug: 2 2)
[2019.10.30-04.19.30:523][  0]LogShaderCompilers: Guid format shader working directory is -35 characters bigger than the processId version (../../../../../../Users/s181813/Documents/GitHub/Chicken-Crimpy-Repository/DejaBrew/Intermediate/Shaders/WorkingDirectory/6996/).
[2019.10.30-04.19.30:523][  0]LogShaderCompilers: Cleaned the shader compiler working directory 'C:/Users/s181813/AppData/Local/Temp/UnrealShaderWorkingDir/6EA354854F1C53AA10F1C8AA9250778F/'.
[2019.10.30-04.19.30:722][  0]LogTemp: Display: Loaded TP AllDesktopTargetPlatform
[2019.10.30-04.19.30:736][  0]LogTemp: Display: Loaded TP MacClientTargetPlatform
[2019.10.30-04.19.30:749][  0]LogTemp: Display: Loaded TP MacNoEditorTargetPlatform
[2019.10.30-04.19.30:763][  0]LogTemp: Display: Loaded TP MacServerTargetPlatform
[2019.10.30-04.19.30:777][  0]LogTemp: Display: Loaded TP MacTargetPlatform
[2019.10.30-04.19.30:790][  0]LogTemp: Display: Loaded TP WindowsClientTargetPlatform
[2019.10.30-04.19.30:803][  0]LogTemp: Display: Loaded TP WindowsNoEditorTargetPlatform
[2019.10.30-04.19.30:816][  0]LogTemp: Display: Loaded TP WindowsServerTargetPlatform
[2019.10.30-04.19.30:824][  0]LogTemp: Display: Loaded TP WindowsTargetPlatform
[2019.10.30-04.19.30:897][  0]LogTemp: Display: Loaded TP AndroidTargetPlatform
[2019.10.30-04.19.30:898][  0]LogTemp: Display: Loaded TP AndroidTargetPlatform
[2019.10.30-04.19.30:898][  0]LogTemp: Display: Loaded TP AndroidTargetPlatform
[2019.10.30-04.19.30:898][  0]LogTemp: Display: Loaded TP AndroidTargetPlatform
[2019.10.30-04.19.30:898][  0]LogTemp: Display: Loaded TP AndroidTargetPlatform
[2019.10.30-04.19.30:898][  0]LogTemp: Display: Loaded TP AndroidTargetPlatform
[2019.10.30-04.19.30:898][  0]LogTemp: Display: Loaded TP AndroidTargetPlatform
[2019.10.30-04.19.30:898][  0]LogTemp: Display: Loaded TP AndroidTargetPlatform
[2019.10.30-04.19.30:898][  0]LogTemp: Display: Loaded TP AndroidTargetPlatform
[2019.10.30-04.19.30:898][  0]LogTemp: Display: Loaded TP AndroidTargetPlatform
[2019.10.30-04.19.30:898][  0]LogTemp: Display: Loaded TP AndroidTargetPlatform
[2019.10.30-04.19.30:898][  0]LogTemp: Display: Loaded TP AndroidTargetPlatform
[2019.10.30-04.19.30:898][  0]LogTemp: Display: Loaded TP AndroidTargetPlatform
[2019.10.30-04.19.30:898][  0]LogTemp: Display: Loaded TP AndroidTargetPlatform
[2019.10.30-04.19.30:898][  0]LogTemp: Display: Loaded TP AndroidTargetPlatform
[2019.10.30-04.19.30:898][  0]LogTemp: Display: Loaded TP AndroidTargetPlatform
[2019.10.30-04.19.30:898][  0]LogTemp: Display: Loaded TP AndroidTargetPlatform
[2019.10.30-04.19.30:898][  0]LogTemp: Display: Loaded TP AndroidTargetPlatform
[2019.10.30-04.19.30:901][  0]LogTemp: Display: Loaded TP HTML5TargetPlatform
[2019.10.30-04.19.30:966][  0]LogTemp: Display: Loaded TP IOSTargetPlatform
[2019.10.30-04.19.30:966][  0]LogTemp: Display: Loaded TP IOSTargetPlatform
[2019.10.30-04.19.30:989][  0]LogTemp: Display: Loaded TP TVOSTargetPlatform
[2019.10.30-04.19.30:989][  0]LogTemp: Display: Loaded TP TVOSTargetPlatform
[2019.10.30-04.19.31:002][  0]LogTemp: Display: Loaded TP LinuxClientTargetPlatform
[2019.10.30-04.19.31:016][  0]LogTemp: Display: Loaded TP LinuxNoEditorTargetPlatform
[2019.10.30-04.19.31:030][  0]LogTemp: Display: Loaded TP LinuxServerTargetPlatform
[2019.10.30-04.19.31:045][  0]LogTemp: Display: Loaded TP LinuxTargetPlatform
[2019.10.30-04.19.31:055][  0]LogTemp: Display: Loaded TP LuminTargetPlatform
[2019.10.30-04.19.31:055][  0]LogTargetPlatformManager: Display: Building Assets For Windows
[2019.10.30-04.19.31:150][  0]LogXGEController: Cannot use XGE Controller as Incredibuild is not installed on this machine.
[2019.10.30-04.19.31:150][  0]LogShaderCompilers: Cannot use XGE Shader Compiler as Incredibuild is not installed on this machine.
[2019.10.30-04.19.31:151][  0]LogShaderCompilers: Display: Using Local Shader Compiler.
[2019.10.30-04.19.31:778][  0]LogDerivedDataCache: Display: Max Cache Size: 512 MB
[2019.10.30-04.19.31:829][  0]LogDerivedDataCache: Loaded boot cache 0.05s 76MB C:/Users/s181813/AppData/Local/UnrealEngine/4.20/DerivedDataCache/Boot.ddc.
[2019.10.30-04.19.31:829][  0]LogDerivedDataCache: Display: Loaded Boot cache: C:/Users/s181813/AppData/Local/UnrealEngine/4.20/DerivedDataCache/Boot.ddc
[2019.10.30-04.19.31:830][  0]LogDerivedDataCache: FDerivedDataBackendGraph:  Pak pak cache file ../../../../../../Users/s181813/Documents/GitHub/Chicken-Crimpy-Repository/DejaBrew/DerivedDataCache/DDC.ddp not found, will not use a pak cache.
[2019.10.30-04.19.31:830][  0]LogDerivedDataCache: Unable to find inner node Pak for hierarchical cache Hierarchy.
[2019.10.30-04.19.31:830][  0]LogDerivedDataCache: FDerivedDataBackendGraph:  CompressedPak pak cache file ../../../../../../Users/s181813/Documents/GitHub/Chicken-Crimpy-Repository/DejaBrew/DerivedDataCache/Compressed.ddp not found, will not use a pak cache.
[2019.10.30-04.19.31:830][  0]LogDerivedDataCache: Unable to find inner node CompressedPak for hierarchical cache Hierarchy.
[2019.10.30-04.19.31:842][  0]LogDerivedDataCache: Display: Pak cache opened for reading ../../../Engine/DerivedDataCache/Compressed.ddp.
[2019.10.30-04.19.31:855][  0]LogDerivedDataCache: Using Local data cache path C:/Users/s181813/AppData/Local/UnrealEngine/Common/DerivedDataCache: Writable
[2019.10.30-04.19.31:855][  0]LogDerivedDataCache: Shared data cache path not found in *engine.ini, will not use an Shared cache.
[2019.10.30-04.19.31:855][  0]LogDerivedDataCache: Unable to find inner node Shared for hierarchical cache Hierarchy.
[2019.10.30-04.19.31:872][  0]LogMaterial: Verifying Global Shaders for PCD3D_SM5
[2019.10.30-04.19.31:874][  0]LogSlate: Using FreeType 2.6.0
[2019.10.30-04.19.31:875][  0]LogSlate: SlateFontServices - WITH_FREETYPE: 1, WITH_HARFBUZZ: 1
[2019.10.30-04.19.31:950][  0]LogAssetRegistry: FAssetRegistry took 0.0292 seconds to start up
[2019.10.30-04.19.32:261][  0]LogInit: Selected Device Profile: [Windows]
[2019.10.30-04.19.32:400][  0]LogSimplygon: Simplygon DLL not present - disabling.
[2019.10.30-04.19.32:407][  0]LogMeshReduction: Using SimplygonSwarm for distributed automatic mesh merging
[2019.10.30-04.19.32:407][  0]LogMeshReduction: Using ProxyLODMeshReduction for automatic mesh merging
[2019.10.30-04.19.32:407][  0]LogMeshReduction: Using QuadricMeshReduction for automatic static mesh reduction
[2019.10.30-04.19.32:407][  0]LogMeshReduction: No automatic skeletal mesh reduction module available
[2019.10.30-04.19.32:423][  0]LogNetVersion: DejaBrew 1.0.0, NetCL: 4212847, EngineNetVer: 5, GameNetVer: 0 (Checksum: 719251921)
[2019.10.30-04.19.32:889][  0]LogPackageLocalizationCache: Processed 11 localized package path(s) for 2 prioritized culture(s) in 0.114444 seconds
[2019.10.30-04.19.32:896][  0]LogUObjectArray: 38425 objects as part of root set at end of initial load.
[2019.10.30-04.19.32:896][  0]LogUObjectAllocator: 6690864 out of 0 bytes used by permanent object pool.
[2019.10.30-04.19.32:896][  0]LogUObjectArray: CloseDisregardForGC: 0/0 objects in disregard for GC pool
[2019.10.30-04.19.33:736][  0]LogTcpMessaging: Initializing TcpMessaging bridge
[2019.10.30-04.19.33:753][  0]LogUdpMessaging: Initializing bridge on interface 0.0.0.0:0 to multicast group 230.0.0.1:6666.
[2019.10.30-04.19.34:069][  0]SourceControl: Source control is disabled
[2019.10.30-04.19.34:069][  0]SourceControl: Source control is disabled
[2019.10.30-04.19.34:072][  0]SourceControl: Source control is disabled
[2019.10.30-04.19.34:075][  0]SourceControl: Source control is disabled
[2019.10.30-04.19.34:307][  0]LogAndroidPermission: UAndroidPermissionCallbackProxy::GetInstance
[2019.10.30-04.19.34:397][  0]LogOcInput: OculusInput pre-init called
[2019.10.30-04.19.34:462][  0]LogEngine: Initializing Engine...
[2019.10.30-04.19.34:463][  0]LogHMD: Failed to initialize OpenVR with code 110
[2019.10.30-04.19.34:465][  0]LogStats: UGameplayTagsManager::ConstructGameplayTagTree: ImportINI prefixes -  0.000 s
[2019.10.30-04.19.34:465][  0]LogStats: UGameplayTagsManager::ConstructGameplayTagTree: Construct from data asset -  0.000 s
[2019.10.30-04.19.34:465][  0]LogStats: UGameplayTagsManager::ConstructGameplayTagTree: ImportINI -  0.000 s
[2019.10.30-04.19.34:465][  0]LogStats: UGameplayTagsManager::ConstructGameplayTagTree: GameplayTagTreeChangedEvent.Broadcast -  0.000 s
[2019.10.30-04.19.34:642][  0]LogInit: Initializing FReadOnlyCVARCache
[2019.10.30-04.19.34:654][  0]LogAIModule: Creating AISystem for world Untitled
[2019.10.30-04.19.34:671][  0]LogInit: XAudio2 using 'Realtek HD Audio 2nd output (Realtek High Definition Audio)' : 2 channels at 48 kHz using 32 bits per sample (channel mask 0x3)
[2019.10.30-04.19.34:690][  0]LogInit: FAudioDevice initialized.
[2019.10.30-04.19.34:690][  0]LogNetVersion: Set ProjectVersion to 1.0.0.0. Version Checksum will be recalculated on next use.
[2019.10.30-04.19.34:764][  0]LogDerivedDataCache: Saved boot cache 0.07s 76MB C:/Users/s181813/AppData/Local/UnrealEngine/4.20/DerivedDataCache/Boot.ddc.
[2019.10.30-04.19.34:776][  0]LogInit: Texture streaming: Enabled
[2019.10.30-04.19.34:798][  0]LogEngineSessionManager: EngineSessionManager initialized
[2019.10.30-04.19.34:798][  0]LogEngineSessionManager: EngineSessionManager sent abnormal shutdown report. Type=Debugger, SessionId={EEF3B736-42A8-7EE7-9459-B5BCECF23DB5}
[2019.10.30-04.19.34:807][  0]LogInit: Transaction tracking system initialized
[2019.10.30-04.19.34:839][  0]BlueprintLog: New page: Editor Load
[2019.10.30-04.19.34:978][  0]LocalizationService: Localization service is disabled
[2019.10.30-04.19.35:246][  0]LogCook: Display: Max memory allowance for cook 16384mb min free memory 0mb
[2019.10.30-04.19.35:246][  0]LogCook: Display: Mobile HDR setting 1
[2019.10.30-04.19.35:247][  0]LogGameplayTags: Display: UGameplayTagsManager::DoneAddingNativeTags. DelegateIsBound: 0
[2019.10.30-04.19.35:247][  0]LogStats: UGameplayTagsManager::ConstructGameplayTagTree: ImportINI prefixes -  0.000 s
[2019.10.30-04.19.35:247][  0]LogStats: UGameplayTagsManager::ConstructGameplayTagTree: Construct from data asset -  0.000 s
[2019.10.30-04.19.35:247][  0]LogStats: UGameplayTagsManager::ConstructGameplayTagTree: ImportINI -  0.000 s
[2019.10.30-04.19.35:247][  0]LogStats: UGameplayTagsManager::ConstructGameplayTagTree: GameplayTagTreeChangedEvent.Broadcast -  0.000 s
[2019.10.30-04.19.35:403][  0]LogFileCache: Scanning file cache for directory 'C:/Users/s181813/Documents/GitHub/Chicken-Crimpy-Repository/DejaBrew/Content/' took 0.02s
[2019.10.30-04.19.35:403][  0]SourceControl: Source control is disabled
[2019.10.30-04.19.35:403][  0]Cmd: MAP LOAD FILE="../../../../../../Users/s181813/Documents/GitHub/Chicken-Crimpy-Repository/DejaBrew/Content/SideScrollerCPP/Maps/SideScrollerExampleMap.umap" TEMPLATE=0 SHOWPROGRESS=1 FEATURELEVEL=3
[2019.10.30-04.19.35:404][  0]LightingResults: New page: Lighting Build
[2019.10.30-04.19.35:407][  0]MapCheck: New page: Map Check
[2019.10.30-04.19.35:407][  0]LightingResults: New page: Lighting Build
[2019.10.30-04.19.35:575][  0]LogAIModule: Creating AISystem for world SideScrollerExampleMap
[2019.10.30-04.19.35:585][  0]LogEditorServer: Finished looking for orphan Actors (0.000 secs)
[2019.10.30-04.19.35:607][  0]Cmd: MAP CHECKDEP NOCLEARLOG
[2019.10.30-04.19.35:663][  0]MapCheck: Map check complete: 0 Error(s), 0 Warning(s), took 55.444ms to complete.
[2019.10.30-04.19.35:663][  0]LogFileHelpers: Loading map 'SideScrollerExampleMap' took 0.260
[2019.10.30-04.19.35:769][  0]LogSlate: Updating window title bar state: overlay mode, drag disabled, window buttons hidden, title bar hidden
[2019.10.30-04.19.35:776][  0]LogSlate: Updating window title bar state: overlay mode, drag disabled, window buttons hidden, title bar hidden
[2019.10.30-04.19.35:783][  0]LogSlate: Updating window title bar state: overlay mode, drag disabled, window buttons hidden, title bar hidden
[2019.10.30-04.19.35:790][  0]LogSlate: Updating window title bar state: overlay mode, drag disabled, window buttons hidden, title bar hidden
[2019.10.30-04.19.35:796][  0]LogCollectionManager: Loaded 0 collections in 0.001239 seconds
[2019.10.30-04.19.35:845][  0]LogFileCache: Scanning file cache for directory 'C:/Users/s181813/Documents/GitHub/Chicken-Crimpy-Repository/DejaBrew/Saved/Collections/' took 0.01s
[2019.10.30-04.19.35:845][  0]LogFileCache: Scanning file cache for directory 'C:/Users/s181813/Documents/GitHub/Chicken-Crimpy-Repository/DejaBrew/Content/Developers/s181813/Collections/' took 0.01s
[2019.10.30-04.19.35:845][  0]LogFileCache: Scanning file cache for directory 'C:/Users/s181813/Documents/GitHub/Chicken-Crimpy-Repository/DejaBrew/Content/Collections/' took 0.01s
[2019.10.30-04.19.35:845][  0]LogCollectionManager: Rebuilt the GUID cache for 0 collections in 0.000000 seconds
[2019.10.30-04.19.35:854][  0]LogContentBrowser: Native class hierarchy populated in 0.0081 seconds. Added 2575 classes and 605 folders.
[2019.10.30-04.19.35:859][  0]LogContentBrowser: Native class hierarchy updated for 'WidgetCarousel' in 0.0003 seconds. Added 0 classes and 0 folders.
[2019.10.30-04.19.35:888][  0]LogContentBrowser: Native class hierarchy updated for 'AddContentDialog' in 0.0003 seconds. Added 0 classes and 0 folders.
[2019.10.30-04.19.35:894][  0]LogContentBrowser: Native class hierarchy updated for 'SceneOutliner' in 0.0005 seconds. Added 1 classes and 2 folders.
[2019.10.30-04.19.36:759][  0]LogSlate: Only BGRA pngs, bmps or icos are supported in by External Image Picker
[2019.10.30-04.19.36:798][  0]LogTemp: Executing iPhonePackager certificates Engine -bundlename com.YourCompany.DejaBrew
[2019.10.30-04.19.36:798][  0]LogTemp: CWD: C:\Program Files\Epic Games\UE_4.20\Engine\Binaries\DotNET\IOS
[2019.10.30-04.19.36:798][  0]LogTemp: Initial Dir: C:\Program Files\Epic Games\UE_4.20
[2019.10.30-04.19.36:798][  0]LogTemp: Env CWD: C:\Program Files\Epic Games\UE_4.20\Engine\Binaries\DotNET\IOS
[2019.10.30-04.19.36:798][  0]LogTemp: BranchPath = SYD-4DE60A/C/Program Files/Epic Games/UE_4.20/Engine/Binaries --- GameBranchPath = SYD-4DE60A/C/Program Files/Epic Games/UE_4.20/Engine/Binaries
[2019.10.30-04.19.36:798][  0]LogTemp: IPP ERROR: Could not find provision directory 'C:\Users\s181813\AppData\Local/Apple Computer/MobileDevice/Provisioning Profiles/'.
[2019.10.30-04.19.36:818][  0]LogContentBrowser: Native class hierarchy updated for 'HierarchicalLODOutliner' in 0.0004 seconds. Added 0 classes and 0 folders.
[2019.10.30-04.19.36:818][  0]LogLoad: (Engine Initialization) Total time: 8.65 seconds
[2019.10.30-04.19.36:819][  0]LogLoad: (Engine Initialization) Total Blueprint compile time: 0.00 seconds
[2019.10.30-04.19.36:829][  0]LogWindowsTextInputMethodSystem: Display: IME system now deactivated.
[2019.10.30-04.19.36:856][  0]LogContentStreaming: Texture pool size now 1000 MB
[2019.10.30-04.19.36:858][  0]LogSlate: Took 0.000197 seconds to synchronously load lazily loaded font '../../../Engine/Content/Slate/Fonts/Roboto-Regular.ttf' (155K)
[2019.10.30-04.19.36:859][  0]LogSlate: Took 0.000131 seconds to synchronously load lazily loaded font '../../../Engine/Content/Slate/Fonts/Roboto-Bold.ttf' (160K)
[2019.10.30-04.19.36:864][  0]LogSlate: Took 0.000142 seconds to synchronously load lazily loaded font '../../../Engine/Content/Editor/Slate/Fonts/FontAwesome.ttf' (139K)
[2019.10.30-04.19.36:902][  0]LogRenderer: Reallocating scene render targets to support 64x64 Format 10 NumSamples 1 (Frame:1).
[2019.10.30-04.19.36:964][  0]LogRenderer: Reallocating scene render targets to support 708x360 Format 10 NumSamples 1 (Frame:1).
[2019.10.30-04.19.36:964][  0]LogSlate: Took 0.000216 seconds to synchronously load lazily loaded font '../../../Engine/Content/Slate/Fonts/Roboto-Light.ttf' (167K)
[2019.10.30-04.19.37:051][  1]LogAssetRegistry: Asset discovery search completed in 5.1253 seconds
[2019.10.30-04.19.37:055][  1]LogCollectionManager: Rebuilt the object cache for 0 collections in 0.000001 seconds (found 0 objects)
[2019.10.30-04.19.37:056][  1]LogCollectionManager: Fixed up redirectors for 0 collections in 0.000341 seconds (updated 0 objects)
[2019.10.30-04.19.45:488][  2]LogSlate: FSceneViewport::OnFocusLost() reason 0
[2019.10.30-04.19.45:596][ 15]LogTemp: Repeating last play command: New Editor Window (PIE)
[2019.10.30-04.19.45:614][ 15]LogBlueprintUserMessages: Early PlayInEditor Detection: Level '/Game/SideScrollerCPP/Maps/SideScrollerExampleMap.SideScrollerExampleMap:PersistentLevel' has LevelScriptBlueprint '/Game/SideScrollerCPP/Maps/SideScrollerExampleMap.SideScrollerExampleMap:PersistentLevel.SideScrollerExampleMap' with GeneratedClass '/Game/SideScrollerCPP/Maps/SideScrollerExampleMap.SideScrollerExampleMap_C' with ClassGeneratedBy '/Game/SideScrollerCPP/Maps/SideScrollerExampleMap.SideScrollerExampleMap:PersistentLevel.SideScrollerExampleMap'
[2019.10.30-04.19.45:614][ 15]LogPlayLevel: PlayLevel: No blueprints needed recompiling
[2019.10.30-04.19.45:627][ 15]PIE: New page: PIE session: SideScrollerExampleMap (Oct 31, 2019, 2:19:45 AM)
[2019.10.30-04.19.45:628][ 15]LogPlayLevel: Creating play world package: /Game/SideScrollerCPP/Maps/UEDPIE_0_SideScrollerExampleMap
[2019.10.30-04.19.45:649][ 15]LogPlayLevel: PIE: StaticDuplicateObject took: (0.021103s)
[2019.10.30-04.19.45:650][ 15]LogAIModule: Creating AISystem for world SideScrollerExampleMap
[2019.10.30-04.19.45:650][ 15]LogPlayLevel: PIE: World Init took: (0.001015s)
[2019.10.30-04.19.45:650][ 15]LogPlayLevel: PIE: Created PIE world by copying editor world from /Game/SideScrollerCPP/Maps/SideScrollerExampleMap.SideScrollerExampleMap to /Game/SideScrollerCPP/Maps/UEDPIE_0_SideScrollerExampleMap.SideScrollerExampleMap (0.022473s)
[2019.10.30-04.19.45:677][ 15]LogInit: XAudio2 using 'Realtek HD Audio 2nd output (Realtek High Definition Audio)' : 2 channels at 48 kHz using 32 bits per sample (channel mask 0x3)
[2019.10.30-04.19.45:690][ 15]LogInit: FAudioDevice initialized.
[2019.10.30-04.19.45:700][ 15]LogSlate: Updating window title bar state: overlay mode, drag disabled, window buttons hidden, title bar hidden
[2019.10.30-04.19.45:761][ 15]LogLoad: Game class is 'DejaBrewGameMode'
[2019.10.30-04.19.45:765][ 15]LogWorld: Bringing World /Game/SideScrollerCPP/Maps/UEDPIE_0_SideScrollerExampleMap.SideScrollerExampleMap up for play (max tick rate 0) at 2019.10.30-15.19.45
[2019.10.30-04.19.45:766][ 15]LogWorld: Bringing up level for play took: 0.002243
[2019.10.30-04.19.45:783][ 15]LogContentBrowser: Native class hierarchy updated for 'MovieSceneCapture' in 0.0003 seconds. Added 10 classes and 0 folders.
[2019.10.30-04.19.45:787][ 15]PIE: Play in editor start time for /Game/SideScrollerCPP/Maps/UEDPIE_0_SideScrollerExampleMap 0.515
[2019.10.30-04.19.45:787][ 15]LogBlueprintUserMessages: Late PlayInEditor Detection: Level '/Game/SideScrollerCPP/Maps/SideScrollerExampleMap.SideScrollerExampleMap:PersistentLevel' has LevelScriptBlueprint '/Game/SideScrollerCPP/Maps/SideScrollerExampleMap.SideScrollerExampleMap:PersistentLevel.SideScrollerExampleMap' with GeneratedClass '/Game/SideScrollerCPP/Maps/SideScrollerExampleMap.SideScrollerExampleMap_C' with ClassGeneratedBy '/Game/SideScrollerCPP/Maps/SideScrollerExampleMap.SideScrollerExampleMap:PersistentLevel.SideScrollerExampleMap'
[2019.10.30-04.19.45:825][ 15]LogRenderer: Reallocating scene render targets to support 1292x756 Format 10 NumSamples 1 (Frame:1).
[2019.10.30-04.19.51:435][683]LogBlueprintUserMessages: Early EndPlayMap Detection: Level '/Game/SideScrollerCPP/Maps/SideScrollerExampleMap.SideScrollerExampleMap:PersistentLevel' has LevelScriptBlueprint '/Game/SideScrollerCPP/Maps/SideScrollerExampleMap.SideScrollerExampleMap:PersistentLevel.SideScrollerExampleMap' with GeneratedClass '/Game/SideScrollerCPP/Maps/SideScrollerExampleMap.SideScrollerExampleMap_C' with ClassGeneratedBy '/Game/SideScrollerCPP/Maps/SideScrollerExampleMap.SideScrollerExampleMap:PersistentLevel.SideScrollerExampleMap'
[2019.10.30-04.19.51:436][683]LogSlate: Updating window title bar state: overlay mode, drag disabled, window buttons hidden, title bar hidden
[2019.10.30-04.19.51:452][683]LogSlate: Window 'DejaBrew Game Preview Standalone (64-bit/PCD3D_SM5)' being destroyed
[2019.10.30-04.19.51:488][683]LogPlayLevel: Display: Shutting down PIE online subsystems
[2019.10.30-04.19.51:489][683]LogBlueprintUserMessages: Late EndPlayMap Detection: Level '/Game/SideScrollerCPP/Maps/SideScrollerExampleMap.SideScrollerExampleMap:PersistentLevel' has LevelScriptBlueprint '/Game/SideScrollerCPP/Maps/SideScrollerExampleMap.SideScrollerExampleMap:PersistentLevel.SideScrollerExampleMap' with GeneratedClass '/Game/SideScrollerCPP/Maps/SideScrollerExampleMap.SideScrollerExampleMap_C' with ClassGeneratedBy '/Game/SideScrollerCPP/Maps/SideScrollerExampleMap.SideScrollerExampleMap:PersistentLevel.SideScrollerExampleMap'
[2019.10.30-04.19.51:536][686]LogPlayLevel: Display: Destroying online subsystem :Context_3
[2019.10.30-04.19.58:306][405]LogTemp: Repeating last play command: New Editor Window (PIE)
[2019.10.30-04.19.58:324][405]LogBlueprintUserMessages: Early PlayInEditor Detection: Level '/Game/SideScrollerCPP/Maps/SideScrollerExampleMap.SideScrollerExampleMap:PersistentLevel' has LevelScriptBlueprint '/Game/SideScrollerCPP/Maps/SideScrollerExampleMap.SideScrollerExampleMap:PersistentLevel.SideScrollerExampleMap' with GeneratedClass '/Game/SideScrollerCPP/Maps/SideScrollerExampleMap.SideScrollerExampleMap_C' with ClassGeneratedBy '/Game/SideScrollerCPP/Maps/SideScrollerExampleMap.SideScrollerExampleMap:PersistentLevel.SideScrollerExampleMap'
[2019.10.30-04.19.58:325][405]LogPlayLevel: PlayLevel: No blueprints needed recompiling
[2019.10.30-04.19.58:325][405]PIE: New page: PIE session: SideScrollerExampleMap (Oct 31, 2019, 2:19:58 AM)
[2019.10.30-04.19.58:325][405]LogPlayLevel: Creating play world package: /Game/SideScrollerCPP/Maps/UEDPIE_0_SideScrollerExampleMap
[2019.10.30-04.19.58:338][405]LogPlayLevel: PIE: StaticDuplicateObject took: (0.012956s)
[2019.10.30-04.19.58:339][405]LogAIModule: Creating AISystem for world SideScrollerExampleMap
[2019.10.30-04.19.58:339][405]LogPlayLevel: PIE: World Init took: (0.001076s)
[2019.10.30-04.19.58:339][405]LogPlayLevel: PIE: Created PIE world by copying editor world from /Game/SideScrollerCPP/Maps/SideScrollerExampleMap.SideScrollerExampleMap to /Game/SideScrollerCPP/Maps/UEDPIE_0_SideScrollerExampleMap.SideScrollerExampleMap (0.014472s)
[2019.10.30-04.19.58:367][405]LogInit: XAudio2 using 'Realtek HD Audio 2nd output (Realtek High Definition Audio)' : 2 channels at 48 kHz using 32 bits per sample (channel mask 0x3)
[2019.10.30-04.19.58:378][405]LogInit: FAudioDevice initialized.
[2019.10.30-04.19.58:388][405]LogSlate: Updating window title bar state: overlay mode, drag disabled, window buttons hidden, title bar hidden
[2019.10.30-04.19.58:434][405]LogLoad: Game class is 'DejaBrewGameMode'
[2019.10.30-04.19.58:437][405]LogWorld: Bringing World /Game/SideScrollerCPP/Maps/UEDPIE_0_SideScrollerExampleMap.SideScrollerExampleMap up for play (max tick rate 0) at 2019.10.30-15.19.58
[2019.10.30-04.19.58:438][405]LogWorld: Bringing up level for play took: 0.002675
[2019.10.30-04.19.58:453][405]PIE: Play in editor start time for /Game/SideScrollerCPP/Maps/UEDPIE_0_SideScrollerExampleMap -0.818
[2019.10.30-04.19.58:454][405]LogBlueprintUserMessages: Late PlayInEditor Detection: Level '/Game/SideScrollerCPP/Maps/SideScrollerExampleMap.SideScrollerExampleMap:PersistentLevel' has LevelScriptBlueprint '/Game/SideScrollerCPP/Maps/SideScrollerExampleMap.SideScrollerExampleMap:PersistentLevel.SideScrollerExampleMap' with GeneratedClass '/Game/SideScrollerCPP/Maps/SideScrollerExampleMap.SideScrollerExampleMap_C' with ClassGeneratedBy '/Game/SideScrollerCPP/Maps/SideScrollerExampleMap.SideScrollerExampleMap:PersistentLevel.SideScrollerExampleMap'
[2019.10.30-04.20.00:497][643]LogBlueprintUserMessages: Early EndPlayMap Detection: Level '/Game/SideScrollerCPP/Maps/SideScrollerExampleMap.SideScrollerExampleMap:PersistentLevel' has LevelScriptBlueprint '/Game/SideScrollerCPP/Maps/SideScrollerExampleMap.SideScrollerExampleMap:PersistentLevel.SideScrollerExampleMap' with GeneratedClass '/Game/SideScrollerCPP/Maps/SideScrollerExampleMap.SideScrollerExampleMap_C' with ClassGeneratedBy '/Game/SideScrollerCPP/Maps/SideScrollerExampleMap.SideScrollerExampleMap:PersistentLevel.SideScrollerExampleMap'
[2019.10.30-04.20.00:498][643]LogSlate: Updating window title bar state: overlay mode, drag disabled, window buttons hidden, title bar hidden
[2019.10.30-04.20.00:514][643]LogSlate: Window 'DejaBrew Game Preview Standalone (64-bit/PCD3D_SM5)' being destroyed
[2019.10.30-04.20.00:552][643]LogPlayLevel: Display: Shutting down PIE online subsystems
[2019.10.30-04.20.00:553][643]LogBlueprintUserMessages: Late EndPlayMap Detection: Level '/Game/SideScrollerCPP/Maps/SideScrollerExampleMap.SideScrollerExampleMap:PersistentLevel' has LevelScriptBlueprint '/Game/SideScrollerCPP/Maps/SideScrollerExampleMap.SideScrollerExampleMap:PersistentLevel.SideScrollerExampleMap' with GeneratedClass '/Game/SideScrollerCPP/Maps/SideScrollerExampleMap.SideScrollerExampleMap_C' with ClassGeneratedBy '/Game/SideScrollerCPP/Maps/SideScrollerExampleMap.SideScrollerExampleMap:PersistentLevel.SideScrollerExampleMap'
[2019.10.30-04.20.00:615][645]LogPlayLevel: Display: Destroying online subsystem :Context_4
[2019.10.30-04.20.01:199][713]Candidate modules for hot reload:
[2019.10.30-04.20.01:199][713]  DejaBrew
[2019.10.30-04.20.01:200][713]Launching UnrealBuildTool... [C:/Program Files/Epic Games/UE_4.20/Engine/Binaries/DotNET/UnrealBuildTool.exe  -ModuleWithSuffix=DejaBrew,4968 Win64 Development -TargetType=Editor -Project="../../../../../../Users/s181813/Documents/GitHub/Chicken-Crimpy-Repository/DejaBrew/DejaBrew.uproject" -canskiplink "C:/Users/s181813/Documents/GitHub/Chicken-Crimpy-Repository/DejaBrew/DejaBrew.uproject" ]
[2019.10.30-04.20.01:205][713]Warning: Starting HotReload took  0.0s.
[2019.10.30-04.20.06:125][835]CompilerResultsLog: New page: Compilation - Oct 31, 2019, 2:20:06 AM
[2019.10.30-04.20.06:125][835]CompilerResultsLog: Using 'git status' to determine working set for adaptive non-unity build.
[2019.10.30-04.20.06:125][835]CompilerResultsLog: Creating makefile for hot reloading DejaBrewEditor (modules to compile have changed)
[2019.10.30-04.20.06:125][835]CompilerResultsLog: Compiling game modules for hot reload
[2019.10.30-04.20.06:125][835]CompilerResultsLog: Using Visual Studio 2017 14.16.27023 toolchain (C:\Program Files (x86)\Microsoft Visual Studio\2017\Enterprise\VC\Tools\MSVC\14.16.27023) and Windows 10.0.17763.0 SDK (C:\Program Files (x86)\Windows Kits\10).
[2019.10.30-04.20.06:125][835]CompilerResultsLog: Target is up to date
[2019.10.30-04.20.06:126][835]CompilerResultsLog: Total build time: 4.55 seconds (NoActionsToExecute executor: 0.00 seconds)
[2019.10.30-04.20.06:126][835]LogMainFrame: MainFrame: Module compiling took 4.931 seconds
[2019.10.30-04.20.06:156][835]LogContentBrowser: Native class hierarchy populated in 0.0083 seconds. Added 2576 classes and 607 folders.
[2019.10.30-04.20.06:157][835]Display: HotReload took  5.0s.
[2019.10.30-04.20.08:789][842]LogTemp: Repeating last play command: New Editor Window (PIE)
[2019.10.30-04.20.08:807][842]LogBlueprintUserMessages: Early PlayInEditor Detection: Level '/Game/SideScrollerCPP/Maps/SideScrollerExampleMap.SideScrollerExampleMap:PersistentLevel' has LevelScriptBlueprint '/Game/SideScrollerCPP/Maps/SideScrollerExampleMap.SideScrollerExampleMap:PersistentLevel.SideScrollerExampleMap' with GeneratedClass '/Game/SideScrollerCPP/Maps/SideScrollerExampleMap.SideScrollerExampleMap_C' with ClassGeneratedBy '/Game/SideScrollerCPP/Maps/SideScrollerExampleMap.SideScrollerExampleMap:PersistentLevel.SideScrollerExampleMap'
[2019.10.30-04.20.08:807][842]LogPlayLevel: PlayLevel: No blueprints needed recompiling
[2019.10.30-04.20.08:807][842]PIE: New page: PIE session: SideScrollerExampleMap (Oct 31, 2019, 2:20:08 AM)
[2019.10.30-04.20.08:808][842]LogPlayLevel: Creating play world package: /Game/SideScrollerCPP/Maps/UEDPIE_0_SideScrollerExampleMap
[2019.10.30-04.20.08:818][842]LogPlayLevel: PIE: StaticDuplicateObject took: (0.010352s)
[2019.10.30-04.20.08:819][842]LogAIModule: Creating AISystem for world SideScrollerExampleMap
[2019.10.30-04.20.08:819][842]LogPlayLevel: PIE: World Init took: (0.000951s)
[2019.10.30-04.20.08:819][842]LogPlayLevel: PIE: Created PIE world by copying editor world from /Game/SideScrollerCPP/Maps/SideScrollerExampleMap.SideScrollerExampleMap to /Game/SideScrollerCPP/Maps/UEDPIE_0_SideScrollerExampleMap.SideScrollerExampleMap (0.011817s)
[2019.10.30-04.20.08:847][842]LogInit: XAudio2 using 'Realtek HD Audio 2nd output (Realtek High Definition Audio)' : 2 channels at 48 kHz using 32 bits per sample (channel mask 0x3)
[2019.10.30-04.20.08:860][842]LogInit: FAudioDevice initialized.
[2019.10.30-04.20.08:871][842]LogSlate: Updating window title bar state: overlay mode, drag disabled, window buttons hidden, title bar hidden
[2019.10.30-04.20.08:918][842]LogLoad: Game class is 'DejaBrewGameMode'
[2019.10.30-04.20.08:922][842]LogWorld: Bringing World /Game/SideScrollerCPP/Maps/UEDPIE_0_SideScrollerExampleMap.SideScrollerExampleMap up for play (max tick rate 0) at 2019.10.30-15.20.08
[2019.10.30-04.20.08:922][842]LogWorld: Bringing up level for play took: 0.002668
[2019.10.30-04.20.08:940][842]PIE: Play in editor start time for /Game/SideScrollerCPP/Maps/UEDPIE_0_SideScrollerExampleMap -0.331
[2019.10.30-04.20.08:940][842]LogBlueprintUserMessages: Late PlayInEditor Detection: Level '/Game/SideScrollerCPP/Maps/SideScrollerExampleMap.SideScrollerExampleMap:PersistentLevel' has LevelScriptBlueprint '/Game/SideScrollerCPP/Maps/SideScrollerExampleMap.SideScrollerExampleMap:PersistentLevel.SideScrollerExampleMap' with GeneratedClass '/Game/SideScrollerCPP/Maps/SideScrollerExampleMap.SideScrollerExampleMap_C' with ClassGeneratedBy '/Game/SideScrollerCPP/Maps/SideScrollerExampleMap.SideScrollerExampleMap:PersistentLevel.SideScrollerExampleMap'
[2019.10.30-04.20.14:333][457]LogBlueprintUserMessages: Early EndPlayMap Detection: Level '/Game/SideScrollerCPP/Maps/SideScrollerExampleMap.SideScrollerExampleMap:PersistentLevel' has LevelScriptBlueprint '/Game/SideScrollerCPP/Maps/SideScrollerExampleMap.SideScrollerExampleMap:PersistentLevel.SideScrollerExampleMap' with GeneratedClass '/Game/SideScrollerCPP/Maps/SideScrollerExampleMap.SideScrollerExampleMap_C' with ClassGeneratedBy '/Game/SideScrollerCPP/Maps/SideScrollerExampleMap.SideScrollerExampleMap:PersistentLevel.SideScrollerExampleMap'
[2019.10.30-04.20.14:334][457]LogSlate: Updating window title bar state: overlay mode, drag disabled, window buttons hidden, title bar hidden
[2019.10.30-04.20.14:350][457]LogSlate: Window 'DejaBrew Game Preview Standalone (64-bit/PCD3D_SM5)' being destroyed
[2019.10.30-04.20.14:383][457]LogPlayLevel: Display: Shutting down PIE online subsystems
[2019.10.30-04.20.14:384][457]LogBlueprintUserMessages: Late EndPlayMap Detection: Level '/Game/SideScrollerCPP/Maps/SideScrollerExampleMap.SideScrollerExampleMap:PersistentLevel' has LevelScriptBlueprint '/Game/SideScrollerCPP/Maps/SideScrollerExampleMap.SideScrollerExampleMap:PersistentLevel.SideScrollerExampleMap' with GeneratedClass '/Game/SideScrollerCPP/Maps/SideScrollerExampleMap.SideScrollerExampleMap_C' with ClassGeneratedBy '/Game/SideScrollerCPP/Maps/SideScrollerExampleMap.SideScrollerExampleMap:PersistentLevel.SideScrollerExampleMap'
[2019.10.30-04.20.14:442][459]LogPlayLevel: Display: Destroying online subsystem :Context_5
[2019.10.30-04.20.16:458][701]LogEditorViewport: Clicking on Actor (LMB): StaticMeshActor (Wall3)
[2019.10.30-04.20.17:607][831]LogEditorViewport: Clicking on Actor (LMB): SideScrollerCharacter_C (SideScrollerCharacter)
[2019.10.30-04.20.19:079][990]LogSlate: Took 0.000165 seconds to synchronously load lazily loaded font '../../../Engine/Content/Slate/Fonts/Roboto-Italic.ttf' (157K)
[2019.10.30-04.20.25:581][768]LogSlate: FSceneViewport::OnFocusLost() reason 0
[2019.10.30-04.20.39:684][163]LogSlate: Took 0.000182 seconds to synchronously load lazily loaded font '../../../Engine/Content/Slate/Fonts/Roboto-Light.ttf' (167K)
[2019.10.30-04.20.39:836][163]LogSavePackage: Moving '../../../../../../Users/s181813/Documents/GitHub/Chicken-Crimpy-Repository/DejaBrew/Saved/SideScrollerExampleMap00CCD7C34FDD305B963EF3AC5387D8E0.tmp' to '../../../../../../Users/s181813/Documents/GitHub/Chicken-Crimpy-Repository/DejaBrew/Content/SideScrollerCPP/Maps/SideScrollerExampleMap.umap'
[2019.10.30-04.20.40:024][163]LogSavePackage: Moving '../../../../../../Users/s181813/Documents/GitHub/Chicken-Crimpy-Repository/DejaBrew/Saved/SideScrollerExampleMap_BuiltData42D606D04007B527FE1C00B5686385F3.tmp' to '../../../../../../Users/s181813/Documents/GitHub/Chicken-Crimpy-Repository/DejaBrew/Content/SideScrollerCPP/Maps/SideScrollerExampleMap_BuiltData.uasset'
[2019.10.30-04.20.41:764][357]LogTemp: Repeating last play command: New Editor Window (PIE)
[2019.10.30-04.20.41:780][357]LogBlueprintUserMessages: Early PlayInEditor Detection: Level '/Game/SideScrollerCPP/Maps/SideScrollerExampleMap.SideScrollerExampleMap:PersistentLevel' has LevelScriptBlueprint '/Game/SideScrollerCPP/Maps/SideScrollerExampleMap.SideScrollerExampleMap:PersistentLevel.SideScrollerExampleMap' with GeneratedClass '/Game/SideScrollerCPP/Maps/SideScrollerExampleMap.SideScrollerExampleMap_C' with ClassGeneratedBy '/Game/SideScrollerCPP/Maps/SideScrollerExampleMap.SideScrollerExampleMap:PersistentLevel.SideScrollerExampleMap'
[2019.10.30-04.20.41:780][357]LogPlayLevel: PlayLevel: No blueprints needed recompiling
[2019.10.30-04.20.41:780][357]PIE: New page: PIE session: SideScrollerExampleMap (Oct 31, 2019, 2:20:41 AM)
[2019.10.30-04.20.41:780][357]LogPlayLevel: Creating play world package: /Game/SideScrollerCPP/Maps/UEDPIE_0_SideScrollerExampleMap
[2019.10.30-04.20.41:792][357]LogPlayLevel: PIE: StaticDuplicateObject took: (0.010897s)
[2019.10.30-04.20.41:792][357]LogAIModule: Creating AISystem for world SideScrollerExampleMap
[2019.10.30-04.20.41:793][357]LogPlayLevel: PIE: World Init took: (0.001065s)
[2019.10.30-04.20.41:793][357]LogPlayLevel: PIE: Created PIE world by copying editor world from /Game/SideScrollerCPP/Maps/SideScrollerExampleMap.SideScrollerExampleMap to /Game/SideScrollerCPP/Maps/UEDPIE_0_SideScrollerExampleMap.SideScrollerExampleMap (0.012478s)
