Log file open, 11/13/19 09:58:49
LogWindows: Failed to load 'aqProf.dll' (GetLastError=126)
LogWindows: File 'aqProf.dll' does not exist
LogWindows: Failed to load 'VSPerf140.dll' (GetLastError=126)
LogWindows: File 'VSPerf140.dll' does not exist
LogWindows: Failed to load 'VtuneApi.dll' (GetLastError=126)
LogWindows: File 'VtuneApi.dll' does not exist
LogWindows: Failed to load 'VtuneApi32e.dll' (GetLastError=126)
LogWindows: File 'VtuneApi32e.dll' does not exist
LogInit: Display: Running engine for game: DejaBrew
LogPlatformFile: Not using cached read wrapper
LogTaskGraph: Started task graph with 5 named threads and 23 total threads with 3 sets of task threads.
LogStats: Stats thread started at 0.359217
LogD3D11RHI: Loaded GFSDK_Aftermath_Lib.x64.dll
LogICUInternationalization: Display: ICU TimeZone Detection - Raw Offset: +10:00, Platform Override: ''
LogPluginManager: Mounting plugin Paper2D
LogPluginManager: Mounting plugin AISupport
LogPluginManager: Mounting plugin LightPropagationVolume
LogPluginManager: Mounting plugin CLionSourceCodeAccess
LogPluginManager: Mounting plugin CodeLiteSourceCodeAccess
LogPluginManager: Mounting plugin GitSourceControl
LogPluginManager: Mounting plugin KDevelopSourceCodeAccess
LogPluginManager: Mounting plugin NullSourceCodeAccess
LogPluginManager: Mounting plugin PerforceSourceControl
LogPluginManager: Mounting plugin SubversionSourceControl
LogPluginManager: Mounting plugin UObjectPlugin
LogPluginManager: Mounting plugin VisualStudioCodeSourceCodeAccess
LogPluginManager: Mounting plugin VisualStudioSourceCodeAccess
LogPluginManager: Mounting plugin XCodeSourceCodeAccess
LogPluginManager: Mounting plugin AssetManagerEditor
LogPluginManager: Mounting plugin CryptoKeys
LogPluginManager: Mounting plugin DataValidation
LogPluginManager: Mounting plugin FacialAnimation
LogPluginManager: Mounting plugin GameplayTagsEditor
LogPluginManager: Mounting plugin MacGraphicsSwitching
LogPluginManager: Mounting plugin MeshEditor
LogPluginManager: Mounting plugin MobileLauncherProfileWizard
LogPluginManager: Mounting plugin PluginBrowser
LogPluginManager: Mounting plugin SpeedTreeImporter
LogPluginManager: Mounting plugin DatasmithContent
LogPluginManager: Mounting plugin AlembicImporter
LogPluginManager: Mounting plugin AppleImageUtils
LogPluginManager: Mounting plugin AppleVision
LogPluginManager: Mounting plugin BackChannel
LogPluginManager: Mounting plugin CharacterAI
LogPluginManager: Mounting plugin GeometryCache
LogPluginManager: Mounting plugin HTML5Networking
LogPluginManager: Mounting plugin ProxyLODPlugin
LogPluginManager: Mounting plugin MagicLeap
LogPluginManager: Mounting plugin MagicLeapEmulator
LogPluginManager: Mounting plugin MagicLeapMedia
LogPluginManager: Mounting plugin AndroidMedia
LogPluginManager: Mounting plugin AvfMedia
LogPluginManager: Mounting plugin ImgMedia
LogPluginManager: Mounting plugin LinearTimecode
LogPluginManager: Mounting plugin MediaCompositing
LogPluginManager: Mounting plugin MediaPlayerEditor
LogPluginManager: Mounting plugin WmfMedia
LogPluginManager: Mounting plugin TcpMessaging
LogPluginManager: Mounting plugin UdpMessaging
LogPluginManager: Mounting plugin ActorSequence
LogPluginManager: Mounting plugin LevelSequenceEditor
LogPluginManager: Mounting plugin MatineeToLevelSequence
LogPluginManager: Mounting plugin NetcodeUnitTest
LogPluginManager: Mounting plugin NUTUnrealEngine4
LogPluginManager: Mounting plugin OnlineSubsystemGooglePlay
LogPluginManager: Mounting plugin OnlineSubsystemIOS
LogPluginManager: Mounting plugin OnlineSubsystem
LogPluginManager: Mounting plugin OnlineSubsystemNull
LogPluginManager: Mounting plugin OnlineSubsystemUtils
LogPluginManager: Mounting plugin LauncherChunkInstaller
LogPluginManager: Mounting plugin AndroidDeviceProfileSelector
LogPluginManager: Mounting plugin AndroidMoviePlayer
LogPluginManager: Mounting plugin AndroidPermission
LogPluginManager: Mounting plugin AppleMoviePlayer
LogPluginManager: Mounting plugin ArchVisCharacter
LogPluginManager: Mounting plugin AudioCapture
LogPluginManager: Mounting plugin CableComponent
LogPluginManager: Mounting plugin CustomMeshComponent
LogPluginManager: Mounting plugin EditableMesh
LogPluginManager: Mounting plugin ExampleDeviceProfileSelector
LogPluginManager: Mounting plugin GoogleCloudMessaging
LogPluginManager: Mounting plugin ImmediatePhysics
LogPluginManager: Mounting plugin IOSDeviceProfileSelector
LogPluginManager: Mounting plugin LinuxDeviceProfileSelector
LogPluginManager: Mounting plugin LocationServicesBPLibrary
LogPluginManager: Mounting plugin MobilePatchingUtils
LogPluginManager: Mounting plugin OculusVR
LogPluginManager: Plugin shader directory ../../../Engine/Plugins/Runtime/Oculus/OculusVR/Shaders found
LogPluginManager: Mapping shader source directory ../../../Engine/Plugins/Runtime/Oculus/OculusVR/Shaders to virtual directory /Plugin/OculusVR
LogPluginManager: Mounting plugin PhysXVehicles
LogPluginManager: Mounting plugin ProceduralMeshComponent
LogPluginManager: Mounting plugin RuntimePhysXCooking
LogPluginManager: Mounting plugin SteamVR
LogPluginManager: Mounting plugin WindowsMoviePlayer
LogStreaming: Display: Took  0.114s to configure plugins.
LogInit: Using libcurl 7.55.1-DEV
LogInit:  - built for x86_64-pc-win32
LogInit:  - supports SSL with OpenSSL/1.0.2h
LogInit:  - supports HTTP deflate (compression) using libz 1.2.8
LogInit:  - other features:
LogInit:      CURL_VERSION_SSL
LogInit:      CURL_VERSION_LIBZ
LogInit:      CURL_VERSION_IPV6
LogInit:      CURL_VERSION_ASYNCHDNS
LogInit:      CURL_VERSION_LARGEFILE
LogInit:      CURL_VERSION_IDN
LogInit:  CurlRequestOptions (configurable via config and command line):
LogInit:  - bVerifyPeer = false  - Libcurl will NOT verify peer certificate
LogInit:  - bUseHttpProxy = false  - Libcurl will NOT use HTTP proxy
LogInit:  - bDontReuseConnections = false  - Libcurl will reuse connections
LogInit:  - CertBundlePath = nullptr  - Libcurl will use whatever was configured at build time.
LogInit:  - MaxHostConnections = 16  - Libcurl will limit the number of connections to a host
LogInit:  - LocalHostAddr = Default
LogInit:  - BufferSize = 65536
LogInit: WinSock: version 1.1 (2.2), MaxSocks=32767, MaxUdp=65467
LogInit: Build: ++UE4+Release-4.20-CL-4369336
LogInit: Engine Version: 4.20.3-4369336+++UE4+Release-4.20
LogInit: Compatible Engine Version: 4.20.0-4212847+++UE4+Release-4.20
LogInit: Net CL: 4212847
LogInit: OS: Windows 10 (), CPU: Intel(R) Core(TM) i7-6700 CPU @ 3.40GHz, GPU: NVIDIA GeForce GTX 960
LogInit: Compiled (64-bit): Sep 17 2018 12:26:19
LogInit: Compiled with Visual C++: 19.13.26129.00
LogInit: Build Configuration: Development
LogInit: Branch Name: ++UE4+Release-4.20
LogInit: Command Line:  -skipcompile
LogInit: Base Directory: C:/Program Files/Epic Games/UE_4.20/Engine/Binaries/Win64/
LogInit: Installed Engine Build: 1
LogDevObjectVersion: Number of dev versions registered: 20
LogDevObjectVersion:   Dev-Blueprints (B0D832E4-1F89-4F0D-ACCF-7EB736FD4AA2): 10
LogDevObjectVersion:   Dev-Build (E1C64328-A22C-4D53-A36C-8E866417BD8C): 0
LogDevObjectVersion:   Dev-Core (375EC13C-06E4-48FB-B500-84F0262A717E): 2
LogDevObjectVersion:   Dev-Editor (E4B068ED-F494-42E9-A231-DA0B2E46BB41): 24
LogDevObjectVersion:   Dev-Framework (CFFC743F-43B0-4480-9391-14DF171D2073): 34
LogDevObjectVersion:   Dev-Mobile (B02B49B5-BB20-44E9-A304-32B752E40360): 2
LogDevObjectVersion:   Dev-Networking (A4E4105C-59A1-49B5-A7C5-40C4547EDFEE): 0
LogDevObjectVersion:   Dev-Online (39C831C9-5AE6-47DC-9A44-9C173E1C8E7C): 0
LogDevObjectVersion:   Dev-Physics (78F01B33-EBEA-4F98-B9B4-84EACCB95AA2): 0
LogDevObjectVersion:   Dev-Platform (6631380F-2D4D-43E0-8009-CF276956A95A): 0
LogDevObjectVersion:   Dev-Rendering (12F88B9F-8875-4AFC-A67C-D90C383ABD29): 26
LogDevObjectVersion:   Dev-Sequencer (7B5AE74C-D270-4C10-A958-57980B212A5A): 9
LogDevObjectVersion:   Dev-VR (D7296918-1DD6-4BDD-9DE2-64A83CC13884): 2
LogDevObjectVersion:   Dev-LoadTimes (C2A15278-BFE7-4AFE-6C17-90FF531DF755): 1
LogDevObjectVersion:   Private-Geometry (6EACA3D4-40EC-4CC1-B786-8BED09428FC5): 3
LogDevObjectVersion:   Dev-AnimPhys (29E575DD-E0A3-4627-9D10-D276232CDCEA): 17
LogDevObjectVersion:   Dev-ReflectionCapture (6B266CEC-1EC7-4B8F-A30B-E4D90942FC07): 1
LogDevObjectVersion:   Dev-Automation (0DF73D61-A23F-47EA-B727-89E90C41499A): 1
LogDevObjectVersion:   FortniteMain (601D1886-AC64-4F84-AA16-D3DE0DEAC7D6): 12
LogDevObjectVersion:   Dev-Enterprise (9DFFBCD6-494F-0158-E221-12823C92A888): 1
LogStreaming: Display: Took  0.003s to delete old logs.
LogInit: Presizing for max 8388607 objects, including 0 objects not considered by GC, pre-allocating 0 bytes for permanent pool.
LogInit: Object subsystem initialized
[2019.11.12-22.58.49:969][  0]LogInit: Selected Device Profile: [Windows]
[2019.11.12-22.58.49:969][  0]LogInit: Applying CVar settings loaded from the selected device profile: [Windows]
[2019.11.12-22.58.49:984][  0]LogHAL: Display: Platform has ~ 32 GB [34293071872 / 34359738368 / 32], which maps to Largest [LargestMinGB=32, LargerMinGB=12, DefaultMinGB=8, SmallerMinGB=6, SmallestMinGB=0)
[2019.11.12-22.58.49:984][  0]LogInit: Setting Device Profile CVar: [[r.Vulkan.UseRealUBs:1]]
[2019.11.12-22.58.49:985][  0]LogInit: Going up to parent DeviceProfile []
[2019.11.12-22.58.49:985][  0]LogInit: Computer: SYD-4DE60A
[2019.11.12-22.58.49:985][  0]LogInit: User: s181813
[2019.11.12-22.58.49:985][  0]LogInit: CPU Page size=4096, Cores=4
[2019.11.12-22.58.49:985][  0]LogInit: High frequency timer resolution =3.328131 MHz
[2019.11.12-22.58.49:986][  0]LogMemory: Memory total: Physical=31.9GB (32GB approx)
[2019.11.12-22.58.49:986][  0]LogMemory: Platform Memory Stats for Windows
[2019.11.12-22.58.49:986][  0]LogMemory: Process Physical Memory: 102.10 MB used, 102.10 MB peak
[2019.11.12-22.58.49:986][  0]LogMemory: Process Virtual Memory: 93.05 MB used, 93.05 MB peak
[2019.11.12-22.58.49:986][  0]LogMemory: Physical Memory: 7025.31 MB used,  25679.11 MB free, 32704.42 MB total
[2019.11.12-22.58.49:986][  0]LogMemory: Virtual Memory: 4643.10 MB used,  25679.11 MB free, 134217728.00 MB total
[2019.11.12-22.58.50:085][  0]LogInit: Using OS detected language (en-US).
[2019.11.12-22.58.50:085][  0]LogInit: Using OS detected locale (en-US).
[2019.11.12-22.58.50:086][  0]LogTextLocalizationManager: No specific localization for 'en-US' exists, so the 'en' localization will be used.
[2019.11.12-22.58.50:445][  0]LogStreaming: Display: Took  0.360s to InitEngineTextLocalization.
[2019.11.12-22.58.50:445][  0]LogInit: Setting process to per monitor DPI aware
[2019.11.12-22.58.50:471][  0]LogSlate: New Slate User Created.  User Index 0, Is Virtual User: 0
[2019.11.12-22.58.50:471][  0]LogSlate: Slate User Registered.  User Index 0, Is Virtual User: 0
[2019.11.12-22.58.50:631][  0]LogHMD: Failed to initialize OpenVR with code 110
[2019.11.12-22.58.50:631][  0]LogD3D11RHI: D3D11 adapters:
[2019.11.12-22.58.50:690][  0]LogD3D11RHI:    0. 'NVIDIA GeForce GTX 960' (Feature Level 11_0)
[2019.11.12-22.58.50:690][  0]LogD3D11RHI:       4053/0/16352 MB DedicatedVideo/DedicatedSystem/SharedSystem, Outputs:2, VendorId:0x10de
[2019.11.12-22.58.50:694][  0]LogD3D11RHI:    1. 'Microsoft Basic Render Driver' (Feature Level 11_0)
[2019.11.12-22.58.50:694][  0]LogD3D11RHI:       0/0/16352 MB DedicatedVideo/DedicatedSystem/SharedSystem, Outputs:0, VendorId:0x1414
[2019.11.12-22.58.50:694][  0]LogD3D11RHI: Chosen D3D11 Adapter: 0
[2019.11.12-22.58.50:699][  0]LogD3D11RHI: Creating new Direct3DDevice
[2019.11.12-22.58.50:699][  0]LogD3D11RHI:     GPU DeviceId: 0x1401 (for the marketing name, search the web for "GPU Device Id")
[2019.11.12-22.58.50:699][  0]LogWindows: EnumDisplayDevices:
[2019.11.12-22.58.50:699][  0]LogWindows:    0. 'NVIDIA GeForce GTX 960' (P:1 D:1)
[2019.11.12-22.58.50:699][  0]LogWindows:    1. 'NVIDIA GeForce GTX 960' (P:0 D:1)
[2019.11.12-22.58.50:700][  0]LogWindows:    2. 'NVIDIA GeForce GTX 960' (P:0 D:0)
[2019.11.12-22.58.50:700][  0]LogWindows:    3. 'NVIDIA GeForce GTX 960' (P:0 D:0)
[2019.11.12-22.58.50:700][  0]LogWindows: DebugString: FoundDriverCount:4 
[2019.11.12-22.58.50:700][  0]LogD3D11RHI:     Adapter Name: NVIDIA GeForce GTX 960
[2019.11.12-22.58.50:700][  0]LogD3D11RHI:   Driver Version: 417.35 (internal:25.21.14.1735, unified:417.35)
[2019.11.12-22.58.50:700][  0]LogD3D11RHI:      Driver Date: 12-11-2018
[2019.11.12-22.58.50:700][  0]LogRHI: Texture pool is 2837 MB (70% of 4053 MB)
[2019.11.12-22.58.50:736][  0]LogD3D11RHI: Async texture creation enabled
[2019.11.12-22.58.50:752][  0]LogD3D11RHI: GPU Timing Frequency: 1000.000000 (Debug: 2 2)
[2019.11.12-22.58.50:756][  0]LogShaderCompilers: Guid format shader working directory is -36 characters bigger than the processId version (../../../../../../Users/s181813/Documents/GitHub/Chicken-Crimpy-Repository/DejaBrew/Intermediate/Shaders/WorkingDirectory/14284/).
[2019.11.12-22.58.50:756][  0]LogShaderCompilers: Cleaned the shader compiler working directory 'C:/Users/s181813/AppData/Local/Temp/UnrealShaderWorkingDir/599D18ED47978A228F15D5B886A8D5BE/'.
[2019.11.12-22.58.50:951][  0]LogTemp: Display: Loaded TP AllDesktopTargetPlatform
[2019.11.12-22.58.50:965][  0]LogTemp: Display: Loaded TP MacClientTargetPlatform
[2019.11.12-22.58.50:978][  0]LogTemp: Display: Loaded TP MacNoEditorTargetPlatform
[2019.11.12-22.58.50:992][  0]LogTemp: Display: Loaded TP MacServerTargetPlatform
[2019.11.12-22.58.51:007][  0]LogTemp: Display: Loaded TP MacTargetPlatform
[2019.11.12-22.58.51:020][  0]LogTemp: Display: Loaded TP WindowsClientTargetPlatform
[2019.11.12-22.58.51:033][  0]LogTemp: Display: Loaded TP WindowsNoEditorTargetPlatform
[2019.11.12-22.58.51:047][  0]LogTemp: Display: Loaded TP WindowsServerTargetPlatform
[2019.11.12-22.58.51:055][  0]LogTemp: Display: Loaded TP WindowsTargetPlatform
[2019.11.12-22.58.51:128][  0]LogTemp: Display: Loaded TP AndroidTargetPlatform
[2019.11.12-22.58.51:128][  0]LogTemp: Display: Loaded TP AndroidTargetPlatform
[2019.11.12-22.58.51:128][  0]LogTemp: Display: Loaded TP AndroidTargetPlatform
[2019.11.12-22.58.51:128][  0]LogTemp: Display: Loaded TP AndroidTargetPlatform
[2019.11.12-22.58.51:128][  0]LogTemp: Display: Loaded TP AndroidTargetPlatform
[2019.11.12-22.58.51:128][  0]LogTemp: Display: Loaded TP AndroidTargetPlatform
[2019.11.12-22.58.51:128][  0]LogTemp: Display: Loaded TP AndroidTargetPlatform
[2019.11.12-22.58.51:129][  0]LogTemp: Display: Loaded TP AndroidTargetPlatform
[2019.11.12-22.58.51:129][  0]LogTemp: Display: Loaded TP AndroidTargetPlatform
[2019.11.12-22.58.51:129][  0]LogTemp: Display: Loaded TP AndroidTargetPlatform
[2019.11.12-22.58.51:129][  0]LogTemp: Display: Loaded TP AndroidTargetPlatform
[2019.11.12-22.58.51:129][  0]LogTemp: Display: Loaded TP AndroidTargetPlatform
[2019.11.12-22.58.51:129][  0]LogTemp: Display: Loaded TP AndroidTargetPlatform
[2019.11.12-22.58.51:129][  0]LogTemp: Display: Loaded TP AndroidTargetPlatform
[2019.11.12-22.58.51:129][  0]LogTemp: Display: Loaded TP AndroidTargetPlatform
[2019.11.12-22.58.51:129][  0]LogTemp: Display: Loaded TP AndroidTargetPlatform
[2019.11.12-22.58.51:129][  0]LogTemp: Display: Loaded TP AndroidTargetPlatform
[2019.11.12-22.58.51:130][  0]LogTemp: Display: Loaded TP AndroidTargetPlatform
[2019.11.12-22.58.51:132][  0]LogTemp: Display: Loaded TP HTML5TargetPlatform
[2019.11.12-22.58.51:199][  0]LogTemp: Display: Loaded TP IOSTargetPlatform
[2019.11.12-22.58.51:199][  0]LogTemp: Display: Loaded TP IOSTargetPlatform
[2019.11.12-22.58.51:223][  0]LogTemp: Display: Loaded TP TVOSTargetPlatform
[2019.11.12-22.58.51:223][  0]LogTemp: Display: Loaded TP TVOSTargetPlatform
[2019.11.12-22.58.51:235][  0]LogTemp: Display: Loaded TP LinuxClientTargetPlatform
[2019.11.12-22.58.51:248][  0]LogTemp: Display: Loaded TP LinuxNoEditorTargetPlatform
[2019.11.12-22.58.51:260][  0]LogTemp: Display: Loaded TP LinuxServerTargetPlatform
[2019.11.12-22.58.51:274][  0]LogTemp: Display: Loaded TP LinuxTargetPlatform
[2019.11.12-22.58.51:285][  0]LogTemp: Display: Loaded TP LuminTargetPlatform
[2019.11.12-22.58.51:285][  0]LogTargetPlatformManager: Display: Building Assets For Windows
[2019.11.12-22.58.51:378][  0]LogXGEController: Cannot use XGE Controller as Incredibuild is not installed on this machine.
[2019.11.12-22.58.51:378][  0]LogShaderCompilers: Cannot use XGE Shader Compiler as Incredibuild is not installed on this machine.
[2019.11.12-22.58.51:378][  0]LogShaderCompilers: Display: Using Local Shader Compiler.
[2019.11.12-22.58.52:003][  0]LogDerivedDataCache: Display: Max Cache Size: 512 MB
[2019.11.12-22.58.52:058][  0]LogDerivedDataCache: Loaded boot cache 0.05s 80MB C:/Users/s181813/AppData/Local/UnrealEngine/4.20/DerivedDataCache/Boot.ddc.
[2019.11.12-22.58.52:059][  0]LogDerivedDataCache: Display: Loaded Boot cache: C:/Users/s181813/AppData/Local/UnrealEngine/4.20/DerivedDataCache/Boot.ddc
[2019.11.12-22.58.52:059][  0]LogDerivedDataCache: FDerivedDataBackendGraph:  Pak pak cache file ../../../../../../Users/s181813/Documents/GitHub/Chicken-Crimpy-Repository/DejaBrew/DerivedDataCache/DDC.ddp not found, will not use a pak cache.
[2019.11.12-22.58.52:059][  0]LogDerivedDataCache: Unable to find inner node Pak for hierarchical cache Hierarchy.
[2019.11.12-22.58.52:059][  0]LogDerivedDataCache: FDerivedDataBackendGraph:  CompressedPak pak cache file ../../../../../../Users/s181813/Documents/GitHub/Chicken-Crimpy-Repository/DejaBrew/DerivedDataCache/Compressed.ddp not found, will not use a pak cache.
[2019.11.12-22.58.52:059][  0]LogDerivedDataCache: Unable to find inner node CompressedPak for hierarchical cache Hierarchy.
[2019.11.12-22.58.52:071][  0]LogDerivedDataCache: Display: Pak cache opened for reading ../../../Engine/DerivedDataCache/Compressed.ddp.
[2019.11.12-22.58.52:084][  0]LogDerivedDataCache: Using Local data cache path C:/Users/s181813/AppData/Local/UnrealEngine/Common/DerivedDataCache: Writable
[2019.11.12-22.58.52:085][  0]LogDerivedDataCache: Shared data cache path not found in *engine.ini, will not use an Shared cache.
[2019.11.12-22.58.52:085][  0]LogDerivedDataCache: Unable to find inner node Shared for hierarchical cache Hierarchy.
[2019.11.12-22.58.52:101][  0]LogMaterial: Verifying Global Shaders for PCD3D_SM5
[2019.11.12-22.58.52:103][  0]LogSlate: Using FreeType 2.6.0
[2019.11.12-22.58.52:104][  0]LogSlate: SlateFontServices - WITH_FREETYPE: 1, WITH_HARFBUZZ: 1
[2019.11.12-22.58.52:172][  0]LogAssetRegistry: FAssetRegistry took 0.0277 seconds to start up
[2019.11.12-22.58.52:474][  0]LogInit: Selected Device Profile: [Windows]
[2019.11.12-22.58.52:608][  0]LogSimplygon: Simplygon DLL not present - disabling.
[2019.11.12-22.58.52:615][  0]LogMeshReduction: Using SimplygonSwarm for distributed automatic mesh merging
[2019.11.12-22.58.52:615][  0]LogMeshReduction: Using ProxyLODMeshReduction for automatic mesh merging
[2019.11.12-22.58.52:615][  0]LogMeshReduction: Using QuadricMeshReduction for automatic static mesh reduction
[2019.11.12-22.58.52:615][  0]LogMeshReduction: No automatic skeletal mesh reduction module available
[2019.11.12-22.58.52:632][  0]LogNetVersion: DejaBrew 1.0.0, NetCL: 4212847, EngineNetVer: 5, GameNetVer: 0 (Checksum: 719251921)
[2019.11.12-22.58.53:115][  0]LogPackageLocalizationCache: Processed 11 localized package path(s) for 2 prioritized culture(s) in 0.119472 seconds
[2019.11.12-22.58.53:124][  0]LogUObjectArray: 38425 objects as part of root set at end of initial load.
[2019.11.12-22.58.53:124][  0]LogUObjectAllocator: 6690872 out of 0 bytes used by permanent object pool.
[2019.11.12-22.58.53:124][  0]LogUObjectArray: CloseDisregardForGC: 0/0 objects in disregard for GC pool
[2019.11.12-22.58.53:950][  0]LogTcpMessaging: Initializing TcpMessaging bridge
[2019.11.12-22.58.53:966][  0]LogUdpMessaging: Initializing bridge on interface 0.0.0.0:0 to multicast group 230.0.0.1:6666.
[2019.11.12-22.58.54:374][  0]SourceControl: Source control is disabled
[2019.11.12-22.58.54:374][  0]SourceControl: Source control is disabled
[2019.11.12-22.58.54:376][  0]SourceControl: Source control is disabled
[2019.11.12-22.58.54:379][  0]SourceControl: Source control is disabled
[2019.11.12-22.58.54:622][  0]LogAndroidPermission: UAndroidPermissionCallbackProxy::GetInstance
[2019.11.12-22.58.54:693][  0]LogOcInput: OculusInput pre-init called
[2019.11.12-22.58.54:759][  0]LogEngine: Initializing Engine...
[2019.11.12-22.58.54:760][  0]LogHMD: Failed to initialize OpenVR with code 110
[2019.11.12-22.58.54:761][  0]LogStats: UGameplayTagsManager::ConstructGameplayTagTree: ImportINI prefixes -  0.000 s
[2019.11.12-22.58.54:761][  0]LogStats: UGameplayTagsManager::ConstructGameplayTagTree: Construct from data asset -  0.000 s
[2019.11.12-22.58.54:761][  0]LogStats: UGameplayTagsManager::ConstructGameplayTagTree: ImportINI -  0.000 s
[2019.11.12-22.58.54:761][  0]LogStats: UGameplayTagsManager::ConstructGameplayTagTree: GameplayTagTreeChangedEvent.Broadcast -  0.000 s
[2019.11.12-22.58.54:940][  0]LogInit: Initializing FReadOnlyCVARCache
[2019.11.12-22.58.54:954][  0]LogAIModule: Creating AISystem for world Untitled
[2019.11.12-22.58.54:965][  0]LogInit: XAudio2 using 'Realtek Digital Output (Realtek High Definition Audio)' : 2 channels at 48 kHz using 16 bits per sample (channel mask 0x3)
[2019.11.12-22.58.54:997][  0]LogInit: FAudioDevice initialized.
[2019.11.12-22.58.54:997][  0]LogNetVersion: Set ProjectVersion to 1.0.0.0. Version Checksum will be recalculated on next use.
[2019.11.12-22.58.55:071][  0]LogDerivedDataCache: Saved boot cache 0.07s 80MB C:/Users/s181813/AppData/Local/UnrealEngine/4.20/DerivedDataCache/Boot.ddc.
[2019.11.12-22.58.55:076][  0]LogInit: Texture streaming: Enabled
[2019.11.12-22.58.55:098][  0]LogEngineSessionManager: EngineSessionManager initialized
[2019.11.12-22.58.55:098][  0]LogEngineSessionManager: EngineSessionManager sent abnormal shutdown report. Type=Debugger, SessionId={E4608D06-4B0F-F5BC-9380-D9921A9A0C89}
[2019.11.12-22.58.55:107][  0]LogInit: Transaction tracking system initialized
[2019.11.12-22.58.55:139][  0]BlueprintLog: New page: Editor Load
[2019.11.12-22.58.55:303][  0]LocalizationService: Localization service is disabled
[2019.11.12-22.58.55:586][  0]LogCook: Display: Max memory allowance for cook 16384mb min free memory 0mb
[2019.11.12-22.58.55:586][  0]LogCook: Display: Mobile HDR setting 1
[2019.11.12-22.58.55:587][  0]LogGameplayTags: Display: UGameplayTagsManager::DoneAddingNativeTags. DelegateIsBound: 0
[2019.11.12-22.58.55:587][  0]LogStats: UGameplayTagsManager::ConstructGameplayTagTree: ImportINI prefixes -  0.000 s
[2019.11.12-22.58.55:587][  0]LogStats: UGameplayTagsManager::ConstructGameplayTagTree: Construct from data asset -  0.000 s
[2019.11.12-22.58.55:587][  0]LogStats: UGameplayTagsManager::ConstructGameplayTagTree: ImportINI -  0.000 s
[2019.11.12-22.58.55:587][  0]LogStats: UGameplayTagsManager::ConstructGameplayTagTree: GameplayTagTreeChangedEvent.Broadcast -  0.000 s
[2019.11.12-22.58.55:737][  0]LogFileCache: Scanning file cache for directory 'C:/Users/s181813/Documents/GitHub/Chicken-Crimpy-Repository/DejaBrew/Content/' took 0.02s
[2019.11.12-22.58.55:737][  0]SourceControl: Source control is disabled
[2019.11.12-22.58.55:737][  0]Cmd: MAP LOAD FILE="../../../../../../Users/s181813/Documents/GitHub/Chicken-Crimpy-Repository/DejaBrew/Content/SideScrollerCPP/Maps/SideScrollerExampleMap.umap" TEMPLATE=0 SHOWPROGRESS=1 FEATURELEVEL=3
[2019.11.12-22.58.55:738][  0]LightingResults: New page: Lighting Build
[2019.11.12-22.58.55:741][  0]MapCheck: New page: Map Check
[2019.11.12-22.58.55:741][  0]LightingResults: New page: Lighting Build
[2019.11.12-22.58.55:941][  0]LogAIModule: Creating AISystem for world SideScrollerExampleMap
[2019.11.12-22.58.55:954][  0]LogEditorServer: Finished looking for orphan Actors (0.000 secs)
[2019.11.12-22.58.55:978][  0]Cmd: MAP CHECKDEP NOCLEARLOG
[2019.11.12-22.58.56:033][  0]MapCheck: Map check complete: 0 Error(s), 0 Warning(s), took 55.072ms to complete.
[2019.11.12-22.58.56:033][  0]LogFileHelpers: Loading map 'SideScrollerExampleMap' took 0.296
[2019.11.12-22.58.56:143][  0]LogSlate: Updating window title bar state: overlay mode, drag disabled, window buttons hidden, title bar hidden
[2019.11.12-22.58.56:150][  0]LogSlate: Updating window title bar state: overlay mode, drag disabled, window buttons hidden, title bar hidden
[2019.11.12-22.58.56:158][  0]LogSlate: Updating window title bar state: overlay mode, drag disabled, window buttons hidden, title bar hidden
[2019.11.12-22.58.56:164][  0]LogSlate: Updating window title bar state: overlay mode, drag disabled, window buttons hidden, title bar hidden
[2019.11.12-22.58.56:171][  0]LogCollectionManager: Loaded 0 collections in 0.001216 seconds
[2019.11.12-22.58.56:221][  0]LogFileCache: Scanning file cache for directory 'C:/Users/s181813/Documents/GitHub/Chicken-Crimpy-Repository/DejaBrew/Saved/Collections/' took 0.01s
[2019.11.12-22.58.56:222][  0]LogFileCache: Scanning file cache for directory 'C:/Users/s181813/Documents/GitHub/Chicken-Crimpy-Repository/DejaBrew/Content/Developers/s181813/Collections/' took 0.01s
[2019.11.12-22.58.56:222][  0]LogFileCache: Scanning file cache for directory 'C:/Users/s181813/Documents/GitHub/Chicken-Crimpy-Repository/DejaBrew/Content/Collections/' took 0.01s
[2019.11.12-22.58.56:222][  0]LogCollectionManager: Rebuilt the GUID cache for 0 collections in 0.000000 seconds
[2019.11.12-22.58.56:231][  0]LogContentBrowser: Native class hierarchy populated in 0.0083 seconds. Added 2577 classes and 605 folders.
[2019.11.12-22.58.56:235][  0]LogContentBrowser: Native class hierarchy updated for 'WidgetCarousel' in 0.0003 seconds. Added 0 classes and 0 folders.
[2019.11.12-22.58.56:266][  0]LogContentBrowser: Native class hierarchy updated for 'AddContentDialog' in 0.0003 seconds. Added 0 classes and 0 folders.
[2019.11.12-22.58.56:272][  0]LogContentBrowser: Native class hierarchy updated for 'SceneOutliner' in 0.0005 seconds. Added 1 classes and 2 folders.
[2019.11.12-22.58.57:133][  0]LogSlate: Only BGRA pngs, bmps or icos are supported in by External Image Picker
[2019.11.12-22.58.57:169][  0]LogTemp: Executing iPhonePackager certificates Engine -bundlename com.YourCompany.DejaBrew
[2019.11.12-22.58.57:170][  0]LogTemp: CWD: C:\Program Files\Epic Games\UE_4.20\Engine\Binaries\DotNET\IOS
[2019.11.12-22.58.57:170][  0]LogTemp: Initial Dir: C:\Program Files\Epic Games\UE_4.20
[2019.11.12-22.58.57:170][  0]LogTemp: Env CWD: C:\Program Files\Epic Games\UE_4.20\Engine\Binaries\DotNET\IOS
[2019.11.12-22.58.57:170][  0]LogTemp: BranchPath = SYD-4DE60A/C/Program Files/Epic Games/UE_4.20/Engine/Binaries --- GameBranchPath = SYD-4DE60A/C/Program Files/Epic Games/UE_4.20/Engine/Binaries
[2019.11.12-22.58.57:170][  0]LogSlate: Took 0.000220 seconds to synchronously load lazily loaded font '../../../Engine/Content/Slate/Fonts/Roboto-Regular.ttf' (155K)
[2019.11.12-22.58.57:172][  0]LogSlate: Took 0.000243 seconds to synchronously load lazily loaded font '../../../Engine/Content/Slate/Fonts/Roboto-Bold.ttf' (160K)
[2019.11.12-22.58.57:177][  0]LogSlate: Took 0.000131 seconds to synchronously load lazily loaded font '../../../Engine/Content/Editor/Slate/Fonts/FontAwesome.ttf' (139K)
[2019.11.12-22.58.57:261][  0]LogTemp: IPP ERROR: Could not find provision directory 'C:\Users\s181813\AppData\Local/Apple Computer/MobileDevice/Provisioning Profiles/'.
[2019.11.12-22.58.57:261][  0]LogRenderer: Reallocating scene render targets to support 1068x576 Format 10 NumSamples 1 (Frame:1).
[2019.11.12-22.58.57:438][  0]LogContentBrowser: Native class hierarchy updated for 'HierarchicalLODOutliner' in 0.0004 seconds. Added 0 classes and 0 folders.
[2019.11.12-22.58.57:438][  0]LogLoad: (Engine Initialization) Total time: 9.05 seconds
[2019.11.12-22.58.57:438][  0]LogLoad: (Engine Initialization) Total Blueprint compile time: 0.00 seconds
[2019.11.12-22.58.57:479][  0]LogContentStreaming: Texture pool size now 1000 MB
[2019.11.12-22.58.57:505][  0]LogSlate: Took 0.000141 seconds to synchronously load lazily loaded font '../../../Engine/Content/Slate/Fonts/Roboto-Light.ttf' (167K)
[2019.11.12-22.58.57:546][  1]LogAssetRegistry: Asset discovery search completed in 5.3977 seconds
[2019.11.12-22.58.57:549][  1]LogCollectionManager: Rebuilt the object cache for 0 collections in 0.000000 seconds (found 0 objects)
[2019.11.12-22.58.57:549][  1]LogCollectionManager: Fixed up redirectors for 0 collections in 0.000176 seconds (updated 0 objects)
[2019.11.12-22.59.03:223][ 18]LogSlate: FSceneViewport::OnFocusLost() reason 0
[2019.11.12-22.59.03:404][ 21]LogSlate: Took 0.000168 seconds to synchronously load lazily loaded font '../../../Engine/Content/Slate/Fonts/Roboto-Light.ttf' (167K)
[2019.11.12-22.59.03:409][ 21]LogAssetEditorManager: Opening Asset editor for Blueprint /Game/SideScrollerCPP/Blueprints/SlimeEnemy_BP.SlimeEnemy_BP
[2019.11.12-22.59.03:838][ 21]LogContentBrowser: Native class hierarchy updated for 'BlueprintGraph' in 0.0006 seconds. Added 116 classes and 0 folders.
[2019.11.12-22.59.04:566][ 21]LogSlate: Took 0.000192 seconds to synchronously load lazily loaded font '../../../Engine/Content/Slate/Fonts/Roboto-BoldCondensed.ttf' (158K)
[2019.11.12-22.59.04:639][ 22]LogSlate: Took 0.000229 seconds to synchronously load lazily loaded font '../../../Engine/Content/Slate/Fonts/Roboto-Italic.ttf' (157K)
[2019.11.12-23.06.22:915][753]Candidate modules for hot reload:
[2019.11.12-23.06.22:915][753]  DejaBrew
[2019.11.12-23.06.22:915][753]Launching UnrealBuildTool... [C:/Program Files/Epic Games/UE_4.20/Engine/Binaries/DotNET/UnrealBuildTool.exe  -ModuleWithSuffix=DejaBrew,1511 Win64 Development -TargetType=Editor -Project="../../../../../../Users/s181813/Documents/GitHub/Chicken-Crimpy-Repository/DejaBrew/DejaBrew.uproject" -canskiplink "C:/Users/s181813/Documents/GitHub/Chicken-Crimpy-Repository/DejaBrew/DejaBrew.uproject" ]
[2019.11.12-23.06.22:919][753]Warning: Starting HotReload took  0.0s.
[2019.11.12-23.06.27:469][298]LogEditorViewport: Clicking on Actor (LMB): BP_Sky_Sphere_C (SkySphereBlueprint)
[2019.11.12-23.06.29:978][590]CompilerResultsLog: New page: Compilation - Nov 13, 2019, 9:06:29 PM
[2019.11.12-23.06.29:978][590]CompilerResultsLog: Using 'git status' to determine working set for adaptive non-unity build.
[2019.11.12-23.06.29:978][590]CompilerResultsLog: Creating makefile for hot reloading DejaBrewEditor (modules to compile have changed)
[2019.11.12-23.06.29:978][590]CompilerResultsLog: Compiling game modules for hot reload
[2019.11.12-23.06.29:978][590]CompilerResultsLog: Using Visual Studio 2017 14.16.27023 toolchain (C:\Program Files (x86)\Microsoft Visual Studio\2017\Enterprise\VC\Tools\MSVC\14.16.27023) and Windows 10.0.17763.0 SDK (C:\Program Files (x86)\Windows Kits\10).
[2019.11.12-23.06.29:978][590]CompilerResultsLog: Building 3 actions with 8 processes...
[2019.11.12-23.06.29:979][590]CompilerResultsLog:   [1/3] SlimeEnemy.cpp
[2019.11.12-23.06.29:979][590]CompilerResultsLog:   [2/3] UE4Editor-DejaBrew-1511.lib
[2019.11.12-23.06.29:979][590]CompilerResultsLog:      Creating library C:\Users\s181813\Documents\GitHub\Chicken-Crimpy-Repository\DejaBrew\Intermediate\Build\Win64\UE4Editor\Development\DejaBrew\UE4Editor-DejaBrew-1511.lib and object C:\Users\s181813\Documents\GitHub\Chicken-Crimpy-Repository\DejaBrew\Intermediate\Build\Win64\UE4Editor\Development\DejaBrew\UE4Editor-DejaBrew-1511.exp
[2019.11.12-23.06.29:979][590]CompilerResultsLog:   [3/3] UE4Editor-DejaBrew-1511.dll
[2019.11.12-23.06.29:979][590]CompilerResultsLog:      Creating library C:\Users\s181813\Documents\GitHub\Chicken-Crimpy-Repository\DejaBrew\Intermediate\Build\Win64\UE4Editor\Development\DejaBrew\UE4Editor-DejaBrew-1511.suppressed.lib and object C:\Users\s181813\Documents\GitHub\Chicken-Crimpy-Repository\DejaBrew\Intermediate\Build\Win64\UE4Editor\Development\DejaBrew\UE4Editor-DejaBrew-1511.suppressed.exp
[2019.11.12-23.06.29:979][590]CompilerResultsLog: Total build time: 6.84 seconds (Parallel executor: 1.81 seconds)
[2019.11.12-23.06.29:979][590]LogMainFrame: MainFrame: Module compiling took 7.072 seconds
[2019.11.12-23.06.30:047][590]LogHotReload: Re-instancing SlimeEnemy after hot-reload.
[2019.11.12-23.06.30:292][590]LogContentBrowser: Native class hierarchy updated for 'DejaBrew' in 0.0004 seconds. Added 5 classes and 2 folders.
[2019.11.12-23.06.30:296][590]Display: HotReload successful (3 functions remapped  0 scriptstructs remapped)
[2019.11.12-23.06.30:674][590]LogContentBrowser: Native class hierarchy populated in 0.0080 seconds. Added 2578 classes and 607 folders.
[2019.11.12-23.06.30:674][590]Display: HotReload took  7.8s.
[2019.11.12-23.06.33:288][888]LogSlate: FSceneViewport::OnFocusLost() reason 0
[2019.11.12-23.06.35:056][ 93]LogRenderer: Reallocating scene render targets to support 1144x840 Format 10 NumSamples 1 (Frame:1).
[2019.11.12-23.06.40:154][694]LogSlate: FSceneViewport::OnFocusLost() reason 0
[2019.11.12-23.06.42:556][979]BlueprintLog: New page: Compile SlimeEnemy_BP
[2019.11.12-23.06.43:020][999]LogSavePackage: Moving '../../../../../../Users/s181813/Documents/GitHub/Chicken-Crimpy-Repository/DejaBrew/Saved/SlimeEnemy_BP44ED54884A195579517CABB3F9C17615.tmp' to '../../../../../../Users/s181813/Documents/GitHub/Chicken-Crimpy-Repository/DejaBrew/Content/SideScrollerCPP/Blueprints/SlimeEnemy_BP.uasset'
[2019.11.12-23.06.43:520][ 58]LogTemp: Repeating last play command: Selected Viewport
[2019.11.12-23.06.43:544][ 58]LogBlueprintUserMessages: Early PlayInEditor Detection: Level '/Game/SideScrollerCPP/Maps/SideScrollerExampleMap.SideScrollerExampleMap:PersistentLevel' has LevelScriptBlueprint '/Game/SideScrollerCPP/Maps/SideScrollerExampleMap.SideScrollerExampleMap:PersistentLevel.SideScrollerExampleMap' with GeneratedClass '/Game/SideScrollerCPP/Maps/SideScrollerExampleMap.SideScrollerExampleMap_C' with ClassGeneratedBy '/Game/SideScrollerCPP/Maps/SideScrollerExampleMap.SideScrollerExampleMap:PersistentLevel.SideScrollerExampleMap'
[2019.11.12-23.06.43:545][ 58]LogPlayLevel: PlayLevel: No blueprints needed recompiling
[2019.11.12-23.06.43:560][ 58]PIE: New page: PIE session: SideScrollerExampleMap (Nov 13, 2019, 9:06:43 PM)
[2019.11.12-23.06.43:560][ 58]LogPlayLevel: Creating play world package: /Game/SideScrollerCPP/Maps/UEDPIE_0_SideScrollerExampleMap
[2019.11.12-23.06.43:579][ 58]LogPlayLevel: PIE: StaticDuplicateObject took: (0.018710s)
[2019.11.12-23.06.43:580][ 58]LogAIModule: Creating AISystem for world SideScrollerExampleMap
[2019.11.12-23.06.43:581][ 58]LogPlayLevel: PIE: World Init took: (0.001394s)
[2019.11.12-23.06.43:581][ 58]LogPlayLevel: PIE: Created PIE world by copying editor world from /Game/SideScrollerCPP/Maps/SideScrollerExampleMap.SideScrollerExampleMap to /Game/SideScrollerCPP/Maps/UEDPIE_0_SideScrollerExampleMap.SideScrollerExampleMap (0.020764s)
[2019.11.12-23.06.43:619][ 58]LogInit: XAudio2 using 'Realtek Digital Output (Realtek High Definition Audio)' : 2 channels at 48 kHz using 16 bits per sample (channel mask 0x3)
[2019.11.12-23.06.43:632][ 58]LogInit: FAudioDevice initialized.
[2019.11.12-23.06.43:644][ 58]LogSlate: Updating window title bar state: overlay mode, drag disabled, window buttons hidden, title bar hidden
[2019.11.12-23.06.43:707][ 58]LogLoad: Game class is 'DejaBrewGameMode'
[2019.11.12-23.06.43:712][ 58]LogWorld: Bringing World /Game/SideScrollerCPP/Maps/UEDPIE_0_SideScrollerExampleMap.SideScrollerExampleMap up for play (max tick rate 0) at 2019.11.13-10.06.43
[2019.11.12-23.06.43:713][ 58]LogWorld: Bringing up level for play took: 0.003766
[2019.11.12-23.06.43:747][ 58]LogContentBrowser: Native class hierarchy updated for 'MovieSceneCapture' in 0.0003 seconds. Added 10 classes and 0 folders.
[2019.11.12-23.06.43:774][ 58]PIE: Play in editor start time for /Game/SideScrollerCPP/Maps/UEDPIE_0_SideScrollerExampleMap 0.014
[2019.11.12-23.06.43:774][ 58]LogBlueprintUserMessages: Late PlayInEditor Detection: Level '/Game/SideScrollerCPP/Maps/SideScrollerExampleMap.SideScrollerExampleMap:PersistentLevel' has LevelScriptBlueprint '/Game/SideScrollerCPP/Maps/SideScrollerExampleMap.SideScrollerExampleMap:PersistentLevel.SideScrollerExampleMap' with GeneratedClass '/Game/SideScrollerCPP/Maps/SideScrollerExampleMap.SideScrollerExampleMap_C' with ClassGeneratedBy '/Game/SideScrollerCPP/Maps/SideScrollerExampleMap.SideScrollerExampleMap:PersistentLevel.SideScrollerExampleMap'
[2019.11.12-23.06.43:795][ 58]LogRenderer: Reallocating scene render targets to support 1292x840 Format 10 NumSamples 1 (Frame:1).
[2019.11.12-23.06.47:354][479]LogBlueprintUserMessages: Early EndPlayMap Detection: Level '/Game/SideScrollerCPP/Maps/SideScrollerExampleMap.SideScrollerExampleMap:PersistentLevel' has LevelScriptBlueprint '/Game/SideScrollerCPP/Maps/SideScrollerExampleMap.SideScrollerExampleMap:PersistentLevel.SideScrollerExampleMap' with GeneratedClass '/Game/SideScrollerCPP/Maps/SideScrollerExampleMap.SideScrollerExampleMap_C' with ClassGeneratedBy '/Game/SideScrollerCPP/Maps/SideScrollerExampleMap.SideScrollerExampleMap:PersistentLevel.SideScrollerExampleMap'
[2019.11.12-23.06.47:355][479]LogSlate: Updating window title bar state: overlay mode, drag disabled, window buttons hidden, title bar hidden
[2019.11.12-23.06.47:374][479]LogSlate: Window 'DejaBrew Game Preview Standalone (64-bit/PCD3D_SM5)' being destroyed
[2019.11.12-23.06.47:411][479]LogPlayLevel: Display: Shutting down PIE online subsystems
[2019.11.12-23.06.47:411][479]LogBlueprintUserMessages: Late EndPlayMap Detection: Level '/Game/SideScrollerCPP/Maps/SideScrollerExampleMap.SideScrollerExampleMap:PersistentLevel' has LevelScriptBlueprint '/Game/SideScrollerCPP/Maps/SideScrollerExampleMap.SideScrollerExampleMap:PersistentLevel.SideScrollerExampleMap' with GeneratedClass '/Game/SideScrollerCPP/Maps/SideScrollerExampleMap.SideScrollerExampleMap_C' with ClassGeneratedBy '/Game/SideScrollerCPP/Maps/SideScrollerExampleMap.SideScrollerExampleMap:PersistentLevel.SideScrollerExampleMap'
[2019.11.12-23.06.47:470][480]LogPlayLevel: Display: Destroying online subsystem :Context_6
[2019.11.12-23.08.27:838][207]LogSavePackage: Moving '../../../../../../Users/s181813/Documents/GitHub/Chicken-Crimpy-Repository/DejaBrew/Saved/SideScrollerExampleMap5C8B0D174E89495ED30EFD9F96369E57.tmp' to '../../../../../../Users/s181813/Documents/GitHub/Chicken-Crimpy-Repository/DejaBrew/Content/SideScrollerCPP/Maps/SideScrollerExampleMap.umap'
[2019.11.12-23.08.28:890][328]LogEditorViewport: Clicking on Actor (LMB): SideScrollerCharacter_C (SideScrollerCharacter)
[2019.11.12-23.08.29:968][434]LogSlate: FSceneViewport::OnFocusLost() reason 0
[2019.11.12-23.08.30:049][441]Candidate modules for hot reload:
[2019.11.12-23.08.30:049][441]  DejaBrew
[2019.11.12-23.08.30:050][441]Launching UnrealBuildTool... [C:/Program Files/Epic Games/UE_4.20/Engine/Binaries/DotNET/UnrealBuildTool.exe  -ModuleWithSuffix=DejaBrew,8664 Win64 Development -TargetType=Editor -Project="../../../../../../Users/s181813/Documents/GitHub/Chicken-Crimpy-Repository/DejaBrew/DejaBrew.uproject" -canskiplink "C:/Users/s181813/Documents/GitHub/Chicken-Crimpy-Repository/DejaBrew/DejaBrew.uproject" ]
[2019.11.12-23.08.30:054][441]Warning: Starting HotReload took  0.0s.
[2019.11.12-23.08.35:373][962]CompilerResultsLog: New page: Compilation - Nov 13, 2019, 9:08:35 PM
[2019.11.12-23.08.35:373][962]CompilerResultsLog: Using 'git status' to determine working set for adaptive non-unity build.
[2019.11.12-23.08.35:373][962]CompilerResultsLog: Compiling game modules for hot reload
[2019.11.12-23.08.35:373][962]CompilerResultsLog: Building 3 actions with 8 processes...
[2019.11.12-23.08.35:373][962]CompilerResultsLog:   [1/3] DejaBrewCharacter.cpp
[2019.11.12-23.08.35:373][962]CompilerResultsLog:   [2/3] UE4Editor-DejaBrew-8664.lib
[2019.11.12-23.08.35:373][962]CompilerResultsLog:      Creating library C:\Users\s181813\Documents\GitHub\Chicken-Crimpy-Repository\DejaBrew\Intermediate\Build\Win64\UE4Editor\Development\DejaBrew\UE4Editor-DejaBrew-8664.lib and object C:\Users\s181813\Documents\GitHub\Chicken-Crimpy-Repository\DejaBrew\Intermediate\Build\Win64\UE4Editor\Development\DejaBrew\UE4Editor-DejaBrew-8664.exp
[2019.11.12-23.08.35:373][962]CompilerResultsLog:   [3/3] UE4Editor-DejaBrew-8664.dll
[2019.11.12-23.08.35:373][962]CompilerResultsLog:      Creating library C:\Users\s181813\Documents\GitHub\Chicken-Crimpy-Repository\DejaBrew\Intermediate\Build\Win64\UE4Editor\Development\DejaBrew\UE4Editor-DejaBrew-8664.suppressed.lib and object C:\Users\s181813\Documents\GitHub\Chicken-Crimpy-Repository\DejaBrew\Intermediate\Build\Win64\UE4Editor\Development\DejaBrew\UE4Editor-DejaBrew-8664.suppressed.exp
[2019.11.12-23.08.35:373][962]CompilerResultsLog: Total build time: 5.10 seconds (Parallel executor: 3.62 seconds)
[2019.11.12-23.08.35:373][962]LogMainFrame: MainFrame: Module compiling took 5.332 seconds
[2019.11.12-23.08.35:438][962]LogHotReload: Re-instancing DejaBrewCharacter after hot-reload.
[2019.11.12-23.08.35:920][962]LogContentBrowser: Native class hierarchy updated for 'DejaBrew' in 0.0003 seconds. Added 5 classes and 2 folders.
[2019.11.12-23.08.35:925][962]Display: HotReload successful (3 functions remapped  0 scriptstructs remapped)
[2019.11.12-23.08.36:227][962]LogContentBrowser: Native class hierarchy populated in 0.0092 seconds. Added 2578 classes and 607 folders.
[2019.11.12-23.08.36:227][962]Display: HotReload took  6.2s.
[2019.11.12-23.08.37:100][ 10]LogAssetEditorManager: Opening Asset editor for Blueprint /Game/SideScrollerCPP/Blueprints/SideScrollerCharacter.SideScrollerCharacter
[2019.11.12-23.09.26:888][900]LogSlate: FSceneViewport::OnFocusLost() reason 0
[2019.11.12-23.09.43:306][861]BlueprintLog: New page: Compile SideScrollerCharacter
[2019.11.12-23.09.43:937][866]LogSavePackage: Moving '../../../../../../Users/s181813/Documents/GitHub/Chicken-Crimpy-Repository/DejaBrew/Saved/SideScrollerCharacterECAF11BE495A2CBEACC382AC913A7C87.tmp' to '../../../../../../Users/s181813/Documents/GitHub/Chicken-Crimpy-Repository/DejaBrew/Content/SideScrollerCPP/Blueprints/SideScrollerCharacter.uasset'
[2019.11.12-23.09.45:191][ 16]LogTemp: Repeating last play command: Selected Viewport
[2019.11.12-23.09.45:213][ 16]LogBlueprintUserMessages: Early PlayInEditor Detection: Level '/Game/SideScrollerCPP/Maps/SideScrollerExampleMap.SideScrollerExampleMap:PersistentLevel' has LevelScriptBlueprint '/Game/SideScrollerCPP/Maps/SideScrollerExampleMap.SideScrollerExampleMap:PersistentLevel.SideScrollerExampleMap' with GeneratedClass '/Game/SideScrollerCPP/Maps/SideScrollerExampleMap.SideScrollerExampleMap_C' with ClassGeneratedBy '/Game/SideScrollerCPP/Maps/SideScrollerExampleMap.SideScrollerExampleMap:PersistentLevel.SideScrollerExampleMap'
[2019.11.12-23.09.45:213][ 16]LogPlayLevel: PlayLevel: No blueprints needed recompiling
[2019.11.12-23.09.45:213][ 16]PIE: New page: PIE session: SideScrollerExampleMap (Nov 13, 2019, 9:09:45 PM)
[2019.11.12-23.09.45:213][ 16]LogPlayLevel: Creating play world package: /Game/SideScrollerCPP/Maps/UEDPIE_0_SideScrollerExampleMap
[2019.11.12-23.09.45:225][ 16]LogPlayLevel: PIE: StaticDuplicateObject took: (0.011519s)
[2019.11.12-23.09.45:226][ 16]LogAIModule: Creating AISystem for world SideScrollerExampleMap
[2019.11.12-23.09.45:227][ 16]LogPlayLevel: PIE: World Init took: (0.001211s)
[2019.11.12-23.09.45:227][ 16]LogPlayLevel: PIE: Created PIE world by copying editor world from /Game/SideScrollerCPP/Maps/SideScrollerExampleMap.SideScrollerExampleMap to /Game/SideScrollerCPP/Maps/UEDPIE_0_SideScrollerExampleMap.SideScrollerExampleMap (0.013291s)
[2019.11.12-23.09.45:309][ 16]LogInit: XAudio2 using 'Realtek Digital Output (Realtek High Definition Audio)' : 2 channels at 48 kHz using 16 bits per sample (channel mask 0x3)
[2019.11.12-23.09.45:321][ 16]LogInit: FAudioDevice initialized.
[2019.11.12-23.09.45:332][ 16]LogSlate: Updating window title bar state: overlay mode, drag disabled, window buttons hidden, title bar hidden
[2019.11.12-23.09.45:375][ 16]LogLoad: Game class is 'DejaBrewGameMode'
[2019.11.12-23.09.45:379][ 16]LogWorld: Bringing World /Game/SideScrollerCPP/Maps/UEDPIE_0_SideScrollerExampleMap.SideScrollerExampleMap up for play (max tick rate 0) at 2019.11.13-10.09.45
[2019.11.12-23.09.45:379][ 16]LogWorld: Bringing up level for play took: 0.003260
[2019.11.12-23.09.45:422][ 16]PIE: Play in editor start time for /Game/SideScrollerCPP/Maps/UEDPIE_0_SideScrollerExampleMap -0.34
[2019.11.12-23.09.45:423][ 16]LogBlueprintUserMessages: Late PlayInEditor Detection: Level '/Game/SideScrollerCPP/Maps/SideScrollerExampleMap.SideScrollerExampleMap:PersistentLevel' has LevelScriptBlueprint '/Game/SideScrollerCPP/Maps/SideScrollerExampleMap.SideScrollerExampleMap:PersistentLevel.SideScrollerExampleMap' with GeneratedClass '/Game/SideScrollerCPP/Maps/SideScrollerExampleMap.SideScrollerExampleMap_C' with ClassGeneratedBy '/Game/SideScrollerCPP/Maps/SideScrollerExampleMap.SideScrollerExampleMap:PersistentLevel.SideScrollerExampleMap'
[2019.11.12-23.09.48:268][348]LogBlueprintUserMessages: Early EndPlayMap Detection: Level '/Game/SideScrollerCPP/Maps/SideScrollerExampleMap.SideScrollerExampleMap:PersistentLevel' has LevelScriptBlueprint '/Game/SideScrollerCPP/Maps/SideScrollerExampleMap.SideScrollerExampleMap:PersistentLevel.SideScrollerExampleMap' with GeneratedClass '/Game/SideScrollerCPP/Maps/SideScrollerExampleMap.SideScrollerExampleMap_C' with ClassGeneratedBy '/Game/SideScrollerCPP/Maps/SideScrollerExampleMap.SideScrollerExampleMap:PersistentLevel.SideScrollerExampleMap'
[2019.11.12-23.09.48:269][348]LogSlate: Updating window title bar state: overlay mode, drag disabled, window buttons hidden, title bar hidden
[2019.11.12-23.09.48:289][348]LogSlate: Window 'DejaBrew Game Preview Standalone (64-bit/PCD3D_SM5)' being destroyed
[2019.11.12-23.09.48:331][348]LogPlayLevel: Display: Shutting down PIE online subsystems
[2019.11.12-23.09.48:331][348]LogBlueprintUserMessages: Late EndPlayMap Detection: Level '/Game/SideScrollerCPP/Maps/SideScrollerExampleMap.SideScrollerExampleMap:PersistentLevel' has LevelScriptBlueprint '/Game/SideScrollerCPP/Maps/SideScrollerExampleMap.SideScrollerExampleMap:PersistentLevel.SideScrollerExampleMap' with GeneratedClass '/Game/SideScrollerCPP/Maps/SideScrollerExampleMap.SideScrollerExampleMap_C' with ClassGeneratedBy '/Game/SideScrollerCPP/Maps/SideScrollerExampleMap.SideScrollerExampleMap:PersistentLevel.SideScrollerExampleMap'
[2019.11.12-23.09.48:402][349]LogPlayLevel: Display: Destroying online subsystem :Context_8
[2019.11.12-23.11.50:571][890]LogSlate: FSceneViewport::OnFocusLost() reason 0
[2019.11.12-23.11.51:930][ 49]Candidate modules for hot reload:
[2019.11.12-23.11.51:930][ 49]  DejaBrew
[2019.11.12-23.11.51:930][ 49]Launching UnrealBuildTool... [C:/Program Files/Epic Games/UE_4.20/Engine/Binaries/DotNET/UnrealBuildTool.exe  -ModuleWithSuffix=DejaBrew,2853 Win64 Development -TargetType=Editor -Project="../../../../../../Users/s181813/Documents/GitHub/Chicken-Crimpy-Repository/DejaBrew/DejaBrew.uproject" -canskiplink "C:/Users/s181813/Documents/GitHub/Chicken-Crimpy-Repository/DejaBrew/DejaBrew.uproject" ]
[2019.11.12-23.11.51:933][ 49]Warning: Starting HotReload took  0.0s.
[2019.11.12-23.11.57:476][713]CompilerResultsLog: New page: Compilation - Nov 13, 2019, 9:11:57 PM
[2019.11.12-23.11.57:476][713]CompilerResultsLog: Using 'git status' to determine working set for adaptive non-unity build.
[2019.11.12-23.11.57:476][713]CompilerResultsLog: Compiling game modules for hot reload
[2019.11.12-23.11.57:476][713]CompilerResultsLog: Building 4 actions with 8 processes...
[2019.11.12-23.11.57:476][713]CompilerResultsLog:   [1/4] SlimeEnemy.cpp
[2019.11.12-23.11.57:476][713]CompilerResultsLog:   [2/4] DejaBrewCharacter.cpp
[2019.11.12-23.11.57:476][713]CompilerResultsLog:   [3/4] UE4Editor-DejaBrew-2853.lib
[2019.11.12-23.11.57:476][713]CompilerResultsLog:      Creating library C:\Users\s181813\Documents\GitHub\Chicken-Crimpy-Repository\DejaBrew\Intermediate\Build\Win64\UE4Editor\Development\DejaBrew\UE4Editor-DejaBrew-2853.lib and object C:\Users\s181813\Documents\GitHub\Chicken-Crimpy-Repository\DejaBrew\Intermediate\Build\Win64\UE4Editor\Development\DejaBrew\UE4Editor-DejaBrew-2853.exp
[2019.11.12-23.11.57:477][713]CompilerResultsLog:   [4/4] UE4Editor-DejaBrew-2853.dll
[2019.11.12-23.11.57:477][713]CompilerResultsLog:      Creating library C:\Users\s181813\Documents\GitHub\Chicken-Crimpy-Repository\DejaBrew\Intermediate\Build\Win64\UE4Editor\Development\DejaBrew\UE4Editor-DejaBrew-2853.suppressed.lib and object C:\Users\s181813\Documents\GitHub\Chicken-Crimpy-Repository\DejaBrew\Intermediate\Build\Win64\UE4Editor\Development\DejaBrew\UE4Editor-DejaBrew-2853.suppressed.exp
[2019.11.12-23.11.57:477][713]CompilerResultsLog: Total build time: 5.31 seconds (Parallel executor: 3.78 seconds)
[2019.11.12-23.11.57:477][713]LogMainFrame: MainFrame: Module compiling took 5.555 seconds
[2019.11.12-23.11.57:556][713]LogContentBrowser: Native class hierarchy updated for 'DejaBrew' in 0.0003 seconds. Added 5 classes and 2 folders.
[2019.11.12-23.11.57:561][713]Display: HotReload successful (3 functions remapped  0 scriptstructs remapped)
[2019.11.12-23.11.57:894][713]LogContentBrowser: Native class hierarchy populated in 0.0099 seconds. Added 2578 classes and 607 folders.
[2019.11.12-23.11.57:894][713]Display: HotReload took  6.0s.
[2019.11.12-23.12.04:340][478]LogSlate: FSceneViewport::OnFocusLost() reason 0
[2019.11.12-23.12.04:450][491]LogClass: Warning: In asset 'None', there is an enum property of type 'ECanBeCharacterBase' with an invalid value of ''
[2019.11.12-23.12.04:450][491]LogClass: Warning: In asset 'None', there is an enum property of type 'ECanBeCharacterBase' with an invalid value of ''
[2019.11.12-23.12.04:451][491]LogClass: Warning: In asset 'None', there is an enum property of type 'ECanBeCharacterBase' with an invalid value of ''
[2019.11.12-23.12.54:926][529]BlueprintLog: New page: Compile SideScrollerCharacter
[2019.11.12-23.12.55:990][615]LogSavePackage: Moving '../../../../../../Users/s181813/Documents/GitHub/Chicken-Crimpy-Repository/DejaBrew/Saved/SideScrollerCharacter27F9E6CF408A8BB983363C8FB933ABD9.tmp' to '../../../../../../Users/s181813/Documents/GitHub/Chicken-Crimpy-Repository/DejaBrew/Content/SideScrollerCPP/Blueprints/SideScrollerCharacter.uasset'
[2019.11.12-23.13.03:944][562]LogSlate: FSceneViewport::OnFocusLost() reason 2
[2019.11.12-23.13.07:837][ 28]LogSlate: FSceneViewport::OnFocusLost() reason 0
[2019.11.12-23.13.12:946][639]BlueprintLog: New page: Compile SlimeEnemy_BP
[2019.11.12-23.13.13:483][669]LogSavePackage: Moving '../../../../../../Users/s181813/Documents/GitHub/Chicken-Crimpy-Repository/DejaBrew/Saved/SlimeEnemy_BP20B59B7B48BBDDBC1DD3BF83BC75C6A4.tmp' to '../../../../../../Users/s181813/Documents/GitHub/Chicken-Crimpy-Repository/DejaBrew/Content/SideScrollerCPP/Blueprints/SlimeEnemy_BP.uasset'
[2019.11.12-23.13.14:130][746]LogSlate: FSceneViewport::OnFocusLost() reason 0
[2019.11.12-23.13.14:204][755]LogTemp: Repeating last play command: Selected Viewport
[2019.11.12-23.13.14:234][755]LogBlueprintUserMessages: Early PlayInEditor Detection: Level '/Game/SideScrollerCPP/Maps/SideScrollerExampleMap.SideScrollerExampleMap:PersistentLevel' has LevelScriptBlueprint '/Game/SideScrollerCPP/Maps/SideScrollerExampleMap.SideScrollerExampleMap:PersistentLevel.SideScrollerExampleMap' with GeneratedClass '/Game/SideScrollerCPP/Maps/SideScrollerExampleMap.SideScrollerExampleMap_C' with ClassGeneratedBy '/Game/SideScrollerCPP/Maps/SideScrollerExampleMap.SideScrollerExampleMap:PersistentLevel.SideScrollerExampleMap'
[2019.11.12-23.13.14:234][755]LogPlayLevel: PlayLevel: No blueprints needed recompiling
[2019.11.12-23.13.14:234][755]PIE: New page: PIE session: SideScrollerExampleMap (Nov 13, 2019, 9:13:14 PM)
[2019.11.12-23.13.14:234][755]LogPlayLevel: Creating play world package: /Game/SideScrollerCPP/Maps/UEDPIE_0_SideScrollerExampleMap
[2019.11.12-23.13.14:246][755]LogPlayLevel: PIE: StaticDuplicateObject took: (0.011096s)
[2019.11.12-23.13.14:247][755]LogAIModule: Creating AISystem for world SideScrollerExampleMap
[2019.11.12-23.13.14:247][755]LogPlayLevel: PIE: World Init took: (0.000935s)
[2019.11.12-23.13.14:247][755]LogPlayLevel: PIE: Created PIE world by copying editor world from /Game/SideScrollerCPP/Maps/SideScrollerExampleMap.SideScrollerExampleMap to /Game/SideScrollerCPP/Maps/UEDPIE_0_SideScrollerExampleMap.SideScrollerExampleMap (0.012454s)
[2019.11.12-23.13.14:286][755]LogInit: XAudio2 using 'Realtek Digital Output (Realtek High Definition Audio)' : 2 channels at 48 kHz using 16 bits per sample (channel mask 0x3)
[2019.11.12-23.13.14:299][755]LogInit: FAudioDevice initialized.
[2019.11.12-23.13.14:309][755]LogSlate: Updating window title bar state: overlay mode, drag disabled, window buttons hidden, title bar hidden
[2019.11.12-23.13.14:353][755]LogLoad: Game class is 'DejaBrewGameMode'
[2019.11.12-23.13.14:356][755]LogWorld: Bringing World /Game/SideScrollerCPP/Maps/UEDPIE_0_SideScrollerExampleMap.SideScrollerExampleMap up for play (max tick rate 0) at 2019.11.13-10.13.14
[2019.11.12-23.13.14:357][755]LogWorld: Bringing up level for play took: 0.003052
[2019.11.12-23.13.14:400][755]PIE: Play in editor start time for /Game/SideScrollerCPP/Maps/UEDPIE_0_SideScrollerExampleMap 0.636
[2019.11.12-23.13.14:401][755]LogBlueprintUserMessages: Late PlayInEditor Detection: Level '/Game/SideScrollerCPP/Maps/SideScrollerExampleMap.SideScrollerExampleMap:PersistentLevel' has LevelScriptBlueprint '/Game/SideScrollerCPP/Maps/SideScrollerExampleMap.SideScrollerExampleMap:PersistentLevel.SideScrollerExampleMap' with GeneratedClass '/Game/SideScrollerCPP/Maps/SideScrollerExampleMap.SideScrollerExampleMap_C' with ClassGeneratedBy '/Game/SideScrollerCPP/Maps/SideScrollerExampleMap.SideScrollerExampleMap:PersistentLevel.SideScrollerExampleMap'
[2019.11.12-23.13.21:746][629]LogBlueprintUserMessages: Early EndPlayMap Detection: Level '/Game/SideScrollerCPP/Maps/SideScrollerExampleMap.SideScrollerExampleMap:PersistentLevel' has LevelScriptBlueprint '/Game/SideScrollerCPP/Maps/SideScrollerExampleMap.SideScrollerExampleMap:PersistentLevel.SideScrollerExampleMap' with GeneratedClass '/Game/SideScrollerCPP/Maps/SideScrollerExampleMap.SideScrollerExampleMap_C' with ClassGeneratedBy '/Game/SideScrollerCPP/Maps/SideScrollerExampleMap.SideScrollerExampleMap:PersistentLevel.SideScrollerExampleMap'
[2019.11.12-23.13.21:746][629]LogSlate: Updating window title bar state: overlay mode, drag disabled, window buttons hidden, title bar hidden
[2019.11.12-23.13.21:769][629]LogSlate: Window 'DejaBrew Game Preview Standalone (64-bit/PCD3D_SM5)' being destroyed
[2019.11.12-23.13.21:823][629]LogPlayLevel: Display: Shutting down PIE online subsystems
[2019.11.12-23.13.21:824][629]LogBlueprintUserMessages: Late EndPlayMap Detection: Level '/Game/SideScrollerCPP/Maps/SideScrollerExampleMap.SideScrollerExampleMap:PersistentLevel' has LevelScriptBlueprint '/Game/SideScrollerCPP/Maps/SideScrollerExampleMap.SideScrollerExampleMap:PersistentLevel.SideScrollerExampleMap' with GeneratedClass '/Game/SideScrollerCPP/Maps/SideScrollerExampleMap.SideScrollerExampleMap_C' with ClassGeneratedBy '/Game/SideScrollerCPP/Maps/SideScrollerExampleMap.SideScrollerExampleMap:PersistentLevel.SideScrollerExampleMap'
[2019.11.12-23.13.21:887][630]LogPlayLevel: Display: Destroying online subsystem :Context_9
[2019.11.12-23.13.29:851][584]LogSlate: FSceneViewport::OnFocusLost() reason 0
[2019.11.12-23.13.35:920][277]LogSavePackage: Moving '../../../../../../Users/s181813/Documents/GitHub/Chicken-Crimpy-Repository/DejaBrew/Saved/SideScrollerExampleMap57C6FB2E44F75314A43EF1B64489BDBB.tmp' to '../../../../../../Users/s181813/Documents/GitHub/Chicken-Crimpy-Repository/DejaBrew/Content/SideScrollerCPP/Maps/SideScrollerExampleMap.umap'
[2019.11.12-23.14.11:188][302]LogActorComponent: UnregisterComponent: (/Engine/Transient.EditorFloorComp) Not registered. Aborting.
[2019.11.12-23.14.11:252][302]LogSlate: Window 'DejaBrew - Unreal Editor' being destroyed
[2019.11.12-23.14.11:253][302]LogWindowsTextInputMethodSystem: Display: IME system now deactivated.
[2019.11.12-23.14.11:508][303]Cmd: QUIT_EDITOR
[2019.11.12-23.14.11:636][303]LogExit: Preparing to exit.
[2019.11.12-23.14.11:977][303]LogExit: Editor shut down
[2019.11.12-23.14.11:978][303]LogExit: Transaction tracking system shut down
[2019.11.12-23.14.12:684][303]LogExit: Object subsystem successfully closed.
[2019.11.12-23.14.12:710][303]LogShaderCompilers: Display: Shaders left to compile 0
[2019.11.12-23.14.12:714][303]LogD3D11RHI: Shutdown
[2019.11.12-23.14.12:714][303]LogD3D11RHI: CleanupD3DDevice
[2019.11.12-23.14.12:716][303]LogD3D11RHI: ~FD3D11DynamicRHI
[2019.11.12-23.14.12:745][303]LogModuleManager: Shutting down and abandoning module DejaBrew (623)
[2019.11.12-23.14.12:745][303]LogModuleManager: Shutting down and abandoning module MovieSceneCapture (621)
[2019.11.12-23.14.12:745][303]LogModuleManager: Shutting down and abandoning module Voice (619)
[2019.11.12-23.14.12:746][303]LogModuleManager: Shutting down and abandoning module BlueprintGraph (616)
[2019.11.12-23.14.12:746][303]LogModuleManager: Shutting down and abandoning module HierarchicalLODOutliner (614)
[2019.11.12-23.14.12:746][303]LogModuleManager: Shutting down and abandoning module ExternalImagePicker (612)
[2019.11.12-23.14.12:746][303]LogModuleManager: Shutting down and abandoning module SceneOutliner (610)
[2019.11.12-23.14.12:746][303]LogModuleManager: Shutting down and abandoning module AddContentDialog (608)
[2019.11.12-23.14.12:747][303]LogModuleManager: Shutting down and abandoning module WidgetCarousel (607)
[2019.11.12-23.14.12:747][303]LogModuleManager: Shutting down and abandoning module EditorWidgets (604)
[2019.11.12-23.14.12:747][303]LogModuleManager: Shutting down and abandoning module CollectionManager (602)
[2019.11.12-23.14.12:748][303]LogModuleManager: Shutting down and abandoning module StatsViewer (600)
[2019.11.12-23.14.12:748][303]LogModuleManager: Shutting down and abandoning module FoliageEdit (598)
[2019.11.12-23.14.12:748][303]LogModuleManager: Shutting down and abandoning module LandscapeEditor (596)
[2019.11.12-23.14.12:749][303]LogModuleManager: Shutting down and abandoning module MeshPaintMode (594)
[2019.11.12-23.14.12:749][303]LogModuleManager: Shutting down and abandoning module SceneDepthPickerMode (592)
[2019.11.12-23.14.12:749][303]LogModuleManager: Shutting down and abandoning module ActorPickerMode (590)
[2019.11.12-23.14.12:749][303]LogModuleManager: Shutting down and abandoning module GeometryMode (588)
[2019.11.12-23.14.12:749][303]LogModuleManager: Shutting down and abandoning module TextureAlignMode (586)
[2019.11.12-23.14.12:749][303]LogModuleManager: Shutting down and abandoning module BspMode (584)
[2019.11.12-23.14.12:749][303]LogModuleManager: Shutting down and abandoning module PIEPreviewDeviceProfileSelector (582)
[2019.11.12-23.14.12:750][303]LogModuleManager: Shutting down and abandoning module SequenceRecorderSections (580)
[2019.11.12-23.14.12:750][303]LogModuleManager: Shutting down and abandoning module AutomationWorker (578)
[2019.11.12-23.14.12:750][303]LogModuleManager: Shutting down and abandoning module AudioCaptureEditor (576)
[2019.11.12-23.14.12:750][303]LogModuleManager: Shutting down and abandoning module SequenceRecorder (575)
[2019.11.12-23.14.12:750][303]LogModuleManager: Shutting down and abandoning module MatineeToLevelSequence (572)
[2019.11.12-23.14.12:750][303]LogModuleManager: Shutting down and abandoning module LevelSequenceEditor (570)
[2019.11.12-23.14.12:750][303]LogModuleManager: Shutting down and abandoning module PlacementMode (569)
[2019.11.12-23.14.12:750][303]LogModuleManager: Shutting down and abandoning module MaterialEditor (568)
[2019.11.12-23.14.12:751][303]LogModuleManager: Shutting down and abandoning module WmfMediaFactory (564)
[2019.11.12-23.14.12:751][303]LogModuleManager: Shutting down and abandoning module WmfMediaEditor (562)
[2019.11.12-23.14.12:752][303]LogModuleManager: Shutting down and abandoning module MediaPlayerEditor (560)
[2019.11.12-23.14.12:752][303]LogModuleManager: Shutting down and abandoning module OpenExrWrapper (558)
[2019.11.12-23.14.12:752][303]LogModuleManager: Shutting down and abandoning module ImgMediaFactory (556)
[2019.11.12-23.14.12:752][303]LogModuleManager: Shutting down and abandoning module ImgMediaEditor (554)
[2019.11.12-23.14.12:752][303]LogModuleManager: Shutting down and abandoning module AvfMediaFactory (552)
[2019.11.12-23.14.12:752][303]LogModuleManager: Shutting down and abandoning module AvfMediaEditor (550)
[2019.11.12-23.14.12:752][303]LogModuleManager: Shutting down and abandoning module AndroidMediaFactory (548)
[2019.11.12-23.14.12:752][303]LogModuleManager: Shutting down and abandoning module AndroidMediaEditor (546)
[2019.11.12-23.14.12:752][303]LogModuleManager: Shutting down and abandoning module MagicLeapCameraPreviewFactory (544)
[2019.11.12-23.14.12:752][303]LogModuleManager: Shutting down and abandoning module MagicLeapMediaFactory (542)
[2019.11.12-23.14.12:752][303]LogModuleManager: Shutting down and abandoning module MagicLeapMediaEditor (540)
[2019.11.12-23.14.12:752][303]LogModuleManager: Shutting down and abandoning module CharacterAI (538)
[2019.11.12-23.14.12:752][303]LogModuleManager: Shutting down and abandoning module SmartSnapping (536)
[2019.11.12-23.14.12:752][303]LogModuleManager: Shutting down and abandoning module SessionServices (534)
[2019.11.12-23.14.12:752][303]LogModuleManager: Shutting down and abandoning module ViewportSnapping (532)
[2019.11.12-23.14.12:752][303]LogModuleManager: Shutting down and abandoning module ViewportInteraction (530)
[2019.11.12-23.14.12:753][303]LogModuleManager: Shutting down and abandoning module ClothPainter (528)
[2019.11.12-23.14.12:753][303]LogModuleManager: Shutting down and abandoning module SkeletalMeshEditor (527)
[2019.11.12-23.14.12:754][303]LogModuleManager: Shutting down and abandoning module LogVisualizer (524)
[2019.11.12-23.14.12:754][303]LogModuleManager: Shutting down and abandoning module IntroTutorials (522)
[2019.11.12-23.14.12:754][303]LogModuleManager: Shutting down and abandoning module GameProjectGeneration (521)
[2019.11.12-23.14.12:754][303]LogModuleManager: Shutting down and abandoning module LuminPlatformEditor (518)
[2019.11.12-23.14.12:754][303]LogModuleManager: Shutting down and abandoning module IOSPlatformEditor (516)
[2019.11.12-23.14.12:755][303]LogModuleManager: Shutting down and abandoning module HTML5PlatformEditor (514)
[2019.11.12-23.14.12:755][303]LogModuleManager: Shutting down and abandoning module AndroidPlatformEditor (512)
[2019.11.12-23.14.12:755][303]LogModuleManager: Shutting down and abandoning module AndroidDeviceDetection (511)
[2019.11.12-23.14.14:145][303]LogModuleManager: Shutting down and abandoning module WindowsPlatformEditor (508)
[2019.11.12-23.14.14:145][303]LogModuleManager: Shutting down and abandoning module LuminRuntimeSettings (506)
[2019.11.12-23.14.14:145][303]LogModuleManager: Shutting down and abandoning module IOSRuntimeSettings (504)
[2019.11.12-23.14.14:145][303]LogModuleManager: Shutting down and abandoning module AndroidRuntimeSettings (502)
[2019.11.12-23.14.14:145][303]LogModuleManager: Shutting down and abandoning module InputBindingEditor (500)
[2019.11.12-23.14.14:148][303]LogModuleManager: Shutting down and abandoning module MergeActors (498)
[2019.11.12-23.14.14:148][303]LogModuleManager: Shutting down and abandoning module LocalizationDashboard (496)
[2019.11.12-23.14.14:148][303]LogModuleManager: Shutting down and abandoning module LocalizationService (495)
[2019.11.12-23.14.14:149][303]LogModuleManager: Shutting down and abandoning module HardwareTargeting (492)
[2019.11.12-23.14.14:149][303]LogModuleManager: Shutting down and abandoning module DeviceProfileEditor (490)
[2019.11.12-23.14.14:149][303]LogModuleManager: Shutting down and abandoning module UndoHistory (488)
[2019.11.12-23.14.14:149][303]LogModuleManager: Shutting down and abandoning module XmlParser (486)
[2019.11.12-23.14.14:149][303]LogModuleManager: Shutting down and abandoning module Blutility (484)
[2019.11.12-23.14.14:149][303]LogModuleManager: Shutting down and abandoning module ProjectSettingsViewer (482)
[2019.11.12-23.14.14:149][303]LogModuleManager: Shutting down and abandoning module ProjectTargetPlatformEditor (481)
[2019.11.12-23.14.14:149][303]LogModuleManager: Shutting down and abandoning module EditorSettingsViewer (478)
[2019.11.12-23.14.14:149][303]LogModuleManager: Shutting down and abandoning module SettingsEditor (476)
[2019.11.12-23.14.14:149][303]LogModuleManager: Shutting down and abandoning module ProjectLauncher (474)
[2019.11.12-23.14.14:150][303]LogModuleManager: Shutting down and abandoning module SessionFrontend (472)
[2019.11.12-23.14.14:150][303]LogModuleManager: Shutting down and abandoning module ProfilerClient (470)
[2019.11.12-23.14.14:150][303]LogModuleManager: Shutting down and abandoning module DeviceManager (468)
[2019.11.12-23.14.14:150][303]LogModuleManager: Shutting down and abandoning module TargetDeviceServices (467)
[2019.11.12-23.14.14:203][303]LogModuleManager: Shutting down and abandoning module AutomationController (464)
[2019.11.12-23.14.14:203][303]LogModuleManager: Shutting down and abandoning module AutomationWindow (462)
[2019.11.12-23.14.14:206][303]LogModuleManager: Shutting down and abandoning module Layers (460)
[2019.11.12-23.14.14:209][303]LogModuleManager: Shutting down and abandoning module ComponentVisualizers (458)
[2019.11.12-23.14.14:209][303]LogModuleManager: Shutting down and abandoning module DetailCustomizations (456)
[2019.11.12-23.14.14:209][303]LogModuleManager: Shutting down and abandoning module PackagesDialog (454)
[2019.11.12-23.14.14:210][303]LogModuleManager: Shutting down and abandoning module Persona (452)
[2019.11.12-23.14.14:210][303]LogModuleManager: Shutting down and abandoning module AdvancedPreviewScene (451)
[2019.11.12-23.14.14:211][303]LogModuleManager: Shutting down and abandoning module AnimGraph (449)
[2019.11.12-23.14.14:211][303]LogModuleManager: Shutting down and abandoning module Kismet (446)
[2019.11.12-23.14.14:222][303]LogModuleManager: Shutting down and abandoning module GraphEditor (444)
[2019.11.12-23.14.14:222][303]LogModuleManager: Shutting down and abandoning module ClassViewer (442)
[2019.11.12-23.14.14:222][303]LogModuleManager: Shutting down and abandoning module Toolbox (440)
[2019.11.12-23.14.14:222][303]LogModuleManager: Shutting down and abandoning module DesktopPlatform (439)
[2019.11.12-23.14.14:222][303]LogModuleManager: Shutting down and abandoning module ModuleUI (436)
[2019.11.12-23.14.14:223][303]LogModuleManager: Shutting down and abandoning module MovieSceneTools (434)
[2019.11.12-23.14.14:223][303]LogModuleManager: Shutting down and abandoning module OutputLog (432)
[2019.11.12-23.14.14:223][303]LogModuleManager: Shutting down and abandoning module GammaUI (430)
[2019.11.12-23.14.14:223][303]LogModuleManager: Shutting down and abandoning module Documentation (428)
[2019.11.12-23.14.14:223][303]LogModuleManager: Shutting down and abandoning module MovieSceneTracks (426)
[2019.11.12-23.14.14:224][303]LogModuleManager: Shutting down and abandoning module MovieScene (424)
[2019.11.12-23.14.14:224][303]LogModuleManager: Shutting down and abandoning module StreamingPauseRendering (422)
[2019.11.12-23.14.14:224][303]LogModuleManager: Shutting down and abandoning module LauncherPlatform (420)
[2019.11.12-23.14.14:224][303]LogModuleManager: Shutting down and abandoning module AnalyticsET (418)
[2019.11.12-23.14.14:224][303]LogModuleManager: Shutting down and abandoning module PortalServices (416)
[2019.11.12-23.14.14:224][303]LogModuleManager: Shutting down and abandoning module PortalRpc (414)
[2019.11.12-23.14.14:224][303]LogModuleManager: Shutting down and abandoning module MessagingRpc (412)
[2019.11.12-23.14.14:224][303]LogModuleManager: Shutting down and abandoning module AIModule (410)
[2019.11.12-23.14.14:224][303]LogModuleManager: Shutting down and abandoning module GameplayDebugger (409)
[2019.11.12-23.14.14:224][303]LogModuleManager: Shutting down and abandoning module AITestSuite (407)
[2019.11.12-23.14.14:224][303]LogModuleManager: Shutting down and abandoning module NavigationSystem (405)
[2019.11.12-23.14.14:224][303]LogModuleManager: Shutting down and abandoning module ProfilerService (402)
[2019.11.12-23.14.14:327][303]LogModuleManager: Shutting down and abandoning module TaskGraph (400)
[2019.11.12-23.14.14:327][303]LogModuleManager: Shutting down and abandoning module SteamVRController (398)
[2019.11.12-23.14.14:327][303]LogModuleManager: Shutting down and abandoning module ProceduralMeshComponentEditor (396)
[2019.11.12-23.14.14:327][303]LogModuleManager: Shutting down and abandoning module ProceduralMeshComponent (394)
[2019.11.12-23.14.14:327][303]LogModuleManager: Shutting down and abandoning module OculusInput (392)
[2019.11.12-23.14.14:327][303]LogModuleManager: Shutting down and abandoning module MobilePatchingUtils (390)
[2019.11.12-23.14.14:328][303]LogModuleManager: Shutting down and abandoning module EditableMesh (388)
[2019.11.12-23.14.14:328][303]LogModuleManager: Shutting down and abandoning module CustomMeshComponent (386)
[2019.11.12-23.14.14:328][303]LogModuleManager: Shutting down and abandoning module CableComponent (384)
[2019.11.12-23.14.14:328][303]LogModuleManager: Shutting down and abandoning module AudioCapture (382)
[2019.11.12-23.14.14:328][303]LogModuleManager: Shutting down and abandoning module ArchVisCharacter (380)
[2019.11.12-23.14.14:328][303]LogModuleManager: Shutting down and abandoning module AndroidPermission (378)
[2019.11.12-23.14.14:328][303]LogModuleManager: Shutting down and abandoning module NUTUnrealEngine4 (376)
[2019.11.12-23.14.14:328][303]LogModuleManager: Shutting down and abandoning module NetcodeUnitTest (374)
[2019.11.12-23.14.14:331][303]LogModuleManager: Shutting down and abandoning module MediaCompositingEditor (372)
[2019.11.12-23.14.14:331][303]LogModuleManager: Shutting down and abandoning module MediaCompositing (370)
[2019.11.12-23.14.14:331][303]LogModuleManager: Shutting down and abandoning module LinearTimecode (368)
[2019.11.12-23.14.14:331][303]LogModuleManager: Shutting down and abandoning module ImgMedia (366)
[2019.11.12-23.14.14:337][303]LogModuleManager: Shutting down and abandoning module HTML5Networking (364)
[2019.11.12-23.14.14:337][303]LogModuleManager: Shutting down and abandoning module GeometryCacheTracks (362)
[2019.11.12-23.14.14:337][303]LogModuleManager: Shutting down and abandoning module GeometryCacheSequencer (360)
[2019.11.12-23.14.14:338][303]LogModuleManager: Shutting down and abandoning module BackChannel (358)
[2019.11.12-23.14.14:338][303]LogModuleManager: Shutting down and abandoning module AppleVision (356)
[2019.11.12-23.14.14:338][303]LogModuleManager: Shutting down and abandoning module AppleImageUtils (354)
[2019.11.12-23.14.14:338][303]LogModuleManager: Shutting down and abandoning module AlembicImporter (352)
[2019.11.12-23.14.14:338][303]LogModuleManager: Shutting down and abandoning module AlembicLibrary (351)
[2019.11.12-23.14.14:338][303]LogModuleManager: Shutting down and abandoning module GeometryCache (350)
[2019.11.12-23.14.14:338][303]LogModuleManager: Shutting down and abandoning module GeometryCacheEd (349)
[2019.11.12-23.14.14:338][303]LogModuleManager: Shutting down and abandoning module DatasmithContentEditor (344)
[2019.11.12-23.14.14:338][303]LogModuleManager: Shutting down and abandoning module DatasmithContent (342)
[2019.11.12-23.14.14:339][303]LogModuleManager: Shutting down and abandoning module SpeedTreeImporter (340)
[2019.11.12-23.14.14:339][303]LogModuleManager: Shutting down and abandoning module PluginBrowser (338)
[2019.11.12-23.14.14:339][303]LogModuleManager: Shutting down and abandoning module MobileLauncherProfileWizard (336)
[2019.11.12-23.14.14:339][303]LogModuleManager: Shutting down and abandoning module PolygonModeling (334)
[2019.11.12-23.14.14:339][303]LogModuleManager: Shutting down and abandoning module MeshEditor (332)
[2019.11.12-23.14.14:340][303]LogModuleManager: Shutting down and abandoning module CryptoKeysOpenSSL (330)
[2019.11.12-23.14.14:340][303]LogModuleManager: Shutting down and abandoning module CryptoKeys (328)
[2019.11.12-23.14.14:340][303]LogModuleManager: Shutting down and abandoning module VisualStudioSourceCodeAccess (326)
[2019.11.12-23.14.14:340][303]LogModuleManager: Shutting down and abandoning module VisualStudioCodeSourceCodeAccess (324)
[2019.11.12-23.14.14:340][303]LogModuleManager: Shutting down and abandoning module UObjectPlugin (322)
[2019.11.12-23.14.14:340][303]LogModuleManager: Shutting down and abandoning module SubversionSourceControl (320)
[2019.11.12-23.14.14:340][303]LogModuleManager: Shutting down and abandoning module PerforceSourceControl (318)
[2019.11.12-23.14.14:340][303]LogModuleManager: Shutting down and abandoning module GitSourceControl (316)
[2019.11.12-23.14.14:340][303]LogModuleManager: Shutting down and abandoning module SourceControl (315)
[2019.11.12-23.14.14:340][303]LogModuleManager: Shutting down and abandoning module CLionSourceCodeAccess (312)
[2019.11.12-23.14.14:340][303]LogModuleManager: Shutting down and abandoning module LightPropagationVolumeEditor (310)
[2019.11.12-23.14.14:340][303]LogModuleManager: Shutting down and abandoning module PaperTiledImporter (308)
[2019.11.12-23.14.14:340][303]LogModuleManager: Shutting down and abandoning module PaperSpriteSheetImporter (306)
[2019.11.12-23.14.14:340][303]LogModuleManager: Shutting down and abandoning module Paper2DEditor (304)
[2019.11.12-23.14.14:341][303]LogModuleManager: Shutting down and abandoning module MeshPaint (303)
[2019.11.12-23.14.14:341][303]LogModuleManager: Shutting down and abandoning module RuntimePhysXCooking (298)
[2019.11.12-23.14.14:341][303]LogModuleManager: Shutting down and abandoning module PhysXVehiclesEditor (296)
[2019.11.12-23.14.14:341][303]LogModuleManager: Shutting down and abandoning module PhysXVehicles (294)
[2019.11.12-23.14.14:341][303]LogModuleManager: Shutting down and abandoning module OculusEditor (292)
[2019.11.12-23.14.14:341][303]LogModuleManager: Shutting down and abandoning module LocationServicesBPLibrary (290)
[2019.11.12-23.14.14:341][303]LogModuleManager: Shutting down and abandoning module ImmediatePhysicsEditor (288)
[2019.11.12-23.14.14:341][303]LogModuleManager: Shutting down and abandoning module ImmediatePhysics (286)
[2019.11.12-23.14.14:341][303]LogModuleManager: Shutting down and abandoning module ActorSequence (284)
[2019.11.12-23.14.14:341][303]LogModuleManager: Shutting down and abandoning module UdpMessaging (282)
[2019.11.12-23.14.14:443][303]LogModuleManager: Shutting down and abandoning module TcpMessaging (280)
[2019.11.12-23.14.14:544][303]LogModuleManager: Shutting down and abandoning module MagicLeapAudio (278)
[2019.11.12-23.14.14:544][303]LogModuleManager: Shutting down and abandoning module GameplayTagsEditor (276)
[2019.11.12-23.14.14:544][303]LogModuleManager: Shutting down and abandoning module FacialAnimationEditor (274)
[2019.11.12-23.14.14:544][303]LogModuleManager: Shutting down and abandoning module FacialAnimation (272)
[2019.11.12-23.14.14:544][303]LogModuleManager: Shutting down and abandoning module DataValidation (270)
[2019.11.12-23.14.14:544][303]LogModuleManager: Shutting down and abandoning module AssetManagerEditor (268)
[2019.11.12-23.14.14:545][303]LogModuleManager: Shutting down and abandoning module LevelEditor (267)
[2019.11.12-23.14.14:545][303]LogModuleManager: Shutting down and abandoning module PixelInspectorModule (266)
[2019.11.12-23.14.14:546][303]LogModuleManager: Shutting down and abandoning module CommonMenuExtensions (264)
[2019.11.12-23.14.14:546][303]LogModuleManager: Shutting down and abandoning module MainFrame (262)
[2019.11.12-23.14.14:546][303]LogModuleManager: Shutting down and abandoning module HotReload (261)
[2019.11.12-23.14.14:546][303]LogModuleManager: Shutting down and abandoning module ContentBrowser (257)
[2019.11.12-23.14.14:546][303]LogModuleManager: Shutting down and abandoning module TreeMap (255)
[2019.11.12-23.14.14:546][303]LogModuleManager: Shutting down and abandoning module LightPropagationVolumeRuntime (252)
[2019.11.12-23.14.14:546][303]LogModuleManager: Shutting down and abandoning module AISupportModule (250)
[2019.11.12-23.14.14:546][303]LogModuleManager: Shutting down and abandoning module Paper2D (248)
[2019.11.12-23.14.14:546][303]LogModuleManager: Shutting down and abandoning module WindowsMoviePlayer (246)
[2019.11.12-23.14.14:547][303]LogModuleManager: Shutting down and abandoning module WmfMedia (244)
[2019.11.12-23.14.14:550][303]LogModuleManager: Shutting down and abandoning module Media (243)
[2019.11.12-23.14.14:557][303]LogModuleManager: Shutting down and abandoning module PacketHandler (240)
[2019.11.12-23.14.14:557][303]LogModuleManager: Shutting down and abandoning module ClothingSystemEditor (238)
[2019.11.12-23.14.14:557][303]LogModuleManager: Shutting down and abandoning module ClothingSystemRuntime (236)
[2019.11.12-23.14.14:557][303]LogModuleManager: Shutting down and abandoning module MediaAssets (234)
[2019.11.12-23.14.14:557][303]LogModuleManager: Shutting down and abandoning module Overlay (232)
[2019.11.12-23.14.14:557][303]LogModuleManager: Shutting down and abandoning module OverlayEditor (231)
[2019.11.12-23.14.14:557][303]LogModuleManager: Shutting down and abandoning module VREditor (228)
[2019.11.12-23.14.14:558][303]LogModuleManager: Shutting down and abandoning module StringTableEditor (226)
[2019.11.12-23.14.14:558][303]LogModuleManager: Shutting down and abandoning module GameplayTasksEditor (224)
[2019.11.12-23.14.14:558][303]LogModuleManager: Shutting down and abandoning module BehaviorTreeEditor (222)
[2019.11.12-23.14.14:558][303]LogModuleManager: Shutting down and abandoning module FunctionalTesting (220)
[2019.11.12-23.14.14:558][303]LogModuleManager: Shutting down and abandoning module CollisionAnalyzer (218)
[2019.11.12-23.14.14:558][303]LogModuleManager: Shutting down and abandoning module WorkspaceMenuStructure (217)
[2019.11.12-23.14.14:558][303]LogModuleManager: Shutting down and abandoning module UMG (214)
[2019.11.12-23.14.14:558][303]LogModuleManager: Shutting down and abandoning module UMGEditor (213)
[2019.11.12-23.14.14:559][303]LogModuleManager: Shutting down and abandoning module Sequencer (212)
[2019.11.12-23.14.14:559][303]LogModuleManager: Shutting down and abandoning module MessageLog (209)
[2019.11.12-23.14.14:559][303]LogModuleManager: Shutting down and abandoning module SlateReflector (204)
[2019.11.12-23.14.14:560][303]LogModuleManager: Shutting down and abandoning module Slate (202)
[2019.11.12-23.14.14:560][303]LogModuleManager: Shutting down and abandoning module EditorStyle (200)
[2019.11.12-23.14.14:563][303]LogModuleManager: Shutting down and abandoning module MRMesh (198)
[2019.11.12-23.14.14:563][303]LogModuleManager: Shutting down and abandoning module SourceCodeAccess (196)
[2019.11.12-23.14.14:563][303]LogModuleManager: Shutting down and abandoning module HeadMountedDisplay (194)
[2019.11.12-23.14.14:563][303]LogModuleManager: Shutting down and abandoning module XAudio2 (192)
[2019.11.12-23.14.14:563][303]LogModuleManager: Shutting down and abandoning module Networking (190)
[2019.11.12-23.14.14:563][303]LogModuleManager: Shutting down and abandoning module Core (188)
[2019.11.12-23.14.14:563][303]LogModuleManager: Shutting down and abandoning module LevelSequence (186)
[2019.11.12-23.14.14:563][303]LogModuleManager: Shutting down and abandoning module KismetCompiler (184)
[2019.11.12-23.14.14:563][303]LogModuleManager: Shutting down and abandoning module MeshUtilities (182)
[2019.11.12-23.14.14:563][303]LogModuleManager: Shutting down and abandoning module MeshMergeUtilities (181)
[2019.11.12-23.14.14:563][303]LogModuleManager: Shutting down and abandoning module MeshReductionInterface (180)
[2019.11.12-23.14.14:564][303]LogModuleManager: Shutting down and abandoning module SimplygonSwarm (179)
[2019.11.12-23.14.14:564][303]LogModuleManager: Shutting down and abandoning module ProxyLODMeshReduction (177)
[2019.11.12-23.14.14:565][303]LogModuleManager: Shutting down and abandoning module SimplygonMeshReduction (175)
[2019.11.12-23.14.14:565][303]LogModuleManager: Shutting down and abandoning module QuadricMeshReduction (173)
[2019.11.12-23.14.14:565][303]LogModuleManager: Shutting down and abandoning module MaterialBaking (169)
[2019.11.12-23.14.14:565][303]LogModuleManager: Shutting down and abandoning module DirectoryWatcher (165)
[2019.11.12-23.14.14:565][303]LogModuleManager: Shutting down and abandoning module DerivedDataCache (162)
[2019.11.12-23.14.14:657][303]LogDerivedDataCache: Shutdown
[2019.11.12-23.14.14:657][303]LogModuleManager: Shutting down and abandoning module XGEController (160)
[2019.11.12-23.14.14:657][303]LogModuleManager: Shutting down and abandoning module TargetPlatform (158)
[2019.11.12-23.14.14:657][303]LogModuleManager: Shutting down and abandoning module VulkanShaderFormat (157)
[2019.11.12-23.14.14:657][303]LogModuleManager: Shutting down and abandoning module ShaderFormatVectorVM (155)
[2019.11.12-23.14.14:657][303]LogModuleManager: Shutting down and abandoning module ShaderFormatOpenGL (153)
[2019.11.12-23.14.14:658][303]LogModuleManager: Shutting down and abandoning module ShaderFormatD3D (151)
[2019.11.12-23.14.14:658][303]LogModuleManager: Shutting down and abandoning module MetalShaderFormat (149)
[2019.11.12-23.14.14:658][303]LogModuleManager: Shutting down and abandoning module TextureFormatUncompressed (147)
[2019.11.12-23.14.14:658][303]LogModuleManager: Shutting down and abandoning module TextureFormatPVR (145)
[2019.11.12-23.14.14:658][303]LogModuleManager: Shutting down and abandoning module TextureFormatDXT (143)
[2019.11.12-23.14.14:658][303]LogModuleManager: Shutting down and abandoning module TextureFormatIntelISPCTexComp (141)
[2019.11.12-23.14.14:659][303]LogModuleManager: Shutting down and abandoning module TextureFormatASTC (139)
[2019.11.12-23.14.14:659][303]LogModuleManager: Shutting down and abandoning module ImageWrapper (138)
[2019.11.12-23.14.14:659][303]LogModuleManager: Shutting down and abandoning module TextureFormatAndroid (135)
[2019.11.12-23.14.14:659][303]LogModuleManager: Shutting down and abandoning module AudioFormatOpus (133)
[2019.11.12-23.14.14:659][303]LogModuleManager: Shutting down and abandoning module AudioFormatOgg (131)
[2019.11.12-23.14.14:659][303]LogModuleManager: Shutting down and abandoning module AudioFormatADPCM (129)
[2019.11.12-23.14.14:659][303]LogModuleManager: Shutting down and abandoning module LuminTargetPlatform (127)
[2019.11.12-23.14.14:660][303]LogModuleManager: Shutting down and abandoning module LinuxTargetPlatform (125)
[2019.11.12-23.14.14:660][303]LogModuleManager: Shutting down and abandoning module LinuxServerTargetPlatform (123)
[2019.11.12-23.14.14:660][303]LogModuleManager: Shutting down and abandoning module LinuxNoEditorTargetPlatform (121)
[2019.11.12-23.14.14:660][303]LogModuleManager: Shutting down and abandoning module LinuxClientTargetPlatform (119)
[2019.11.12-23.14.14:660][303]LogModuleManager: Shutting down and abandoning module TVOSTargetPlatform (117)
[2019.11.12-23.14.14:660][303]LogModuleManager: Shutting down and abandoning module Messaging (115)
[2019.11.12-23.14.14:660][303]LogModuleManager: Shutting down and abandoning module IOSTargetPlatform (113)
[2019.11.12-23.14.14:661][303]LogModuleManager: Shutting down and abandoning module HTML5TargetPlatform (111)
[2019.11.12-23.14.14:661][303]LogModuleManager: Shutting down and abandoning module AndroidTargetPlatform (109)
[2019.11.12-23.14.14:666][303]LogModuleManager: Shutting down and abandoning module WindowsTargetPlatform (107)
[2019.11.12-23.14.14:666][303]LogModuleManager: Shutting down and abandoning module WindowsServerTargetPlatform (105)
[2019.11.12-23.14.14:666][303]LogModuleManager: Shutting down and abandoning module WindowsNoEditorTargetPlatform (103)
[2019.11.12-23.14.14:666][303]LogModuleManager: Shutting down and abandoning module WindowsClientTargetPlatform (101)
[2019.11.12-23.14.14:666][303]LogModuleManager: Shutting down and abandoning module MacTargetPlatform (99)
[2019.11.12-23.14.14:666][303]LogModuleManager: Shutting down and abandoning module MacServerTargetPlatform (97)
[2019.11.12-23.14.14:667][303]LogModuleManager: Shutting down and abandoning module MacNoEditorTargetPlatform (95)
[2019.11.12-23.14.14:667][303]LogModuleManager: Shutting down and abandoning module MacClientTargetPlatform (93)
[2019.11.12-23.14.14:667][303]LogModuleManager: Shutting down and abandoning module AllDesktopTargetPlatform (91)
[2019.11.12-23.14.14:667][303]LogModuleManager: Shutting down and abandoning module InputCore (88)
[2019.11.12-23.14.14:667][303]LogModuleManager: Shutting down and abandoning module Settings (86)
[2019.11.12-23.14.14:667][303]LogModuleManager: Shutting down and abandoning module PhysXCooking (84)
[2019.11.12-23.14.14:667][303]LogModuleManager: Shutting down and abandoning module SteamVR (82)
[2019.11.12-23.14.14:667][303]LogModuleManager: Shutting down and abandoning module OculusHMD (80)
[2019.11.12-23.14.14:667][303]LogModuleManager: Shutting down and abandoning module ExampleDeviceProfileSelector (78)
[2019.11.12-23.14.14:667][303]LogModuleManager: Shutting down and abandoning module LauncherChunkInstaller (76)
[2019.11.12-23.14.14:667][303]LogModuleManager: Shutting down and abandoning module OnlineBlueprintSupport (74)
[2019.11.12-23.14.14:668][303]LogModuleManager: Shutting down and abandoning module OnlineSubsystem (70)
[2019.11.12-23.14.14:669][303]LogModuleManager: Shutting down and abandoning module XMPP (65)
[2019.11.12-23.14.14:669][303]LogModuleManager: Shutting down and abandoning module WebSockets (64)
[2019.11.12-23.14.14:676][303]LogModuleManager: Shutting down and abandoning module HTTP (61)
[2019.11.12-23.14.14:677][303]LogHttp: Display: Http module shutting down, but needs to wait on 1 outstanding Http requests:
[2019.11.12-23.14.14:677][303]LogHttp: Display: 	verb=[POST] url=[https://datarouter.ol.epicgames.com/datarouter/api/v1/public/data?SessionID=%7B0F3C9503-4A6C-8336-04AD-00A8193E146D%7D&AppID=UEEditor.Rocket.Release&AppVersion=4.20.3-4369336%2B%2B%2BUE4%2BRelease-4.20&UserID=b0184e5347e3e987f3c913b82ceb864a%7C%7C9bb82017-35cc-4bf1-bf0b-d62141b95026&AppEnvironment=datacollector-binary&UploadType=eteventstream] status=Processing
[2019.11.12-23.14.14:691][303]LogModuleManager: Shutting down and abandoning module SSL (60)
[2019.11.12-23.14.14:692][303]LogModuleManager: Shutting down and abandoning module MagicLeapEmulator (56)
[2019.11.12-23.14.14:692][303]LogModuleManager: Shutting down and abandoning module MagicLeapPrivileges (54)
[2019.11.12-23.14.14:692][303]LogModuleManager: Shutting down and abandoning module MagicLeapIdentity (52)
[2019.11.12-23.14.14:692][303]LogModuleManager: Shutting down and abandoning module MagicLeapHelperVulkan (50)
[2019.11.12-23.14.14:692][303]LogModuleManager: Shutting down and abandoning module MagicLeapHelperOpenGL (48)
[2019.11.12-23.14.14:692][303]LogModuleManager: Shutting down and abandoning module MagicLeapSecureStorage (46)
[2019.11.12-23.14.14:693][303]LogModuleManager: Shutting down and abandoning module MagicLeapGestures (44)
[2019.11.12-23.14.14:693][303]LogModuleManager: Shutting down and abandoning module MagicLeapEyeTracker (42)
[2019.11.12-23.14.14:693][303]LogModuleManager: Shutting down and abandoning module MagicLeapController (40)
[2019.11.12-23.14.14:693][303]LogSlate: Slate User Destroyed.  User Index 0, Is Virtual User: 0
[2019.11.12-23.14.14:693][303]LogModuleManager: Shutting down and abandoning module MagicLeap (38)
[2019.11.12-23.14.14:693][303]LogModuleManager: Shutting down and abandoning module AnimationModifiers (36)
[2019.11.12-23.14.14:693][303]LogModuleManager: Shutting down and abandoning module PropertyEditor (35)
[2019.11.12-23.14.14:693][303]LogModuleManager: Shutting down and abandoning module AudioEditor (32)
[2019.11.12-23.14.14:693][303]LogModuleManager: Shutting down and abandoning module TextureCompressor (30)
[2019.11.12-23.14.14:695][303]LogModuleManager: Shutting down and abandoning module ShaderCore (28)
[2019.11.12-23.14.14:695][303]LogModuleManager: Shutting down and abandoning module Landscape (26)
[2019.11.12-23.14.14:695][303]LogModuleManager: Shutting down and abandoning module SlateRHIRenderer (24)
[2019.11.12-23.14.14:696][303]LogModuleManager: Shutting down and abandoning module OpenGLDrv (22)
[2019.11.12-23.14.14:696][303]LogModuleManager: Shutting down and abandoning module D3D11RHI (20)
[2019.11.12-23.14.14:696][303]LogModuleManager: Shutting down and abandoning module AnimGraphRuntime (18)
[2019.11.12-23.14.14:696][303]LogModuleManager: Shutting down and abandoning module Renderer (16)
[2019.11.12-23.14.14:696][303]LogModuleManager: Shutting down and abandoning module Engine (14)
[2019.11.12-23.14.14:696][303]LogModuleManager: Shutting down and abandoning module CoreUObject (12)
[2019.11.12-23.14.14:696][303]LogModuleManager: Shutting down and abandoning module NetworkFile (10)
[2019.11.12-23.14.14:696][303]LogModuleManager: Shutting down and abandoning module CookedIterativeFile (8)
[2019.11.12-23.14.14:696][303]LogModuleManager: Shutting down and abandoning module StreamingFile (6)
[2019.11.12-23.14.14:697][303]LogModuleManager: Shutting down and abandoning module SandboxFile (4)
[2019.11.12-23.14.14:697][303]LogModuleManager: Shutting down and abandoning module PakFile (2)
[2019.11.12-23.14.14:711][303]LogExit: Exiting.
[2019.11.12-23.14.14:721][303]Log file closed, 11/13/19 10:14:14
